ITERACION 0
Solucion:    6 3 9 5 20 0 18 4 16 8 19 10 11 12 14 2 1 7 21 17 15 13 
Coste: 13967
Temperatura: 18999.0
Probabilidad de aceptación: 1.0
Movimiento: SI



ITERACION 1
Solucion:    3 13 6 9 5 20 0 18 4 16 8 19 10 11 12 14 2 1 7 21 17 15 
Coste: 12220
Temperatura: 17099.100000000002
Probabilidad de aceptación: 1.0
Movimiento: SI



ITERACION 2
Solucion:    6 3 15 13 9 5 20 0 18 4 16 8 19 10 11 12 14 2 1 7 21 17 
Coste: 13967
Temperatura: 15389.190000000002
Probabilidad de aceptación: 1.0
Movimiento: SI



ITERACION 3
Solucion:    13 6 3 17 15 9 5 20 0 18 4 16 8 19 10 11 12 14 2 1 7 21 
Coste: 15569
Temperatura: 13850.271000000002
Probabilidad de aceptación: 1.0
Movimiento: SI



ITERACION 4
Solucion:    15 13 6 3 21 17 9 5 20 0 18 4 16 8 19 10 11 12 14 2 1 7 
Coste: 14765
Temperatura: 12465.243900000003
Probabilidad de aceptación: 1.0
Movimiento: SI



ITERACION 5
Solucion:    17 15 13 6 3 7 21 9 5 20 0 18 4 16 8 19 10 11 12 14 2 1 
Coste: 17331
Temperatura: 11218.719510000003
Probabilidad de aceptación: 1.0
Movimiento: SI



ITERACION 6
Solucion:    21 17 15 13 3 6 1 7 9 5 20 0 18 4 16 8 19 10 11 12 14 2 
Coste: 13492
Temperatura: 10096.847559000003
Probabilidad de aceptación: 1.0
Movimiento: SI



ITERACION 7
Solucion:    7 21 17 15 13 3 6 2 1 9 5 20 0 18 4 16 8 19 10 11 12 14 
Coste: 16013
Temperatura: 9087.162803100004
Probabilidad de aceptación: 1.0
Movimiento: SI



ITERACION 8
Solucion:    1 7 21 17 15 13 3 6 14 2 9 5 20 0 18 4 16 8 19 10 11 12 
Coste: 14759
Temperatura: 8178.446522790004
Probabilidad de aceptación: 1.0
Movimiento: SI



ITERACION 9
Solucion:    2 1 7 21 17 15 3 13 6 12 14 9 5 20 0 18 4 16 8 19 10 11 
Coste: 14087
Temperatura: 7360.601870511004
Probabilidad de aceptación: 1.0
Movimiento: SI



ITERACION 10
Solucion:    14 2 1 7 21 17 15 3 13 6 11 12 9 5 20 0 18 4 16 8 19 10 
Coste: 12656
Temperatura: 6624.541683459904
Probabilidad de aceptación: 1.0
Movimiento: SI



ITERACION 11
Solucion:    12 14 2 1 7 21 17 15 3 6 13 10 11 9 5 20 0 18 4 16 8 19 
Coste: 13979
Temperatura: 5962.0875151139135
Probabilidad de aceptación: 1.0
Movimiento: SI



ITERACION 12
Solucion:    11 12 14 2 1 7 21 17 15 3 6 13 19 10 9 5 20 0 4 18 16 8 
Coste: 14033
Temperatura: 5365.878763602523
Probabilidad de aceptación: 1.0
Movimiento: SI



ITERACION 13
Solucion:    11 10 12 14 2 1 7 21 15 3 6 17 13 8 19 9 5 20 0 4 18 16 
Coste: 14629
Temperatura: 4829.29088724227
Probabilidad de aceptación: 1.0
Movimiento: SI



ITERACION 14
Solucion:    19 11 10 12 2 14 1 7 21 15 3 6 13 17 16 8 9 5 20 0 18 4 
Coste: 15226
Temperatura: 4346.3617985180435
Probabilidad de aceptación: 1.0
Movimiento: SI



ITERACION 15
Solucion:    8 19 11 10 12 2 1 14 7 21 15 3 6 13 17 4 16 9 5 20 0 18 
Coste: 13757
Temperatura: 3911.7256186662394
Probabilidad de aceptación: 1.0
Movimiento: SI



ITERACION 16
Solucion:    16 8 19 11 10 12 2 1 14 7 21 15 3 6 13 4 18 17 9 5 20 0 
Coste: 14097
Temperatura: 3520.5530567996157
Probabilidad de aceptación: 1.0
Movimiento: SI



ITERACION 17
Solucion:    17 16 8 19 11 10 12 2 1 14 7 21 15 3 6 13 4 0 18 9 5 20 
Coste: 13573
Temperatura: 3168.4977511196544
Probabilidad de aceptación: 1.0
Movimiento: SI



ITERACION 18
Solucion:    18 17 16 8 19 10 11 12 2 1 14 7 21 15 3 6 13 4 9 0 5 20 
Coste: 14959
Temperatura: 2851.647976007689
Probabilidad de aceptación: 0.711411067804156
Movimiento: NO



ITERACION 19
Solucion:    0 18 17 16 8 19 10 11 12 2 1 14 7 21 15 6 3 4 13 5 9 20 
Coste: 12106
Temperatura: 2566.48317840692
Probabilidad de aceptación: 0.731908162622133
Movimiento: NO



ITERACION 20
Solucion:    0 9 18 17 16 8 10 19 11 2 12 1 14 7 21 15 6 3 4 13 20 5 
Coste: 12972
Temperatura: 2309.834860566228
Probabilidad de aceptación: 1.0
Movimiento: SI



ITERACION 21
Solucion:    5 0 9 18 16 17 8 10 19 11 2 12 1 14 7 21 15 6 4 3 20 13 
Coste: 13090
Temperatura: 2078.851374509605
Probabilidad de aceptación: 1.0
Movimiento: SI



ITERACION 22
Solucion:    13 5 0 9 18 16 8 17 10 19 11 2 12 1 14 21 7 15 6 4 3 20 
Coste: 14826
Temperatura: 1870.9662370586448
Probabilidad de aceptación: 1.0
Movimiento: SI



ITERACION 23
Solucion:    5 20 13 9 18 0 8 16 17 10 19 11 2 12 1 14 21 15 7 4 6 3 
Coste: 13638
Temperatura: 1683.8696133527803
Probabilidad de aceptación: 1.0
Movimiento: SI



ITERACION 24
Solucion:    5 20 3 13 9 18 0 8 16 17 19 10 11 2 12 1 14 21 15 7 4 6 
Coste: 12752
Temperatura: 1515.4826520175022
Probabilidad de aceptación: 1.0
Movimiento: SI



ITERACION 25
Solucion:    13 5 20 4 3 9 18 0 8 16 17 19 10 11 2 1 12 21 14 7 15 6 
Coste: 12653
Temperatura: 1363.934386815752
Probabilidad de aceptación: 0.4240887520473692
Movimiento: NO



ITERACION 26
Solucion:    3 5 13 20 15 4 18 9 8 16 0 17 19 10 2 11 1 12 21 14 7 6 
Coste: 13241
Temperatura: 1227.540948134177
Probabilidad de aceptación: 0.4854966846410122
Movimiento: NO



ITERACION 27
Solucion:    3 4 5 13 20 6 15 18 9 16 8 0 17 19 10 2 1 11 12 21 14 7 
Coste: 11901
Temperatura: 1104.7868533207593
Probabilidad de aceptación: 1.0
Movimiento: SI



ITERACION 28
Solucion:    15 4 3 5 13 6 7 20 18 16 8 9 0 17 10 2 1 19 11 21 14 12 
Coste: 14125
Temperatura: 994.3081679886834
Probabilidad de aceptación: 1.0
Movimiento: SI



ITERACION 29
Solucion:    20 15 4 3 5 6 13 12 7 18 16 8 0 17 9 10 2 1 19 11 21 14 
Coste: 12725
Temperatura: 894.877351189815
Probabilidad de aceptación: 1.0
Movimiento: SI



ITERACION 30
Solucion:    20 15 7 4 3 5 6 13 14 12 18 16 8 0 17 9 10 2 1 19 11 21 
Coste: 12222
Temperatura: 805.3896160708335
Probabilidad de aceptación: 1.0
Movimiento: SI



ITERACION 31
Solucion:    12 20 15 7 4 3 5 13 6 21 14 16 18 0 8 17 9 10 2 1 19 11 
Coste: 13208
Temperatura: 724.8506544637502
Probabilidad de aceptación: 1.0
Movimiento: SI



ITERACION 32
Solucion:    14 12 20 7 15 4 3 5 13 21 2 16 18 0 8 17 9 6 10 1 19 11 
Coste: 11727
Temperatura: 652.3655890173752
Probabilidad de aceptación: 0.0894307735917363
Movimiento: NO



ITERACION 33
Solucion:    14 16 12 20 7 4 3 15 5 21 13 19 2 0 8 18 17 9 6 1 10 11 
Coste: 11711
Temperatura: 587.1290301156378
Probabilidad de aceptación: 0.7986577181848128
Movimiento: NO



ITERACION 34
Solucion:    14 16 2 20 12 4 7 3 15 21 5 13 11 19 0 8 17 18 9 1 6 10 
Coste: 11630
Temperatura: 528.416127104074
Probabilidad de aceptación: 1.0
Movimiento: SI



ITERACION 35
Solucion:    19 14 16 2 12 20 4 7 3 21 15 5 13 6 0 11 8 17 18 9 1 10 
Coste: 12672
Temperatura: 475.5745143936666
Probabilidad de aceptación: 0.6805882756943166
Movimiento: NO



ITERACION 36
Solucion:    19 0 16 2 12 20 4 14 3 7 15 21 13 5 10 6 11 17 18 8 9 1 
Coste: 12849
Temperatura: 428.01706295429994
Probabilidad de aceptación: 1.0
Movimiento: SI



ITERACION 37
Solucion:    19 6 0 16 12 20 4 2 14 3 15 7 13 5 10 1 11 21 17 18 8 9 
Coste: 12572
Temperatura: 385.21535665886995
Probabilidad de aceptación: 1.0
Movimiento: SI



ITERACION 38
Solucion:    11 19 6 0 16 20 12 4 2 14 3 15 13 5 10 7 9 1 21 17 18 8 
Coste: 11371
Temperatura: 346.693820992983
Probabilidad de aceptación: 1.0
Movimiento: SI



ITERACION 39
Solucion:    1 11 19 6 0 20 16 12 4 2 14 3 15 5 10 7 9 8 13 21 17 18 
Coste: 13562
Temperatura: 312.0244388936847
Probabilidad de aceptación: 1.0
Movimiento: SI



ITERACION 40
Solucion:    1 13 19 11 6 20 0 12 16 4 14 2 3 5 15 10 9 7 18 8 17 21 
Coste: 13295
Temperatura: 280.82199500431625
Probabilidad de aceptación: 1.0
Movimiento: SI



ITERACION 41
Solucion:    8 1 13 11 19 6 20 0 12 4 14 16 2 5 15 10 3 9 7 21 17 18 
Coste: 11837
Temperatura: 252.73979550388464
Probabilidad de aceptación: 1.0
Movimiento: SI



ITERACION 42
Solucion:    17 1 8 11 13 6 20 0 19 12 4 16 2 14 5 10 15 3 9 7 18 21 
Coste: 10852
Temperatura: 227.4658159534962
Probabilidad de aceptación: 1.0
Movimiento: SI



ITERACION 43
Solucion:    17 1 21 11 8 6 20 13 0 12 19 16 2 14 5 4 10 3 9 7 15 18 
Coste: 10654
Temperatura: 204.71923435814657
Probabilidad de aceptación: 1.0
Movimiento: SI



