ITERACION 0
Solucion:    13 9 3 10 2 18 7 20 11 6 15 8 19 12 16 1 4 5 14 17 0 21 
Coste: 13250
dlb:    0000000000000000000000



ITERACION 1
Solucion:    13 20 3 10 2 18 7 9 11 6 15 8 19 12 16 1 4 5 14 17 0 21 
Coste: 12849
dlb:    0000000000000000000000



ITERACION 2
Solucion:    13 20 21 10 2 18 3 9 7 6 15 8 11 12 16 1 4 5 19 17 0 14 
Coste: 12081
dlb:    0000000000000000000000



ITERACION 3
Solucion:    10 20 21 13 2 18 3 9 7 6 15 8 11 12 16 1 4 5 19 17 0 14 
Coste: 11973
dlb:    0000000000000000000000



ITERACION 4
Solucion:    10 20 21 13 4 18 3 9 7 2 15 8 11 12 16 1 6 5 19 17 0 14 
Coste: 11797
dlb:    0000000000000000000000



ITERACION 5
Solucion:    10 20 21 13 4 17 3 9 7 2 15 8 11 12 16 1 6 5 19 18 0 14 
Coste: 11614
dlb:    0000000000000000000000



ITERACION 6
Solucion:    10 20 21 13 4 17 3 9 7 2 15 8 11 12 16 1 6 5 19 18 0 14 
Coste: 11614
dlb:    0000001000000000000000



ITERACION 7
Solucion:    10 20 21 13 4 17 3 9 7 2 15 8 11 12 16 1 6 5 19 18 0 14 
Coste: 11614
dlb:    0000001100000000000000



ITERACION 8
Solucion:    10 20 21 13 4 17 3 9 7 2 15 8 11 12 16 1 6 5 19 18 0 14 
Coste: 11614
dlb:    0000001110000000000000



ITERACION 9
Solucion:    10 20 21 13 4 17 3 9 7 2 15 8 11 12 16 1 6 5 19 18 0 14 
Coste: 11614
dlb:    0000001111000000000000



ITERACION 10
Solucion:    10 20 21 13 4 17 3 9 7 2 18 8 11 12 16 1 6 5 19 15 0 14 
Coste: 11566
dlb:    0000001111000000000000



ITERACION 11
Solucion:    10 20 21 13 4 17 3 9 7 2 18 11 8 12 16 1 6 5 19 15 0 14 
Coste: 11533
dlb:    0000001111000000000000



ITERACION 12
Solucion:    10 20 21 13 4 17 3 9 7 2 18 11 8 12 16 1 6 5 19 15 0 14 
Coste: 11533
dlb:    0000001111001000000000



ITERACION 13
Solucion:    10 20 21 13 4 17 12 9 7 2 18 11 8 3 16 1 6 5 19 15 0 14 
Coste: 11487
dlb:    0000000111001000000000



ITERACION 14
Solucion:    10 20 21 13 4 17 12 9 7 2 18 11 8 3 16 1 6 5 19 15 0 14 
Coste: 11487
dlb:    0000000111001010000000



ITERACION 15
Solucion:    10 20 21 13 4 17 12 9 7 2 18 11 8 3 16 1 6 5 19 15 0 14 
Coste: 11487
dlb:    0000000111001011000000



ITERACION 16
Solucion:    10 20 21 13 4 17 12 9 7 2 18 11 8 3 16 1 6 5 19 15 0 14 
Coste: 11487
dlb:    0000000111001011100000



ITERACION 17
Solucion:    10 20 21 13 4 17 12 9 7 2 18 11 8 3 16 1 6 5 19 15 0 14 
Coste: 11487
dlb:    0000000111001011110000



ITERACION 18
Solucion:    10 20 21 13 4 17 12 9 7 2 18 11 8 3 16 1 6 5 19 15 0 14 
Coste: 11487
dlb:    0000000111001011111000



ITERACION 19
Solucion:    10 20 21 13 4 17 12 9 7 2 18 11 8 3 16 1 6 5 19 15 0 14 
Coste: 11487
dlb:    0000000111001011111100



ITERACION 20
Solucion:    10 20 21 13 4 17 12 9 7 2 18 11 8 3 16 1 6 5 19 15 0 14 
Coste: 11487
dlb:    0000000111001011111110



ITERACION 21
Solucion:    10 20 21 13 4 17 12 9 7 2 18 11 8 3 16 1 6 5 19 15 0 14 
Coste: 11487
dlb:    0000000111001011111111



ITERACION 22
Solucion:    10 20 21 13 4 17 12 9 7 2 18 11 8 3 16 1 6 5 19 15 0 14 
Coste: 11487
dlb:    1000000111001011111111



ITERACION 23
Solucion:    10 11 21 13 4 17 12 9 7 2 18 20 8 3 16 1 6 5 19 15 0 14 
Coste: 11440
dlb:    1000000111001011111111



ITERACION 24
Solucion:    10 11 21 13 4 17 12 9 7 2 18 20 8 3 16 1 6 5 19 15 0 14 
Coste: 11440
dlb:    1010000111001011111111



ITERACION 25
Solucion:    10 11 21 13 4 17 12 9 7 2 18 20 8 3 16 1 6 5 19 15 0 14 
Coste: 11440
dlb:    1011000111001011111111



ITERACION 26
Solucion:    10 11 21 13 4 17 12 9 7 2 18 20 8 3 16 1 6 5 19 15 0 14 
Coste: 11440
dlb:    1011100111001011111111



ITERACION 27
Solucion:    10 11 21 13 4 17 12 9 7 2 18 20 8 3 16 1 6 5 19 15 0 14 
Coste: 11440
dlb:    1011110111001011111111



ITERACION 28
Solucion:    10 11 21 13 4 17 3 9 7 2 18 20 8 12 16 1 6 5 19 15 0 14 
Coste: 11426
dlb:    1011110111001011111111



ITERACION 29
Solucion:    10 11 21 13 4 17 3 9 7 2 18 20 8 12 16 1 6 5 19 15 0 14 
Coste: 11426
dlb:    1011110111001011111111



ITERACION 30
Solucion:    10 11 21 13 4 17 3 9 7 2 18 20 8 12 16 1 6 5 19 15 0 14 
Coste: 11426
dlb:    1011110111001011111111



ITERACION 31
Solucion:    10 11 21 13 4 17 3 9 7 2 18 20 8 12 16 1 6 5 19 15 0 14 
Coste: 11426
dlb:    1011110111001011111111



ITERACION 32
Solucion:    10 11 21 13 4 17 3 9 7 2 18 20 8 12 16 1 6 5 19 15 0 14 
Coste: 11426
dlb:    1011110111101011111111



ITERACION 33
Solucion:    10 11 21 13 4 17 3 9 7 2 18 20 8 12 16 1 6 5 19 15 0 14 
Coste: 11426
dlb:    1011110111111011111111



ITERACION 34
Solucion:    10 11 21 13 4 17 3 9 7 2 18 20 8 12 16 1 6 5 19 15 0 14 
Coste: 11426
dlb:    1011110111111011111111



ITERACION 35
Solucion:    10 11 21 13 4 17 3 9 7 2 18 20 8 12 16 1 6 5 19 15 0 14 
Coste: 11426
dlb:    1011110111111111111111



ITERACION 36
Solucion:    10 11 21 13 4 17 3 9 7 2 18 20 8 12 16 1 6 5 19 15 0 14 
Coste: 11426
dlb:    1011110111111111111111



ITERACION 37
Solucion:    10 11 21 13 4 17 3 9 7 2 18 20 8 12 16 1 6 5 19 15 0 14 
Coste: 11426
dlb:    1011110111111111111111



ITERACION 38
Solucion:    10 11 21 13 4 17 3 9 7 2 18 20 8 12 16 1 6 5 19 15 0 14 
Coste: 11426
dlb:    1011110111111111111111



ITERACION 39
Solucion:    10 11 21 13 4 17 3 9 7 2 18 20 8 12 16 1 6 5 19 15 0 14 
Coste: 11426
dlb:    1011110111111111111111



ITERACION 40
Solucion:    10 11 21 13 4 17 3 9 7 2 18 20 8 12 16 1 6 5 19 15 0 14 
Coste: 11426
dlb:    1011110111111111111111



ITERACION 41
Solucion:    10 11 21 13 4 17 3 9 7 2 18 20 8 12 16 1 6 5 19 15 0 14 
Coste: 11426
dlb:    1011110111111111111111



ITERACION 42
Solucion:    10 11 21 13 4 17 3 9 7 2 18 20 8 12 16 1 6 5 19 15 0 14 
Coste: 11426
dlb:    1011110111111111111111



ITERACION 43
Solucion:    10 11 21 13 4 17 3 9 7 2 18 20 8 12 16 1 6 5 19 15 0 14 
Coste: 11426
dlb:    1011110111111111111111



ITERACION 44
Solucion:    10 11 21 13 4 17 3 9 7 2 18 20 8 12 16 1 6 5 19 15 0 14 
Coste: 11426
dlb:    1011110111111111111111



ITERACION 45
Solucion:    10 11 21 13 4 17 3 9 7 2 18 20 8 12 16 1 6 5 19 15 0 14 
Coste: 11426
dlb:    1111110111111111111111



ITERACION 46
Solucion:    10 11 21 13 4 17 3 9 7 2 18 20 8 12 16 1 6 5 19 15 0 14 
Coste: 11426
dlb:    1111110111111111111111



ITERACION 47
Solucion:    10 11 21 13 4 17 3 9 7 2 18 20 8 12 16 1 6 5 19 15 0 14 
Coste: 11426
dlb:    1111110111111111111111



ITERACION 48
Solucion:    10 11 21 13 4 17 3 9 7 2 18 20 8 12 16 1 6 5 19 15 0 14 
Coste: 11426
dlb:    1111110111111111111111



ITERACION 49
Solucion:    10 11 21 13 4 17 3 9 7 2 18 20 8 12 16 1 6 5 19 15 0 14 
Coste: 11426
dlb:    1111110111111111111111



ITERACION 50
Solucion:    10 11 21 13 4 17 3 9 7 2 18 20 8 12 16 1 6 5 19 15 0 14 
Coste: 11426
dlb:    1111111111111111111111



ITERACION 51
Solucion:    10 11 21 13 4 17 3 9 7 2 18 20 8 12 16 1 6 5 19 15 0 14 
Coste: 11426
dlb:    1111111111111111111111



ITERACION 52
Solucion:    10 11 21 13 4 17 3 9 7 2 18 20 8 12 16 1 6 5 19 15 0 14 
Coste: 11426
dlb:    1111111111111111111111



ITERACION 53
Solucion:    10 11 21 13 4 17 3 9 7 2 18 20 8 12 16 1 6 5 19 15 0 14 
Coste: 11426
dlb:    1111111111111111111111



ITERACION 54
Solucion:    10 11 21 13 4 17 3 9 7 2 18 20 8 12 16 1 6 5 19 15 0 14 
Coste: 11426
dlb:    1111111111111111111111



ITERACION 55
Solucion:    10 11 21 13 4 17 3 9 7 2 18 20 8 12 16 1 6 5 19 15 0 14 
Coste: 11426
dlb:    1111111111111111111111



ITERACION 56
Solucion:    10 11 21 13 4 17 3 9 7 2 18 20 8 12 16 1 6 5 19 15 0 14 
Coste: 11426
dlb:    1111111111111111111111



ITERACION 57
Solucion:    10 11 21 13 4 17 3 9 7 2 18 20 8 12 16 1 6 5 19 15 0 14 
Coste: 11426
dlb:    1111111111111111111111



ITERACION 58
Solucion:    10 11 21 13 4 17 3 9 7 2 18 20 8 12 16 1 6 5 19 15 0 14 
Coste: 11426
dlb:    1111111111111111111111



ITERACION 59
Solucion:    10 11 21 13 4 17 3 9 7 2 18 20 8 12 16 1 6 5 19 15 0 14 
Coste: 11426
dlb:    1111111111111111111111



ITERACION 60
Solucion:    10 11 21 13 4 17 3 9 7 2 18 20 8 12 16 1 6 5 19 15 0 14 
Coste: 11426
dlb:    1111111111111111111111



ITERACION 61
Solucion:    10 11 21 13 4 17 3 9 7 2 18 20 8 12 16 1 6 5 19 15 0 14 
Coste: 11426
dlb:    1111111111111111111111



ITERACION 62
Solucion:    10 11 21 13 4 17 3 9 7 2 18 20 8 12 16 1 6 5 19 15 0 14 
Coste: 11426
dlb:    1111111111111111111111



ITERACION 63
Solucion:    10 11 21 13 4 17 3 9 7 2 18 20 8 12 16 1 6 5 19 15 0 14 
Coste: 11426
dlb:    1111111111111111111111



ITERACION 64
Solucion:    10 11 21 13 4 17 3 9 7 2 18 20 8 12 16 1 6 5 19 15 0 14 
Coste: 11426
dlb:    1111111111111111111111



ITERACION 65
Solucion:    10 11 21 13 4 17 3 9 7 2 18 20 8 12 16 1 6 5 19 15 0 14 
Coste: 11426
dlb:    1111111111111111111111



