ITERACION 0
Solucion:    5 8 18 9 2 10 15 16 6 20 1 0 13 3 17 19 14 12 7 21 11 4 
Coste: 11296
dlb:    0000000000000000000000



ITERACION 1
Solucion:    5 6 18 9 2 10 15 16 8 20 1 0 13 3 17 19 14 12 7 21 11 4 
Coste: 10986
dlb:    0000000000000000000000



ITERACION 2
Solucion:    5 6 7 9 18 10 15 16 8 20 1 0 13 2 3 19 14 17 12 21 11 4 
Coste: 10517
dlb:    0000000000000000000000



ITERACION 3
Solucion:    5 6 7 21 18 10 15 9 8 20 1 0 13 2 3 16 14 17 19 12 11 4 
Coste: 10365
dlb:    0000000000000000000000



ITERACION 4
Solucion:    5 6 18 21 7 10 15 9 8 20 1 0 13 2 3 16 14 17 19 12 11 4 
Coste: 10290
dlb:    0000000000000000000000



ITERACION 5
Solucion:    5 6 18 21 7 10 15 9 8 20 1 0 13 2 3 16 14 17 19 12 11 4 
Coste: 10290
dlb:    0000010000000000000000



ITERACION 6
Solucion:    5 6 18 21 7 10 16 9 8 20 1 0 13 2 3 15 14 17 19 12 11 4 
Coste: 10206
dlb:    0000010000000000000000



ITERACION 7
Solucion:    5 6 18 21 7 10 16 19 8 9 20 0 13 2 3 15 14 17 1 12 11 4 
Coste: 10120
dlb:    0000010000000000000000



ITERACION 8
Solucion:    8 6 18 21 7 10 16 19 5 9 20 0 13 2 3 15 14 17 1 12 11 4 
Coste: 9963
dlb:    0000010000000000000000



ITERACION 9
Solucion:    8 6 18 21 7 10 16 19 5 9 20 0 13 2 3 15 14 17 1 12 11 4 
Coste: 9963
dlb:    0000010001000000000000



ITERACION 10
Solucion:    8 6 18 21 7 10 16 19 5 9 20 0 13 2 3 15 14 17 1 12 11 4 
Coste: 9963
dlb:    0000010001100000000000



ITERACION 11
Solucion:    8 6 18 21 7 10 16 19 5 9 20 13 0 2 3 15 14 17 1 12 11 4 
Coste: 9952
dlb:    0000010001100000000000



ITERACION 12
Solucion:    8 6 18 21 7 10 16 19 5 9 20 13 0 2 3 15 14 17 1 12 11 4 
Coste: 9952
dlb:    0000010001101000000000



ITERACION 13
Solucion:    8 6 18 21 7 10 16 19 5 9 20 13 0 2 3 15 14 17 1 12 11 4 
Coste: 9952
dlb:    0000010001101100000000



ITERACION 14
Solucion:    8 6 18 21 7 10 16 19 5 9 20 13 0 2 3 15 14 17 1 12 11 4 
Coste: 9952
dlb:    0000010001101110000000



ITERACION 15
Solucion:    8 6 18 21 7 10 16 19 5 9 20 13 0 2 3 4 14 17 1 12 11 15 
Coste: 9932
dlb:    0000010001101110000000



ITERACION 16
Solucion:    8 6 18 21 7 10 16 19 5 9 20 13 0 2 3 4 14 17 1 12 11 15 
Coste: 9932
dlb:    0000010001101110100000



ITERACION 17
Solucion:    8 6 18 21 17 10 16 19 5 9 20 13 0 2 3 4 14 7 1 12 11 15 
Coste: 9880
dlb:    0000010001101110100000



ITERACION 18
Solucion:    8 6 18 21 17 10 1 19 5 9 20 13 0 2 3 4 14 7 16 12 11 15 
Coste: 9840
dlb:    0000010001101110100000



ITERACION 19
Solucion:    8 6 18 21 17 10 1 19 5 9 20 13 0 2 3 4 14 7 16 12 11 15 
Coste: 9840
dlb:    0000010001101110100100



ITERACION 20
Solucion:    8 6 18 21 17 10 1 19 5 9 20 13 0 2 3 4 14 7 16 12 11 15 
Coste: 9840
dlb:    0000010001101110100110



ITERACION 21
Solucion:    8 6 18 21 17 10 1 19 5 9 20 13 0 2 3 4 14 7 16 12 11 15 
Coste: 9840
dlb:    0000010001101110100111



ITERACION 22
Solucion:    0 6 18 21 17 10 1 19 5 9 20 13 8 2 3 4 14 7 16 12 11 15 
Coste: 9837
dlb:    0000010001100110100111



ITERACION 23
Solucion:    0 6 18 21 17 10 1 19 5 9 20 13 8 2 3 4 14 7 16 12 11 15 
Coste: 9837
dlb:    0100010001100110100111



ITERACION 24
Solucion:    0 6 5 21 17 10 1 19 18 9 20 13 8 2 3 4 14 7 16 12 11 15 
Coste: 9816
dlb:    0100010001100110100111



ITERACION 25
Solucion:    0 6 5 21 17 10 1 19 18 9 20 13 8 2 3 4 14 7 16 12 11 15 
Coste: 9816
dlb:    0101010001100110100111



ITERACION 26
Solucion:    0 6 5 21 17 10 1 19 18 9 20 13 8 2 3 4 14 7 16 12 11 15 
Coste: 9816
dlb:    0101110001100110100111



ITERACION 27
Solucion:    0 6 5 21 17 10 1 19 18 9 20 13 8 2 3 4 14 7 16 12 11 15 
Coste: 9816
dlb:    0101110001100110100111



ITERACION 28
Solucion:    0 6 5 21 17 10 1 19 18 9 20 13 8 2 3 4 14 7 16 12 11 15 
Coste: 9816
dlb:    0101111001100110100111



ITERACION 29
Solucion:    0 6 5 21 17 10 1 12 18 9 20 13 8 2 3 4 14 7 19 16 11 15 
Coste: 9808
dlb:    0101111001100110100011



ITERACION 30
Solucion:    0 6 5 21 17 10 1 18 16 9 20 13 8 2 3 4 14 7 19 12 11 15 
Coste: 9802
dlb:    0101111001100110100011



ITERACION 31
Solucion:    0 6 5 21 17 10 1 18 16 9 20 13 8 2 3 4 14 7 19 12 11 15 
Coste: 9802
dlb:    0101111001100110100011



ITERACION 32
Solucion:    0 6 5 21 17 10 1 18 16 9 20 13 8 2 3 4 14 7 19 12 11 15 
Coste: 9802
dlb:    0101111001100110100011



ITERACION 33
Solucion:    0 6 5 21 17 10 1 18 16 9 20 13 8 2 3 4 14 7 19 12 11 15 
Coste: 9802
dlb:    0101111001110110100011



ITERACION 34
Solucion:    0 6 5 21 17 10 1 18 16 9 20 13 8 2 3 4 14 7 19 12 11 15 
Coste: 9802
dlb:    0101111001111110100011



ITERACION 35
Solucion:    0 6 5 21 17 10 1 18 16 9 20 13 8 2 3 4 14 7 19 12 11 15 
Coste: 9802
dlb:    0101111001111110100011



ITERACION 36
Solucion:    0 6 5 21 17 10 1 18 16 9 20 13 8 2 3 4 14 7 19 12 11 15 
Coste: 9802
dlb:    0101111001111110100011



ITERACION 37
Solucion:    0 6 5 21 17 10 1 18 16 9 20 13 8 2 3 4 14 7 19 12 11 15 
Coste: 9802
dlb:    0101111001111111100011



ITERACION 38
Solucion:    0 6 5 21 17 10 1 18 16 9 20 13 8 2 3 4 14 7 19 12 11 15 
Coste: 9802
dlb:    0101111001111111100011



ITERACION 39
Solucion:    0 6 5 21 17 10 1 18 7 9 20 13 8 2 3 4 14 16 19 12 11 15 
Coste: 9784
dlb:    0101111001111111100011



ITERACION 40
Solucion:    0 6 5 21 17 10 1 18 7 9 20 13 8 2 3 4 14 16 19 12 11 15 
Coste: 9784
dlb:    0101111001111111101011



ITERACION 41
Solucion:    0 6 5 21 17 10 1 18 7 9 20 13 8 2 3 4 14 16 19 12 11 15 
Coste: 9784
dlb:    0101111001111111101111



ITERACION 42
Solucion:    0 6 5 21 17 10 1 18 7 9 20 13 8 2 3 4 14 16 19 12 11 15 
Coste: 9784
dlb:    0101111001111111101111



ITERACION 43
Solucion:    0 6 5 21 17 10 1 18 7 9 20 13 8 2 3 4 14 16 19 12 11 15 
Coste: 9784
dlb:    0101111001111111101111



ITERACION 44
Solucion:    0 6 5 21 17 10 1 18 7 9 20 13 8 2 3 4 14 16 19 12 11 15 
Coste: 9784
dlb:    1101111001111111101111



ITERACION 45
Solucion:    0 6 5 21 17 10 1 18 7 9 20 13 8 2 3 4 14 16 19 12 11 15 
Coste: 9784
dlb:    1101111001111111101111



ITERACION 46
Solucion:    0 6 5 21 17 10 1 18 7 9 20 13 8 2 3 4 14 16 19 12 11 15 
Coste: 9784
dlb:    1111111001111111101111



ITERACION 47
Solucion:    0 6 5 21 17 10 1 18 7 9 20 13 8 2 3 4 14 16 19 12 11 15 
Coste: 9784
dlb:    1111111001111111101111



ITERACION 48
Solucion:    0 6 5 21 17 10 1 18 7 9 20 13 8 2 3 4 14 16 19 12 11 15 
Coste: 9784
dlb:    1111111001111111101111



ITERACION 49
Solucion:    0 6 5 21 17 10 1 18 7 9 20 13 8 2 3 4 14 16 19 12 11 15 
Coste: 9784
dlb:    1111111001111111101111



ITERACION 50
Solucion:    0 6 5 21 17 10 1 18 7 9 20 13 8 2 3 4 14 16 19 12 11 15 
Coste: 9784
dlb:    1111111001111111101111



ITERACION 51
Solucion:    0 6 5 21 17 10 1 18 7 9 20 13 8 2 3 4 14 16 19 12 11 15 
Coste: 9784
dlb:    1111111101111111101111



ITERACION 52
Solucion:    0 6 5 21 17 10 1 18 7 9 20 13 8 2 3 4 14 16 19 12 11 15 
Coste: 9784
dlb:    1111111111111111101111



ITERACION 53
Solucion:    0 6 5 21 17 10 1 18 7 9 20 13 8 2 3 4 14 16 19 12 11 15 
Coste: 9784
dlb:    1111111111111111101111



ITERACION 54
Solucion:    0 6 5 21 17 10 1 18 7 9 20 13 8 2 3 4 14 16 19 12 11 15 
Coste: 9784
dlb:    1111111111111111101111



ITERACION 55
Solucion:    0 6 5 21 17 10 1 18 7 9 20 13 8 2 3 4 14 16 19 12 11 15 
Coste: 9784
dlb:    1111111111111111101111



ITERACION 56
Solucion:    0 6 5 21 17 10 1 18 7 9 20 13 8 2 3 4 14 16 19 12 11 15 
Coste: 9784
dlb:    1111111111111111101111



ITERACION 57
Solucion:    0 6 5 21 17 10 1 18 7 9 20 13 8 2 3 4 14 16 19 12 11 15 
Coste: 9784
dlb:    1111111111111111101111



ITERACION 58
Solucion:    0 6 5 21 17 10 1 18 7 9 20 13 8 2 3 4 14 16 19 12 11 15 
Coste: 9784
dlb:    1111111111111111101111



ITERACION 59
Solucion:    0 6 5 21 17 10 1 18 7 9 20 13 8 2 3 4 14 16 19 12 11 15 
Coste: 9784
dlb:    1111111111111111101111



ITERACION 60
Solucion:    0 6 5 21 17 10 1 18 7 9 20 13 8 2 3 4 14 16 19 12 11 15 
Coste: 9784
dlb:    1111111111111111101111



ITERACION 61
Solucion:    0 6 5 21 17 10 1 18 7 9 20 13 8 2 3 4 14 16 19 12 11 15 
Coste: 9784
dlb:    1111111111111111111111



ITERACION 62
Solucion:    0 6 5 21 17 10 1 18 7 9 20 13 8 2 3 4 14 16 19 12 11 15 
Coste: 9784
dlb:    1111111111111111111111



ITERACION 63
Solucion:    0 6 5 21 17 10 1 18 7 9 20 13 8 2 3 4 14 16 19 12 11 15 
Coste: 9784
dlb:    1111111111111111111111



ITERACION 64
Solucion:    0 6 5 21 17 10 1 18 7 9 20 13 8 2 3 4 14 16 19 12 11 15 
Coste: 9784
dlb:    1111111111111111111111



ITERACION 65
Solucion:    0 6 5 21 17 10 1 18 7 9 20 13 8 2 3 4 14 16 19 12 11 15 
Coste: 9784
dlb:    1111111111111111111111



