ITERACION 0
Solucion:    1 14 17 0 2 9 8 15 18 11 19 4 20 10 3 7 12 21 6 16 13 5 
Coste: 10878
dlb:    0000000000000000000000



ITERACION 1
Solucion:    1 17 14 0 2 9 8 15 18 11 19 4 20 10 3 7 12 21 6 16 13 5 
Coste: 10442
dlb:    0000000000000000000000



ITERACION 2
Solucion:    1 17 20 0 2 9 8 15 18 11 19 4 14 10 3 7 12 21 6 16 13 5 
Coste: 10402
dlb:    0000000000000000000000



ITERACION 3
Solucion:    1 17 20 5 2 9 8 15 18 11 19 4 0 10 3 7 12 21 6 16 13 14 
Coste: 10327
dlb:    0000000000000000000000



ITERACION 4
Solucion:    1 17 20 5 0 9 8 15 18 11 19 4 2 10 3 7 12 21 6 16 13 14 
Coste: 10309
dlb:    0000000000000000000000



ITERACION 5
Solucion:    1 17 20 5 0 9 8 15 18 11 19 4 2 10 3 7 12 21 6 16 13 14 
Coste: 10309
dlb:    0000010000000000000000



ITERACION 6
Solucion:    1 17 20 5 0 9 8 15 18 11 19 4 2 10 3 7 12 21 6 16 13 14 
Coste: 10309
dlb:    0000011000000000000000



ITERACION 7
Solucion:    1 17 20 5 0 9 8 13 18 11 19 4 2 10 3 7 12 15 21 6 16 14 
Coste: 10039
dlb:    0000011000000000000000



ITERACION 8
Solucion:    1 17 20 5 0 9 8 18 13 11 19 4 2 10 3 7 12 15 21 6 16 14 
Coste: 10024
dlb:    0000011000000000000000



ITERACION 9
Solucion:    1 17 20 5 0 9 8 18 13 16 19 4 2 10 3 7 12 15 21 6 11 14 
Coste: 9958
dlb:    0000011000000000000000



ITERACION 10
Solucion:    1 17 20 5 0 9 8 18 13 19 16 4 2 10 3 7 12 15 21 6 11 14 
Coste: 9920
dlb:    0000011000000000000000



ITERACION 11
Solucion:    1 17 20 5 0 9 8 18 13 19 16 15 2 10 3 7 12 4 21 6 11 14 
Coste: 9899
dlb:    0000011000000000000000



ITERACION 12
Solucion:    1 17 20 5 0 9 8 18 13 19 16 15 2 10 3 7 12 4 21 6 11 14 
Coste: 9899
dlb:    0000011000001000000000



ITERACION 13
Solucion:    1 17 20 5 0 9 8 18 13 19 16 15 2 10 3 7 12 4 21 6 11 14 
Coste: 9899
dlb:    0000011000001100000000



ITERACION 14
Solucion:    1 17 20 5 0 9 8 18 13 19 16 15 2 10 3 7 12 4 21 6 11 14 
Coste: 9899
dlb:    0000011000001110000000



ITERACION 15
Solucion:    1 17 20 5 0 9 8 18 13 19 16 15 2 10 3 7 12 4 21 6 11 14 
Coste: 9899
dlb:    0000011000001111000000



ITERACION 16
Solucion:    1 17 20 5 0 9 8 18 13 19 16 15 2 10 3 7 12 4 21 6 11 14 
Coste: 9899
dlb:    0000011000001111100000



ITERACION 17
Solucion:    1 17 20 5 0 9 8 18 13 19 16 15 2 10 3 7 12 6 21 4 11 14 
Coste: 9896
dlb:    0000011000001111100000



ITERACION 18
Solucion:    1 17 20 5 0 9 8 18 13 19 16 15 2 10 3 7 12 6 21 4 11 14 
Coste: 9896
dlb:    0000011000001111101000



ITERACION 19
Solucion:    1 17 20 5 0 9 8 18 13 19 16 15 2 10 3 7 12 6 21 4 11 14 
Coste: 9896
dlb:    0000011000001111101100



ITERACION 20
Solucion:    1 17 20 5 0 9 8 18 13 19 16 15 2 10 3 7 12 6 21 4 11 14 
Coste: 9896
dlb:    0000011000001111101110



ITERACION 21
Solucion:    1 17 20 5 0 9 8 18 13 19 16 15 2 10 3 7 12 6 21 4 11 14 
Coste: 9896
dlb:    0000011000001111101111



ITERACION 22
Solucion:    16 17 20 5 0 9 8 18 13 19 1 15 2 10 3 7 12 6 21 4 11 14 
Coste: 9894
dlb:    0000011000001111101111



ITERACION 23
Solucion:    16 17 20 5 0 9 8 18 13 19 1 15 2 10 3 7 12 6 21 4 11 14 
Coste: 9894
dlb:    0100011000001111101111



ITERACION 24
Solucion:    16 17 20 5 0 9 8 18 13 19 1 15 2 10 3 7 12 6 21 4 11 14 
Coste: 9894
dlb:    0110011000001111101111



ITERACION 25
Solucion:    16 17 20 5 0 9 8 18 13 19 1 15 2 10 3 7 12 6 21 4 11 14 
Coste: 9894
dlb:    0111011000001111101111



ITERACION 26
Solucion:    16 17 20 5 0 9 8 18 13 19 1 15 2 10 3 7 12 6 21 4 11 14 
Coste: 9894
dlb:    0111111000001111101111



ITERACION 27
Solucion:    16 17 20 5 0 9 8 18 13 19 1 15 2 10 3 7 12 6 21 4 11 14 
Coste: 9894
dlb:    0111111000001111101111



ITERACION 28
Solucion:    16 17 20 5 0 9 8 18 13 19 1 15 2 10 3 7 12 6 21 4 11 14 
Coste: 9894
dlb:    0111111000001111101111



ITERACION 29
Solucion:    16 17 20 5 0 9 8 7 13 19 1 18 2 10 3 15 12 6 21 4 11 14 
Coste: 9838
dlb:    0111111000001110101111



ITERACION 30
Solucion:    16 17 20 5 0 9 8 7 13 19 1 18 2 10 3 15 12 6 21 4 11 14 
Coste: 9838
dlb:    0111111010001110101111



ITERACION 31
Solucion:    16 17 20 5 0 9 8 7 13 19 1 18 2 10 3 15 12 6 21 4 11 14 
Coste: 9838
dlb:    0111111011001110101111



ITERACION 32
Solucion:    16 17 20 5 0 9 8 7 13 19 1 18 2 10 3 15 12 6 21 4 11 14 
Coste: 9838
dlb:    0111111011101110101111



ITERACION 33
Solucion:    16 17 20 5 0 9 8 7 13 19 1 18 2 10 3 15 12 6 21 4 11 14 
Coste: 9838
dlb:    0111111011111110101111



ITERACION 34
Solucion:    16 17 20 5 0 9 8 7 13 19 1 18 2 10 3 15 12 6 21 4 11 14 
Coste: 9838
dlb:    0111111011111110101111



ITERACION 35
Solucion:    16 17 20 5 0 9 8 7 13 19 1 18 2 10 3 15 12 6 21 4 11 14 
Coste: 9838
dlb:    0111111011111110101111



ITERACION 36
Solucion:    16 17 20 5 0 9 8 7 13 19 1 18 2 10 3 15 12 6 21 4 11 14 
Coste: 9838
dlb:    0111111011111110101111



ITERACION 37
Solucion:    16 17 20 5 0 9 8 7 13 19 1 18 2 10 3 15 12 6 21 4 11 14 
Coste: 9838
dlb:    0111111011111111101111



ITERACION 38
Solucion:    16 17 20 5 0 9 8 7 13 19 1 18 2 10 3 15 12 6 21 4 11 14 
Coste: 9838
dlb:    0111111011111111101111



ITERACION 39
Solucion:    16 17 20 5 0 9 8 7 13 19 1 18 2 10 3 15 12 6 21 4 11 14 
Coste: 9838
dlb:    0111111011111111111111



ITERACION 40
Solucion:    16 17 20 5 0 9 8 7 13 19 1 18 2 10 3 15 12 6 21 4 11 14 
Coste: 9838
dlb:    0111111011111111111111



ITERACION 41
Solucion:    16 17 20 5 0 9 8 7 13 19 1 18 2 10 3 15 12 6 21 4 11 14 
Coste: 9838
dlb:    0111111011111111111111



ITERACION 42
Solucion:    16 17 20 5 0 9 8 7 13 19 1 18 2 10 3 15 12 6 21 4 11 14 
Coste: 9838
dlb:    0111111011111111111111



ITERACION 43
Solucion:    16 17 20 5 0 9 8 7 13 19 1 18 2 10 3 15 12 6 21 4 11 14 
Coste: 9838
dlb:    0111111011111111111111



ITERACION 44
Solucion:    16 17 20 5 0 9 8 7 13 19 1 18 2 10 3 15 12 6 21 4 11 14 
Coste: 9838
dlb:    1111111011111111111111



ITERACION 45
Solucion:    16 17 20 5 0 9 8 7 13 19 1 18 2 10 3 15 12 6 21 4 11 14 
Coste: 9838
dlb:    1111111011111111111111



ITERACION 46
Solucion:    16 17 20 5 0 9 8 7 13 19 1 18 2 10 3 15 12 6 21 4 11 14 
Coste: 9838
dlb:    1111111011111111111111



ITERACION 47
Solucion:    16 17 20 5 0 9 8 7 13 19 1 18 2 10 3 15 12 6 21 4 11 14 
Coste: 9838
dlb:    1111111011111111111111



ITERACION 48
Solucion:    16 17 20 5 0 9 8 7 13 19 1 18 2 10 3 15 12 6 21 4 11 14 
Coste: 9838
dlb:    1111111011111111111111



ITERACION 49
Solucion:    16 17 20 5 0 9 8 7 13 19 1 18 2 10 3 15 12 6 21 4 11 14 
Coste: 9838
dlb:    1111111011111111111111



ITERACION 50
Solucion:    16 17 20 5 0 9 8 7 13 19 1 18 2 10 3 15 12 6 21 4 11 14 
Coste: 9838
dlb:    1111111011111111111111



ITERACION 51
Solucion:    16 17 20 5 0 9 8 7 13 19 1 18 2 10 3 15 12 6 21 4 11 14 
Coste: 9838
dlb:    1111111111111111111111



ITERACION 52
Solucion:    16 17 20 5 0 9 8 7 13 19 1 18 2 10 3 15 12 6 21 4 11 14 
Coste: 9838
dlb:    1111111111111111111111



ITERACION 53
Solucion:    16 17 20 5 0 9 8 7 13 19 1 18 2 10 3 15 12 6 21 4 11 14 
Coste: 9838
dlb:    1111111111111111111111



ITERACION 54
Solucion:    16 17 20 5 0 9 8 7 13 19 1 18 2 10 3 15 12 6 21 4 11 14 
Coste: 9838
dlb:    1111111111111111111111



ITERACION 55
Solucion:    16 17 20 5 0 9 8 7 13 19 1 18 2 10 3 15 12 6 21 4 11 14 
Coste: 9838
dlb:    1111111111111111111111



ITERACION 56
Solucion:    16 17 20 5 0 9 8 7 13 19 1 18 2 10 3 15 12 6 21 4 11 14 
Coste: 9838
dlb:    1111111111111111111111



ITERACION 57
Solucion:    16 17 20 5 0 9 8 7 13 19 1 18 2 10 3 15 12 6 21 4 11 14 
Coste: 9838
dlb:    1111111111111111111111



ITERACION 58
Solucion:    16 17 20 5 0 9 8 7 13 19 1 18 2 10 3 15 12 6 21 4 11 14 
Coste: 9838
dlb:    1111111111111111111111



ITERACION 59
Solucion:    16 17 20 5 0 9 8 7 13 19 1 18 2 10 3 15 12 6 21 4 11 14 
Coste: 9838
dlb:    1111111111111111111111



ITERACION 60
Solucion:    16 17 20 5 0 9 8 7 13 19 1 18 2 10 3 15 12 6 21 4 11 14 
Coste: 9838
dlb:    1111111111111111111111



ITERACION 61
Solucion:    16 17 20 5 0 9 8 7 13 19 1 18 2 10 3 15 12 6 21 4 11 14 
Coste: 9838
dlb:    1111111111111111111111



ITERACION 62
Solucion:    16 17 20 5 0 9 8 7 13 19 1 18 2 10 3 15 12 6 21 4 11 14 
Coste: 9838
dlb:    1111111111111111111111



ITERACION 63
Solucion:    16 17 20 5 0 9 8 7 13 19 1 18 2 10 3 15 12 6 21 4 11 14 
Coste: 9838
dlb:    1111111111111111111111



ITERACION 64
Solucion:    16 17 20 5 0 9 8 7 13 19 1 18 2 10 3 15 12 6 21 4 11 14 
Coste: 9838
dlb:    1111111111111111111111



ITERACION 65
Solucion:    16 17 20 5 0 9 8 7 13 19 1 18 2 10 3 15 12 6 21 4 11 14 
Coste: 9838
dlb:    1111111111111111111111



