ITERACION 0
Solucion:    1 5 16 14 18 12 15 11 6 21 4 19 2 9 17 13 7 10 20 8 3 0 
Coste: 13589
dlb:    0000000000000000000000



ITERACION 1
Solucion:    1 3 16 14 18 12 15 11 6 21 4 19 2 9 5 17 7 13 10 8 20 0 
Coste: 11894
dlb:    0000000000000000000000



ITERACION 2
Solucion:    1 3 0 14 18 12 15 11 6 21 4 19 2 9 5 17 7 13 10 8 16 20 
Coste: 11617
dlb:    0000000000000000000000



ITERACION 3
Solucion:    1 3 0 7 18 12 15 11 6 21 4 19 2 14 5 9 17 13 10 8 16 20 
Coste: 11300
dlb:    0000000000000000000000



ITERACION 4
Solucion:    1 3 0 7 8 12 15 11 6 21 4 19 2 14 5 9 17 13 10 18 16 20 
Coste: 11286
dlb:    0000000000000000000000



ITERACION 5
Solucion:    1 3 0 7 8 12 15 11 6 21 4 19 2 14 5 9 17 13 10 18 16 20 
Coste: 11286
dlb:    0000010000000000000000



ITERACION 6
Solucion:    1 3 0 7 8 12 15 11 6 21 4 19 2 14 5 9 17 13 10 18 16 20 
Coste: 11286
dlb:    0000011000000000000000



ITERACION 7
Solucion:    1 3 0 7 8 12 15 20 6 21 4 11 19 14 5 9 17 13 10 18 16 2 
Coste: 11214
dlb:    0000011000000000000000



ITERACION 8
Solucion:    1 3 0 7 8 12 15 20 6 21 4 11 19 14 5 9 17 13 10 18 16 2 
Coste: 11214
dlb:    0000011010000000000000



ITERACION 9
Solucion:    1 3 0 7 8 12 15 20 6 4 21 11 19 14 5 9 17 13 10 18 16 2 
Coste: 11168
dlb:    0000011010000000000000



ITERACION 10
Solucion:    1 3 0 7 8 12 15 20 6 4 10 11 19 14 5 9 17 13 21 18 16 2 
Coste: 11026
dlb:    0000011010000000000000



ITERACION 11
Solucion:    1 3 0 7 8 12 15 20 6 4 10 19 11 14 5 9 17 13 21 18 16 2 
Coste: 11004
dlb:    0000011010000000000000



ITERACION 12
Solucion:    1 3 0 7 8 12 15 20 6 4 10 19 11 14 5 9 17 13 21 18 16 2 
Coste: 11004
dlb:    0000011010001000000000



ITERACION 13
Solucion:    1 3 0 7 8 12 15 20 6 4 10 19 11 14 5 9 17 13 21 18 16 2 
Coste: 11004
dlb:    0000011010001100000000



ITERACION 14
Solucion:    1 3 0 7 8 12 15 20 6 4 10 19 11 14 5 9 17 13 21 18 16 2 
Coste: 11004
dlb:    0000011010001110000000



ITERACION 15
Solucion:    1 3 0 7 8 12 15 20 6 4 10 19 11 14 5 9 17 13 21 18 16 2 
Coste: 11004
dlb:    0000011010001111000000



ITERACION 16
Solucion:    1 3 0 7 8 12 15 20 6 4 10 19 11 14 5 9 17 13 21 18 16 2 
Coste: 11004
dlb:    0000011010001111100000



ITERACION 17
Solucion:    1 3 0 7 8 12 15 20 6 4 10 19 11 14 5 9 17 18 21 13 16 2 
Coste: 10998
dlb:    0000011010001111100000



ITERACION 18
Solucion:    1 3 0 21 8 12 15 20 6 4 10 19 11 14 5 9 17 18 7 13 16 2 
Coste: 10978
dlb:    0000011010001111100000



ITERACION 19
Solucion:    1 3 0 21 8 12 15 20 6 4 10 19 11 14 5 9 17 18 7 13 16 2 
Coste: 10978
dlb:    0000011010001111100100



ITERACION 20
Solucion:    1 3 16 21 8 12 15 20 6 0 10 19 11 14 5 9 17 4 7 13 18 2 
Coste: 10905
dlb:    0000011010001111100100



ITERACION 21
Solucion:    1 3 16 21 8 12 15 20 6 0 10 19 11 14 5 9 17 4 7 13 18 2 
Coste: 10905
dlb:    0000011010001111100101



ITERACION 22
Solucion:    1 3 16 21 8 12 15 20 6 0 10 19 11 14 5 9 17 4 7 13 18 2 
Coste: 10905
dlb:    1000011010001111100101



ITERACION 23
Solucion:    1 12 16 21 8 3 15 20 6 0 10 19 11 14 5 9 17 4 7 13 18 2 
Coste: 10900
dlb:    1000001010001111100101



ITERACION 24
Solucion:    1 12 6 21 8 3 15 16 20 0 10 19 11 14 5 9 17 4 7 13 18 2 
Coste: 10881
dlb:    1000001000001111100101



ITERACION 25
Solucion:    1 12 6 20 21 3 15 8 16 0 10 19 11 14 5 9 17 4 7 13 18 2 
Coste: 10709
dlb:    1000001000001111100101



ITERACION 26
Solucion:    1 12 6 20 21 3 15 8 16 0 10 19 11 14 5 9 17 4 7 13 18 2 
Coste: 10709
dlb:    1000101000001111100101



ITERACION 27
Solucion:    1 12 6 20 21 3 15 8 16 0 10 19 11 14 5 9 17 4 7 13 18 2 
Coste: 10709
dlb:    1000111000001111100101



ITERACION 28
Solucion:    1 12 6 20 21 3 15 8 16 0 10 19 11 14 5 9 17 4 7 13 18 2 
Coste: 10709
dlb:    1000111000001111100101



ITERACION 29
Solucion:    1 12 6 20 21 3 15 17 8 0 10 19 11 14 5 9 16 4 7 13 18 2 
Coste: 10688
dlb:    1000111000001111000101



ITERACION 30
Solucion:    1 12 6 20 21 3 15 17 8 0 10 19 11 14 5 9 16 4 7 13 18 2 
Coste: 10688
dlb:    1000111010001111000101



ITERACION 31
Solucion:    1 12 6 20 21 3 15 17 8 0 10 19 11 14 5 9 16 4 7 13 18 2 
Coste: 10688
dlb:    1000111011001111000101



ITERACION 32
Solucion:    1 12 6 20 21 3 15 17 8 0 10 19 11 14 5 9 16 4 7 13 18 2 
Coste: 10688
dlb:    1000111011101111000101



ITERACION 33
Solucion:    1 12 6 20 21 3 15 17 8 0 10 19 11 14 5 9 16 4 7 13 18 2 
Coste: 10688
dlb:    1000111011111111000101



ITERACION 34
Solucion:    1 12 6 20 21 3 15 17 8 0 10 19 11 14 5 9 16 4 7 13 18 2 
Coste: 10688
dlb:    1000111011111111000101



ITERACION 35
Solucion:    1 12 6 20 21 3 15 17 8 0 10 19 11 14 5 9 16 4 7 13 18 2 
Coste: 10688
dlb:    1000111011111111000101



ITERACION 36
Solucion:    1 12 6 20 21 3 15 17 8 0 10 19 11 14 5 9 16 4 7 13 18 2 
Coste: 10688
dlb:    1000111011111111000101



ITERACION 37
Solucion:    1 12 6 20 21 3 15 17 8 0 10 19 11 14 5 9 16 4 7 13 18 2 
Coste: 10688
dlb:    1000111011111111000101



ITERACION 38
Solucion:    1 12 6 20 21 3 15 17 8 0 10 19 11 14 5 16 9 4 7 13 18 2 
Coste: 10682
dlb:    1000111011111110000101



ITERACION 39
Solucion:    1 12 6 20 21 3 15 17 8 0 10 19 11 14 5 16 9 4 7 13 18 2 
Coste: 10682
dlb:    1000111011111110010101



ITERACION 40
Solucion:    1 12 6 20 21 3 15 17 8 0 10 19 11 14 5 16 9 4 7 13 18 2 
Coste: 10682
dlb:    1000111011111110011101



ITERACION 41
Solucion:    1 12 6 20 21 3 15 17 8 0 10 19 11 14 5 16 9 4 7 13 18 2 
Coste: 10682
dlb:    1000111011111110011101



ITERACION 42
Solucion:    1 12 6 20 21 3 15 17 8 0 10 19 11 14 5 16 9 4 7 13 18 2 
Coste: 10682
dlb:    1000111011111110011111



ITERACION 43
Solucion:    1 12 6 20 21 3 15 17 8 0 10 19 11 14 5 16 9 4 7 13 18 2 
Coste: 10682
dlb:    1000111011111110011111



ITERACION 44
Solucion:    1 12 6 20 21 3 15 17 8 0 10 19 11 14 5 16 9 4 7 13 18 2 
Coste: 10682
dlb:    1000111011111110011111



ITERACION 45
Solucion:    1 12 6 20 21 3 15 17 8 0 10 19 11 14 5 16 9 4 7 13 18 2 
Coste: 10682
dlb:    1100111011111110011111



ITERACION 46
Solucion:    1 12 21 20 6 3 15 17 8 0 10 19 11 14 5 16 9 4 7 13 18 2 
Coste: 10669
dlb:    1100011011111110011111



ITERACION 47
Solucion:    1 12 21 20 6 3 15 17 8 0 10 19 11 14 5 16 9 4 7 13 18 2 
Coste: 10669
dlb:    1101011011111110011111



ITERACION 48
Solucion:    1 12 21 20 6 3 15 17 8 0 10 19 11 14 5 16 9 4 7 13 18 2 
Coste: 10669
dlb:    1101111011111110011111



ITERACION 49
Solucion:    1 12 21 20 6 3 15 17 8 0 10 19 11 14 5 16 9 4 7 13 18 2 
Coste: 10669
dlb:    1101111011111110011111



ITERACION 50
Solucion:    1 12 21 20 6 3 15 17 8 0 10 19 11 14 5 16 9 4 7 13 18 2 
Coste: 10669
dlb:    1101111011111110011111



ITERACION 51
Solucion:    1 12 21 20 6 3 15 13 8 0 10 19 11 14 5 16 17 4 7 9 18 2 
Coste: 10657
dlb:    1101111011111110011011



ITERACION 52
Solucion:    1 12 21 20 6 3 15 13 8 0 10 19 11 14 5 16 17 4 7 9 18 2 
Coste: 10657
dlb:    1101111011111110011011



ITERACION 53
Solucion:    1 12 21 20 6 3 15 13 8 0 10 19 11 14 5 16 17 4 7 9 18 2 
Coste: 10657
dlb:    1101111011111110011011



ITERACION 54
Solucion:    1 12 21 20 6 3 15 13 8 0 10 19 11 14 5 16 17 4 7 9 18 2 
Coste: 10657
dlb:    1101111011111110011011



ITERACION 55
Solucion:    1 12 21 20 6 3 15 13 8 0 10 19 11 14 5 16 17 4 7 9 18 2 
Coste: 10657
dlb:    1101111011111110011011



ITERACION 56
Solucion:    1 12 21 20 6 3 15 13 8 0 10 19 11 14 5 16 17 4 7 9 18 2 
Coste: 10657
dlb:    1101111011111110011011



ITERACION 57
Solucion:    1 12 21 20 6 3 15 13 8 0 10 19 11 14 5 16 17 4 7 9 18 2 
Coste: 10657
dlb:    1101111011111110011011



ITERACION 58
Solucion:    1 12 21 20 6 3 15 13 8 0 10 19 11 14 5 16 17 4 7 9 18 2 
Coste: 10657
dlb:    1101111011111110011011



ITERACION 59
Solucion:    1 12 21 20 6 3 15 13 8 0 10 19 11 14 5 16 17 4 7 9 18 2 
Coste: 10657
dlb:    1101111011111111011011



ITERACION 60
Solucion:    1 12 21 20 6 3 15 13 8 0 10 19 11 14 5 16 17 4 7 9 18 2 
Coste: 10657
dlb:    1101111011111111111011



ITERACION 61
Solucion:    1 12 21 20 6 3 15 13 8 0 10 19 11 14 5 16 17 4 7 9 18 2 
Coste: 10657
dlb:    1101111011111111111011



ITERACION 62
Solucion:    1 12 21 20 6 3 15 13 8 0 10 19 11 14 5 16 17 4 7 9 18 2 
Coste: 10657
dlb:    1101111011111111111011



ITERACION 63
Solucion:    1 12 21 20 6 3 15 13 8 0 10 19 11 14 5 16 17 4 7 9 18 2 
Coste: 10657
dlb:    1101111011111111111111



ITERACION 64
Solucion:    1 12 21 20 6 3 15 13 8 0 10 19 11 14 5 16 17 4 7 9 18 2 
Coste: 10657
dlb:    1101111011111111111111



ITERACION 65
Solucion:    1 12 21 20 6 3 15 13 8 0 10 19 11 14 5 16 17 4 7 9 18 2 
Coste: 10657
dlb:    1101111011111111111111



ITERACION 66
Solucion:    1 12 21 20 6 3 15 13 8 0 10 19 11 14 5 16 17 4 7 9 18 2 
Coste: 10657
dlb:    1101111011111111111111



ITERACION 67
Solucion:    1 12 21 20 6 3 15 13 8 0 10 19 11 14 5 16 17 4 7 9 18 2 
Coste: 10657
dlb:    1101111011111111111111



ITERACION 68
Solucion:    1 12 21 20 6 3 15 13 8 0 10 19 11 14 5 16 17 4 7 9 18 2 
Coste: 10657
dlb:    1111111011111111111111



ITERACION 69
Solucion:    1 12 21 20 6 3 15 13 8 0 10 19 11 14 5 16 17 4 7 9 18 2 
Coste: 10657
dlb:    1111111011111111111111



ITERACION 70
Solucion:    1 12 21 20 6 3 15 13 8 0 10 19 11 14 5 16 17 4 7 9 18 2 
Coste: 10657
dlb:    1111111011111111111111



ITERACION 71
Solucion:    1 12 21 20 6 3 15 13 8 0 10 19 11 14 5 16 17 4 7 9 18 2 
Coste: 10657
dlb:    1111111011111111111111



ITERACION 72
Solucion:    1 12 21 20 6 3 15 13 8 0 10 19 11 14 5 16 17 4 7 9 18 2 
Coste: 10657
dlb:    1111111011111111111111



ITERACION 73
Solucion:    1 12 21 20 6 3 15 13 8 0 10 19 11 14 5 16 17 4 7 9 18 2 
Coste: 10657
dlb:    1111111111111111111111



ITERACION 74
Solucion:    1 12 21 20 6 3 15 13 8 0 10 19 11 14 5 16 17 4 7 9 18 2 
Coste: 10657
dlb:    1111111111111111111111



ITERACION 75
Solucion:    1 12 21 20 6 3 15 13 8 0 10 19 11 14 5 16 17 4 7 9 18 2 
Coste: 10657
dlb:    1111111111111111111111



ITERACION 76
Solucion:    1 12 21 20 6 3 15 13 8 0 10 19 11 14 5 16 17 4 7 9 18 2 
Coste: 10657
dlb:    1111111111111111111111



ITERACION 77
Solucion:    1 12 21 20 6 3 15 13 8 0 10 19 11 14 5 16 17 4 7 9 18 2 
Coste: 10657
dlb:    1111111111111111111111



ITERACION 78
Solucion:    1 12 21 20 6 3 15 13 8 0 10 19 11 14 5 16 17 4 7 9 18 2 
Coste: 10657
dlb:    1111111111111111111111



ITERACION 79
Solucion:    1 12 21 20 6 3 15 13 8 0 10 19 11 14 5 16 17 4 7 9 18 2 
Coste: 10657
dlb:    1111111111111111111111



ITERACION 80
Solucion:    1 12 21 20 6 3 15 13 8 0 10 19 11 14 5 16 17 4 7 9 18 2 
Coste: 10657
dlb:    1111111111111111111111



ITERACION 81
Solucion:    1 12 21 20 6 3 15 13 8 0 10 19 11 14 5 16 17 4 7 9 18 2 
Coste: 10657
dlb:    1111111111111111111111



ITERACION 82
Solucion:    1 12 21 20 6 3 15 13 8 0 10 19 11 14 5 16 17 4 7 9 18 2 
Coste: 10657
dlb:    1111111111111111111111



ITERACION 83
Solucion:    1 12 21 20 6 3 15 13 8 0 10 19 11 14 5 16 17 4 7 9 18 2 
Coste: 10657
dlb:    1111111111111111111111



ITERACION 84
Solucion:    1 12 21 20 6 3 15 13 8 0 10 19 11 14 5 16 17 4 7 9 18 2 
Coste: 10657
dlb:    1111111111111111111111



ITERACION 85
Solucion:    1 12 21 20 6 3 15 13 8 0 10 19 11 14 5 16 17 4 7 9 18 2 
Coste: 10657
dlb:    1111111111111111111111



ITERACION 86
Solucion:    1 12 21 20 6 3 15 13 8 0 10 19 11 14 5 16 17 4 7 9 18 2 
Coste: 10657
dlb:    1111111111111111111111



ITERACION 87
Solucion:    1 12 21 20 6 3 15 13 8 0 10 19 11 14 5 16 17 4 7 9 18 2 
Coste: 10657
dlb:    1111111111111111111111



