ITERACION 0
Solucion:    17 3 5 20 18 0 9 4 8 16 10 11 19 14 2 1 7 21 12 15 13 6 
Coste: 11797
dlb:    0000000000000000000000



ITERACION 1
Solucion:    17 5 3 20 18 0 9 4 8 16 10 11 19 14 2 1 7 21 12 15 13 6 
Coste: 11531
dlb:    0000000000000000000000



ITERACION 2
Solucion:    17 5 8 20 3 0 9 4 18 16 10 11 19 14 2 1 7 21 12 15 13 6 
Coste: 11429
dlb:    0000000000000000000000



ITERACION 3
Solucion:    20 5 8 14 3 0 9 4 18 16 10 11 17 19 2 1 7 21 12 15 13 6 
Coste: 11072
dlb:    0000000000000000000000



ITERACION 4
Solucion:    20 5 8 3 13 0 9 4 18 16 10 11 17 19 2 1 14 21 12 15 7 6 
Coste: 10902
dlb:    0000000000000000000000



ITERACION 5
Solucion:    20 5 8 3 13 0 9 4 18 16 10 11 17 19 2 1 14 21 12 15 7 6 
Coste: 10902
dlb:    0000010000000000000000



ITERACION 6
Solucion:    20 5 8 9 13 0 3 4 18 16 10 11 17 19 2 1 14 21 12 15 7 6 
Coste: 10568
dlb:    0000010000000000000000



ITERACION 7
Solucion:    4 5 8 9 13 0 3 7 18 16 10 11 17 19 20 1 2 21 12 15 14 6 
Coste: 10194
dlb:    0000010000000000000000



ITERACION 8
Solucion:    4 5 18 9 13 0 3 7 8 16 10 11 17 19 20 1 2 21 12 15 14 6 
Coste: 10158
dlb:    0000010000000000000000



ITERACION 9
Solucion:    4 5 18 9 13 0 3 7 8 16 10 11 17 19 20 1 2 21 12 15 14 6 
Coste: 10158
dlb:    0000010001000000000000



ITERACION 10
Solucion:    4 5 18 9 10 0 3 7 8 16 14 11 17 19 20 1 2 21 12 15 13 6 
Coste: 10105
dlb:    0000010001000000000000



ITERACION 11
Solucion:    4 5 18 9 10 0 3 7 8 16 14 11 17 19 20 1 2 21 12 15 13 6 
Coste: 10105
dlb:    0000010001010000000000



ITERACION 12
Solucion:    4 5 18 9 10 0 3 7 8 16 14 11 17 19 20 1 2 21 12 15 13 6 
Coste: 10105
dlb:    0000010001011000000000



ITERACION 13
Solucion:    4 5 18 9 10 0 3 7 8 16 14 11 17 12 20 1 2 21 19 15 13 6 
Coste: 10055
dlb:    0000010001011000000000



ITERACION 14
Solucion:    4 5 18 9 10 0 3 7 8 16 14 11 17 12 20 1 2 21 19 15 13 6 
Coste: 10055
dlb:    0000010001011010000000



ITERACION 15
Solucion:    4 5 18 9 10 0 3 7 8 16 14 11 17 12 20 6 2 21 19 15 13 1 
Coste: 10045
dlb:    0000010001011010000000



ITERACION 16
Solucion:    4 5 18 9 10 0 3 7 8 16 14 11 17 12 20 6 2 21 19 15 13 1 
Coste: 10045
dlb:    0000010001011010100000



ITERACION 17
Solucion:    4 5 18 9 10 0 3 21 8 16 7 11 17 12 20 6 2 14 19 15 13 1 
Coste: 10017
dlb:    0000010001011010100000



ITERACION 18
Solucion:    4 5 18 9 10 0 3 21 8 16 7 11 17 12 20 6 2 14 19 15 13 1 
Coste: 10017
dlb:    0000010001011010101000



ITERACION 19
Solucion:    4 5 18 15 10 0 3 9 8 16 21 11 17 12 20 6 2 14 19 13 7 1 
Coste: 9927
dlb:    0000010001011010101000



ITERACION 20
Solucion:    4 5 18 15 10 0 3 9 8 16 21 11 17 12 20 6 2 14 19 13 7 1 
Coste: 9927
dlb:    0000010001011010101010



ITERACION 21
Solucion:    4 5 18 15 10 0 3 9 8 16 21 11 17 12 20 6 2 14 19 13 7 1 
Coste: 9927
dlb:    0000010001011010101011



ITERACION 22
Solucion:    4 5 18 15 10 0 3 9 8 16 21 11 17 12 20 6 2 14 19 13 7 1 
Coste: 9927
dlb:    1000010001011010101011



ITERACION 23
Solucion:    4 5 18 15 10 0 3 9 8 16 21 11 17 12 20 6 2 14 19 13 7 1 
Coste: 9927
dlb:    1100010001011010101011



ITERACION 24
Solucion:    4 5 18 15 10 0 3 9 8 16 21 11 17 12 20 6 2 14 19 13 7 1 
Coste: 9927
dlb:    1110010001011010101011



ITERACION 25
Solucion:    4 5 18 13 10 0 3 9 8 16 21 11 17 12 20 6 2 14 19 15 7 1 
Coste: 9916
dlb:    1110010001011010101011



ITERACION 26
Solucion:    4 5 18 13 10 0 3 9 8 16 21 11 17 12 20 6 2 14 19 15 7 1 
Coste: 9916
dlb:    1110110001011010101011



ITERACION 27
Solucion:    4 5 18 13 10 0 3 9 8 16 21 11 17 12 20 6 2 14 19 15 7 1 
Coste: 9916
dlb:    1110110001011010101011



ITERACION 28
Solucion:    4 5 18 13 10 0 12 9 8 16 21 11 17 3 20 6 2 14 19 15 7 1 
Coste: 9870
dlb:    1110110001011010101011



ITERACION 29
Solucion:    4 5 18 13 10 0 12 19 8 16 21 9 17 3 20 6 2 14 11 15 7 1 
Coste: 9808
dlb:    1110110001001010100011



ITERACION 30
Solucion:    4 5 18 13 10 0 12 19 8 16 21 9 17 3 20 6 2 14 11 15 7 1 
Coste: 9808
dlb:    1110110011001010100011



ITERACION 31
Solucion:    4 5 18 13 10 0 12 19 8 16 21 9 17 3 20 6 2 14 11 15 7 1 
Coste: 9808
dlb:    1110110011001010100011



ITERACION 32
Solucion:    4 5 18 13 10 0 12 19 8 16 21 9 17 3 20 6 2 14 11 15 7 1 
Coste: 9808
dlb:    1110110011101010100011



ITERACION 33
Solucion:    4 5 18 13 10 0 12 19 8 16 21 17 9 3 20 6 2 14 11 15 7 1 
Coste: 9786
dlb:    1110110011100010100011



ITERACION 34
Solucion:    4 5 18 13 10 0 12 19 8 16 21 17 9 3 20 6 2 14 11 15 7 1 
Coste: 9786
dlb:    1110110011101010100011



ITERACION 35
Solucion:    4 5 18 13 10 0 12 19 8 16 21 17 9 3 20 6 2 14 11 15 7 1 
Coste: 9786
dlb:    1110110011101110100011



ITERACION 36
Solucion:    4 5 18 13 10 0 12 19 8 16 21 17 9 3 20 6 2 14 11 15 7 1 
Coste: 9786
dlb:    1110110011101110100011



ITERACION 37
Solucion:    4 5 18 13 10 0 12 19 8 16 21 17 9 3 20 6 2 14 11 15 7 1 
Coste: 9786
dlb:    1110110011101111100011



ITERACION 38
Solucion:    4 5 18 13 10 0 12 19 8 16 21 17 9 3 20 6 2 14 11 15 7 1 
Coste: 9786
dlb:    1110110011101111100011



ITERACION 39
Solucion:    4 5 18 13 10 0 12 19 8 16 21 17 9 3 20 6 2 14 11 15 7 1 
Coste: 9786
dlb:    1110110011101111110011



ITERACION 40
Solucion:    4 5 18 13 10 0 12 19 8 16 21 17 9 3 20 6 2 14 11 15 7 1 
Coste: 9786
dlb:    1110110011101111111011



ITERACION 41
Solucion:    4 5 18 15 10 0 12 19 8 16 21 17 9 3 20 6 2 14 11 13 7 1 
Coste: 9782
dlb:    1110110011101111111011



ITERACION 42
Solucion:    4 5 18 15 10 0 12 19 8 16 21 17 9 3 20 6 2 14 11 13 7 1 
Coste: 9782
dlb:    1110110011101111111011



ITERACION 43
Solucion:    4 5 18 15 10 0 12 19 8 16 21 17 9 3 20 6 2 14 11 13 7 1 
Coste: 9782
dlb:    1110110011101111111011



ITERACION 44
Solucion:    4 5 18 15 10 0 12 19 8 16 21 17 9 3 20 6 2 14 11 13 7 1 
Coste: 9782
dlb:    1110110011101111111011



ITERACION 45
Solucion:    4 5 18 15 10 0 12 19 8 16 21 17 9 3 20 6 2 14 11 13 7 1 
Coste: 9782
dlb:    1110110011101111111011



ITERACION 46
Solucion:    4 5 18 15 10 0 12 19 8 16 21 17 9 3 20 6 2 14 11 13 7 1 
Coste: 9782
dlb:    1110110011101111111011



ITERACION 47
Solucion:    4 5 18 15 10 0 12 19 8 16 21 17 9 3 20 6 2 14 11 13 7 1 
Coste: 9782
dlb:    1111110011101111111011



ITERACION 48
Solucion:    4 5 18 15 10 0 12 19 8 16 21 17 9 3 20 6 2 14 11 13 7 1 
Coste: 9782
dlb:    1111110011101111111011



ITERACION 49
Solucion:    4 5 18 15 10 0 12 19 8 16 21 17 9 3 20 6 2 14 11 13 7 1 
Coste: 9782
dlb:    1111110011101111111011



ITERACION 50
Solucion:    4 5 18 15 10 0 12 19 8 16 21 17 9 3 20 6 2 14 11 13 7 1 
Coste: 9782
dlb:    1111111011101111111011



ITERACION 51
Solucion:    4 5 18 15 10 0 12 19 8 16 21 17 9 3 20 6 2 14 11 13 7 1 
Coste: 9782
dlb:    1111111111101111111011



ITERACION 52
Solucion:    4 5 18 15 10 0 12 19 8 16 21 17 9 3 20 6 2 14 11 13 7 1 
Coste: 9782
dlb:    1111111111101111111011



ITERACION 53
Solucion:    4 5 18 15 10 0 12 19 8 16 21 17 9 3 20 6 2 14 11 13 7 1 
Coste: 9782
dlb:    1111111111101111111011



ITERACION 54
Solucion:    4 5 18 15 10 0 12 19 8 16 21 17 9 3 20 6 2 14 11 13 7 1 
Coste: 9782
dlb:    1111111111101111111011



ITERACION 55
Solucion:    4 5 18 15 10 0 12 19 8 16 21 17 9 3 20 6 2 14 11 13 7 1 
Coste: 9782
dlb:    1111111111111111111011



ITERACION 56
Solucion:    4 5 18 15 10 0 12 19 8 16 21 17 9 3 20 6 2 14 11 13 7 1 
Coste: 9782
dlb:    1111111111111111111011



ITERACION 57
Solucion:    4 5 18 15 10 0 12 19 8 16 21 17 9 3 20 6 2 14 11 13 7 1 
Coste: 9782
dlb:    1111111111111111111011



ITERACION 58
Solucion:    4 5 18 15 10 0 12 19 8 16 21 17 9 3 20 6 2 14 11 13 7 1 
Coste: 9782
dlb:    1111111111111111111011



ITERACION 59
Solucion:    4 5 18 15 10 0 12 19 8 16 21 17 9 3 20 6 2 14 11 13 7 1 
Coste: 9782
dlb:    1111111111111111111011



ITERACION 60
Solucion:    4 5 18 15 10 0 12 19 8 16 21 17 9 3 20 6 2 14 11 13 7 1 
Coste: 9782
dlb:    1111111111111111111011



ITERACION 61
Solucion:    4 5 18 15 10 0 12 19 8 16 21 17 9 3 20 6 2 14 11 13 7 1 
Coste: 9782
dlb:    1111111111111111111011



ITERACION 62
Solucion:    4 5 18 15 10 0 12 19 8 16 21 17 9 3 20 6 2 14 11 13 7 1 
Coste: 9782
dlb:    1111111111111111111011



ITERACION 63
Solucion:    4 5 18 15 10 0 12 19 8 16 21 17 9 3 20 6 2 14 11 13 7 1 
Coste: 9782
dlb:    1111111111111111111111



ITERACION 64
Solucion:    4 5 18 15 10 0 12 19 8 16 21 17 9 3 20 6 2 14 11 13 7 1 
Coste: 9782
dlb:    1111111111111111111111



ITERACION 65
Solucion:    4 5 18 15 10 0 12 19 8 16 21 17 9 3 20 6 2 14 11 13 7 1 
Coste: 9782
dlb:    1111111111111111111111



