ITERACION 0
Solucion:    60 81 57 97 72 56 6 78 42 52 26 82 63 40 53 90 12 13 22 88 54 8 79 65 36 98 71 38 28 27 37 21 67 34 47 24 51 0 9 93 3 76 2 32 5 10 7 99 77 29 95 49 80 44 91 43 59 45 33 64 31 87 94 61 14 1 86 19 50 84 89 85 73 46 74 17 62 39 23 66 11 30 96 48 70 75 35 68 4 20 92 41 15 18 55 16 25 58 69 83 
Coste: 23948094
Temperatura: 3.5781375E7
Probabilidad de aceptación: 1.0
Movimiento: SI



ITERACION 1
Solucion:    81 83 60 57 97 72 56 6 78 42 52 26 82 63 40 53 90 12 13 22 88 54 8 79 65 36 98 71 38 28 27 37 21 67 34 47 24 51 0 9 93 3 76 2 32 5 10 7 99 77 29 95 49 80 44 91 43 59 45 33 64 31 87 94 61 14 1 86 19 50 84 89 85 73 46 74 17 62 39 23 66 11 30 96 48 70 75 35 68 4 20 92 41 15 18 55 16 25 58 69 
Coste: 23925304
Temperatura: 3.22032375E7
Probabilidad de aceptación: 1.0
Movimiento: SI



ITERACION 2
Solucion:    60 81 69 83 57 97 72 56 6 78 42 52 26 82 63 40 53 90 12 13 22 88 54 8 79 65 36 98 71 38 28 27 37 21 67 34 47 24 51 0 9 93 3 76 2 32 5 10 7 99 77 29 95 49 80 44 91 43 59 45 33 64 31 87 94 61 14 1 86 19 50 84 89 85 73 46 74 17 62 39 23 66 11 30 96 48 70 75 35 68 4 20 92 41 15 18 55 16 25 58 
Coste: 24026892
Temperatura: 2.898291375E7
Probabilidad de aceptación: 1.0
Movimiento: SI



ITERACION 3
Solucion:    83 60 81 58 69 57 97 72 56 6 78 42 52 26 82 63 40 53 90 12 13 22 88 54 8 79 65 36 98 71 38 28 27 37 21 67 34 47 24 51 0 9 93 3 76 2 32 5 10 7 99 77 29 95 49 80 44 91 43 59 45 33 64 31 87 94 61 14 1 86 19 50 84 89 85 73 46 74 17 62 39 23 66 11 30 96 48 70 75 35 68 4 20 92 41 15 18 55 16 25 
Coste: 23949034
Temperatura: 2.6084622375E7
Probabilidad de aceptación: 1.0
Movimiento: SI



ITERACION 4
Solucion:    69 83 60 81 25 58 57 97 72 56 6 78 42 52 26 82 63 40 53 90 12 13 22 88 54 8 79 65 36 98 71 38 28 27 37 21 67 34 47 24 51 0 9 93 3 76 2 32 5 10 7 99 77 29 95 49 80 44 91 43 59 45 33 64 31 87 94 61 14 1 86 19 50 84 89 85 73 46 74 17 62 39 23 66 11 30 96 48 70 75 35 68 4 20 92 41 15 18 55 16 
Coste: 24035836
Temperatura: 2.34761601375E7
Probabilidad de aceptación: 1.0
Movimiento: SI



ITERACION 5
Solucion:    58 69 83 60 81 16 25 57 97 72 56 6 78 42 52 26 82 63 40 53 90 12 13 22 88 54 8 79 65 36 98 71 38 28 27 37 21 67 34 47 24 51 0 9 93 3 76 2 32 5 10 7 99 77 29 95 49 80 44 91 43 59 45 33 64 31 87 94 61 14 1 86 19 50 84 89 85 73 46 74 17 62 39 23 66 11 30 96 48 70 75 35 68 4 20 92 41 15 18 55 
Coste: 23929017
Temperatura: 2.112854412375E7
Probabilidad de aceptación: 1.0
Movimiento: SI



ITERACION 6
Solucion:    25 58 69 83 60 81 55 16 57 97 72 56 6 78 42 52 26 82 63 40 53 90 12 13 22 88 54 8 79 65 36 98 71 38 28 27 37 21 67 34 47 24 51 0 9 93 3 76 2 32 5 10 7 99 77 29 95 49 80 44 91 43 59 45 33 64 31 87 94 61 14 1 86 19 50 84 89 85 73 46 74 17 62 39 23 66 11 30 96 48 70 75 35 68 4 20 92 41 15 18 
Coste: 23964075
Temperatura: 1.9015689711375E7
Probabilidad de aceptación: 1.0
Movimiento: SI



ITERACION 7
Solucion:    16 25 58 69 83 60 81 18 55 57 97 72 56 6 78 42 52 26 82 63 40 53 90 12 13 22 88 54 8 79 65 36 98 71 38 28 27 37 21 67 34 47 24 51 0 9 93 3 76 2 32 5 10 7 99 77 29 95 49 80 44 91 43 59 45 33 64 31 87 94 61 14 1 86 19 50 84 89 85 73 46 74 17 62 39 23 66 11 30 96 48 70 75 35 68 4 20 92 41 15 
Coste: 24017566
Temperatura: 1.71141207402375E7
Probabilidad de aceptación: 1.0
Movimiento: SI



ITERACION 8
Solucion:    55 16 25 58 69 83 60 81 15 18 57 97 72 56 6 78 42 52 26 82 63 40 53 90 12 13 22 88 54 8 79 65 36 98 71 38 28 27 37 21 67 34 47 24 51 0 9 93 3 76 2 32 5 10 7 99 77 29 95 49 80 44 91 43 59 45 33 64 31 87 94 61 14 1 86 19 50 84 89 85 73 46 74 17 62 39 23 66 11 30 96 48 70 75 35 68 4 20 92 41 
Coste: 23980019
Temperatura: 1.540270866621375E7
Probabilidad de aceptación: 1.0
Movimiento: SI



ITERACION 9
Solucion:    18 55 16 25 58 69 83 60 81 41 15 57 97 72 56 6 78 42 52 26 82 63 40 53 90 12 13 22 88 54 8 79 65 36 98 71 38 28 27 37 21 67 34 47 24 51 0 9 93 3 76 2 32 5 10 7 99 77 29 95 49 80 44 91 43 59 45 33 64 31 87 94 61 14 1 86 19 50 84 89 85 73 46 74 17 62 39 23 66 11 30 96 48 70 75 35 68 4 20 92 
Coste: 24004668
Temperatura: 1.3862437799592376E7
Probabilidad de aceptación: 1.0
Movimiento: SI



ITERACION 10
Solucion:    15 18 55 16 25 58 69 83 60 81 92 41 57 97 72 56 6 78 42 52 26 82 63 40 53 90 12 13 22 88 54 8 79 65 36 98 71 38 28 27 37 21 67 34 47 24 51 0 9 93 3 76 2 32 5 10 7 99 77 29 95 49 80 44 91 43 59 45 33 64 31 87 94 61 14 1 86 19 50 84 89 85 73 46 74 17 62 39 23 66 11 30 96 48 70 75 35 68 4 20 
Coste: 24024991
Temperatura: 1.2476194019633139E7
Probabilidad de aceptación: 1.0
Movimiento: SI



ITERACION 11
Solucion:    41 15 18 55 16 25 58 69 83 60 81 20 92 57 97 72 56 6 78 42 52 26 82 63 40 53 90 12 13 22 88 54 8 79 65 36 98 71 38 28 27 37 21 67 34 47 24 51 0 9 93 3 76 2 32 5 10 7 99 77 29 95 49 80 44 91 43 59 45 33 64 31 87 94 61 14 1 86 19 50 84 89 85 73 46 74 17 62 39 23 66 11 30 96 48 70 75 35 68 4 
Coste: 23919609
Temperatura: 1.1228574617669825E7
Probabilidad de aceptación: 1.0
Movimiento: SI



ITERACION 12
Solucion:    92 41 15 18 55 16 25 58 69 83 60 81 4 20 57 97 72 56 6 78 42 52 26 82 63 40 53 90 12 13 22 88 54 8 79 65 36 98 71 38 28 27 37 21 67 34 47 24 51 0 9 93 3 76 2 32 5 10 7 99 77 29 95 49 80 44 91 43 59 45 33 64 31 87 94 61 14 1 86 19 50 84 89 85 73 46 74 17 62 39 23 66 11 30 96 48 70 75 35 68 
Coste: 23961975
Temperatura: 1.0105717155902842E7
Probabilidad de aceptación: 1.0
Movimiento: SI



ITERACION 13
Solucion:    20 92 41 15 18 55 16 25 58 69 83 60 81 68 4 57 97 72 56 6 78 42 52 26 82 63 40 53 90 12 13 22 88 54 8 79 65 36 98 71 38 28 27 37 21 67 34 47 24 51 0 9 93 3 76 2 32 5 10 7 99 77 29 95 49 80 44 91 43 59 45 33 64 31 87 94 61 14 1 86 19 50 84 89 85 73 46 74 17 62 39 23 66 11 30 96 48 70 75 35 
Coste: 23913268
Temperatura: 9095145.440312559
Probabilidad de aceptación: 1.0
Movimiento: SI



ITERACION 14
Solucion:    4 20 92 41 15 18 55 16 25 58 69 83 60 81 35 68 57 97 72 56 6 78 42 52 26 82 63 40 53 90 12 13 22 88 54 8 79 65 36 98 71 38 28 27 37 21 67 34 47 24 51 0 9 93 3 76 2 32 5 10 7 99 77 29 95 49 80 44 91 43 59 45 33 64 31 87 94 61 14 1 86 19 50 84 89 85 73 46 74 17 62 39 23 66 11 30 96 48 70 75 
Coste: 23967870
Temperatura: 8185630.896281303
Probabilidad de aceptación: 1.0
Movimiento: SI



ITERACION 15
Solucion:    68 4 20 92 41 15 18 55 16 25 58 69 83 60 81 75 35 57 97 72 56 6 78 42 52 26 82 63 40 53 90 12 13 22 88 54 8 79 65 36 98 71 38 28 27 37 21 67 34 47 24 51 0 9 93 3 76 2 32 5 10 7 99 77 29 95 49 80 44 91 43 59 45 33 64 31 87 94 61 14 1 86 19 50 84 89 85 73 46 74 17 62 39 23 66 11 30 96 48 70 
Coste: 23953133
Temperatura: 7367067.806653173
Probabilidad de aceptación: 1.0
Movimiento: SI



ITERACION 16
Solucion:    35 68 4 20 92 41 15 18 55 16 25 58 69 83 60 81 70 75 57 97 72 56 6 78 42 52 26 82 63 40 53 90 12 13 22 88 54 8 79 65 36 98 71 38 28 27 37 21 67 34 47 24 51 0 9 93 3 76 2 32 5 10 7 99 77 29 95 49 80 44 91 43 59 45 33 64 31 87 94 61 14 1 86 19 50 84 89 85 73 46 74 17 62 39 23 66 11 30 96 48 
Coste: 24020991
Temperatura: 6630361.025987855
Probabilidad de aceptación: 1.0
Movimiento: SI



ITERACION 17
Solucion:    75 35 68 4 20 92 41 15 18 55 16 25 58 69 83 60 81 48 70 57 97 72 56 6 78 42 52 26 82 63 40 53 90 12 13 22 88 54 8 79 65 36 98 71 38 28 27 37 21 67 34 47 24 51 0 9 93 3 76 2 32 5 10 7 99 77 29 95 49 80 44 91 43 59 45 33 64 31 87 94 61 14 1 86 19 50 84 89 85 73 46 74 17 62 39 23 66 11 30 96 
Coste: 24081038
Temperatura: 5967324.92338907
Probabilidad de aceptación: 1.0
Movimiento: SI



ITERACION 18
Solucion:    70 75 35 68 4 20 92 41 15 18 55 16 25 58 69 83 60 81 96 48 57 97 72 56 6 78 42 52 26 82 63 40 53 90 12 13 22 88 54 8 79 65 36 98 71 38 28 27 37 21 67 34 47 24 51 0 9 93 3 76 2 32 5 10 7 99 77 29 95 49 80 44 91 43 59 45 33 64 31 87 94 61 14 1 86 19 50 84 89 85 73 46 74 17 62 23 39 66 11 30 
Coste: 23865423
Temperatura: 5370592.431050163
Probabilidad de aceptación: 1.0
Movimiento: SI



ITERACION 19
Solucion:    48 70 75 35 68 4 20 92 41 15 18 55 16 25 58 69 83 60 81 30 96 57 97 72 56 6 78 42 52 26 82 63 40 53 90 12 13 22 88 54 8 79 65 36 98 71 38 28 27 37 21 67 34 47 24 51 0 9 93 3 76 2 32 5 10 7 99 77 29 95 49 80 44 91 43 59 45 33 64 31 87 94 61 14 1 86 19 50 84 89 85 73 46 74 17 62 23 39 66 11 
Coste: 23961485
Temperatura: 4833533.187945147
Probabilidad de aceptación: 1.0
Movimiento: SI



ITERACION 20
Solucion:    96 48 70 75 35 68 4 20 92 41 15 18 55 16 25 58 69 83 60 81 11 30 57 97 72 56 6 78 42 52 26 82 63 40 53 90 12 13 22 88 54 8 79 65 36 98 71 38 28 27 37 21 67 34 47 24 51 0 9 93 3 76 2 32 5 10 7 99 77 29 95 49 80 44 91 43 59 45 33 64 31 87 94 61 14 1 86 19 50 84 89 85 73 46 74 17 62 23 39 66 
Coste: 23940030
Temperatura: 4350179.869150632
Probabilidad de aceptación: 1.0
Movimiento: SI



ITERACION 21
Solucion:    30 96 48 70 75 35 68 4 20 92 41 15 18 55 16 25 58 69 83 60 81 66 11 57 97 72 56 6 78 42 52 26 82 63 40 53 90 12 13 22 88 54 8 79 65 36 98 71 38 28 27 37 21 67 34 47 24 51 0 9 93 3 76 2 32 5 10 7 99 77 29 95 49 80 44 91 43 59 45 33 64 31 87 94 61 14 1 86 19 50 84 89 85 73 46 74 17 62 23 39 
Coste: 23933946
Temperatura: 3915161.882235569
Probabilidad de aceptación: 1.0
Movimiento: SI



ITERACION 22
Solucion:    11 30 96 48 70 75 35 68 4 20 92 41 15 18 55 16 25 58 69 83 60 81 39 66 57 97 72 56 6 78 42 52 26 82 63 40 53 90 12 13 22 88 54 8 79 65 36 98 71 38 28 27 37 21 67 34 47 24 51 0 9 93 3 76 2 32 5 10 7 99 77 29 49 95 80 44 91 43 59 45 33 64 31 87 94 61 14 1 86 19 50 84 89 85 73 46 74 17 62 23 
Coste: 23975663
Temperatura: 3523645.6940120123
Probabilidad de aceptación: 1.0
Movimiento: SI



ITERACION 23
Solucion:    66 11 30 96 48 70 75 35 68 4 20 92 41 15 18 55 16 25 58 69 83 60 81 23 39 57 97 72 56 6 78 42 52 26 82 63 40 53 90 13 12 22 88 54 8 79 65 36 98 71 38 28 27 37 21 67 34 47 24 51 0 9 93 3 76 2 32 5 10 7 99 77 29 49 95 80 44 91 43 59 45 33 64 31 87 94 61 14 1 86 19 50 84 89 85 73 46 74 17 62 
Coste: 23996567
Temperatura: 3171281.124610811
Probabilidad de aceptación: 1.0
Movimiento: SI



ITERACION 24
Solucion:    39 66 11 30 96 48 70 75 35 68 4 20 92 41 15 18 55 16 25 58 69 83 60 81 62 23 57 97 72 56 6 78 42 52 26 82 63 40 53 90 13 12 22 88 54 8 79 65 36 98 71 38 28 27 37 21 67 34 47 24 51 0 9 93 3 76 2 32 5 10 7 99 77 29 49 95 80 91 44 43 59 45 33 64 31 87 94 61 14 1 86 19 50 84 89 85 73 46 74 17 
Coste: 24003123
Temperatura: 2854153.0121497298
Probabilidad de aceptación: 1.0
Movimiento: SI



ITERACION 25
Solucion:    23 39 66 11 30 96 48 70 75 35 68 4 20 92 41 15 18 55 16 25 58 69 83 60 81 17 62 57 97 72 56 6 78 42 52 26 82 63 40 53 90 13 12 22 88 54 8 79 65 36 98 71 28 38 27 37 21 67 34 47 24 51 0 9 93 3 76 2 32 10 5 7 99 77 29 49 95 80 91 44 43 59 45 33 64 31 87 94 61 14 1 86 19 50 84 89 85 73 46 74 
Coste: 24026799
Temperatura: 2568737.710934757
Probabilidad de aceptación: 1.0
Movimiento: SI



ITERACION 26
Solucion:    62 23 39 66 11 30 96 48 70 75 35 68 4 20 92 41 15 18 55 16 25 58 69 83 60 81 74 17 57 97 72 56 6 78 42 52 26 82 63 40 53 90 13 12 22 88 54 8 79 65 36 98 71 28 38 27 37 21 67 34 47 24 51 0 9 93 3 76 2 32 10 5 7 99 77 29 49 95 80 91 44 43 59 45 33 64 31 87 94 61 14 1 86 19 50 84 89 85 73 46 
Coste: 23899153
Temperatura: 2311863.939841281
Probabilidad de aceptación: 1.0
Movimiento: SI



ITERACION 27
Solucion:    17 62 23 39 66 11 30 96 48 70 75 35 68 4 20 92 41 15 18 55 16 25 58 69 83 60 81 46 74 57 97 72 56 6 78 42 52 26 82 63 40 53 90 13 12 22 88 54 8 79 65 36 98 71 28 38 27 37 21 67 34 47 24 51 0 9 93 3 76 32 2 10 5 7 99 77 29 49 95 80 91 44 43 59 45 33 64 31 87 94 61 14 1 86 19 50 84 89 85 73 
Coste: 23893787
Temperatura: 2080677.5458571531
Probabilidad de aceptación: 1.0
Movimiento: SI



ITERACION 28
Solucion:    74 17 62 23 39 66 11 30 96 48 70 75 35 68 4 20 92 41 15 18 55 16 25 58 69 83 60 81 73 46 57 97 72 56 6 78 42 52 26 82 63 40 53 90 13 12 22 88 54 8 79 65 36 98 71 28 38 27 37 21 67 34 47 24 51 0 9 93 3 76 32 2 10 5 7 99 77 29 49 95 80 91 44 43 59 45 33 64 31 87 94 61 14 1 86 19 50 84 89 85 
Coste: 23937035
Temperatura: 1872609.791271438
Probabilidad de aceptación: 1.0
Movimiento: SI



ITERACION 29
Solucion:    46 74 17 62 23 39 66 11 30 96 48 70 75 35 68 4 20 92 41 15 18 55 16 25 58 69 83 60 81 85 73 57 97 72 56 6 78 42 52 26 82 63 40 53 90 13 12 22 88 54 8 79 65 36 98 71 28 38 27 37 21 67 34 47 24 51 0 9 93 3 76 32 2 10 5 7 99 77 29 49 95 80 44 91 43 59 45 33 64 31 87 94 61 14 1 86 19 50 84 89 
Coste: 23960507
Temperatura: 1685348.8121442941
Probabilidad de aceptación: 1.0
Movimiento: SI



ITERACION 30
Solucion:    73 46 74 17 62 23 39 66 11 30 96 48 70 75 35 68 4 20 92 41 15 18 55 16 25 58 69 83 60 81 89 85 57 97 72 56 6 78 42 52 26 82 63 40 53 90 13 12 22 88 54 8 79 65 36 98 71 28 38 27 37 21 67 34 47 24 51 0 9 93 3 76 32 2 10 5 7 99 77 29 49 95 80 44 91 43 59 45 33 64 31 87 94 61 14 1 86 19 50 84 
Coste: 24004425
Temperatura: 1516813.9309298648
Probabilidad de aceptación: 1.0
Movimiento: SI



ITERACION 31
Solucion:    85 73 46 74 17 62 23 39 66 11 30 96 48 70 75 35 68 4 20 92 41 15 18 55 16 25 58 69 83 60 81 84 89 57 97 72 56 6 78 42 52 26 82 63 40 53 90 13 12 22 88 54 8 79 65 36 98 28 71 38 27 37 21 67 34 47 24 51 0 9 93 3 76 32 2 10 5 7 99 77 29 49 95 80 44 91 43 59 33 45 64 31 87 94 61 14 1 86 19 50 
Coste: 23926865
Temperatura: 1365132.5378368783
Probabilidad de aceptación: 1.0
Movimiento: SI



ITERACION 32
Solucion:    89 85 73 46 74 17 62 23 39 66 11 30 96 48 70 75 35 68 4 20 92 41 15 18 55 16 25 58 69 83 60 81 50 84 57 97 72 56 6 78 42 52 26 82 63 40 53 90 13 12 22 88 54 8 79 65 36 98 28 71 38 27 37 21 67 34 47 24 51 0 9 93 3 76 32 2 10 5 7 99 77 29 49 95 80 44 91 43 59 33 45 64 31 87 94 61 14 1 86 19 
Coste: 23968112
Temperatura: 1228619.2840531906
Probabilidad de aceptación: 1.0
Movimiento: SI



ITERACION 33
Solucion:    84 89 85 73 46 74 17 62 23 39 66 11 30 96 48 70 75 35 68 4 20 92 41 15 55 18 16 25 58 69 83 60 81 19 50 57 97 72 56 6 78 42 52 26 82 63 40 53 90 13 12 22 88 54 8 79 65 36 98 28 71 38 27 37 21 67 34 47 24 51 0 9 93 3 76 32 2 10 5 7 99 77 29 49 95 80 44 91 43 59 33 45 64 31 87 94 61 14 1 86 
Coste: 23905211
Temperatura: 1105757.3556478715
Probabilidad de aceptación: 1.0
Movimiento: SI



ITERACION 34
Solucion:    50 84 89 85 73 46 74 17 62 23 39 66 11 30 96 48 70 75 35 68 4 20 92 41 15 55 18 16 25 58 69 83 60 81 86 19 57 97 72 56 6 78 42 52 26 82 63 40 53 90 13 12 22 88 54 8 79 65 36 98 28 71 38 27 37 21 67 34 47 24 51 0 9 93 3 76 32 2 10 5 7 99 77 29 49 95 80 44 91 43 59 33 45 64 31 87 94 61 14 1 
Coste: 23899846
Temperatura: 995181.6200830843
Probabilidad de aceptación: 1.0
Movimiento: SI



ITERACION 35
Solucion:    19 50 84 89 85 73 46 74 17 62 23 39 66 11 30 96 48 70 75 35 68 4 20 92 41 15 55 18 16 25 58 69 83 60 81 1 86 57 97 72 56 6 78 42 52 26 82 63 40 53 90 13 12 22 88 54 8 79 65 36 98 28 71 38 27 37 21 67 34 47 24 51 0 9 93 3 76 32 2 5 10 7 99 77 29 49 95 80 44 91 59 43 33 45 64 31 87 94 61 14 
Coste: 23956460
Temperatura: 895663.4580747759
Probabilidad de aceptación: 1.0
Movimiento: SI



ITERACION 36
Solucion:    86 19 50 84 89 85 73 46 74 17 62 23 39 11 66 30 96 48 70 75 35 68 4 20 92 41 15 55 18 16 25 58 69 83 60 81 14 1 57 97 72 56 6 78 42 52 26 82 63 40 53 90 13 12 22 88 54 8 79 65 36 98 28 71 38 27 37 21 67 34 47 24 51 0 9 93 3 76 32 2 5 10 7 99 77 29 49 95 80 44 91 59 43 33 45 64 31 87 94 61 
Coste: 23935289
Temperatura: 806097.1122672983
Probabilidad de aceptación: 1.0
Movimiento: SI



ITERACION 37
Solucion:    1 86 19 50 84 89 85 73 46 74 17 62 23 39 11 66 30 96 48 70 75 35 68 4 20 92 41 15 55 18 16 25 58 69 60 83 81 61 14 57 97 72 56 6 78 42 52 26 82 63 40 53 90 13 12 22 88 54 8 79 65 36 98 28 71 38 27 37 21 67 34 47 24 51 0 9 93 3 76 32 2 5 10 7 99 77 29 49 95 80 44 91 59 43 33 45 64 31 87 94 
Coste: 23928442
Temperatura: 725487.4010405685
Probabilidad de aceptación: 1.0
Movimiento: SI



ITERACION 38
Solucion:    14 1 86 19 50 84 89 85 73 46 74 17 62 23 39 11 66 30 96 48 70 75 35 68 4 20 92 41 15 55 16 18 25 58 69 60 83 81 94 61 57 97 72 56 6 78 42 52 26 82 63 40 53 90 13 12 22 88 54 8 79 65 36 98 28 71 38 27 37 21 67 34 47 24 51 0 9 93 3 76 32 2 5 10 7 99 77 29 49 95 80 44 91 59 43 33 45 64 31 87 
Coste: 23909824
Temperatura: 652938.6609365117
Probabilidad de aceptación: 1.0
Movimiento: SI



ITERACION 39
Solucion:    61 14 1 86 19 50 84 89 85 73 46 74 17 62 23 39 11 66 30 96 48 70 75 35 68 4 20 92 41 15 55 16 18 25 58 69 60 83 81 87 94 57 97 72 56 6 78 42 52 26 82 63 40 53 90 13 12 22 88 54 8 79 65 36 98 28 71 38 27 37 21 67 34 47 24 51 0 9 93 3 76 32 2 5 7 10 99 77 29 49 95 80 44 91 59 43 33 45 64 31 
Coste: 24061929
Temperatura: 587644.7948428605
Probabilidad de aceptación: 1.0
Movimiento: SI



ITERACION 40
Solucion:    61 94 14 1 86 19 50 84 89 85 73 46 74 17 23 62 39 11 66 30 96 48 70 75 35 68 4 20 92 41 15 55 16 18 25 58 69 60 83 81 31 87 57 72 97 56 6 78 42 52 26 82 63 40 53 90 13 12 22 88 54 8 79 65 36 98 28 71 38 27 37 21 67 34 47 24 51 0 9 93 3 76 32 2 5 7 10 99 77 29 49 95 80 44 91 59 43 33 45 64 
Coste: 23914434
Temperatura: 528880.3153585745
Probabilidad de aceptación: 1.0
Movimiento: SI



ITERACION 41
Solucion:    87 61 94 14 1 86 19 50 84 89 85 73 46 74 17 23 62 39 11 66 30 96 48 70 75 35 68 4 20 92 41 15 55 16 18 25 58 69 60 83 81 64 31 57 72 97 56 6 78 42 52 26 82 63 40 53 90 12 13 22 88 54 8 79 65 36 98 28 71 38 27 37 21 67 34 47 24 51 0 9 93 3 76 32 2 5 7 10 99 77 29 49 95 80 44 91 59 43 33 45 
Coste: 23978931
Temperatura: 475992.2838227171
Probabilidad de aceptación: 1.0
Movimiento: SI



ITERACION 42
Solucion:    31 87 61 94 14 1 86 19 50 84 89 85 73 46 74 17 23 62 39 11 66 30 96 48 70 35 75 68 4 20 92 41 15 55 16 18 25 58 69 60 83 81 45 64 57 72 97 56 6 78 42 52 26 82 63 40 53 90 12 13 22 88 54 8 79 65 36 98 28 71 38 27 37 21 67 34 47 24 51 0 9 93 3 76 32 2 5 7 99 10 77 29 49 95 80 44 91 59 43 33 
Coste: 23991731
Temperatura: 428393.0554404454
Probabilidad de aceptación: 1.0
Movimiento: SI



ITERACION 43
Solucion:    64 31 87 61 94 14 1 86 19 50 84 89 85 73 46 74 17 23 62 39 11 66 30 96 48 70 35 75 68 4 92 20 41 15 55 16 18 25 58 69 60 83 81 33 45 57 72 97 56 6 78 42 52 26 82 63 40 53 90 12 13 22 88 54 8 79 65 36 98 28 71 38 27 37 21 67 34 47 24 51 0 9 93 3 76 32 2 5 7 99 10 77 29 49 95 80 44 91 43 59 
Coste: 23919331
Temperatura: 385553.74989640084
Probabilidad de aceptación: 1.0
Movimiento: SI



ITERACION 44
Solucion:    45 64 31 87 61 94 14 1 86 19 50 84 89 85 73 46 74 17 23 62 39 11 66 30 96 48 70 35 75 68 4 92 20 41 15 55 16 18 25 58 69 60 83 81 59 33 57 72 97 56 6 78 42 52 26 82 63 40 53 90 12 13 22 88 54 8 79 65 36 98 28 71 38 27 37 21 67 34 47 24 51 0 9 93 3 76 32 2 5 7 99 10 77 29 49 95 80 44 91 43 
Coste: 23885411
Temperatura: 346998.37490676076
Probabilidad de aceptación: 1.0
Movimiento: SI



ITERACION 45
Solucion:    33 45 64 31 87 61 94 14 1 86 19 50 84 89 85 73 46 74 17 23 62 39 11 66 30 96 48 70 35 75 68 4 92 20 41 15 55 16 18 25 58 60 69 83 81 43 59 57 72 97 56 6 78 42 52 26 82 63 40 53 90 12 13 22 88 8 79 54 65 36 98 28 71 38 27 37 21 67 34 47 24 51 0 9 93 3 76 32 2 5 7 99 10 77 29 49 95 80 44 91 
Coste: 24000046
Temperatura: 312298.53741608467
Probabilidad de aceptación: 1.0
Movimiento: SI



ITERACION 46
Solucion:    59 33 45 64 31 87 61 94 14 1 86 19 84 50 89 85 46 73 74 17 23 62 39 11 66 30 96 70 48 35 75 68 4 92 20 41 15 55 16 18 25 58 60 69 83 81 91 57 43 72 97 56 6 78 42 52 26 82 63 40 53 90 12 13 22 88 8 54 79 65 36 98 28 71 38 27 37 21 67 34 47 24 51 0 9 93 3 76 32 2 5 7 99 10 77 29 49 95 80 44 
Coste: 23902405
Temperatura: 281068.6836744762
Probabilidad de aceptación: 1.0
Movimiento: SI



ITERACION 47
Solucion:    57 59 33 45 64 31 87 61 94 14 1 86 19 84 50 89 85 46 73 74 17 23 62 39 11 66 30 96 70 48 35 75 68 4 92 20 41 15 55 16 18 25 58 60 69 83 81 44 91 43 72 97 56 6 78 42 52 26 82 63 40 53 90 12 13 22 88 8 54 79 65 36 98 28 71 38 27 37 21 67 34 47 24 51 0 9 93 3 76 32 2 5 7 99 10 77 29 49 95 80 
Coste: 23953668
Temperatura: 252961.81530702862
Probabilidad de aceptación: 1.0
Movimiento: SI



ITERACION 48
Solucion:    91 57 59 33 45 64 31 87 61 94 14 1 86 19 84 50 89 85 46 73 74 17 23 62 39 11 66 30 96 70 48 35 75 68 4 92 20 41 15 55 16 18 25 58 60 69 83 81 80 44 43 72 97 56 6 78 42 52 26 82 63 40 53 90 12 13 22 88 54 8 79 65 36 98 28 71 38 27 37 21 67 34 47 24 51 0 9 93 3 76 32 2 7 5 99 10 77 29 49 95 
Coste: 23867531
Temperatura: 227665.63377632576
Probabilidad de aceptación: 1.0
Movimiento: SI



ITERACION 49
Solucion:    44 91 57 59 45 33 64 31 87 61 94 14 1 86 19 84 50 89 85 46 73 74 17 23 39 62 11 66 30 96 70 48 35 75 4 68 92 41 20 15 55 16 18 25 58 60 69 83 81 95 80 43 72 97 56 6 78 42 52 26 82 63 40 53 90 12 13 22 88 54 8 79 65 36 98 28 71 38 27 37 21 34 67 47 24 51 0 9 93 3 76 32 2 7 5 99 10 77 29 49 
Coste: 23902442
Temperatura: 204899.07039869318
Probabilidad de aceptación: 1.0
Movimiento: SI



ITERACION 50
Solucion:    80 44 91 57 59 45 33 64 87 31 61 94 14 1 86 19 84 50 89 85 46 73 74 17 23 39 62 66 11 30 96 70 48 35 75 4 68 92 41 20 15 55 16 25 18 58 60 69 81 83 49 95 43 72 97 56 78 6 42 52 26 82 63 40 53 90 12 13 22 88 8 54 79 65 36 98 28 71 38 27 37 21 34 67 47 51 24 0 9 93 3 76 32 2 7 5 99 10 77 29 
Coste: 24050312
Temperatura: 184409.16335882386
Probabilidad de aceptación: 1.0
Movimiento: SI



ITERACION 51
Solucion:    95 80 44 91 57 59 45 33 64 87 31 61 94 14 1 86 19 84 50 89 85 46 73 74 23 17 39 66 62 11 30 96 70 48 35 75 4 68 92 41 20 15 55 16 25 18 58 60 69 81 83 29 49 72 43 97 56 78 42 6 52 26 82 63 40 53 90 12 13 22 88 8 54 79 65 36 98 28 71 38 37 27 21 34 67 47 51 24 0 9 3 93 76 32 2 7 5 99 10 77 
Coste: 23898824
Temperatura: 165968.24702294148
Probabilidad de aceptación: 1.0
Movimiento: SI



ITERACION 52
Solucion:    49 95 80 44 91 57 59 45 33 64 87 61 31 94 14 1 86 19 84 50 89 85 46 73 74 23 17 66 39 62 11 30 96 70 48 35 75 4 68 92 41 20 15 55 16 25 18 58 60 81 69 83 77 29 43 72 97 56 78 42 6 52 26 82 63 40 53 90 12 13 22 88 8 54 79 65 36 98 28 71 38 37 27 21 34 67 47 51 24 0 9 93 3 76 32 2 7 5 10 99 
Coste: 23958776
Temperatura: 149371.42232064734
Probabilidad de aceptación: 1.0
Movimiento: SI



ITERACION 53
Solucion:    29 49 95 80 44 91 57 59 45 33 64 87 61 31 94 14 1 86 19 84 50 89 85 46 73 74 17 23 66 39 62 11 30 96 70 48 35 75 4 68 92 41 20 15 55 16 18 25 58 60 81 69 83 99 77 43 72 97 56 78 42 6 52 26 82 63 40 53 90 12 22 13 88 8 54 79 65 36 98 28 71 38 37 27 21 34 67 47 51 24 0 9 93 3 76 32 2 7 5 10 
Coste: 23790019
Temperatura: 134434.2800885826
Probabilidad de aceptación: 1.0
Movimiento: SI



ITERACION 54
Solucion:    77 29 49 95 80 44 91 57 59 45 33 64 87 61 31 94 14 1 86 19 84 50 89 85 46 73 74 17 23 66 39 11 62 30 96 70 48 35 75 4 68 92 41 20 15 55 18 16 25 58 60 81 69 83 10 99 43 72 97 56 78 42 6 52 26 82 63 40 53 90 12 22 88 13 8 54 79 65 36 98 28 71 38 37 27 21 34 67 47 51 24 0 9 93 3 76 32 7 2 5 
Coste: 23942733
Temperatura: 120990.85207972434
Probabilidad de aceptación: 1.0
Movimiento: SI



ITERACION 55
Solucion:    99 77 29 49 95 80 44 91 57 59 45 33 64 87 61 31 94 14 1 86 19 84 50 89 85 46 73 74 17 23 66 39 11 62 30 96 70 48 35 75 4 92 68 41 20 15 55 18 16 25 58 60 81 69 83 5 10 43 72 97 56 78 42 6 52 26 82 63 40 53 90 12 22 88 13 8 54 79 36 65 98 28 71 38 37 27 21 34 67 47 51 24 0 9 93 3 76 32 7 2 
Coste: 23881821
Temperatura: 108891.76687175191
Probabilidad de aceptación: 1.0
Movimiento: SI



ITERACION 56
Solucion:    10 99 77 29 49 95 80 44 91 57 59 45 33 64 87 61 31 94 14 1 86 19 84 50 89 85 46 73 74 17 23 66 39 11 62 30 96 70 48 35 75 4 92 68 41 20 15 18 16 25 55 58 60 81 69 83 2 5 43 97 72 56 78 6 42 52 26 82 63 40 53 90 12 22 88 13 8 54 79 65 36 98 28 71 38 27 37 21 34 67 47 51 24 0 9 93 3 76 32 7 
Coste: 23927869
Temperatura: 98002.59018457672
Probabilidad de aceptación: 1.0
Movimiento: SI



ITERACION 57
Solucion:    5 10 99 29 77 95 49 80 44 91 57 59 45 33 64 87 61 31 94 14 1 86 19 50 84 89 85 46 73 74 17 23 66 39 11 62 96 30 70 48 35 75 92 4 68 41 20 15 18 16 25 55 58 60 81 69 83 7 2 43 97 72 56 78 6 42 52 26 82 63 40 53 90 12 22 88 13 8 54 79 65 36 98 28 71 38 27 37 21 34 67 47 51 24 0 9 93 3 76 32 
Coste: 24019179
Temperatura: 88202.33116611905
Probabilidad de aceptación: 1.0
Movimiento: SI



ITERACION 58
Solucion:    5 2 10 99 29 77 95 49 80 44 91 57 59 45 33 64 87 61 31 94 14 86 1 19 50 84 89 85 46 73 74 17 23 66 39 11 62 96 30 70 48 35 75 92 4 68 41 20 15 18 16 55 25 58 60 81 69 83 32 7 43 97 72 56 78 6 42 52 26 82 63 40 53 90 12 22 88 13 8 54 79 65 36 98 28 71 38 27 37 21 34 67 51 47 24 9 93 0 3 76 
Coste: 23796088
Temperatura: 79382.09804950716
Probabilidad de aceptación: 1.0
Movimiento: SI



ITERACION 59
Solucion:    7 5 2 10 99 29 77 95 49 80 91 44 57 59 45 33 87 64 61 31 94 14 1 86 19 50 84 89 85 46 73 74 23 17 66 39 11 62 96 30 70 48 35 75 92 68 4 41 20 15 16 55 18 25 58 60 81 69 83 76 32 43 97 72 56 78 6 42 52 26 82 63 40 53 90 12 22 13 88 8 54 79 65 36 98 28 71 27 38 37 21 34 51 67 47 24 9 93 0 3 
Coste: 23890742
Temperatura: 71443.88824455644
Probabilidad de aceptación: 1.0
Movimiento: SI



ITERACION 60
Solucion:    32 7 5 2 10 99 29 77 95 49 80 91 44 57 59 45 87 33 64 31 61 94 14 1 86 19 50 84 85 89 46 73 74 23 17 66 39 11 62 96 30 70 48 35 75 92 68 4 41 20 15 16 55 18 25 58 60 81 83 69 3 76 43 97 72 78 56 42 6 52 26 82 63 40 53 90 12 22 13 88 8 54 79 65 36 28 98 71 27 38 37 21 34 67 51 47 24 93 9 0 
Coste: 23969570
Temperatura: 64299.499420100794
Probabilidad de aceptación: 1.0
Movimiento: SI



ITERACION 61
Solucion:    32 76 7 5 2 99 10 29 77 95 49 80 44 91 57 59 45 87 33 64 31 61 94 14 1 86 19 50 84 85 89 46 73 74 23 17 66 39 11 62 96 30 70 48 35 75 92 68 4 41 20 15 16 55 18 25 58 60 81 83 69 0 3 97 43 72 78 56 42 6 52 26 82 63 40 53 90 12 22 13 88 8 54 65 79 36 28 98 71 27 38 37 21 34 67 51 47 24 93 9 
Coste: 23932364
Temperatura: 57869.54947809072
Probabilidad de aceptación: 1.0
Movimiento: SI



ITERACION 62
Solucion:    3 32 76 7 5 2 99 10 77 29 95 49 80 44 57 91 59 87 45 64 33 31 61 94 14 1 86 19 50 85 84 46 73 89 74 17 23 39 66 11 62 96 30 48 70 35 75 92 4 68 41 20 15 16 55 18 25 58 60 81 83 69 93 0 97 43 72 78 56 42 6 52 26 82 63 40 53 90 12 22 13 88 8 54 65 36 28 79 71 98 38 27 37 21 34 67 51 47 24 9 
Coste: 23787724
Temperatura: 52082.59453028165
Probabilidad de aceptación: 0.763941075175531
Movimiento: NO



ITERACION 63
Solucion:    0 3 32 7 76 5 2 99 10 77 29 95 49 80 44 57 91 59 87 45 64 33 31 61 94 1 14 86 50 19 85 84 46 73 89 74 17 23 39 66 11 62 96 30 48 70 35 75 92 4 68 41 20 15 55 16 18 25 58 60 81 83 69 9 93 97 43 72 78 56 42 6 52 26 63 40 82 90 12 53 22 88 13 8 54 36 65 79 28 98 71 38 27 37 21 67 34 47 51 24 
Coste: 23910477
Temperatura: 46874.33507725348
Probabilidad de aceptación: 1.0
Movimiento: SI



ITERACION 64
Solucion:    93 0 3 32 7 76 2 5 99 10 77 95 29 49 80 44 57 91 59 87 64 45 33 31 94 61 1 14 86 50 19 85 84 73 46 89 74 17 23 66 39 11 62 96 30 48 35 70 75 92 4 68 41 20 15 55 16 18 25 58 60 81 83 9 24 69 97 72 43 78 56 42 6 52 26 63 40 82 90 12 53 22 88 13 54 8 36 65 79 28 71 98 38 27 37 67 21 34 47 51 
Coste: 23936733
Temperatura: 42186.901569528134
Probabilidad de aceptación: 1.0
Movimiento: SI



ITERACION 65
Solucion:    69 0 93 3 32 7 76 5 2 99 10 77 95 29 49 80 44 57 59 91 87 64 45 33 31 61 1 94 14 50 19 86 85 84 73 46 89 74 17 23 66 39 11 62 96 30 35 48 70 75 92 4 41 68 20 55 15 18 16 25 58 60 81 83 9 51 24 97 43 78 56 72 42 52 6 26 40 63 82 12 90 22 88 13 53 54 8 36 65 79 28 71 98 38 27 37 67 21 34 47 
Coste: 23769270
Temperatura: 37968.21141257532
Probabilidad de aceptación: 1.0
Movimiento: SI



ITERACION 66
Solucion:    24 69 0 93 3 32 7 76 5 2 10 77 99 95 29 49 80 44 57 59 91 64 45 87 33 31 61 1 94 14 50 19 86 84 85 73 89 46 74 17 23 66 11 39 62 96 30 35 48 70 75 92 4 68 41 20 55 15 16 25 18 58 81 60 83 9 47 51 97 43 56 72 78 52 42 6 40 63 26 82 12 90 22 88 13 53 54 8 36 79 28 65 71 98 38 27 37 67 21 34 
Coste: 23837827
Temperatura: 34171.39027131779
Probabilidad de aceptación: 1.0
Movimiento: SI



ITERACION 67
Solucion:    51 24 69 0 93 32 3 76 7 5 10 2 77 99 29 95 49 80 44 59 57 91 64 45 87 33 61 31 1 94 14 50 19 86 84 85 73 89 46 74 17 23 66 11 62 39 96 30 35 48 70 75 92 4 68 41 20 55 16 15 18 25 81 58 60 9 83 21 97 47 43 56 72 78 52 42 6 40 63 82 26 12 90 22 88 13 53 54 8 36 79 28 71 65 98 38 27 37 67 34 
Coste: 23952328
Temperatura: 30754.25124418601
Probabilidad de aceptación: 0.5363835732828349
Movimiento: NO



ITERACION 68
Solucion:    97 51 24 0 69 93 32 3 76 7 10 5 2 77 99 29 95 49 80 44 59 57 64 91 45 87 33 31 61 1 94 14 50 19 86 84 85 73 89 46 74 17 23 11 62 66 39 96 30 35 48 70 92 75 68 4 41 20 55 16 15 18 81 25 58 9 60 21 34 83 47 56 43 72 78 52 42 6 40 63 82 12 90 26 22 13 88 53 54 36 8 79 28 71 65 98 27 37 38 67 
Coste: 23925825
Temperatura: 27678.826119767407
Probabilidad de aceptación: 1.0
Movimiento: SI



ITERACION 69
Solucion:    83 51 97 24 0 69 93 32 76 7 3 5 10 2 77 99 29 95 49 80 44 59 64 57 91 45 87 33 31 1 94 14 61 50 19 84 85 73 86 89 46 74 23 17 11 66 62 39 30 35 96 48 92 70 68 75 4 41 20 55 16 15 81 18 25 58 9 60 21 67 34 47 56 43 78 52 72 42 40 6 63 82 12 90 26 13 22 88 53 36 54 8 79 28 71 65 98 27 37 38 
Coste: 23917151
Temperatura: 24910.943507790667
Probabilidad de aceptación: 1.0
Movimiento: SI



ITERACION 70
Solucion:    34 83 51 24 97 0 69 93 32 7 3 76 5 10 77 2 99 29 49 80 44 95 59 64 57 91 87 45 31 33 1 94 61 50 19 84 14 73 85 86 89 74 46 17 23 66 11 62 39 30 35 96 92 70 48 68 75 41 4 20 55 16 15 81 25 18 58 60 9 21 27 47 67 56 43 78 52 72 42 40 6 63 82 90 12 26 13 22 53 88 54 36 8 79 28 71 98 65 37 38 
Coste: 23732977
Temperatura: 22419.849157011602
Probabilidad de aceptación: 0.31038387931734207
Movimiento: NO



ITERACION 71
Solucion:    34 47 83 51 24 97 0 69 93 7 32 3 76 10 5 77 2 29 49 80 44 99 95 59 64 57 91 45 31 33 1 87 94 61 19 84 14 50 73 85 86 89 74 46 17 66 23 62 39 11 35 96 30 92 70 48 68 75 41 20 4 55 16 15 81 18 25 60 58 9 27 65 21 56 43 78 52 67 42 72 40 63 6 90 82 26 12 13 22 53 54 88 36 8 79 28 71 98 37 38 
Coste: 23778269
Temperatura: 20177.864241310443
Probabilidad de aceptación: 0.5497022597942365
Movimiento: NO



ITERACION 72
Solucion:    21 34 47 83 51 24 0 97 69 93 7 3 32 10 76 5 2 77 29 80 49 44 95 99 59 64 91 45 31 33 1 87 94 61 19 84 14 50 73 85 86 89 57 74 46 66 23 17 62 11 35 39 96 30 92 48 70 75 68 41 20 4 16 55 15 81 25 60 18 58 9 65 38 27 43 56 78 52 67 72 40 63 42 6 90 82 26 12 13 53 22 54 36 8 88 79 28 71 98 37 
Coste: 23728727
Temperatura: 18160.077817179397
Probabilidad de aceptación: 1.0
Movimiento: SI



ITERACION 73
Solucion:    27 21 47 83 34 51 24 97 69 0 7 93 3 32 10 76 5 77 29 80 49 2 44 95 99 59 64 45 91 31 33 1 87 94 19 61 14 84 73 85 50 86 89 74 57 46 66 23 62 11 17 35 96 30 92 39 48 70 75 68 20 41 4 55 15 16 81 60 18 58 9 25 38 37 43 65 56 52 78 72 67 40 42 6 90 82 63 26 12 13 53 22 54 36 8 79 88 28 71 98 
Coste: 23814758
Temperatura: 16344.070035461458
Probabilidad de aceptación: 1.0
Movimiento: SI



ITERACION 74
Solucion:    27 21 47 43 34 83 51 24 97 69 0 7 93 3 32 10 76 5 77 29 80 49 44 2 95 59 99 45 91 64 31 33 1 87 19 61 14 94 84 85 73 50 86 74 89 57 46 66 23 11 62 35 17 96 30 39 48 92 75 70 20 68 41 4 15 55 81 60 18 58 16 25 9 38 98 65 37 52 78 56 72 40 42 6 90 82 67 26 63 13 12 53 22 54 8 79 88 28 36 71 
Coste: 23768687
Temperatura: 14709.663031915312
Probabilidad de aceptación: 1.0
Movimiento: SI



ITERACION 75
Solucion:    27 21 47 43 34 65 51 83 97 69 0 24 7 93 3 10 76 5 32 77 29 80 44 2 95 49 59 99 45 91 64 31 33 1 19 87 61 94 84 14 73 85 86 50 89 74 57 46 23 66 62 35 11 17 96 30 39 92 48 75 20 70 68 41 4 15 55 81 18 58 60 25 16 38 9 79 98 37 52 78 56 72 40 42 90 6 82 67 26 13 63 12 53 54 22 8 88 28 36 71 
Coste: 23775973
Temperatura: 13238.69672872378
Probabilidad de aceptación: 0.1795884473611785
Movimiento: NO



ITERACION 76
Solucion:    98 27 47 43 21 65 51 83 97 69 0 24 7 93 3 10 76 34 5 32 77 80 29 44 2 49 59 95 99 91 45 31 64 1 33 87 61 94 19 14 84 85 86 50 73 74 57 46 89 23 66 62 11 35 17 30 96 39 92 48 20 75 68 41 70 15 55 4 18 58 81 60 25 16 9 38 36 79 52 37 78 56 40 42 72 90 6 82 67 13 26 63 12 54 53 8 22 88 28 71 
Coste: 23686691
Temperatura: 11914.827055851403
Probabilidad de aceptación: 0.7765624626225777
Movimiento: NO



ITERACION 77
Solucion:    98 79 27 47 21 43 51 83 65 97 69 0 24 7 3 10 93 76 5 32 77 80 29 44 2 49 34 95 99 59 45 91 64 1 33 87 61 31 19 14 94 85 86 50 73 74 84 46 89 23 57 66 11 35 17 62 96 39 30 48 20 75 92 68 70 15 41 4 55 18 58 81 25 60 16 9 36 71 38 37 78 56 40 42 72 90 6 82 67 13 26 63 12 52 54 8 22 53 28 88 
Coste: 23728670
Temperatura: 10723.344350266263
Probabilidad de aceptación: 1.0
Movimiento: SI



ITERACION 78
Solucion:    98 79 27 47 21 43 51 83 65 97 69 0 24 7 3 38 10 93 76 5 77 80 29 44 32 49 34 2 99 95 45 59 64 91 1 87 33 61 19 14 31 85 94 50 86 73 74 46 89 23 57 84 66 35 11 62 96 17 30 39 20 48 75 92 70 15 68 4 55 18 41 81 58 60 16 25 9 36 88 37 78 71 40 42 72 56 90 82 6 13 26 63 67 12 52 54 22 8 53 28 
Coste: 23741440
Temperatura: 9651.009915239638
Probabilidad de aceptación: 1.0
Movimiento: SI



ITERACION 79
Solucion:    98 79 27 47 21 37 51 43 65 97 83 69 0 24 3 38 10 93 76 7 77 80 5 44 29 49 34 32 2 95 99 59 45 91 1 87 33 61 19 14 31 85 64 50 86 94 74 46 89 23 57 84 66 35 11 62 96 17 30 39 20 48 75 92 70 15 68 4 55 18 41 81 73 58 16 25 9 60 36 28 78 88 40 71 42 72 90 82 6 13 26 56 67 63 52 12 22 8 53 54 
Coste: 23620466
Temperatura: 8685.908923715675
Probabilidad de aceptación: 1.0
Movimiento: SI



ITERACION 80
Solucion:    98 79 27 47 21 37 78 51 43 97 83 69 0 65 3 38 24 93 10 7 76 80 77 5 44 29 34 49 2 95 99 59 32 45 1 87 33 91 19 14 31 61 85 50 86 94 74 46 89 64 57 84 66 35 23 62 96 17 30 39 20 11 48 92 70 15 68 75 55 18 41 81 73 58 16 4 9 60 36 28 8 88 40 71 42 25 90 72 82 13 26 56 6 67 63 12 52 22 53 54 
Coste: 23498288
Temperatura: 7817.318031344108
Probabilidad de aceptación: 0.1768305208916985
Movimiento: NO



ITERACION 81
Solucion:    98 79 27 47 21 37 78 88 43 97 83 51 69 65 3 38 24 0 10 7 76 80 77 5 44 29 34 49 2 93 99 95 32 45 1 59 33 91 19 14 31 61 87 50 86 94 85 46 89 64 74 84 57 35 23 66 62 17 30 39 96 20 48 11 70 15 68 92 75 55 41 81 73 58 16 18 9 60 36 28 8 22 40 71 42 4 90 25 72 82 13 56 26 6 63 12 52 67 53 54 
Coste: 23567357
Temperatura: 7035.586228209698
Probabilidad de aceptación: 0.07840133225972057
Movimiento: NO



ITERACION 82
Solucion:    98 79 27 47 21 37 78 88 43 97 83 51 40 65 3 38 24 0 10 7 76 80 77 5 44 29 34 49 2 93 99 69 32 95 1 59 33 91 45 14 31 61 19 87 86 94 85 50 89 64 74 84 46 35 57 66 62 23 30 39 17 20 48 96 70 15 68 11 75 92 41 81 73 55 16 58 18 60 36 28 8 22 26 9 42 4 90 25 71 82 72 13 56 6 63 12 52 67 53 54 
Coste: 23559095
Temperatura: 6332.027605388728
Probabilidad de aceptación: 0.004379573796061649
Movimiento: NO



ITERACION 83
Solucion:    98 9 27 47 21 37 79 78 88 43 83 97 40 65 3 38 51 0 24 7 76 80 10 5 77 44 34 49 2 93 99 69 32 95 1 59 33 29 45 14 31 61 19 87 86 94 85 50 89 64 74 84 46 35 57 66 62 23 30 39 17 20 48 96 70 15 68 11 75 92 41 81 73 55 16 58 91 60 36 28 8 22 26 67 42 4 90 25 71 82 72 13 56 18 63 12 6 52 53 54 
Coste: 23537088
Temperatura: 5698.824844849855
Probabilidad de aceptación: 0.006376873933883921
Movimiento: NO



ITERACION 84
Solucion:    98 9 27 47 21 37 79 78 88 42 43 83 40 65 3 38 97 51 0 7 76 80 10 24 5 44 77 49 2 93 99 34 69 32 95 59 1 29 45 14 31 61 33 87 86 94 85 50 19 64 89 84 46 35 57 66 62 23 30 74 17 20 39 48 70 15 68 11 75 92 41 81 73 55 16 58 91 60 36 28 8 96 26 67 54 4 22 90 71 82 72 25 13 18 63 12 6 52 56 53 
Coste: 23457688
Temperatura: 5128.94236036487
Probabilidad de aceptación: 1.0
Movimiento: SI



ITERACION 85
Solucion:    98 9 27 47 21 37 79 78 4 42 43 88 40 83 3 38 97 51 0 7 76 80 65 24 5 44 77 49 2 93 99 34 69 32 95 59 1 29 45 14 31 61 33 87 86 94 10 50 85 64 19 84 89 35 57 46 62 23 66 30 74 17 39 20 70 15 68 11 75 92 41 81 73 55 16 58 91 60 36 28 8 96 26 67 54 12 22 90 71 82 72 25 13 18 63 48 6 52 56 53 
Coste: 23441713
Temperatura: 4616.048124328383
Probabilidad de aceptación: 0.0014741907744295114
Movimiento: NO



ITERACION 86
Solucion:    98 9 27 47 21 37 79 78 4 42 43 22 40 88 3 83 97 51 0 7 76 80 65 24 38 44 77 49 2 93 99 5 69 32 95 59 34 29 45 14 31 61 33 87 86 94 10 50 85 64 19 84 89 35 57 1 46 23 62 30 74 17 39 66 70 15 68 20 75 92 41 81 73 55 16 11 91 60 36 28 58 96 26 67 54 12 90 8 71 82 72 25 13 18 63 48 6 52 56 53 
Coste: 23326194
Temperatura: 4154.443311895545
Probabilidad de aceptación: 5.242199144060728E-4
Movimiento: NO



ITERACION 87
Solucion:    98 8 27 47 21 37 79 9 78 42 43 4 22 88 3 83 97 51 0 7 76 80 65 24 38 44 77 49 2 93 99 5 69 32 95 59 34 29 45 14 31 61 33 87 86 94 10 50 85 64 19 84 89 35 57 1 46 23 62 40 74 17 39 66 70 15 68 20 75 92 41 81 73 55 16 11 91 60 36 28 58 96 26 67 54 12 90 13 71 82 72 25 30 18 63 48 6 52 56 53 
Coste: 23320839
Temperatura: 3738.9989807059906
Probabilidad de aceptación: 4.415012380557682E-4
Movimiento: NO



ITERACION 88
Solucion:    98 8 27 47 21 37 79 9 78 42 43 4 22 88 3 83 71 51 0 7 97 80 76 24 38 44 77 49 2 93 99 5 69 32 95 59 34 29 45 14 31 65 61 87 86 94 10 50 85 64 19 84 89 35 57 33 46 23 62 1 74 40 39 17 70 66 68 20 75 92 41 81 73 55 16 11 91 60 36 28 58 96 26 67 54 12 90 13 52 82 72 25 30 18 63 48 6 15 56 53 
Coste: 23294399
Temperatura: 3365.0990826353914
Probabilidad de aceptación: 5.045099639364631E-5
Movimiento: NO



ITERACION 89
Solucion:    98 82 27 47 21 37 79 8 9 78 43 4 22 88 3 83 71 51 0 7 97 80 76 24 38 44 77 49 2 93 99 5 42 32 95 59 34 29 45 14 31 65 61 87 86 94 10 50 85 64 19 84 89 35 57 33 46 23 62 1 74 40 39 17 70 66 68 20 75 92 41 81 73 55 16 11 91 60 36 28 58 96 26 67 54 12 90 13 52 69 72 25 30 18 63 48 6 15 56 53 
Coste: 23267797
Temperatura: 3028.589174371852
Probabilidad de aceptación: 9.432074821797379E-6
Movimiento: NO



ITERACION 90
Solucion:    98 82 27 47 21 37 79 8 9 78 43 4 22 88 3 83 71 51 0 7 97 80 76 72 38 44 77 49 2 93 99 5 42 32 95 59 34 29 45 14 31 65 61 87 86 94 10 50 85 64 19 84 89 35 57 33 46 23 62 1 74 40 39 17 70 66 68 20 75 92 41 81 73 55 16 11 91 60 36 28 58 96 26 67 54 12 90 13 52 69 30 25 24 18 63 48 6 15 56 53 
Coste: 23267243
Temperatura: 2725.730256934667
Probabilidad de aceptación: 2.0362958874443216E-6
Movimiento: NO



ITERACION 91
Solucion:    98 82 27 47 21 37 79 8 9 78 43 4 22 88 3 83 71 51 0 7 97 80 76 72 38 44 77 49 2 93 99 5 42 32 95 59 34 29 45 14 31 65 61 87 86 94 10 50 85 25 19 84 89 35 57 64 46 23 62 1 74 40 39 17 70 66 68 20 75 33 41 81 73 55 16 11 91 60 36 28 58 96 26 67 54 12 90 13 52 69 30 92 24 18 63 48 6 15 56 53 
Coste: 23272028
Temperatura: 2453.1572312412004
Probabilidad de aceptación: 9.591991144835215E-4
Movimiento: NO



ITERACION 92
Solucion:    98 82 27 47 21 37 79 8 9 24 43 4 22 88 3 83 71 51 0 7 97 80 76 72 38 44 77 49 2 93 99 5 42 32 95 59 34 29 45 14 31 65 61 87 86 94 10 50 85 25 19 84 89 35 57 64 78 23 62 1 74 46 39 17 70 66 68 20 75 33 41 81 73 55 16 11 91 60 36 28 58 96 26 67 54 12 90 13 52 69 30 92 40 18 63 48 6 15 56 53 
Coste: 23240875
Temperatura: 2207.8415081170806
Probabilidad de aceptación: 1.645370761312157E-10
Movimiento: NO



ITERACION 93
Solucion:    98 82 27 47 21 37 79 8 9 24 43 4 22 88 3 83 71 51 0 7 97 80 76 72 38 44 77 49 2 93 99 5 42 32 95 59 34 29 45 14 31 65 61 87 86 94 10 18 85 25 19 84 89 35 57 64 78 23 62 1 74 50 39 17 70 66 68 20 75 33 41 81 73 55 16 11 91 60 36 28 58 96 26 67 54 12 90 13 52 69 30 92 40 46 63 48 6 15 56 53 
Coste: 23225882
Temperatura: 1987.0573573053725
Probabilidad de aceptación: 3.894590773702433E-7
Movimiento: NO



ITERACION 94
Solucion:    98 82 27 47 21 37 79 8 9 24 43 4 22 88 3 83 71 51 0 7 97 80 76 72 38 44 77 49 2 93 99 5 42 32 95 59 34 29 45 14 31 65 61 87 86 94 10 18 85 25 19 84 89 35 57 64 78 23 62 1 74 50 39 17 70 66 68 20 75 33 41 81 73 55 16 11 91 60 36 28 58 96 26 67 54 12 90 13 52 69 30 92 40 46 63 48 6 15 56 53 
Coste: 23225882
Temperatura: 1788.3516215748352
Probabilidad de aceptación: 1.948181257560288E-14
Movimiento: NO



ITERACION 95
Solucion:    98 82 27 47 21 37 79 8 9 24 43 4 22 88 3 83 71 51 0 7 97 80 76 72 38 44 77 49 2 93 99 5 42 48 95 59 34 29 45 14 31 65 61 87 86 94 10 18 85 25 19 84 89 35 57 64 78 23 62 1 74 50 39 17 70 66 68 20 75 33 32 81 73 55 16 41 91 60 36 28 58 96 26 67 54 12 90 13 52 69 30 92 40 46 63 11 6 15 56 53 
Coste: 23206373
Temperatura: 1609.5164594173518
Probabilidad de aceptación: 3.6742317069448495E-11
Movimiento: NO



ITERACION 96
Solucion:    98 82 27 47 21 37 79 8 9 24 43 4 22 88 3 83 71 51 0 7 97 80 76 72 38 44 77 49 2 93 99 5 42 48 95 59 34 29 45 14 31 65 61 87 86 94 10 18 85 25 19 84 89 35 57 64 78 23 62 1 74 50 39 17 70 66 68 20 75 33 32 81 73 55 16 41 91 60 36 28 58 96 26 67 54 12 90 13 52 69 30 92 40 46 63 11 6 15 56 53 
Coste: 23206373
Temperatura: 1448.5648134756166
Probabilidad de aceptación: 4.202119228658093E-17
Movimiento: NO



ITERACION 97
Solucion:    98 82 27 47 21 37 79 8 9 24 43 4 22 88 3 83 71 51 0 7 15 80 76 72 38 44 77 49 2 93 99 5 97 42 95 59 34 29 45 14 31 65 61 87 86 94 10 18 85 25 19 48 89 35 57 64 78 23 62 1 74 50 39 17 70 66 68 20 75 33 84 81 73 55 16 32 91 60 36 41 58 96 26 67 54 12 90 13 52 69 30 92 40 46 63 11 6 28 56 53 
Coste: 23165972
Temperatura: 1303.708332128055
Probabilidad de aceptación: 8.827362103360009E-17
Movimiento: NO



ITERACION 98
Solucion:    98 82 27 47 21 37 79 8 9 24 43 4 22 88 3 83 71 51 0 7 15 80 76 72 38 44 77 49 2 93 99 5 97 42 95 59 34 29 56 14 31 65 61 87 86 94 10 18 85 25 45 48 89 35 57 64 78 23 62 1 74 50 39 17 70 66 68 20 75 33 84 81 73 55 16 32 91 60 36 41 58 96 26 67 54 12 90 13 52 69 30 92 40 46 63 11 6 28 19 53 
Coste: 23164987
Temperatura: 1173.3374989152494
Probabilidad de aceptación: 4.1759283507702004E-10
Movimiento: NO



ITERACION 99
Solucion:    98 82 27 47 21 37 79 8 9 24 43 4 22 88 3 83 71 51 0 7 15 80 76 72 38 44 77 49 2 93 99 5 97 42 95 59 34 29 56 14 31 65 61 87 86 94 10 18 85 25 45 48 89 35 57 64 78 23 62 1 74 50 39 17 70 66 68 20 75 33 84 81 73 55 16 32 91 60 36 41 58 96 26 67 54 12 90 13 52 69 30 92 40 46 63 11 6 28 19 53 
Coste: 23164987
Temperatura: 1056.0037490237246
Probabilidad de aceptación: 1.0
Movimiento: SI



