ITERACION 0
Solucion:    28 68 14 19 76 86 8 70 72 85 64 47 6 5 53 33 3 23 15 82 18 4 29 59 90 17 83 94 57 39 91 37 26 0 2 51 55 27 20 38 46 61 35 54 66 24 21 75 45 11 62 60 10 80 74 49 71 98 7 44 79 31 36 43 32 78 88 96 13 81 40 99 52 84 67 12 69 1 58 73 30 65 56 97 42 87 89 50 9 34 16 63 95 48 77 22 93 92 41 25 
Coste: 24031081
Temperatura: 3.6064809E7
Probabilidad de aceptación: 1.0
Movimiento: SI



ITERACION 1
Solucion:    68 25 28 14 19 76 86 8 70 72 85 64 47 6 5 53 33 3 23 15 82 18 4 29 59 90 17 83 94 57 39 91 37 26 0 2 51 55 27 20 38 46 61 35 54 66 24 21 75 45 11 62 60 10 80 74 49 71 98 7 44 79 31 36 43 32 78 88 96 13 81 40 99 52 84 67 12 69 1 58 73 30 65 56 97 42 87 89 50 9 34 16 63 95 48 77 22 93 92 41 
Coste: 24031553
Temperatura: 3.24583281E7
Probabilidad de aceptación: 1.0
Movimiento: SI



ITERACION 2
Solucion:    28 68 41 25 14 19 76 86 8 70 72 85 64 47 6 5 53 33 3 23 15 82 18 4 29 59 90 17 83 94 57 39 91 37 26 0 2 51 55 27 20 38 46 61 35 54 66 24 21 75 45 11 62 60 10 80 74 49 71 98 7 44 79 31 36 43 32 78 88 96 13 81 40 99 52 84 67 12 69 1 58 73 30 65 56 97 42 87 89 50 9 34 16 63 95 48 77 22 93 92 
Coste: 24163121
Temperatura: 2.9212495290000003E7
Probabilidad de aceptación: 1.0
Movimiento: SI



ITERACION 3
Solucion:    25 28 68 92 41 14 19 76 86 8 70 72 85 64 47 6 5 53 33 3 23 15 82 18 4 29 59 90 17 83 94 57 39 91 37 26 0 2 51 55 27 20 38 46 61 35 54 66 24 21 75 45 11 62 60 10 80 74 49 71 98 7 44 79 31 36 43 32 78 88 96 13 81 40 99 52 84 67 12 69 1 58 73 30 65 56 97 42 87 89 50 9 34 16 63 95 48 77 22 93 
Coste: 24036980
Temperatura: 2.6291245761000004E7
Probabilidad de aceptación: 1.0
Movimiento: SI



ITERACION 4
Solucion:    41 25 28 68 93 92 14 19 76 86 8 70 72 85 64 47 6 5 53 33 3 23 15 82 18 4 29 59 90 17 83 94 57 39 91 37 26 0 2 51 55 27 20 38 46 61 35 54 66 24 21 75 45 11 62 60 10 80 74 49 71 98 7 44 79 31 36 43 32 78 88 96 13 81 40 99 52 84 67 12 69 1 58 73 30 65 56 97 42 87 89 50 9 34 16 63 95 48 77 22 
Coste: 24061084
Temperatura: 2.3662121184900004E7
Probabilidad de aceptación: 1.0
Movimiento: SI



ITERACION 5
Solucion:    92 41 25 28 68 22 93 14 19 76 86 8 70 72 85 64 47 6 5 53 33 3 23 15 82 18 4 29 59 90 17 83 94 57 39 91 37 26 0 2 51 55 27 20 38 46 61 35 54 66 24 21 75 45 11 62 60 10 80 74 49 71 98 7 44 79 31 36 43 32 78 88 96 13 81 40 99 52 84 67 12 69 1 58 73 30 65 56 97 42 87 89 50 9 34 16 63 95 48 77 
Coste: 24070237
Temperatura: 2.1295909066410005E7
Probabilidad de aceptación: 1.0
Movimiento: SI



ITERACION 6
Solucion:    93 92 41 25 28 68 77 22 14 19 76 86 8 70 72 85 64 47 6 5 53 33 3 23 15 82 18 4 29 59 90 17 83 94 57 39 91 37 26 0 2 51 55 27 20 38 46 61 35 54 66 24 21 75 45 11 62 60 10 80 74 49 71 98 7 44 79 31 36 43 32 78 88 96 13 81 40 99 52 84 67 12 69 1 58 73 30 65 56 97 42 87 89 50 9 34 16 63 95 48 
Coste: 23964066
Temperatura: 1.9166318159769006E7
Probabilidad de aceptación: 1.0
Movimiento: SI



ITERACION 7
Solucion:    22 93 92 41 25 28 68 48 77 14 19 76 86 8 70 72 85 64 47 6 5 53 33 3 23 15 82 18 4 29 59 90 17 83 94 57 39 91 37 26 0 2 51 55 27 20 38 46 61 35 54 66 24 21 75 45 11 62 60 10 80 74 49 71 98 7 44 79 31 36 43 32 78 88 96 13 81 40 99 52 84 67 12 69 1 58 73 30 65 56 97 42 87 89 50 9 34 16 63 95 
Coste: 24015443
Temperatura: 1.7249686343792107E7
Probabilidad de aceptación: 1.0
Movimiento: SI



ITERACION 8
Solucion:    77 22 93 92 41 25 28 68 95 48 14 19 76 86 8 70 72 85 64 47 6 5 53 33 3 23 15 82 18 4 29 59 90 17 83 94 57 39 91 37 26 0 2 51 55 27 20 38 46 61 35 54 66 24 21 75 45 11 62 60 10 80 74 49 71 98 7 44 79 31 36 43 32 78 88 96 13 81 40 99 52 84 67 12 69 1 58 73 30 65 56 97 42 87 89 50 9 34 16 63 
Coste: 23973198
Temperatura: 1.5524717709412897E7
Probabilidad de aceptación: 1.0
Movimiento: SI



ITERACION 9
Solucion:    48 77 22 93 92 41 25 28 68 63 95 14 19 76 86 8 70 72 85 64 47 6 5 53 33 3 23 15 82 18 4 29 59 90 17 83 94 57 39 91 37 26 0 2 51 55 27 20 38 46 61 35 54 66 24 21 75 45 11 62 60 10 80 74 49 71 98 7 44 79 31 36 43 32 78 88 96 13 81 40 99 52 84 67 12 69 1 58 73 30 65 56 97 42 87 89 50 9 34 16 
Coste: 24014486
Temperatura: 1.3972245938471608E7
Probabilidad de aceptación: 1.0
Movimiento: SI



ITERACION 10
Solucion:    95 48 77 22 93 92 41 25 28 68 16 63 14 19 76 86 8 70 72 85 64 47 6 5 53 33 3 23 15 82 18 4 29 59 90 17 83 94 57 39 91 37 26 0 2 51 55 27 20 38 46 61 35 54 66 24 21 75 45 11 62 60 10 80 74 49 71 98 7 44 79 31 36 43 32 78 88 96 13 81 40 99 52 84 67 12 69 1 58 73 30 65 56 97 42 87 89 50 9 34 
Coste: 24124150
Temperatura: 1.2575021344624447E7
Probabilidad de aceptación: 1.0
Movimiento: SI



ITERACION 11
Solucion:    63 95 48 77 22 93 92 41 25 28 68 34 16 14 19 76 86 8 70 72 85 64 47 6 5 53 33 3 23 15 82 18 4 29 59 90 17 83 94 57 39 91 37 26 0 2 51 55 27 20 38 46 61 35 54 66 24 21 75 45 11 62 60 10 80 74 49 71 98 7 44 79 31 36 43 32 78 88 96 13 81 40 99 52 84 67 12 69 1 58 73 30 65 56 97 42 87 89 50 9 
Coste: 24094944
Temperatura: 1.1317519210162003E7
Probabilidad de aceptación: 1.0
Movimiento: SI



ITERACION 12
Solucion:    16 63 95 48 77 22 93 92 41 25 28 68 9 34 14 19 76 86 8 70 72 85 64 47 6 5 53 33 3 23 15 82 18 4 29 59 90 17 83 94 57 39 91 37 26 0 2 51 55 27 20 38 46 61 35 54 66 24 21 75 45 11 62 60 10 80 74 49 71 98 7 44 79 31 36 43 32 78 88 96 13 81 40 99 52 84 67 12 69 1 58 73 30 65 56 97 42 87 89 50 
Coste: 24035902
Temperatura: 1.0185767289145803E7
Probabilidad de aceptación: 1.0
Movimiento: SI



ITERACION 13
Solucion:    34 16 63 95 48 77 22 93 92 41 25 28 68 50 9 14 19 76 86 8 70 72 85 64 47 6 5 53 33 3 23 15 82 18 4 29 59 90 17 83 94 57 39 91 37 26 0 2 51 55 27 20 38 46 61 35 54 66 24 21 75 45 11 62 60 10 80 74 49 71 98 7 44 79 31 36 43 32 78 88 96 13 81 40 99 52 84 67 12 69 58 1 73 30 65 56 97 42 87 89 
Coste: 24131906
Temperatura: 9167190.560231224
Probabilidad de aceptación: 1.0
Movimiento: SI



ITERACION 14
Solucion:    9 34 16 63 95 48 77 22 93 92 41 25 28 68 89 50 19 14 76 86 8 70 72 85 64 47 6 5 53 33 3 23 15 82 18 4 29 59 90 17 83 94 57 39 91 37 26 0 2 51 55 27 20 38 46 61 35 54 66 24 21 75 45 11 62 60 10 80 74 49 71 98 7 44 79 31 36 43 32 78 88 96 13 81 40 99 52 84 67 12 69 58 1 73 30 65 56 97 42 87 
Coste: 24066582
Temperatura: 8250471.504208102
Probabilidad de aceptación: 1.0
Movimiento: SI



ITERACION 15
Solucion:    50 9 34 16 63 95 48 77 22 93 92 41 25 28 68 87 89 19 14 76 86 8 70 72 85 64 47 6 5 53 33 3 23 15 82 18 4 29 59 90 17 83 94 57 39 91 37 26 0 2 51 55 27 20 38 46 61 35 54 66 24 21 75 45 11 62 60 10 80 74 49 71 98 7 44 79 31 36 43 32 78 88 96 13 81 40 99 52 84 67 12 69 58 1 73 30 65 56 97 42 
Coste: 24119053
Temperatura: 7425424.353787292
Probabilidad de aceptación: 1.0
Movimiento: SI



ITERACION 16
Solucion:    89 50 9 34 16 63 95 48 77 22 93 92 41 25 28 68 42 87 19 14 76 86 8 70 72 85 64 47 6 5 53 33 3 23 15 82 18 4 29 59 90 17 83 94 57 39 91 37 26 0 2 51 55 27 20 38 46 61 35 54 66 24 21 75 45 11 62 60 10 80 74 49 71 98 7 44 79 31 36 43 32 78 88 96 13 81 40 99 52 84 67 12 69 58 1 73 30 65 56 97 
Coste: 23969131
Temperatura: 6682881.918408562
Probabilidad de aceptación: 1.0
Movimiento: SI



ITERACION 17
Solucion:    87 89 50 9 34 16 63 95 48 77 22 93 92 41 25 28 68 97 42 19 14 76 86 8 70 72 85 64 47 6 5 53 33 3 23 15 82 18 4 29 59 90 17 83 94 57 39 91 37 26 0 2 51 55 27 20 38 46 61 35 54 66 24 21 75 45 11 62 60 10 80 74 49 71 98 7 44 79 31 36 43 32 78 88 96 13 81 40 99 52 84 67 12 69 58 1 73 30 65 56 
Coste: 24018491
Temperatura: 6014593.726567706
Probabilidad de aceptación: 1.0
Movimiento: SI



ITERACION 18
Solucion:    42 87 89 50 9 34 16 63 95 48 77 22 93 92 41 25 28 68 56 97 19 14 76 86 8 70 72 85 64 47 6 5 53 33 3 23 15 82 18 4 29 59 90 17 83 94 57 39 91 37 26 0 2 51 55 27 20 38 46 61 35 54 66 24 21 75 45 11 62 60 10 80 74 49 71 98 7 44 79 31 36 43 32 78 88 96 13 81 40 99 52 84 67 12 69 58 1 73 30 65 
Coste: 23972616
Temperatura: 5413134.353910936
Probabilidad de aceptación: 1.0
Movimiento: SI



ITERACION 19
Solucion:    97 42 87 89 50 9 34 16 63 95 48 77 22 93 92 41 25 28 68 65 56 19 14 76 86 8 70 72 85 64 47 6 5 53 33 3 23 15 82 18 4 29 59 90 17 83 94 57 39 91 37 26 0 2 51 55 27 20 38 46 61 35 54 66 24 21 75 45 11 62 60 10 80 74 49 71 98 7 44 79 31 36 43 32 78 88 96 13 81 40 52 99 84 67 12 69 58 1 73 30 
Coste: 24104680
Temperatura: 4871820.918519842
Probabilidad de aceptación: 1.0
Movimiento: SI



ITERACION 20
Solucion:    56 97 42 87 89 50 9 34 16 63 95 48 77 22 93 92 41 25 28 68 30 65 19 14 76 86 8 70 72 85 64 47 6 5 53 33 3 23 15 82 18 4 29 59 90 17 83 94 57 39 91 37 26 0 2 51 55 27 20 38 46 61 35 54 66 24 21 75 45 11 62 60 10 80 74 49 71 98 7 44 79 31 36 43 32 78 88 96 13 81 40 52 99 84 67 12 69 58 1 73 
Coste: 24060725
Temperatura: 4384638.826667858
Probabilidad de aceptación: 1.0
Movimiento: SI



ITERACION 21
Solucion:    65 56 97 42 87 89 50 9 34 16 63 95 48 77 22 93 92 41 25 28 68 73 30 19 14 76 86 8 70 72 85 64 47 6 5 53 33 3 23 15 82 18 4 29 59 90 17 83 94 57 39 91 37 26 0 2 51 55 27 20 38 46 61 35 54 66 24 21 75 45 11 62 60 10 80 74 49 71 98 7 44 79 31 36 43 32 78 88 96 13 81 40 52 99 84 67 12 69 58 1 
Coste: 24097309
Temperatura: 3946174.9440010726
Probabilidad de aceptación: 1.0
Movimiento: SI



ITERACION 22
Solucion:    30 65 56 97 42 87 89 50 9 34 16 63 95 48 77 22 93 92 41 25 28 68 1 73 19 14 76 86 8 70 72 85 64 47 6 5 53 33 3 23 15 82 18 4 29 59 90 17 83 94 57 39 91 37 26 0 2 51 55 27 20 38 46 61 35 54 66 24 21 75 45 11 62 60 10 80 74 49 71 98 7 44 79 31 36 43 32 78 88 96 13 81 40 52 99 84 67 12 69 58 
Coste: 24012530
Temperatura: 3551557.4496009653
Probabilidad de aceptación: 1.0
Movimiento: SI



ITERACION 23
Solucion:    73 30 65 56 97 42 87 89 50 9 34 16 63 95 48 77 22 93 92 41 25 28 68 58 1 19 14 76 86 8 70 72 85 64 47 6 5 53 33 3 23 15 82 18 4 29 59 90 17 83 94 57 39 91 37 26 0 2 51 55 27 20 38 46 61 35 54 66 24 21 75 45 11 62 60 10 80 74 49 71 98 7 44 79 31 36 43 32 78 88 96 13 81 40 52 99 84 67 12 69 
Coste: 23903140
Temperatura: 3196401.7046408686
Probabilidad de aceptación: 1.0
Movimiento: SI



ITERACION 24
Solucion:    1 73 30 65 56 97 42 87 89 50 9 34 16 63 95 48 77 22 93 92 41 25 28 68 69 58 19 14 76 86 8 70 72 85 64 47 6 5 53 33 3 23 15 82 18 4 29 59 90 17 83 94 57 39 91 37 26 0 2 51 55 27 20 38 46 61 35 54 66 24 21 75 45 11 62 60 10 80 74 49 71 98 7 44 79 31 36 43 32 78 88 96 13 81 40 52 99 84 67 12 
Coste: 24028755
Temperatura: 2876761.534176782
Probabilidad de aceptación: 1.0
Movimiento: SI



ITERACION 25
Solucion:    58 1 73 30 65 56 97 42 87 89 50 9 34 16 63 95 48 77 22 93 92 41 25 28 68 12 69 19 14 76 86 8 70 72 85 64 47 6 5 53 33 3 23 15 82 18 4 29 59 90 17 83 94 57 39 91 37 26 0 2 51 55 27 20 38 46 61 35 54 66 24 21 75 45 11 62 60 10 80 74 49 71 98 7 44 79 31 36 43 32 78 88 96 13 81 40 52 99 84 67 
Coste: 24027389
Temperatura: 2589085.3807591037
Probabilidad de aceptación: 1.0
Movimiento: SI



ITERACION 26
Solucion:    69 58 1 73 30 65 56 97 42 87 89 50 9 34 16 63 95 48 77 22 93 92 41 25 28 68 67 12 19 14 76 86 8 70 72 85 64 47 6 5 53 33 3 23 15 82 18 4 29 59 90 17 83 94 57 39 91 37 26 0 2 51 55 27 20 38 46 61 35 54 66 24 21 75 45 11 62 60 10 80 74 49 71 98 7 44 79 31 36 43 32 78 88 96 13 81 40 52 99 84 
Coste: 24117123
Temperatura: 2330176.8426831933
Probabilidad de aceptación: 1.0
Movimiento: SI



ITERACION 27
Solucion:    12 69 58 1 73 30 65 56 97 42 87 89 50 9 34 16 63 95 48 77 22 93 92 41 25 28 68 84 67 19 14 76 86 8 70 72 85 64 47 6 5 53 33 3 23 15 82 18 4 29 59 90 17 83 94 57 39 91 37 26 0 2 51 55 27 20 38 46 61 35 54 66 24 21 75 45 11 62 60 10 80 74 49 71 98 7 44 79 31 36 43 32 78 88 96 13 81 40 52 99 
Coste: 23994428
Temperatura: 2097159.158414874
Probabilidad de aceptación: 1.0
Movimiento: SI



ITERACION 28
Solucion:    67 12 69 58 1 73 30 65 56 97 42 87 89 50 9 34 16 63 95 48 77 22 93 92 41 25 28 68 99 84 19 14 76 86 8 70 72 85 64 47 6 5 53 33 3 23 15 82 18 4 29 59 90 17 83 94 57 39 91 37 26 0 2 51 55 27 20 38 46 61 35 54 66 24 21 75 45 11 62 60 10 80 74 49 71 98 7 44 79 31 36 43 32 78 88 96 13 81 40 52 
Coste: 23993053
Temperatura: 1887443.2425733868
Probabilidad de aceptación: 1.0
Movimiento: SI



ITERACION 29
Solucion:    84 67 12 69 58 1 73 30 65 56 97 42 87 89 50 9 34 16 63 95 48 77 22 93 92 41 25 28 68 52 99 19 14 76 86 8 70 72 85 64 47 6 5 53 33 3 23 15 82 18 4 29 59 90 17 83 94 57 39 91 37 26 0 2 51 55 27 20 38 46 61 35 54 66 24 21 75 45 11 62 60 10 80 74 49 71 98 7 44 79 31 36 43 32 78 88 96 13 81 40 
Coste: 24004676
Temperatura: 1698698.918316048
Probabilidad de aceptación: 1.0
Movimiento: SI



ITERACION 30
Solucion:    99 84 67 12 69 58 1 73 30 65 56 97 42 87 89 50 9 34 16 63 95 48 77 22 93 92 41 25 28 68 40 52 19 14 76 86 8 70 72 85 64 47 6 5 53 33 3 23 15 82 18 4 29 59 90 17 83 94 57 39 91 37 26 0 2 51 55 27 20 38 46 61 35 54 66 24 21 75 45 11 62 60 10 80 74 49 71 98 7 44 79 31 36 43 32 78 88 96 13 81 
Coste: 24089721
Temperatura: 1528829.0264844433
Probabilidad de aceptación: 1.0
Movimiento: SI



ITERACION 31
Solucion:    52 99 84 67 12 69 58 1 73 30 65 56 97 42 87 89 50 9 34 16 63 95 48 77 22 93 92 41 25 68 28 81 40 19 14 76 86 8 70 72 85 64 47 6 5 53 33 3 23 15 82 18 4 29 59 90 17 83 94 57 39 91 37 26 0 2 51 55 27 20 38 46 61 35 54 66 24 21 75 45 11 62 60 10 80 74 49 71 98 7 44 79 31 36 43 32 78 88 96 13 
Coste: 23968192
Temperatura: 1375946.123835999
Probabilidad de aceptación: 1.0
Movimiento: SI



ITERACION 32
Solucion:    40 52 99 84 67 12 69 58 1 73 30 65 56 97 42 87 89 50 9 34 16 63 95 48 77 22 93 92 41 25 68 28 13 81 19 14 76 86 8 70 72 85 64 47 6 5 53 33 3 23 15 82 18 4 29 59 90 17 83 94 57 39 91 37 26 0 2 51 55 27 20 38 46 61 35 54 66 24 21 75 45 11 62 60 10 80 74 49 71 7 98 44 79 31 36 43 32 78 88 96 
Coste: 23955011
Temperatura: 1238351.5114523992
Probabilidad de aceptación: 1.0
Movimiento: SI



ITERACION 33
Solucion:    81 40 52 99 84 67 12 69 58 1 73 30 65 56 97 42 87 89 50 9 34 16 63 95 48 77 22 93 92 41 25 68 28 96 13 19 14 76 86 8 70 72 85 64 47 6 5 53 33 3 23 15 82 18 4 29 59 90 17 83 94 57 39 91 37 26 0 2 51 55 27 20 38 46 61 35 54 66 24 21 75 45 11 62 60 10 80 74 49 71 7 98 44 79 31 36 43 32 78 88 
Coste: 24078166
Temperatura: 1114516.3603071594
Probabilidad de aceptación: 1.0
Movimiento: SI



ITERACION 34
Solucion:    13 81 40 52 99 84 67 12 69 58 1 73 30 65 56 97 42 87 89 50 9 34 16 63 95 48 77 22 93 92 41 25 68 28 88 96 19 14 76 8 86 70 72 85 64 47 6 5 53 33 3 23 15 82 18 4 29 59 90 17 83 94 57 39 91 37 26 0 2 51 55 27 20 38 46 61 35 54 66 24 21 75 45 11 62 60 10 80 74 49 71 7 98 44 79 31 36 43 32 78 
Coste: 24068441
Temperatura: 1003064.7242764435
Probabilidad de aceptación: 1.0
Movimiento: SI



ITERACION 35
Solucion:    96 13 81 40 52 84 99 67 12 69 58 1 73 30 65 56 97 42 87 89 50 9 34 16 63 95 48 77 22 93 92 41 25 68 28 78 88 19 14 76 8 86 70 72 85 64 47 6 5 53 33 3 23 15 82 18 4 29 59 90 17 83 94 57 39 91 37 26 0 2 51 55 27 20 38 46 61 35 54 66 24 21 75 45 11 62 60 10 80 74 49 71 7 98 44 79 31 36 43 32 
Coste: 24092567
Temperatura: 902758.2518487992
Probabilidad de aceptación: 1.0
Movimiento: SI



ITERACION 36
Solucion:    88 96 13 81 40 52 84 99 67 12 69 58 1 73 30 65 56 97 42 87 89 50 9 34 16 63 95 48 77 22 93 92 41 25 68 28 32 78 19 14 76 8 86 70 72 85 64 47 6 5 53 33 3 23 15 82 18 4 29 59 90 17 83 94 57 39 91 37 26 0 2 51 55 27 20 38 46 61 35 54 66 24 21 75 45 11 62 60 10 80 74 49 71 7 98 44 79 31 36 43 
Coste: 24039881
Temperatura: 812482.4266639192
Probabilidad de aceptación: 1.0
Movimiento: SI



ITERACION 37
Solucion:    78 88 96 13 81 40 52 84 99 67 12 69 58 1 73 30 65 56 97 42 87 89 50 9 34 16 63 95 48 77 22 93 92 41 25 68 28 43 32 19 14 76 8 86 70 72 85 64 47 6 5 53 33 3 23 15 82 18 4 29 59 90 17 83 94 57 39 91 37 26 0 2 51 55 27 20 38 46 61 35 54 66 24 21 75 45 11 62 60 10 80 74 49 71 7 98 44 79 31 36 
Coste: 24109523
Temperatura: 731234.1839975273
Probabilidad de aceptación: 1.0
Movimiento: SI



ITERACION 38
Solucion:    32 78 88 96 13 81 40 52 84 99 67 12 69 58 1 73 30 65 97 56 42 87 89 9 50 34 16 63 95 48 77 22 93 92 41 25 68 28 36 43 19 14 76 8 86 70 72 85 64 47 6 5 53 33 3 23 15 82 18 4 29 59 90 17 83 94 57 39 91 37 26 0 2 51 55 27 20 38 46 61 35 54 66 24 21 75 45 11 62 60 10 80 74 49 71 7 98 44 79 31 
Coste: 24078041
Temperatura: 658110.7655977746
Probabilidad de aceptación: 1.0
Movimiento: SI



ITERACION 39
Solucion:    43 32 78 88 96 13 81 40 52 84 99 67 12 69 58 1 73 30 65 97 56 42 87 89 9 50 34 16 63 95 48 77 22 93 92 41 25 68 28 31 36 19 14 76 8 86 70 72 85 64 47 6 5 53 33 3 23 15 82 18 4 29 59 90 17 83 94 57 39 91 37 26 0 2 51 55 27 20 38 46 61 35 54 66 24 21 75 45 11 62 60 10 80 74 49 71 7 98 44 79 
Coste: 24005882
Temperatura: 592299.6890379972
Probabilidad de aceptación: 1.0
Movimiento: SI



ITERACION 40
Solucion:    36 43 78 32 88 96 13 81 40 52 84 99 67 12 69 58 1 73 30 65 97 56 42 87 89 9 50 34 16 63 95 48 77 22 93 92 41 25 68 28 79 31 19 14 76 8 86 70 72 85 64 47 6 5 53 33 3 23 15 82 18 4 29 59 90 17 83 94 57 39 91 37 26 0 2 51 55 27 20 38 46 61 35 54 66 24 21 75 45 11 62 60 10 80 74 49 71 7 98 44 
Coste: 23990730
Temperatura: 533069.7201341975
Probabilidad de aceptación: 1.0
Movimiento: SI



ITERACION 41
Solucion:    31 36 43 78 32 88 96 13 81 40 52 84 99 67 12 69 58 1 73 30 65 97 56 42 87 89 9 50 34 16 63 95 48 77 22 93 92 41 25 68 28 44 79 19 14 76 8 86 70 72 85 64 47 6 5 53 33 3 23 15 82 18 4 29 59 90 17 83 94 57 39 91 37 26 0 2 51 55 27 20 38 46 61 35 54 66 24 21 75 45 11 62 60 10 80 74 49 71 7 98 
Coste: 24030362
Temperatura: 479762.7481207778
Probabilidad de aceptación: 1.0
Movimiento: SI



ITERACION 42
Solucion:    79 31 36 43 78 32 88 96 13 81 40 52 84 99 67 12 69 58 1 73 30 65 97 56 42 87 89 9 50 34 16 63 95 48 77 22 93 92 41 25 68 44 98 28 19 14 76 8 86 70 72 85 64 47 6 5 53 33 3 23 15 82 18 4 29 59 90 17 83 94 57 39 91 37 26 0 2 51 55 27 20 38 46 61 35 54 66 24 21 75 45 11 62 60 10 80 74 49 71 7 
Coste: 24120147
Temperatura: 431786.4733087
Probabilidad de aceptación: 1.0
Movimiento: SI



ITERACION 43
Solucion:    28 79 31 36 43 78 32 88 96 13 81 40 52 84 99 67 12 69 58 1 73 30 65 97 56 42 87 89 9 50 34 16 63 95 48 77 22 93 92 41 25 68 44 71 98 19 14 76 8 86 70 72 85 64 47 6 5 53 33 3 23 15 82 18 4 29 59 90 17 83 94 57 39 91 37 26 2 0 51 55 27 20 38 46 61 35 54 66 24 21 75 45 11 62 60 10 80 74 49 7 
Coste: 24093597
Temperatura: 388607.82597783004
Probabilidad de aceptación: 0.8985511936029511
Movimiento: NO



ITERACION 44
Solucion:    98 28 79 31 36 43 78 32 88 96 13 81 40 52 84 99 67 12 69 58 1 73 30 65 97 56 42 87 89 9 50 34 16 63 95 48 77 22 93 92 41 25 68 44 7 71 19 14 76 8 86 70 72 85 64 47 6 5 53 33 3 23 15 82 18 4 29 59 90 17 83 94 39 57 91 37 26 2 0 51 55 27 20 38 46 61 35 54 66 24 21 75 45 11 62 60 10 80 74 49 
Coste: 23976499
Temperatura: 349747.043380047
Probabilidad de aceptación: 1.0
Movimiento: SI



ITERACION 45
Solucion:    71 98 28 79 31 36 43 78 32 88 96 13 81 40 52 84 99 67 12 69 58 1 73 30 65 97 56 87 42 89 9 50 34 16 63 95 48 77 22 93 92 41 68 25 44 49 7 19 14 76 8 86 70 72 85 64 47 6 5 53 33 3 23 15 82 18 4 29 59 90 17 83 94 39 57 91 37 26 2 0 51 55 27 20 38 46 61 35 54 66 24 21 75 45 11 62 60 10 80 74 
Coste: 24037266
Temperatura: 314772.3390420423
Probabilidad de aceptación: 1.0
Movimiento: SI



ITERACION 46
Solucion:    7 71 98 28 79 31 36 43 78 32 88 96 13 81 40 52 84 99 67 12 69 58 1 73 30 65 97 87 56 42 89 9 50 34 16 63 95 77 48 22 92 93 41 68 25 44 74 49 19 14 76 8 86 70 72 85 64 47 6 5 53 33 3 23 15 82 18 4 29 59 90 17 83 94 39 57 91 37 26 2 0 51 55 27 20 38 46 61 35 54 66 24 21 75 45 11 62 60 10 80 
Coste: 23971367
Temperatura: 283295.1051378381
Probabilidad de aceptación: 1.0
Movimiento: SI



ITERACION 47
Solucion:    49 7 71 98 28 79 31 36 43 78 32 88 96 13 81 40 52 84 99 67 12 69 58 1 73 30 65 97 87 56 42 89 9 50 34 16 63 95 77 48 22 92 93 41 68 25 44 10 74 19 14 76 8 86 70 72 85 64 47 6 5 53 33 3 23 15 82 18 4 29 59 90 17 83 94 39 57 91 37 26 2 0 51 55 27 20 38 46 61 35 54 66 24 21 75 45 11 62 60 80 
Coste: 24066713
Temperatura: 254965.5946240543
Probabilidad de aceptación: 0.9096074058804736
Movimiento: NO



ITERACION 48
Solucion:    74 49 7 71 98 28 79 31 36 43 78 32 88 96 13 81 40 52 84 99 67 12 69 58 1 73 30 65 97 87 56 42 89 9 50 34 16 63 95 77 48 22 92 93 41 68 25 44 80 10 19 14 76 8 86 70 72 85 64 47 6 5 53 33 3 23 15 82 18 4 29 59 90 17 83 94 57 39 91 37 26 2 0 51 55 27 20 38 46 61 35 54 66 24 21 75 45 11 62 60 
Coste: 24053317
Temperatura: 229469.03516164888
Probabilidad de aceptación: 1.0
Movimiento: SI



ITERACION 49
Solucion:    10 74 49 7 71 98 28 79 31 36 43 78 32 88 96 13 81 40 52 84 99 67 12 69 58 73 1 30 65 97 87 56 42 89 9 50 34 16 63 95 77 48 22 92 93 41 68 25 44 60 80 19 14 76 8 86 70 72 85 64 47 6 5 53 33 3 23 15 82 18 4 29 59 90 17 83 94 57 39 91 37 26 2 0 51 55 27 20 38 46 61 35 54 66 24 21 75 45 11 62 
Coste: 24044199
Temperatura: 206522.13164548398
Probabilidad de aceptación: 1.0
Movimiento: SI



ITERACION 50
Solucion:    80 74 10 49 71 7 28 98 79 31 36 43 78 32 88 96 13 81 40 52 84 99 67 12 69 58 73 1 30 65 97 87 56 42 89 9 50 34 63 16 95 77 48 22 92 93 41 68 25 44 62 60 19 14 76 8 86 70 72 85 64 47 6 5 53 33 3 23 15 82 18 4 29 59 90 17 83 94 57 91 39 37 26 2 0 51 55 27 20 38 46 61 35 54 66 24 21 75 45 11 
Coste: 23994128
Temperatura: 185869.9184809356
Probabilidad de aceptación: 1.0
Movimiento: SI



ITERACION 51
Solucion:    60 80 74 10 49 71 7 28 98 79 31 36 43 78 32 88 96 81 13 40 52 84 99 67 12 69 58 73 1 30 65 97 87 56 42 89 9 50 63 34 16 95 77 48 22 92 93 41 68 25 44 11 62 19 14 76 8 86 70 72 85 64 47 6 5 53 33 3 15 23 82 18 4 29 59 90 17 83 94 57 91 39 37 26 2 0 51 55 27 20 38 46 61 35 54 66 24 21 75 45 
Coste: 23892782
Temperatura: 167282.92663284205
Probabilidad de aceptación: 1.0
Movimiento: SI



ITERACION 52
Solucion:    62 60 80 74 10 49 71 7 28 98 79 31 36 43 78 32 88 96 81 13 40 52 84 99 67 12 69 58 73 1 30 65 97 87 56 42 89 9 50 63 16 95 34 77 48 22 92 93 41 68 25 44 45 11 19 14 76 8 86 70 72 85 64 47 6 5 53 33 3 15 23 82 18 4 29 59 90 17 83 94 57 91 39 37 26 2 0 51 55 27 20 38 46 61 35 54 66 24 21 75 
Coste: 24163610
Temperatura: 150554.63396955785
Probabilidad de aceptación: 1.0
Movimiento: SI



ITERACION 53
Solucion:    11 62 60 80 10 74 49 71 7 28 98 79 31 36 43 78 32 88 96 81 13 52 40 84 99 67 12 69 58 73 1 30 65 97 87 56 42 89 9 50 63 16 34 95 77 48 22 92 93 41 68 25 44 75 45 19 14 76 8 86 70 72 85 64 47 6 5 53 33 3 15 23 82 18 4 29 59 90 17 83 94 57 91 39 37 26 2 0 55 51 27 20 38 46 35 61 54 66 24 21 
Coste: 23991982
Temperatura: 135499.17057260207
Probabilidad de aceptación: 1.0
Movimiento: SI



ITERACION 54
Solucion:    45 11 62 60 80 10 74 49 71 7 28 98 79 31 36 43 78 88 32 96 81 13 52 40 84 99 67 12 58 69 73 1 30 65 97 87 56 42 89 9 50 63 16 34 95 77 48 22 92 93 41 68 44 25 21 75 19 14 76 8 86 70 72 85 64 47 6 5 53 33 3 15 23 82 4 29 18 59 90 17 83 94 57 91 39 37 26 2 0 55 51 27 20 38 46 35 54 61 66 24 
Coste: 24077306
Temperatura: 121949.25351534187
Probabilidad de aceptación: 1.0
Movimiento: SI



ITERACION 55
Solucion:    75 45 11 62 60 80 10 74 49 71 7 28 79 98 31 36 43 78 88 32 96 81 13 52 40 84 99 67 12 58 69 73 30 1 65 97 87 56 42 89 9 50 63 16 34 95 77 48 22 92 93 41 68 44 25 24 21 19 14 76 8 86 70 72 85 64 47 6 5 53 33 3 15 23 82 4 29 18 59 90 17 83 94 57 91 39 37 26 2 0 55 51 27 20 38 46 35 54 61 66 
Coste: 24050108
Temperatura: 109754.32816380769
Probabilidad de aceptación: 1.0
Movimiento: SI



ITERACION 56
Solucion:    21 45 75 62 11 60 80 10 74 49 71 7 28 79 98 31 36 43 78 88 32 96 81 13 52 40 84 99 67 12 58 69 73 30 1 65 97 87 56 42 89 9 50 63 16 34 95 77 48 22 92 93 41 68 25 44 66 24 19 14 76 8 86 70 72 85 64 47 6 5 53 33 3 15 23 82 4 29 59 18 90 17 83 94 57 91 39 37 2 26 0 55 51 27 20 38 46 35 54 61 
Coste: 24068281
Temperatura: 98778.89534742692
Probabilidad de aceptación: 1.0
Movimiento: SI



ITERACION 57
Solucion:    24 21 45 75 62 11 60 80 10 74 49 71 7 28 79 98 36 31 43 78 88 32 96 81 13 52 40 84 99 67 12 58 69 73 30 1 65 97 87 56 42 89 9 50 63 16 34 95 48 22 77 92 93 41 68 25 44 61 66 19 14 76 8 86 70 72 85 64 47 6 5 53 33 3 15 23 4 82 29 59 18 90 17 94 83 57 91 39 37 2 26 0 55 51 27 20 38 46 35 54 
Coste: 24015036
Temperatura: 88901.00581268423
Probabilidad de aceptación: 1.0
Movimiento: SI



ITERACION 58
Solucion:    66 24 21 45 75 62 60 11 80 10 74 49 71 7 28 79 98 36 31 43 78 88 32 96 81 13 52 40 84 99 12 67 58 69 73 30 1 97 65 87 56 42 89 9 50 16 63 34 95 48 22 77 92 93 41 68 25 44 35 61 19 14 76 8 86 70 72 85 64 47 6 53 5 33 3 15 4 23 82 29 59 18 90 17 94 83 57 91 39 37 2 26 0 55 51 27 20 38 46 54 
Coste: 23991984
Temperatura: 80010.90523141582
Probabilidad de aceptación: 0.7600659281805507
Movimiento: NO



ITERACION 59
Solucion:    61 66 24 21 45 75 60 62 11 80 10 74 71 49 28 7 79 98 36 43 31 78 88 32 96 81 52 13 40 84 99 12 67 58 69 73 30 1 97 65 87 56 42 89 9 50 16 63 95 48 34 22 77 92 93 41 68 25 44 54 19 14 76 35 8 86 72 70 64 85 47 6 53 5 33 3 15 4 23 29 59 82 90 18 17 94 83 91 57 39 37 26 2 0 55 51 27 20 38 46 
Coste: 23965567
Temperatura: 72009.81470827424
Probabilidad de aceptación: 1.0
Movimiento: SI



ITERACION 60
Solucion:    19 61 24 66 21 45 75 60 62 11 80 10 74 49 71 28 7 79 36 98 43 31 78 88 32 96 81 52 13 40 84 99 12 67 58 69 73 30 1 97 65 87 56 42 9 89 50 16 63 95 48 34 22 77 92 93 41 68 25 44 46 54 14 76 35 8 72 86 70 64 85 6 53 5 47 33 3 15 4 23 59 29 82 90 18 17 94 83 91 57 39 37 26 2 0 55 51 27 20 38 
Coste: 24030073
Temperatura: 64808.833237446815
Probabilidad de aceptación: 1.0
Movimiento: SI



ITERACION 61
Solucion:    54 19 61 24 66 21 75 60 45 62 11 10 74 49 80 71 28 7 36 79 98 43 31 78 88 32 96 81 52 13 40 84 99 12 67 58 69 73 30 1 65 97 87 56 42 9 50 89 16 63 95 48 34 22 77 92 93 41 68 25 44 38 46 76 14 35 8 72 86 64 70 85 6 53 5 47 33 3 15 4 23 59 29 82 90 18 17 94 83 91 57 39 37 2 26 0 51 55 27 20 
Coste: 24004389
Temperatura: 58327.949913702134
Probabilidad de aceptación: 1.0
Movimiento: SI



ITERACION 62
Solucion:    46 54 19 61 24 66 21 75 60 62 45 11 10 74 49 80 71 28 7 79 36 98 43 31 78 88 32 96 52 81 13 40 84 99 12 67 58 69 73 30 1 65 97 87 56 42 50 9 89 16 63 95 48 34 22 77 92 93 41 68 44 25 20 76 38 14 8 35 72 86 64 70 85 6 53 5 47 33 3 15 23 4 59 29 82 90 18 17 94 83 91 57 39 37 2 26 51 0 55 27 
Coste: 23996749
Temperatura: 52495.15492233192
Probabilidad de aceptación: 1.0
Movimiento: SI



ITERACION 63
Solucion:    46 76 54 19 61 24 66 21 75 60 62 45 11 10 74 80 49 71 28 7 36 79 98 43 78 31 88 32 96 52 81 13 40 84 99 12 67 58 69 73 30 65 1 97 87 56 42 50 9 16 89 63 95 48 34 22 77 92 93 41 68 44 25 27 38 14 20 8 35 72 86 64 70 85 6 53 5 33 47 3 15 23 4 59 29 82 18 90 17 94 83 91 57 39 37 2 51 26 55 0 
Coste: 23983024
Temperatura: 47245.63943009873
Probabilidad de aceptación: 1.0
Movimiento: SI



ITERACION 64
Solucion:    38 76 46 54 19 61 24 66 21 75 60 62 11 45 74 10 80 49 71 28 7 36 79 98 43 78 31 88 32 96 52 81 13 40 84 12 99 67 58 69 73 30 65 1 97 87 56 42 50 16 89 9 63 95 48 34 22 77 92 93 41 68 44 25 0 27 14 20 8 35 72 64 86 70 85 6 5 53 33 47 3 15 23 4 59 29 18 82 17 90 94 83 91 57 39 37 2 51 55 26 
Coste: 23866908
Temperatura: 42521.075487088856
Probabilidad de aceptación: 1.0
Movimiento: SI



ITERACION 65
Solucion:    27 38 76 46 54 19 61 24 66 75 21 60 11 62 74 45 10 80 71 49 28 7 36 79 98 43 78 31 32 88 96 52 81 40 13 84 99 12 67 58 69 73 30 65 1 87 97 42 56 50 16 89 9 63 95 48 34 77 22 92 93 41 44 68 0 26 25 14 8 35 20 72 64 86 85 6 70 53 5 33 47 3 15 23 4 59 29 18 82 17 90 83 94 91 57 39 37 51 2 55 
Coste: 23968933
Temperatura: 38268.967938379974
Probabilidad de aceptación: 1.0
Movimiento: SI



ITERACION 66
Solucion:    25 27 38 46 76 19 54 24 66 61 21 75 60 11 74 62 45 10 80 71 49 28 7 36 79 98 43 78 32 31 88 96 52 81 40 13 84 99 12 67 58 69 73 30 65 1 87 97 42 56 50 16 89 9 63 48 34 95 77 22 92 93 41 44 68 0 55 26 14 8 35 72 64 86 85 20 6 70 53 5 47 33 3 15 23 59 4 18 82 17 29 90 83 91 94 57 39 51 37 2 
Coste: 23930890
Temperatura: 34442.07114454198
Probabilidad de aceptación: 1.0
Movimiento: SI



ITERACION 67
Solucion:    26 25 27 46 38 76 19 54 24 66 21 61 75 60 74 62 11 45 10 80 71 28 49 36 79 7 98 43 78 32 31 88 96 52 81 13 40 84 99 12 67 58 73 69 30 65 1 87 97 42 56 16 50 89 9 63 48 34 95 77 92 22 93 44 41 68 0 2 55 14 8 72 64 35 86 85 6 20 70 53 47 33 5 15 3 23 59 4 82 18 17 90 29 83 91 94 57 39 37 51 
Coste: 23986619
Temperatura: 30997.86403008778
Probabilidad de aceptación: 1.0
Movimiento: SI



ITERACION 68
Solucion:    55 26 27 46 25 38 76 19 54 24 66 21 61 60 75 62 74 11 45 10 80 71 28 49 79 36 98 7 43 32 31 78 96 88 52 81 13 40 84 12 99 67 58 69 73 30 65 1 87 42 97 16 56 50 89 9 63 48 34 95 92 77 93 22 41 44 68 0 37 14 8 72 2 64 35 85 86 20 70 6 53 47 5 33 15 23 3 59 82 18 4 17 29 90 83 91 94 57 39 51 
Coste: 23937882
Temperatura: 27898.077627079005
Probabilidad de aceptación: 0.3273088209729419
Movimiento: NO



ITERACION 69
Solucion:    55 14 26 27 46 25 38 76 19 54 24 66 21 61 60 75 62 74 11 10 80 45 71 49 28 79 36 98 43 7 32 31 78 96 88 52 81 13 40 12 99 84 67 58 69 73 30 65 1 42 87 97 16 56 50 89 9 63 48 95 92 34 77 93 22 41 44 68 37 51 0 8 72 64 2 35 85 86 20 70 6 53 5 47 33 15 23 3 59 82 4 17 18 90 29 83 94 91 39 57 
Coste: 23764542
Temperatura: 25108.269864371105
Probabilidad de aceptación: 1.0
Movimiento: SI



ITERACION 70
Solucion:    0 55 14 27 26 46 25 38 76 19 54 66 21 61 60 24 62 74 11 10 80 75 71 45 49 28 36 79 98 43 7 32 31 96 78 88 81 52 13 40 12 84 99 58 69 73 67 30 65 42 87 1 97 16 56 89 50 9 48 63 95 92 77 34 22 93 44 41 37 51 57 68 72 64 2 35 85 8 86 70 20 6 53 5 47 33 15 23 3 82 59 17 4 18 29 90 94 91 83 39 
Coste: 23869501
Temperatura: 22597.442877933994
Probabilidad de aceptación: 1.0
Movimiento: SI



ITERACION 71
Solucion:    68 0 55 14 27 26 46 38 25 76 54 66 21 19 61 60 24 62 74 11 10 80 75 45 71 49 28 36 79 98 7 43 32 31 96 78 88 81 52 13 40 12 84 99 69 73 58 67 30 42 65 87 1 97 16 56 89 50 9 48 63 95 77 34 22 92 93 41 37 51 44 39 57 72 2 35 64 85 8 70 86 20 6 53 5 47 33 23 15 82 3 59 17 4 29 18 90 94 91 83 
Coste: 23829268
Temperatura: 20337.698590140597
Probabilidad de aceptación: 1.0
Movimiento: SI



ITERACION 72
Solucion:    57 0 55 14 68 27 26 46 38 76 54 66 21 19 25 61 60 24 62 11 10 74 80 75 45 71 49 36 79 28 98 43 7 32 96 78 88 81 52 13 31 40 84 12 69 99 58 73 67 30 42 65 87 1 16 56 97 50 89 9 63 48 95 34 77 92 93 22 41 51 37 44 91 72 39 2 35 64 85 8 70 86 20 53 5 6 47 33 23 82 15 3 59 17 4 29 90 18 94 83 
Coste: 23823663
Temperatura: 18303.928731126536
Probabilidad de aceptación: 0.17242044379494623
Movimiento: NO



ITERACION 73
Solucion:    57 0 55 72 68 14 26 27 38 46 76 54 66 19 21 25 61 60 62 24 11 10 74 80 75 45 71 36 79 49 28 98 43 32 7 96 88 78 81 52 31 40 84 12 13 69 58 99 73 30 67 42 87 1 65 16 97 56 50 89 9 48 95 63 34 92 77 93 22 51 41 37 44 83 91 39 2 35 64 85 8 70 86 20 53 6 5 47 33 23 82 15 59 3 17 4 29 90 18 94 
Coste: 23948977
Temperatura: 16473.53585801388
Probabilidad de aceptación: 1.0
Movimiento: SI



ITERACION 74
Solucion:    91 57 0 55 72 14 26 68 27 38 76 46 54 66 19 21 25 61 62 60 24 10 11 74 80 45 75 71 36 79 49 98 28 43 7 96 32 78 81 88 31 52 40 84 12 69 58 13 73 30 67 42 87 1 65 16 97 56 50 89 99 9 48 95 63 92 34 77 93 22 51 41 37 44 29 83 2 39 35 64 85 8 86 20 70 53 6 5 33 47 82 23 59 15 3 4 17 90 18 94 
Coste: 23830005
Temperatura: 14826.182272212494
Probabilidad de aceptación: 0.24017306246407777
Movimiento: NO



ITERACION 75
Solucion:    91 83 0 57 72 55 26 14 68 38 76 27 46 66 19 54 25 21 61 60 62 10 24 11 80 74 45 75 71 79 49 36 98 28 7 43 96 32 78 81 31 88 52 40 84 69 12 58 13 73 67 42 30 87 1 16 97 56 50 65 99 89 9 48 63 95 34 92 77 22 51 41 93 37 44 94 2 39 35 29 64 8 85 20 86 70 53 6 33 5 47 82 23 15 3 59 17 4 90 18 
Coste: 23871293
Temperatura: 13343.564044991244
Probabilidad de aceptación: 1.0
Movimiento: SI



ITERACION 76
Solucion:    2 83 0 91 57 55 72 26 14 68 76 38 46 66 19 27 54 21 25 61 62 60 10 24 11 80 45 75 74 79 49 71 36 98 7 28 43 96 78 32 81 31 88 52 84 40 69 58 12 73 13 67 30 87 1 16 97 56 50 42 99 65 89 9 63 48 95 34 77 92 51 22 41 93 37 94 18 39 35 29 64 44 8 85 20 86 53 6 70 5 47 82 23 15 3 33 17 4 59 90 
Coste: 23905219
Temperatura: 12009.20764049212
Probabilidad de aceptación: 1.0
Movimiento: SI



ITERACION 77
Solucion:    2 83 39 91 57 0 72 26 14 68 76 38 46 66 19 27 54 21 25 61 62 60 10 24 11 80 45 75 74 79 49 71 36 98 7 55 43 28 96 78 81 31 88 32 52 84 69 40 58 12 73 13 67 30 87 16 1 97 50 56 42 65 89 99 9 63 95 34 77 48 92 22 51 41 93 94 37 15 18 29 64 44 8 85 20 35 86 6 70 53 5 47 23 82 3 33 17 4 59 90 
Coste: 23840604
Temperatura: 10808.28687644291
Probabilidad de aceptación: 0.11591239412865961
Movimiento: NO



ITERACION 78
Solucion:    2 18 83 91 39 0 57 26 72 14 68 76 38 66 46 27 19 54 21 25 62 61 60 10 11 80 45 75 74 79 49 71 24 98 7 36 43 55 96 78 81 28 31 32 88 84 69 40 58 52 12 73 13 30 67 16 1 87 50 97 56 42 65 89 99 9 63 34 77 95 48 92 51 41 93 94 37 15 90 29 22 64 44 85 20 35 8 6 86 70 5 53 47 82 23 3 17 33 4 59 
Coste: 23750498
Temperatura: 9727.458188798619
Probabilidad de aceptación: 1.0
Movimiento: SI



ITERACION 79
Solucion:    2 18 83 91 39 29 0 57 72 26 14 68 38 76 66 27 19 46 21 54 25 61 62 10 11 80 45 75 74 79 49 71 60 98 7 36 43 24 96 78 55 81 31 32 88 28 84 69 58 40 52 73 13 12 30 16 67 87 50 97 56 1 65 89 99 42 9 34 77 95 63 48 51 92 41 93 94 37 90 59 22 64 44 85 15 20 8 6 35 70 86 53 5 82 23 3 47 17 33 4 
Coste: 23774742
Temperatura: 8754.712369918758
Probabilidad de aceptación: 1.0
Movimiento: SI



ITERACION 80
Solucion:    2 22 18 91 39 29 0 57 83 72 14 26 38 76 66 68 27 19 21 46 54 61 62 10 11 25 45 75 74 79 80 49 60 71 7 98 36 43 96 78 55 81 24 31 88 28 32 69 84 58 52 40 73 13 30 16 12 87 50 97 67 1 65 56 99 42 89 9 77 95 63 48 51 92 34 93 94 37 90 59 33 64 44 85 15 20 8 6 35 70 86 53 5 82 23 41 47 3 17 4 
Coste: 23700640
Temperatura: 7879.2411329268825
Probabilidad de aceptación: 0.6790278637845071
Movimiento: NO



ITERACION 81
Solucion:    2 22 18 91 39 29 64 0 83 72 57 26 14 76 66 68 38 19 21 27 46 61 54 10 11 25 45 62 75 79 80 49 74 60 7 98 36 43 96 78 55 71 24 31 88 28 32 69 81 84 58 40 52 13 30 16 12 87 50 97 67 1 65 73 56 42 99 89 9 95 77 48 51 92 63 34 93 94 90 37 33 47 44 85 15 20 8 59 6 70 35 53 86 5 23 82 41 3 17 4 
Coste: 23731741
Temperatura: 7091.317019634194
Probabilidad de aceptación: 0.1893252447008483
Movimiento: NO



ITERACION 82
Solucion:    2 22 44 91 39 29 64 18 83 72 57 26 0 76 66 68 38 19 21 27 46 61 54 10 11 25 45 62 75 14 80 49 74 60 7 98 36 43 96 79 78 71 24 31 88 28 32 69 81 84 58 40 52 13 30 16 12 87 55 97 67 1 65 73 56 42 99 89 9 95 77 48 51 92 63 34 93 94 90 37 33 47 4 85 15 20 50 8 6 59 70 35 86 53 23 82 5 3 17 41 
Coste: 23651060
Temperatura: 6382.1853176707755
Probabilidad de aceptación: 1.0
Movimiento: SI



ITERACION 83
Solucion:    85 22 2 44 39 29 91 18 83 72 57 26 0 76 64 68 38 19 66 27 46 21 54 61 10 25 45 11 75 62 14 49 80 74 7 98 36 43 96 79 60 78 24 31 88 28 32 69 81 84 58 40 52 13 30 16 12 87 55 97 67 1 65 73 56 42 99 89 9 95 77 48 51 92 71 34 93 94 90 63 33 47 4 3 15 20 50 8 37 59 70 6 35 53 23 86 5 82 17 41 
Coste: 23597951
Temperatura: 5743.966785903698
Probabilidad de aceptación: 0.1849151977972085
Movimiento: NO



ITERACION 84
Solucion:    15 22 2 85 44 29 91 18 39 72 57 26 0 83 64 76 68 38 66 19 27 21 54 61 10 25 45 11 75 46 62 49 80 14 74 98 36 43 96 79 60 7 24 31 88 28 32 69 78 84 58 40 52 13 30 16 81 12 87 97 67 1 65 73 56 42 99 89 9 95 77 48 51 92 71 55 93 94 34 63 33 47 4 3 59 20 50 90 37 8 70 6 35 53 23 86 5 82 17 41 
Coste: 23605838
Temperatura: 5169.570107313329
Probabilidad de aceptación: 0.08810592172949117
Movimiento: NO



ITERACION 85
Solucion:    20 22 15 2 44 85 91 18 39 72 57 26 29 0 64 76 68 38 66 19 27 83 54 21 10 61 25 11 75 45 62 49 80 14 46 98 74 43 96 36 60 7 24 79 88 28 31 32 78 84 58 40 52 13 30 16 81 12 87 69 67 1 65 73 56 42 99 89 9 95 77 97 48 92 71 55 93 94 34 63 51 33 4 3 59 41 50 47 37 8 70 90 6 53 23 86 5 82 17 35 
Coste: 23525459
Temperatura: 4652.613096581996
Probabilidad de aceptación: 1.0
Movimiento: SI



ITERACION 86
Solucion:    20 22 15 2 44 85 50 91 39 72 57 26 18 29 64 76 0 68 66 19 27 83 54 21 10 61 25 11 75 45 62 49 80 14 46 98 74 43 96 36 60 7 24 79 88 28 31 38 78 84 58 40 52 13 30 16 81 12 87 69 67 1 32 73 56 42 99 89 65 95 77 97 48 92 71 55 93 94 34 63 9 51 4 3 59 41 82 47 37 8 33 90 6 70 23 86 5 53 17 35 
Coste: 23465697
Temperatura: 4187.351786923797
Probabilidad de aceptación: 0.01758445451299355
Movimiento: NO



ITERACION 87
Solucion:    20 22 15 2 47 85 50 44 39 72 91 26 18 29 64 76 0 57 66 19 27 83 54 21 10 61 25 11 68 45 62 49 80 14 75 98 74 43 96 36 60 7 24 46 88 28 31 79 78 84 58 40 38 13 52 30 81 12 87 69 67 1 32 73 56 42 16 89 65 99 77 97 48 92 95 55 93 94 34 63 9 51 4 3 59 41 82 71 37 8 33 90 6 70 23 86 5 53 17 35 
Coste: 23436961
Temperatura: 3768.616608231417
Probabilidad de aceptación: 2.3303020364252454E-4
Movimiento: NO



ITERACION 88
Solucion:    20 22 15 2 37 85 50 44 47 72 39 26 18 29 64 91 0 57 76 19 27 83 54 21 10 61 25 11 68 45 62 49 80 14 75 98 74 43 96 36 60 7 24 46 88 28 66 79 78 84 58 40 38 13 52 30 81 12 87 31 67 1 32 73 69 42 16 89 56 99 77 97 48 92 95 55 93 94 34 63 9 51 4 3 59 41 82 71 65 8 33 90 6 70 23 86 5 53 17 35 
Coste: 23375258
Temperatura: 3391.7549474082753
Probabilidad de aceptación: 0.4178200016154702
Movimiento: NO



ITERACION 89
Solucion:    20 22 15 8 37 85 50 44 47 72 2 26 18 39 64 91 0 57 76 19 27 83 54 21 10 61 25 11 29 45 62 49 80 14 68 98 74 43 96 36 60 7 24 46 88 28 66 79 78 75 58 40 38 13 52 30 81 12 87 31 67 1 32 73 69 42 16 89 56 99 77 97 48 92 95 84 93 94 34 63 9 51 4 3 59 55 82 71 65 35 33 90 6 70 23 86 5 53 17 41 
Coste: 23340443
Temperatura: 3052.5794526674476
Probabilidad de aceptación: 1.0
Movimiento: SI



ITERACION 90
Solucion:    33 22 15 20 37 85 8 44 47 72 2 26 50 39 64 91 0 57 76 19 18 83 54 21 10 61 25 11 29 45 62 49 80 14 68 98 74 43 96 36 60 7 24 46 88 28 66 79 78 27 58 40 75 13 52 38 81 12 87 31 67 1 32 73 69 42 16 89 30 99 77 97 48 92 95 84 93 94 34 63 9 51 4 56 59 55 82 71 65 35 3 90 6 70 23 86 5 53 17 41 
Coste: 23335305
Temperatura: 2747.321507400703
Probabilidad de aceptación: 0.02969193030224228
Movimiento: NO



ITERACION 91
Solucion:    33 22 15 90 37 85 8 44 47 72 2 26 50 39 64 91 0 57 76 19 18 83 54 21 10 61 25 11 29 45 62 49 80 14 20 98 74 43 96 36 60 7 24 46 88 28 66 79 78 27 58 40 68 13 52 75 81 12 87 31 67 1 32 73 69 42 16 89 38 30 77 97 48 92 95 84 93 94 34 63 9 51 4 56 59 55 82 71 65 35 3 99 6 70 23 86 5 53 17 41 
Coste: 23306930
Temperatura: 2472.589356660633
Probabilidad de aceptación: 1.2637216950901747E-5
Movimiento: NO



ITERACION 92
Solucion:    6 33 15 22 37 85 8 44 47 72 2 26 50 39 64 91 0 57 76 19 18 83 54 21 10 61 25 11 29 45 62 49 80 14 90 98 74 43 96 36 20 7 60 46 88 28 66 79 78 24 58 40 68 13 52 75 81 12 87 31 67 27 32 73 69 1 16 89 38 30 77 97 48 92 95 84 93 94 34 63 9 51 4 56 59 55 82 71 65 42 3 99 35 70 23 86 5 53 17 41 
Coste: 23304114
Temperatura: 2225.3304209945695
Probabilidad de aceptación: 0.021447953226748882
Movimiento: NO



ITERACION 93
Solucion:    6 33 15 22 37 85 8 44 47 72 2 26 50 39 64 91 0 57 76 19 18 83 54 21 10 61 25 11 29 45 62 49 80 14 90 98 74 43 96 36 20 7 60 46 88 28 66 79 78 24 58 40 68 13 52 75 81 12 87 31 67 27 32 73 69 1 16 89 38 30 77 97 48 92 95 84 93 94 34 63 9 51 4 56 59 55 82 71 65 42 3 99 35 70 23 86 5 53 17 41 
Coste: 23304114
Temperatura: 2002.7973788951126
Probabilidad de aceptación: 7.773896112201169E-7
Movimiento: NO



ITERACION 94
Solucion:    6 33 15 22 37 85 8 44 47 72 2 26 50 39 64 91 0 57 76 19 18 83 54 21 10 61 25 11 29 45 62 49 80 14 90 98 74 43 96 36 20 7 60 46 88 28 66 79 78 24 58 40 68 13 52 75 81 12 87 31 67 27 32 73 69 1 16 89 38 30 77 97 48 92 95 84 93 94 34 63 9 51 4 56 59 55 82 71 65 42 3 99 35 70 23 86 5 53 17 41 
Coste: 23304114
Temperatura: 1802.5176410056015
Probabilidad de aceptación: 4.374893114254999E-14
Movimiento: NO



ITERACION 95
Solucion:    6 33 15 22 37 85 8 44 47 72 2 26 50 39 64 91 0 57 76 19 18 83 54 21 10 61 25 11 29 45 62 49 80 14 90 98 74 43 96 36 20 7 60 46 88 28 66 79 78 24 58 40 68 13 52 75 81 12 87 31 67 27 32 73 69 1 16 89 38 30 77 97 48 92 95 84 93 94 34 63 9 51 4 56 59 55 82 71 65 42 3 99 35 70 23 86 5 53 17 41 
Coste: 23304114
Temperatura: 1622.2658769050413
Probabilidad de aceptación: 2.4118626568772154E-8
Movimiento: NO



ITERACION 96
Solucion:    6 33 15 22 37 85 5 44 47 72 2 26 50 39 8 91 0 57 76 19 18 83 54 21 10 61 25 11 29 45 62 49 80 14 90 98 74 43 96 36 64 7 60 46 88 28 66 79 78 24 58 40 68 13 52 20 81 12 87 31 67 27 32 73 69 75 16 89 38 30 77 97 48 92 95 84 93 94 34 63 9 51 4 56 59 55 82 71 65 42 3 99 35 70 23 86 1 53 17 41 
Coste: 23226234
Temperatura: 1460.0392892145371
Probabilidad de aceptación: 1.8902846066829768E-10
Movimiento: NO



ITERACION 97
Solucion:    6 33 15 22 37 85 5 44 47 72 2 26 50 39 8 91 0 57 76 19 18 83 54 21 10 61 25 11 29 45 62 49 80 14 53 98 74 43 96 36 64 7 60 46 88 28 66 79 78 24 58 40 68 13 52 20 81 12 87 31 67 27 32 73 69 75 16 89 38 30 77 97 48 92 95 84 93 94 34 63 9 51 4 56 59 90 82 71 65 42 3 99 35 70 23 86 1 55 17 41 
Coste: 23218278
Temperatura: 1314.0353602930834
Probabilidad de aceptación: 5.193619216857372E-10
Movimiento: NO



ITERACION 98
Solucion:    6 33 15 22 37 85 5 44 47 72 2 26 50 39 8 91 0 57 76 19 18 83 54 21 10 61 25 11 29 45 62 49 80 14 53 98 74 43 96 36 64 7 60 46 88 28 66 79 78 24 58 40 68 13 52 20 81 12 87 31 67 27 32 73 69 75 16 89 38 30 77 97 48 92 95 84 93 94 34 63 9 51 4 56 59 90 82 71 65 42 3 99 35 70 23 86 1 55 17 41 
Coste: 23218278
Temperatura: 1182.6318242637751
Probabilidad de aceptación: 8.316530161918373E-10
Movimiento: NO



ITERACION 99
Solucion:    6 33 15 22 41 85 5 44 47 72 2 26 50 39 8 91 0 57 76 19 37 83 54 21 10 61 25 11 29 45 62 49 80 14 18 98 74 43 96 36 64 7 60 46 88 28 66 79 78 24 58 40 68 13 52 20 81 12 87 31 67 27 32 73 69 75 16 89 38 30 77 97 48 92 95 84 93 94 34 63 9 51 4 56 59 90 82 71 65 42 3 99 35 70 23 86 1 55 17 53 
Coste: 23202823
Temperatura: 1064.3686418373977
Probabilidad de aceptación: 1.0
Movimiento: SI



