ITERACION 0
Solucion:    42 7 13 49 14 44 24 8 86 55 85 5 9 83 10 98 94 91 92 21 22 72 59 89 67 84 38 69 46 23 17 3 57 52 34 15 43 62 16 93 90 58 88 27 82 77 99 53 48 64 1 56 78 96 25 50 41 61 19 35 39 74 66 12 47 97 79 40 71 32 95 68 87 28 6 4 73 51 76 75 45 33 81 0 18 36 30 60 54 31 20 2 29 63 37 26 70 11 80 65 
Coste: 24082424
Temperatura: 3.6205467E7
Probabilidad de aceptación: 1.0
Movimiento: SI



ITERACION 1
Solucion:    7 65 42 13 49 14 44 24 8 86 55 85 5 9 83 10 98 94 91 92 21 22 72 59 89 67 84 38 69 46 23 17 3 57 52 34 15 43 62 16 93 90 58 88 27 82 77 99 53 48 64 1 56 78 96 25 50 41 61 19 35 39 74 66 12 47 97 79 40 71 32 95 68 87 28 6 4 73 51 76 75 45 33 81 0 18 36 30 60 54 31 20 2 29 63 37 26 70 11 80 
Coste: 24027656
Temperatura: 3.25849203E7
Probabilidad de aceptación: 1.0
Movimiento: SI



ITERACION 2
Solucion:    42 7 80 65 13 49 14 44 24 8 86 55 85 5 9 83 10 98 94 91 92 21 22 72 59 89 67 84 38 69 46 23 17 3 57 52 34 15 43 62 16 93 90 58 88 27 82 77 99 53 48 64 1 56 78 96 25 50 41 61 19 35 39 74 66 12 47 97 79 40 71 32 95 68 87 28 6 4 73 51 76 75 45 33 81 0 18 36 30 60 54 31 20 2 29 63 37 26 70 11 
Coste: 24089894
Temperatura: 2.932642827E7
Probabilidad de aceptación: 1.0
Movimiento: SI



ITERACION 3
Solucion:    65 42 7 11 80 13 49 14 44 24 8 86 55 85 5 9 83 10 98 94 91 92 21 22 72 59 89 67 84 38 69 46 23 17 3 57 52 34 15 43 62 16 93 90 58 88 27 82 77 99 53 48 64 1 56 78 96 25 50 41 61 19 35 39 74 66 12 47 97 79 40 71 32 95 68 87 28 6 4 73 51 76 75 45 33 81 0 18 36 30 60 54 31 20 2 29 63 37 26 70 
Coste: 24175664
Temperatura: 2.6393785443E7
Probabilidad de aceptación: 1.0
Movimiento: SI



ITERACION 4
Solucion:    80 65 42 7 70 11 13 49 14 44 24 8 86 55 85 5 9 83 10 98 94 91 92 21 22 72 59 89 67 84 38 69 46 23 17 3 57 52 34 15 43 62 16 93 90 58 88 27 82 77 99 53 48 64 1 56 78 96 25 50 41 61 19 35 39 74 66 12 47 97 79 40 71 32 95 68 87 28 6 4 73 51 76 75 45 33 81 0 18 36 30 60 54 31 20 2 29 63 37 26 
Coste: 24040036
Temperatura: 2.37544068987E7
Probabilidad de aceptación: 1.0
Movimiento: SI



ITERACION 5
Solucion:    11 80 65 42 7 26 70 13 49 14 44 24 8 86 55 85 5 9 83 10 98 94 91 92 21 22 72 59 89 67 84 38 69 46 23 17 3 57 52 34 15 43 62 16 93 90 58 88 27 82 77 99 53 48 64 1 56 78 96 25 50 41 61 19 35 39 74 66 12 47 97 79 40 71 32 95 68 87 28 6 4 73 51 76 75 45 33 81 0 18 36 30 60 54 31 20 2 29 63 37 
Coste: 24079731
Temperatura: 2.137896620883E7
Probabilidad de aceptación: 1.0
Movimiento: SI



ITERACION 6
Solucion:    70 11 80 65 42 7 37 26 13 49 14 44 24 8 86 55 85 5 9 83 10 98 94 91 92 21 22 72 59 89 67 84 38 69 46 23 17 3 57 52 34 15 43 62 16 93 90 58 88 27 82 77 99 53 48 64 1 56 78 96 25 50 41 61 19 35 39 74 66 12 47 97 79 40 71 32 95 68 87 28 6 4 73 51 76 75 45 33 81 0 18 36 30 60 54 31 20 2 29 63 
Coste: 24145041
Temperatura: 1.9241069587947E7
Probabilidad de aceptación: 1.0
Movimiento: SI



ITERACION 7
Solucion:    26 70 11 80 65 42 7 63 37 13 49 14 44 24 8 86 55 85 5 9 83 10 98 94 91 92 21 22 72 59 89 67 84 38 69 46 23 17 3 57 52 34 15 43 62 16 93 90 58 88 27 82 77 99 53 48 64 1 56 78 96 25 50 41 61 19 35 39 74 66 12 47 97 79 40 71 32 95 68 87 28 6 4 73 51 76 75 45 33 81 0 18 36 30 60 54 31 20 2 29 
Coste: 24036522
Temperatura: 1.73169626291523E7
Probabilidad de aceptación: 1.0
Movimiento: SI



ITERACION 8
Solucion:    37 26 70 11 80 65 42 7 29 63 13 49 14 44 24 8 86 55 85 5 9 83 10 98 94 91 92 21 22 72 59 89 67 84 38 69 46 23 17 3 57 52 34 15 43 62 16 93 90 58 88 27 82 77 99 53 48 64 1 56 78 96 25 50 41 61 19 35 39 74 66 12 47 97 79 40 71 32 95 68 87 28 6 4 73 51 76 75 45 33 81 0 18 36 30 60 54 31 20 2 
Coste: 24131938
Temperatura: 1.5585266366237072E7
Probabilidad de aceptación: 1.0
Movimiento: SI



ITERACION 9
Solucion:    63 37 26 70 11 80 65 42 7 2 29 13 49 14 44 24 8 86 55 85 5 9 83 10 98 94 91 92 21 22 72 59 89 67 84 38 69 46 23 17 3 57 52 34 15 43 62 16 93 90 58 88 27 82 77 99 53 48 64 1 56 78 96 25 50 41 61 19 35 39 74 66 12 47 97 79 40 71 32 95 68 87 28 6 4 73 51 76 75 45 33 81 0 18 36 30 60 54 31 20 
Coste: 24161521
Temperatura: 1.4026739729613366E7
Probabilidad de aceptación: 1.0
Movimiento: SI



ITERACION 10
Solucion:    29 63 37 26 70 11 80 65 42 7 20 2 13 49 14 44 24 8 86 55 85 5 9 83 10 98 94 91 92 21 22 72 59 89 67 84 38 69 46 23 17 3 57 52 34 15 43 62 16 93 90 58 88 27 82 77 99 53 48 64 1 56 78 96 25 50 41 61 19 35 39 74 66 12 47 97 79 40 71 32 95 68 87 28 6 4 73 51 76 75 45 33 81 0 18 36 30 60 54 31 
Coste: 24045881
Temperatura: 1.262406575665203E7
Probabilidad de aceptación: 1.0
Movimiento: SI



ITERACION 11
Solucion:    2 29 63 37 26 70 11 80 65 42 7 31 20 13 49 14 44 24 8 86 55 85 5 9 83 10 98 94 91 92 21 22 72 59 89 67 84 38 69 46 23 17 3 57 52 34 15 43 62 16 93 90 58 88 27 82 77 99 53 48 64 1 56 78 96 25 50 41 61 19 35 39 74 66 12 47 97 79 40 71 32 95 68 87 28 6 4 73 51 76 75 45 33 81 0 18 36 30 60 54 
Coste: 24081526
Temperatura: 1.1361659180986827E7
Probabilidad de aceptación: 1.0
Movimiento: SI



ITERACION 12
Solucion:    20 2 29 63 37 26 70 11 80 65 42 7 54 31 13 49 14 44 24 8 86 55 85 5 9 83 10 98 94 91 92 21 22 72 59 89 67 84 38 69 46 23 17 3 57 52 34 15 43 62 16 93 90 58 88 27 82 77 99 53 48 64 1 56 78 96 25 50 41 61 19 35 39 74 66 12 47 97 79 40 71 32 95 68 87 28 6 4 73 51 76 75 45 33 81 0 18 36 30 60 
Coste: 24135805
Temperatura: 1.0225493262888145E7
Probabilidad de aceptación: 1.0
Movimiento: SI



ITERACION 13
Solucion:    31 20 2 29 63 37 26 70 11 80 65 42 7 60 54 13 49 14 44 24 8 86 55 85 5 9 83 10 98 94 91 92 21 22 72 59 89 67 84 38 69 46 23 17 3 57 52 34 15 43 62 16 93 90 58 88 27 82 77 99 53 48 64 1 56 78 96 25 50 41 61 19 35 39 74 66 12 47 97 79 40 71 32 95 68 87 28 6 4 73 51 76 75 45 33 81 0 18 36 30 
Coste: 24120692
Temperatura: 9202943.936599331
Probabilidad de aceptación: 1.0
Movimiento: SI



ITERACION 14
Solucion:    54 31 20 2 29 63 37 26 70 11 80 65 42 7 30 60 13 49 14 44 24 8 86 55 85 5 9 83 10 98 94 91 92 21 22 72 59 89 67 84 38 69 46 23 17 3 57 52 34 15 43 62 16 93 90 58 88 27 82 77 99 53 48 64 1 56 78 96 25 50 41 61 19 35 39 74 66 12 47 97 79 40 71 32 95 68 87 28 6 4 73 51 76 75 45 33 81 0 18 36 
Coste: 24119672
Temperatura: 8282649.542939398
Probabilidad de aceptación: 1.0
Movimiento: SI



ITERACION 15
Solucion:    60 54 31 20 2 29 63 37 26 70 11 80 65 42 7 36 30 13 49 14 44 24 8 86 55 85 5 9 83 10 98 94 91 92 21 22 72 59 89 67 84 38 46 69 23 17 3 57 52 34 15 43 62 16 93 90 58 88 27 82 77 99 53 48 64 1 56 78 96 25 50 41 61 19 35 39 74 66 12 47 97 79 40 71 32 95 68 87 28 6 4 73 51 76 75 45 33 81 0 18 
Coste: 23993794
Temperatura: 7454384.588645459
Probabilidad de aceptación: 1.0
Movimiento: SI



ITERACION 16
Solucion:    30 60 54 31 20 2 29 63 37 26 70 11 80 65 42 7 18 36 13 49 14 44 24 8 86 55 85 5 9 83 10 98 94 91 92 21 22 72 59 89 67 84 38 46 69 23 17 3 57 52 34 15 43 62 16 93 90 58 88 27 82 77 99 53 48 64 1 56 78 96 25 50 41 61 19 35 39 74 66 12 47 97 79 40 71 32 95 68 87 28 6 4 73 51 76 75 45 33 81 0 
Coste: 24158112
Temperatura: 6708946.129780914
Probabilidad de aceptación: 1.0
Movimiento: SI



ITERACION 17
Solucion:    36 30 60 54 31 20 2 29 63 37 26 70 11 80 65 42 7 0 18 13 49 14 44 24 8 86 55 85 5 9 83 10 98 94 91 92 21 22 72 59 89 67 84 38 46 69 23 17 3 57 52 34 15 43 62 16 93 90 58 88 27 82 77 99 53 48 64 1 56 78 96 25 50 41 61 19 35 39 74 66 12 47 97 79 40 71 32 95 68 87 28 6 4 73 51 76 75 45 33 81 
Coste: 24113649
Temperatura: 6038051.516802822
Probabilidad de aceptación: 1.0
Movimiento: SI



ITERACION 18
Solucion:    18 36 30 60 54 31 20 2 29 63 37 26 70 11 80 65 42 7 81 0 13 49 14 44 24 8 86 55 85 5 9 83 10 98 94 91 92 21 22 72 59 89 67 84 38 46 69 23 17 3 57 52 34 15 43 62 16 93 90 58 88 27 82 77 99 53 48 64 1 56 78 96 25 50 41 61 19 35 39 74 66 12 47 97 79 40 71 32 95 68 87 28 6 4 73 51 76 75 45 33 
Coste: 24147742
Temperatura: 5434246.36512254
Probabilidad de aceptación: 1.0
Movimiento: SI



ITERACION 19
Solucion:    0 18 36 30 60 54 31 20 2 29 63 37 26 70 11 80 65 42 7 33 81 13 49 14 44 24 8 86 55 85 5 9 83 10 98 94 91 92 21 22 72 59 89 67 84 38 46 69 23 17 3 57 52 34 15 43 62 16 93 90 58 88 27 82 77 99 53 48 64 1 56 78 96 25 50 41 61 19 35 39 74 66 12 47 97 79 40 71 32 95 68 87 28 6 4 73 51 76 75 45 
Coste: 24136287
Temperatura: 4890821.7286102865
Probabilidad de aceptación: 1.0
Movimiento: SI



ITERACION 20
Solucion:    81 0 18 36 30 60 54 31 20 2 29 63 37 26 70 11 80 65 42 7 45 33 13 49 14 44 24 8 86 55 85 5 9 83 10 98 94 91 92 21 22 72 59 89 67 84 38 46 69 23 17 3 57 52 34 15 43 62 16 93 90 58 88 27 82 77 99 53 48 64 1 56 78 96 25 50 41 61 19 35 39 74 66 12 47 97 79 40 71 32 95 68 87 28 6 4 73 51 76 75 
Coste: 24181013
Temperatura: 4401739.555749258
Probabilidad de aceptación: 1.0
Movimiento: SI



ITERACION 21
Solucion:    33 81 0 18 36 30 60 54 31 20 2 29 63 37 26 70 11 80 65 42 7 75 45 13 49 14 44 24 8 86 55 85 5 9 83 10 98 94 91 92 21 22 72 59 89 67 84 38 46 69 23 17 3 57 52 34 15 43 62 16 93 90 58 88 27 82 77 99 53 48 64 1 56 78 96 25 50 41 61 19 35 39 74 66 12 47 97 79 40 71 32 95 68 87 28 6 4 73 51 76 
Coste: 24162434
Temperatura: 3961565.6001743325
Probabilidad de aceptación: 1.0
Movimiento: SI



ITERACION 22
Solucion:    45 33 81 0 18 36 30 60 54 31 20 2 29 63 37 26 70 11 80 65 42 7 76 75 13 49 14 44 24 8 86 55 85 5 9 83 10 98 94 91 92 21 22 72 59 89 67 84 38 46 69 23 17 3 57 52 34 15 43 62 16 93 90 58 88 27 82 77 99 53 48 64 1 56 78 96 25 50 41 61 19 35 39 74 66 12 47 97 79 40 71 32 95 68 87 28 6 4 73 51 
Coste: 24064175
Temperatura: 3565409.0401568995
Probabilidad de aceptación: 1.0
Movimiento: SI



ITERACION 23
Solucion:    75 45 33 81 0 18 36 30 60 54 31 20 2 29 63 37 26 70 11 80 65 42 7 51 76 13 49 14 44 24 8 86 55 85 5 9 83 10 98 94 91 92 21 22 72 59 89 67 84 38 46 69 23 17 3 57 52 34 15 43 62 16 93 90 58 27 88 82 77 99 53 48 64 1 56 78 96 25 50 41 61 19 35 39 74 66 12 47 97 79 40 71 32 95 68 87 28 6 4 73 
Coste: 24100158
Temperatura: 3208868.1361412094
Probabilidad de aceptación: 1.0
Movimiento: SI



ITERACION 24
Solucion:    76 75 45 33 81 0 18 36 30 60 54 31 20 2 29 63 37 26 70 11 80 65 42 7 73 51 13 49 14 44 24 8 86 55 85 5 9 83 10 98 94 91 92 21 22 72 59 89 67 84 38 46 69 23 17 3 57 52 34 15 43 62 16 93 90 58 27 88 82 77 99 53 48 64 1 56 78 96 25 50 41 61 19 35 39 74 66 12 47 97 79 40 71 32 95 68 87 28 6 4 
Coste: 24049239
Temperatura: 2887981.3225270887
Probabilidad de aceptación: 1.0
Movimiento: SI



ITERACION 25
Solucion:    51 76 75 45 33 81 0 18 36 30 60 54 31 20 2 29 63 37 26 70 11 80 65 42 7 4 73 13 49 14 44 24 8 86 55 85 5 9 83 10 98 94 91 92 21 22 72 59 89 67 84 38 46 69 23 17 3 57 52 34 15 43 62 16 93 90 58 27 88 82 77 99 53 48 64 1 56 78 96 25 50 41 61 19 35 39 74 66 12 47 97 79 40 71 32 95 68 87 28 6 
Coste: 24086315
Temperatura: 2599183.1902743797
Probabilidad de aceptación: 1.0
Movimiento: SI



ITERACION 26
Solucion:    73 51 76 75 45 33 81 0 18 36 30 60 54 31 20 2 29 63 37 26 70 11 80 65 42 7 6 4 13 49 14 44 24 8 86 55 85 5 9 83 10 98 94 91 92 21 22 72 59 89 67 84 38 46 69 23 17 3 57 52 34 15 43 62 16 93 90 58 27 88 82 77 99 53 48 64 1 56 78 96 25 50 41 61 19 35 39 74 66 12 47 97 79 40 71 32 95 68 87 28 
Coste: 24173871
Temperatura: 2339264.871246942
Probabilidad de aceptación: 1.0
Movimiento: SI



ITERACION 27
Solucion:    4 73 51 76 75 45 33 81 0 18 36 30 60 54 31 20 2 29 63 37 26 70 11 80 65 42 7 28 6 13 49 14 44 24 8 86 55 85 5 9 83 10 98 94 91 92 21 22 72 59 89 67 84 38 46 69 23 17 3 57 52 34 15 43 62 16 93 90 58 27 88 82 77 99 53 48 64 1 56 78 96 25 50 41 61 19 35 39 74 66 12 47 97 79 40 71 32 95 68 87 
Coste: 24011416
Temperatura: 2105338.384122248
Probabilidad de aceptación: 1.0
Movimiento: SI



ITERACION 28
Solucion:    6 4 73 51 76 75 45 33 81 0 18 36 30 60 54 31 20 2 29 63 37 26 70 11 80 65 42 7 87 28 13 49 14 44 24 86 8 55 85 5 9 83 10 98 94 91 92 21 22 72 59 89 67 84 38 46 69 23 17 3 57 52 34 15 43 62 16 93 90 58 27 88 82 77 99 53 48 64 1 56 78 96 25 50 41 61 19 35 39 74 66 12 47 97 79 40 71 32 95 68 
Coste: 24174794
Temperatura: 1894804.545710023
Probabilidad de aceptación: 1.0
Movimiento: SI



ITERACION 29
Solucion:    28 6 4 73 51 75 76 45 33 81 0 18 36 30 60 54 31 20 2 29 63 37 26 70 11 65 80 42 7 68 87 13 49 14 44 24 86 8 55 85 5 9 83 10 98 94 91 92 21 22 72 59 89 67 84 38 46 69 23 17 3 57 52 34 15 43 62 16 93 90 58 27 88 82 77 99 53 48 64 1 56 78 96 25 50 41 61 19 35 39 74 66 12 47 97 79 40 71 32 95 
Coste: 24085929
Temperatura: 1705324.0911390209
Probabilidad de aceptación: 1.0
Movimiento: SI



ITERACION 30
Solucion:    87 28 6 4 73 51 75 76 45 33 81 0 18 36 30 60 54 31 20 2 29 63 37 26 70 11 65 80 42 7 95 68 13 49 14 44 24 86 8 55 85 5 9 83 10 98 94 91 92 21 22 72 59 89 67 84 38 46 69 23 17 3 57 52 34 15 43 62 16 93 90 58 27 88 82 77 99 53 48 64 1 56 78 96 25 50 41 61 19 35 39 74 66 47 12 97 79 40 71 32 
Coste: 24120273
Temperatura: 1534791.6820251187
Probabilidad de aceptación: 1.0
Movimiento: SI



ITERACION 31
Solucion:    68 87 28 6 4 73 51 75 76 45 33 81 0 18 36 30 60 54 31 20 2 29 63 37 26 70 11 65 80 42 7 32 95 13 49 14 44 24 86 8 55 85 5 9 83 10 98 94 91 92 21 22 72 59 89 67 84 38 46 69 23 17 3 57 52 34 15 43 62 16 93 90 58 27 88 82 77 99 53 48 64 1 56 78 96 25 50 41 61 19 35 39 74 66 47 12 97 79 40 71 
Coste: 24173828
Temperatura: 1381312.513822607
Probabilidad de aceptación: 1.0
Movimiento: SI



ITERACION 32
Solucion:    95 68 87 28 6 4 73 51 75 76 45 33 81 0 18 36 30 60 54 31 20 2 29 63 37 26 70 11 65 80 42 7 71 32 13 49 14 44 24 86 8 55 85 5 9 83 10 98 94 91 92 21 22 72 59 89 67 84 38 46 69 23 17 3 57 52 34 15 43 62 16 93 90 58 27 88 82 77 99 53 48 64 1 56 78 96 25 50 41 61 19 35 39 74 66 47 12 97 79 40 
Coste: 24085163
Temperatura: 1243181.2624403464
Probabilidad de aceptación: 1.0
Movimiento: SI



ITERACION 33
Solucion:    32 95 68 87 28 6 4 73 51 75 76 45 33 81 0 18 36 30 60 54 31 20 2 29 63 37 26 70 11 65 80 7 42 40 71 13 49 14 44 24 86 8 55 85 5 9 83 10 98 94 91 92 21 22 72 59 89 67 84 38 46 69 23 17 3 57 52 34 15 43 62 16 93 90 58 27 88 82 77 99 53 48 64 1 56 78 96 25 50 41 61 19 35 39 74 66 47 12 97 79 
Coste: 24112416
Temperatura: 1118863.1361963118
Probabilidad de aceptación: 1.0
Movimiento: SI



ITERACION 34
Solucion:    71 32 95 68 87 28 6 4 73 51 75 76 45 33 81 0 18 36 30 60 54 31 20 2 29 63 37 26 70 11 65 80 7 42 79 40 13 49 14 44 24 86 8 55 85 5 9 83 10 98 94 91 92 21 22 72 59 89 67 84 38 46 69 23 17 3 57 52 34 15 43 62 16 93 90 58 27 88 82 77 99 53 48 64 1 56 78 96 25 50 41 61 19 35 74 39 66 47 12 97 
Coste: 24210362
Temperatura: 1006976.8225766807
Probabilidad de aceptación: 1.0
Movimiento: SI



ITERACION 35
Solucion:    40 71 32 95 68 87 28 6 4 73 51 75 76 45 33 81 0 18 36 30 60 54 31 20 2 29 63 37 26 70 11 65 80 7 42 97 79 13 49 14 44 86 24 8 55 85 5 9 83 10 98 94 91 92 21 22 72 59 89 67 84 38 46 69 23 17 3 57 52 34 15 43 62 16 93 90 58 27 88 82 77 99 53 48 64 1 56 78 96 25 50 41 61 19 35 74 39 66 47 12 
Coste: 24125430
Temperatura: 906279.1403190127
Probabilidad de aceptación: 1.0
Movimiento: SI



ITERACION 36
Solucion:    79 40 71 32 95 68 87 28 6 4 73 51 75 76 45 33 81 0 18 36 30 60 54 31 20 2 29 63 37 26 70 11 65 80 7 42 12 97 13 49 14 44 86 24 8 55 85 5 9 83 10 98 94 91 92 21 22 72 59 89 67 84 38 46 69 23 17 3 57 52 34 15 43 62 16 93 90 58 27 88 82 77 99 53 48 64 1 56 78 96 25 41 50 61 19 35 74 39 66 47 
Coste: 24061042
Temperatura: 815651.2262871114
Probabilidad de aceptación: 1.0
Movimiento: SI



ITERACION 37
Solucion:    97 79 40 71 32 95 68 87 28 6 4 73 51 75 76 45 33 81 0 18 36 30 60 54 31 20 2 29 63 37 26 70 11 65 80 7 42 47 12 13 49 14 44 86 24 8 55 85 5 9 83 10 98 94 91 21 92 22 72 59 89 67 84 38 46 69 23 17 3 57 52 34 15 43 62 16 93 90 58 27 88 82 77 99 53 48 64 1 56 78 96 25 41 61 50 19 35 74 39 66 
Coste: 24030607
Temperatura: 734086.1036584002
Probabilidad de aceptación: 1.0
Movimiento: SI



ITERACION 38
Solucion:    12 97 79 40 71 32 95 68 87 28 6 4 73 51 75 76 45 33 81 0 18 36 30 60 31 54 20 2 29 63 37 26 70 11 65 80 7 42 66 47 13 49 14 44 86 24 8 55 85 5 9 83 10 98 94 91 21 92 22 72 59 89 67 84 38 46 69 23 17 3 57 52 34 15 43 62 16 93 90 58 27 88 82 77 99 53 48 64 1 56 78 96 25 41 61 50 19 35 74 39 
Coste: 24058673
Temperatura: 660677.4932925602
Probabilidad de aceptación: 1.0
Movimiento: SI



ITERACION 39
Solucion:    47 12 97 79 40 32 71 95 68 87 28 6 4 73 51 75 76 45 33 81 0 18 36 30 60 31 54 20 2 29 63 37 26 70 11 65 80 7 42 39 66 13 49 14 44 86 24 8 55 85 5 9 83 10 98 94 91 21 92 22 72 59 89 67 84 38 46 69 23 17 3 57 52 34 15 43 62 16 93 90 58 27 88 82 77 99 53 48 64 1 56 78 96 25 41 61 50 19 35 74 
Coste: 24236986
Temperatura: 594609.7439633042
Probabilidad de aceptación: 1.0
Movimiento: SI



ITERACION 40
Solucion:    66 47 12 97 79 40 32 71 95 68 87 28 6 4 73 51 75 76 45 33 81 0 18 36 30 60 31 54 20 2 29 63 37 26 70 11 80 65 7 42 74 39 13 49 14 44 86 24 8 55 85 5 9 83 10 98 94 91 21 92 22 72 59 89 67 84 38 46 69 23 17 3 57 52 34 15 43 62 16 93 58 90 27 88 82 77 99 53 48 64 1 56 78 96 25 41 61 50 19 35 
Coste: 23990256
Temperatura: 535148.7695669738
Probabilidad de aceptación: 1.0
Movimiento: SI



ITERACION 41
Solucion:    39 66 47 12 97 79 40 32 71 95 68 87 28 6 4 73 51 75 76 45 33 81 0 18 36 30 60 31 54 20 2 29 63 37 26 70 11 80 65 7 42 35 74 13 49 14 44 86 24 8 55 85 5 9 83 10 98 94 91 21 92 22 72 59 89 67 84 38 46 69 23 17 3 57 52 34 15 43 62 16 93 58 90 27 88 82 77 99 53 48 64 1 56 78 96 25 41 61 50 19 
Coste: 24144655
Temperatura: 481633.8926102764
Probabilidad de aceptación: 1.0
Movimiento: SI



ITERACION 42
Solucion:    74 39 66 47 12 97 79 40 32 71 95 68 87 28 6 4 73 51 75 76 45 33 81 0 18 36 60 30 31 54 20 2 29 63 26 37 70 11 80 65 7 42 19 35 13 49 14 44 86 24 8 55 85 5 9 83 10 98 94 91 21 92 22 72 59 89 67 84 38 46 69 23 17 3 57 52 34 15 43 62 16 93 58 90 27 88 82 77 99 53 48 64 1 56 78 96 25 41 61 50 
Coste: 24133196
Temperatura: 433470.5033492488
Probabilidad de aceptación: 1.0
Movimiento: SI



ITERACION 43
Solucion:    35 74 39 66 47 12 97 79 40 32 71 95 68 87 28 6 4 73 51 75 76 45 33 81 0 18 36 60 30 31 54 20 2 29 63 26 37 70 11 80 65 7 42 50 19 13 49 14 44 86 24 8 55 85 5 9 83 10 98 94 91 21 92 22 72 59 89 67 84 38 46 69 23 17 3 57 52 34 15 43 62 16 93 58 90 27 88 82 77 99 53 48 64 1 56 78 96 25 41 61 
Coste: 24190131
Temperatura: 390123.4530143239
Probabilidad de aceptación: 1.0
Movimiento: SI



ITERACION 44
Solucion:    19 35 39 74 66 47 12 97 79 40 32 71 95 68 87 28 6 4 73 51 75 76 45 33 81 0 36 18 60 30 31 54 20 2 29 63 26 37 70 11 80 65 7 42 61 50 13 49 14 44 86 8 24 55 85 5 9 83 10 98 94 91 21 92 22 72 59 89 67 84 38 46 69 23 17 3 57 52 34 15 43 62 16 93 58 90 27 88 82 77 53 99 48 64 1 56 78 96 25 41 
Coste: 24055451
Temperatura: 351111.10771289153
Probabilidad de aceptación: 1.0
Movimiento: SI



ITERACION 45
Solucion:    50 19 35 39 74 66 47 12 97 79 40 32 71 95 68 87 28 6 4 73 51 75 76 45 33 81 0 36 18 60 30 31 54 20 2 29 63 26 37 70 11 80 65 7 42 41 13 61 49 14 44 86 8 24 55 85 5 9 83 10 98 94 91 21 92 22 72 59 89 67 84 38 46 69 23 17 3 57 52 34 15 43 62 16 93 58 90 27 88 82 77 53 99 48 64 1 78 56 96 25 
Coste: 24149925
Temperatura: 315999.9969416024
Probabilidad de aceptación: 1.0
Movimiento: SI



ITERACION 46
Solucion:    13 50 19 35 39 74 66 47 12 97 79 40 32 71 95 68 87 28 6 4 73 51 75 76 45 33 81 0 36 18 60 30 31 54 20 2 29 63 26 37 70 11 80 65 7 42 25 41 61 49 14 44 86 8 24 55 85 5 9 83 10 98 94 91 21 92 22 72 59 89 67 84 38 46 69 23 17 3 57 52 34 15 43 62 16 93 58 90 27 88 82 77 53 99 48 64 1 78 56 96 
Coste: 24016416
Temperatura: 284399.99724744214
Probabilidad de aceptación: 1.0
Movimiento: SI



ITERACION 47
Solucion:    41 13 50 19 35 39 74 47 66 12 97 79 40 32 71 95 68 87 28 6 4 73 51 75 76 45 33 81 0 36 18 60 30 31 54 20 2 29 63 37 26 70 11 80 65 7 42 96 25 61 49 14 44 86 8 24 55 85 5 9 10 83 98 94 91 21 92 22 72 59 89 67 84 38 46 69 23 17 3 57 52 34 15 43 62 16 93 58 27 90 88 82 77 53 99 48 64 1 78 56 
Coste: 24054744
Temperatura: 255959.99752269793
Probabilidad de aceptación: 1.0
Movimiento: SI



ITERACION 48
Solucion:    25 41 13 50 19 35 39 47 74 66 12 97 79 40 32 71 95 68 87 28 6 4 73 51 75 76 45 33 81 0 36 60 18 30 31 54 20 2 29 63 37 26 70 11 80 65 7 42 56 96 61 49 14 44 86 8 24 55 85 5 9 10 83 98 94 91 21 92 22 72 59 89 67 84 38 46 69 23 17 3 57 52 34 15 43 62 16 93 58 27 90 88 82 77 53 99 48 64 1 78 
Coste: 24057377
Temperatura: 230363.99777042813
Probabilidad de aceptación: 1.0
Movimiento: SI



ITERACION 49
Solucion:    96 25 41 13 50 19 35 39 47 66 74 97 12 79 40 32 71 95 68 87 28 6 4 51 73 75 76 45 33 81 0 36 60 18 30 31 54 20 2 29 63 37 26 70 11 80 65 7 42 78 56 61 49 14 44 86 8 24 55 85 5 9 10 83 98 94 91 21 92 22 72 59 67 89 84 38 46 69 23 17 3 57 52 34 15 43 62 16 93 58 27 88 90 82 77 53 99 48 64 1 
Coste: 24045668
Temperatura: 207327.59799338534
Probabilidad de aceptación: 1.0
Movimiento: SI



ITERACION 50
Solucion:    56 96 25 41 13 50 19 35 39 47 66 74 97 12 79 40 32 71 95 68 87 28 6 51 4 73 75 76 45 33 81 0 36 60 18 30 31 54 20 2 29 63 37 26 11 70 80 65 7 42 1 78 49 61 14 44 86 8 24 55 85 5 9 10 83 98 94 91 21 92 22 72 59 67 84 89 38 46 69 23 17 3 57 52 34 15 43 62 16 93 58 27 88 90 82 77 53 99 48 64 
Coste: 24156953
Temperatura: 186594.8381940468
Probabilidad de aceptación: 1.0
Movimiento: SI



ITERACION 51
Solucion:    78 56 96 41 25 13 50 19 35 39 47 66 74 97 12 79 40 32 71 95 68 87 28 6 51 4 73 75 76 45 33 81 0 36 60 18 30 31 54 2 20 29 63 37 26 11 70 80 7 65 42 64 1 49 61 14 44 86 8 24 55 85 5 9 10 83 98 94 91 21 92 22 72 59 67 89 84 38 69 46 23 17 3 57 52 34 15 43 62 16 93 58 27 88 90 82 77 53 99 48 
Coste: 24098422
Temperatura: 167935.35437464213
Probabilidad de aceptación: 1.0
Movimiento: SI



ITERACION 52
Solucion:    1 78 56 96 41 25 13 50 19 35 39 47 66 74 97 12 79 40 32 71 95 68 87 28 6 51 73 4 75 76 45 33 81 0 36 60 18 30 31 54 2 20 63 29 37 26 11 70 80 7 65 42 48 64 49 61 14 44 86 8 24 55 85 5 9 10 83 98 94 91 21 92 22 72 59 67 89 84 38 69 46 23 17 3 57 52 34 15 43 62 16 93 58 27 88 90 82 77 53 99 
Coste: 24156365
Temperatura: 151141.81893717792
Probabilidad de aceptación: 1.0
Movimiento: SI



ITERACION 53
Solucion:    64 1 78 96 56 41 25 13 50 19 35 39 47 66 74 97 12 79 40 71 32 68 87 95 28 6 51 4 73 75 76 45 33 81 0 36 60 18 30 31 54 2 20 63 29 37 26 11 70 80 7 65 42 99 48 49 14 61 44 86 8 24 55 85 5 9 10 83 98 94 91 21 92 22 72 59 67 89 84 38 69 46 23 17 3 57 52 34 15 43 62 16 93 58 27 88 90 82 77 53 
Coste: 24110552
Temperatura: 136027.63704346013
Probabilidad de aceptación: 1.0
Movimiento: SI



ITERACION 54
Solucion:    48 64 1 78 96 56 41 25 13 50 19 35 39 47 66 74 97 12 79 40 71 32 68 87 95 28 6 51 4 73 75 76 45 33 0 81 36 60 18 30 31 54 2 63 20 29 37 26 11 70 80 7 65 42 53 99 49 14 61 44 86 8 24 85 55 5 9 10 83 94 98 91 21 92 22 72 59 67 89 84 38 69 46 23 17 3 57 34 52 15 43 62 16 93 58 27 88 90 82 77 
Coste: 23967982
Temperatura: 122424.87333911411
Probabilidad de aceptación: 1.0
Movimiento: SI



ITERACION 55
Solucion:    99 48 64 1 78 96 56 41 25 13 50 19 35 39 47 66 74 97 12 79 40 71 32 68 87 95 28 6 51 4 73 75 76 45 33 0 81 36 60 18 31 30 54 2 63 20 29 37 26 70 11 80 7 65 42 77 53 49 14 61 44 86 8 85 24 55 5 9 10 83 94 98 91 21 92 22 72 59 67 89 84 38 69 46 23 17 3 34 57 52 15 43 62 16 93 58 27 88 90 82 
Coste: 24089885
Temperatura: 110182.3860052027
Probabilidad de aceptación: 1.0
Movimiento: SI



ITERACION 56
Solucion:    53 99 48 64 1 78 96 56 41 25 13 19 50 39 35 47 66 74 97 12 79 40 71 68 87 95 32 28 6 51 4 73 75 76 45 33 0 81 36 18 60 31 30 54 2 63 20 29 37 26 70 11 80 7 65 42 82 77 49 61 14 44 8 86 85 24 5 9 55 10 83 94 98 91 21 92 22 72 59 67 89 84 38 46 69 23 17 3 34 57 52 15 43 62 16 93 58 27 88 90 
Coste: 24063647
Temperatura: 99164.14740468243
Probabilidad de aceptación: 1.0
Movimiento: SI



ITERACION 57
Solucion:    77 53 99 48 64 1 78 96 56 41 25 19 13 50 39 35 47 66 74 97 12 79 40 71 68 87 95 32 28 6 4 51 73 75 76 45 33 0 81 36 18 60 31 30 54 2 63 20 29 37 26 70 11 80 7 65 42 90 82 49 61 14 44 8 86 85 5 24 9 55 10 83 94 98 91 21 92 22 72 59 67 89 84 38 46 69 23 17 3 34 57 52 15 43 62 16 93 58 27 88 
Coste: 24011593
Temperatura: 89247.73266421419
Probabilidad de aceptación: 1.0
Movimiento: SI



ITERACION 58
Solucion:    82 77 53 99 48 64 1 78 96 56 41 25 19 13 50 39 35 47 66 74 97 12 79 40 71 68 87 95 32 28 6 4 51 73 75 76 45 33 0 81 36 18 60 31 30 54 2 63 20 29 37 26 70 11 80 7 42 65 88 90 49 61 14 44 86 8 5 85 24 9 55 10 83 94 98 91 21 92 22 72 59 67 89 84 38 46 69 23 17 34 3 57 52 15 43 62 16 93 58 27 
Coste: 24139387
Temperatura: 80322.95939779277
Probabilidad de aceptación: 1.0
Movimiento: SI



ITERACION 59
Solucion:    90 82 77 53 99 48 64 1 78 96 56 41 25 19 13 50 39 35 47 66 74 97 12 79 40 71 68 87 95 32 28 6 4 51 73 75 76 45 33 0 81 36 18 31 60 30 2 54 63 20 29 37 26 70 11 80 7 42 65 27 88 49 61 14 44 86 8 5 85 24 55 10 9 83 94 98 91 21 92 22 72 59 67 89 84 46 38 69 23 17 34 3 57 52 15 43 62 93 16 58 
Coste: 24082856
Temperatura: 72290.6634580135
Probabilidad de aceptación: 1.0
Movimiento: SI



ITERACION 60
Solucion:    88 90 82 77 53 99 48 64 1 96 78 56 41 25 19 13 50 39 35 47 66 74 97 12 79 40 71 68 95 87 32 28 6 4 51 73 75 76 45 33 0 81 36 18 31 30 60 2 54 63 20 29 37 70 26 11 80 7 42 65 16 27 49 61 14 44 8 5 86 85 24 55 10 9 83 94 98 91 21 92 22 72 59 67 89 46 84 38 69 17 23 34 57 3 52 15 62 43 93 58 
Coste: 24091234
Temperatura: 65061.59711221215
Probabilidad de aceptación: 0.694041773553702
Movimiento: NO



ITERACION 61
Solucion:    88 27 90 82 77 53 99 48 64 1 96 78 56 25 19 41 13 50 39 35 47 66 97 74 12 79 40 71 68 95 87 32 28 6 4 73 51 75 76 45 33 0 81 36 18 31 30 60 2 63 54 29 20 37 70 26 11 80 7 42 65 58 16 49 61 14 44 8 5 86 85 24 55 9 83 10 94 98 21 91 92 22 72 59 67 89 46 38 84 17 69 23 34 57 3 52 15 62 43 93 
Coste: 23994392
Temperatura: 58555.43740099094
Probabilidad de aceptación: 1.0
Movimiento: SI



ITERACION 62
Solucion:    16 88 27 90 82 77 53 99 48 64 1 96 78 56 25 19 41 13 50 39 35 47 66 97 74 12 79 40 71 68 95 87 32 28 6 4 73 51 75 76 45 33 81 36 18 0 31 30 60 2 63 29 54 20 37 26 70 11 80 7 42 65 93 58 49 61 14 8 44 86 5 85 24 55 9 83 94 10 98 21 91 92 22 72 59 67 89 46 38 84 17 23 69 34 57 3 52 15 43 62 
Coste: 23938467
Temperatura: 52699.893660891845
Probabilidad de aceptación: 1.0
Movimiento: SI



ITERACION 63
Solucion:    16 58 88 27 82 90 77 53 99 48 64 1 96 78 56 25 19 41 13 50 39 35 47 66 97 74 79 12 40 71 68 87 95 32 6 28 4 73 51 75 76 45 33 36 81 18 0 31 30 60 2 63 29 54 20 37 26 70 11 80 7 65 42 52 93 49 61 14 8 44 5 85 86 24 55 9 94 83 10 98 21 91 92 72 22 59 67 89 46 38 84 17 23 69 34 57 3 15 43 62 
Coste: 23966853
Temperatura: 47429.90429480266
Probabilidad de aceptación: 0.6673159581977253
Movimiento: NO



ITERACION 64
Solucion:    93 16 58 88 82 27 90 77 53 99 48 64 1 78 96 56 25 19 41 13 50 39 35 47 66 97 74 79 12 40 68 71 87 32 95 6 28 4 73 51 76 75 45 36 81 33 18 0 31 30 60 2 63 29 54 20 37 26 70 11 80 7 65 52 62 42 61 49 14 8 44 5 85 86 24 55 9 94 83 10 98 21 91 92 72 22 59 67 46 89 38 84 17 23 69 34 3 15 57 43 
Coste: 24047777
Temperatura: 42686.9138653224
Probabilidad de aceptación: 1.0
Movimiento: SI



ITERACION 65
Solucion:    42 93 16 58 88 82 27 90 53 77 99 64 48 1 78 96 56 19 41 13 50 25 39 35 66 47 97 74 12 79 40 68 71 87 32 95 6 28 4 73 76 75 51 45 36 81 33 18 0 31 30 60 2 63 29 54 20 37 26 70 80 11 7 52 65 43 62 61 14 49 8 44 5 85 86 24 55 9 94 83 10 98 21 91 92 72 59 22 46 67 89 38 84 17 23 69 34 3 15 57 
Coste: 24136433
Temperatura: 38418.22247879016
Probabilidad de aceptación: 1.0
Movimiento: SI



ITERACION 66
Solucion:    62 42 93 16 58 88 82 27 90 53 77 99 64 48 1 96 78 19 56 41 13 50 25 39 35 66 97 47 12 74 40 79 68 71 87 95 32 6 28 4 73 76 75 45 36 51 81 33 18 31 0 30 60 2 63 29 54 20 37 26 70 80 11 52 7 65 57 43 61 49 14 44 8 5 85 86 24 9 55 94 10 83 98 21 91 92 59 72 22 46 67 89 38 17 84 23 69 34 3 15 
Coste: 24040773
Temperatura: 34576.400230911146
Probabilidad de aceptación: 1.0
Movimiento: SI



ITERACION 67
Solucion:    43 42 62 93 58 16 88 82 27 90 77 53 99 64 48 96 1 78 19 56 41 13 50 25 35 39 66 47 12 74 97 40 79 68 71 87 95 32 6 28 4 76 73 45 36 75 51 33 81 18 31 0 30 60 2 63 29 20 54 37 26 80 70 11 52 65 7 15 61 57 49 44 14 8 5 86 85 24 9 55 94 10 83 98 91 21 92 59 22 72 67 46 38 17 89 84 23 69 34 3 
Coste: 23858872
Temperatura: 31118.760207820033
Probabilidad de aceptación: 1.0
Movimiento: SI



ITERACION 68
Solucion:    43 42 61 62 93 58 16 82 88 27 90 77 53 64 48 99 96 78 1 19 41 13 50 25 56 35 66 39 47 74 12 97 79 40 71 87 95 68 32 6 28 4 76 73 45 36 51 75 81 33 18 31 0 30 60 63 2 29 20 54 37 26 80 11 70 52 65 7 34 15 57 49 44 14 5 86 8 85 24 9 55 10 94 83 98 91 21 92 59 72 22 67 46 17 89 38 84 23 69 3 
Coste: 23865116
Temperatura: 28006.88418703803
Probabilidad de aceptación: 0.5038691748590748
Movimiento: NO



ITERACION 69
Solucion:    43 42 15 61 93 62 58 16 88 27 82 90 77 53 64 48 96 78 1 99 19 41 50 13 25 35 56 66 39 47 12 74 97 79 40 87 95 71 68 32 6 28 76 73 45 36 4 51 75 81 33 31 0 30 18 63 60 2 29 54 37 26 20 80 70 11 52 65 34 3 57 7 49 44 5 14 86 8 85 24 9 10 55 94 83 98 21 91 92 59 72 67 22 17 46 38 89 84 23 69 
Coste: 23894150
Temperatura: 25206.19576833423
Probabilidad de aceptación: 1.0
Movimiento: SI



ITERACION 70
Solucion:    43 57 42 15 61 62 93 58 16 27 88 82 90 77 53 64 96 48 1 78 99 19 50 41 25 13 35 56 39 66 47 12 97 74 79 40 87 95 68 32 6 28 76 73 45 71 36 4 51 75 81 33 31 0 30 18 63 60 29 2 54 37 26 20 80 11 70 52 34 65 69 3 7 49 44 5 14 8 85 24 9 86 55 10 94 98 83 91 21 92 59 72 67 17 22 46 89 84 38 23 
Coste: 23980912
Temperatura: 22685.576191500808
Probabilidad de aceptación: 1.0
Movimiento: SI



ITERACION 71
Solucion:    3 43 57 42 61 62 93 58 16 15 27 88 82 90 77 64 53 48 96 1 78 19 50 99 25 13 41 35 56 66 39 47 12 97 79 74 40 87 68 95 32 6 28 76 73 45 36 71 4 51 81 75 31 33 0 30 18 60 29 63 2 54 37 26 20 11 80 70 52 34 65 38 69 49 7 44 5 8 14 85 24 9 86 55 10 98 94 83 91 21 92 59 67 17 72 22 46 89 84 23 
Coste: 23976481
Temperatura: 20417.018572350727
Probabilidad de aceptación: 0.7786960693315397
Movimiento: NO



ITERACION 72
Solucion:    69 43 3 57 42 61 62 93 16 15 27 58 82 90 88 77 64 53 48 1 78 96 19 50 99 13 41 25 35 66 39 56 47 97 79 74 40 12 68 95 87 32 28 76 73 45 6 71 36 51 81 4 75 31 33 0 18 30 60 29 2 63 37 54 26 20 80 11 70 34 65 38 23 49 7 52 5 44 8 85 24 14 9 86 55 98 10 94 83 91 21 92 67 17 72 59 46 22 84 89 
Coste: 23883058
Temperatura: 18375.316715115656
Probabilidad de aceptación: 1.0
Movimiento: SI



ITERACION 73
Solucion:    69 49 43 57 42 3 61 93 62 16 15 58 82 90 27 88 77 64 53 1 48 96 78 19 50 99 13 41 25 35 66 39 56 97 47 74 40 12 68 95 79 87 32 28 73 45 76 6 71 51 36 81 4 31 33 75 0 30 60 18 2 29 63 37 54 20 26 80 70 34 11 38 65 89 23 7 52 5 8 44 24 85 14 86 9 55 10 98 94 83 21 91 92 67 17 72 46 59 22 84 
Coste: 23923244
Temperatura: 16537.78504360409
Probabilidad de aceptación: 1.0
Movimiento: SI



ITERACION 74
Solucion:    69 23 49 43 57 42 61 93 62 3 15 16 58 82 90 27 88 64 77 53 1 96 78 48 50 99 13 19 41 35 25 66 39 97 56 74 47 40 12 68 95 79 87 32 28 73 45 76 6 51 36 71 81 4 33 75 0 31 60 30 2 29 18 63 54 37 20 26 80 34 11 70 38 65 84 89 7 52 8 44 24 85 5 14 86 55 10 98 9 83 94 91 92 21 67 72 17 59 46 22 
Coste: 23917787
Temperatura: 14884.00653924368
Probabilidad de aceptación: 1.0
Movimiento: SI



ITERACION 75
Solucion:    89 23 69 43 57 42 49 61 93 3 15 62 58 16 82 27 88 90 77 53 1 96 78 48 64 50 99 19 41 13 25 66 39 97 35 56 74 40 12 68 47 95 79 87 32 28 73 45 6 76 51 36 71 81 4 75 33 31 60 30 0 2 18 63 29 37 54 26 20 80 34 11 70 65 84 46 38 7 52 8 24 44 85 5 14 55 86 98 10 9 94 83 92 91 21 67 72 17 59 22 
Coste: 23868070
Temperatura: 13395.605885319314
Probabilidad de aceptación: 0.08922993534803637
Movimiento: NO



ITERACION 76
Solucion:    38 23 89 69 43 57 42 49 61 3 93 15 58 62 82 16 27 88 90 77 53 96 1 78 48 64 50 99 41 13 19 25 39 66 35 56 74 97 12 68 40 47 79 95 87 28 73 32 6 45 76 51 71 36 81 75 33 31 4 60 0 30 18 2 29 37 63 54 20 80 26 34 11 70 84 46 22 65 52 7 8 24 44 5 85 14 86 98 10 9 55 83 94 91 21 67 72 92 59 17 
Coste: 23819779
Temperatura: 12056.045296787383
Probabilidad de aceptación: 1.0
Movimiento: SI



ITERACION 77
Solucion:    65 38 89 23 43 57 42 49 69 61 93 3 58 15 82 62 27 16 88 90 77 96 1 53 78 64 48 50 41 13 99 19 39 25 66 56 35 97 12 74 68 47 79 95 40 28 73 32 6 45 87 76 51 71 81 75 33 31 4 36 0 30 18 2 29 37 63 54 20 80 26 60 11 34 84 46 70 17 52 7 8 24 44 5 85 14 86 98 10 22 55 83 9 91 94 21 72 67 59 92 
Coste: 23771494
Temperatura: 10850.440767108645
Probabilidad de aceptación: 1.0
Movimiento: SI



ITERACION 78
Solucion:    65 38 52 89 43 57 42 23 49 69 93 3 58 15 82 62 27 16 88 90 61 77 96 53 78 1 48 50 41 13 99 19 39 25 66 56 35 97 12 74 68 47 79 95 40 28 73 32 6 45 64 87 76 51 81 71 75 31 33 4 36 30 0 2 18 29 37 63 54 20 26 60 80 11 34 46 84 70 91 17 8 24 7 44 85 14 5 98 10 22 86 55 9 83 94 21 72 67 59 92 
Coste: 23839086
Temperatura: 9765.39669039778
Probabilidad de aceptación: 0.22411701722964383
Movimiento: NO



ITERACION 79
Solucion:    65 38 52 89 43 57 17 23 42 49 93 3 58 15 82 62 69 27 16 90 88 61 77 96 53 78 48 50 41 13 1 99 19 25 66 39 35 56 12 97 68 74 79 95 47 40 28 32 6 45 64 87 73 76 81 51 71 31 33 4 75 36 30 2 18 0 37 29 63 54 26 20 80 11 60 46 84 70 34 92 91 24 8 44 85 14 5 98 10 7 22 86 55 9 83 94 72 21 59 67 
Coste: 23877526
Temperatura: 8788.857021358002
Probabilidad de aceptación: 1.0
Movimiento: SI



ITERACION 80
Solucion:    65 38 52 89 43 57 91 17 42 49 93 3 58 15 23 82 62 69 27 16 90 88 61 96 77 78 53 48 41 50 1 13 99 25 19 39 66 56 35 12 97 74 68 95 79 47 28 32 40 6 64 45 87 76 73 81 71 51 33 4 31 75 36 2 30 18 0 29 63 37 54 20 80 26 60 46 11 70 84 34 59 24 92 8 44 14 85 98 10 7 22 5 86 9 55 94 83 72 21 67 
Coste: 23790166
Temperatura: 7909.9713192222025
Probabilidad de aceptación: 0.030135980550152496
Movimiento: NO



ITERACION 81
Solucion:    65 24 38 89 43 57 52 17 42 49 91 3 58 93 23 82 62 69 15 27 90 16 61 96 88 77 78 53 48 41 1 13 50 99 19 25 66 56 39 12 97 74 68 95 35 47 79 32 28 40 64 45 6 76 73 81 71 87 51 33 4 31 36 2 75 30 18 29 63 0 54 20 80 26 60 46 11 70 37 84 59 83 92 8 34 14 85 44 10 98 7 5 86 9 55 22 94 72 21 67 
Coste: 23742048
Temperatura: 7118.974187299982
Probabilidad de aceptación: 0.006489800209553747
Movimiento: NO



ITERACION 82
Solucion:    65 24 38 89 43 57 92 17 42 52 91 3 58 93 23 82 62 69 15 49 90 16 61 96 88 77 78 53 48 27 1 41 50 99 19 25 66 56 13 39 97 74 68 95 35 12 47 32 28 40 64 45 6 76 73 79 71 87 81 33 4 31 36 2 75 30 18 29 51 0 54 20 80 63 60 46 11 26 37 70 59 83 84 8 34 14 85 44 10 98 7 5 86 9 55 22 94 72 21 67 
Coste: 23703213
Temperatura: 6407.076768569984
Probabilidad de aceptación: 9.867468547139246E-4
Movimiento: NO



ITERACION 83
Solucion:    65 24 38 89 43 57 92 17 42 52 91 3 58 93 23 82 62 69 15 8 90 16 61 96 88 49 77 53 48 78 1 41 27 99 19 50 66 56 13 39 97 74 68 95 35 12 47 32 28 40 64 45 25 76 73 79 71 87 81 33 4 31 36 6 2 30 75 18 29 0 54 20 80 63 60 46 11 51 26 70 59 83 84 72 34 14 85 44 10 98 7 5 86 9 55 22 37 94 21 67 
Coste: 23682344
Temperatura: 5766.369091712985
Probabilidad de aceptación: 0.2282395662309568
Movimiento: NO



ITERACION 84
Solucion:    65 34 24 89 43 57 92 38 42 17 91 3 58 93 23 82 62 52 15 69 90 16 61 96 88 49 77 53 48 78 1 41 27 99 19 50 66 56 13 39 97 74 68 95 35 12 47 32 28 40 64 45 25 76 73 8 71 87 81 79 4 31 36 33 6 2 30 18 29 75 54 20 80 0 63 46 11 51 60 70 26 83 84 59 67 14 85 72 10 98 7 44 86 5 55 22 37 94 21 9 
Coste: 23638086
Temperatura: 5189.732182541687
Probabilidad de aceptación: 1.0
Movimiento: SI



ITERACION 85
Solucion:    65 34 24 89 43 57 92 38 42 17 91 14 58 93 23 3 82 52 15 69 90 62 61 96 88 16 77 49 53 78 1 48 27 99 19 41 50 56 13 39 97 66 74 95 68 12 47 32 28 40 64 45 25 76 73 8 71 87 81 79 4 31 36 33 6 2 30 18 29 75 54 20 80 0 63 46 11 51 60 70 26 83 84 59 67 35 85 72 10 98 7 44 86 5 55 22 37 94 21 9 
Coste: 23663838
Temperatura: 4670.758964287518
Probabilidad de aceptación: 4.937220676790427E-4
Movimiento: NO



ITERACION 86
Solucion:    85 34 65 89 24 57 92 38 42 17 91 43 58 14 23 3 82 52 93 69 90 62 61 96 88 16 77 49 53 78 1 48 27 99 19 41 50 56 13 39 97 15 74 95 66 12 47 32 28 40 64 45 25 76 73 8 71 87 81 79 4 31 68 33 6 2 30 18 29 75 54 20 80 0 63 46 11 51 60 70 36 26 84 59 67 35 21 72 10 98 7 44 86 5 55 22 37 94 83 9 
Coste: 23595216
Temperatura: 4203.683067858767
Probabilidad de aceptación: 0.0017792016030065644
Movimiento: NO



ITERACION 87
Solucion:    85 34 65 89 24 57 92 38 42 17 91 43 58 72 23 3 82 52 93 14 90 62 61 96 88 16 77 49 53 78 1 48 27 99 19 69 50 41 13 39 97 15 74 95 66 12 47 32 56 40 64 45 25 76 73 8 71 87 81 79 4 31 68 28 6 2 30 18 29 75 54 20 80 0 63 33 11 51 60 46 36 26 84 59 67 35 21 37 10 98 7 70 86 5 55 44 22 94 83 9 
Coste: 23522207
Temperatura: 3783.31476107289
Probabilidad de aceptación: 0.020435050722019753
Movimiento: NO



ITERACION 88
Solucion:    85 34 10 65 24 57 92 38 42 17 91 43 58 72 23 3 82 52 93 14 90 62 61 96 88 16 77 49 53 78 1 48 27 99 19 69 50 41 13 39 97 15 74 95 66 12 47 32 56 40 64 45 25 76 73 8 71 87 81 79 4 31 68 28 6 2 30 18 29 75 54 20 80 0 63 33 11 51 60 46 36 26 84 89 59 35 21 37 5 98 7 70 86 67 55 44 22 94 83 9 
Coste: 23519362
Temperatura: 3404.9832849656013
Probabilidad de aceptación: 0.12813951639681936
Movimiento: NO



ITERACION 89
Solucion:    85 34 10 65 24 57 92 38 42 17 91 43 58 72 23 3 82 52 93 14 90 62 61 98 88 16 77 96 53 78 1 48 27 49 19 69 50 41 13 39 97 99 74 95 66 12 47 15 56 40 64 45 25 76 73 8 71 87 81 79 4 31 68 28 6 2 30 18 29 75 54 20 80 0 63 33 11 51 60 46 36 26 84 89 59 35 21 37 5 44 7 70 86 67 55 32 22 94 83 9 
Coste: 23500095
Temperatura: 3064.484956469041
Probabilidad de aceptación: 0.005952984153456778
Movimiento: NO



ITERACION 90
Solucion:    85 34 10 65 24 57 92 38 42 17 91 43 58 72 23 3 82 52 93 14 90 62 61 98 7 16 77 96 53 78 1 48 27 49 19 69 50 41 13 39 97 88 74 95 66 12 99 15 56 40 64 45 25 76 73 8 71 87 81 79 47 31 68 28 6 2 4 18 29 75 54 20 80 0 63 33 11 51 30 46 36 26 84 89 59 35 21 37 5 44 60 70 86 67 55 32 22 94 83 9 
Coste: 23483294
Temperatura: 2758.036460822137
Probabilidad de aceptación: 0.1578293327280162
Movimiento: NO



ITERACION 91
Solucion:    85 34 10 65 24 57 92 38 42 17 91 43 58 72 23 3 82 52 93 14 90 62 61 98 7 16 77 96 53 78 1 48 27 49 19 69 50 41 13 39 97 88 74 95 66 12 99 15 56 40 64 45 25 76 73 8 71 87 81 79 47 31 68 28 6 2 4 18 29 75 54 20 80 0 63 33 11 51 30 46 36 26 84 89 59 35 21 37 5 44 60 70 86 67 55 32 22 94 83 9 
Coste: 23483294
Temperatura: 2482.2328147399235
Probabilidad de aceptación: 3.197689501158349E-8
Movimiento: NO



ITERACION 92
Solucion:    85 34 10 86 24 57 92 38 42 17 91 43 58 72 23 3 82 52 93 14 90 62 65 98 7 16 77 96 53 78 1 48 27 49 19 69 50 41 13 39 97 88 61 95 66 12 99 15 56 40 64 45 25 76 73 8 71 87 81 79 47 31 68 28 6 2 4 18 29 75 54 20 80 0 63 33 11 51 30 46 36 26 84 89 59 35 21 37 5 44 60 70 22 67 74 55 32 94 83 9 
Coste: 23432844
Temperatura: 2234.009533265931
Probabilidad de aceptación: 1.3104248138401532E-11
Movimiento: NO



ITERACION 93
Solucion:    85 34 10 86 24 57 92 38 42 17 91 43 58 72 23 3 82 52 93 14 90 62 65 98 7 16 77 96 53 78 1 48 27 49 19 69 50 41 13 39 97 88 61 95 66 12 99 15 56 40 67 45 25 76 64 8 71 73 81 79 47 31 68 28 6 2 4 18 29 75 54 20 80 0 63 33 11 51 30 46 36 26 84 89 59 35 21 37 5 44 60 70 22 87 74 55 32 94 83 9 
Coste: 23444757
Temperatura: 2010.6085799393381
Probabilidad de aceptación: 6.893935077664975E-13
Movimiento: NO



ITERACION 94
Solucion:    85 34 10 86 24 57 92 38 42 17 91 43 58 72 23 3 82 52 93 74 90 62 65 98 7 16 77 96 53 78 1 48 27 49 19 69 50 14 41 39 97 88 61 95 66 12 99 15 56 40 67 45 13 76 64 8 71 25 73 79 47 31 68 28 6 81 4 18 29 75 2 20 80 0 63 54 11 51 30 46 36 26 84 89 59 35 21 37 5 44 60 70 22 87 33 55 32 94 83 9 
Coste: 23415245
Temperatura: 1809.5477219454044
Probabilidad de aceptación: 7.49415059042426E-12
Movimiento: NO



ITERACION 95
Solucion:    85 34 10 86 24 57 92 38 42 17 91 43 58 72 23 3 82 52 93 74 90 62 65 98 7 16 77 96 53 78 1 48 27 49 19 69 50 14 41 39 97 88 61 95 66 12 99 15 56 55 67 45 13 76 64 8 71 25 73 79 47 31 68 28 6 81 4 18 29 75 2 20 80 0 63 54 11 51 30 46 36 26 84 89 59 35 21 37 5 44 60 70 22 87 33 94 32 40 83 9 
Coste: 23407031
Temperatura: 1628.592949750864
Probabilidad de aceptación: 0.08561027440657411
Movimiento: NO



ITERACION 96
Solucion:    85 34 10 86 24 57 92 38 42 17 91 43 58 72 23 3 82 52 93 74 90 62 32 98 7 16 77 65 53 78 1 48 27 49 19 69 50 14 41 39 97 88 61 95 66 12 99 15 56 55 67 45 13 76 64 8 71 25 73 79 47 96 68 28 6 31 4 18 29 75 2 20 80 0 63 54 11 51 30 46 36 26 84 89 59 35 21 37 5 44 60 70 22 87 33 94 81 40 83 9 
Coste: 23400765
Temperatura: 1465.7336547757775
Probabilidad de aceptación: 0.014813371324611274
Movimiento: NO



ITERACION 97
Solucion:    85 34 10 86 24 57 92 38 42 40 91 43 58 72 23 3 82 52 93 74 90 62 32 98 7 16 77 17 53 65 1 48 27 49 19 69 50 14 41 39 97 88 61 95 66 12 99 15 56 55 67 45 13 76 64 8 71 25 73 79 47 96 68 28 6 31 4 18 29 75 2 20 80 0 63 54 11 51 30 46 36 26 84 89 59 35 21 37 5 78 60 70 22 87 33 44 81 94 83 9 
Coste: 23387492
Temperatura: 1319.1602892981998
Probabilidad de aceptación: 7.15767475065174E-7
Movimiento: NO



ITERACION 98
Solucion:    85 34 10 86 24 57 92 38 42 40 91 43 58 72 23 3 82 52 93 74 90 62 32 83 7 16 77 17 53 98 1 48 27 49 19 69 50 14 41 39 97 88 61 95 66 65 99 15 56 55 67 45 13 76 64 8 71 25 73 79 12 96 68 28 6 31 4 18 29 75 2 20 80 0 63 54 11 51 30 46 36 26 84 89 59 35 21 37 5 78 60 70 22 87 33 44 81 94 47 9 
Coste: 23367175
Temperatura: 1187.2442603683799
Probabilidad de aceptación: 1.3046957766402895E-12
Movimiento: NO



ITERACION 99
Solucion:    85 34 10 86 24 57 92 38 42 40 9 43 91 72 23 3 82 52 93 74 90 62 58 83 7 16 77 17 53 98 1 48 27 32 19 69 50 14 41 39 97 88 61 95 66 65 99 15 56 55 67 45 13 76 64 8 71 25 73 79 12 96 68 28 6 31 4 18 29 75 2 20 80 0 63 54 11 51 30 46 36 26 84 89 59 35 21 37 5 78 60 70 22 87 33 44 49 94 47 81 
Coste: 23356846
Temperatura: 1068.519834331542
Probabilidad de aceptación: 1.0
Movimiento: SI



