ITERACION 0
Solucion:    16 75 44 55 66 24 90 50 26 99 22 89 46 37 65 57 72 85 45 6 18 47 81 25 8 77 32 43 63 17 27 0 96 73 23 78 49 29 4 10 30 39 38 1 61 84 42 94 52 74 5 97 69 86 48 70 53 7 54 60 3 80 28 95 19 34 64 15 79 76 98 58 31 13 51 88 92 71 11 2 20 21 41 14 12 82 91 83 87 59 35 40 93 33 62 68 36 67 56 9 
Coste: 24057221
Temperatura: 3.6179271E7
Probabilidad de aceptación: 1.0
Movimiento: SI



ITERACION 1
Solucion:    75 9 16 44 55 66 24 90 50 26 99 22 89 46 37 65 57 72 85 45 6 18 47 81 25 8 77 32 43 63 17 27 0 96 73 23 78 49 29 4 10 30 39 38 1 61 84 42 94 52 74 5 97 69 86 48 70 53 7 54 60 3 80 28 95 19 34 64 15 79 76 98 58 31 13 51 88 92 71 11 2 20 21 41 14 12 82 91 83 87 59 35 40 93 33 62 68 36 67 56 
Coste: 24085958
Temperatura: 3.2561343900000002E7
Probabilidad de aceptación: 1.0
Movimiento: SI



ITERACION 2
Solucion:    16 75 56 9 44 55 66 24 90 50 26 99 22 89 46 37 65 57 72 85 45 6 18 47 81 25 8 77 32 43 63 17 27 0 96 73 23 78 49 29 4 10 30 39 38 1 61 84 42 94 52 74 5 97 69 86 48 70 53 7 54 60 3 80 28 95 19 34 64 15 79 76 98 58 31 13 51 88 92 71 11 2 20 21 41 14 12 82 91 83 87 59 35 40 93 33 62 68 36 67 
Coste: 24184877
Temperatura: 2.930520951E7
Probabilidad de aceptación: 1.0
Movimiento: SI



ITERACION 3
Solucion:    9 16 75 67 56 44 55 66 24 90 50 26 99 22 89 46 37 65 57 72 85 45 6 18 47 81 25 8 77 32 43 63 17 27 0 96 73 23 78 49 29 4 10 30 39 38 1 61 84 42 94 52 74 5 97 69 86 48 70 53 7 54 60 3 80 28 95 19 34 64 15 79 76 98 58 31 13 51 88 92 71 11 2 20 21 41 14 12 82 91 83 87 59 35 40 93 33 62 68 36 
Coste: 24157811
Temperatura: 2.6374688559E7
Probabilidad de aceptación: 1.0
Movimiento: SI



ITERACION 4
Solucion:    56 9 16 75 36 67 44 55 66 24 90 50 26 99 22 89 46 37 65 57 72 85 45 6 18 47 81 25 8 77 32 43 63 17 27 0 96 73 23 78 49 29 4 10 30 39 38 1 61 84 42 94 52 74 5 97 69 86 48 70 53 7 54 60 3 80 28 95 19 34 64 15 79 76 98 58 31 13 51 88 92 71 11 2 20 21 41 14 12 82 91 83 87 59 35 40 93 33 62 68 
Coste: 24114985
Temperatura: 2.37372197031E7
Probabilidad de aceptación: 1.0
Movimiento: SI



ITERACION 5
Solucion:    67 56 9 16 75 68 36 44 55 66 24 90 50 26 99 22 89 46 37 65 57 72 85 45 6 18 47 81 25 8 77 32 43 63 17 27 0 96 73 23 78 49 29 4 10 30 39 38 1 61 84 42 94 52 74 5 97 69 86 48 70 53 7 54 60 3 80 28 95 19 34 64 15 79 76 98 58 31 13 51 88 92 71 11 2 20 21 41 14 12 82 91 83 87 59 35 40 93 33 62 
Coste: 24063419
Temperatura: 2.136349773279E7
Probabilidad de aceptación: 1.0
Movimiento: SI



ITERACION 6
Solucion:    36 67 56 9 16 75 62 68 44 55 66 24 90 50 26 99 22 89 46 37 65 57 72 85 45 6 18 47 81 25 8 77 32 43 63 17 27 0 96 73 23 78 49 29 4 10 30 39 38 1 61 84 42 94 52 74 5 97 69 86 48 70 53 7 54 60 3 80 28 95 19 34 64 15 79 76 98 58 31 13 51 88 92 71 11 2 20 21 41 14 12 82 91 83 87 59 35 40 93 33 
Coste: 24119127
Temperatura: 1.9227147959511E7
Probabilidad de aceptación: 1.0
Movimiento: SI



ITERACION 7
Solucion:    68 36 67 56 9 16 75 33 62 44 55 66 24 90 50 26 99 22 89 46 37 65 57 72 85 45 6 18 47 81 25 8 77 32 43 63 17 27 0 96 73 23 78 49 29 4 10 30 39 38 1 61 84 42 94 52 74 5 97 69 86 48 70 53 7 54 60 3 80 28 95 19 34 64 15 79 76 98 58 31 13 51 88 92 71 11 2 20 21 41 14 12 82 91 83 87 59 35 40 93 
Coste: 24231813
Temperatura: 1.7304433163559902E7
Probabilidad de aceptación: 1.0
Movimiento: SI



ITERACION 8
Solucion:    62 68 36 67 56 9 16 75 93 33 44 55 66 24 90 50 26 99 22 89 46 37 65 57 72 85 45 6 18 47 81 25 8 77 32 43 63 17 27 0 96 73 23 78 49 29 4 10 30 39 38 1 61 84 42 94 52 74 5 97 69 86 48 70 53 7 54 60 3 80 28 95 19 34 64 15 79 76 98 58 31 13 51 88 92 71 11 2 20 21 41 14 12 82 91 83 87 59 35 40 
Coste: 24209526
Temperatura: 1.5573989847203912E7
Probabilidad de aceptación: 1.0
Movimiento: SI



ITERACION 9
Solucion:    33 62 68 36 67 56 9 16 75 40 93 44 55 66 24 90 50 26 99 22 89 46 37 65 57 72 85 45 6 18 47 81 25 8 77 32 43 63 17 27 0 96 73 23 78 49 29 4 10 30 39 38 1 61 84 42 94 52 74 5 97 69 86 48 70 53 7 54 60 3 80 28 95 19 34 64 15 79 76 98 58 31 13 51 88 92 71 11 2 20 21 41 14 12 82 91 83 87 59 35 
Coste: 24150043
Temperatura: 1.4016590862483522E7
Probabilidad de aceptación: 1.0
Movimiento: SI



ITERACION 10
Solucion:    93 33 62 68 36 67 56 9 16 75 35 40 44 55 66 24 90 50 26 99 22 89 46 37 65 57 72 85 45 6 18 47 81 25 8 77 32 43 63 17 27 0 96 73 23 78 49 29 4 10 30 39 38 1 61 84 42 94 52 74 5 97 69 86 48 70 53 7 54 60 3 80 28 95 19 34 64 15 79 76 98 58 31 13 51 88 92 71 11 2 20 21 41 14 12 82 91 83 87 59 
Coste: 24062320
Temperatura: 1.261493177623517E7
Probabilidad de aceptación: 1.0
Movimiento: SI



ITERACION 11
Solucion:    40 93 33 62 68 36 67 56 9 16 75 59 35 44 55 66 24 90 50 26 99 22 89 46 37 65 57 72 85 45 6 18 47 81 25 8 77 32 43 63 17 27 0 96 73 23 78 49 29 4 10 30 39 38 1 61 84 42 94 52 74 5 97 69 86 48 70 53 7 54 60 3 80 28 95 19 34 64 15 79 76 98 58 31 13 51 88 92 71 11 2 20 21 41 14 12 82 91 83 87 
Coste: 24088631
Temperatura: 1.1353438598611655E7
Probabilidad de aceptación: 1.0
Movimiento: SI



ITERACION 12
Solucion:    35 40 93 33 62 68 36 67 56 9 16 75 87 59 44 55 66 24 90 50 26 99 22 89 46 37 65 57 72 85 45 6 18 47 81 25 8 77 32 43 63 17 27 0 96 73 23 78 49 29 4 10 30 39 38 1 61 84 42 94 52 74 5 97 69 86 48 70 53 7 54 60 3 80 28 95 19 34 64 15 79 76 98 58 31 13 51 88 92 71 11 2 20 21 41 14 12 82 91 83 
Coste: 24058832
Temperatura: 1.021809473875049E7
Probabilidad de aceptación: 1.0
Movimiento: SI



ITERACION 13
Solucion:    59 35 40 93 33 62 68 36 67 56 9 16 75 83 87 44 55 66 24 90 50 26 99 22 89 46 37 65 57 72 85 45 6 18 47 81 25 8 77 32 43 63 17 27 0 96 73 23 78 49 29 4 10 30 39 38 1 61 84 42 94 52 74 5 97 69 86 48 70 53 7 54 60 3 80 28 95 19 34 64 15 79 76 98 58 31 13 51 88 92 71 11 2 20 21 41 14 12 82 91 
Coste: 24121789
Temperatura: 9196285.26487544
Probabilidad de aceptación: 1.0
Movimiento: SI



ITERACION 14
Solucion:    87 59 35 40 93 33 62 68 36 67 56 9 16 75 91 83 44 55 66 24 90 50 26 99 22 89 46 37 65 57 72 85 45 6 18 47 81 25 8 77 32 43 63 17 27 0 96 73 23 78 49 29 4 10 30 39 38 1 61 84 42 94 52 74 5 97 69 86 48 70 53 7 54 60 3 80 28 95 19 34 64 15 79 76 98 58 31 13 51 88 92 71 11 2 20 21 41 14 12 82 
Coste: 23981503
Temperatura: 8276656.738387896
Probabilidad de aceptación: 1.0
Movimiento: SI



ITERACION 15
Solucion:    83 87 59 35 40 93 33 62 68 36 67 56 9 16 75 82 91 44 55 66 24 90 50 26 99 22 89 46 37 65 57 72 85 45 6 18 47 81 25 8 77 32 43 63 17 27 0 96 73 23 78 49 29 4 10 30 39 38 1 61 84 42 94 52 74 5 97 69 86 48 70 53 7 54 60 3 80 28 95 19 34 64 15 79 76 98 58 31 13 51 88 92 71 11 2 20 21 41 14 12 
Coste: 24062148
Temperatura: 7448991.064549106
Probabilidad de aceptación: 1.0
Movimiento: SI



ITERACION 16
Solucion:    91 83 87 59 35 40 93 33 62 68 36 67 56 9 16 75 12 82 44 55 66 24 90 50 26 99 22 89 46 37 65 57 72 85 45 6 18 47 81 25 8 77 32 43 63 17 27 0 96 73 23 78 49 29 4 10 30 39 38 1 61 84 42 94 52 74 5 97 69 86 48 70 53 7 54 60 3 80 28 95 19 34 64 15 79 76 98 58 31 13 51 88 92 71 11 2 20 21 41 14 
Coste: 24145401
Temperatura: 6704091.958094195
Probabilidad de aceptación: 1.0
Movimiento: SI



ITERACION 17
Solucion:    82 91 83 87 59 35 40 93 33 62 68 36 67 56 9 16 75 14 12 44 55 66 24 90 50 26 99 22 89 46 37 65 57 72 85 45 6 18 47 81 25 8 77 32 43 63 17 27 0 96 73 23 78 49 29 4 10 30 39 38 1 61 84 42 94 52 74 5 97 69 86 48 70 53 7 54 60 3 80 28 95 19 34 64 15 79 76 98 58 31 13 51 88 92 71 11 2 20 21 41 
Coste: 24043669
Temperatura: 6033682.762284776
Probabilidad de aceptación: 1.0
Movimiento: SI



ITERACION 18
Solucion:    12 82 91 83 87 59 35 40 93 33 62 68 36 67 56 9 16 75 41 14 44 55 66 24 90 50 26 99 22 89 46 37 65 57 72 85 45 6 18 47 81 25 8 77 32 43 63 17 27 0 96 73 23 78 49 29 4 10 30 39 38 1 61 84 42 94 52 74 5 97 69 86 48 70 53 7 54 60 3 80 28 95 19 34 64 15 79 76 98 58 31 13 51 88 92 71 11 2 20 21 
Coste: 24042993
Temperatura: 5430314.486056299
Probabilidad de aceptación: 1.0
Movimiento: SI



ITERACION 19
Solucion:    14 12 82 91 83 87 59 35 40 93 33 62 68 36 67 56 9 16 75 21 41 44 55 66 24 90 50 26 99 22 89 46 37 65 57 72 85 45 6 18 47 81 25 8 77 32 43 63 17 27 0 96 73 23 78 49 29 4 10 30 39 38 1 61 84 42 94 52 74 5 97 69 86 48 70 53 7 54 60 3 80 28 95 19 34 64 15 79 76 98 58 31 13 51 88 92 71 11 2 20 
Coste: 24010546
Temperatura: 4887283.037450669
Probabilidad de aceptación: 1.0
Movimiento: SI



ITERACION 20
Solucion:    41 14 12 82 91 83 87 59 35 40 93 33 62 68 36 67 56 9 16 75 20 21 44 55 66 24 90 50 26 99 22 89 46 37 65 57 72 85 45 6 18 47 81 25 8 77 32 43 63 17 27 0 96 73 23 78 49 29 4 10 30 39 38 1 61 84 42 94 52 74 5 97 69 86 48 70 53 7 54 60 3 80 28 95 19 34 64 15 79 76 98 58 31 13 51 88 92 71 11 2 
Coste: 24130969
Temperatura: 4398554.733705603
Probabilidad de aceptación: 1.0
Movimiento: SI



ITERACION 21
Solucion:    21 41 14 12 82 91 83 87 59 35 40 93 33 62 68 36 67 56 9 16 75 2 20 44 55 66 24 90 50 26 99 22 46 89 37 65 57 72 85 45 6 18 47 81 25 8 77 32 43 63 17 27 0 96 73 23 78 49 29 4 10 30 39 38 1 61 84 42 94 52 74 5 97 69 86 48 70 53 7 54 60 3 80 28 95 19 34 64 15 79 76 98 58 31 13 51 88 92 71 11 
Coste: 24130534
Temperatura: 3958699.2603350426
Probabilidad de aceptación: 1.0
Movimiento: SI



ITERACION 22
Solucion:    20 21 41 14 12 82 91 83 87 59 35 40 93 33 62 68 36 67 56 9 16 75 11 2 44 55 66 24 90 50 26 99 22 46 89 37 65 57 72 85 45 6 18 47 81 25 8 77 32 43 63 17 27 0 96 73 23 78 49 29 4 10 30 39 38 1 61 84 42 94 52 74 5 97 69 86 48 70 53 7 54 60 3 80 28 95 19 34 64 15 79 76 98 58 31 13 51 88 92 71 
Coste: 24214002
Temperatura: 3562829.3343015383
Probabilidad de aceptación: 1.0
Movimiento: SI



ITERACION 23
Solucion:    2 20 21 41 14 12 82 91 83 87 59 35 40 93 33 62 68 36 67 56 9 16 75 71 11 44 55 66 24 90 50 26 99 22 46 89 37 65 57 72 85 45 6 18 47 81 25 8 77 32 43 63 17 27 0 96 73 23 78 49 29 4 10 30 39 38 1 61 84 42 94 52 74 5 97 69 86 48 70 53 7 54 60 3 80 28 95 19 34 64 15 79 76 98 58 31 13 51 88 92 
Coste: 24087552
Temperatura: 3206546.4008713844
Probabilidad de aceptación: 1.0
Movimiento: SI



ITERACION 24
Solucion:    11 2 20 21 41 14 12 82 91 83 87 59 35 40 93 33 62 68 36 67 56 9 16 75 92 71 44 55 66 24 90 50 26 99 22 46 89 37 65 57 72 85 45 6 18 47 81 25 8 77 32 43 63 17 27 0 96 73 23 78 49 29 4 10 30 39 38 1 61 84 42 94 52 74 5 97 69 86 48 70 53 7 54 60 3 80 28 95 19 34 15 64 79 76 98 58 31 13 51 88 
Coste: 24111240
Temperatura: 2885891.760784246
Probabilidad de aceptación: 1.0
Movimiento: SI



ITERACION 25
Solucion:    71 11 2 20 21 41 14 12 82 91 83 87 59 35 40 93 33 62 68 36 67 56 9 16 75 88 92 44 55 66 24 90 50 26 99 22 46 89 37 65 57 72 85 45 6 18 47 81 25 8 77 32 43 63 17 27 0 96 73 23 78 49 29 4 10 30 39 38 1 61 84 42 94 52 74 5 97 69 86 48 70 53 7 54 60 3 80 28 95 19 34 15 64 79 76 98 58 31 13 51 
Coste: 24269917
Temperatura: 2597302.5847058217
Probabilidad de aceptación: 1.0
Movimiento: SI



ITERACION 26
Solucion:    92 71 11 2 20 21 41 14 12 82 91 83 87 59 35 40 93 33 62 68 36 67 56 9 16 75 51 88 44 55 66 24 90 50 26 99 22 46 89 37 65 57 72 85 45 6 18 47 81 25 8 77 32 43 63 17 27 0 96 73 23 78 49 29 4 10 30 39 38 1 61 84 42 94 52 74 5 97 69 86 48 70 53 7 54 60 3 80 28 95 19 34 15 64 79 76 98 58 31 13 
Coste: 24113702
Temperatura: 2337572.3262352394
Probabilidad de aceptación: 1.0
Movimiento: SI



ITERACION 27
Solucion:    88 92 71 11 2 20 21 41 14 12 82 91 83 87 59 35 40 93 33 62 68 36 67 56 9 16 75 13 51 44 55 66 24 90 50 26 99 22 46 89 37 65 57 72 85 45 6 18 47 81 25 8 77 32 43 63 17 27 0 96 73 23 78 49 29 4 10 30 39 38 1 61 42 84 94 52 74 5 97 69 86 48 70 53 7 54 60 3 80 28 95 19 34 15 64 79 76 98 58 31 
Coste: 24140611
Temperatura: 2103815.0936117154
Probabilidad de aceptación: 1.0
Movimiento: SI



ITERACION 28
Solucion:    51 88 92 71 11 2 20 21 41 14 12 82 91 83 87 59 35 40 93 33 62 68 36 67 56 9 16 75 31 13 44 55 66 24 90 50 26 99 22 46 89 37 65 57 72 85 45 6 18 47 81 25 8 77 32 43 63 17 27 0 96 73 23 78 49 29 4 10 30 39 38 1 61 42 84 94 52 74 5 97 69 86 48 70 53 7 54 60 3 80 28 95 19 34 15 64 79 76 98 58 
Coste: 24185411
Temperatura: 1893433.584250544
Probabilidad de aceptación: 1.0
Movimiento: SI



ITERACION 29
Solucion:    13 51 88 92 71 11 2 20 21 41 14 12 82 91 83 87 59 35 40 93 33 62 68 36 67 56 9 16 75 58 31 44 55 66 24 90 50 26 99 22 46 89 37 65 57 72 85 45 6 18 47 81 25 8 77 32 43 63 17 27 0 96 73 23 78 49 29 4 10 30 39 38 1 61 42 84 94 52 74 5 97 69 86 48 70 53 7 54 60 3 80 28 95 19 34 15 64 79 76 98 
Coste: 24092407
Temperatura: 1704090.2258254895
Probabilidad de aceptación: 1.0
Movimiento: SI



ITERACION 30
Solucion:    31 13 51 88 92 71 11 2 20 21 41 14 12 82 91 83 87 59 35 40 93 33 62 68 36 67 56 9 16 75 98 58 44 55 66 24 90 50 26 99 22 46 89 37 65 57 72 85 45 6 18 47 81 25 8 77 32 43 63 17 27 0 96 73 23 78 49 29 4 10 30 39 38 1 61 42 84 94 52 74 5 97 69 86 48 70 53 7 54 60 3 80 28 95 19 34 15 64 79 76 
Coste: 24154306
Temperatura: 1533681.2032429406
Probabilidad de aceptación: 1.0
Movimiento: SI



ITERACION 31
Solucion:    58 31 13 51 88 92 71 11 2 20 21 41 14 12 82 91 83 87 59 35 40 93 33 62 68 36 67 56 9 16 75 76 98 44 55 66 24 90 50 26 99 22 46 89 37 65 57 72 85 45 6 18 47 81 25 8 77 32 43 63 17 27 0 96 73 23 78 49 29 4 10 30 39 38 1 61 42 84 94 52 74 5 97 69 86 48 70 53 7 54 60 3 80 28 95 19 34 15 64 79 
Coste: 24108638
Temperatura: 1380313.0829186465
Probabilidad de aceptación: 1.0
Movimiento: SI



ITERACION 32
Solucion:    98 58 31 13 51 88 92 71 11 2 20 21 41 14 12 82 91 83 87 59 35 40 93 33 62 68 36 67 56 9 16 75 79 76 44 55 66 24 90 50 26 99 22 46 89 37 65 57 72 85 45 6 18 47 81 25 8 77 32 43 63 17 27 0 96 73 23 78 49 29 4 10 30 39 38 1 61 42 84 94 52 74 5 97 69 86 48 70 53 7 54 60 3 80 28 95 19 34 15 64 
Coste: 24149558
Temperatura: 1242281.774626782
Probabilidad de aceptación: 1.0
Movimiento: SI



ITERACION 33
Solucion:    76 98 58 13 31 51 88 92 71 11 2 20 21 41 14 12 82 91 83 87 59 35 40 93 33 62 68 36 67 56 9 16 75 64 79 44 55 66 24 90 50 26 99 22 46 89 37 65 57 72 85 45 6 18 47 81 25 8 77 32 43 63 17 27 0 96 73 23 78 49 29 4 10 30 39 38 1 61 42 84 94 52 74 5 97 69 86 48 70 53 7 54 60 3 80 28 95 19 34 15 
Coste: 24113977
Temperatura: 1118053.5971641038
Probabilidad de aceptación: 1.0
Movimiento: SI



ITERACION 34
Solucion:    79 76 98 58 13 31 51 88 92 71 11 2 20 21 41 14 12 82 91 83 87 59 35 40 93 33 62 68 36 67 56 9 16 75 15 64 44 55 66 24 90 50 26 99 22 46 89 37 65 57 72 85 45 6 18 47 81 25 8 77 32 43 63 17 27 0 96 73 23 78 49 29 4 10 30 39 38 1 61 42 94 84 52 74 5 97 69 86 48 70 53 7 54 60 3 80 28 95 19 34 
Coste: 24073721
Temperatura: 1006248.2374476934
Probabilidad de aceptación: 1.0
Movimiento: SI



ITERACION 35
Solucion:    64 79 76 98 58 13 31 51 88 92 71 11 2 20 21 41 14 12 82 91 83 87 59 35 40 93 33 62 68 36 67 56 9 16 75 34 15 44 55 66 24 90 50 26 99 22 46 89 37 65 57 72 85 45 6 18 47 81 25 8 77 32 43 63 17 27 0 96 73 23 78 49 29 4 10 30 39 38 1 61 42 94 84 52 74 5 97 69 86 48 70 53 7 54 60 3 80 28 95 19 
Coste: 24187979
Temperatura: 905623.413702924
Probabilidad de aceptación: 1.0
Movimiento: SI



ITERACION 36
Solucion:    15 64 79 76 98 58 13 31 51 88 92 71 11 2 20 21 41 14 12 82 91 83 87 59 35 40 93 33 62 68 36 67 56 9 16 75 19 34 44 55 66 24 90 50 26 99 22 46 89 37 65 57 72 85 45 6 18 47 81 25 8 77 32 43 63 17 27 0 96 73 23 78 49 29 4 10 30 39 38 1 61 42 94 84 52 74 5 97 69 86 48 70 53 7 54 60 3 80 28 95 
Coste: 24151983
Temperatura: 815061.0723326317
Probabilidad de aceptación: 1.0
Movimiento: SI



ITERACION 37
Solucion:    34 15 64 79 76 98 58 13 31 51 88 92 71 11 2 20 21 41 14 12 82 91 83 87 59 35 40 93 33 62 68 36 67 56 9 16 75 95 19 44 55 66 24 90 50 26 99 22 46 89 37 65 57 72 85 45 6 18 47 81 25 8 77 32 43 63 17 27 0 96 73 23 78 49 29 4 10 30 39 38 1 61 42 94 84 52 74 5 97 69 86 48 70 53 7 54 60 3 80 28 
Coste: 24137532
Temperatura: 733554.9650993685
Probabilidad de aceptación: 1.0
Movimiento: SI



ITERACION 38
Solucion:    19 34 64 15 79 76 98 58 13 31 51 88 92 71 11 2 20 21 41 14 12 82 91 83 87 59 35 40 93 33 62 68 36 67 56 9 16 75 28 95 44 55 66 24 90 50 26 99 22 46 89 37 65 57 72 85 45 6 18 47 81 25 8 77 32 43 63 27 17 0 96 73 23 78 49 29 4 10 30 39 38 1 61 42 94 84 52 74 5 97 69 86 48 70 53 7 54 60 3 80 
Coste: 24048628
Temperatura: 660199.4685894316
Probabilidad de aceptación: 1.0
Movimiento: SI



ITERACION 39
Solucion:    95 19 34 64 15 79 76 98 58 13 31 51 88 92 71 11 2 20 41 21 14 12 82 91 83 87 59 35 40 93 33 62 68 36 67 56 9 16 75 80 28 44 55 66 24 90 50 26 99 22 46 89 37 65 57 72 85 45 6 18 47 81 25 8 77 32 43 63 27 17 0 73 96 23 78 49 29 4 10 30 39 38 1 61 42 94 84 52 74 5 97 69 86 48 53 70 7 54 60 3 
Coste: 24004601
Temperatura: 594179.5217304885
Probabilidad de aceptación: 1.0
Movimiento: SI



ITERACION 40
Solucion:    28 95 19 34 64 15 79 76 98 58 13 31 51 88 92 71 11 2 20 41 21 14 12 82 91 83 87 59 35 40 93 33 62 68 36 67 56 9 16 75 3 80 44 55 66 24 90 50 26 99 22 46 89 37 65 57 72 85 45 6 18 47 81 25 8 77 32 43 63 27 17 0 73 96 23 78 49 29 4 10 39 30 38 1 61 42 94 84 52 74 5 97 69 86 48 53 70 7 54 60 
Coste: 24157365
Temperatura: 534761.5695574397
Probabilidad de aceptación: 1.0
Movimiento: SI



ITERACION 41
Solucion:    80 28 95 19 34 64 15 79 76 98 58 13 31 51 88 92 71 11 2 20 41 21 14 12 82 91 83 87 59 35 40 93 33 62 68 36 67 56 9 16 75 60 3 44 55 66 24 90 50 26 99 22 46 89 37 65 57 72 85 45 6 18 47 81 25 8 77 32 43 63 27 17 0 73 96 23 78 49 29 4 10 39 30 38 1 61 42 94 84 52 74 5 97 69 86 48 53 70 7 54 
Coste: 24083984
Temperatura: 481285.4126016957
Probabilidad de aceptación: 1.0
Movimiento: SI



ITERACION 42
Solucion:    3 80 28 95 19 34 64 15 79 76 58 98 13 31 51 88 92 71 11 2 20 41 21 14 12 82 91 83 87 59 35 40 93 33 62 36 68 67 56 9 16 75 54 60 44 55 66 24 90 50 26 99 22 46 89 37 65 57 72 85 45 6 18 47 81 25 8 77 32 43 63 27 17 0 96 73 23 78 49 29 4 10 39 30 38 1 61 42 94 84 52 74 5 97 69 86 48 53 70 7 
Coste: 24092693
Temperatura: 433156.8713415261
Probabilidad de aceptación: 1.0
Movimiento: SI



ITERACION 43
Solucion:    60 3 80 28 95 19 34 64 15 79 76 58 98 13 31 51 88 92 71 11 2 20 41 21 14 12 82 91 83 87 59 35 40 93 33 62 36 68 67 56 9 16 75 7 54 44 55 66 24 90 50 26 99 22 46 89 37 65 57 72 85 45 6 18 47 81 25 8 77 32 43 63 27 17 0 96 73 23 78 49 29 4 10 39 30 38 1 61 42 94 84 52 74 5 97 69 86 48 53 70 
Coste: 24078991
Temperatura: 389841.1842073735
Probabilidad de aceptación: 1.0
Movimiento: SI



ITERACION 44
Solucion:    54 60 3 80 28 95 19 34 64 15 79 76 58 98 13 31 51 88 92 71 11 2 20 41 21 14 12 82 91 83 87 59 35 40 93 33 62 36 68 67 56 9 16 75 70 7 44 55 66 24 90 50 26 99 22 46 89 37 65 57 72 85 45 6 18 47 81 25 8 77 32 43 63 27 17 0 96 73 23 78 49 29 4 10 39 30 38 1 61 42 94 52 84 74 5 97 69 86 48 53 
Coste: 24060602
Temperatura: 350857.06578663614
Probabilidad de aceptación: 1.0
Movimiento: SI



ITERACION 45
Solucion:    7 54 60 3 80 28 95 19 34 64 15 79 76 98 58 13 31 88 51 92 71 11 2 20 41 21 14 12 82 91 83 87 59 35 40 93 33 62 36 68 67 56 9 16 75 53 70 44 55 66 24 90 50 26 99 22 46 37 89 65 57 72 85 45 6 18 47 81 25 8 77 32 63 27 43 17 0 96 73 23 78 49 29 4 39 10 30 38 1 61 42 94 52 84 74 5 97 69 86 48 
Coste: 24061416
Temperatura: 315771.35920797253
Probabilidad de aceptación: 1.0
Movimiento: SI



ITERACION 46
Solucion:    70 7 54 60 3 80 28 95 19 34 64 15 79 76 98 58 13 31 88 51 92 71 11 2 20 41 21 14 12 82 91 83 87 59 35 40 93 33 62 36 68 67 9 56 16 75 48 53 44 55 66 24 90 50 26 99 46 22 37 89 65 57 72 85 45 6 18 47 81 25 8 77 32 63 27 43 17 0 96 73 23 78 49 29 4 39 10 30 38 1 61 42 94 52 84 74 5 97 86 69 
Coste: 24143978
Temperatura: 284194.2232871753
Probabilidad de aceptación: 1.0
Movimiento: SI



ITERACION 47
Solucion:    53 70 7 54 60 3 80 28 95 19 34 64 15 79 76 98 58 13 31 88 51 92 71 11 2 20 41 21 14 12 82 91 83 87 59 35 40 93 33 62 36 68 67 9 56 16 75 69 44 48 55 66 90 24 50 26 99 46 22 37 89 65 57 72 85 45 6 18 47 81 25 8 77 32 63 27 43 17 0 73 96 23 78 49 29 4 39 10 30 38 1 61 42 94 52 84 74 5 97 86 
Coste: 24104315
Temperatura: 255774.80095845778
Probabilidad de aceptación: 1.0
Movimiento: SI



ITERACION 48
Solucion:    44 53 70 7 54 60 3 80 28 95 19 34 64 15 79 76 98 58 13 31 88 51 92 71 11 2 20 41 21 14 12 82 91 83 87 59 35 40 93 33 62 36 68 67 9 56 16 75 86 48 69 55 66 90 24 50 26 99 46 22 37 89 65 57 72 85 45 6 18 47 81 25 8 77 32 63 27 43 17 0 73 96 23 49 78 29 4 39 10 30 38 1 61 42 94 52 84 74 5 97 
Coste: 24001458
Temperatura: 230197.32086261202
Probabilidad de aceptación: 1.0
Movimiento: SI



ITERACION 49
Solucion:    48 44 53 70 7 54 3 60 80 28 95 34 19 64 15 79 76 98 58 13 31 88 51 92 71 11 2 20 21 41 14 12 82 91 83 87 59 35 40 33 93 62 36 68 67 9 56 16 75 97 86 69 55 66 90 24 50 26 99 46 22 37 89 65 57 72 85 45 6 18 81 47 25 8 77 32 63 27 43 17 0 73 96 23 49 78 29 4 39 10 30 38 1 61 42 94 52 84 74 5 
Coste: 24082834
Temperatura: 207177.5887763508
Probabilidad de aceptación: 1.0
Movimiento: SI



ITERACION 50
Solucion:    86 48 44 70 53 7 54 3 60 80 28 95 34 19 64 15 79 76 98 58 13 31 88 51 92 71 2 11 20 21 41 14 12 82 91 83 87 59 35 40 33 93 62 36 68 67 9 56 16 75 5 97 69 55 66 90 24 50 26 99 46 22 37 89 65 57 72 85 45 6 81 18 47 25 8 77 32 63 27 43 17 0 73 96 23 49 78 29 4 39 10 30 38 61 1 42 94 52 84 74 
Coste: 24110989
Temperatura: 186459.82989871572
Probabilidad de aceptación: 1.0
Movimiento: SI



ITERACION 51
Solucion:    97 48 44 86 70 53 54 7 3 60 80 28 95 34 19 64 15 79 76 98 58 13 31 88 51 92 71 2 20 11 21 41 14 12 82 91 83 87 35 59 40 33 62 93 36 68 67 9 56 16 75 74 5 69 55 66 90 24 50 26 99 46 22 37 89 65 57 72 45 85 6 81 18 47 25 8 77 32 27 63 43 17 0 73 96 23 49 78 29 4 39 10 38 30 61 1 42 94 52 84 
Coste: 24017137
Temperatura: 167813.84690884416
Probabilidad de aceptación: 1.0
Movimiento: SI



ITERACION 52
Solucion:    5 97 48 44 86 70 53 54 7 3 60 80 28 95 34 19 64 15 79 76 98 58 13 31 88 51 92 71 2 20 11 21 41 14 12 82 91 83 87 35 59 40 33 62 36 93 68 67 9 56 16 75 52 74 69 55 66 90 24 50 26 99 46 22 37 89 65 57 72 45 85 6 81 18 47 25 8 77 32 27 63 43 17 0 73 96 23 49 78 29 4 39 10 38 30 61 1 42 94 84 
Coste: 24121038
Temperatura: 151032.46221795975
Probabilidad de aceptación: 0.8329056853806823
Movimiento: NO



ITERACION 53
Solucion:    74 5 97 48 44 86 70 53 54 7 3 60 80 28 34 19 95 64 15 79 76 98 58 13 31 88 51 92 71 2 20 11 21 41 14 12 82 91 83 87 35 59 40 33 36 62 93 68 67 9 56 16 75 84 69 52 55 66 90 24 50 26 99 46 22 37 89 65 57 72 45 85 6 81 18 47 25 8 32 77 27 63 43 17 0 73 96 23 49 78 29 39 4 10 38 30 61 1 42 94 
Coste: 24083755
Temperatura: 135929.21599616378
Probabilidad de aceptación: 1.0
Movimiento: SI



ITERACION 54
Solucion:    69 74 5 97 48 44 86 70 53 54 7 3 60 80 28 34 19 95 64 15 79 76 98 58 13 31 88 51 92 71 2 20 11 21 41 14 12 82 91 83 87 35 59 40 33 36 62 93 68 67 9 56 16 75 94 84 52 55 66 90 24 50 26 99 46 22 37 89 65 57 72 45 85 6 81 18 47 25 8 32 77 27 63 43 17 0 73 96 23 49 78 29 39 4 10 38 30 61 1 42 
Coste: 24029763
Temperatura: 122336.29439654741
Probabilidad de aceptación: 1.0
Movimiento: SI



ITERACION 55
Solucion:    84 69 74 97 5 48 86 44 70 53 54 3 7 60 80 28 34 19 95 64 15 79 76 98 58 13 31 88 51 71 92 2 11 20 21 41 14 12 82 91 83 87 35 59 40 33 36 62 93 68 67 9 56 16 75 42 94 52 55 66 90 24 50 26 46 99 22 37 89 65 57 72 45 85 6 81 47 18 25 8 32 77 27 63 43 17 0 73 96 23 49 78 29 39 4 10 38 30 1 61 
Coste: 24033108
Temperatura: 110102.66495689267
Probabilidad de aceptación: 1.0
Movimiento: SI



ITERACION 56
Solucion:    94 84 69 74 97 5 48 86 44 70 53 3 54 7 60 80 28 34 19 95 64 79 15 76 98 58 13 31 88 51 71 92 2 11 20 21 41 14 12 82 91 83 87 35 59 40 33 36 62 93 68 67 9 56 16 75 61 42 52 55 66 24 90 50 26 46 99 22 37 89 65 57 72 45 85 6 81 47 18 25 8 32 77 27 63 43 17 0 73 96 23 49 78 39 29 4 10 38 30 1 
Coste: 24091357
Temperatura: 99092.3984612034
Probabilidad de aceptación: 1.0
Movimiento: SI



ITERACION 57
Solucion:    42 94 69 84 74 97 48 5 86 44 70 53 3 54 7 60 80 28 34 19 95 64 79 15 76 98 58 13 31 88 51 71 92 2 11 20 21 41 14 12 82 91 83 87 35 59 33 40 36 62 93 68 67 9 56 16 75 1 52 61 55 24 90 66 50 26 46 99 22 37 89 65 57 72 45 85 6 81 47 18 25 8 77 32 27 63 43 17 0 73 96 23 49 78 39 29 4 10 38 30 
Coste: 24057566
Temperatura: 89183.15861508306
Probabilidad de aceptación: 1.0
Movimiento: SI



ITERACION 58
Solucion:    52 42 94 84 74 69 97 48 5 86 44 70 53 3 54 7 60 80 28 34 19 64 95 79 15 76 98 58 13 31 88 51 71 92 2 20 11 21 41 14 12 91 82 87 83 59 35 33 40 36 62 93 68 67 9 56 16 75 30 1 55 61 24 90 66 50 26 46 99 22 37 89 65 57 72 45 85 6 81 47 18 25 8 77 32 27 63 43 17 0 73 96 23 49 39 78 29 4 10 38 
Coste: 24139556
Temperatura: 80264.84275357475
Probabilidad de aceptación: 1.0
Movimiento: SI



ITERACION 59
Solucion:    1 52 42 94 84 74 69 97 48 5 86 44 70 53 3 54 7 60 80 28 34 19 64 95 79 15 98 76 58 31 13 88 51 71 92 2 20 11 21 14 41 12 91 82 87 83 59 35 33 40 36 62 93 68 67 9 56 16 30 38 75 55 61 24 90 50 66 26 46 99 22 37 89 65 57 72 45 85 6 81 47 18 8 77 25 32 27 63 43 17 73 96 0 23 49 39 78 29 4 10 
Coste: 24072435
Temperatura: 72238.35847821727
Probabilidad de aceptación: 1.0
Movimiento: SI



ITERACION 60
Solucion:    75 52 1 42 94 84 74 69 97 48 5 86 44 70 53 3 54 7 80 28 60 34 64 19 95 79 15 98 76 58 31 13 88 71 51 92 2 20 11 21 14 41 12 91 82 87 83 59 35 33 40 36 62 93 68 67 9 56 16 30 10 38 55 61 24 90 50 66 26 46 99 37 22 89 65 57 72 45 85 6 81 47 18 8 77 25 32 27 63 43 17 73 96 0 23 49 39 78 29 4 
Coste: 24044276
Temperatura: 65014.52263039554
Probabilidad de aceptación: 1.0
Movimiento: SI



ITERACION 61
Solucion:    38 52 75 1 42 94 84 74 69 97 48 5 86 70 44 53 3 54 7 80 28 60 34 64 19 95 79 15 98 76 58 13 31 88 51 71 2 92 20 11 21 14 12 41 91 87 82 83 59 35 33 40 36 62 93 68 67 9 56 16 30 4 10 55 61 24 50 90 66 26 46 99 37 89 22 57 65 72 45 85 6 47 81 18 8 77 25 32 63 27 17 43 73 96 23 0 49 39 78 29 
Coste: 24041016
Temperatura: 58513.07036735599
Probabilidad de aceptación: 1.0
Movimiento: SI



ITERACION 62
Solucion:    10 52 38 75 1 42 84 94 74 69 97 48 5 86 44 70 53 3 54 7 80 28 34 60 64 19 95 79 98 15 76 58 13 88 31 71 51 2 92 20 11 21 14 12 41 91 87 83 82 59 35 33 40 36 62 93 68 9 67 56 16 30 29 4 55 61 24 90 50 66 26 99 46 37 89 22 57 65 72 45 6 47 85 81 18 8 77 25 32 63 27 17 43 73 96 23 0 49 39 78 
Coste: 23975718
Temperatura: 52661.76333062039
Probabilidad de aceptación: 1.0
Movimiento: SI



ITERACION 63
Solucion:    4 10 38 52 75 1 42 84 94 69 97 74 5 48 44 86 70 53 3 54 7 80 28 34 60 64 19 95 79 98 15 58 76 13 88 31 51 71 2 92 20 11 21 14 12 41 91 87 82 59 83 35 33 40 62 36 93 68 9 56 67 16 30 78 29 55 61 24 90 50 66 26 99 46 37 89 22 57 65 72 45 6 85 81 47 18 8 77 25 32 63 27 17 43 73 96 23 0 49 39 
Coste: 24019374
Temperatura: 47395.586997558356
Probabilidad de aceptación: 1.0
Movimiento: SI



ITERACION 64
Solucion:    29 4 38 10 52 75 42 1 84 94 69 97 74 5 48 44 70 86 53 3 54 7 80 28 34 60 64 19 95 79 98 15 58 76 88 13 31 51 71 92 20 2 11 21 14 12 41 91 87 82 59 83 35 33 40 36 62 68 93 9 56 67 16 30 39 78 55 61 24 90 50 66 26 99 46 37 89 22 57 65 45 72 6 85 81 47 18 8 77 25 32 63 27 17 43 73 96 23 0 49 
Coste: 24120422
Temperatura: 42656.02829780252
Probabilidad de aceptación: 1.0
Movimiento: SI



ITERACION 65
Solucion:    29 78 4 38 10 52 75 42 84 1 94 69 97 74 5 48 44 70 86 3 53 54 7 80 28 34 60 64 19 95 79 98 15 58 76 88 31 13 51 71 92 20 2 11 14 21 12 41 91 87 82 59 83 35 33 40 36 62 68 9 93 56 67 16 30 23 39 55 61 90 24 66 50 26 99 46 37 89 22 57 45 65 72 6 85 81 47 18 8 77 25 32 63 27 17 43 73 96 0 49 
Coste: 24031305
Temperatura: 38390.42546802227
Probabilidad de aceptación: 0.5264535032572426
Movimiento: NO



ITERACION 66
Solucion:    39 29 4 78 38 10 75 42 52 84 1 94 69 97 74 5 48 44 70 86 3 54 53 7 80 28 34 60 19 64 95 79 98 15 58 76 88 31 13 51 92 20 71 2 11 21 14 12 91 41 87 82 59 83 35 33 36 62 40 9 93 56 68 67 16 23 49 30 55 61 90 24 66 26 99 50 46 37 89 22 57 45 65 72 6 85 81 47 18 8 77 25 63 32 27 17 43 73 0 96 
Coste: 24010950
Temperatura: 34551.38292122004
Probabilidad de aceptación: 1.0
Movimiento: SI



ITERACION 67
Solucion:    30 39 29 4 38 10 75 42 78 52 84 1 69 97 74 5 94 44 48 70 86 3 53 54 7 80 28 34 60 64 19 79 95 98 15 58 76 88 13 51 31 20 92 2 11 71 14 21 91 12 87 41 82 59 83 35 33 36 62 9 40 56 93 68 16 67 49 96 23 55 61 90 24 66 26 99 46 50 37 89 22 57 45 65 6 72 85 81 47 18 8 77 25 63 27 32 17 73 43 0 
Coste: 23996082
Temperatura: 31096.24462909804
Probabilidad de aceptación: 1.0
Movimiento: SI



ITERACION 68
Solucion:    23 30 39 29 4 38 75 42 10 78 52 84 1 97 69 74 5 94 44 70 86 48 3 53 7 54 80 28 34 60 19 79 95 64 98 15 58 76 88 51 13 31 20 92 2 11 71 14 91 21 87 12 41 82 59 83 33 35 36 9 62 56 40 93 68 67 16 49 0 96 55 61 90 24 66 99 26 46 50 37 89 57 22 65 45 6 85 81 72 47 18 8 25 77 63 32 27 17 73 43 
Coste: 23922977
Temperatura: 27986.620166188237
Probabilidad de aceptación: 1.0
Movimiento: SI



ITERACION 69
Solucion:    96 23 30 39 4 29 38 75 42 78 10 52 1 84 97 69 5 94 74 70 44 86 48 3 53 54 7 80 28 34 19 60 95 79 64 98 15 76 58 88 51 31 20 92 13 2 11 71 14 21 91 87 12 82 41 59 33 83 36 9 35 56 62 40 93 68 67 16 49 73 0 61 90 55 24 66 99 26 46 50 37 57 89 22 65 45 6 85 81 47 72 18 8 25 77 63 32 27 17 43 
Coste: 23978136
Temperatura: 25187.958149569415
Probabilidad de aceptación: 0.3064477486592763
Movimiento: NO



ITERACION 70
Solucion:    0 23 30 96 4 39 29 38 75 78 42 10 52 1 97 69 84 5 94 74 70 44 86 48 53 3 7 54 28 80 34 19 60 79 64 95 98 76 15 58 88 51 31 20 13 92 11 71 2 14 21 91 87 12 82 41 59 33 36 83 9 35 56 40 93 62 68 67 16 49 43 73 61 55 24 90 66 99 26 50 37 46 57 89 22 45 6 85 65 81 47 72 18 8 25 77 32 27 17 63 
Coste: 24003842
Temperatura: 22669.162334612472
Probabilidad de aceptación: 1.0
Movimiento: SI



ITERACION 71
Solucion:    73 0 30 23 4 96 39 29 38 75 78 42 52 10 97 1 69 84 94 74 5 44 70 86 53 3 7 54 48 28 34 80 60 19 79 64 95 76 98 58 15 88 51 31 20 13 92 11 71 2 14 21 91 87 12 82 41 59 36 83 33 9 35 56 40 93 62 68 67 16 43 63 61 49 24 90 66 55 99 26 50 37 46 57 22 89 45 6 85 65 81 47 72 18 25 8 32 27 77 17 
Coste: 23979739
Temperatura: 20402.246101151224
Probabilidad de aceptación: 1.0
Movimiento: SI



ITERACION 72
Solucion:    73 61 30 0 23 96 4 39 29 38 75 78 52 42 97 10 69 84 94 74 5 1 70 44 53 86 7 54 3 28 34 48 80 60 19 64 79 95 98 76 15 88 58 51 31 20 92 11 71 13 2 21 91 14 87 12 41 59 36 83 82 33 35 9 40 56 93 62 67 16 68 43 17 63 49 24 66 90 99 26 50 55 46 57 22 37 89 45 6 65 85 81 47 72 25 18 8 32 27 77 
Coste: 23940267
Temperatura: 18362.021491036103
Probabilidad de aceptación: 1.0
Movimiento: SI



ITERACION 73
Solucion:    63 61 30 0 23 73 96 4 39 38 75 29 78 52 97 42 10 69 94 84 5 1 74 70 53 44 86 7 3 54 28 34 48 60 80 19 64 79 95 98 15 88 58 76 31 20 92 11 71 13 2 51 91 21 14 87 41 12 59 36 82 83 33 9 40 35 56 93 67 16 62 68 17 27 49 24 43 66 99 90 26 50 55 46 22 37 57 89 45 6 85 65 47 81 72 25 18 8 32 77 
Coste: 23793729
Temperatura: 16525.819341932493
Probabilidad de aceptación: 0.17128077791041357
Movimiento: NO



ITERACION 74
Solucion:    63 49 61 0 30 23 73 4 96 38 39 75 29 52 97 42 10 69 94 78 5 84 1 74 70 44 86 7 3 54 28 34 53 48 80 60 19 79 95 64 98 88 58 15 76 20 31 92 11 13 71 51 91 2 14 21 41 12 87 36 59 83 33 82 9 40 35 56 67 16 93 62 17 27 77 68 24 43 66 90 99 26 55 46 22 50 37 57 45 89 6 85 47 65 72 81 18 25 8 32 
Coste: 23916152
Temperatura: 14873.237407739243
Probabilidad de aceptación: 1.0
Movimiento: SI



ITERACION 75
Solucion:    63 49 68 61 0 30 23 73 4 38 96 39 75 52 29 97 10 69 42 78 94 5 84 74 70 44 86 7 3 1 54 34 53 28 80 48 60 19 95 64 79 88 58 98 15 20 31 76 92 11 13 71 51 91 2 21 41 14 12 87 59 36 83 33 9 82 40 56 67 16 93 62 35 17 77 32 27 24 43 66 90 99 26 46 55 50 37 57 45 22 6 89 47 65 72 81 18 25 85 8 
Coste: 23806734
Temperatura: 13385.91366696532
Probabilidad de aceptación: 1.0
Movimiento: SI



ITERACION 76
Solucion:    27 63 49 68 61 0 23 30 4 73 38 96 75 39 29 97 10 69 52 42 78 94 5 74 84 44 86 70 7 3 54 1 34 53 28 48 60 19 95 80 64 88 58 98 79 20 15 76 92 11 31 71 51 91 13 2 21 14 12 87 41 59 83 33 9 82 40 36 56 67 93 16 62 17 77 35 18 32 43 24 66 99 90 26 55 50 37 57 45 46 6 89 47 65 72 22 81 25 85 8 
Coste: 23817102
Temperatura: 12047.322300268788
Probabilidad de aceptación: 0.27067229903880324
Movimiento: NO



ITERACION 77
Solucion:    32 63 49 68 61 27 23 30 4 73 38 0 96 39 29 97 10 69 52 75 42 94 5 74 78 44 86 70 7 3 54 1 34 53 28 48 60 84 95 80 64 19 88 58 98 79 20 15 92 11 31 76 51 91 71 2 21 13 12 87 14 59 41 83 33 82 9 36 40 56 93 67 16 62 17 77 35 8 18 43 24 99 66 26 90 50 37 57 55 45 6 89 46 47 65 72 22 81 85 25 
Coste: 23858170
Temperatura: 10842.59007024191
Probabilidad de aceptación: 1.0
Movimiento: SI



ITERACION 78
Solucion:    32 63 18 68 49 61 23 30 27 73 4 0 38 39 29 97 10 69 52 96 42 94 5 74 75 44 86 70 7 78 3 1 54 53 34 28 60 84 95 80 64 19 88 58 48 79 98 15 92 20 11 76 31 91 51 2 21 13 12 71 14 87 59 83 41 82 33 36 9 56 93 40 16 62 17 77 35 8 25 43 67 24 99 26 90 50 66 37 57 45 6 55 46 47 89 72 22 81 85 65 
Coste: 23803025
Temperatura: 9758.331063217718
Probabilidad de aceptación: 1.0
Movimiento: SI



ITERACION 79
Solucion:    32 63 43 18 49 61 23 30 27 73 4 0 68 39 29 38 97 10 69 52 42 94 96 74 75 44 5 70 7 78 3 1 54 86 34 53 60 28 95 80 64 84 19 58 48 88 98 15 92 79 20 76 31 11 91 2 51 21 13 71 12 87 14 59 41 83 33 36 82 56 93 9 40 16 17 77 35 8 25 65 67 24 99 62 90 26 50 66 57 37 45 55 6 46 89 72 22 81 85 47 
Coste: 23668887
Temperatura: 8782.497956895946
Probabilidad de aceptación: 1.0
Movimiento: SI



ITERACION 80
Solucion:    32 67 63 43 18 61 23 49 27 30 4 0 68 39 29 38 97 10 69 52 42 94 96 74 75 44 5 70 7 78 73 1 54 86 3 53 60 28 34 80 64 95 19 58 48 88 98 84 92 79 15 20 31 11 76 2 51 21 13 71 12 87 14 59 41 91 83 36 33 56 82 93 9 16 17 77 40 8 25 65 47 24 99 35 90 26 50 66 57 62 37 55 45 46 6 72 22 89 85 81 
Coste: 23659641
Temperatura: 7904.248161206352
Probabilidad de aceptación: 1.0
Movimiento: SI



ITERACION 81
Solucion:    32 67 24 43 63 18 23 49 27 30 4 0 68 39 61 29 97 10 69 52 42 94 96 74 75 38 44 5 7 70 78 73 54 86 3 53 60 28 34 1 64 80 19 95 48 88 98 84 58 79 15 92 31 11 76 20 2 51 21 71 13 87 14 12 41 91 83 36 33 59 56 93 9 16 17 77 40 8 25 65 82 85 99 35 90 26 50 47 57 62 66 55 45 46 6 37 22 89 72 81 
Coste: 23697275
Temperatura: 7113.823345085717
Probabilidad de aceptación: 1.4280517727736764E-4
Movimiento: NO



ITERACION 82
Solucion:    32 67 24 43 99 18 23 49 27 30 4 0 68 39 61 29 97 63 69 52 42 94 96 10 75 38 44 74 5 70 78 73 54 86 3 53 60 28 34 1 64 80 19 95 7 88 98 84 58 79 48 92 31 15 11 20 2 76 51 71 21 13 14 87 41 91 12 83 33 36 56 93 59 9 16 77 40 8 25 65 82 85 81 35 90 26 50 47 57 62 17 66 55 46 6 45 22 89 72 37 
Coste: 23664196
Temperatura: 6402.441010577146
Probabilidad de aceptación: 1.0
Movimiento: SI



ITERACION 83
Solucion:    32 35 24 43 99 18 67 49 27 30 4 0 68 23 61 39 97 63 69 52 42 94 96 10 75 29 44 74 5 38 78 73 54 86 3 70 60 28 53 1 64 34 19 80 7 88 98 84 58 79 48 92 31 15 11 20 2 76 51 71 21 13 14 87 41 91 12 83 33 95 36 93 59 56 9 77 40 8 25 65 82 85 81 16 90 26 50 47 57 62 17 66 55 46 6 45 22 89 72 37 
Coste: 23620843
Temperatura: 5762.196909519432
Probabilidad de aceptación: 0.01765950193030067
Movimiento: NO



ITERACION 84
Solucion:    32 90 24 43 99 18 67 49 27 30 4 35 0 23 61 39 97 68 69 52 42 94 63 10 75 29 44 96 5 74 38 73 54 86 3 70 60 28 53 1 64 78 34 80 19 88 7 98 58 84 48 79 31 92 15 20 2 76 51 71 21 13 14 87 41 91 12 83 33 95 36 93 59 56 9 77 40 8 25 65 82 85 81 16 45 26 50 47 57 62 17 66 55 46 6 11 22 89 72 37 
Coste: 23538449
Temperatura: 5185.977218567488
Probabilidad de aceptación: 0.005516651155652378
Movimiento: NO



ITERACION 85
Solucion:    32 90 24 43 99 18 67 49 27 30 4 35 0 23 61 39 97 68 69 52 42 94 63 10 75 29 26 44 5 96 38 73 54 86 3 70 60 28 53 1 64 78 34 80 19 88 7 98 58 74 48 79 31 92 15 84 2 76 51 71 21 13 14 87 41 91 20 83 33 12 36 95 93 56 59 9 40 8 25 77 82 85 81 16 45 22 50 47 57 62 17 66 55 46 6 65 11 89 72 37 
Coste: 23529997
Temperatura: 4667.37949671074
Probabilidad de aceptación: 4.219906742358571E-4
Movimiento: NO



ITERACION 86
Solucion:    32 50 24 43 99 18 67 49 27 30 4 35 0 23 61 39 97 68 69 52 42 94 90 10 75 29 26 63 5 96 38 73 54 86 3 70 60 28 44 1 64 78 34 80 19 88 7 98 58 74 48 79 31 92 15 84 2 76 53 51 21 71 14 87 41 91 20 83 33 12 36 95 93 56 59 9 40 8 13 77 82 85 81 16 45 22 17 47 57 62 25 66 55 46 6 65 11 89 72 37 
Coste: 23522184
Temperatura: 4200.641547039666
Probabilidad de aceptación: 0.004393002500647999
Movimiento: NO



ITERACION 87
Solucion:    32 50 24 43 99 18 67 49 27 30 4 35 0 23 61 39 97 68 69 52 42 94 90 10 75 29 26 63 5 96 38 73 54 86 3 47 60 28 44 1 64 78 34 80 19 88 7 98 58 74 48 79 31 92 15 84 2 76 53 51 21 71 14 87 70 91 20 83 33 12 36 95 41 56 59 9 40 93 13 77 82 85 81 16 45 22 17 8 57 62 25 66 55 46 6 65 11 89 72 37 
Coste: 23522848
Temperatura: 3780.5773923356996
Probabilidad de aceptación: 3.995468768648544E-7
Movimiento: NO



ITERACION 88
Solucion:    32 57 50 43 99 18 67 24 49 30 4 35 0 23 61 39 97 68 69 52 42 94 90 10 27 29 26 63 5 96 38 73 54 86 3 47 60 28 44 1 64 78 34 80 19 75 7 98 58 74 48 79 31 92 15 84 2 76 53 51 21 71 14 87 70 88 20 91 33 12 36 83 41 56 95 9 59 93 13 77 82 40 81 85 16 22 17 8 6 45 62 66 55 46 25 65 11 89 72 37 
Coste: 23481975
Temperatura: 3402.5196531021297
Probabilidad de aceptación: 4.205509962900033E-4
Movimiento: NO



ITERACION 89
Solucion:    32 57 50 43 99 18 67 24 49 30 4 35 0 23 61 39 45 68 97 52 42 94 90 69 27 29 26 63 5 96 38 73 10 54 3 47 60 28 44 1 64 78 34 80 19 86 7 98 75 74 58 79 31 92 15 84 2 76 53 51 21 48 14 87 71 88 20 70 33 12 36 83 41 56 95 9 59 93 13 77 82 40 81 85 16 22 17 8 6 91 62 66 55 46 25 65 11 89 72 37 
Coste: 23439359
Temperatura: 3062.2676877919166
Probabilidad de aceptación: 0.15853619304024064
Movimiento: NO



ITERACION 90
Solucion:    32 57 50 43 99 18 67 24 49 30 4 35 0 23 61 62 39 68 97 52 42 94 90 69 27 29 26 63 5 96 38 73 45 10 3 54 60 47 44 1 28 78 64 80 19 86 7 98 34 74 58 79 31 92 75 84 15 76 53 51 21 48 14 87 71 88 20 2 33 12 36 83 41 56 95 9 59 93 13 77 82 40 81 85 70 22 16 8 6 91 55 66 17 46 25 65 11 89 72 37 
Coste: 23411098
Temperatura: 2756.040919012725
Probabilidad de aceptación: 0.33018199751211974
Movimiento: NO



ITERACION 91
Solucion:    32 57 50 43 99 18 67 24 49 30 4 35 0 23 61 62 39 68 97 52 42 94 90 69 27 29 26 63 5 96 38 73 45 10 3 54 60 47 44 1 28 78 64 80 19 86 7 98 34 74 58 79 31 92 66 84 15 76 53 51 21 48 14 87 71 88 20 2 33 12 36 83 75 56 95 9 59 93 13 77 82 40 81 85 70 22 16 8 6 91 55 41 17 46 25 65 11 89 72 37 
Coste: 23401856
Temperatura: 2480.4368271114527
Probabilidad de aceptación: 5.281393315878038E-7
Movimiento: NO



ITERACION 92
Solucion:    32 57 50 43 17 18 67 24 49 30 4 35 0 23 61 62 39 68 97 52 42 94 90 69 27 29 26 63 5 96 38 73 45 99 3 54 60 47 44 1 28 78 64 80 19 86 7 98 34 74 58 79 31 92 66 84 15 76 53 51 21 48 14 87 71 88 20 2 33 12 36 83 75 56 95 9 59 93 13 77 82 40 81 85 70 22 10 8 6 91 55 41 16 46 25 65 11 89 72 37 
Coste: 23408437
Temperatura: 2232.3931444003074
Probabilidad de aceptación: 3.7473502412753527E-4
Movimiento: NO



ITERACION 93
Solucion:    32 57 50 43 17 18 67 24 49 30 4 35 0 23 61 62 39 68 97 52 42 94 90 69 27 29 26 63 5 96 38 73 45 99 3 54 60 47 44 1 28 78 64 80 19 86 7 98 34 74 58 79 31 92 66 84 15 76 53 51 21 48 14 87 71 88 20 2 33 12 36 83 75 56 95 9 59 93 13 77 82 40 81 85 70 22 10 8 6 91 55 41 16 46 25 65 11 89 72 37 
Coste: 23408437
Temperatura: 2009.1538299602767
Probabilidad de aceptación: 2.4492135063389127E-7
Movimiento: NO



ITERACION 94
Solucion:    32 57 50 43 17 18 67 24 49 30 4 35 0 23 61 62 39 68 97 52 42 94 90 69 25 29 26 63 5 96 38 73 45 99 3 54 60 47 44 1 28 78 64 80 19 86 7 98 34 74 58 79 31 92 66 84 15 76 53 51 21 48 14 87 71 88 20 2 33 12 36 83 75 56 95 9 59 93 27 77 82 40 13 85 70 22 10 8 6 91 55 41 16 46 81 65 11 89 72 37 
Coste: 23404174
Temperatura: 1808.238446964249
Probabilidad de aceptación: 2.916470299058928E-4
Movimiento: NO



ITERACION 95
Solucion:    32 57 50 43 17 18 67 24 49 30 4 35 0 23 61 62 39 68 97 52 42 94 90 69 25 29 26 63 5 96 38 73 45 99 3 54 60 47 44 1 28 78 65 80 19 86 7 98 34 74 58 79 31 92 66 84 15 76 53 51 21 48 14 87 71 88 20 2 33 12 36 83 75 56 95 9 59 93 27 77 82 40 13 85 70 22 10 8 6 91 55 41 16 46 81 64 11 89 72 37 
Coste: 23403136
Temperatura: 1627.4146022678242
Probabilidad de aceptación: 6.642970888883912E-10
Movimiento: NO



ITERACION 96
Solucion:    32 57 50 43 17 18 67 24 49 30 4 35 0 23 61 62 39 68 97 52 42 94 90 69 25 29 26 63 5 96 38 73 45 99 3 54 60 47 44 1 28 78 65 80 19 86 7 98 34 74 58 79 31 92 66 84 15 76 53 51 21 48 14 87 71 88 20 2 33 12 36 83 75 56 95 9 59 93 27 77 82 40 13 85 70 22 10 8 6 91 55 41 16 46 81 64 11 89 72 37 
Coste: 23403136
Temperatura: 1464.6731420410417
Probabilidad de aceptación: 9.329934468705684E-13
Movimiento: NO



ITERACION 97
Solucion:    32 57 50 43 89 18 67 24 49 30 4 35 0 23 61 62 39 68 17 52 42 94 90 69 25 29 26 63 5 96 38 73 45 97 3 54 60 47 44 1 28 78 65 80 19 86 7 98 34 99 58 79 74 92 66 84 15 76 53 51 21 48 31 87 71 88 20 2 33 12 36 83 75 14 95 9 59 93 27 77 82 40 56 85 70 22 10 8 6 91 55 41 16 46 81 64 11 13 72 37 
Coste: 23360115
Temperatura: 1318.2058278369375
Probabilidad de aceptación: 0.013862848881572621
Movimiento: NO



ITERACION 98
Solucion:    32 57 50 43 72 18 67 24 49 30 4 35 0 23 61 89 39 68 17 52 42 94 90 69 25 29 26 63 5 96 38 73 45 97 3 54 60 47 44 1 28 78 65 80 19 86 7 98 34 99 58 79 74 92 66 84 15 76 53 51 21 48 31 87 71 88 20 2 33 12 36 83 75 14 95 9 59 93 27 77 82 40 56 85 70 22 10 8 6 91 55 41 16 46 81 64 11 13 62 37 
Coste: 23370187
Temperatura: 1186.3852450532438
Probabilidad de aceptación: 8.079924315843702E-21
Movimiento: NO



ITERACION 99
Solucion:    32 57 50 43 72 18 67 24 49 30 4 35 0 23 61 37 39 68 17 52 42 94 90 69 25 29 26 63 5 96 38 73 45 97 3 54 60 47 44 1 28 78 65 80 19 86 7 98 34 99 58 79 74 92 66 84 15 76 89 51 21 48 31 87 71 88 20 2 33 12 36 83 75 14 95 9 59 93 27 77 82 40 56 85 70 22 10 8 6 91 55 41 16 46 81 64 11 13 62 53 
Coste: 23348753
Temperatura: 1067.7467205479195
Probabilidad de aceptación: 1.0
Movimiento: SI



