ITERACION 0
Solucion:    57 84 82 34 59 90 72 94 93 26 60 52 10 50 51 92 74 21 77 37 11 33 22 73 76 95 24 9 39 8 83 17 79 58 41 32 28 47 96 85 64 3 36 61 70 38 65 78 30 13 48 87 1 35 91 71 86 43 19 69 80 5 6 67 31 15 12 14 42 18 2 75 45 27 66 4 49 89 16 53 56 46 55 40 98 97 88 23 63 68 44 0 81 7 29 62 54 20 25 99 
Coste: 23960638
Temperatura: 3.6038622E7
Probabilidad de aceptación: 1.0
Movimiento: SI



ITERACION 1
Solucion:    84 99 57 82 34 59 90 72 94 93 26 60 52 10 50 51 92 74 21 77 37 11 33 22 73 76 95 24 9 39 8 83 17 79 58 41 32 28 47 96 85 64 3 36 61 70 38 65 78 30 13 48 87 1 35 91 71 86 43 19 69 80 5 6 67 31 15 12 14 42 18 2 75 45 27 66 4 49 89 16 53 56 46 55 40 98 97 88 23 63 68 44 0 81 7 29 62 54 20 25 
Coste: 24064226
Temperatura: 3.24347598E7
Probabilidad de aceptación: 1.0
Movimiento: SI



ITERACION 2
Solucion:    57 84 25 99 82 34 59 90 72 94 93 26 60 52 10 50 51 92 74 21 77 37 11 33 22 73 76 95 24 9 39 8 83 17 79 58 41 32 28 47 96 85 64 3 36 61 70 38 65 78 30 13 48 87 1 35 91 71 86 43 19 69 80 5 6 67 31 15 12 14 42 18 2 75 45 27 66 4 49 89 16 53 56 46 55 40 98 97 88 23 63 68 44 0 81 7 29 62 54 20 
Coste: 24027335
Temperatura: 2.919128382E7
Probabilidad de aceptación: 1.0
Movimiento: SI



ITERACION 3
Solucion:    99 57 84 20 25 82 34 59 90 72 94 93 26 60 52 10 50 51 92 74 21 77 37 11 33 22 73 76 95 24 9 39 8 83 17 79 58 41 32 28 47 96 85 64 3 36 61 70 38 65 78 30 13 48 87 1 35 91 71 86 43 19 69 80 5 6 67 31 15 12 14 42 18 2 75 45 27 66 4 49 89 16 53 56 46 55 40 98 97 88 23 63 68 44 0 81 7 29 62 54 
Coste: 24041099
Temperatura: 2.6272155438E7
Probabilidad de aceptación: 1.0
Movimiento: SI



ITERACION 4
Solucion:    25 99 57 84 54 20 82 34 59 90 72 94 93 26 60 52 10 50 51 92 74 21 77 37 11 33 22 73 76 95 24 9 39 8 83 17 79 58 41 32 28 47 96 85 64 3 36 61 70 38 65 78 30 13 48 87 1 35 91 71 86 43 19 69 80 5 6 67 31 15 12 14 42 18 2 75 45 27 66 4 49 89 16 53 56 46 55 40 98 97 88 23 63 68 44 0 81 7 29 62 
Coste: 24089316
Temperatura: 2.36449398942E7
Probabilidad de aceptación: 1.0
Movimiento: SI



ITERACION 5
Solucion:    20 25 99 57 84 62 54 82 34 59 90 72 94 93 26 60 52 10 50 51 92 74 21 77 37 11 33 22 73 76 95 24 9 39 8 83 17 79 58 41 32 28 47 96 85 64 3 36 61 70 38 65 78 30 13 48 87 1 35 91 71 86 43 19 69 80 5 6 67 31 15 12 14 42 18 2 75 45 27 66 4 49 89 16 53 56 46 55 40 98 97 88 23 63 68 44 0 81 7 29 
Coste: 23941212
Temperatura: 2.128044590478E7
Probabilidad de aceptación: 1.0
Movimiento: SI



ITERACION 6
Solucion:    54 20 25 99 57 84 29 62 82 34 59 90 72 94 93 26 60 52 10 50 51 92 74 21 77 37 11 33 22 73 76 95 24 9 39 8 83 17 79 58 41 32 28 47 96 85 64 3 36 61 70 38 65 78 30 13 48 87 1 35 91 71 86 43 19 69 80 5 6 67 31 15 12 14 42 18 2 75 45 27 66 4 49 89 16 53 56 46 55 40 98 97 88 23 63 68 44 0 81 7 
Coste: 24016308
Temperatura: 1.9152401314302E7
Probabilidad de aceptación: 1.0
Movimiento: SI



ITERACION 7
Solucion:    62 54 20 25 99 57 84 7 29 82 34 59 90 72 94 93 26 60 52 10 50 51 92 74 21 77 37 11 33 22 73 76 95 24 9 39 8 83 17 79 58 41 32 28 47 96 85 64 3 36 61 70 38 65 78 30 13 48 87 1 35 91 71 86 43 19 80 69 5 6 67 31 15 12 14 42 18 2 75 45 27 66 4 49 89 16 53 56 46 55 40 98 97 88 23 63 68 44 0 81 
Coste: 24061865
Temperatura: 1.72371611828718E7
Probabilidad de aceptación: 1.0
Movimiento: SI



ITERACION 8
Solucion:    29 62 54 20 25 99 57 84 81 7 82 34 59 90 72 94 93 26 60 52 10 50 51 92 74 21 77 37 11 33 22 73 76 95 24 9 39 8 83 17 79 58 41 32 28 47 96 85 64 3 36 61 70 38 65 78 30 13 48 87 1 35 91 71 86 43 19 80 69 5 6 67 31 15 12 14 42 18 2 75 45 27 66 4 49 89 16 53 56 46 55 40 98 97 88 23 63 68 44 0 
Coste: 24057375
Temperatura: 1.551344506458462E7
Probabilidad de aceptación: 1.0
Movimiento: SI



ITERACION 9
Solucion:    7 29 62 54 20 25 99 57 84 0 81 82 34 59 90 72 94 93 26 60 52 10 50 51 92 74 21 77 37 11 33 22 73 76 95 24 9 39 8 83 17 79 58 41 32 28 47 96 85 64 3 36 61 70 38 65 78 30 13 48 87 1 35 91 71 86 43 19 80 69 5 6 67 31 15 12 14 42 18 2 75 45 27 66 4 49 89 16 53 56 46 55 40 98 97 88 23 63 68 44 
Coste: 24014129
Temperatura: 1.3962100558126159E7
Probabilidad de aceptación: 1.0
Movimiento: SI



ITERACION 10
Solucion:    81 7 29 62 54 20 25 99 57 84 44 0 82 34 59 90 72 94 93 26 60 52 10 50 51 92 74 21 77 37 11 33 22 73 76 95 24 9 39 8 83 17 79 58 41 32 28 47 96 85 64 3 36 61 70 38 65 78 30 13 48 87 1 35 91 71 86 43 19 80 69 5 6 67 31 15 12 14 42 18 2 75 45 27 66 4 49 89 16 53 56 46 55 40 98 97 88 23 63 68 
Coste: 24053108
Temperatura: 1.2565890502313543E7
Probabilidad de aceptación: 1.0
Movimiento: SI



ITERACION 11
Solucion:    0 81 7 29 62 54 20 25 99 57 84 68 44 82 34 59 90 72 94 93 26 60 52 10 50 51 92 74 21 77 37 11 33 22 73 76 95 24 9 39 8 83 17 79 58 41 32 28 47 96 85 64 3 36 61 70 38 65 78 30 13 48 87 1 35 91 71 86 43 19 80 69 5 6 67 31 15 12 14 42 18 2 75 45 27 66 4 49 89 16 53 56 46 55 40 98 97 88 23 63 
Coste: 24000109
Temperatura: 1.1309301452082189E7
Probabilidad de aceptación: 1.0
Movimiento: SI



ITERACION 12
Solucion:    44 0 81 7 29 62 54 20 25 99 57 84 63 68 82 34 59 90 72 94 93 26 60 52 10 50 51 92 74 21 77 37 11 33 22 73 76 95 24 9 39 8 83 17 79 58 41 32 28 47 96 85 64 3 36 61 70 38 65 78 30 13 48 87 1 35 91 71 86 43 19 80 69 5 6 67 31 15 12 14 42 18 2 75 45 27 66 4 49 89 16 53 56 46 55 40 98 97 88 23 
Coste: 24145711
Temperatura: 1.017837130687397E7
Probabilidad de aceptación: 1.0
Movimiento: SI



ITERACION 13
Solucion:    68 44 0 7 81 29 62 54 20 25 99 57 84 23 63 82 34 59 90 72 94 93 26 60 52 10 50 51 92 74 21 77 37 11 33 22 73 76 95 24 9 39 8 83 17 79 58 41 32 28 47 96 85 64 3 36 61 70 38 65 78 30 13 48 87 1 35 91 71 86 43 19 80 69 5 6 67 31 15 12 14 42 18 2 75 45 27 66 4 49 89 16 53 56 46 55 40 98 97 88 
Coste: 24065340
Temperatura: 9160534.176186573
Probabilidad de aceptación: 1.0
Movimiento: SI



ITERACION 14
Solucion:    63 68 44 0 7 81 29 62 54 20 25 99 57 84 88 23 82 34 59 90 72 94 93 26 60 52 10 50 51 92 74 21 77 37 11 33 22 73 76 95 24 9 39 8 83 17 79 58 41 32 28 47 96 85 64 3 36 61 70 38 65 78 30 13 48 87 1 35 91 71 86 43 19 80 69 5 6 67 31 15 12 14 42 18 2 75 45 27 66 4 49 89 16 53 56 46 55 40 98 97 
Coste: 24002267
Temperatura: 8244480.758567915
Probabilidad de aceptación: 1.0
Movimiento: SI



ITERACION 15
Solucion:    23 63 68 44 0 7 81 29 62 54 20 25 99 57 84 97 88 82 34 59 90 72 94 93 26 60 52 10 50 51 92 74 21 77 37 11 33 22 73 76 95 24 9 39 8 83 17 79 58 41 32 28 47 96 85 64 3 36 61 70 38 65 78 30 13 48 87 1 35 91 71 86 43 19 80 69 5 6 67 31 15 12 14 42 18 2 75 45 27 66 4 49 89 16 53 56 46 55 40 98 
Coste: 23966281
Temperatura: 7420032.6827111235
Probabilidad de aceptación: 1.0
Movimiento: SI



ITERACION 16
Solucion:    88 23 63 68 44 0 7 81 29 62 54 20 25 99 57 84 98 97 82 34 59 90 72 94 93 26 60 52 10 50 51 92 74 21 77 37 11 33 22 73 76 95 24 9 39 8 83 17 79 58 41 32 28 47 96 85 64 3 36 61 70 38 65 78 30 13 48 87 1 35 91 71 86 43 19 80 69 5 6 67 31 15 12 14 42 18 2 75 45 27 66 4 49 89 16 53 56 46 55 40 
Coste: 24028606
Temperatura: 6678029.414440012
Probabilidad de aceptación: 1.0
Movimiento: SI



ITERACION 17
Solucion:    97 88 23 63 68 44 0 7 81 29 62 54 20 25 99 57 84 40 98 82 34 59 90 72 94 93 26 60 52 10 50 51 92 74 21 77 37 11 33 22 73 76 95 24 9 39 8 83 17 79 58 41 32 28 47 96 85 64 3 36 61 70 38 65 78 30 13 48 87 1 35 91 71 86 43 19 80 69 5 6 67 31 15 12 14 42 18 2 75 45 27 66 4 49 89 16 53 56 46 55 
Coste: 24065458
Temperatura: 6010226.47299601
Probabilidad de aceptación: 1.0
Movimiento: SI



ITERACION 18
Solucion:    98 97 88 23 63 68 44 0 7 81 29 62 54 20 25 99 57 84 55 40 82 34 59 90 72 94 93 26 60 52 10 50 51 92 74 21 77 37 11 33 22 73 76 95 24 9 39 8 83 17 79 58 41 32 28 47 96 85 64 3 36 61 70 38 65 78 30 13 48 87 1 35 91 71 86 43 19 80 69 5 6 67 31 15 12 14 42 18 2 75 45 27 66 4 49 89 16 53 56 46 
Coste: 24071901
Temperatura: 5409203.82569641
Probabilidad de aceptación: 1.0
Movimiento: SI



ITERACION 19
Solucion:    40 98 97 88 23 63 68 44 0 7 81 29 62 54 20 25 99 57 84 46 55 82 34 59 90 72 94 93 26 60 52 10 50 51 92 74 21 77 37 11 33 22 73 76 95 24 9 39 8 83 17 79 58 41 32 28 47 96 85 64 3 36 61 70 38 65 78 30 13 48 87 1 35 91 71 86 43 19 80 69 5 6 67 31 15 12 14 42 18 2 75 45 27 66 4 49 89 16 53 56 
Coste: 24084738
Temperatura: 4868283.443126769
Probabilidad de aceptación: 1.0
Movimiento: SI



ITERACION 20
Solucion:    55 40 98 97 88 23 63 68 44 0 7 81 29 62 54 20 25 99 57 84 56 46 82 34 59 90 72 94 93 26 60 52 10 50 51 92 74 21 77 37 11 33 22 73 76 95 24 9 39 8 83 17 79 58 41 32 28 47 96 85 64 3 36 61 70 38 65 78 30 13 48 87 1 35 91 71 86 43 19 80 69 5 6 67 31 15 12 14 42 18 2 75 45 27 66 4 49 89 16 53 
Coste: 24077122
Temperatura: 4381455.098814092
Probabilidad de aceptación: 1.0
Movimiento: SI



ITERACION 21
Solucion:    46 55 40 98 97 88 23 63 68 44 0 7 81 29 62 54 20 25 99 57 84 53 56 82 34 59 90 72 94 93 26 60 52 10 50 51 92 74 21 77 37 11 33 22 73 76 95 24 9 39 8 83 17 79 58 41 32 28 47 96 85 64 3 36 61 70 38 65 78 30 13 48 87 1 35 91 71 86 43 19 80 69 5 6 67 31 15 12 14 42 18 2 75 45 27 66 4 49 89 16 
Coste: 24135851
Temperatura: 3943309.5889326828
Probabilidad de aceptación: 1.0
Movimiento: SI



ITERACION 22
Solucion:    56 46 55 40 98 97 88 23 63 68 44 0 7 81 29 62 54 20 25 99 57 53 16 84 82 34 59 90 72 94 93 26 60 52 10 50 51 92 74 21 77 37 11 33 22 73 76 95 24 9 39 8 83 17 79 58 41 32 28 47 96 85 64 3 36 61 70 38 65 78 30 13 48 87 1 35 91 71 86 43 19 80 69 5 6 67 31 15 12 14 42 18 2 75 45 27 66 4 49 89 
Coste: 24074913
Temperatura: 3548978.6300394144
Probabilidad de aceptación: 1.0
Movimiento: SI



ITERACION 23
Solucion:    84 56 46 55 40 98 97 88 23 63 68 44 0 7 81 29 62 54 20 25 99 57 53 89 16 82 34 59 90 72 94 93 26 60 52 10 50 51 92 74 21 77 37 11 33 22 73 76 95 24 9 39 8 83 17 79 58 41 32 28 47 96 85 64 3 36 61 70 38 65 78 30 13 48 87 1 35 91 71 86 43 19 80 69 5 6 67 31 15 12 14 42 18 2 75 45 27 66 4 49 
Coste: 23998634
Temperatura: 3194080.767035473
Probabilidad de aceptación: 1.0
Movimiento: SI



ITERACION 24
Solucion:    16 84 56 46 55 40 98 97 88 23 63 68 44 0 7 81 29 62 54 20 25 99 57 53 49 89 82 34 59 90 72 94 93 26 60 52 10 50 51 92 74 21 77 37 11 33 22 73 76 95 24 9 39 8 83 17 79 58 41 32 28 47 96 85 64 3 36 61 70 38 65 78 30 13 48 87 1 35 91 71 86 43 19 80 69 5 6 67 31 15 12 14 42 18 2 75 45 27 66 4 
Coste: 24125009
Temperatura: 2874672.690331926
Probabilidad de aceptación: 1.0
Movimiento: SI



ITERACION 25
Solucion:    89 16 84 56 46 55 40 98 97 88 23 63 68 44 0 7 81 29 62 54 20 25 99 57 53 4 49 82 34 59 90 72 94 93 26 60 52 10 50 51 92 74 21 77 37 11 33 22 73 76 95 24 9 39 8 83 17 79 58 41 32 28 47 96 85 64 3 36 61 70 38 65 78 30 13 48 87 1 35 91 71 86 43 19 80 69 5 6 67 31 15 12 14 42 18 2 75 45 27 66 
Coste: 24033231
Temperatura: 2587205.4212987334
Probabilidad de aceptación: 1.0
Movimiento: SI



ITERACION 26
Solucion:    49 89 16 84 56 46 55 40 98 97 88 23 63 68 44 0 7 81 29 62 54 20 25 99 57 53 66 4 82 34 59 90 72 94 93 26 60 52 10 50 51 92 74 21 77 37 11 33 22 73 76 95 24 9 39 8 83 17 79 58 41 32 28 47 96 85 64 3 36 61 70 38 65 78 30 13 48 87 1 35 91 71 86 43 19 80 69 5 6 67 31 15 12 14 42 18 2 75 45 27 
Coste: 24071646
Temperatura: 2328484.87916886
Probabilidad de aceptación: 1.0
Movimiento: SI



ITERACION 27
Solucion:    4 49 89 16 84 56 46 55 40 98 97 88 23 63 68 44 0 7 81 29 62 54 20 25 99 57 53 27 66 82 34 59 90 72 94 93 26 60 52 10 50 51 92 74 21 77 37 11 33 22 73 76 95 24 9 39 8 83 17 79 58 41 32 28 47 96 85 64 3 36 61 70 38 65 78 30 13 48 87 1 35 91 71 86 43 19 80 69 5 6 67 31 15 12 14 42 18 2 75 45 
Coste: 24060806
Temperatura: 2095636.3912519743
Probabilidad de aceptación: 1.0
Movimiento: SI



ITERACION 28
Solucion:    66 4 49 89 16 84 56 46 55 40 98 97 88 23 63 68 44 0 7 81 29 62 54 20 25 99 57 53 45 27 82 34 59 90 72 94 93 26 60 52 10 50 51 92 74 21 77 37 11 33 22 73 76 95 24 9 39 8 83 17 79 58 41 32 28 47 96 85 64 3 61 36 70 38 65 78 30 13 48 87 1 35 91 71 86 43 19 80 69 5 6 67 31 15 12 14 42 18 2 75 
Coste: 24037267
Temperatura: 1886072.7521267768
Probabilidad de aceptación: 1.0
Movimiento: SI



ITERACION 29
Solucion:    27 66 4 49 89 16 84 56 46 55 40 98 97 88 23 63 68 44 0 7 81 29 62 54 20 25 99 57 53 75 45 82 34 59 90 72 94 93 26 60 52 10 50 51 92 74 21 77 37 11 33 22 73 76 95 24 9 39 8 83 17 79 58 41 32 28 47 96 85 64 3 61 36 70 38 65 78 30 13 48 87 1 35 91 71 86 43 19 80 69 5 6 67 31 15 12 14 42 18 2 
Coste: 24099998
Temperatura: 1697465.4769140992
Probabilidad de aceptación: 1.0
Movimiento: SI



ITERACION 30
Solucion:    45 27 66 4 49 89 16 84 56 46 55 40 98 97 88 23 63 68 44 0 7 81 29 62 54 20 25 99 57 53 2 75 82 34 59 90 72 94 93 26 60 52 10 50 51 92 74 21 77 37 11 33 22 73 76 95 24 9 39 8 83 17 79 58 41 32 28 47 96 85 64 3 61 36 70 38 65 78 30 13 48 87 1 35 91 71 86 43 19 80 69 5 6 67 31 15 12 14 42 18 
Coste: 24044148
Temperatura: 1527718.9292226892
Probabilidad de aceptación: 1.0
Movimiento: SI



ITERACION 31
Solucion:    75 45 27 66 4 49 89 16 84 56 46 55 40 98 97 88 23 63 68 44 0 7 81 29 62 54 20 25 99 57 53 18 2 82 34 59 90 72 94 93 26 60 52 10 50 51 92 74 21 77 37 11 33 22 73 76 95 24 9 39 8 83 17 79 58 41 32 28 47 96 85 64 3 61 36 70 38 65 78 30 13 48 87 1 35 91 71 86 43 19 80 69 5 6 67 31 15 12 14 42 
Coste: 23995215
Temperatura: 1374947.0363004203
Probabilidad de aceptación: 1.0
Movimiento: SI



ITERACION 32
Solucion:    2 75 45 27 66 4 49 89 16 84 56 46 55 40 98 97 88 23 63 68 44 0 7 81 29 62 54 20 25 99 57 53 42 18 82 34 59 90 72 94 93 26 60 52 10 50 51 92 74 21 77 37 11 33 22 73 76 95 24 9 39 8 83 17 79 58 41 32 28 47 96 85 64 3 61 36 70 38 65 78 30 13 48 87 1 35 91 71 86 43 19 80 69 5 6 67 31 15 12 14 
Coste: 23963588
Temperatura: 1237452.3326703783
Probabilidad de aceptación: 1.0
Movimiento: SI



ITERACION 33
Solucion:    18 2 75 45 27 66 4 49 89 16 84 56 46 55 40 98 97 88 23 63 68 44 0 7 81 29 62 54 20 25 99 57 53 14 42 82 34 59 90 72 94 93 26 60 52 10 50 51 92 74 77 21 37 11 33 22 73 76 95 24 9 39 8 83 17 79 58 41 32 28 47 96 85 64 3 61 36 70 38 65 78 30 13 48 87 1 35 91 71 86 43 19 80 69 5 6 67 31 15 12 
Coste: 24095214
Temperatura: 1113707.0994033404
Probabilidad de aceptación: 1.0
Movimiento: SI



ITERACION 34
Solucion:    42 2 18 75 45 27 66 4 49 89 16 84 56 46 55 40 98 97 88 23 63 68 44 0 7 81 29 62 54 20 25 99 57 53 12 14 82 34 59 90 72 94 93 26 60 52 10 50 51 92 74 77 21 37 11 33 22 73 76 95 24 39 9 8 83 17 79 58 41 32 28 47 96 85 64 3 61 36 70 38 65 78 30 13 48 87 1 35 91 71 86 43 19 80 69 5 6 67 31 15 
Coste: 24068941
Temperatura: 1002336.3894630064
Probabilidad de aceptación: 1.0
Movimiento: SI



ITERACION 35
Solucion:    14 42 2 18 75 45 27 66 4 49 89 16 84 56 46 55 40 98 97 88 23 63 68 44 0 7 81 29 62 54 20 25 99 57 53 15 12 82 34 59 90 72 94 93 26 60 52 10 50 51 92 74 77 21 37 11 33 22 73 76 95 24 39 9 8 83 17 79 58 41 32 28 47 96 85 64 3 61 36 70 38 65 78 30 13 48 87 1 35 91 71 86 19 43 80 69 5 6 67 31 
Coste: 24076037
Temperatura: 902102.7505167058
Probabilidad de aceptación: 1.0
Movimiento: SI



ITERACION 36
Solucion:    12 14 42 2 18 75 45 27 66 4 49 89 16 84 56 46 55 40 98 97 88 23 63 68 44 0 7 81 29 62 54 20 25 99 57 53 31 15 82 34 59 90 72 94 93 26 60 52 10 50 51 92 74 77 21 37 11 33 22 73 76 95 24 39 9 8 83 17 79 58 41 32 28 47 96 85 64 3 61 36 70 38 65 78 30 13 48 87 1 35 91 71 86 19 43 80 69 5 6 67 
Coste: 24059058
Temperatura: 811892.4754650352
Probabilidad de aceptación: 1.0
Movimiento: SI



ITERACION 37
Solucion:    15 12 14 42 2 18 75 45 27 66 4 49 89 16 84 56 46 55 40 98 97 88 23 63 68 44 0 7 81 29 62 54 20 25 99 57 53 67 31 82 34 59 90 72 94 93 26 60 52 10 50 51 92 74 77 21 37 11 33 22 73 76 95 24 39 9 8 83 17 79 58 41 32 28 47 96 85 64 3 61 36 70 38 65 78 30 13 48 87 1 35 91 71 86 19 43 80 69 5 6 
Coste: 23999930
Temperatura: 730703.2279185316
Probabilidad de aceptación: 1.0
Movimiento: SI



ITERACION 38
Solucion:    31 15 14 12 42 2 18 75 45 27 66 4 49 89 16 84 56 46 55 40 98 97 88 23 63 68 44 0 7 81 29 62 54 20 25 99 57 53 6 67 82 34 59 90 72 94 93 26 60 52 10 50 51 92 74 77 21 37 11 33 22 73 76 95 24 39 9 8 83 17 79 58 41 32 28 47 96 85 64 3 61 36 70 38 65 78 30 13 48 87 1 35 91 71 86 19 43 80 69 5 
Coste: 24047788
Temperatura: 657632.9051266785
Probabilidad de aceptación: 1.0
Movimiento: SI



ITERACION 39
Solucion:    67 31 15 14 12 42 2 18 75 45 27 66 4 49 89 16 84 56 46 55 40 98 97 88 23 63 68 44 0 7 81 29 62 54 20 25 99 57 53 5 6 82 34 59 90 72 94 93 26 60 52 10 50 51 92 74 77 21 37 11 33 22 73 76 95 24 39 9 8 83 17 79 58 41 32 28 47 96 85 64 3 61 36 70 38 65 78 30 13 48 87 1 35 91 71 86 19 43 80 69 
Coste: 24088910
Temperatura: 591869.6146140107
Probabilidad de aceptación: 1.0
Movimiento: SI



ITERACION 40
Solucion:    6 67 31 15 14 12 42 2 18 75 45 27 66 4 49 89 16 84 56 46 55 40 98 97 88 23 63 68 44 0 7 81 29 62 54 20 25 99 57 53 69 5 82 34 59 90 72 94 93 26 52 60 10 50 51 92 74 77 21 37 11 33 22 73 76 95 24 39 9 8 83 17 79 58 41 32 28 47 96 85 64 3 61 36 70 38 65 78 30 13 48 87 1 35 91 71 86 19 43 80 
Coste: 24098227
Temperatura: 532682.6531526096
Probabilidad de aceptación: 1.0
Movimiento: SI



ITERACION 41
Solucion:    5 6 67 31 15 14 12 42 2 18 75 45 27 66 4 49 89 16 84 56 46 55 40 98 97 88 23 63 68 44 0 7 81 29 62 54 20 25 99 57 53 80 69 82 34 59 90 72 94 93 26 52 60 10 50 51 92 74 77 21 37 11 33 22 73 76 95 24 39 9 8 83 17 79 58 41 32 28 47 96 85 64 3 61 36 70 38 65 78 30 13 48 87 1 35 91 71 86 19 43 
Coste: 24049730
Temperatura: 479414.3878373486
Probabilidad de aceptación: 1.0
Movimiento: SI



ITERACION 42
Solucion:    69 5 6 67 31 15 14 12 42 2 18 75 45 27 66 4 49 89 16 84 56 46 55 40 98 97 88 23 63 68 44 0 7 81 29 62 54 20 25 57 99 53 43 80 82 34 59 90 72 94 93 26 52 60 10 50 51 92 74 77 21 37 11 33 22 73 76 95 24 39 9 8 83 17 79 58 41 32 28 47 96 85 64 3 61 36 70 38 65 78 30 13 48 87 1 35 91 71 86 19 
Coste: 23994870
Temperatura: 431472.94905361376
Probabilidad de aceptación: 1.0
Movimiento: SI



ITERACION 43
Solucion:    80 69 5 6 67 31 15 14 12 42 2 18 75 45 27 66 4 49 89 16 84 56 46 55 40 98 97 88 23 63 68 44 0 7 81 29 62 54 20 25 57 99 53 19 43 82 34 59 90 72 94 93 26 52 60 10 50 51 92 74 77 21 37 11 33 22 76 73 95 24 39 9 8 83 17 79 58 41 32 28 47 96 85 64 3 61 36 70 38 65 78 30 13 48 87 1 35 91 71 86 
Coste: 24040299
Temperatura: 388325.6541482524
Probabilidad de aceptación: 1.0
Movimiento: SI



ITERACION 44
Solucion:    43 80 69 6 5 67 31 15 14 12 42 2 18 75 45 27 66 4 49 16 89 84 56 46 55 40 98 97 88 23 63 68 44 0 7 81 29 62 54 20 25 57 99 53 86 19 82 34 59 90 72 94 93 52 26 60 10 50 51 92 74 77 21 37 11 33 22 76 73 95 24 39 9 8 83 17 79 58 41 32 28 47 85 96 64 61 3 36 70 38 65 78 30 13 48 87 1 35 91 71 
Coste: 24141281
Temperatura: 349493.08873342717
Probabilidad de aceptación: 1.0
Movimiento: SI



ITERACION 45
Solucion:    19 43 80 69 6 5 67 31 15 14 12 42 2 18 75 45 27 4 66 49 16 89 84 56 46 55 40 98 97 88 23 63 68 44 0 7 81 29 62 54 20 25 57 99 53 71 86 82 34 59 90 72 94 93 52 26 60 10 50 51 92 74 77 21 37 11 33 22 76 73 95 24 39 9 8 83 17 79 58 41 32 28 47 85 96 64 61 3 36 70 38 65 78 30 13 48 87 1 35 91 
Coste: 23981433
Temperatura: 314543.77986008447
Probabilidad de aceptación: 1.0
Movimiento: SI



ITERACION 46
Solucion:    86 19 43 80 69 6 5 67 31 15 14 12 42 2 18 75 45 27 4 66 49 16 89 84 56 46 55 40 98 97 88 23 63 68 44 0 7 81 29 62 54 20 25 57 99 71 91 53 82 34 59 90 72 94 93 52 26 60 10 50 51 92 74 77 21 37 11 33 22 73 76 95 24 39 9 8 83 17 79 58 41 32 28 47 85 96 64 61 3 36 70 38 65 78 30 13 48 87 1 35 
Coste: 23984251
Temperatura: 283089.40187407605
Probabilidad de aceptación: 1.0
Movimiento: SI



ITERACION 47
Solucion:    53 86 19 43 80 69 6 5 67 31 15 14 12 42 2 18 75 45 27 4 66 49 16 89 84 56 46 55 40 98 97 88 23 63 68 44 7 0 81 29 62 54 20 25 57 99 91 35 71 82 34 59 90 72 94 93 52 26 60 10 50 51 92 74 77 21 37 11 33 22 73 76 95 24 39 9 8 83 17 79 58 41 32 28 47 85 96 64 61 3 36 70 38 65 78 30 13 48 87 1 
Coste: 24031175
Temperatura: 254780.46168666845
Probabilidad de aceptación: 1.0
Movimiento: SI



ITERACION 48
Solucion:    71 53 86 19 43 80 69 6 5 67 31 15 14 12 42 2 18 45 75 27 4 66 49 16 89 84 56 46 55 40 98 97 88 23 63 68 44 7 0 81 29 62 54 20 25 57 99 35 1 91 82 34 59 90 72 94 93 52 26 60 10 50 51 92 74 77 21 37 11 33 22 73 76 95 24 39 9 8 83 17 79 58 41 32 28 47 85 96 64 61 3 70 36 38 65 78 30 13 48 87 
Coste: 24204801
Temperatura: 229302.41551800162
Probabilidad de aceptación: 1.0
Movimiento: SI



ITERACION 49
Solucion:    91 71 53 86 19 43 80 69 6 5 67 31 15 14 12 42 2 18 45 75 27 4 66 49 16 89 84 56 46 55 40 98 97 88 23 63 68 44 7 0 81 29 62 54 20 25 57 35 99 87 1 82 34 59 90 72 94 93 52 26 60 10 50 51 92 74 77 21 37 11 33 22 73 95 76 24 39 9 8 83 17 79 58 41 32 28 47 85 96 64 61 3 70 36 38 65 78 30 13 48 
Coste: 24049528
Temperatura: 206372.17396620146
Probabilidad de aceptación: 1.0
Movimiento: SI



ITERACION 50
Solucion:    1 91 71 53 86 19 43 80 69 6 5 67 31 14 15 12 42 18 2 45 75 27 4 66 49 16 89 84 56 46 55 40 98 97 88 23 63 68 44 7 0 81 29 62 54 20 25 57 35 99 48 87 82 34 59 90 72 94 93 52 26 60 10 50 51 92 74 77 21 37 11 22 33 73 95 76 24 39 9 83 8 17 79 58 41 32 28 47 85 96 64 61 3 70 36 38 65 78 30 13 
Coste: 23929213
Temperatura: 185734.95656958132
Probabilidad de aceptación: 1.0
Movimiento: SI



ITERACION 51
Solucion:    87 1 91 71 53 86 19 43 80 69 6 5 67 31 14 15 12 42 18 2 45 75 27 4 66 49 16 89 84 56 46 55 40 98 97 88 23 63 68 44 7 0 81 29 62 54 20 25 57 35 99 13 48 82 34 59 90 72 93 94 52 26 60 10 50 51 92 74 77 21 37 11 22 33 73 95 76 24 39 9 83 8 17 79 58 41 32 28 47 85 96 61 64 3 70 36 38 65 78 30 
Coste: 24013213
Temperatura: 167161.46091262318
Probabilidad de aceptación: 1.0
Movimiento: SI



ITERACION 52
Solucion:    48 87 91 1 53 71 86 19 43 80 6 69 5 67 31 14 15 12 42 18 2 45 75 27 4 66 49 16 89 84 56 46 55 40 98 97 88 23 63 68 7 44 0 81 29 62 54 20 25 57 35 99 30 13 82 34 59 90 72 93 94 52 26 60 10 50 51 92 74 77 21 37 11 22 33 73 95 76 24 39 9 83 8 17 79 58 41 32 28 47 85 61 96 64 3 70 36 38 65 78 
Coste: 24051454
Temperatura: 150445.31482136087
Probabilidad de aceptación: 1.0
Movimiento: SI



ITERACION 53
Solucion:    13 48 87 91 1 53 71 86 43 19 80 69 6 5 67 14 31 15 12 42 18 2 45 75 27 4 66 49 89 16 84 56 46 55 40 97 98 23 88 63 68 7 0 44 81 29 62 54 20 25 57 35 99 78 30 82 34 59 90 72 93 94 52 26 60 10 50 51 92 74 77 21 37 11 22 33 73 95 76 24 39 9 83 8 17 58 79 41 32 28 47 85 61 96 64 3 70 36 38 65 
Coste: 23996364
Temperatura: 135400.78333922478
Probabilidad de aceptación: 1.0
Movimiento: SI



ITERACION 54
Solucion:    30 13 48 87 91 1 53 71 86 43 19 80 69 6 5 67 14 31 15 12 42 18 2 45 75 27 4 66 49 89 16 84 56 46 55 40 97 98 23 88 63 68 7 44 0 81 29 62 54 20 25 57 99 35 65 78 82 34 59 90 72 93 94 52 26 60 10 50 51 92 74 77 21 37 11 22 33 73 95 76 39 24 9 83 8 17 58 41 79 32 28 47 85 61 96 64 3 70 36 38 
Coste: 24123173
Temperatura: 121860.70500530231
Probabilidad de aceptación: 1.0
Movimiento: SI



ITERACION 55
Solucion:    78 13 30 48 87 91 53 1 71 86 43 19 69 80 6 5 67 14 31 15 12 42 18 2 45 75 27 4 66 49 89 16 84 56 46 55 40 97 98 23 88 63 68 7 44 0 81 29 62 54 20 25 57 99 35 38 65 82 59 90 34 72 93 94 52 26 60 10 50 51 92 77 74 21 37 11 22 33 73 95 76 39 24 9 8 83 17 58 41 79 32 47 28 85 61 96 64 3 70 36 
Coste: 23898051
Temperatura: 109674.63450477208
Probabilidad de aceptación: 1.0
Movimiento: SI



ITERACION 56
Solucion:    65 78 30 48 13 87 91 53 1 71 86 43 19 69 80 6 5 67 14 31 15 12 42 18 2 45 75 27 4 66 49 89 16 84 46 56 55 40 97 98 23 88 68 63 7 44 0 81 62 29 54 20 25 99 57 35 36 38 82 59 90 34 72 93 94 52 26 60 10 50 51 92 77 74 21 37 11 22 33 73 95 76 39 24 9 8 83 17 58 41 32 79 47 28 85 61 96 64 3 70 
Coste: 24079643
Temperatura: 98707.17105429487
Probabilidad de aceptación: 1.0
Movimiento: SI



ITERACION 57
Solucion:    38 65 78 30 48 13 87 53 91 1 71 86 43 19 80 69 6 5 67 14 31 15 12 42 18 2 45 75 27 4 66 49 89 16 84 46 56 55 40 97 98 23 88 68 63 7 44 81 0 62 29 54 20 25 99 57 35 70 36 82 59 90 34 72 93 94 52 26 60 10 50 51 92 77 74 21 11 37 22 33 73 95 76 39 24 9 8 83 17 58 41 32 79 47 28 85 61 96 64 3 
Coste: 23982101
Temperatura: 88836.45394886538
Probabilidad de aceptación: 1.0
Movimiento: SI



ITERACION 58
Solucion:    36 38 65 78 30 48 13 87 53 91 1 71 86 43 19 80 69 6 5 67 14 31 15 12 42 18 2 45 75 27 4 66 49 89 16 84 46 56 55 40 97 98 23 88 68 63 7 44 81 0 62 29 54 20 25 99 35 57 64 70 82 59 90 34 72 93 94 52 26 60 10 50 51 92 77 74 21 11 22 37 33 73 95 39 76 24 9 8 83 17 58 41 32 79 47 85 28 61 96 3 
Coste: 24057845
Temperatura: 79952.80855397884
Probabilidad de aceptación: 0.9945243076067193
Movimiento: NO



ITERACION 59
Solucion:    36 70 38 65 78 30 48 13 87 53 91 1 71 86 43 19 80 69 6 5 67 14 31 15 12 42 18 2 45 75 27 4 66 49 89 16 84 46 56 40 55 97 98 88 23 68 63 7 44 0 81 62 29 54 20 25 99 35 57 3 64 82 59 34 90 72 93 94 52 26 60 10 50 51 92 77 74 21 11 22 37 33 73 95 39 76 24 9 8 83 17 58 32 41 79 47 85 28 61 96 
Coste: 24061272
Temperatura: 71957.52769858096
Probabilidad de aceptación: 1.0
Movimiento: SI



ITERACION 60
Solucion:    64 36 70 38 65 78 30 48 13 87 53 91 1 71 86 43 19 80 69 6 5 67 14 31 12 15 42 18 45 2 75 27 4 66 49 16 84 89 46 56 40 55 97 98 88 23 68 63 7 44 0 81 62 29 54 20 25 99 35 57 96 3 82 59 34 90 72 93 94 26 52 60 10 50 92 51 77 74 11 21 37 22 33 95 73 76 39 24 9 8 83 17 58 32 41 79 47 85 28 61 
Coste: 24049816
Temperatura: 64761.774928722865
Probabilidad de aceptación: 1.0
Movimiento: SI



ITERACION 61
Solucion:    3 64 36 70 38 78 65 30 48 13 87 53 91 1 71 86 43 19 80 69 6 5 67 14 31 12 15 42 18 45 75 2 27 4 66 49 16 84 89 46 56 40 55 97 98 88 23 68 63 7 44 0 62 81 29 54 20 25 99 35 57 61 82 96 59 90 34 72 93 94 26 52 60 10 50 92 51 77 74 11 21 37 22 33 95 76 73 39 9 24 8 83 17 58 32 41 79 47 85 28 
Coste: 24056309
Temperatura: 58285.59743585058
Probabilidad de aceptación: 1.0
Movimiento: SI



ITERACION 62
Solucion:    82 3 64 36 70 38 78 65 48 30 13 87 53 91 1 71 86 43 19 80 69 6 67 5 14 31 15 12 18 45 42 75 2 4 27 66 49 16 89 84 46 56 40 55 98 97 88 23 68 63 7 44 0 62 81 54 29 20 25 99 35 57 28 61 96 90 59 34 72 93 94 26 52 60 10 92 50 51 74 77 11 21 37 22 33 95 76 73 9 24 39 8 83 17 32 41 79 58 47 85 
Coste: 23949677
Temperatura: 52457.03769226552
Probabilidad de aceptación: 1.0
Movimiento: SI



ITERACION 63
Solucion:    61 82 3 64 36 70 38 78 48 65 30 87 53 91 13 1 71 86 19 43 80 69 6 5 14 67 31 15 12 18 45 42 75 2 4 66 27 49 16 89 84 46 56 40 55 98 97 88 23 68 63 7 44 0 62 81 54 29 20 25 99 35 57 47 28 96 90 59 34 93 72 94 26 52 60 10 92 50 51 74 11 77 37 21 22 33 76 95 73 9 39 24 8 83 17 32 41 79 58 85 
Coste: 24023298
Temperatura: 47211.33392303897
Probabilidad de aceptación: 0.6376430117896468
Movimiento: NO



ITERACION 64
Solucion:    28 82 3 64 61 36 70 38 78 48 30 87 53 65 91 13 1 71 86 19 80 43 69 6 5 14 67 31 15 12 18 45 42 2 75 4 66 27 49 16 89 84 46 56 40 55 98 97 88 23 68 63 7 44 62 0 81 54 29 20 99 25 35 57 85 47 96 90 34 59 93 72 94 26 52 60 10 92 50 51 11 74 77 21 37 22 33 76 73 95 9 39 24 8 17 83 32 41 79 58 
Coste: 24032631
Temperatura: 42490.20053073507
Probabilidad de aceptación: 1.0
Movimiento: SI



ITERACION 65
Solucion:    47 82 28 3 64 61 36 70 38 78 30 48 87 53 65 91 1 13 71 86 19 80 43 69 6 5 14 67 31 15 18 12 45 42 2 75 4 66 27 49 16 84 46 89 56 55 98 40 97 88 23 68 63 7 44 62 81 0 54 29 20 25 99 35 57 79 85 90 96 59 34 93 72 94 26 52 60 10 92 50 51 11 74 21 77 37 22 76 33 73 95 9 39 24 8 83 17 32 41 58 
Coste: 23916764
Temperatura: 38241.18047766156
Probabilidad de aceptación: 0.5039611775038263
Movimiento: NO



ITERACION 66
Solucion:    85 47 82 3 28 64 61 36 38 78 70 30 48 87 65 91 1 13 53 71 86 19 43 80 69 6 5 14 67 31 15 18 12 45 42 2 75 4 27 66 49 84 16 46 89 56 55 98 40 97 88 68 63 23 7 44 81 0 62 54 29 20 25 99 35 57 58 79 90 96 59 34 93 72 94 52 26 60 10 50 92 51 11 74 77 21 22 37 33 76 73 95 9 39 24 83 8 17 41 32 
Coste: 23912144
Temperatura: 34417.062429895406
Probabilidad de aceptación: 1.0
Movimiento: SI



ITERACION 67
Solucion:    79 85 47 82 3 28 64 61 38 36 78 70 30 87 48 65 91 1 13 53 71 86 19 43 69 80 6 5 67 31 14 18 15 12 45 42 2 75 4 66 27 49 84 16 46 89 56 98 55 40 97 88 68 63 23 7 44 0 81 62 54 29 25 20 99 35 57 32 58 90 96 59 34 72 93 94 52 60 26 10 50 51 92 11 77 21 74 22 37 33 76 73 9 95 39 24 83 17 8 41 
Coste: 23966403
Temperatura: 30975.356186905865
Probabilidad de aceptación: 1.0
Movimiento: SI



ITERACION 68
Solucion:    58 79 85 47 82 3 28 64 38 61 78 36 70 30 87 48 65 91 1 13 53 71 86 19 43 69 80 6 67 5 31 14 18 15 12 45 2 75 4 66 42 27 49 84 16 46 56 89 55 98 40 97 88 63 68 7 23 44 0 81 62 54 29 25 20 99 35 57 41 32 90 96 34 59 72 94 52 60 93 26 50 10 51 92 77 11 21 22 74 37 33 73 9 95 39 24 76 83 17 8 
Coste: 23936885
Temperatura: 27877.82056821528
Probabilidad de aceptación: 1.0
Movimiento: SI



ITERACION 69
Solucion:    32 79 85 47 58 82 3 28 38 64 61 78 36 70 30 87 48 65 1 91 13 53 71 86 19 43 69 80 6 5 67 31 14 18 15 12 45 2 4 75 42 66 27 49 16 84 46 56 89 55 98 97 88 40 63 68 23 7 0 81 44 62 54 29 20 25 99 35 41 8 90 96 34 59 72 57 94 60 52 93 26 50 10 51 77 11 21 92 22 74 37 33 73 9 95 24 39 76 17 83 
Coste: 23900376
Temperatura: 25090.038511393752
Probabilidad de aceptación: 1.0
Movimiento: SI



ITERACION 70
Solucion:    32 90 79 85 47 58 3 82 28 38 64 61 78 70 36 30 87 48 65 1 91 13 71 53 86 19 43 69 80 6 67 5 31 14 18 15 45 2 12 4 75 66 42 49 27 84 46 16 89 55 56 98 88 40 97 63 23 7 0 81 68 44 62 29 20 54 25 99 35 41 83 8 96 34 72 59 57 94 60 52 93 50 10 51 26 77 11 21 22 92 74 37 33 73 9 95 24 39 17 76 
Coste: 23886712
Temperatura: 22581.034660254376
Probabilidad de aceptación: 1.0
Movimiento: SI



ITERACION 71
Solucion:    8 32 90 85 47 79 58 82 3 28 38 64 61 78 70 30 36 87 48 65 91 1 13 53 86 19 71 43 69 80 6 5 67 31 18 14 15 45 2 12 75 4 66 42 49 27 84 16 46 89 55 56 98 88 40 97 63 7 0 23 81 44 68 62 29 20 54 25 35 99 41 76 83 96 34 59 72 57 94 52 60 50 93 10 51 26 11 77 21 22 92 74 33 37 73 9 95 24 39 17 
Coste: 23859153
Temperatura: 20322.93119422894
Probabilidad de aceptación: 1.0
Movimiento: SI



ITERACION 72
Solucion:    8 83 90 32 85 79 47 82 58 3 28 64 61 38 70 78 30 87 48 65 91 1 36 13 86 19 71 53 43 69 6 5 67 80 31 18 14 15 2 12 75 45 66 4 49 42 27 16 84 89 46 55 98 88 40 56 97 63 0 7 23 81 44 68 29 62 20 25 35 54 99 41 39 76 34 59 72 57 96 94 52 60 50 93 51 26 11 77 21 22 10 92 74 37 33 9 73 95 24 17 
Coste: 23915201
Temperatura: 18290.638074806044
Probabilidad de aceptación: 0.47301207941528217
Movimiento: NO



ITERACION 73
Solucion:    76 8 83 32 90 85 79 47 82 58 3 28 61 38 64 70 78 30 48 65 87 91 1 13 86 36 19 71 43 69 53 6 5 67 80 31 18 15 2 12 75 14 45 4 66 49 42 16 27 84 89 46 55 88 98 40 56 97 63 0 7 23 81 44 68 29 62 20 25 54 35 41 99 95 39 59 34 57 96 94 52 60 72 50 93 26 51 11 77 21 22 92 10 74 37 9 33 73 24 17 
Coste: 23900352
Temperatura: 16461.57426732544
Probabilidad de aceptación: 0.18813079094210003
Movimiento: NO



ITERACION 74
Solucion:    76 39 8 83 32 90 85 79 47 58 3 28 61 38 64 70 82 30 48 65 87 91 1 13 86 78 36 19 71 69 43 53 6 67 5 80 18 31 15 2 12 14 75 45 4 66 49 42 16 27 89 84 46 88 55 98 40 97 63 56 7 23 0 44 81 68 62 29 25 54 35 20 99 95 9 59 41 34 57 96 52 94 60 72 50 26 93 51 11 77 21 92 10 22 74 37 33 73 24 17 
Coste: 23874167
Temperatura: 14815.416840592896
Probabilidad de aceptación: 0.25728462086888937
Movimiento: NO



ITERACION 75
Solucion:    59 39 76 83 32 8 85 79 90 58 47 3 61 38 64 28 82 30 48 70 65 87 1 91 86 78 13 36 19 69 71 43 53 67 6 5 18 31 80 15 12 14 2 75 45 66 4 49 16 42 27 84 89 88 46 98 55 40 97 63 56 23 7 0 44 68 62 81 25 29 54 20 35 99 9 17 95 41 57 34 52 96 94 60 72 26 93 50 51 77 11 21 92 10 74 37 33 22 73 24 
Coste: 23889433
Temperatura: 13333.875156533606
Probabilidad de aceptación: 1.0
Movimiento: SI



ITERACION 76
Solucion:    95 59 76 39 83 32 8 85 90 79 58 3 61 38 47 64 82 30 48 28 70 87 1 91 65 86 78 13 36 19 71 43 69 67 53 6 18 5 80 15 31 14 2 12 45 75 66 4 49 42 27 84 16 88 46 98 55 89 40 97 63 23 7 56 44 68 62 81 25 0 29 20 35 99 9 17 24 41 57 34 52 54 96 60 72 94 26 93 50 51 11 21 77 10 74 92 37 33 22 73 
Coste: 23753127
Temperatura: 12000.487640880247
Probabilidad de aceptación: 1.0
Movimiento: SI



ITERACION 77
Solucion:    95 59 76 39 41 32 83 8 85 90 58 3 79 61 38 64 82 47 30 48 28 70 87 91 1 65 86 78 13 19 71 43 69 67 53 6 18 5 80 15 36 14 2 31 12 75 66 45 4 42 27 49 16 88 46 98 55 84 40 97 89 23 63 7 44 68 56 81 25 62 29 0 20 35 9 17 99 92 57 34 52 54 96 24 72 60 26 93 94 51 50 11 77 21 10 74 37 33 22 73 
Coste: 23718443
Temperatura: 10800.438876792223
Probabilidad de aceptación: 0.4367509028518706
Movimiento: NO



ITERACION 78
Solucion:    95 59 57 39 41 32 83 76 85 8 58 90 3 61 79 38 82 47 30 64 28 70 87 91 1 65 48 86 13 19 78 43 71 67 69 53 6 5 18 15 80 14 2 36 31 75 12 45 66 42 4 49 16 88 46 27 55 84 98 97 89 23 63 7 40 68 44 81 25 62 29 0 20 35 56 17 9 99 37 34 52 54 92 96 72 24 60 26 94 51 93 50 77 21 10 11 74 33 22 73 
Coste: 23810123
Temperatura: 9720.394989113001
Probabilidad de aceptación: 0.4414170659833247
Movimiento: NO



ITERACION 79
Solucion:    95 34 59 39 57 32 41 76 85 8 83 90 3 58 61 79 38 82 47 64 30 28 70 87 1 91 65 48 13 19 86 43 71 67 78 69 53 5 6 15 80 18 14 2 31 75 12 36 45 42 66 49 16 4 46 27 88 84 98 55 89 97 23 63 40 68 44 7 81 62 25 29 0 35 20 56 9 17 37 22 52 99 54 92 96 24 72 60 94 26 93 51 77 50 21 10 74 11 33 73 
Coste: 23767481
Temperatura: 8748.355490201702
Probabilidad de aceptación: 0.19414204170573196
Movimiento: NO



ITERACION 80
Solucion:    52 95 59 34 57 39 41 76 32 8 83 90 3 85 61 58 38 82 79 64 30 47 28 87 70 1 65 48 13 91 86 43 71 67 19 78 53 69 6 15 80 18 5 2 14 75 12 36 45 42 66 49 16 4 31 27 88 46 98 55 89 84 23 63 40 97 44 68 7 62 25 29 81 35 20 0 9 56 37 17 73 99 22 54 92 24 72 60 96 94 26 51 93 77 21 50 74 11 10 33 
Coste: 23710006
Temperatura: 7873.519941181532
Probabilidad de aceptación: 1.0
Movimiento: SI



ITERACION 81
Solucion:    52 99 95 34 57 39 41 76 32 8 83 59 3 85 61 90 38 82 58 79 64 47 28 30 87 1 70 65 13 48 91 86 71 67 19 78 53 69 6 43 80 18 15 2 5 75 12 36 45 42 14 49 16 4 31 27 88 46 98 55 89 84 66 23 40 97 44 68 7 62 63 25 81 35 20 29 9 56 37 17 0 21 22 73 92 54 24 60 96 94 72 26 93 51 77 50 74 11 10 33 
Coste: 23660513
Temperatura: 7086.167947063379
Probabilidad de aceptación: 0.009157081698729022
Movimiento: NO



ITERACION 82
Solucion:    52 22 95 99 57 39 41 76 32 8 83 59 3 85 61 90 38 82 58 79 64 47 28 30 87 1 34 65 13 48 91 86 71 67 19 78 53 70 6 43 69 18 80 2 5 75 12 36 45 42 14 49 15 4 31 27 88 46 98 55 89 84 16 66 40 97 44 68 7 23 62 25 81 35 20 29 9 56 37 17 0 21 33 73 92 63 54 60 96 24 72 26 93 51 94 50 74 77 10 11 
Coste: 23610676
Temperatura: 6377.551152357041
Probabilidad de aceptación: 1.0
Movimiento: SI



ITERACION 83
Solucion:    73 52 22 95 57 39 41 76 99 8 83 59 3 85 61 32 90 38 82 58 64 47 79 28 30 1 34 65 13 48 91 87 71 67 19 78 53 70 6 43 69 18 80 2 5 75 12 36 45 42 14 49 86 4 31 15 88 27 98 55 89 84 16 66 46 40 97 68 7 44 62 25 81 23 35 29 9 56 20 17 0 21 33 37 92 63 54 60 96 24 72 26 93 51 94 50 74 77 10 11 
Coste: 23626995
Temperatura: 5739.796037121338
Probabilidad de aceptación: 1.5570319957606757E-4
Movimiento: NO



ITERACION 84
Solucion:    92 52 22 95 57 39 41 76 99 8 83 59 3 73 61 32 85 90 82 38 58 47 79 64 28 30 34 1 13 48 91 65 71 67 87 78 19 70 53 43 69 18 6 80 5 2 75 36 45 42 14 49 86 4 31 15 88 27 12 55 89 84 16 66 46 40 98 97 68 44 62 25 81 23 35 29 9 56 20 17 0 21 33 37 11 63 54 60 96 7 24 26 93 51 72 50 74 94 10 77 
Coste: 23627851
Temperatura: 5165.816433409204
Probabilidad de aceptación: 1.0
Movimiento: SI



ITERACION 85
Solucion:    63 52 22 95 57 39 41 76 99 8 83 59 3 73 61 92 85 32 82 90 58 47 79 64 28 30 34 1 13 48 91 38 65 71 87 78 19 67 53 43 69 18 6 80 5 2 75 36 45 42 14 49 86 4 31 15 88 70 27 12 89 55 16 84 46 40 98 66 68 44 62 25 81 23 35 29 97 56 20 17 0 21 33 37 11 94 9 60 96 7 54 26 93 51 72 24 74 50 10 77 
Coste: 23621145
Temperatura: 4649.234790068284
Probabilidad de aceptación: 0.3635714635171196
Movimiento: NO



ITERACION 86
Solucion:    63 9 52 95 57 39 41 76 99 8 83 59 22 73 61 92 85 32 82 90 3 47 79 58 28 30 34 1 13 48 91 38 65 71 87 78 19 67 53 43 69 64 6 80 5 2 75 36 45 42 14 49 18 4 31 15 88 70 27 12 89 55 16 86 46 40 98 66 68 44 62 25 81 84 35 23 97 29 56 17 0 21 33 20 11 94 77 60 96 7 54 26 93 51 72 24 74 37 10 50 
Coste: 23567090
Temperatura: 4184.311311061456
Probabilidad de aceptación: 1.0
Movimiento: SI



ITERACION 87
Solucion:    60 9 52 95 63 39 57 76 99 41 8 59 22 73 61 83 92 32 82 85 3 47 79 90 28 58 30 1 13 34 48 91 65 71 38 78 87 67 53 43 69 19 6 64 5 2 75 36 45 42 14 49 80 4 31 15 88 70 18 12 89 55 16 27 86 40 98 66 68 46 62 25 81 84 35 23 97 29 44 17 0 21 33 56 11 94 77 10 96 7 54 26 93 51 72 24 74 37 20 50 
Coste: 23518223
Temperatura: 3765.8801799553103
Probabilidad de aceptación: 0.010132362507372558
Movimiento: NO



ITERACION 88
Solucion:    60 9 52 95 63 39 57 76 99 41 8 59 22 96 61 83 73 32 92 85 3 47 79 90 28 58 82 30 13 34 48 91 65 71 38 78 87 67 53 43 69 1 19 6 5 2 64 36 75 42 14 49 80 4 31 15 88 70 18 12 89 55 16 27 45 40 98 66 68 46 86 25 81 84 62 23 97 29 44 17 0 21 33 35 56 94 11 10 50 7 54 26 93 51 72 24 74 37 20 77 
Coste: 23427728
Temperatura: 3389.292161959779
Probabilidad de aceptación: 1.0
Movimiento: SI



ITERACION 89
Solucion:    60 9 52 95 63 7 57 76 99 41 8 59 22 96 61 83 73 32 92 85 3 47 79 39 28 90 82 30 13 34 48 58 65 91 38 78 87 67 53 43 71 1 19 6 5 2 64 36 75 42 14 49 80 4 31 15 88 70 18 12 89 55 16 27 45 40 98 66 68 46 86 25 81 84 62 23 69 97 44 17 0 21 33 35 56 94 11 10 50 37 54 26 93 51 72 24 74 29 20 77 
Coste: 23422682
Temperatura: 3050.3629457638012
Probabilidad de aceptación: 0.04909158913074114
Movimiento: NO



ITERACION 90
Solucion:    60 9 52 95 63 7 57 76 99 41 8 59 22 96 61 83 73 32 54 85 3 47 79 39 28 90 82 30 92 34 48 58 65 13 38 78 87 67 53 43 91 1 19 6 5 71 2 36 75 42 14 49 80 4 31 15 88 70 18 12 89 55 16 27 45 40 98 66 68 46 86 25 81 84 62 23 69 97 44 17 0 21 33 35 56 94 64 10 50 37 77 26 93 51 72 11 74 29 20 24 
Coste: 23404172
Temperatura: 2745.3266511874212
Probabilidad de aceptación: 1.0
Movimiento: SI



ITERACION 91
Solucion:    60 9 52 95 63 7 57 76 99 26 8 59 22 41 61 83 73 32 54 85 3 47 79 39 28 90 82 30 92 34 48 58 65 13 38 78 87 67 53 43 91 1 19 6 5 71 2 36 75 42 14 49 80 4 31 96 88 70 18 12 89 55 16 27 45 40 15 66 68 46 86 25 98 84 62 23 69 97 44 17 0 21 33 81 35 56 64 10 50 37 77 94 93 51 72 11 74 29 20 24 
Coste: 23389838
Temperatura: 2470.7939860686793
Probabilidad de aceptación: 1.7348979010682747E-6
Movimiento: NO



ITERACION 92
Solucion:    60 9 52 95 63 7 57 76 99 26 93 59 8 41 61 83 73 32 54 85 3 47 79 39 28 90 82 30 92 34 48 58 65 13 38 78 87 67 53 43 91 1 19 6 5 71 2 36 75 42 14 49 80 4 31 96 22 70 88 12 89 55 16 27 45 40 15 66 68 46 86 25 98 84 62 23 18 97 44 17 0 21 33 81 35 56 64 10 50 37 77 94 20 51 72 11 74 29 69 24 
Coste: 23379168
Temperatura: 2223.7145874618113
Probabilidad de aceptación: 1.1866001911336701E-5
Movimiento: NO



ITERACION 93
Solucion:    60 9 52 95 63 7 57 76 99 26 93 59 8 41 61 83 73 32 54 85 3 47 79 39 28 90 82 30 92 34 48 58 65 13 38 78 87 67 53 43 91 1 19 6 5 71 2 36 75 42 14 49 80 4 31 96 22 70 88 12 89 55 16 27 45 40 15 66 68 46 86 25 98 84 62 23 18 97 44 17 0 21 33 81 35 56 64 10 50 37 77 94 20 51 72 11 74 29 69 24 
Coste: 23379168
Temperatura: 2001.3431287156302
Probabilidad de aceptación: 1.2680720046651753E-5
Movimiento: NO



ITERACION 94
Solucion:    60 9 52 95 63 7 57 76 99 26 93 59 72 41 61 83 73 32 54 8 3 47 79 85 28 90 82 30 92 34 48 58 65 13 38 78 87 67 53 43 39 1 91 6 5 71 2 36 75 42 14 49 80 4 31 96 22 70 88 12 89 55 16 27 45 40 15 66 68 46 86 25 98 84 62 23 18 97 44 17 0 21 33 81 19 35 64 10 50 37 77 94 20 51 69 11 74 29 56 24 
Coste: 23347135
Temperatura: 1801.2088158440672
Probabilidad de aceptación: 0.01818226093295958
Movimiento: NO



ITERACION 95
Solucion:    60 9 52 95 63 7 57 76 99 26 93 59 72 41 61 83 73 32 54 8 3 47 79 11 28 90 82 30 92 34 48 58 65 13 38 78 87 67 53 43 39 1 91 6 5 71 2 36 75 42 14 49 80 4 31 96 22 70 85 12 89 55 16 27 45 40 15 66 68 46 86 88 98 84 62 23 18 97 44 17 0 21 33 81 19 35 64 10 50 37 77 94 20 51 25 69 74 29 56 24 
Coste: 23330053
Temperatura: 1621.0879342596604
Probabilidad de aceptación: 4.6743116587404757E-7
Movimiento: NO



ITERACION 96
Solucion:    60 9 52 95 63 7 57 74 99 26 93 59 72 41 61 83 73 32 54 8 3 47 79 11 28 90 82 30 92 34 48 58 65 13 38 78 87 67 53 43 39 1 91 6 5 71 2 36 75 42 14 49 80 4 31 96 22 70 85 12 89 55 16 27 45 40 15 66 68 46 86 88 98 84 76 23 18 97 44 17 0 21 33 81 19 35 64 10 50 37 77 94 20 51 25 69 24 29 62 56 
Coste: 23313760
Temperatura: 1458.9791408336944
Probabilidad de aceptación: 1.0
Movimiento: SI



ITERACION 97
Solucion:    60 9 52 95 63 7 57 74 29 26 93 59 72 41 61 83 73 32 54 8 3 47 79 11 28 90 82 30 92 34 48 58 65 13 38 78 87 67 53 43 39 1 91 6 5 71 2 36 75 42 14 49 80 4 31 96 22 99 70 12 89 55 16 27 45 40 15 66 68 46 86 88 85 84 76 23 18 97 44 17 0 21 33 81 19 35 64 10 50 37 77 94 20 51 25 69 24 98 62 56 
Coste: 23303320
Temperatura: 1313.081226750325
Probabilidad de aceptación: 7.480391598794688E-11
Movimiento: NO



ITERACION 98
Solucion:    60 9 52 95 63 7 57 74 29 26 93 59 72 41 61 83 73 32 54 8 3 47 79 11 28 90 82 30 92 34 48 58 65 13 38 78 87 67 53 43 39 1 91 6 5 62 2 36 75 42 14 49 80 4 31 96 22 99 70 12 71 55 16 27 89 40 15 66 68 46 86 88 85 84 76 23 18 97 45 17 44 21 33 81 19 35 64 10 50 37 77 94 20 51 25 69 24 98 56 0 
Coste: 23289511
Temperatura: 1181.7731040752924
Probabilidad de aceptación: 1.0
Movimiento: SI



ITERACION 99
Solucion:    60 9 52 95 63 7 57 74 29 26 93 59 72 41 61 83 73 32 54 8 3 47 79 11 28 90 82 30 92 34 48 58 65 13 38 78 87 67 53 43 39 1 91 6 5 62 2 0 75 42 14 49 80 4 36 96 22 99 31 12 71 55 16 27 89 40 15 66 68 46 86 88 85 84 76 23 18 97 45 17 70 21 33 81 19 35 64 10 50 37 77 94 20 51 25 69 24 98 44 56 
Coste: 23281463
Temperatura: 1063.5957936677632
Probabilidad de aceptación: 1.0
Movimiento: SI



