ITERACION 0
Solucion:    83 68 14 19 126 86 58 120 72 35 114 47 56 105 53 133 106 123 115 32 118 54 29 59 90 67 33 94 7 20 9 89 64 141 18 65 37 76 55 0 139 102 1 5 127 70 38 8 146 136 61 85 4 116 23 74 71 25 21 45 62 104 22 10 60 130 99 44 148 103 96 129 81 87 36 26 143 128 28 138 24 2 63 121 131 40 125 149 52 69 11 34 82 13 100 51 112 98 16 41 48 46 15 108 30 107 78 147 92 17 31 95 73 49 101 140 79 119 110 109 84 135 117 66 3 27 97 132 124 134 57 142 93 6 77 91 43 111 145 75 12 39 42 137 50 122 80 144 88 113 
Coste: 649702027
Temperatura: 9.71272383E8
Probabilidad de aceptación: 1.0
Movimiento: SI



ITERACION 1
Solucion:    68 113 83 14 19 126 86 58 120 72 35 114 47 56 105 53 133 106 123 115 32 118 54 29 59 90 67 33 94 7 20 9 89 64 141 18 65 37 76 55 0 139 102 1 5 127 70 38 8 146 136 61 85 4 116 23 74 71 25 21 45 62 104 22 10 60 130 99 44 148 103 96 129 81 87 36 26 143 128 28 138 24 2 63 121 131 40 125 149 52 69 11 34 82 13 100 51 112 98 16 41 48 46 15 108 30 107 78 147 92 17 31 95 73 49 101 140 79 119 110 109 84 135 117 66 3 27 97 132 124 134 57 142 93 6 77 91 43 111 145 75 12 39 42 137 50 122 80 144 88 
Coste: 656238939
Temperatura: 8.741451447E8
Probabilidad de aceptación: 1.0
Movimiento: SI



ITERACION 2
Solucion:    83 68 88 113 14 19 126 86 58 120 72 35 114 47 56 105 53 133 106 123 115 32 118 54 29 59 90 67 33 94 7 20 9 89 64 141 18 65 37 76 55 0 139 102 1 5 127 70 38 8 146 136 61 85 4 116 23 74 71 25 21 45 62 104 22 10 60 130 99 44 148 103 96 129 81 87 36 26 143 128 28 138 24 2 63 121 131 40 125 149 52 69 11 34 82 13 100 51 112 98 16 41 48 46 15 108 30 107 78 147 92 17 31 95 73 49 101 140 79 119 110 109 84 135 117 66 3 27 97 132 124 134 57 142 93 6 77 91 43 111 145 75 12 39 42 137 50 122 80 144 
Coste: 661137360
Temperatura: 7.8673063023E8
Probabilidad de aceptación: 1.0
Movimiento: SI



ITERACION 3
Solucion:    113 83 68 144 88 14 19 126 86 58 120 72 35 114 47 56 105 53 133 106 123 115 32 118 54 29 59 90 67 33 94 7 20 9 89 64 141 18 65 37 76 55 0 139 102 1 5 127 70 38 8 146 136 61 85 4 116 23 74 71 25 21 45 62 104 22 10 60 130 99 44 148 103 96 129 81 87 36 26 143 128 28 138 24 2 63 121 131 40 125 149 52 69 11 34 82 13 100 51 112 98 16 41 48 46 15 108 30 107 78 147 92 17 31 95 73 49 101 140 79 119 110 109 84 135 117 66 3 27 97 132 124 134 57 142 93 6 77 91 43 111 145 75 12 42 39 137 50 122 80 
Coste: 662153855
Temperatura: 7.08057567207E8
Probabilidad de aceptación: 1.0
Movimiento: SI



ITERACION 4
Solucion:    88 113 83 68 80 144 14 19 126 86 58 120 72 35 114 47 56 105 53 133 106 123 115 32 118 54 29 59 90 67 33 94 7 20 9 89 64 141 18 65 37 76 55 0 139 102 1 5 127 70 38 8 146 136 61 85 4 116 23 74 71 25 21 45 62 104 22 10 60 130 99 44 148 103 96 129 81 87 36 26 143 128 28 138 24 2 63 121 131 40 125 149 52 69 11 34 82 13 100 51 112 98 16 41 48 46 15 108 30 107 78 147 92 17 31 95 73 49 101 140 79 119 110 109 84 135 117 66 3 27 97 132 124 134 57 142 93 6 77 91 43 111 145 75 12 42 39 137 50 122 
Coste: 666363625
Temperatura: 6.372518104863E8
Probabilidad de aceptación: 1.0
Movimiento: SI



ITERACION 5
Solucion:    144 88 113 83 68 122 80 14 19 126 86 58 120 72 35 114 47 56 105 53 133 106 123 115 32 118 54 29 59 90 67 33 94 7 20 9 89 64 141 18 65 37 76 55 0 139 102 1 5 127 70 38 8 146 136 61 85 4 116 23 74 71 25 21 45 62 104 22 10 60 130 99 44 148 103 96 129 81 87 36 26 143 128 28 138 24 2 63 121 131 40 125 149 52 69 11 34 82 13 100 51 112 98 16 41 48 46 15 108 30 107 78 147 92 17 31 95 73 49 101 140 79 119 110 109 84 135 117 66 3 27 97 132 124 134 57 142 93 6 77 91 43 111 145 75 12 42 39 137 50 
Coste: 674565569
Temperatura: 5.7352662943767E8
Probabilidad de aceptación: 1.0
Movimiento: SI



ITERACION 6
Solucion:    80 144 88 113 83 68 50 122 14 19 126 86 58 120 72 35 114 47 56 105 53 133 106 123 115 32 118 54 29 59 90 67 33 94 7 20 9 89 64 141 18 65 37 76 55 0 139 102 1 5 127 70 38 8 146 136 61 85 4 116 23 74 71 25 21 45 62 104 22 10 60 130 99 44 148 103 96 129 81 87 36 26 143 128 28 138 24 2 63 121 131 40 125 149 52 69 11 34 82 13 100 51 112 98 16 41 48 46 15 108 30 107 78 147 92 17 31 95 73 49 101 140 79 119 110 109 84 135 117 66 3 27 97 132 124 134 57 142 93 6 77 91 43 111 145 75 12 42 39 137 
Coste: 682950938
Temperatura: 5.16173966493903E8
Probabilidad de aceptación: 1.0
Movimiento: SI



ITERACION 7
Solucion:    122 80 144 88 113 83 68 137 50 14 19 126 86 58 120 72 35 114 47 56 105 53 133 106 123 115 32 118 54 29 59 90 67 33 94 7 20 9 89 64 141 18 65 37 76 55 0 139 102 1 5 127 70 38 8 146 136 61 85 4 116 23 74 71 25 21 45 62 104 22 10 60 130 99 44 148 103 96 129 81 87 36 26 143 128 28 138 24 2 63 121 131 40 125 149 52 69 11 34 82 13 100 51 112 98 16 41 48 46 15 108 30 107 78 147 92 17 31 95 73 49 101 140 79 119 110 109 84 135 117 66 3 27 97 132 124 134 57 142 93 6 77 91 43 111 145 75 12 42 39 
Coste: 688504529
Temperatura: 4.645565698445127E8
Probabilidad de aceptación: 1.0
Movimiento: SI



ITERACION 8
Solucion:    50 122 80 144 88 113 83 68 39 137 14 19 126 86 58 120 72 35 114 47 56 105 53 133 106 123 115 32 118 54 29 59 90 67 33 94 7 20 9 89 64 141 18 65 37 76 55 0 139 102 1 5 127 70 38 8 146 136 61 85 4 116 23 74 71 25 21 45 62 104 22 10 60 130 99 44 148 103 96 129 81 87 36 26 143 128 28 138 24 2 63 121 131 40 125 149 52 69 11 34 82 13 100 51 112 98 16 41 48 46 15 108 30 107 78 147 92 17 31 95 73 49 101 140 79 119 110 109 84 135 117 66 3 27 97 132 124 134 57 142 6 93 77 91 43 111 145 75 12 42 
Coste: 690859998
Temperatura: 4.1810091286006147E8
Probabilidad de aceptación: 1.0
Movimiento: SI



ITERACION 9
Solucion:    137 50 122 80 144 88 113 83 68 42 39 19 14 126 86 58 120 72 35 114 47 56 105 53 133 106 123 115 32 118 54 29 59 90 67 33 94 7 20 9 89 64 141 18 65 37 76 55 0 139 102 1 5 127 70 38 8 146 136 61 85 4 116 23 74 71 25 21 45 62 104 22 10 60 130 99 44 148 103 96 129 81 87 36 26 143 128 28 138 24 2 63 121 131 40 125 149 52 69 11 34 82 13 100 51 112 98 16 41 48 46 15 108 30 107 78 147 92 17 31 95 73 49 101 140 79 119 110 109 84 135 117 66 3 27 97 132 124 134 57 142 6 93 77 91 43 111 145 75 12 
Coste: 693741207
Temperatura: 3.762908215740553E8
Probabilidad de aceptación: 1.0
Movimiento: SI



ITERACION 10
Solucion:    39 137 50 122 80 144 88 113 83 68 12 42 19 14 126 86 58 120 72 35 114 47 56 105 53 133 106 123 115 32 118 54 29 59 90 67 33 94 7 20 9 89 64 141 18 65 37 76 55 0 139 102 1 5 127 70 38 8 146 136 61 85 116 4 23 74 71 25 21 45 62 104 22 10 60 130 99 44 148 103 96 129 81 87 36 26 143 128 28 138 24 2 63 121 131 40 125 149 52 69 11 34 82 13 100 51 112 98 16 41 48 46 15 108 30 107 78 147 92 17 31 95 73 49 101 140 79 119 110 109 84 135 117 66 3 27 97 132 124 134 57 142 6 93 77 91 43 111 145 75 
Coste: 700502316
Temperatura: 3.386617394166498E8
Probabilidad de aceptación: 1.0
Movimiento: SI



ITERACION 11
Solucion:    42 39 137 50 122 80 144 88 113 83 68 75 12 19 14 126 86 58 120 72 35 114 47 56 105 53 133 106 123 115 32 118 54 29 59 90 67 33 94 7 20 9 89 64 141 18 65 37 76 55 0 139 102 1 5 127 70 38 8 146 136 61 85 116 4 23 74 71 25 21 45 62 104 22 10 60 130 99 44 148 103 96 129 81 87 36 26 143 128 28 138 24 2 63 121 131 40 125 149 52 69 11 34 82 13 100 51 112 98 16 41 48 46 15 108 30 107 78 147 92 17 31 95 73 49 101 140 79 119 110 109 84 135 117 66 3 27 97 132 124 134 57 142 6 93 77 91 43 111 145 
Coste: 703859165
Temperatura: 3.047955654749848E8
Probabilidad de aceptación: 1.0
Movimiento: SI



ITERACION 12
Solucion:    12 42 39 137 50 122 80 144 88 113 83 68 145 75 19 14 126 86 58 120 72 35 114 47 56 105 53 133 106 123 115 32 118 54 29 59 90 67 33 94 7 20 9 89 64 141 18 65 37 76 55 0 139 102 1 5 127 70 38 8 146 136 61 85 116 4 23 74 71 25 21 45 62 104 22 10 60 130 99 44 148 103 96 129 81 87 36 26 143 128 28 24 138 2 63 121 131 40 125 149 52 69 11 34 82 13 100 51 112 98 16 41 48 46 15 108 30 107 78 147 92 17 31 95 73 49 101 140 79 119 110 109 84 135 117 66 3 27 97 132 124 134 57 142 6 93 77 91 43 111 
Coste: 704183741
Temperatura: 2.7431600892748636E8
Probabilidad de aceptación: 1.0
Movimiento: SI



ITERACION 13
Solucion:    75 12 42 39 137 50 122 80 144 88 113 83 68 111 145 19 14 126 86 58 120 72 35 114 47 56 105 53 133 106 123 115 32 118 54 29 59 90 67 33 94 7 20 9 89 64 141 18 65 37 76 55 0 139 102 1 5 127 70 38 8 146 136 61 85 116 4 23 74 71 25 21 45 62 104 22 10 60 130 99 44 148 103 96 129 81 87 36 26 143 128 28 24 138 2 63 121 131 40 125 149 52 69 11 34 82 13 100 51 112 98 16 41 48 46 15 108 30 107 78 147 92 17 31 95 73 49 101 140 79 119 110 109 84 135 117 66 3 27 97 132 124 134 57 142 6 93 77 91 43 
Coste: 706731515
Temperatura: 2.4688440803473774E8
Probabilidad de aceptación: 1.0
Movimiento: SI



ITERACION 14
Solucion:    145 75 12 42 39 137 50 122 80 144 88 113 83 68 43 111 19 14 126 86 58 120 72 35 114 47 56 105 53 133 106 123 115 32 118 54 29 59 90 67 33 94 7 20 9 89 64 141 18 65 37 76 55 0 139 102 1 5 127 70 38 8 146 136 61 85 116 4 23 74 71 25 21 45 62 104 22 10 60 130 99 44 148 103 96 129 81 87 36 26 143 128 28 24 138 2 63 121 131 40 125 149 52 69 11 34 82 13 100 51 112 98 16 41 48 46 15 108 30 107 78 147 92 17 31 95 73 49 101 140 79 119 110 109 84 135 117 66 3 27 97 132 124 134 57 142 6 93 77 91 
Coste: 708782581
Temperatura: 2.2219596723126397E8
Probabilidad de aceptación: 1.0
Movimiento: SI



ITERACION 15
Solucion:    111 145 75 12 42 39 137 50 122 80 144 88 113 83 68 91 43 19 14 126 86 58 120 72 35 114 47 56 105 53 133 106 123 115 32 118 54 29 59 90 67 33 94 7 20 9 89 64 141 18 65 37 76 55 0 139 102 1 5 127 70 38 8 146 136 61 85 116 4 23 74 71 25 21 45 62 104 22 10 60 130 99 44 148 103 96 129 81 87 36 26 143 128 28 24 138 2 63 121 131 40 125 149 52 69 11 34 82 13 100 51 112 98 16 41 48 46 15 108 30 107 78 147 92 17 31 95 73 49 101 140 79 119 110 109 84 135 117 66 3 27 97 132 124 134 57 142 6 93 77 
Coste: 710943767
Temperatura: 1.9997637050813758E8
Probabilidad de aceptación: 1.0
Movimiento: SI



ITERACION 16
Solucion:    43 111 145 75 12 42 39 137 50 122 80 144 88 113 83 68 77 91 19 14 126 86 58 120 72 35 114 47 56 105 53 133 106 123 115 32 118 54 29 59 90 67 33 94 7 20 9 89 64 141 18 65 37 76 55 0 139 102 1 5 127 70 38 8 146 136 61 85 116 4 23 74 71 25 21 45 62 104 22 10 60 130 99 44 148 103 96 129 81 87 36 26 143 128 28 24 138 2 63 121 131 40 125 149 52 69 11 34 82 13 100 51 112 98 16 41 48 46 15 108 30 107 78 147 92 17 31 95 73 49 101 140 79 119 110 109 84 135 117 66 3 27 97 132 124 134 57 142 6 93 
Coste: 714969588
Temperatura: 1.7997873345732382E8
Probabilidad de aceptación: 1.0
Movimiento: SI



ITERACION 17
Solucion:    91 43 111 145 75 12 42 39 137 50 122 80 144 88 113 83 68 93 77 19 14 126 86 58 120 72 35 114 47 56 105 53 133 106 123 115 32 118 54 29 59 90 67 33 94 7 20 9 89 64 141 18 65 37 76 55 0 139 102 1 5 127 70 38 8 146 136 61 85 116 4 23 74 71 25 21 45 62 104 22 10 60 130 99 44 148 103 96 129 81 87 36 26 143 128 28 24 138 2 63 121 131 40 125 149 52 69 11 34 82 13 100 51 112 98 16 41 48 46 15 108 30 107 78 147 92 17 31 95 73 49 101 140 79 119 110 109 84 135 117 66 3 27 97 132 124 134 57 142 6 
Coste: 714618389
Temperatura: 1.6198086011159143E8
Probabilidad de aceptación: 1.0
Movimiento: SI



ITERACION 18
Solucion:    77 91 43 111 145 75 12 42 39 137 50 122 80 144 88 113 83 68 6 93 19 14 126 86 58 120 72 35 114 47 56 105 53 133 106 123 115 32 118 54 29 59 90 67 33 94 7 20 9 89 64 141 18 65 37 76 55 0 139 102 1 5 127 70 38 8 146 136 61 85 116 4 23 74 71 25 21 45 62 104 22 10 60 130 99 44 148 103 96 129 81 87 36 26 143 128 28 24 138 2 63 121 131 40 125 149 52 69 11 34 82 13 100 51 112 98 16 41 48 46 15 108 30 107 78 147 92 17 31 95 73 49 101 140 79 119 110 109 84 135 117 66 3 27 97 132 124 134 57 142 
Coste: 718970322
Temperatura: 1.4578277410043228E8
Probabilidad de aceptación: 1.0
Movimiento: SI



ITERACION 19
Solucion:    93 77 91 43 111 145 75 12 42 39 137 50 122 80 144 88 113 83 68 142 6 19 14 126 86 58 120 72 35 114 47 56 105 53 133 106 123 115 32 118 54 29 59 90 67 33 94 7 20 9 89 64 141 18 65 37 76 55 0 139 102 1 5 127 70 38 8 146 136 61 85 116 4 23 74 71 25 21 45 62 104 22 10 60 130 99 44 148 103 96 129 81 87 36 26 143 128 28 24 138 2 63 121 131 40 125 149 52 69 11 34 82 13 100 51 112 98 16 41 48 46 15 108 30 107 78 147 92 17 31 95 73 49 101 140 79 119 110 109 84 135 117 66 3 27 97 132 124 134 57 
Coste: 725064458
Temperatura: 1.3120449669038905E8
Probabilidad de aceptación: 1.0
Movimiento: SI



ITERACION 20
Solucion:    6 93 77 91 43 111 145 75 12 42 39 137 50 122 80 144 88 113 83 68 57 142 19 14 126 86 58 120 72 35 114 47 56 105 53 133 106 123 115 32 118 54 29 59 90 67 33 94 7 20 9 89 64 141 18 65 37 76 55 0 139 102 1 5 127 70 38 8 136 146 61 85 116 4 23 74 71 25 21 45 62 104 22 10 60 130 99 44 148 103 96 129 81 87 36 26 143 128 28 24 138 2 63 121 131 40 125 149 52 69 11 34 82 13 100 51 112 98 16 41 48 46 15 108 30 107 78 147 92 17 31 95 73 49 101 140 79 119 110 109 84 135 117 66 3 27 97 132 124 134 
Coste: 727521769
Temperatura: 1.1808404702135015E8
Probabilidad de aceptación: 1.0
Movimiento: SI



ITERACION 21
Solucion:    142 6 93 77 91 43 111 145 75 12 42 39 137 50 122 80 144 88 113 83 68 134 57 19 14 126 86 58 120 72 35 114 47 56 105 53 133 106 123 115 32 118 54 29 59 90 67 33 94 7 20 9 89 64 141 18 65 37 76 55 0 139 102 1 5 127 70 38 8 136 146 61 85 116 4 23 74 71 25 21 45 62 104 22 60 10 130 99 44 148 103 96 129 81 87 36 26 143 128 28 24 138 2 63 121 131 40 125 149 52 69 11 34 82 13 100 51 112 98 16 41 48 46 15 108 30 107 78 147 92 17 31 95 73 49 101 140 79 119 110 109 84 135 117 66 3 27 97 132 124 
Coste: 729751661
Temperatura: 1.0627564231921513E8
Probabilidad de aceptación: 1.0
Movimiento: SI



ITERACION 22
Solucion:    57 142 6 93 77 91 43 111 145 75 12 42 39 137 50 122 80 144 88 113 83 68 124 134 19 14 126 86 58 120 72 35 114 47 56 105 53 133 106 123 115 32 118 54 29 59 90 67 33 94 7 20 9 89 64 141 18 65 37 76 55 0 139 102 1 5 127 70 38 8 136 146 61 85 116 4 23 74 71 25 21 45 62 104 22 60 10 130 99 44 148 103 96 129 81 87 36 26 143 128 28 24 138 2 63 121 131 40 125 149 52 69 11 34 82 13 100 51 112 98 16 41 48 46 15 108 30 107 78 147 92 17 31 95 73 49 101 140 79 119 110 109 84 135 117 66 3 27 97 132 
Coste: 733701977
Temperatura: 9.564807808729362E7
Probabilidad de aceptación: 1.0
Movimiento: SI



ITERACION 23
Solucion:    134 57 142 6 93 77 91 43 111 145 75 12 42 39 137 50 122 80 144 88 113 83 68 132 124 19 14 126 86 58 120 72 35 114 47 56 105 53 133 106 123 115 32 118 54 29 59 90 67 33 94 7 20 9 89 64 141 18 65 37 76 55 0 139 102 1 5 127 70 38 8 136 146 61 85 116 4 23 74 71 25 21 45 62 104 22 60 10 130 99 44 148 103 96 129 81 87 36 26 143 128 28 24 138 2 63 121 131 40 125 149 52 69 11 34 82 13 100 51 112 98 16 41 48 46 15 108 30 107 78 147 92 17 31 95 73 49 101 140 79 119 110 109 84 135 117 66 3 27 97 
Coste: 736216455
Temperatura: 8.608327027856426E7
Probabilidad de aceptación: 1.0
Movimiento: SI



ITERACION 24
Solucion:    124 134 57 142 6 93 77 91 43 111 145 75 12 42 39 137 50 122 80 144 88 113 83 68 97 132 19 14 126 86 58 120 72 35 114 47 56 105 53 133 106 123 115 32 118 54 29 59 90 67 33 94 7 20 9 89 64 141 18 65 37 76 55 0 139 102 1 5 127 70 38 8 136 146 61 85 116 4 23 74 71 25 21 45 62 104 22 60 10 130 99 44 148 103 96 129 81 87 36 26 143 128 28 24 138 2 63 121 131 40 125 149 52 69 11 34 82 13 100 51 112 98 16 41 48 46 15 108 30 107 78 147 92 17 31 95 73 101 49 140 79 119 110 109 84 135 117 66 3 27 
Coste: 736059746
Temperatura: 7.747494325070783E7
Probabilidad de aceptación: 1.0
Movimiento: SI



ITERACION 25
Solucion:    132 124 134 57 142 6 93 77 91 43 111 145 75 12 42 39 137 50 122 80 144 88 113 83 68 27 97 19 14 126 86 58 120 72 35 114 47 56 105 53 133 106 123 115 32 118 54 29 59 90 67 33 94 7 20 9 89 64 141 18 65 37 76 55 0 139 102 1 5 127 70 38 8 136 61 146 85 116 4 23 74 71 25 21 45 62 104 22 60 10 130 99 44 148 103 96 129 81 87 36 26 143 128 28 24 138 2 63 121 131 40 125 149 52 69 11 34 82 13 100 51 112 98 16 41 48 46 15 108 30 107 78 147 92 17 31 95 73 101 49 140 79 119 110 109 84 135 117 66 3 
Coste: 738448783
Temperatura: 6.972744892563705E7
Probabilidad de aceptación: 1.0
Movimiento: SI



ITERACION 26
Solucion:    97 132 124 134 57 142 6 93 77 91 43 111 145 75 12 42 39 137 50 122 80 144 88 113 83 68 3 27 19 14 126 86 58 120 72 35 114 47 56 105 53 133 106 123 115 32 118 54 29 59 90 67 33 94 7 20 9 89 64 141 18 65 37 76 55 0 139 102 1 5 127 70 38 8 136 61 146 85 116 4 23 74 71 25 21 45 62 104 22 60 10 130 99 44 148 103 96 129 81 87 36 26 143 128 28 24 138 2 63 121 131 40 125 149 52 69 11 34 82 13 100 51 112 98 16 41 48 46 15 108 30 107 78 147 92 17 31 95 73 101 49 140 79 119 110 109 84 135 117 66 
Coste: 738083409
Temperatura: 6.275470403307335E7
Probabilidad de aceptación: 1.0
Movimiento: SI



ITERACION 27
Solucion:    27 97 132 124 134 57 142 6 93 77 91 43 111 145 75 12 42 39 137 50 122 80 144 88 113 83 68 66 3 19 14 126 86 58 120 72 35 114 47 56 105 53 133 106 123 115 32 118 54 29 59 90 67 33 94 7 20 9 89 64 141 18 65 37 76 55 0 139 102 1 5 127 70 38 8 136 61 146 85 116 4 23 74 71 25 21 45 62 104 22 60 10 130 99 44 148 103 96 129 81 87 36 26 143 128 28 24 138 2 63 121 131 40 125 149 52 69 11 34 82 13 100 51 112 98 16 41 48 46 15 108 30 107 78 147 92 17 31 95 73 101 49 140 79 119 110 109 84 135 117 
Coste: 744247793
Temperatura: 5.647923362976602E7
Probabilidad de aceptación: 1.0
Movimiento: SI



ITERACION 28
Solucion:    3 27 97 132 124 134 57 142 6 93 77 91 43 111 145 75 12 42 39 137 50 122 80 144 88 113 83 68 117 66 19 14 126 86 58 120 72 35 114 47 56 105 53 133 106 123 115 32 118 54 29 59 90 67 33 94 7 20 9 89 64 141 18 65 37 76 55 0 139 102 1 5 127 70 38 8 136 61 146 85 116 4 23 74 71 25 21 45 62 104 22 60 10 130 99 44 148 103 96 129 81 87 36 26 143 128 28 24 138 2 63 121 131 40 125 149 52 69 11 34 82 13 100 51 112 98 16 41 48 46 15 108 30 107 78 147 92 17 31 95 73 101 49 140 79 119 110 109 84 135 
Coste: 741403450
Temperatura: 5.0831310266789414E7
Probabilidad de aceptación: 1.0
Movimiento: SI



ITERACION 29
Solucion:    66 3 27 97 132 124 134 57 142 6 93 77 91 43 111 145 75 12 42 39 137 50 122 80 144 88 113 83 68 135 117 19 14 126 86 58 120 72 35 114 47 56 105 53 133 106 123 115 32 118 54 29 59 90 67 33 94 7 20 9 89 64 141 18 65 37 76 55 0 139 102 1 5 127 70 38 8 136 61 146 85 116 4 23 74 71 25 21 45 62 104 22 60 10 130 99 44 148 103 96 129 81 87 36 26 143 128 28 24 138 2 63 121 131 40 125 149 52 69 11 34 82 13 100 51 112 98 16 41 48 46 15 108 30 107 78 147 92 17 31 95 73 101 49 140 79 119 110 109 84 
Coste: 744126707
Temperatura: 4.574817924011047E7
Probabilidad de aceptación: 1.0
Movimiento: SI



ITERACION 30
Solucion:    117 66 3 27 97 132 124 134 57 142 6 93 77 91 43 111 145 75 12 42 39 137 50 122 80 144 88 113 83 68 84 135 19 14 126 86 58 120 72 35 114 47 56 105 53 133 106 123 115 32 118 54 29 59 90 67 33 94 7 20 9 89 64 141 18 65 37 76 55 0 139 102 1 5 127 70 38 8 136 61 146 85 116 4 23 74 71 25 21 45 62 104 22 60 10 130 99 44 148 103 96 129 81 87 36 26 143 128 28 24 138 63 2 121 131 40 125 149 52 69 11 34 82 13 100 51 112 98 16 41 48 46 15 108 30 107 78 147 92 17 31 95 73 101 49 140 79 119 110 109 
Coste: 745361326
Temperatura: 4.117336131609943E7
Probabilidad de aceptación: 1.0
Movimiento: SI



ITERACION 31
Solucion:    135 117 66 3 27 97 132 124 134 57 142 6 93 77 91 43 111 145 75 12 42 39 137 50 122 80 144 88 113 83 68 109 84 19 14 126 86 58 120 72 35 114 47 56 105 53 133 106 123 115 32 118 54 29 59 90 67 33 94 7 20 9 89 64 141 18 65 37 76 55 0 139 102 1 5 127 70 38 8 136 61 146 85 116 4 23 74 71 25 21 45 62 104 22 60 10 130 99 44 148 103 96 129 81 87 36 26 143 128 28 24 138 63 2 121 131 40 125 149 52 69 11 34 82 13 100 51 112 98 16 41 48 46 15 108 30 78 107 147 17 92 31 95 73 101 49 140 79 119 110 
Coste: 741299976
Temperatura: 3.705602518448949E7
Probabilidad de aceptación: 1.0
Movimiento: SI



ITERACION 32
Solucion:    84 135 117 66 3 27 97 132 124 134 57 142 6 93 77 91 43 111 145 75 12 42 39 137 50 122 80 144 88 113 83 68 110 109 19 14 126 86 58 120 72 35 114 47 56 105 53 133 106 123 115 32 118 54 29 59 90 67 33 94 7 20 9 89 64 141 18 65 37 76 55 0 139 102 1 5 127 70 38 8 136 61 146 85 116 4 23 74 71 25 21 45 62 104 22 60 10 130 99 44 148 103 96 129 81 87 36 26 143 128 28 24 138 63 2 121 131 40 125 149 52 69 34 11 82 13 100 51 112 98 16 41 48 46 15 108 30 78 107 147 17 31 92 95 73 101 49 140 79 119 
Coste: 746381454
Temperatura: 3.335042266604054E7
Probabilidad de aceptación: 1.0
Movimiento: SI



ITERACION 33
Solucion:    109 84 135 117 66 3 27 97 132 124 134 57 142 6 93 77 91 43 111 145 75 12 42 39 137 50 122 80 144 88 113 83 68 119 110 19 14 126 86 58 120 72 35 114 47 56 105 53 133 106 123 115 32 118 54 29 59 90 67 33 94 7 20 9 89 64 141 18 65 37 76 55 0 139 102 1 5 127 70 38 8 136 61 146 85 116 4 23 74 71 25 21 45 62 104 22 60 10 130 99 44 148 103 96 129 81 87 36 26 143 128 28 24 138 63 2 121 131 40 125 149 52 69 34 11 82 13 100 51 112 98 16 41 48 46 15 108 30 78 107 147 17 31 92 95 73 101 49 140 79 
Coste: 748930159
Temperatura: 3.0015380399436485E7
Probabilidad de aceptación: 1.0
Movimiento: SI



ITERACION 34
Solucion:    110 109 84 135 117 66 3 27 97 132 124 134 57 142 6 93 77 91 43 111 145 75 12 42 39 137 50 122 80 144 88 113 83 68 79 119 19 14 126 86 58 120 72 35 114 47 56 105 53 133 106 123 115 32 118 54 29 59 90 67 33 94 7 20 9 89 64 141 18 65 37 76 55 0 139 102 1 5 127 70 38 8 136 61 146 85 116 4 23 74 71 25 21 45 62 104 22 60 10 130 99 44 148 103 96 129 81 87 36 26 143 128 28 24 138 63 2 121 131 40 125 149 52 69 34 11 82 13 100 51 112 98 16 41 48 46 15 108 30 78 107 147 17 31 92 95 73 101 49 140 
Coste: 749385668
Temperatura: 2.701384235949284E7
Probabilidad de aceptación: 1.0
Movimiento: SI



ITERACION 35
Solucion:    119 110 109 84 135 117 66 3 27 97 132 124 134 57 142 6 93 77 91 43 111 145 75 12 42 39 137 50 122 80 144 88 113 83 68 140 79 19 14 126 86 58 120 72 35 114 47 56 105 53 133 106 123 115 32 118 54 29 59 90 67 33 94 7 20 9 89 64 141 18 65 37 76 55 0 139 102 1 5 127 70 38 8 136 61 146 85 116 4 23 74 71 25 21 45 62 104 22 60 10 130 99 44 148 103 96 129 81 87 36 26 143 128 28 24 138 63 2 121 131 40 125 149 52 69 34 11 82 13 100 51 112 98 16 41 48 46 15 108 30 78 107 147 17 31 92 95 73 101 49 
Coste: 753936346
Temperatura: 2.4312458123543557E7
Probabilidad de aceptación: 1.0
Movimiento: SI



ITERACION 36
Solucion:    79 119 110 109 84 135 117 66 3 27 97 132 124 134 57 142 6 93 77 91 43 111 145 75 12 42 39 137 50 122 80 144 88 113 83 68 49 140 19 14 126 86 58 120 72 35 114 47 56 105 53 133 106 123 115 32 118 54 29 59 90 67 33 94 7 20 9 89 64 141 18 65 37 76 55 0 139 102 1 5 70 38 127 8 136 61 146 85 116 4 23 74 71 25 21 45 62 104 22 60 10 130 99 44 148 103 96 129 81 87 36 26 143 128 28 24 138 63 2 121 131 40 125 52 149 69 34 11 82 13 100 51 112 98 16 41 48 46 15 108 78 30 107 147 17 31 92 95 73 101 
Coste: 760954895
Temperatura: 2.18812123111892E7
Probabilidad de aceptación: 1.0
Movimiento: SI



ITERACION 37
Solucion:    140 79 119 110 109 84 135 117 66 3 27 97 132 124 134 57 142 6 93 77 91 43 111 145 75 12 42 39 137 50 122 80 144 88 113 83 68 101 49 19 14 126 86 58 120 72 35 114 47 56 105 53 133 106 123 115 32 118 54 29 59 90 67 33 94 7 20 9 89 64 141 18 65 37 76 55 0 139 102 1 5 70 38 127 8 136 61 146 85 116 4 23 74 71 25 21 45 62 104 22 60 10 130 99 44 148 103 96 129 81 87 26 36 143 128 28 24 138 63 2 121 131 40 125 52 149 69 34 11 82 13 51 100 112 98 16 41 48 46 15 108 78 30 107 147 17 31 92 95 73 
Coste: 764508747
Temperatura: 1.969309108007028E7
Probabilidad de aceptación: 1.0
Movimiento: SI



ITERACION 38
Solucion:    49 140 79 119 110 109 84 135 117 66 3 27 97 132 124 134 57 142 6 93 77 91 43 111 145 75 12 42 39 137 50 122 80 144 88 113 83 68 73 101 19 14 126 86 58 120 72 35 114 47 56 105 53 133 106 123 32 115 118 54 29 59 90 67 33 94 7 20 9 89 64 141 18 65 37 76 55 0 139 102 1 5 70 38 8 127 136 61 146 85 116 4 23 74 71 25 21 45 62 104 22 60 10 130 99 44 148 103 96 129 81 87 26 36 143 128 28 24 138 63 2 121 131 40 125 52 149 69 34 11 82 13 51 100 112 98 16 41 48 46 15 108 78 30 147 107 17 31 92 95 
Coste: 764692827
Temperatura: 1.772378197206325E7
Probabilidad de aceptación: 1.0
Movimiento: SI



ITERACION 39
Solucion:    101 49 140 79 119 110 109 84 135 117 66 3 27 97 132 124 134 57 142 6 93 77 91 43 111 145 75 12 42 39 137 50 122 80 144 88 113 83 68 95 73 19 14 126 86 58 120 72 35 114 47 56 105 53 133 106 123 32 115 118 54 29 59 90 67 33 94 7 20 9 89 64 141 18 65 37 76 55 0 139 102 1 5 70 38 8 127 136 61 146 85 116 4 23 74 71 25 21 45 62 104 22 60 10 130 99 44 148 103 96 129 81 87 26 36 143 128 28 24 138 63 2 121 131 40 52 125 149 69 34 11 82 13 51 100 112 98 16 41 48 15 46 108 78 30 147 107 17 31 92 
Coste: 764390860
Temperatura: 1.5951403774856927E7
Probabilidad de aceptación: 1.0
Movimiento: SI



ITERACION 40
Solucion:    73 101 49 140 79 119 110 109 84 135 66 117 3 27 97 132 124 134 57 142 6 93 77 91 43 111 145 75 12 42 39 137 50 122 80 144 88 113 83 68 92 95 19 14 126 86 58 120 72 35 114 47 56 105 53 133 106 123 32 115 118 54 29 59 90 67 33 94 7 20 9 89 64 141 18 65 37 76 55 0 139 102 1 5 70 38 8 127 136 61 146 85 4 116 23 74 71 25 21 45 62 104 22 60 10 130 99 44 148 103 96 129 81 87 26 36 143 128 28 24 138 63 2 121 131 40 52 125 149 69 34 11 82 13 51 100 112 98 16 41 48 15 46 108 78 30 147 107 17 31 
Coste: 765476618
Temperatura: 1.4356263397371234E7
Probabilidad de aceptación: 1.0
Movimiento: SI



ITERACION 41
Solucion:    95 73 101 49 140 79 119 110 109 84 135 66 117 3 27 97 132 124 134 57 142 6 93 77 91 43 111 145 75 12 42 39 137 50 122 80 144 88 113 83 68 31 92 19 14 126 86 58 120 72 35 114 47 56 105 53 133 106 123 32 115 118 54 29 59 90 67 33 94 7 20 9 89 64 141 18 65 37 76 55 0 139 102 1 5 70 38 8 127 136 61 146 85 4 116 23 74 71 25 21 45 62 104 22 60 10 130 99 148 44 103 96 129 81 87 26 36 143 128 28 24 138 63 2 121 131 40 52 125 149 69 34 11 82 13 51 100 112 98 16 41 48 46 15 108 78 30 147 107 17 
Coste: 766607123
Temperatura: 1.2920637057634111E7
Probabilidad de aceptación: 1.0
Movimiento: SI



ITERACION 42
Solucion:    92 95 73 101 49 140 79 119 110 109 84 135 66 117 3 27 97 132 124 134 57 142 6 93 77 91 43 111 145 75 12 42 39 137 50 122 80 144 88 113 83 68 17 31 19 14 126 86 58 120 72 35 114 47 56 105 53 133 106 123 32 115 118 54 29 59 90 67 33 94 7 9 20 89 64 141 18 65 37 76 55 0 102 139 1 5 70 38 8 136 127 61 146 85 4 116 23 74 71 25 21 45 62 104 22 60 10 130 99 148 44 103 96 129 81 87 26 36 143 128 28 24 138 2 63 121 131 40 52 125 149 69 34 11 82 13 51 100 112 98 16 41 48 46 15 108 78 30 147 107 
Coste: 764431029
Temperatura: 1.16285733518707E7
Probabilidad de aceptación: 1.0
Movimiento: SI



ITERACION 43
Solucion:    31 92 95 73 101 49 140 79 119 110 84 109 135 66 117 3 27 97 132 124 134 57 142 6 93 77 91 43 111 145 75 12 42 39 137 50 122 80 144 88 113 83 68 107 17 19 14 126 86 58 120 72 35 114 47 56 105 53 133 106 123 32 115 118 54 29 59 90 67 33 94 9 7 20 89 64 141 18 65 37 76 55 0 102 139 1 5 70 38 8 136 127 61 146 85 4 116 23 74 71 25 21 45 62 104 22 60 10 130 99 148 44 103 96 129 81 87 26 36 143 128 28 24 138 2 63 121 131 40 52 125 149 69 34 11 82 13 51 100 98 112 16 41 46 48 15 108 78 30 147 
Coste: 761582942
Temperatura: 1.046571601668363E7
Probabilidad de aceptación: 1.0
Movimiento: SI



ITERACION 44
Solucion:    17 31 92 95 73 101 49 140 79 119 110 84 109 135 66 117 3 27 97 132 124 134 57 142 6 77 93 91 43 111 145 75 42 12 39 137 50 122 80 144 88 113 83 68 147 107 19 14 126 86 58 120 72 35 114 47 56 105 53 133 106 123 32 115 118 54 29 59 90 67 33 94 9 7 20 89 141 64 18 65 37 76 55 0 102 139 1 5 70 38 8 136 127 61 146 85 4 116 23 74 71 25 21 45 62 104 22 60 10 130 99 148 44 103 96 129 81 87 26 36 143 128 28 24 138 2 63 121 131 40 52 125 149 69 34 11 82 13 51 100 98 112 16 41 46 48 15 108 78 30 
Coste: 760631676
Temperatura: 9419144.415015267
Probabilidad de aceptación: 1.0
Movimiento: SI



ITERACION 45
Solucion:    107 17 31 92 95 73 101 49 140 79 119 110 84 109 66 135 117 3 27 97 132 124 134 57 142 6 77 93 91 43 111 145 75 42 12 39 50 137 122 80 144 88 113 83 68 30 147 19 14 126 86 58 120 72 35 114 47 105 56 53 133 106 123 32 115 118 54 29 59 90 67 33 94 9 7 89 20 141 64 18 65 37 76 55 0 102 139 1 5 70 38 8 136 127 61 146 85 4 116 23 74 71 25 21 45 62 104 22 60 10 130 99 148 44 103 96 129 81 87 26 36 143 128 28 24 2 138 63 121 131 40 52 125 149 69 34 11 82 13 51 100 98 112 16 41 46 48 15 108 78 
Coste: 759611542
Temperatura: 8477229.973513741
Probabilidad de aceptación: 1.0
Movimiento: SI



ITERACION 46
Solucion:    147 107 17 92 95 31 73 101 49 140 79 119 110 84 109 66 135 3 117 27 97 132 124 134 57 6 142 77 93 91 43 111 145 75 42 12 39 50 137 122 80 144 88 113 83 68 78 30 19 14 126 86 58 120 72 35 114 47 105 53 56 106 133 123 32 115 118 54 29 59 90 67 33 94 9 7 89 20 141 64 18 65 37 76 55 0 102 139 1 5 70 8 38 136 127 61 146 85 4 116 23 74 71 25 21 62 45 104 60 10 22 130 99 148 44 103 96 129 81 87 26 36 143 128 28 24 2 138 63 121 131 40 52 125 149 69 34 11 82 13 51 100 98 112 16 41 46 48 15 108 
Coste: 759116143
Temperatura: 7629506.9761623675
Probabilidad de aceptación: 1.0
Movimiento: SI



ITERACION 47
Solucion:    30 147 107 17 92 95 31 73 101 49 140 79 119 110 84 109 66 135 3 117 27 97 132 124 134 57 6 142 77 93 91 43 111 145 75 42 12 39 50 137 122 80 144 88 113 83 68 108 78 19 14 126 86 58 120 72 114 35 47 53 105 56 106 133 123 32 115 118 54 29 59 90 67 33 94 9 7 89 141 20 64 18 65 37 76 55 0 102 1 5 139 70 8 38 136 127 61 146 85 4 116 23 74 71 25 21 62 45 104 60 10 22 130 99 148 44 103 96 81 129 87 26 36 143 128 28 24 2 138 63 121 131 40 52 125 149 69 34 11 82 13 51 100 98 112 16 41 46 48 15 
Coste: 761221824
Temperatura: 6866556.278546131
Probabilidad de aceptación: 1.0
Movimiento: SI



ITERACION 48
Solucion:    78 30 147 107 17 95 92 31 73 101 49 140 79 119 110 84 109 66 135 3 117 27 97 132 124 134 57 6 77 142 93 91 43 111 145 75 42 12 39 50 137 122 80 144 88 113 83 68 15 108 19 14 126 86 58 120 72 114 35 53 47 105 56 106 133 123 32 115 118 54 29 59 90 67 33 94 9 7 89 141 20 64 18 65 37 76 55 0 102 1 5 139 70 8 38 136 127 61 146 85 4 116 23 74 71 25 21 62 45 104 60 10 22 130 99 148 44 103 96 81 129 87 36 26 143 128 28 2 24 138 63 121 131 40 52 125 149 69 34 82 11 13 51 100 98 112 16 41 46 48 
Coste: 755701501
Temperatura: 6179900.650691519
Probabilidad de aceptación: 1.0
Movimiento: SI



ITERACION 49
Solucion:    108 30 78 147 107 17 95 92 31 73 101 49 140 79 119 110 84 109 66 3 135 117 27 97 132 124 134 57 6 77 142 93 91 43 111 145 75 12 42 39 50 137 122 80 144 88 113 83 68 48 15 19 14 126 86 58 120 72 114 53 35 47 105 56 106 133 123 32 115 118 54 29 59 90 67 33 94 9 89 7 141 20 64 18 65 37 76 55 0 102 1 5 139 70 8 38 136 127 61 146 85 4 116 23 74 71 25 21 62 45 104 60 10 22 130 148 99 44 103 96 81 129 87 36 26 128 143 28 2 24 138 63 121 131 40 52 125 149 34 82 69 13 11 51 100 98 112 16 46 41 
Coste: 749542439
Temperatura: 5561910.5856223665
Probabilidad de aceptación: 1.0
Movimiento: SI



ITERACION 50
Solucion:    15 108 30 78 147 107 95 17 92 31 73 101 49 140 79 119 110 84 109 66 3 135 117 27 97 132 134 124 57 6 77 142 93 91 43 111 145 75 12 42 39 50 137 122 80 144 88 113 83 68 41 48 19 14 126 86 58 120 72 114 53 35 47 105 56 106 133 123 32 115 54 118 29 59 67 90 33 94 9 89 7 141 20 64 18 37 65 76 55 0 102 1 5 139 70 8 38 136 127 61 146 85 4 116 23 74 71 25 21 62 45 104 60 10 22 130 148 99 44 103 96 81 129 87 36 26 128 143 28 2 24 138 63 121 131 40 52 125 149 34 82 69 13 51 11 100 98 112 16 46 
Coste: 751698143
Temperatura: 5005719.52706013
Probabilidad de aceptación: 1.0
Movimiento: SI



ITERACION 51
Solucion:    48 15 108 30 78 147 107 95 17 92 31 73 101 49 140 79 119 110 84 109 66 3 135 117 27 97 132 134 124 57 6 77 142 93 91 43 111 145 75 12 42 39 50 137 122 80 144 88 113 83 68 46 41 19 14 126 86 58 72 114 120 53 35 47 105 56 106 133 123 32 115 54 118 29 67 59 90 33 94 9 89 7 141 20 64 18 37 65 76 55 0 102 1 5 139 70 8 38 136 127 61 146 85 4 116 23 74 71 25 21 62 45 104 60 10 22 130 148 99 44 103 96 81 129 87 36 26 128 143 28 2 24 138 63 121 131 40 52 125 149 34 82 69 13 51 11 98 100 112 16 
Coste: 753277978
Temperatura: 4505147.574354117
Probabilidad de aceptación: 1.0
Movimiento: SI



ITERACION 52
Solucion:    41 48 15 108 30 78 147 107 95 92 31 73 17 101 140 49 79 119 110 84 109 66 3 135 117 27 97 132 134 124 6 57 77 142 93 91 43 111 145 75 12 42 39 50 137 122 80 144 88 113 83 68 16 46 19 14 126 86 58 114 72 120 53 35 47 105 56 106 133 123 32 115 54 118 29 67 59 33 90 94 9 89 7 141 20 64 18 37 65 76 55 0 102 1 5 139 70 8 38 136 127 61 146 85 4 116 23 74 71 25 21 62 45 104 60 10 22 148 130 99 44 103 96 81 129 87 26 36 128 143 28 2 24 63 121 138 131 40 52 125 149 34 82 69 13 51 11 98 100 112 
Coste: 754125733
Temperatura: 4054632.816918705
Probabilidad de aceptación: 1.0
Movimiento: SI



ITERACION 53
Solucion:    46 41 48 15 108 30 78 147 107 95 31 92 73 17 101 140 49 119 79 110 84 109 3 66 135 117 27 97 132 134 124 6 57 77 142 93 91 43 111 145 75 12 42 39 50 137 122 80 144 88 113 83 68 112 16 19 14 126 86 58 114 72 120 53 35 47 105 56 106 123 133 32 115 54 118 67 29 59 33 94 90 9 89 141 7 64 20 18 37 76 65 55 0 102 1 5 139 70 8 38 136 127 61 146 85 116 4 23 74 25 71 21 62 104 45 60 10 148 22 130 99 44 103 96 81 129 87 26 128 36 28 143 2 24 63 121 138 131 40 52 125 149 34 82 13 51 69 98 11 100 
Coste: 750860437
Temperatura: 3649169.5352268345
Probabilidad de aceptación: 1.0
Movimiento: SI



ITERACION 54
Solucion:    46 41 16 48 108 15 30 78 147 107 95 31 92 73 17 140 101 49 119 79 110 84 109 3 66 135 117 27 97 134 132 6 124 57 77 142 93 91 43 111 145 75 12 42 39 50 137 122 80 144 88 113 83 68 11 112 19 14 126 86 58 114 72 120 53 35 47 105 56 106 123 133 32 115 54 118 67 29 59 33 94 9 90 89 7 141 64 18 20 37 76 65 55 0 102 1 5 139 70 8 38 136 127 61 146 85 116 4 23 25 74 71 62 21 104 45 60 10 148 22 130 99 44 96 103 81 129 26 87 128 36 28 2 143 24 63 121 138 131 40 52 125 149 34 82 13 51 98 69 100 
Coste: 750324325
Temperatura: 3284252.581704151
Probabilidad de aceptación: 0.6792564806948129
Movimiento: NO



ITERACION 55
Solucion:    46 112 41 16 48 108 15 30 78 147 107 95 31 92 73 140 101 49 17 119 79 110 84 109 3 135 66 117 27 97 134 132 6 124 57 77 142 93 91 43 111 145 75 12 42 39 50 137 122 80 144 88 113 83 68 100 11 19 14 86 126 58 114 72 120 53 35 47 105 56 106 123 133 32 115 118 54 67 29 59 94 33 9 90 89 7 141 64 18 20 37 76 65 55 0 102 1 5 139 70 8 136 38 127 61 146 85 116 4 23 25 74 71 62 21 104 45 60 10 148 22 130 99 44 96 103 81 129 26 128 87 36 28 2 143 24 63 121 138 131 40 52 125 149 34 13 82 51 98 69 
Coste: 750481872
Temperatura: 2955827.3235337357
Probabilidad de aceptación: 1.0
Movimiento: SI



ITERACION 56
Solucion:    11 46 112 16 41 48 108 15 30 78 147 107 95 31 92 140 73 101 49 119 17 79 110 84 109 3 135 66 117 27 97 134 132 6 124 57 77 142 93 91 43 111 145 75 12 42 39 50 137 122 80 144 88 113 83 68 69 100 19 14 86 126 58 114 72 120 53 35 47 105 56 106 123 133 32 118 115 54 67 29 59 94 33 9 90 89 7 141 64 18 20 37 76 65 55 0 102 1 5 139 70 8 136 38 127 61 146 85 116 4 25 23 74 71 62 21 104 45 60 10 148 130 22 99 44 96 103 81 129 26 128 87 36 28 2 143 63 121 24 138 131 40 52 149 125 34 13 82 51 98 
Coste: 750125231
Temperatura: 2660244.5911803623
Probabilidad de aceptación: 1.0
Movimiento: SI



ITERACION 57
Solucion:    100 11 46 16 112 41 48 108 15 30 78 147 107 31 95 92 140 101 73 49 119 17 79 110 84 3 109 135 66 117 27 134 97 132 6 57 77 124 142 93 91 43 111 145 75 12 42 39 50 122 137 80 144 88 113 83 68 82 69 19 14 86 126 58 114 72 120 53 35 47 56 105 106 123 133 32 118 115 54 67 29 59 94 33 9 89 7 90 141 64 18 20 37 76 65 55 0 102 1 5 139 70 8 136 38 127 61 146 85 116 4 25 23 74 71 62 21 104 45 10 60 148 130 22 99 44 96 103 81 129 26 128 36 87 28 2 63 143 121 24 138 131 40 52 149 125 34 13 51 98 
Coste: 746694562
Temperatura: 2394220.132062326
Probabilidad de aceptación: 0.5487367032725331
Movimiento: NO



ITERACION 58
Solucion:    69 100 46 11 16 112 41 48 108 15 30 78 147 107 31 92 140 95 101 73 49 119 17 79 110 84 109 3 135 66 117 27 134 97 132 6 77 57 124 142 93 91 43 111 145 75 12 42 39 50 137 122 80 88 144 113 83 68 98 82 19 14 86 126 58 114 120 53 72 35 47 56 105 106 123 32 118 133 115 54 67 29 59 94 33 9 89 7 90 141 18 64 20 37 65 76 55 0 102 1 5 139 70 8 136 38 127 61 146 116 85 4 25 23 74 71 62 21 45 104 10 60 148 130 22 99 96 103 81 44 129 26 128 36 87 2 28 63 121 24 143 138 131 40 52 149 34 125 13 51 
Coste: 742388300
Temperatura: 2154798.118856094
Probabilidad de aceptación: 1.0
Movimiento: SI



ITERACION 59
Solucion:    82 100 69 46 16 112 11 48 108 41 15 30 78 147 31 107 92 140 95 101 49 119 73 17 110 79 109 84 135 3 66 117 27 134 132 97 6 77 57 124 142 91 93 43 111 145 75 12 42 39 50 137 122 80 88 144 113 68 83 51 98 19 14 86 126 114 58 120 53 72 35 47 56 105 106 123 32 118 133 115 54 67 29 59 94 9 33 89 7 90 141 18 64 20 37 65 76 55 0 102 1 5 139 70 8 136 38 127 61 146 116 85 4 23 25 74 71 62 45 104 21 10 60 148 130 22 99 96 103 81 129 26 44 128 87 36 2 28 63 121 143 24 138 131 40 52 149 34 125 13 
Coste: 737374466
Temperatura: 1939318.3069704846
Probabilidad de aceptación: 1.0
Movimiento: SI



ITERACION 60
Solucion:    98 82 100 69 46 16 112 48 108 11 41 15 78 30 147 31 107 140 92 101 95 49 119 73 17 110 79 109 84 135 3 66 117 134 27 132 97 6 77 124 57 91 142 43 93 111 145 75 12 42 39 137 50 122 88 80 144 113 68 83 13 51 19 14 86 126 114 58 120 53 72 35 47 56 105 106 123 32 118 133 54 115 67 29 59 94 9 33 89 90 141 18 7 20 64 37 65 76 0 102 55 1 5 139 70 8 136 38 127 61 146 116 85 4 23 25 71 74 62 104 45 21 10 60 148 130 22 99 96 103 81 129 26 128 87 36 44 2 28 63 121 143 24 138 131 40 52 34 149 125 
Coste: 737728886
Temperatura: 1745386.476273436
Probabilidad de aceptación: 1.0
Movimiento: SI



ITERACION 61
Solucion:    51 98 82 69 46 16 112 100 48 108 11 41 78 15 147 31 30 107 140 101 92 95 119 49 73 110 79 109 17 84 135 3 66 134 117 132 27 6 77 124 97 91 57 142 43 93 111 145 75 12 39 137 42 50 122 88 80 144 113 68 83 40 13 19 14 86 126 114 58 120 72 53 35 56 47 106 123 105 32 118 133 54 115 67 29 59 94 9 33 90 89 141 18 7 20 37 65 76 0 102 64 55 1 5 70 8 136 139 38 61 146 127 116 85 4 23 25 71 74 104 62 45 21 10 60 148 130 22 99 96 81 103 129 26 128 36 87 2 28 44 121 63 143 24 131 138 52 34 149 125 
Coste: 739258929
Temperatura: 1570847.8286460924
Probabilidad de aceptación: 0.5867790021900545
Movimiento: NO



ITERACION 62
Solucion:    13 51 98 82 46 16 69 112 100 48 108 11 78 41 147 31 15 30 107 140 101 95 119 92 49 110 73 79 109 84 135 17 3 66 134 117 132 27 6 77 124 91 97 142 57 43 93 111 145 12 39 137 75 42 50 122 88 80 113 144 68 83 125 40 19 14 86 126 114 58 120 72 53 35 56 47 123 106 105 32 118 133 54 115 67 59 94 9 33 90 29 141 89 18 20 37 65 76 7 0 102 64 55 5 1 70 8 136 139 38 61 146 127 116 85 23 4 71 25 74 62 45 21 104 10 60 148 130 22 99 96 81 129 103 26 128 36 87 2 28 44 121 63 143 24 131 138 52 34 149 
Coste: 738618131
Temperatura: 1413763.0457814832
Probabilidad de aceptación: 1.0
Movimiento: SI



ITERACION 63
Solucion:    13 40 51 98 46 16 82 112 69 100 108 48 78 11 147 41 31 15 107 140 101 95 119 30 92 110 49 79 109 84 135 17 73 3 66 134 117 132 27 6 77 91 124 142 97 43 57 93 111 12 145 39 137 75 42 50 122 88 80 113 144 68 83 149 125 19 14 86 126 114 58 120 72 53 35 56 47 123 106 105 32 133 118 54 115 59 67 9 94 33 90 29 141 89 18 20 37 65 76 0 102 7 55 64 5 70 8 136 1 38 139 61 146 116 127 23 85 71 4 25 74 62 45 21 104 10 60 148 22 99 130 96 81 129 26 103 128 36 87 2 28 121 63 44 143 24 131 138 52 34 
Coste: 736204732
Temperatura: 1272386.7412033349
Probabilidad de aceptación: 1.0
Movimiento: SI



ITERACION 64
Solucion:    13 125 51 98 40 16 46 112 82 100 69 108 48 78 147 11 41 31 15 140 107 101 95 119 30 110 49 79 109 92 84 135 73 17 66 134 3 117 132 27 6 77 91 124 142 43 57 93 97 12 111 39 137 145 75 42 50 122 88 80 113 144 68 83 34 149 19 14 86 126 114 58 120 72 53 35 47 123 56 106 32 105 133 118 115 59 67 54 9 94 33 90 141 29 18 89 20 37 65 0 76 102 55 7 5 70 8 136 64 1 38 139 61 146 116 23 127 71 85 4 74 62 25 45 21 10 104 60 148 99 22 96 130 129 26 81 128 36 103 87 28 121 63 2 44 24 143 131 138 52 
Coste: 733334748
Temperatura: 1145148.0670830014
Probabilidad de aceptación: 1.0
Movimiento: SI



ITERACION 65
Solucion:    13 149 125 51 98 16 46 112 40 100 82 69 108 78 147 48 11 41 31 15 140 107 101 95 119 110 49 79 109 92 30 84 135 73 66 17 134 3 117 132 6 77 91 27 124 43 142 57 93 12 97 39 137 111 145 75 42 50 122 88 80 113 144 68 83 52 34 14 19 86 126 114 58 120 72 53 35 47 123 56 32 106 105 133 115 59 67 118 9 54 94 33 90 141 29 18 20 37 65 89 0 76 102 55 7 70 5 8 136 1 38 64 139 61 146 116 23 127 71 4 85 74 62 25 21 45 10 60 104 99 148 22 96 129 26 81 128 130 36 103 87 28 63 121 2 44 24 131 143 138 
Coste: 728130122
Temperatura: 1030633.2603747012
Probabilidad de aceptación: 1.0
Movimiento: SI



ITERACION 66
Solucion:    34 13 149 51 98 16 46 112 125 40 100 82 69 78 147 108 48 41 11 15 140 31 101 107 95 110 119 79 49 109 92 84 135 30 66 73 17 134 3 117 132 77 91 6 27 43 124 142 57 12 93 39 137 111 145 97 75 42 50 122 88 80 113 144 68 83 143 14 52 19 86 126 58 114 120 53 35 72 47 123 56 32 106 133 105 59 67 115 9 54 94 33 118 141 90 29 18 37 20 65 0 76 102 55 89 70 7 5 8 136 38 1 64 139 61 146 116 23 71 4 127 85 74 62 21 25 45 10 60 104 99 148 96 129 26 81 22 128 130 36 103 28 63 87 121 2 44 24 131 138 
Coste: 720529994
Temperatura: 927569.9343372311
Probabilidad de aceptación: 0.3197482524465523
Movimiento: NO



ITERACION 67
Solucion:    34 13 14 51 98 16 149 46 112 40 100 82 69 78 147 108 48 41 11 15 140 31 101 125 107 110 119 79 95 109 49 92 84 135 66 73 17 30 134 117 132 3 91 77 6 43 27 124 142 12 57 39 137 93 111 145 75 97 42 50 122 88 80 113 144 68 83 24 143 52 19 86 126 58 120 53 35 114 47 123 56 32 106 133 105 72 67 59 9 54 94 115 118 141 33 90 29 18 37 20 0 65 76 102 55 89 70 7 8 136 5 38 1 64 61 146 116 23 71 4 139 127 85 74 62 21 25 10 60 45 99 148 104 96 129 26 81 128 22 36 130 28 103 63 87 2 121 44 131 138 
Coste: 713532194
Temperatura: 834812.940903508
Probabilidad de aceptación: 0.5993311270796798
Movimiento: NO



ITERACION 68
Solucion:    34 143 14 13 98 51 16 46 112 149 100 40 69 78 147 108 48 41 82 15 140 11 31 101 107 110 119 79 125 109 95 49 84 135 66 73 92 17 30 134 117 132 91 77 6 43 3 27 124 12 142 57 39 137 93 111 145 75 97 42 50 122 88 80 113 144 68 83 138 52 24 19 86 58 126 120 53 35 47 123 56 32 106 133 105 72 67 114 9 54 94 59 118 115 141 33 90 29 37 18 0 65 20 102 76 55 89 70 8 7 136 5 38 1 61 146 116 64 23 71 139 127 4 74 85 62 21 25 60 10 99 148 104 45 129 26 81 96 128 22 130 28 103 63 36 87 2 121 44 131 
Coste: 712583863
Temperatura: 751331.6468131572
Probabilidad de aceptación: 1.0
Movimiento: SI



ITERACION 69
Solucion:    34 52 14 143 98 51 16 46 112 149 100 13 69 78 147 108 48 41 40 15 140 82 31 101 11 110 119 79 107 109 95 49 84 135 125 73 66 92 17 30 134 117 91 132 77 43 6 3 27 12 124 142 39 137 93 111 145 75 57 97 42 50 122 88 80 113 68 144 83 131 138 24 19 86 126 58 120 53 35 47 123 56 32 106 133 105 72 67 9 54 94 114 118 59 141 33 90 29 115 37 18 0 65 102 20 55 76 70 89 8 7 5 136 38 61 146 1 116 23 71 139 64 127 4 74 85 62 21 60 25 99 148 10 104 129 26 81 45 96 128 130 28 103 63 22 87 36 2 121 44 
Coste: 709105381
Temperatura: 676198.4821318416
Probabilidad de aceptación: 1.0
Movimiento: SI



ITERACION 70
Solucion:    34 138 52 14 98 143 16 46 51 112 100 149 69 78 147 108 48 41 40 15 140 13 31 101 11 110 119 79 82 109 107 95 49 84 135 73 66 92 17 125 30 134 91 117 132 77 43 6 3 12 27 124 39 137 93 142 111 145 75 57 97 42 50 122 88 80 113 68 144 83 44 24 131 19 86 126 120 53 35 47 58 56 32 106 133 123 105 67 9 54 94 72 118 59 141 33 90 114 29 37 115 0 65 102 18 20 55 70 76 8 89 7 5 38 136 146 61 1 116 23 139 64 71 127 74 85 62 21 60 25 99 148 4 10 129 104 26 81 45 96 128 130 28 103 63 22 87 2 36 121 
Coste: 707408068
Temperatura: 608578.6339186574
Probabilidad de aceptación: 1.0
Movimiento: SI



ITERACION 71
Solucion:    34 138 52 14 98 143 16 46 51 112 100 24 69 78 147 108 48 41 40 15 149 140 13 31 101 110 11 79 119 109 107 95 82 84 49 135 73 66 92 17 125 134 91 117 30 77 43 132 6 12 27 124 39 137 93 142 111 145 3 75 97 57 42 50 122 88 80 113 68 83 144 121 44 131 19 126 120 53 35 86 47 56 32 58 106 133 105 67 9 123 54 94 72 118 141 33 90 59 29 114 37 0 65 102 115 18 55 70 20 76 8 89 7 38 5 146 61 136 1 23 139 64 116 71 127 74 85 62 60 21 25 99 148 4 129 10 26 81 45 96 128 104 28 103 63 130 87 2 22 36 
Coste: 702309860
Temperatura: 547720.7705267917
Probabilidad de aceptación: 1.0
Movimiento: SI



ITERACION 72
Solucion:    34 138 52 14 98 143 16 46 51 112 100 44 24 78 147 108 69 41 40 48 15 149 140 31 101 110 13 79 11 109 119 107 95 82 49 84 73 66 135 92 17 134 91 125 117 77 43 132 6 12 27 124 39 137 93 142 111 145 3 30 75 97 57 42 50 122 88 80 113 68 83 144 22 121 131 126 120 19 53 35 47 56 32 86 106 133 105 67 58 9 123 94 72 54 141 118 33 90 59 29 37 0 114 65 102 115 18 70 55 20 8 76 89 7 38 5 146 61 1 23 139 136 64 116 71 74 127 62 60 85 25 21 99 148 4 129 26 81 10 45 128 96 28 103 63 130 87 2 104 36 
Coste: 695731550
Temperatura: 492948.69347411254
Probabilidad de aceptación: 0.495010339927006
Movimiento: NO



ITERACION 73
Solucion:    34 121 52 14 98 143 16 46 51 112 100 44 24 78 147 108 69 41 40 48 15 149 140 31 101 110 13 79 11 109 119 107 138 82 95 49 84 73 66 135 17 134 91 125 117 92 43 77 132 12 6 27 39 137 93 124 111 145 142 3 30 75 97 57 42 50 122 88 80 113 68 83 144 104 131 126 120 19 53 35 47 56 32 86 106 133 105 67 58 9 123 94 22 54 141 118 33 90 72 59 29 0 37 65 102 115 114 70 55 18 8 76 89 7 38 20 5 146 61 1 139 136 64 116 23 71 127 74 62 60 25 21 99 148 85 129 26 81 10 4 128 96 28 103 63 45 87 130 2 36 
Coste: 696657959
Temperatura: 443653.8241267013
Probabilidad de aceptación: 0.3275119755749634
Movimiento: NO



ITERACION 74
Solucion:    34 131 121 52 98 143 14 16 46 51 100 112 24 78 147 108 69 41 40 44 48 149 15 140 101 110 13 79 11 109 119 107 31 82 95 138 49 84 73 66 135 134 91 17 125 117 43 77 132 12 92 27 39 6 137 93 124 111 142 3 145 75 30 57 42 97 50 122 88 80 68 83 144 104 130 126 113 19 120 53 47 35 32 56 86 133 106 105 67 58 9 94 123 54 141 22 33 90 72 59 118 29 0 65 102 115 37 70 114 55 8 18 76 89 7 20 38 5 146 1 61 139 136 64 23 116 71 127 74 62 60 25 21 148 99 85 129 26 81 10 128 4 96 28 103 63 87 45 2 36 
Coste: 690652707
Temperatura: 399288.44171403116
Probabilidad de aceptación: 0.35407840221047926
Movimiento: NO



ITERACION 75
Solucion:    34 131 126 121 98 143 52 16 46 14 51 100 112 24 147 108 78 69 41 44 48 149 15 140 101 110 13 79 11 40 119 109 107 82 95 31 49 84 73 66 135 134 91 17 125 117 43 138 77 12 92 132 27 39 137 6 93 111 142 3 124 75 30 57 42 145 50 122 88 97 68 80 144 104 130 2 83 19 120 113 53 47 35 32 56 86 133 105 106 67 9 94 58 54 141 22 123 90 72 59 118 29 0 65 102 115 37 70 114 33 8 18 55 76 89 7 20 5 146 1 61 139 136 64 23 116 71 127 74 62 60 38 21 148 99 25 129 26 81 10 128 4 96 28 85 63 87 45 103 36 
Coste: 684171001
Temperatura: 359359.59754262806
Probabilidad de aceptación: 0.1408814750662701
Movimiento: NO



ITERACION 76
Solucion:    34 131 126 121 98 143 83 16 46 52 14 51 112 100 147 108 78 24 69 44 48 149 41 15 101 110 13 79 11 40 119 109 140 82 95 107 49 84 73 66 135 134 91 17 125 117 43 138 77 12 92 132 27 39 137 31 6 93 142 3 111 75 30 57 42 124 50 122 88 145 68 97 144 104 130 80 103 2 19 120 113 53 47 32 35 56 86 133 105 106 67 9 58 54 141 22 123 90 72 59 118 29 0 65 102 115 37 70 114 33 8 18 55 76 89 7 20 5 146 1 61 139 136 64 23 116 71 127 74 94 60 62 21 148 99 25 129 26 81 10 128 4 38 28 96 63 87 45 85 36 
Coste: 683476401
Temperatura: 323423.63778836525
Probabilidad de aceptación: 0.004951218321514983
Movimiento: NO



ITERACION 77
Solucion:    34 131 2 126 98 121 143 16 83 46 14 51 52 112 147 108 100 78 24 69 44 48 149 41 101 110 15 79 11 40 119 13 140 82 95 107 49 84 73 66 135 109 91 17 125 117 43 138 77 12 92 132 27 39 137 134 31 6 142 93 3 75 30 57 42 111 50 122 88 124 68 97 144 104 130 80 145 85 19 103 120 53 113 47 32 56 35 86 133 105 67 106 9 54 58 22 141 90 72 59 123 29 0 118 102 115 37 70 114 65 33 18 55 76 89 7 20 5 146 8 61 139 136 64 1 23 116 127 71 74 60 62 21 148 99 94 129 26 81 10 128 25 4 28 38 63 96 45 87 36 
Coste: 681748592
Temperatura: 291081.27400952874
Probabilidad de aceptación: 0.004893146694772234
Movimiento: NO



ITERACION 78
Solucion:    34 131 19 126 98 2 143 16 121 83 14 51 46 112 147 108 100 78 24 69 44 48 52 149 41 101 110 79 11 15 119 40 13 82 95 107 49 84 140 66 135 109 91 17 125 73 117 43 77 12 92 138 132 39 137 27 31 6 142 93 3 75 30 57 42 134 50 122 88 111 68 97 144 104 130 80 124 85 33 145 103 53 113 120 47 32 56 35 133 86 105 106 9 54 58 22 141 90 72 59 123 29 0 67 102 118 115 70 37 114 65 18 55 76 89 7 20 5 146 8 61 139 136 64 1 23 116 127 71 74 60 62 21 148 99 94 129 26 81 10 128 25 4 28 38 63 96 45 87 36 
Coste: 676470537
Temperatura: 261973.1466085759
Probabilidad de aceptación: 0.008539921649239902
Movimiento: NO



ITERACION 79
Solucion:    34 131 19 126 98 2 143 16 121 83 14 51 145 46 147 108 100 78 24 69 44 48 112 149 41 101 110 79 11 52 119 15 40 82 95 107 49 13 84 66 135 109 91 17 125 73 117 43 77 12 92 140 132 39 137 27 138 31 142 6 93 75 30 57 42 3 50 122 88 134 68 97 144 104 130 111 80 124 85 87 33 103 53 120 113 47 32 56 35 133 86 106 9 54 58 22 141 90 105 59 72 29 0 123 102 118 115 70 37 114 67 18 55 65 89 76 7 5 146 20 61 139 136 64 1 23 8 116 127 74 60 71 21 148 99 62 129 26 81 10 128 25 4 28 38 94 63 45 96 36 
Coste: 674186818
Temperatura: 235775.8319477183
Probabilidad de aceptación: 0.045529428915845244
Movimiento: NO



ITERACION 80
Solucion:    34 131 33 19 98 126 2 16 143 121 83 51 14 145 147 108 100 78 24 46 69 44 48 112 41 101 110 149 11 79 119 15 40 82 95 107 49 13 84 66 135 109 91 17 125 73 52 43 77 12 92 117 132 39 137 27 140 138 142 6 93 31 30 57 75 42 50 122 88 3 68 134 144 104 130 111 80 97 124 87 25 85 53 120 113 103 47 32 56 35 133 106 86 54 9 22 58 90 141 59 72 29 0 123 102 118 115 70 37 114 67 18 55 105 89 65 7 5 146 20 61 139 136 76 64 1 23 116 127 74 60 8 21 148 99 62 129 26 81 10 128 71 4 28 38 94 63 45 96 36 
Coste: 670330535
Temperatura: 212198.24875294647
Probabilidad de aceptación: 0.023651165804410883
Movimiento: NO



ITERACION 81
Solucion:    34 131 85 19 98 126 2 16 143 33 121 83 51 14 147 108 100 78 24 46 69 44 48 112 41 101 110 149 11 79 119 15 40 82 95 107 49 13 84 66 135 109 91 17 125 73 52 43 77 12 92 117 132 39 137 27 140 145 142 6 93 138 30 57 75 42 50 122 88 31 68 134 144 104 130 3 111 97 124 80 87 71 25 120 53 113 103 47 32 56 35 133 86 54 9 22 58 90 141 59 72 29 0 123 102 118 115 70 37 114 67 18 55 106 89 105 65 5 146 20 61 139 136 76 64 1 23 116 127 74 60 7 21 148 99 62 129 26 81 10 128 8 4 28 38 94 63 45 96 36 
Coste: 666994377
Temperatura: 190978.42387765183
Probabilidad de aceptación: 0.025859891403090116
Movimiento: NO



ITERACION 82
Solucion:    34 131 85 19 98 126 2 16 25 143 33 121 83 51 147 108 100 78 14 24 69 46 48 112 41 44 101 110 11 79 149 119 40 15 95 107 49 13 84 66 135 109 91 17 125 73 82 43 77 12 92 52 132 39 137 117 27 140 142 6 93 138 30 57 75 42 50 122 88 145 68 134 144 104 130 31 3 111 97 124 87 80 133 120 71 53 103 113 47 32 56 35 86 54 9 22 58 90 141 59 72 29 0 123 102 118 115 70 37 114 67 18 55 106 89 105 65 5 146 20 61 139 136 76 64 1 23 116 127 74 60 7 21 148 99 62 129 26 81 10 128 8 4 28 38 94 63 45 96 36 
Coste: 662794206
Temperatura: 171880.58148988665
Probabilidad de aceptación: 3.746797716569765E-5
Movimiento: NO



ITERACION 83
Solucion:    34 131 85 120 98 19 2 16 126 25 143 33 121 83 51 108 100 78 147 24 69 46 48 14 41 112 44 110 101 11 79 119 40 149 95 107 49 15 13 66 135 84 91 17 125 109 73 43 77 12 92 82 132 39 137 52 27 117 142 140 93 6 30 57 75 138 42 122 88 50 68 134 144 104 130 31 145 3 111 97 124 87 80 36 133 53 71 113 103 47 32 35 86 54 9 22 58 90 141 59 72 29 0 123 102 56 115 70 37 114 67 18 118 55 89 106 65 5 146 20 105 139 61 136 64 1 23 116 76 74 60 127 21 148 99 7 129 26 81 10 62 128 4 8 28 38 94 63 96 45 
Coste: 651250031
Temperatura: 154692.52334089798
Probabilidad de aceptación: 1.0
Movimiento: SI



ITERACION 84
Solucion:    34 131 85 120 98 19 2 16 126 25 143 33 121 83 51 108 100 78 147 24 69 46 48 14 41 112 44 110 101 11 79 119 40 149 95 107 49 15 133 66 135 84 91 13 125 109 17 43 73 12 92 82 132 39 137 52 27 117 142 77 93 140 30 57 75 138 42 122 88 50 6 134 144 104 130 68 31 145 3 111 124 97 87 80 106 36 53 71 103 113 47 32 86 54 9 22 58 90 141 59 72 29 0 123 102 35 115 70 37 114 56 18 118 55 89 67 65 5 146 20 105 139 61 136 64 1 23 116 76 74 60 127 21 148 99 7 129 26 81 10 62 128 4 8 28 38 94 63 96 45 
Coste: 650030003
Temperatura: 139223.27100680818
Probabilidad de aceptación: 4.0295079367568784E-4
Movimiento: NO



ITERACION 85
Solucion:    34 131 85 120 98 19 2 16 126 25 143 33 121 83 51 108 100 78 147 24 69 46 48 14 41 112 44 110 101 11 79 119 40 149 95 107 49 15 133 66 135 84 91 13 125 109 17 43 73 12 92 82 132 39 137 52 27 117 142 77 93 140 30 57 75 138 42 122 88 50 6 134 144 104 130 36 31 68 3 111 145 124 97 87 80 127 106 53 103 71 113 47 32 54 9 22 58 90 141 59 72 86 0 123 29 102 115 70 37 114 35 18 118 55 89 56 65 5 146 20 105 139 61 67 136 64 1 23 116 74 60 76 21 148 99 7 129 26 81 10 62 128 4 8 28 38 94 63 96 45 
Coste: 646675780
Temperatura: 125300.94390612736
Probabilidad de aceptación: 2.3158780517017408E-4
Movimiento: NO



ITERACION 86
Solucion:    34 131 85 120 98 19 2 16 106 126 143 33 25 83 51 108 100 78 147 121 69 24 48 14 41 46 44 112 110 101 79 11 119 40 95 107 49 15 149 66 135 84 91 13 125 109 17 43 73 12 92 82 132 39 137 52 27 117 142 77 93 140 30 57 75 138 42 122 88 50 6 134 144 104 130 36 133 31 68 111 145 3 97 124 87 80 65 127 53 103 71 47 32 54 9 22 113 58 141 59 72 86 0 123 29 102 115 70 90 114 37 18 35 118 89 55 56 5 146 20 105 139 61 67 136 64 1 23 116 74 60 76 21 148 99 7 129 26 81 10 62 128 4 8 28 38 94 63 96 45 
Coste: 642325616
Temperatura: 112770.84951551462
Probabilidad de aceptación: 3.377588293596764E-5
Movimiento: NO



ITERACION 87
Solucion:    34 131 85 120 98 19 2 16 106 126 143 33 25 83 51 108 100 78 147 121 69 24 48 14 41 46 44 127 112 110 101 79 11 40 95 107 49 119 15 66 135 149 91 13 125 109 84 43 73 12 92 17 132 39 137 52 27 117 142 82 93 77 30 57 75 138 140 122 88 50 42 134 144 104 130 6 36 133 31 68 111 145 3 124 87 97 80 94 65 103 71 47 32 54 9 22 113 53 141 59 72 86 0 123 29 102 115 58 70 114 37 90 35 18 89 55 56 5 146 20 105 139 118 61 67 64 136 23 1 116 74 60 21 76 99 7 129 26 148 10 62 128 4 8 81 38 28 63 96 45 
Coste: 637288814
Temperatura: 101493.76456396317
Probabilidad de aceptación: 0.016366017261976663
Movimiento: NO



ITERACION 88
Solucion:    34 131 85 120 65 98 2 16 19 126 143 33 25 83 51 108 100 78 147 121 69 106 48 14 41 46 44 24 112 110 101 79 11 40 95 107 49 127 15 66 135 119 91 149 125 109 13 43 73 84 12 17 132 39 137 52 27 92 142 82 93 77 30 57 75 138 140 122 88 50 42 134 144 104 130 6 117 36 31 68 111 133 3 124 145 97 80 94 55 87 71 103 32 54 9 22 113 53 141 59 72 86 0 123 29 102 115 58 70 114 37 90 47 35 89 18 56 5 146 20 105 139 118 61 67 64 136 23 1 116 74 60 21 76 99 7 129 26 148 10 62 128 4 8 81 38 28 63 96 45 
Coste: 635343439
Temperatura: 91344.38810756685
Probabilidad de aceptación: 3.2342512996976014E-8
Movimiento: NO



ITERACION 89
Solucion:    34 131 85 120 65 98 2 16 87 126 143 33 19 25 83 108 100 78 147 51 69 106 48 14 121 46 44 41 112 110 101 79 11 40 95 107 49 24 15 66 135 127 91 149 125 109 13 43 73 84 12 17 132 39 137 52 27 92 142 82 93 77 30 57 75 138 140 122 88 50 42 134 144 104 130 119 6 117 36 31 111 68 3 133 124 97 80 145 94 76 55 71 103 32 9 22 113 54 141 59 72 86 0 123 29 53 115 58 102 114 37 70 90 35 89 47 56 5 146 20 105 139 18 118 67 64 136 23 1 116 74 60 21 61 99 7 129 26 148 10 62 128 4 8 81 38 28 63 96 45 
Coste: 629617681
Temperatura: 82209.94929681017
Probabilidad de aceptación: 6.775833320333029E-6
Movimiento: NO



ITERACION 90
Solucion:    34 131 85 120 65 98 2 16 55 126 143 33 19 25 83 108 100 78 147 51 69 106 48 14 121 46 44 41 112 110 101 79 11 40 95 107 49 24 15 66 135 127 91 149 125 109 13 43 73 84 12 17 132 39 137 52 27 92 142 82 93 77 30 57 75 138 140 122 88 50 42 134 144 104 130 87 6 119 117 36 111 68 31 133 3 97 124 80 145 94 62 76 103 32 9 22 113 54 141 71 72 86 0 123 29 53 115 58 59 114 37 70 90 35 102 47 56 5 146 89 105 139 18 20 67 64 136 23 1 116 74 60 21 118 99 7 129 26 148 10 61 128 4 8 81 38 28 63 96 45 
Coste: 627263709
Temperatura: 73988.95436712916
Probabilidad de aceptación: 8.824739161777307E-5
Movimiento: NO



ITERACION 91
Solucion:    34 131 85 120 65 76 98 2 16 126 143 33 19 25 55 108 100 78 147 51 83 69 48 14 121 46 44 41 112 110 101 79 11 40 95 107 49 106 15 66 135 24 91 149 125 109 127 43 73 84 12 17 132 39 137 52 27 92 142 82 93 13 30 57 75 138 77 122 88 50 42 134 144 104 130 140 87 119 117 36 111 68 6 133 31 97 3 80 124 145 94 118 103 32 9 22 113 54 141 71 72 86 0 123 29 53 115 58 59 114 37 62 90 70 102 47 56 5 146 89 105 139 18 20 67 64 136 23 1 116 74 60 21 35 99 7 129 26 148 10 61 128 4 8 81 38 28 63 96 45 
Coste: 623380139
Temperatura: 66590.05893041624
Probabilidad de aceptación: 0.007534127564452657
Movimiento: NO



ITERACION 92
Solucion:    34 131 85 103 65 76 98 120 2 126 143 33 16 25 55 108 19 100 78 51 83 147 48 14 121 46 44 41 112 110 101 79 11 40 95 107 49 106 15 66 135 24 91 69 149 109 125 43 73 127 84 12 132 17 39 137 52 92 27 82 93 13 30 57 142 138 77 122 88 50 42 134 144 104 130 140 87 119 117 36 111 68 6 133 31 97 3 80 124 145 94 118 45 75 32 9 22 113 141 54 71 72 0 86 29 53 115 58 59 114 123 62 37 70 102 47 56 5 146 89 105 139 18 20 67 64 136 23 1 116 74 60 21 35 90 7 129 99 148 10 61 128 4 8 81 38 28 63 96 26 
Coste: 616809686
Temperatura: 59931.05303737462
Probabilidad de aceptación: 1.0
Movimiento: SI



ITERACION 93
Solucion:    75 131 85 103 65 76 98 120 2 126 143 33 16 25 55 108 19 100 78 51 83 34 48 14 121 46 44 41 112 110 101 79 11 147 95 107 49 106 15 66 135 24 91 69 40 109 149 125 43 73 84 127 12 17 39 137 52 92 132 27 93 13 30 57 82 142 77 122 88 50 138 134 144 104 130 140 87 119 42 36 117 68 6 133 31 97 3 80 111 124 94 118 145 61 32 45 22 9 113 54 141 72 0 86 29 53 115 71 59 114 58 62 37 70 102 47 56 5 146 123 105 139 18 20 67 64 136 23 1 116 74 60 21 35 90 7 129 99 148 10 89 128 4 8 81 38 28 63 96 26 
Coste: 613399930
Temperatura: 53937.947733637164
Probabilidad de aceptación: 2.9280763557369106E-7
Movimiento: NO



ITERACION 94
Solucion:    32 131 85 103 65 76 98 120 2 126 143 33 16 25 55 108 19 100 78 51 83 75 48 14 121 46 44 41 112 110 101 79 11 147 95 107 49 106 15 66 135 24 34 91 69 40 149 109 125 43 73 84 127 12 39 17 52 137 132 92 93 13 30 57 82 27 77 122 142 50 88 134 144 104 130 140 87 119 42 36 117 68 6 133 31 97 3 80 111 124 94 118 138 61 116 45 145 9 113 22 141 72 0 86 29 53 115 54 59 114 58 62 37 71 102 47 56 5 146 70 105 139 18 123 67 64 136 23 1 20 74 60 21 35 90 7 129 99 148 10 89 128 4 8 81 38 28 63 96 26 
Coste: 607919897
Temperatura: 48544.15296027345
Probabilidad de aceptación: 0.0012180684552906313
Movimiento: NO



ITERACION 95
Solucion:    32 131 85 103 65 76 98 120 2 126 143 33 16 25 55 108 19 100 78 51 83 75 48 14 121 46 44 41 112 110 101 45 11 147 95 107 49 106 15 66 135 24 34 79 69 91 149 109 125 40 43 84 73 127 39 17 52 137 132 92 93 13 30 57 82 27 77 122 142 50 88 134 144 104 130 140 87 119 12 36 117 68 6 133 31 97 3 80 111 124 94 118 42 138 61 99 145 116 113 22 9 141 72 0 29 53 115 54 59 114 86 58 62 37 102 47 56 5 146 71 105 139 18 70 123 64 136 23 1 67 74 60 21 35 90 7 129 20 148 10 89 128 4 8 81 38 28 63 96 26 
Coste: 604797123
Temperatura: 43689.73766424611
Probabilidad de aceptación: 2.747847671398214E-7
Movimiento: NO



ITERACION 96
Solucion:    32 131 85 103 65 76 98 120 2 126 143 33 16 145 55 108 19 100 25 51 83 78 48 75 121 46 44 14 112 110 101 41 11 45 95 107 49 106 15 66 135 24 147 79 34 91 149 69 125 109 40 43 84 73 39 17 127 137 132 92 93 13 30 57 52 27 77 122 142 50 82 134 144 104 88 140 87 119 130 36 117 68 6 133 31 97 3 80 12 124 94 118 111 138 42 61 148 116 99 113 9 141 72 0 29 53 115 54 59 114 86 58 62 37 102 47 56 5 146 71 105 139 18 70 22 64 136 23 1 123 67 74 21 35 60 90 7 129 20 10 89 128 4 8 81 38 28 63 96 26 
Coste: 601543754
Temperatura: 39320.763897821496
Probabilidad de aceptación: 0.03546612571052029
Movimiento: NO



ITERACION 97
Solucion:    32 131 85 103 65 76 98 120 2 126 143 33 16 145 55 108 19 100 116 51 83 25 48 75 121 46 44 14 112 110 101 41 11 78 95 107 49 106 45 66 135 24 15 79 147 91 149 69 125 109 34 40 43 84 39 17 73 137 132 92 93 13 30 57 52 27 77 122 142 50 82 134 144 104 88 140 87 119 127 36 117 68 6 133 31 97 3 80 12 124 94 118 111 130 138 42 61 28 99 113 148 141 72 0 29 53 115 54 59 114 86 58 9 37 102 62 56 47 146 5 105 139 18 70 22 64 136 23 1 71 67 74 21 35 60 90 7 129 20 10 89 128 4 8 81 38 123 63 96 26 
Coste: 597187261
Temperatura: 35388.68750803935
Probabilidad de aceptación: 0.022207651909545188
Movimiento: NO



ITERACION 98
Solucion:    32 131 85 103 65 76 98 120 2 126 143 33 16 145 55 108 19 100 116 51 83 25 48 75 121 46 44 99 112 110 101 41 11 78 95 107 49 106 45 66 135 24 15 79 14 91 149 69 125 109 147 40 34 84 39 17 43 137 132 92 93 13 30 57 52 27 77 122 142 50 82 134 144 104 88 140 87 119 127 36 117 68 6 133 31 97 3 80 12 124 94 118 111 130 73 138 61 42 26 113 28 141 72 0 29 53 115 54 59 114 86 148 9 58 102 62 56 37 146 5 105 139 18 47 70 64 136 23 1 22 67 74 21 35 60 90 7 129 71 10 89 128 4 8 81 38 123 63 96 20 
Coste: 595339723
Temperatura: 31849.818757235418
Probabilidad de aceptación: 1.0
Movimiento: SI



ITERACION 99
Solucion:    113 32 85 103 65 76 98 120 2 126 143 33 16 145 55 108 19 100 116 51 83 25 48 75 121 46 44 99 112 110 101 41 11 78 95 107 49 106 45 66 135 24 15 79 131 14 149 69 125 91 147 109 34 84 40 17 43 39 132 92 93 13 30 57 52 27 77 122 142 50 137 134 144 104 88 140 87 119 127 36 117 68 6 133 31 97 3 80 12 124 94 118 82 130 111 73 138 61 42 20 28 26 141 72 29 53 115 0 59 114 54 86 9 148 102 58 56 62 146 37 105 139 5 18 70 64 136 23 1 22 67 74 21 35 60 90 7 129 71 10 89 128 4 8 81 38 47 63 96 123 
Coste: 592352894
Temperatura: 28664.836881511877
Probabilidad de aceptación: 1.0
Movimiento: SI



ITERACION 100
Solucion:    113 32 85 103 65 76 98 28 2 126 143 33 16 145 55 108 19 100 116 51 83 120 48 75 25 121 44 99 112 110 101 41 11 78 95 107 49 106 46 66 135 24 45 79 131 15 149 69 125 91 147 109 34 84 14 17 43 40 132 92 93 13 30 57 52 27 77 39 122 50 137 134 144 104 88 140 87 119 127 36 117 68 6 133 31 97 3 80 12 124 94 118 142 130 111 73 82 138 61 20 123 26 141 42 29 53 115 72 0 114 54 86 59 9 102 58 56 62 146 37 105 139 5 18 70 64 136 23 1 22 67 74 21 35 60 90 7 148 71 10 89 128 4 8 81 38 129 63 96 47 
Coste: 588884657
Temperatura: 25798.35319336069
Probabilidad de aceptación: 1.0
Movimiento: SI



ITERACION 101
Solucion:    113 32 85 103 65 76 98 28 2 126 143 33 16 145 55 108 19 100 116 51 83 120 48 75 25 121 44 99 112 110 101 41 11 78 95 107 49 106 46 66 135 24 26 79 131 45 15 149 125 69 147 109 34 91 84 17 14 40 132 92 93 13 30 57 52 27 77 39 122 50 43 134 144 104 88 140 87 119 127 36 117 68 6 133 31 137 3 80 97 124 94 118 12 130 111 73 82 138 61 20 123 129 141 42 29 53 115 72 0 114 54 86 59 9 102 58 56 62 146 37 105 139 5 18 70 64 136 23 1 22 67 74 21 35 60 90 7 148 71 10 89 128 4 8 81 38 142 63 96 47 
Coste: 586827804
Temperatura: 23218.517874024623
Probabilidad de aceptación: 1.1294397157488705E-15
Movimiento: NO



ITERACION 102
Solucion:    113 32 85 103 65 76 98 28 2 126 143 33 16 145 55 108 19 100 116 51 83 120 48 75 25 121 44 99 112 110 101 41 11 78 95 107 49 106 46 66 135 24 141 79 131 45 15 149 125 69 26 109 34 91 84 17 14 40 132 92 93 13 147 30 52 57 77 27 39 50 122 134 144 104 88 140 87 119 127 36 117 68 6 133 31 137 3 80 97 124 94 118 12 43 111 130 82 73 61 20 123 129 142 42 29 53 115 72 0 114 54 86 59 9 102 58 56 62 146 37 105 139 138 18 70 64 136 23 5 22 67 74 1 35 60 90 7 148 71 10 89 128 4 8 81 38 21 63 96 47 
Coste: 584096330
Temperatura: 20896.66608662216
Probabilidad de aceptación: 6.695523737589082E-22
Movimiento: NO



ITERACION 103
Solucion:    113 32 85 42 65 76 103 98 28 126 143 33 16 145 55 108 19 100 116 51 2 120 48 75 25 83 44 121 112 110 101 99 11 78 95 107 49 106 41 66 135 24 46 79 131 45 141 149 125 15 26 109 69 34 84 17 14 40 132 92 93 13 147 30 52 57 77 27 91 50 122 134 144 104 88 140 87 119 39 36 117 68 6 133 31 127 3 80 97 124 94 118 12 43 111 130 82 73 61 137 20 129 142 123 29 53 115 72 0 114 54 86 59 9 102 58 56 62 146 37 105 139 138 18 70 64 136 23 5 22 67 74 1 35 60 90 7 148 71 10 89 128 4 8 81 38 21 63 96 47 
Coste: 581282581
Temperatura: 18806.999477959944
Probabilidad de aceptación: 7.777482471434484E-44
Movimiento: NO



ITERACION 104
Solucion:    113 32 85 42 65 76 103 98 28 126 143 33 16 145 55 108 19 100 116 51 2 120 48 75 25 29 44 121 112 110 101 99 11 78 95 107 49 106 41 66 135 24 46 79 131 45 141 149 125 15 26 109 69 34 84 17 14 40 83 92 93 13 147 30 52 57 77 132 91 50 122 134 144 104 88 140 87 119 39 36 117 68 6 133 31 127 3 80 97 124 94 118 12 43 111 130 82 73 61 137 20 129 142 123 81 27 53 115 72 114 0 86 54 59 9 58 102 62 146 56 105 139 138 18 70 37 136 64 5 22 67 74 23 1 60 90 7 148 71 10 89 128 4 8 35 38 21 63 96 47 
Coste: 579583576
Temperatura: 16926.29953016395
Probabilidad de aceptación: 5.449327712271616E-18
Movimiento: NO



ITERACION 105
Solucion:    113 32 85 42 65 76 103 98 28 126 143 33 16 145 55 108 19 100 116 51 2 120 48 75 25 27 44 121 112 110 101 99 29 78 95 107 49 106 41 66 135 24 46 79 131 45 141 149 125 15 26 109 69 34 84 17 14 40 83 92 93 13 147 30 52 57 77 11 91 50 122 134 144 104 88 140 87 119 39 36 117 68 6 133 31 127 3 80 97 124 94 118 12 43 111 130 82 73 61 137 20 129 142 123 81 60 132 53 72 115 0 114 86 54 59 58 102 62 146 9 105 139 138 18 70 56 136 64 5 22 37 74 67 23 1 90 7 148 71 10 89 128 4 8 35 38 21 63 96 47 
Coste: 578047574
Temperatura: 15233.669577147555
Probabilidad de aceptación: 6.030903440573041E-26
Movimiento: NO



ITERACION 106
Solucion:    113 32 85 42 65 76 103 98 28 126 143 33 16 145 55 108 19 100 116 51 2 120 48 75 25 27 44 121 112 110 101 99 29 78 95 107 49 106 41 66 135 24 46 79 131 45 141 149 125 15 26 109 69 34 84 17 14 40 83 92 93 13 147 30 52 57 77 132 91 50 122 134 144 104 88 140 87 119 39 36 117 68 6 133 31 127 3 80 97 124 94 118 12 43 111 130 82 73 61 137 20 129 142 123 11 60 35 81 72 53 0 114 86 115 54 59 102 62 58 9 105 139 138 18 70 56 136 64 5 22 37 74 67 23 146 90 7 148 71 10 1 128 4 8 89 38 21 63 96 47 
Coste: 577730171
Temperatura: 13710.3026194328
Probabilidad de aceptación: 5.336865134988846E-13
Movimiento: NO



ITERACION 107
Solucion:    113 32 85 42 65 76 103 98 28 126 143 33 16 145 55 108 19 100 116 51 2 120 48 75 25 27 44 121 112 110 101 99 81 78 95 107 49 106 41 66 135 24 46 79 131 45 141 149 125 15 26 109 69 34 84 17 14 40 83 92 93 13 147 30 52 57 77 132 91 50 122 29 144 104 134 140 87 119 39 36 117 68 6 133 31 127 3 80 97 124 94 118 12 43 88 130 82 73 61 137 20 129 111 123 142 11 35 9 72 53 0 114 86 115 54 59 60 62 102 58 105 139 138 18 70 56 136 64 5 22 37 74 67 23 146 90 7 148 71 10 1 128 4 8 89 38 21 63 96 47 
Coste: 576939603
Temperatura: 12339.272357489519
Probabilidad de aceptación: 1.5136349864421433E-57
Movimiento: NO



ITERACION 108
Solucion:    113 72 85 42 65 76 103 98 28 126 143 33 16 145 55 108 19 100 116 51 2 120 48 75 25 27 44 121 112 110 101 99 81 78 95 107 49 106 41 66 135 24 46 79 131 45 141 149 125 15 26 109 69 34 84 17 14 40 83 92 93 13 147 30 52 57 77 132 91 50 122 29 144 104 134 140 87 119 39 36 117 68 6 133 31 127 3 80 97 124 94 118 12 43 88 130 82 73 61 137 20 129 111 123 142 11 32 35 1 53 0 114 9 115 86 59 60 62 54 58 105 139 138 18 70 56 136 64 5 22 37 74 67 23 146 90 7 148 71 10 102 128 4 8 89 38 21 63 96 47 
Coste: 575107836
Temperatura: 11105.345121740567
Probabilidad de aceptación: 3.960853269519467E-27
Movimiento: NO



ITERACION 109
Solucion:    113 72 85 42 65 76 103 98 28 126 143 33 53 145 55 108 19 100 116 16 2 120 48 75 25 51 27 121 112 110 101 99 44 78 95 107 49 106 41 66 135 24 46 79 131 45 141 149 125 15 26 109 69 34 84 17 14 40 83 92 93 13 147 30 52 57 77 132 91 50 122 29 144 104 134 140 87 119 39 36 117 68 6 133 31 127 3 80 97 124 94 118 12 43 88 130 82 73 61 137 20 129 111 123 142 11 81 32 1 23 0 114 9 115 86 59 60 62 54 35 105 139 138 18 70 56 136 64 5 22 58 74 67 37 146 90 7 148 71 10 102 128 4 8 89 38 21 63 96 47 
Coste: 573686591
Temperatura: 9994.810609566512
Probabilidad de aceptación: 5.088132080612334E-34
Movimiento: NO



ITERACION 110
Solucion:    0 72 85 42 65 76 103 98 28 126 143 33 53 145 55 108 19 100 116 16 2 120 48 75 25 51 27 121 112 110 101 99 44 78 95 107 49 106 113 66 135 24 41 46 131 45 141 149 125 15 26 109 69 34 84 17 14 40 83 92 79 13 147 30 52 57 77 132 91 50 122 29 144 104 134 140 87 119 39 36 117 68 6 133 31 127 3 80 97 124 94 118 12 43 88 130 82 73 61 137 20 129 111 123 93 11 81 32 1 23 37 114 142 9 115 59 86 62 54 35 105 139 138 18 70 56 136 64 5 22 60 74 67 58 146 90 7 148 71 10 102 128 4 8 89 38 21 63 96 47 
Coste: 570668385
Temperatura: 8995.329548609861
Probabilidad de aceptación: 4.994753543072581E-41
Movimiento: NO



ITERACION 111
Solucion:    0 72 85 42 65 76 103 98 28 126 143 33 53 145 55 108 19 100 116 16 2 120 48 75 25 51 27 121 112 110 101 99 44 78 95 107 49 106 113 66 135 24 41 46 114 45 141 149 125 15 26 109 69 34 84 17 14 40 83 92 79 13 147 30 52 57 131 132 91 77 122 29 144 104 134 140 87 119 39 36 117 68 6 133 31 127 3 80 97 124 94 118 12 43 88 130 82 73 61 137 20 129 111 123 93 11 81 50 1 32 37 60 142 9 115 59 86 62 54 23 105 139 138 18 70 56 136 64 5 22 35 74 67 58 146 90 7 148 71 10 102 128 4 8 89 38 21 63 96 47 
Coste: 569430844
Temperatura: 8095.796593748875
Probabilidad de aceptación: 4.059271063732877E-70
Movimiento: NO



ITERACION 112
Solucion:    0 72 85 42 65 76 103 98 28 126 143 33 53 145 55 108 19 100 116 16 2 120 48 75 25 51 27 121 112 110 101 99 44 78 95 107 49 106 113 66 135 24 41 46 142 45 141 149 125 15 26 109 69 34 84 17 14 40 114 92 79 13 83 30 52 57 131 132 91 77 122 147 144 104 29 140 87 119 39 36 117 68 6 133 31 127 3 80 97 124 94 118 12 43 88 130 82 73 61 137 20 129 111 123 134 11 81 50 1 32 37 93 60 9 115 59 86 62 54 23 105 139 138 18 70 56 136 64 5 22 35 74 67 58 146 90 7 148 71 10 102 128 4 8 89 38 21 63 96 47 
Coste: 568399145
Temperatura: 7286.216934373988
Probabilidad de aceptación: 2.5346227566709743E-93
Movimiento: NO



ITERACION 113
Solucion:    0 72 85 42 65 76 103 98 28 126 143 33 53 145 55 108 19 100 116 16 2 120 48 75 25 51 27 121 112 110 101 99 44 78 95 107 49 106 113 66 135 24 41 46 142 45 141 149 125 15 26 109 69 34 84 17 14 40 114 92 79 13 83 30 52 57 131 132 91 77 122 147 144 104 29 140 87 119 39 36 117 68 6 133 31 127 3 80 97 124 94 118 12 43 88 130 82 73 61 137 20 129 111 123 134 9 11 50 81 32 37 1 60 58 115 59 86 62 93 23 105 139 138 18 70 56 136 64 5 22 35 74 67 54 146 90 7 148 71 10 102 128 4 8 89 38 21 63 96 47 
Coste: 567789404
Temperatura: 6557.595240936589
Probabilidad de aceptación: 3.0030632042086642E-64
Movimiento: NO



ITERACION 114
Solucion:    0 72 85 42 65 76 103 115 28 126 143 33 53 145 55 108 19 100 116 16 98 120 48 75 2 51 25 121 112 110 101 99 27 78 95 107 49 106 44 66 135 24 41 46 142 45 141 113 125 15 26 109 69 34 84 17 14 40 114 92 149 13 83 30 52 57 131 132 91 77 122 147 144 104 29 140 87 119 39 36 117 68 6 133 31 127 3 80 97 124 94 118 12 43 88 130 82 73 61 137 20 129 111 123 79 9 11 50 81 134 37 32 1 58 60 59 86 62 93 23 105 139 138 18 70 56 136 64 5 22 35 74 67 54 146 90 7 148 71 10 102 128 4 8 89 38 21 63 96 47 
Coste: 565630720
Temperatura: 5901.83571684293
Probabilidad de aceptación: 1.0537278416651516E-125
Movimiento: NO



ITERACION 115
Solucion:    0 72 85 42 65 76 103 59 28 126 115 33 53 145 55 108 19 100 116 16 98 120 48 75 2 51 25 121 112 110 101 99 27 78 95 107 49 106 44 66 135 24 41 46 142 45 141 113 125 15 26 109 69 34 84 17 14 40 143 92 149 13 114 30 52 57 131 132 91 83 122 77 144 104 147 140 87 119 39 36 117 68 6 133 31 127 3 80 97 124 94 118 12 43 88 130 82 73 61 137 20 129 111 123 79 29 9 50 81 134 37 32 1 11 60 86 58 62 93 23 105 139 138 18 70 56 136 64 5 22 35 74 67 54 146 90 7 148 71 10 102 128 4 8 89 38 21 63 96 47 
Coste: 563965564
Temperatura: 5311.652145158638
Probabilidad de aceptación: 5.0137747168493275E-93
Movimiento: NO



ITERACION 116
Solucion:    0 72 85 42 65 76 103 59 28 126 115 33 53 145 55 58 19 100 116 16 98 120 48 75 2 51 25 121 112 110 101 99 27 78 95 107 49 106 44 66 135 24 108 46 41 45 141 142 125 15 26 109 69 34 84 17 14 40 113 92 149 13 143 30 52 57 131 132 91 114 122 83 144 104 147 140 87 119 39 36 117 68 6 133 31 127 3 80 97 77 94 118 12 43 88 130 82 73 61 137 20 129 111 123 79 124 9 29 81 50 37 32 1 11 134 86 60 62 93 23 105 139 138 18 70 56 136 64 5 22 35 74 67 54 146 90 7 148 71 10 102 128 4 8 89 38 21 63 96 47 
Coste: 560953565
Temperatura: 4780.4869306427745
Probabilidad de aceptación: 6.792474511353935E-248
Movimiento: NO



ITERACION 117
Solucion:    0 72 62 42 65 76 85 59 28 126 115 103 53 145 55 58 19 100 116 16 98 120 48 75 2 51 25 121 112 110 101 99 27 78 95 107 49 106 44 66 135 24 108 46 41 45 141 142 125 15 26 109 69 34 84 17 14 40 113 92 149 13 143 33 52 57 30 132 91 114 122 83 144 104 147 140 87 119 39 36 117 68 6 133 31 127 3 80 97 77 94 118 12 43 88 130 82 73 61 137 20 129 111 123 131 124 9 29 81 50 79 32 1 11 134 37 86 60 93 23 105 139 138 18 70 56 136 64 5 22 35 74 67 54 146 90 7 148 71 10 102 128 4 8 89 38 21 63 96 47 
Coste: 558179054
Temperatura: 4302.438237578497
Probabilidad de aceptación: 7.667704235771682E-207
Movimiento: NO



ITERACION 118
Solucion:    0 72 62 42 65 76 85 59 28 126 115 103 53 145 55 58 19 100 116 16 98 120 48 75 2 51 25 121 112 110 101 99 27 78 95 107 49 106 44 66 135 24 93 46 41 45 141 142 125 15 26 109 69 34 84 17 14 40 113 92 149 13 143 33 52 108 30 57 91 132 122 114 144 83 147 140 87 119 39 36 117 68 6 133 31 104 3 80 97 77 94 118 12 43 127 130 82 73 61 137 20 129 111 123 88 131 124 29 81 50 79 9 1 11 134 37 86 60 47 23 105 139 138 32 70 56 136 64 5 22 18 74 67 54 35 90 7 148 71 10 146 128 4 8 102 89 21 63 96 38 
Coste: 555235804
Temperatura: 3872.1944138206477
Probabilidad de aceptación: 1.0
Movimiento: SI



ITERACION 119
Solucion:    0 72 62 42 65 76 85 59 28 126 115 23 53 145 55 58 19 100 116 16 98 120 48 75 2 51 25 121 112 110 103 99 27 78 95 107 49 106 44 66 135 24 93 46 41 45 141 142 125 15 26 109 69 34 84 17 14 40 113 92 149 13 143 33 52 108 30 57 91 132 122 101 144 83 147 140 87 119 39 36 117 114 6 133 31 68 3 104 97 77 94 118 12 43 127 130 82 73 61 137 20 129 111 123 88 80 124 29 81 50 79 9 1 11 134 37 86 60 47 146 105 139 138 32 70 56 136 64 5 22 18 74 67 54 35 90 7 148 71 10 131 128 4 8 102 89 21 63 96 38 
Coste: 553042319
Temperatura: 3484.974972438583
Probabilidad de aceptación: 4.471222296524675E-45
Movimiento: NO



ITERACION 120
Solucion:    105 0 62 42 65 76 85 59 28 126 115 23 53 145 55 58 19 100 116 16 98 72 48 75 2 51 25 121 112 110 103 99 27 78 95 107 49 106 44 66 135 24 93 46 41 45 141 142 120 125 26 109 69 34 84 15 14 40 113 92 149 13 143 33 52 108 30 57 91 132 122 101 144 83 147 140 87 119 39 36 117 114 6 133 31 68 3 104 97 77 94 118 12 43 127 130 82 73 61 137 20 129 111 123 88 80 124 29 81 50 79 9 1 11 134 37 86 60 47 146 21 17 138 139 32 56 70 64 136 22 18 5 67 54 35 90 7 74 71 148 131 10 4 8 102 89 128 63 96 38 
Coste: 550080714
Temperatura: 3136.477475194725
Probabilidad de aceptación: 1.913962876064034E-20
Movimiento: NO



ITERACION 121
Solucion:    105 0 62 42 65 76 85 59 28 126 115 23 53 145 55 58 19 100 116 16 98 72 48 75 2 51 25 121 112 110 103 99 27 78 95 107 49 106 44 66 135 24 93 46 41 45 141 142 120 125 26 109 69 34 84 15 14 40 113 92 149 13 143 33 52 108 30 57 91 132 122 101 144 83 147 140 87 119 39 36 117 114 6 133 31 68 3 104 97 77 94 118 12 43 127 130 82 73 61 137 20 129 111 123 88 80 124 29 81 50 79 9 1 11 134 37 86 60 47 146 21 4 138 139 17 56 70 64 136 22 18 5 67 54 32 35 90 7 74 148 131 71 10 8 102 89 128 63 96 38 
Coste: 549674287
Temperatura: 2822.8297276752523
Probabilidad de aceptación: 3.634676676650205E-21
Movimiento: NO



ITERACION 122
Solucion:    105 0 62 42 65 76 85 59 28 126 115 23 53 145 55 58 19 100 116 16 98 72 48 75 2 51 25 121 112 110 103 99 27 78 95 107 49 106 44 66 135 24 93 46 41 45 141 142 120 138 26 109 69 34 84 125 14 40 113 92 149 15 143 33 52 108 30 57 91 132 122 101 144 83 147 140 87 119 39 36 13 114 6 133 117 68 3 104 97 77 94 118 12 43 127 130 82 73 61 137 20 129 111 123 88 80 124 29 81 50 79 9 1 11 134 37 86 60 47 146 21 31 131 4 17 139 70 64 56 136 18 5 67 22 32 35 90 7 74 54 148 71 10 8 102 89 128 63 96 38 
Coste: 547297597
Temperatura: 2540.546754907727
Probabilidad de aceptación: 5.838896562630845E-12
Movimiento: NO



ITERACION 123
Solucion:    105 4 0 42 65 76 85 62 28 126 115 59 53 145 55 58 19 100 116 16 23 98 48 75 2 51 25 121 112 110 103 99 27 78 95 107 49 106 44 66 135 72 93 46 41 45 141 142 120 138 26 24 69 34 84 109 14 40 113 125 149 15 143 33 92 108 30 57 91 132 122 101 144 83 147 140 87 119 39 36 13 114 52 133 117 68 3 104 97 77 94 118 12 43 127 130 82 73 61 137 20 129 111 123 88 80 124 29 81 50 79 9 1 11 134 37 86 60 47 146 21 6 31 22 17 139 70 64 131 136 56 18 5 67 32 35 90 7 74 54 148 71 10 8 102 89 128 63 96 38 
Coste: 543057832
Temperatura: 2286.4920794169543
Probabilidad de aceptación: 3.172749423440032E-70
Movimiento: NO



ITERACION 124
Solucion:    105 4 0 42 65 76 85 62 28 126 115 59 53 145 55 58 19 100 116 16 23 98 48 75 2 51 25 121 112 110 103 99 27 78 95 107 49 106 44 66 135 72 93 46 41 45 141 142 120 138 26 24 69 34 84 109 14 40 113 125 149 15 143 33 92 108 30 57 91 132 122 101 144 83 147 140 87 119 39 36 13 114 52 133 117 68 3 104 97 77 94 118 12 43 127 130 82 73 61 137 20 129 111 123 88 80 124 29 81 50 79 9 1 11 134 37 86 60 47 146 21 6 31 17 148 139 70 64 131 136 56 18 22 67 32 35 90 7 74 5 54 71 10 8 102 89 128 63 96 38 
Coste: 542423485
Temperatura: 2057.842871475259
Probabilidad de aceptación: 3.4264605999722247E-65
Movimiento: NO



ITERACION 125
Solucion:    105 4 0 42 65 76 85 62 28 126 115 59 53 145 55 58 19 100 116 16 23 98 48 75 2 51 25 121 112 110 103 99 27 78 95 107 49 106 44 66 135 72 93 139 41 45 141 142 120 138 26 46 69 34 84 109 24 40 113 125 149 15 143 33 92 108 30 57 91 132 122 101 144 83 147 140 87 119 39 36 13 114 52 133 117 68 3 104 97 77 94 118 12 43 127 130 82 73 61 137 20 129 111 123 88 80 124 29 81 50 79 9 1 11 134 37 86 60 47 146 21 6 31 14 148 5 70 64 131 136 17 18 56 67 32 35 90 7 74 22 54 71 10 8 102 89 128 63 96 38 
Coste: 542088379
Temperatura: 1852.0585843277331
Probabilidad de aceptación: 2.155237050694503E-31
Movimiento: NO



ITERACION 126
Solucion:    70 4 0 42 65 76 85 62 28 126 115 59 53 145 55 58 19 100 116 16 23 98 48 75 2 51 25 121 112 110 103 99 27 78 95 107 49 106 44 66 135 72 93 139 41 45 141 142 120 138 26 46 69 34 84 109 105 40 113 24 125 15 143 33 149 108 30 57 92 132 122 101 144 83 147 140 87 119 39 36 13 114 52 133 117 68 3 104 97 77 94 118 12 43 127 130 82 73 61 137 20 129 111 123 88 80 124 29 81 50 79 9 1 11 134 37 86 60 47 146 21 91 6 14 148 31 96 64 131 136 17 18 56 5 32 35 90 7 74 22 54 71 67 8 10 89 102 63 128 38 
Coste: 540702170
Temperatura: 1666.8527258949598
Probabilidad de aceptación: 1.2798504012120466E-61
Movimiento: NO



ITERACION 127
Solucion:    70 64 0 42 65 76 85 62 28 126 115 59 53 145 55 58 4 100 116 16 23 98 48 75 2 51 25 121 112 19 103 99 27 78 95 107 49 106 44 66 135 72 93 139 41 45 141 142 120 138 26 46 69 34 84 109 110 40 113 24 105 15 143 33 125 108 30 57 149 132 122 101 144 83 147 140 87 119 39 36 92 114 52 133 117 68 3 104 97 77 13 118 94 43 127 130 82 73 61 137 20 129 111 123 88 80 124 29 81 50 79 9 1 11 134 37 86 60 47 146 21 12 6 14 148 91 96 128 131 136 17 18 56 5 31 32 90 7 74 22 54 71 67 8 10 35 89 63 102 38 
Coste: 538458643
Temperatura: 1500.1674533054638
Probabilidad de aceptación: 2.863843089877252E-32
Movimiento: NO



ITERACION 128
Solucion:    131 70 0 42 65 76 85 62 28 126 115 59 53 145 55 58 4 100 116 16 23 98 48 75 2 51 25 121 112 64 103 99 27 78 95 107 49 106 44 66 135 72 93 19 41 45 141 142 120 138 26 46 69 34 84 109 110 40 113 24 105 15 143 33 125 108 30 57 149 132 122 101 144 83 147 140 87 119 39 36 92 114 52 133 117 68 3 104 97 77 13 118 94 43 127 130 82 73 61 137 20 129 111 123 88 80 124 29 81 50 79 9 1 11 134 37 86 60 47 146 21 12 139 6 148 14 96 91 63 136 17 18 128 5 31 32 90 7 74 22 54 71 67 8 10 35 89 56 102 38 
Coste: 537068973
Temperatura: 1350.1507079749174
Probabilidad de aceptación: 9.103021468404037E-80
Movimiento: NO



ITERACION 129
Solucion:    131 70 0 42 65 76 85 136 62 126 115 59 53 145 55 58 28 100 116 16 23 98 48 75 2 51 25 121 112 4 103 99 27 78 95 107 64 106 44 66 135 72 93 19 41 45 141 142 120 49 26 138 69 34 84 109 110 40 113 24 46 15 143 33 105 108 30 57 125 132 122 101 144 83 147 140 87 119 39 36 92 114 149 133 52 68 117 104 3 77 13 97 118 43 127 130 82 94 61 73 137 129 111 123 88 80 124 29 81 50 79 9 1 11 134 37 86 60 47 146 21 20 139 6 148 14 96 12 63 7 17 18 128 5 91 32 90 31 74 22 54 71 67 8 10 35 89 56 102 38 
Coste: 532300626
Temperatura: 1215.1356371774257
Probabilidad de aceptación: 1.0468158354232946E-30
Movimiento: NO



ITERACION 130
Solucion:    131 70 0 42 65 76 85 136 62 126 115 59 53 145 55 58 28 100 116 16 23 98 48 75 2 51 25 121 112 4 103 99 27 78 95 107 64 106 44 66 135 72 93 19 41 45 141 142 120 49 26 138 69 34 84 109 110 40 113 24 46 15 143 33 105 108 30 57 125 132 122 101 144 83 147 140 87 119 39 36 92 114 149 133 52 68 117 104 3 77 13 97 118 43 127 130 82 94 61 73 137 129 111 123 88 80 124 29 81 50 79 9 1 11 134 37 86 60 47 146 21 17 20 6 148 14 96 139 63 7 102 18 128 5 91 32 12 31 74 22 54 71 67 8 10 35 89 56 90 38 
Coste: 532273281
Temperatura: 1093.6220734596832
Probabilidad de aceptación: 4.218563218421364E-8
Movimiento: NO



ITERACION 131
Solucion:    131 18 0 42 65 76 70 136 62 85 115 59 53 145 126 58 55 28 116 16 100 23 48 75 2 51 25 121 112 4 103 99 27 78 95 107 98 106 44 66 135 72 93 19 41 45 141 64 120 49 26 138 69 34 84 109 110 40 113 24 46 15 143 33 105 108 30 57 125 132 122 101 144 83 147 140 87 119 39 142 36 114 92 133 149 68 117 104 52 77 3 13 118 43 127 130 82 94 61 73 137 129 111 123 88 80 124 29 81 50 97 9 1 11 134 37 86 60 47 146 21 79 20 6 148 14 17 139 63 7 102 38 128 5 91 32 12 31 74 22 54 71 67 8 10 35 89 56 96 90 
Coste: 529565315
Temperatura: 984.2598661137149
Probabilidad de aceptación: 1.0
Movimiento: SI



ITERACION 132
Solucion:    128 131 0 42 65 76 70 136 62 85 115 59 53 145 126 58 55 28 116 16 100 23 48 75 2 51 25 121 112 4 103 99 27 78 95 107 98 106 44 66 135 72 93 19 41 45 141 64 120 49 26 138 69 34 84 109 18 40 113 24 110 15 143 33 105 108 30 46 125 132 122 101 144 83 147 57 87 140 39 119 142 114 92 133 149 68 117 104 52 77 3 13 118 43 127 130 82 94 61 73 36 129 137 123 88 80 124 29 81 50 97 9 1 11 134 37 86 60 47 146 21 79 20 6 148 111 14 139 63 7 17 102 74 38 91 32 12 31 5 22 54 71 67 8 10 35 89 56 96 90 
Coste: 526320796
Temperatura: 885.8338795023434
Probabilidad de aceptación: 2.969801442215812E-54
Movimiento: NO



ITERACION 133
Solucion:    128 131 0 42 65 76 38 136 62 85 115 59 53 145 70 58 55 28 116 16 100 126 48 75 23 51 25 2 112 4 103 99 27 78 95 107 98 106 44 66 135 121 93 19 41 45 141 72 120 49 26 138 69 34 84 64 18 40 113 24 110 109 143 33 105 108 30 46 125 132 122 101 144 15 147 57 87 140 39 119 83 114 92 133 149 68 117 104 52 77 3 13 118 43 127 130 82 94 61 73 36 129 137 123 88 80 124 29 81 50 97 9 1 11 134 37 86 60 47 146 21 79 20 6 148 111 142 139 63 7 17 14 74 54 91 32 12 31 5 22 102 71 67 8 10 35 89 56 96 90 
Coste: 523237660
Temperatura: 797.2504915521091
Probabilidad de aceptación: 6.69092709134048E-29
Movimiento: NO



ITERACION 134
Solucion:    91 131 0 42 65 76 38 136 62 85 115 59 53 145 70 58 55 128 116 16 100 126 48 75 28 51 25 23 112 4 2 99 27 78 95 107 103 106 44 66 135 121 98 93 41 45 141 72 120 19 49 138 69 34 84 64 18 40 113 24 110 109 143 33 105 108 30 46 125 132 122 101 144 26 147 57 15 87 39 119 140 114 92 133 149 83 68 104 52 77 3 13 118 43 127 130 82 94 61 73 36 129 137 123 88 80 124 29 81 50 97 9 1 11 134 37 86 60 47 146 21 117 20 6 148 111 142 139 63 7 17 14 74 54 67 32 12 31 5 22 102 71 79 8 10 35 89 56 96 90 
Coste: 519583854
Temperatura: 717.5254423968983
Probabilidad de aceptación: 2.74534533443475E-10
Movimiento: NO



ITERACION 135
Solucion:    91 131 0 42 65 76 38 136 62 85 115 59 53 145 70 58 55 128 116 16 100 126 48 75 28 51 25 23 112 4 2 99 27 78 95 107 103 106 44 66 135 121 98 93 41 45 141 72 120 19 49 138 69 34 84 64 18 40 113 24 110 109 32 33 105 108 30 143 125 132 122 101 144 46 147 57 15 87 39 119 140 114 92 133 149 83 68 104 52 77 3 13 118 43 127 130 82 94 61 73 36 129 137 123 88 80 124 29 81 50 97 9 1 11 134 37 86 60 47 146 21 26 20 117 148 111 142 139 63 7 17 6 74 54 67 96 12 31 5 22 102 71 14 8 10 35 89 79 56 90 
Coste: 518985221
Temperatura: 645.7728981572085
Probabilidad de aceptación: 1.7647045076767473E-4
Movimiento: NO



ITERACION 136
Solucion:    91 131 0 42 65 76 38 136 62 85 115 59 53 145 70 58 55 128 116 16 100 126 48 75 28 51 25 23 112 4 2 99 27 78 95 107 103 106 44 66 135 121 98 93 41 45 141 72 120 19 49 138 69 34 84 64 18 40 113 24 110 109 32 33 105 108 30 143 125 132 122 101 144 46 147 57 15 87 39 119 140 114 92 133 149 83 68 104 52 77 3 13 118 43 127 130 82 94 61 73 36 129 137 123 88 80 124 29 81 50 97 9 1 11 134 37 86 60 47 146 21 26 20 12 148 111 142 139 63 7 17 6 74 54 67 117 90 96 5 22 102 71 31 8 10 35 89 79 14 56 
Coste: 518810590
Temperatura: 581.1956083414876
Probabilidad de aceptación: 1.0
Movimiento: SI



ITERACION 137
Solucion:    91 131 0 42 65 76 38 136 62 85 115 59 53 145 70 58 96 128 116 16 55 126 48 75 28 51 25 100 112 4 23 99 27 78 95 2 107 106 44 66 135 121 103 93 41 45 141 72 120 98 49 138 69 34 84 19 18 40 113 24 110 109 64 33 105 108 30 32 125 132 122 101 144 143 147 57 15 87 39 119 140 114 92 133 149 83 68 104 52 77 3 13 118 43 127 130 82 94 61 73 36 129 137 123 88 80 124 29 81 50 97 9 1 11 134 37 86 60 47 146 21 26 20 12 148 111 142 46 139 7 17 63 74 54 6 117 67 5 90 22 102 71 31 8 10 35 89 79 14 56 
Coste: 515409912
Temperatura: 523.0760475073389
Probabilidad de aceptación: 5.098335503514251E-164
Movimiento: NO



ITERACION 138
Solucion:    91 131 0 42 65 76 38 136 62 85 115 59 53 145 70 58 96 128 116 16 55 126 48 75 28 51 25 100 112 4 23 99 27 78 95 2 107 106 44 66 135 121 103 93 41 45 141 72 120 98 49 138 69 34 84 90 18 40 113 19 24 109 110 33 105 108 64 30 125 132 122 101 144 32 147 57 15 87 39 119 140 114 92 133 149 83 68 104 52 77 3 13 118 43 127 130 82 94 61 73 36 129 137 123 88 80 124 29 81 50 97 9 1 11 134 37 86 60 47 146 21 143 26 20 148 111 12 46 139 142 17 7 74 54 6 117 67 5 63 22 102 71 31 8 10 35 89 79 14 56 
Coste: 514153422
Temperatura: 470.768442756605
Probabilidad de aceptación: 1.035404277493736E-168
Movimiento: NO



ITERACION 139
Solucion:    91 131 0 42 65 76 38 136 62 85 115 59 53 145 70 58 96 128 116 16 55 126 48 75 28 51 25 100 112 4 23 99 27 78 95 2 107 106 44 66 135 121 103 22 41 45 141 72 120 93 49 138 69 34 84 98 18 40 113 19 24 109 90 33 105 108 64 30 125 132 122 101 144 32 147 57 15 87 39 119 140 114 92 133 149 83 68 104 52 77 3 13 110 43 127 130 82 94 61 73 36 129 137 123 88 80 124 29 81 50 97 9 1 11 134 37 86 60 47 146 118 143 26 20 148 111 12 46 139 142 17 7 74 54 6 117 67 5 63 21 102 71 31 8 10 35 89 79 14 56 
Coste: 513131058
Temperatura: 423.6915984809445
Probabilidad de aceptación: 0.0
Movimiento: NO



ITERACION 140
Solucion:    91 102 131 0 65 76 38 136 62 85 115 59 53 145 70 58 96 128 42 116 55 16 48 75 126 51 25 100 112 28 23 99 27 78 95 2 107 106 44 66 135 121 103 22 41 45 141 72 120 93 49 138 69 34 84 98 4 18 113 19 24 109 90 33 105 108 64 30 125 132 122 101 144 32 40 57 15 87 39 119 147 114 92 133 149 83 68 140 52 77 104 13 110 43 127 130 82 3 61 73 36 129 137 123 88 80 124 29 81 50 97 9 1 11 134 37 86 60 47 146 118 143 26 20 148 111 12 46 139 142 17 7 74 54 6 117 67 5 63 21 94 71 31 8 10 35 89 79 14 56 
Coste: 509027789
Temperatura: 381.32243863285004
Probabilidad de aceptación: 0.0
Movimiento: NO



ITERACION 141
Solucion:    91 102 131 0 65 76 38 136 62 85 115 59 53 145 70 58 96 128 42 116 55 16 48 75 126 51 25 100 112 28 23 99 27 78 95 2 107 106 44 66 135 121 103 22 41 45 141 72 120 93 49 138 69 34 84 98 4 18 113 19 24 109 90 71 105 108 64 30 125 132 122 101 144 32 40 57 15 87 39 119 147 114 92 133 149 83 68 140 52 77 104 13 110 43 127 130 82 3 61 73 36 129 137 123 88 80 124 29 81 50 97 9 1 11 134 37 86 60 47 146 118 33 26 20 148 111 12 46 139 142 17 7 74 54 6 117 67 5 63 21 94 14 31 8 10 35 89 79 143 56 
Coste: 508806416
Temperatura: 343.19019476956504
Probabilidad de aceptación: 2.998824854230451E-4
Movimiento: NO



ITERACION 142
Solucion:    91 102 131 0 65 76 38 136 62 85 115 59 53 145 70 58 96 128 42 116 55 16 48 75 126 51 25 100 112 28 23 99 27 78 95 2 107 106 44 66 135 121 103 22 41 45 141 72 120 93 49 138 69 34 84 98 4 18 113 19 24 109 90 71 105 108 64 30 125 132 122 101 144 32 40 57 15 87 39 119 147 114 92 133 149 83 68 140 52 77 104 13 110 43 127 130 82 3 61 73 36 129 137 123 88 80 124 29 81 50 97 9 1 11 134 37 86 60 47 146 118 31 26 20 148 111 12 46 139 142 17 7 74 54 6 117 67 5 63 21 94 14 56 8 33 35 10 89 143 79 
Coste: 508392364
Temperatura: 308.87117529260854
Probabilidad de aceptación: 1.0
Movimiento: SI



ITERACION 143
Solucion:    91 102 8 131 0 65 76 136 38 85 115 59 53 145 70 58 96 128 42 116 55 16 48 75 126 51 25 100 112 28 62 99 27 78 95 2 107 106 44 66 135 121 23 22 41 45 141 103 120 93 49 138 69 34 84 98 4 18 113 19 72 109 24 90 105 108 64 30 125 132 122 101 144 32 40 57 15 87 39 119 147 114 92 133 149 83 68 71 52 77 104 13 140 43 127 130 82 3 61 73 36 129 137 123 88 80 124 29 81 50 97 9 1 11 134 37 86 60 47 146 118 31 26 110 148 111 12 46 139 142 17 7 74 54 6 117 67 5 63 21 94 14 56 143 20 33 10 35 89 79 
Coste: 504094007
Temperatura: 277.9840577633477
Probabilidad de aceptación: 2.2494672783664082E-41
Movimiento: NO



ITERACION 144
Solucion:    91 102 8 131 0 65 76 136 38 85 115 59 53 145 70 58 96 128 42 116 55 16 48 75 126 51 25 100 112 28 62 99 27 78 95 2 107 106 44 66 135 121 23 22 41 45 141 103 120 93 49 138 69 34 84 98 4 18 113 19 72 109 24 90 105 108 64 30 125 132 122 101 144 32 40 57 15 87 39 119 147 114 92 133 149 83 68 71 52 77 104 13 140 43 127 130 82 3 61 73 36 129 137 123 88 80 124 29 81 50 97 9 1 11 134 37 86 60 47 146 118 31 26 110 148 111 12 46 139 142 17 7 74 54 6 117 67 5 63 21 94 14 20 143 56 33 10 35 89 79 
Coste: 504086626
Temperatura: 250.18565198701296
Probabilidad de aceptación: 2.041194549549677E-7
Movimiento: NO



ITERACION 145
Solucion:    91 102 8 131 0 65 76 136 38 85 115 59 53 145 70 58 96 128 42 116 55 16 48 75 126 51 25 100 112 28 62 99 27 78 95 2 107 106 44 66 135 121 23 22 41 45 141 103 120 93 49 138 69 34 84 98 4 18 113 19 72 109 24 90 105 108 64 30 125 132 122 101 144 32 40 57 15 87 39 119 147 114 92 133 149 83 68 71 52 77 104 13 140 43 127 130 82 3 61 73 36 129 137 123 88 80 124 29 81 50 97 9 1 11 134 37 86 60 47 146 118 31 26 110 148 111 12 46 139 142 17 7 74 54 6 117 67 5 63 21 94 33 20 143 56 14 10 35 89 79 
Coste: 504053620
Temperatura: 225.16708678831168
Probabilidad de aceptación: 1.8631007992947918E-86
Movimiento: NO



ITERACION 146
Solucion:    10 102 8 131 0 65 76 136 38 85 115 59 53 145 70 58 96 128 42 116 55 16 48 75 126 51 25 100 112 28 62 99 27 78 95 2 107 106 44 66 135 121 23 22 41 45 141 91 120 93 49 138 69 34 84 98 4 18 113 19 103 109 72 24 105 108 64 30 125 132 122 101 144 32 40 57 15 90 39 119 147 114 92 87 149 83 68 71 52 77 104 13 140 43 127 130 82 3 61 73 36 129 137 123 88 80 124 29 81 50 97 9 1 11 134 37 86 60 47 146 118 133 26 31 148 110 12 46 139 142 17 7 74 54 6 117 67 5 63 21 94 33 111 20 143 56 79 35 89 14 
Coste: 502484046
Temperatura: 202.65037810948053
Probabilidad de aceptación: 1.0
Movimiento: SI



ITERACION 147
Solucion:    10 102 8 131 0 65 76 136 35 85 115 38 53 145 70 58 96 128 42 116 55 16 48 59 126 51 25 100 112 75 62 99 27 78 95 2 107 106 44 66 135 121 23 22 41 45 141 28 120 93 49 138 69 34 84 91 4 18 113 19 103 109 98 24 105 108 72 64 30 132 122 101 144 32 40 57 15 90 125 39 147 114 92 119 149 83 68 71 52 77 87 13 104 43 127 130 82 3 61 73 36 129 137 123 88 80 124 140 81 50 29 9 1 11 134 37 86 60 97 146 118 133 26 31 148 110 12 46 139 142 17 7 74 54 6 117 67 5 63 21 94 47 111 20 143 56 79 33 89 14 
Coste: 498323580
Temperatura: 182.38534029853247
Probabilidad de aceptación: 1.9662230431299537E-182
Movimiento: NO



ITERACION 148
Solucion:    10 102 8 131 0 65 76 136 89 85 115 35 53 145 70 58 96 128 42 116 55 16 48 59 126 51 25 100 112 75 62 99 27 78 95 2 107 106 44 66 135 121 23 22 41 45 141 28 120 93 49 138 69 34 84 91 4 18 113 19 103 109 98 24 105 108 72 64 30 132 122 101 144 32 40 38 15 57 125 90 147 39 92 119 149 83 68 71 52 77 87 13 104 43 127 130 82 3 61 114 73 129 137 123 88 36 124 80 81 50 29 9 1 140 134 37 86 60 11 146 118 97 26 31 148 110 12 46 139 142 17 7 74 54 6 117 67 5 63 21 94 47 111 20 143 56 79 33 133 14 
Coste: 495143173
Temperatura: 164.14680626867923
Probabilidad de aceptación: 4.014703085053905E-180
Movimiento: NO



ITERACION 149
Solucion:    10 14 102 131 0 8 76 136 89 85 115 65 53 35 70 58 145 128 42 116 55 16 48 96 126 51 59 100 112 25 62 99 27 78 95 2 107 106 44 66 135 121 23 22 41 45 141 75 28 120 93 138 69 34 49 84 4 91 113 19 18 109 103 98 105 108 72 64 30 132 122 101 144 32 40 38 15 57 125 24 147 90 92 39 149 83 68 71 52 77 119 13 104 43 127 130 82 3 61 114 73 129 137 123 88 87 124 80 81 50 29 9 1 140 134 37 86 60 11 146 36 118 26 31 148 110 12 46 139 142 17 7 74 54 6 117 67 5 63 21 97 47 111 20 143 56 79 33 133 94 
Coste: 486792701
Temperatura: 147.7321256418113
Probabilidad de aceptación: 1.0
Movimiento: SI



