ITERACION 0
Solucion:    57 84 132 34 9 40 122 94 93 76 144 10 2 110 100 1 92 74 121 77 137 111 33 22 73 26 21 95 24 59 139 8 83 67 79 108 91 128 47 146 35 114 14 41 103 3 23 136 61 70 88 15 28 30 82 134 126 143 113 63 44 98 87 135 46 27 36 0 69 119 130 80 55 6 123 89 81 117 48 109 65 51 12 64 42 118 141 72 138 102 75 145 68 16 54 5 49 120 53 105 43 127 140 124 148 52 62 38 149 17 71 60 13 56 96 37 50 107 45 86 116 129 112 125 39 90 32 115 85 78 11 20 4 66 147 31 106 29 104 25 58 97 99 101 142 133 131 19 18 7 
Coste: 658651708
Temperatura: 9.88184565E8
Probabilidad de aceptación: 1.0
Movimiento: SI



ITERACION 1
Solucion:    84 7 57 132 34 9 40 122 94 93 76 144 10 2 110 100 1 92 74 121 77 137 111 33 22 73 26 21 95 24 59 139 8 83 67 79 108 91 128 47 146 35 114 14 41 103 3 23 136 61 70 88 15 28 30 82 134 126 143 113 63 44 98 87 135 46 27 36 0 69 119 130 80 55 6 123 89 81 117 48 109 65 51 12 64 42 118 141 72 138 102 75 145 68 16 54 5 49 120 53 105 43 127 140 124 148 52 62 38 149 17 71 60 13 56 96 37 50 107 45 86 116 129 112 125 39 90 32 115 85 78 11 20 4 66 147 31 106 29 104 25 58 97 99 101 142 133 131 19 18 
Coste: 657712834
Temperatura: 8.893661085E8
Probabilidad de aceptación: 1.0
Movimiento: SI



ITERACION 2
Solucion:    57 84 18 7 132 34 9 40 122 94 93 76 144 10 2 110 100 1 92 74 121 77 137 111 33 22 73 26 21 95 24 59 139 8 83 67 79 108 91 128 47 146 35 114 14 41 103 3 23 136 61 70 88 15 28 30 82 134 126 143 113 63 44 98 87 135 46 27 36 0 69 119 130 80 55 6 123 89 81 117 48 109 65 51 12 64 42 118 141 72 138 102 75 145 68 16 54 5 49 120 53 105 43 127 140 124 148 52 62 38 149 17 71 60 13 56 96 37 50 107 45 86 116 129 112 125 39 90 32 115 85 78 11 20 4 66 147 31 106 29 104 25 58 97 99 101 142 133 131 19 
Coste: 650854771
Temperatura: 8.0042949765E8
Probabilidad de aceptación: 1.0
Movimiento: SI



ITERACION 3
Solucion:    7 57 84 19 18 132 34 9 40 122 94 93 76 144 10 2 110 100 1 92 74 121 77 137 111 33 22 73 26 21 95 24 59 139 8 83 67 79 108 91 128 47 146 35 114 14 41 103 3 23 136 61 70 88 15 28 30 82 134 126 143 113 63 44 98 87 135 46 27 36 0 69 119 130 80 55 6 123 89 81 117 48 109 65 51 12 64 42 118 141 72 138 102 75 145 68 16 54 5 49 120 53 105 43 127 140 124 148 52 62 38 149 17 71 60 13 56 96 37 50 107 45 86 116 129 112 125 39 90 32 115 85 78 11 20 4 66 147 31 106 29 104 25 58 97 99 101 142 133 131 
Coste: 645024162
Temperatura: 7.20386547885E8
Probabilidad de aceptación: 1.0
Movimiento: SI



ITERACION 4
Solucion:    18 7 57 84 131 19 132 34 9 40 122 94 93 76 144 10 2 110 100 1 92 74 121 77 137 111 33 22 73 26 21 95 24 59 139 8 83 67 79 108 91 128 47 146 35 114 14 41 103 3 23 136 61 70 88 15 28 30 82 134 126 143 113 63 44 98 87 135 46 27 36 0 69 119 130 80 55 6 123 89 81 117 48 109 65 51 12 64 42 118 141 72 138 102 75 145 68 16 54 5 49 120 53 105 43 127 140 124 148 52 62 38 149 17 71 60 13 56 96 37 50 107 45 86 116 129 112 125 39 90 32 115 85 78 11 20 4 66 147 31 106 29 25 104 58 97 99 101 142 133 
Coste: 646472514
Temperatura: 6.483478930965E8
Probabilidad de aceptación: 1.0
Movimiento: SI



ITERACION 5
Solucion:    19 18 7 57 84 133 131 132 34 9 40 122 94 93 76 144 10 2 110 100 1 92 74 121 77 137 111 33 22 73 26 21 95 24 59 139 8 83 67 79 108 91 128 47 146 35 114 14 41 103 3 23 136 61 70 88 15 28 30 82 134 126 143 113 63 44 98 87 135 46 27 36 0 69 119 130 80 55 6 123 89 81 117 48 109 65 51 12 64 42 118 141 72 138 102 75 145 68 16 54 5 49 120 53 105 43 127 140 124 148 52 62 38 149 17 71 60 13 56 96 37 50 107 45 86 116 129 112 125 39 90 32 115 85 78 11 20 4 66 147 31 106 29 25 104 58 97 99 101 142 
Coste: 643149300
Temperatura: 5.835131037868501E8
Probabilidad de aceptación: 1.0
Movimiento: SI



ITERACION 6
Solucion:    131 19 18 7 57 84 142 133 132 34 9 40 122 94 93 76 144 10 2 110 100 1 92 74 121 77 137 111 33 22 73 26 21 95 24 59 139 8 83 67 79 108 91 128 47 146 35 114 14 41 103 3 23 136 61 70 88 15 28 30 82 134 126 143 113 63 44 98 87 135 46 27 36 0 69 119 130 80 55 6 123 89 81 117 48 109 65 51 12 64 42 118 141 72 138 102 75 145 68 16 54 5 49 120 53 105 43 127 140 124 148 52 62 38 149 17 71 60 13 56 96 37 50 107 45 86 116 129 112 125 39 90 32 115 85 78 11 20 4 66 147 31 106 29 25 104 58 97 99 101 
Coste: 635593319
Temperatura: 5.251617934081651E8
Probabilidad de aceptación: 1.0
Movimiento: SI



ITERACION 7
Solucion:    133 131 19 18 7 57 84 101 142 132 34 9 40 122 94 93 76 144 10 2 110 100 1 92 74 121 77 137 111 33 22 73 26 21 95 24 59 139 8 83 67 79 108 91 128 47 146 35 114 14 41 103 3 23 136 61 70 88 15 28 30 82 134 126 143 113 63 44 98 87 135 46 27 36 0 69 119 130 80 55 6 123 89 81 117 48 109 65 51 12 64 42 118 141 72 138 102 75 145 68 16 54 5 49 120 53 105 43 127 140 124 148 52 62 38 149 17 71 60 13 56 96 37 50 107 45 86 116 129 112 125 39 90 32 115 85 78 11 20 4 66 147 31 106 29 25 104 58 97 99 
Coste: 629901589
Temperatura: 4.726456140673486E8
Probabilidad de aceptación: 1.0
Movimiento: SI



ITERACION 8
Solucion:    142 133 131 19 18 7 57 84 99 101 132 34 9 40 122 94 93 76 144 10 2 110 100 1 92 74 121 77 137 111 33 22 73 26 21 95 24 59 139 8 83 67 79 108 91 128 47 146 35 114 14 41 103 3 23 136 61 70 88 15 28 30 82 134 126 143 113 63 44 98 87 135 46 27 36 0 69 119 130 80 55 6 123 89 81 117 48 109 65 51 12 64 42 118 141 72 138 102 75 145 68 16 54 5 49 120 53 105 43 127 140 124 52 148 62 38 149 17 71 60 13 56 96 37 50 107 45 86 116 129 112 125 39 90 32 115 85 78 11 20 4 66 147 31 106 29 25 104 58 97 
Coste: 624551608
Temperatura: 4.253810526606138E8
Probabilidad de aceptación: 1.0
Movimiento: SI



ITERACION 9
Solucion:    101 142 133 131 19 18 7 57 84 97 99 132 34 9 40 122 94 93 76 144 10 2 110 100 1 92 74 121 77 137 111 33 22 73 26 21 95 24 59 139 8 83 67 79 108 91 128 47 146 35 114 14 41 103 3 23 136 61 70 88 15 28 30 82 134 126 143 113 63 44 98 87 135 46 27 36 0 69 119 130 80 55 6 123 89 81 117 48 109 65 51 12 64 42 118 141 72 138 102 75 145 68 16 54 5 49 120 53 105 43 127 140 124 52 148 62 38 149 17 71 60 13 56 96 37 50 107 45 86 116 129 112 125 39 90 32 115 85 78 11 20 4 66 147 31 106 29 25 104 58 
Coste: 627203045
Temperatura: 3.828429473945524E8
Probabilidad de aceptación: 1.0
Movimiento: SI



ITERACION 10
Solucion:    99 101 142 133 131 19 18 7 57 84 58 97 132 34 9 40 122 94 93 76 144 10 2 110 100 1 92 74 121 77 137 111 33 22 73 26 21 95 24 59 139 8 83 67 79 108 91 128 47 146 35 114 14 41 103 3 23 136 61 70 88 15 28 30 82 134 126 143 113 63 44 98 87 135 46 27 36 0 69 119 130 80 55 6 123 89 81 117 48 109 65 51 12 64 42 118 141 72 138 102 75 145 68 16 54 5 49 120 53 105 43 127 140 124 52 148 62 38 149 17 71 60 13 56 96 37 50 107 45 86 116 129 112 125 39 90 32 115 85 78 11 20 4 66 147 31 106 29 25 104 
Coste: 622783250
Temperatura: 3.445586526550972E8
Probabilidad de aceptación: 1.0
Movimiento: SI



ITERACION 11
Solucion:    97 99 101 142 133 131 19 18 7 57 84 104 58 132 34 9 40 122 94 93 76 144 10 2 110 100 1 92 74 121 77 137 111 33 22 73 26 21 95 24 59 139 8 83 67 79 108 91 128 47 146 35 114 14 41 103 3 23 136 61 70 88 15 28 30 82 134 126 143 113 63 44 98 87 135 46 27 36 0 69 119 130 80 55 6 123 89 81 117 48 109 65 51 12 64 42 118 141 72 138 102 75 145 68 16 54 5 49 120 53 105 43 127 140 124 52 148 62 38 149 17 71 60 13 56 96 37 50 107 45 86 116 129 112 125 39 90 32 115 85 78 11 20 4 66 147 31 106 29 25 
Coste: 621772714
Temperatura: 3.1010278738958746E8
Probabilidad de aceptación: 1.0
Movimiento: SI



ITERACION 12
Solucion:    58 97 99 101 142 133 131 19 18 7 57 84 25 104 132 34 9 40 122 94 93 76 144 10 2 110 100 1 92 74 121 77 137 111 33 22 73 26 21 95 24 59 139 8 83 67 79 108 91 128 47 146 35 114 14 41 103 3 23 136 61 70 88 15 28 30 82 134 126 143 113 63 44 98 87 135 46 27 36 0 69 119 130 80 55 6 123 89 81 117 48 109 65 51 12 64 42 118 141 72 138 102 75 145 68 16 54 5 49 120 53 105 43 127 140 124 52 148 62 38 149 17 71 60 13 56 96 37 50 107 45 86 116 129 112 125 39 90 32 115 85 78 11 20 4 66 147 31 106 29 
Coste: 620389589
Temperatura: 2.7909250865062875E8
Probabilidad de aceptación: 1.0
Movimiento: SI



ITERACION 13
Solucion:    104 58 97 99 101 142 133 131 19 18 7 57 84 29 25 132 34 9 40 122 94 93 76 144 10 2 110 100 1 92 74 121 77 137 111 33 22 73 26 21 95 24 59 139 8 83 67 79 108 91 128 47 146 35 114 14 41 103 3 23 136 61 70 88 15 28 30 82 134 126 143 113 63 44 98 87 135 46 27 36 0 69 119 130 80 55 6 123 89 81 117 48 109 65 51 12 64 42 118 141 72 138 102 75 145 68 16 54 5 49 120 53 105 43 127 140 124 52 148 62 38 149 17 71 60 13 56 96 37 50 107 45 86 116 129 112 125 39 90 32 115 85 78 11 20 4 66 147 31 106 
Coste: 618350559
Temperatura: 2.5118325778556588E8
Probabilidad de aceptación: 1.0
Movimiento: SI



ITERACION 14
Solucion:    25 104 58 97 99 101 142 133 131 19 18 7 57 84 106 29 132 34 9 40 122 94 93 76 144 10 2 110 100 1 92 74 121 77 137 111 33 22 73 26 21 95 24 59 139 8 83 67 79 108 91 128 47 146 35 114 14 41 103 3 23 136 61 70 88 15 28 30 82 134 126 143 113 63 44 98 87 135 46 27 36 0 69 119 130 80 55 6 123 89 81 117 48 109 65 51 12 64 42 118 141 72 138 102 75 145 68 16 54 5 49 120 53 105 43 127 140 124 52 148 62 38 149 17 71 60 13 56 96 37 50 107 45 86 116 129 112 125 39 90 32 115 85 78 20 11 4 66 147 31 
Coste: 613923032
Temperatura: 2.260649320070093E8
Probabilidad de aceptación: 1.0
Movimiento: SI



ITERACION 15
Solucion:    29 25 104 58 97 99 101 142 133 131 19 18 7 57 84 31 106 132 34 9 40 122 94 93 76 144 10 2 110 100 1 92 74 121 77 137 111 33 22 73 26 21 95 24 59 139 8 83 67 79 108 91 128 47 146 35 114 14 41 103 3 23 136 61 70 88 15 28 30 82 134 126 143 113 63 44 98 87 135 46 27 36 0 69 119 130 80 55 6 123 89 81 117 48 109 65 51 12 64 42 118 141 72 138 102 75 145 68 16 54 5 49 120 53 105 43 127 140 124 52 148 62 38 149 17 71 60 13 56 96 37 50 107 45 86 116 129 112 125 39 90 32 115 85 78 20 11 4 66 147 
Coste: 612893772
Temperatura: 2.0345843880630836E8
Probabilidad de aceptación: 1.0
Movimiento: SI



ITERACION 16
Solucion:    106 29 25 104 58 97 99 101 142 133 131 19 18 7 57 84 147 31 132 34 9 40 122 94 93 76 144 10 2 110 100 1 92 74 121 77 137 111 33 22 73 26 21 95 24 59 139 8 83 67 79 108 91 128 47 146 35 114 14 41 103 3 23 136 61 70 88 15 28 30 82 134 126 143 113 63 44 98 87 135 46 27 36 0 69 119 130 80 55 6 123 89 81 117 48 109 65 51 12 64 42 118 141 72 138 102 75 145 68 16 54 5 49 120 53 105 43 127 140 124 52 148 62 38 149 17 71 60 13 56 96 37 50 107 45 86 116 129 112 125 39 90 32 115 85 78 20 11 4 66 
Coste: 607471438
Temperatura: 1.8311259492567754E8
Probabilidad de aceptación: 1.0
Movimiento: SI



ITERACION 17
Solucion:    31 106 29 25 104 58 97 99 101 142 133 131 19 18 7 57 84 66 147 132 34 9 40 122 94 93 76 144 10 2 110 100 1 92 74 121 77 137 111 33 22 73 26 21 95 24 59 139 8 83 67 79 108 91 128 47 146 35 114 14 41 103 3 23 136 61 70 88 15 28 30 82 134 126 143 113 63 44 98 87 135 46 27 36 0 69 119 130 80 55 6 123 89 81 117 48 109 65 51 12 64 42 118 141 72 138 102 75 145 68 16 54 5 49 120 53 105 43 127 140 124 52 148 62 38 149 17 71 60 13 56 96 37 50 107 45 86 116 129 112 125 39 90 32 115 85 78 20 11 4 
Coste: 599001573
Temperatura: 1.648013354331098E8
Probabilidad de aceptación: 1.0
Movimiento: SI



ITERACION 18
Solucion:    147 31 106 29 25 104 58 97 99 101 142 133 131 19 18 7 57 84 4 66 132 34 9 40 122 94 93 76 144 10 2 110 100 1 92 74 121 77 137 111 33 22 73 26 21 95 24 59 139 8 83 67 79 108 91 128 47 146 35 114 14 41 103 3 23 136 61 70 88 15 28 30 82 134 126 143 113 63 44 98 87 135 46 27 36 0 69 119 130 80 55 6 123 89 81 117 48 109 65 51 12 64 42 118 141 72 138 102 75 145 68 16 54 5 49 120 53 105 43 127 140 124 52 148 62 38 149 17 71 60 13 56 96 37 50 107 45 86 116 129 112 125 39 90 32 115 85 78 20 11 
Coste: 601266445
Temperatura: 1.4832120188979882E8
Probabilidad de aceptación: 1.0
Movimiento: SI



ITERACION 19
Solucion:    66 147 31 106 29 25 104 58 97 99 101 142 133 131 19 18 7 57 84 11 4 132 34 9 40 122 94 93 76 144 10 2 110 100 1 92 74 121 77 137 111 33 22 73 26 21 95 24 59 139 8 83 67 79 108 91 128 47 146 35 114 14 41 103 3 23 136 61 70 88 15 28 30 82 134 126 143 113 63 44 98 87 135 46 27 36 0 69 119 130 80 55 6 123 89 81 117 48 109 65 51 12 64 42 118 141 72 138 102 75 145 68 16 54 5 49 120 53 105 43 127 140 124 52 148 62 38 149 17 71 60 13 56 96 37 50 107 45 86 116 129 112 125 39 90 32 115 85 78 20 
Coste: 596114142
Temperatura: 1.3348908170081894E8
Probabilidad de aceptación: 1.0
Movimiento: SI



ITERACION 20
Solucion:    4 66 147 31 106 29 25 104 58 97 99 101 142 133 131 19 18 7 57 84 20 11 132 34 9 40 122 94 93 76 144 10 2 110 100 1 92 74 121 77 137 111 33 22 73 26 21 95 24 59 139 8 83 67 79 108 91 128 47 146 35 114 14 41 103 3 23 136 61 70 88 15 28 30 82 134 126 143 113 63 44 98 87 135 46 27 36 0 69 119 130 80 55 6 123 89 81 117 48 109 65 51 12 64 42 118 141 72 138 102 75 145 68 16 54 5 49 120 53 105 43 127 140 124 52 148 62 38 149 17 71 60 13 56 96 37 50 107 45 86 116 112 129 125 39 90 32 115 85 78 
Coste: 595275845
Temperatura: 1.2014017353073704E8
Probabilidad de aceptación: 1.0
Movimiento: SI



ITERACION 21
Solucion:    11 4 66 147 31 106 29 25 104 58 97 99 101 142 133 131 19 18 7 57 84 78 20 132 34 9 40 122 94 93 76 144 10 2 110 100 1 92 74 121 77 137 111 33 22 73 26 21 95 24 59 139 8 83 67 79 108 91 128 47 146 35 114 14 41 103 3 23 136 61 70 88 15 28 30 82 134 126 143 113 63 44 98 87 135 46 27 36 0 69 119 130 80 55 6 123 89 81 117 48 109 65 51 12 64 42 118 141 72 138 102 75 145 68 16 54 5 49 120 53 105 43 127 140 124 52 148 62 38 149 17 71 60 13 56 96 37 50 107 45 86 116 112 129 125 39 90 32 115 85 
Coste: 590653965
Temperatura: 1.0812615617766334E8
Probabilidad de aceptación: 1.0
Movimiento: SI



ITERACION 22
Solucion:    20 11 4 66 147 31 106 29 25 104 58 97 99 101 142 133 131 19 18 7 57 84 85 78 132 34 9 40 122 94 93 76 144 10 2 110 100 1 92 74 121 77 137 111 33 22 73 26 21 95 24 59 139 8 83 67 79 108 91 128 47 146 35 114 14 41 103 3 23 136 61 70 88 15 28 30 82 134 126 143 113 63 44 98 87 135 46 36 27 0 69 119 130 80 55 6 123 89 81 117 48 109 65 51 12 64 42 118 141 72 138 102 75 145 68 16 54 5 49 120 53 105 43 127 140 124 52 148 62 38 149 17 71 60 13 56 96 37 50 45 107 116 86 112 129 125 39 90 32 115 
Coste: 581715671
Temperatura: 9.7313540559897E7
Probabilidad de aceptación: 1.0
Movimiento: SI



ITERACION 23
Solucion:    78 20 11 4 66 147 31 106 29 25 104 58 97 99 101 142 133 131 19 18 7 57 84 115 85 132 34 9 40 122 94 93 76 144 10 2 110 100 1 92 74 121 77 111 137 33 22 73 26 21 95 24 59 139 8 83 67 79 108 91 128 146 47 35 114 14 41 103 3 23 136 61 70 88 15 28 30 82 134 126 143 113 63 44 98 87 135 46 36 27 0 69 119 130 80 55 6 123 89 81 117 48 109 65 51 12 64 42 118 141 72 138 102 75 145 68 16 54 5 49 120 53 105 43 127 140 124 52 148 62 38 149 17 71 60 13 56 96 37 50 45 107 116 86 112 129 125 39 90 32 
Coste: 585574237
Temperatura: 8.758218650390731E7
Probabilidad de aceptación: 1.0
Movimiento: SI



ITERACION 24
Solucion:    85 78 20 11 4 66 147 31 106 29 25 104 58 97 99 101 142 133 131 19 18 7 57 84 32 115 34 132 9 40 122 94 93 76 144 10 2 110 100 1 92 74 121 77 111 137 33 22 73 26 21 95 24 59 139 8 83 67 79 108 91 128 146 47 35 114 14 41 103 3 23 136 61 70 88 15 28 30 82 134 126 143 113 63 44 98 87 135 46 36 27 0 69 119 130 80 55 6 123 89 81 117 48 109 65 51 12 64 42 118 141 72 138 102 75 145 68 16 54 5 49 120 53 105 43 127 140 124 52 148 62 38 149 17 71 60 13 56 96 37 50 45 107 116 86 112 129 125 39 90 
Coste: 581172808
Temperatura: 7.882396785351658E7
Probabilidad de aceptación: 1.0
Movimiento: SI



ITERACION 25
Solucion:    115 85 78 20 11 4 66 147 31 106 29 25 104 58 97 99 101 142 133 131 19 18 7 57 84 90 32 34 132 9 40 122 94 93 76 144 10 2 110 100 1 92 74 121 77 111 137 33 22 73 26 21 95 24 59 139 8 83 67 79 108 91 128 146 47 35 114 14 41 103 3 23 136 61 70 88 15 28 30 82 134 126 143 113 63 44 98 87 135 46 36 27 0 69 119 130 80 55 6 123 89 81 117 48 109 65 51 12 64 42 118 141 72 138 102 75 145 68 16 54 5 49 120 53 105 43 127 140 124 52 148 62 38 149 17 71 60 13 56 96 37 50 45 107 116 86 112 129 39 125 
Coste: 577609005
Temperatura: 7.094157106816493E7
Probabilidad de aceptación: 1.0
Movimiento: SI



ITERACION 26
Solucion:    32 115 85 78 20 11 4 66 147 31 106 29 25 104 58 97 99 101 142 133 131 19 18 7 57 84 125 90 34 132 9 40 122 94 93 76 144 10 2 110 100 1 92 74 121 77 111 137 33 22 73 26 21 95 24 59 139 8 83 67 79 108 91 128 146 47 35 114 14 41 103 3 23 136 61 70 88 15 28 30 82 134 126 143 113 63 44 98 87 135 46 36 27 0 119 69 130 80 55 6 123 89 81 117 48 109 65 51 12 64 42 118 141 72 138 102 75 145 68 16 54 5 49 120 53 105 43 127 140 124 52 148 62 38 149 17 71 60 13 56 96 37 50 45 107 116 86 112 129 39 
Coste: 576108963
Temperatura: 6.384741396134844E7
Probabilidad de aceptación: 1.0
Movimiento: SI



ITERACION 27
Solucion:    90 32 115 85 78 20 11 66 4 147 31 106 29 25 104 58 97 99 101 142 133 131 19 18 7 57 84 39 125 34 132 9 40 122 94 93 76 144 10 2 110 100 1 92 74 121 77 111 137 33 22 73 26 21 95 24 59 139 8 83 67 79 108 91 128 146 47 35 114 14 41 103 3 23 136 61 70 88 15 28 30 82 134 126 143 113 63 44 98 87 135 46 36 27 0 119 69 130 80 55 6 123 89 81 117 48 109 65 51 12 64 42 118 141 72 138 102 75 145 68 16 54 5 49 120 53 105 43 127 140 124 52 148 62 38 149 17 71 60 13 56 96 37 50 45 107 116 86 112 129 
Coste: 573356015
Temperatura: 5.746267256521359E7
Probabilidad de aceptación: 1.0
Movimiento: SI



ITERACION 28
Solucion:    125 90 32 115 85 78 20 11 66 4 147 31 106 29 25 104 58 97 99 101 142 133 131 19 18 7 57 84 129 39 34 132 9 40 122 94 93 76 144 10 2 110 100 1 92 74 121 77 111 137 33 22 73 26 21 95 24 59 139 8 83 67 79 108 91 128 146 47 35 114 14 41 103 3 23 136 61 70 88 15 28 30 82 134 126 143 113 63 44 98 87 135 46 36 27 0 119 69 130 80 55 6 123 89 81 117 48 109 65 51 12 64 42 118 141 72 138 102 75 145 68 16 54 5 49 120 53 105 43 127 140 124 52 148 62 38 149 17 71 60 13 56 96 37 50 45 107 116 86 112 
Coste: 570577890
Temperatura: 5.171640530869223E7
Probabilidad de aceptación: 1.0
Movimiento: SI



ITERACION 29
Solucion:    39 125 90 32 115 85 78 20 11 66 4 147 31 106 29 25 104 58 97 99 101 142 133 131 19 18 7 57 84 112 129 34 132 9 40 122 94 93 76 144 10 2 110 100 1 92 74 121 77 111 137 33 22 73 26 21 95 24 59 139 8 83 67 79 91 108 128 146 47 35 114 14 41 103 3 23 136 61 70 88 15 28 30 82 134 126 143 113 63 44 98 87 135 46 36 27 0 119 69 130 80 55 6 123 89 81 117 48 65 109 51 12 64 42 118 141 72 138 102 75 145 68 16 54 5 49 120 53 105 127 43 140 124 52 148 38 62 149 17 71 60 13 56 96 37 50 45 107 116 86 
Coste: 563471703
Temperatura: 4.654476477782301E7
Probabilidad de aceptación: 1.0
Movimiento: SI



ITERACION 30
Solucion:    129 39 125 90 32 115 85 78 20 11 66 4 147 31 106 29 25 104 58 97 99 101 142 133 131 19 18 7 57 84 86 112 34 132 9 40 122 94 93 76 144 10 2 110 100 1 92 74 121 77 111 137 33 22 73 26 21 95 24 59 139 8 83 67 79 91 108 128 146 47 35 114 14 41 103 3 23 136 61 70 88 15 28 30 82 134 126 143 113 63 44 98 87 135 46 36 27 0 119 69 130 80 55 6 123 89 81 117 48 65 109 51 12 64 42 118 141 72 138 102 75 145 68 16 54 5 49 120 53 105 127 43 140 52 124 148 38 62 149 17 71 60 13 56 96 37 50 45 107 116 
Coste: 562447972
Temperatura: 4.189028830004071E7
Probabilidad de aceptación: 1.0
Movimiento: SI



ITERACION 31
Solucion:    112 129 39 125 90 32 115 85 78 20 11 66 4 147 31 106 29 25 104 58 97 99 101 142 133 131 19 18 7 57 84 116 86 34 132 9 40 122 94 93 76 144 10 2 110 100 1 92 74 121 77 111 137 33 22 73 26 21 95 24 59 139 8 83 67 79 91 108 128 146 47 35 114 14 41 103 3 23 136 61 70 88 15 30 28 82 134 126 143 113 63 44 98 87 135 46 36 27 0 119 69 130 80 55 6 123 89 81 117 48 65 109 51 12 64 42 118 141 72 138 102 75 145 68 16 54 5 49 120 53 105 127 43 140 52 124 148 38 62 149 17 71 60 13 56 96 37 50 45 107 
Coste: 565425263
Temperatura: 3.770125947003664E7
Probabilidad de aceptación: 1.0
Movimiento: SI



ITERACION 32
Solucion:    86 112 129 39 125 90 115 32 85 78 20 11 66 4 147 31 106 29 25 104 58 97 99 101 142 133 131 19 18 7 57 84 107 116 34 132 9 40 122 94 93 76 144 10 2 110 100 1 92 74 121 77 111 137 33 22 73 26 21 95 24 59 139 8 83 67 79 91 108 128 146 47 35 114 14 41 103 3 23 136 61 70 88 15 30 28 82 134 126 143 113 63 44 98 87 135 46 36 27 0 119 69 130 80 55 6 123 89 81 117 48 65 109 51 12 64 42 118 141 72 138 102 75 145 68 16 54 5 49 120 53 105 127 43 140 52 124 148 38 62 149 17 71 60 13 56 96 37 50 45 
Coste: 560955780
Temperatura: 3.393113352303298E7
Probabilidad de aceptación: 1.0
Movimiento: SI



ITERACION 33
Solucion:    116 86 112 129 39 125 90 115 32 85 78 20 11 66 4 147 31 106 29 25 104 58 97 99 101 142 133 131 19 18 7 57 84 45 107 34 132 9 40 122 94 93 76 144 10 2 110 100 1 92 74 121 77 111 137 33 22 73 26 21 95 24 59 139 8 83 67 79 91 108 128 146 47 35 114 14 41 103 3 23 136 61 70 88 15 30 28 82 134 126 113 143 63 44 98 87 135 46 36 27 0 119 69 130 80 55 6 123 89 81 117 48 65 109 51 12 64 42 118 141 72 138 102 75 145 68 16 54 5 49 120 53 105 127 43 140 52 124 148 38 62 149 17 71 60 13 56 96 37 50 
Coste: 560039359
Temperatura: 3.053802017072968E7
Probabilidad de aceptación: 1.0
Movimiento: SI



ITERACION 34
Solucion:    107 116 86 112 39 129 125 90 115 32 85 78 20 11 66 4 147 31 106 29 25 104 58 97 99 101 142 133 131 19 18 7 57 84 50 45 34 132 9 40 122 94 93 76 144 10 2 110 100 1 92 74 121 77 111 33 137 22 73 26 21 95 24 59 139 8 83 67 79 91 108 128 146 47 35 114 14 41 103 3 23 136 61 70 88 15 30 28 82 134 126 113 143 63 44 98 87 135 46 36 27 0 119 69 130 80 55 6 123 89 81 117 48 65 109 51 12 64 42 118 141 72 138 102 75 145 68 16 54 5 49 120 53 105 127 43 140 52 124 148 38 62 149 17 71 60 13 56 96 37 
Coste: 564331108
Temperatura: 2.7484218153656714E7
Probabilidad de aceptación: 1.0
Movimiento: SI



ITERACION 35
Solucion:    45 107 116 86 112 39 129 125 90 115 32 85 78 20 11 66 4 147 31 106 29 25 104 58 97 99 101 142 133 131 19 18 7 57 84 37 50 34 132 9 40 122 94 93 76 144 10 2 110 100 1 92 74 121 77 111 33 137 22 73 26 21 95 24 59 139 8 83 67 79 91 108 128 146 47 35 114 14 41 103 3 23 136 61 70 88 15 30 28 82 134 113 126 143 63 44 98 87 135 46 36 27 0 119 69 130 80 55 6 123 89 81 117 48 65 109 51 12 64 42 118 141 72 138 102 75 145 68 16 54 5 49 120 105 127 53 43 140 52 124 148 38 149 17 62 71 60 13 56 96 
Coste: 563400489
Temperatura: 2.473579633829104E7
Probabilidad de aceptación: 1.0
Movimiento: SI



ITERACION 36
Solucion:    50 45 107 116 86 112 39 129 125 90 115 32 85 78 20 11 66 4 147 31 106 29 25 104 58 97 99 101 142 133 131 19 18 7 57 84 96 37 34 132 9 40 122 94 93 76 144 10 2 110 100 1 92 74 121 77 111 33 137 22 73 26 21 95 24 59 139 8 83 67 79 91 108 128 146 47 35 114 14 41 103 3 23 136 61 70 88 15 30 28 82 134 113 126 143 63 44 98 87 135 46 36 27 0 119 69 130 80 55 6 123 89 81 117 48 65 51 109 12 64 42 118 141 72 138 102 75 145 68 16 54 5 49 120 105 127 53 43 140 52 124 148 38 149 17 62 71 60 13 56 
Coste: 559921586
Temperatura: 2.226221670446194E7
Probabilidad de aceptación: 1.0
Movimiento: SI



ITERACION 37
Solucion:    37 50 45 107 116 86 112 39 129 125 90 115 32 85 78 20 11 66 4 147 31 106 29 25 104 58 97 99 101 142 133 131 19 18 7 57 84 56 96 34 132 9 40 122 94 93 76 144 10 2 110 100 1 92 74 121 77 111 33 137 22 73 26 21 95 24 59 139 8 83 67 79 91 108 128 146 47 35 114 14 41 103 3 136 23 61 70 88 15 30 28 82 134 113 126 143 63 44 98 87 135 46 36 27 119 0 69 130 80 55 6 123 89 81 117 48 65 51 109 12 64 42 118 141 72 138 102 75 145 68 16 54 5 49 120 105 127 53 43 140 52 124 148 38 149 17 62 71 60 13 
Coste: 560774064
Temperatura: 2.0035995034015745E7
Probabilidad de aceptación: 1.0
Movimiento: SI



ITERACION 38
Solucion:    96 37 50 45 107 116 86 112 39 129 125 90 115 32 85 78 20 11 66 4 147 31 106 29 25 104 58 97 99 101 142 133 131 19 18 7 57 84 60 56 34 132 9 40 122 94 93 76 144 10 2 110 100 1 92 74 121 77 111 33 137 22 73 26 21 95 24 59 139 8 83 67 79 91 108 128 146 47 35 114 14 41 103 3 136 23 61 70 88 15 30 28 82 134 113 126 143 63 44 98 87 135 46 36 27 119 0 69 130 80 55 6 123 89 81 117 48 65 51 109 12 64 42 118 141 72 102 138 75 145 68 16 54 5 49 120 105 127 53 43 140 52 124 148 38 17 149 71 62 13 
Coste: 559125713
Temperatura: 1.803239553061417E7
Probabilidad de aceptación: 0.9967873517992364
Movimiento: NO



ITERACION 39
Solucion:    56 96 37 50 45 107 116 86 112 39 129 125 90 115 32 85 78 20 11 66 4 147 31 106 29 25 104 58 97 99 101 142 133 131 19 18 7 57 84 13 60 34 132 9 40 122 94 93 76 144 10 2 110 100 1 92 74 121 77 111 33 137 22 73 26 21 95 24 59 139 8 83 67 79 91 108 128 146 47 35 114 14 41 103 3 136 23 61 70 88 15 30 28 82 134 113 126 143 63 44 98 87 135 46 36 27 119 0 69 130 80 55 6 123 89 81 117 48 65 51 109 12 64 42 118 141 72 102 138 75 145 68 16 54 5 49 120 105 127 53 43 140 52 124 148 38 17 149 71 62 
Coste: 553854303
Temperatura: 1.6229155977552755E7
Probabilidad de aceptación: 1.0
Movimiento: SI



ITERACION 40
Solucion:    60 56 96 37 50 45 107 116 86 39 112 129 125 90 115 32 85 78 20 11 66 4 147 31 106 29 25 104 58 97 99 101 142 133 131 19 18 7 57 84 62 13 34 132 9 40 122 94 93 76 144 10 2 110 100 1 92 74 121 77 111 33 137 22 73 26 21 95 24 59 139 8 83 67 79 91 108 128 146 47 35 114 14 41 103 3 136 23 61 70 88 15 30 28 82 134 113 126 143 63 44 98 87 135 46 36 27 119 0 69 130 80 55 6 123 89 81 117 48 65 51 109 12 64 42 118 141 72 102 138 75 145 68 16 54 5 49 120 105 127 53 140 52 124 148 38 43 17 149 71 
Coste: 553671934
Temperatura: 1.460624037979748E7
Probabilidad de aceptación: 1.0
Movimiento: SI



ITERACION 41
Solucion:    13 60 56 96 37 50 45 107 116 86 39 112 129 125 90 115 32 85 78 20 11 66 4 147 31 106 29 25 104 58 97 99 101 142 133 131 19 18 7 57 84 71 62 34 132 9 40 122 94 93 76 144 10 2 110 100 1 92 74 121 77 111 33 137 22 73 26 21 95 24 59 139 8 83 67 79 91 108 146 128 47 35 114 14 41 103 3 136 23 61 70 88 15 30 28 82 134 113 126 143 63 44 98 87 135 46 27 36 119 0 69 130 80 55 6 123 89 81 117 48 65 51 109 12 64 42 118 141 72 102 138 75 145 68 54 16 5 49 120 105 127 53 140 52 148 124 38 43 17 149 
Coste: 552885901
Temperatura: 1.3145616341817731E7
Probabilidad de aceptación: 1.0
Movimiento: SI



ITERACION 42
Solucion:    13 62 60 56 96 37 50 45 107 116 86 39 112 129 125 90 115 32 85 78 20 11 66 4 147 31 106 29 25 104 58 97 99 101 142 133 131 19 18 7 57 84 149 71 34 132 9 40 122 94 93 76 144 10 2 110 100 1 92 74 121 77 111 33 137 22 73 26 21 95 24 59 139 8 83 67 79 91 108 146 128 47 35 114 14 41 103 3 136 23 61 70 88 15 30 28 82 134 113 126 143 63 44 98 87 135 46 27 36 119 0 69 130 80 55 6 123 89 81 117 48 65 51 109 12 42 64 118 141 72 102 138 75 145 68 54 16 5 49 120 105 127 53 52 140 124 148 38 17 43 
Coste: 550436677
Temperatura: 1.1831054707635958E7
Probabilidad de aceptación: 1.0
Movimiento: SI



ITERACION 43
Solucion:    71 13 62 60 56 96 37 50 45 116 107 86 39 112 129 125 90 115 32 85 78 20 11 66 4 147 31 106 29 25 104 58 97 99 101 142 133 131 19 18 7 57 84 43 149 34 132 9 40 122 94 93 76 144 10 2 110 100 1 92 74 121 77 111 33 137 22 73 26 21 95 24 59 139 8 83 67 91 79 108 146 128 47 35 114 14 41 103 3 136 23 61 70 88 15 30 28 82 134 113 126 143 63 44 98 87 135 46 27 36 119 0 69 130 80 55 6 123 89 81 117 48 65 51 109 12 42 64 118 141 72 102 138 75 145 68 54 16 5 49 120 127 105 53 52 140 124 148 17 38 
Coste: 545756887
Temperatura: 1.0647949236872362E7
Probabilidad de aceptación: 1.0
Movimiento: SI



ITERACION 44
Solucion:    71 149 13 62 60 56 96 37 50 45 116 107 86 39 112 129 125 90 115 32 85 78 20 11 66 4 147 31 106 29 25 104 58 97 99 101 142 133 131 19 18 7 57 84 38 43 34 132 9 40 122 94 93 76 144 10 2 110 100 1 92 74 121 77 111 33 137 22 73 26 21 95 24 59 139 8 83 67 91 79 108 146 128 47 35 114 14 41 103 3 136 23 61 70 88 15 30 28 82 134 113 126 143 63 44 98 87 135 46 27 36 119 0 69 130 80 6 55 123 89 81 117 48 65 51 12 109 42 64 118 141 72 102 138 75 145 68 54 16 5 49 120 127 105 53 52 140 124 148 17 
Coste: 539683604
Temperatura: 9583154.313185126
Probabilidad de aceptación: 1.0
Movimiento: SI



ITERACION 45
Solucion:    43 71 149 13 62 60 56 96 37 50 45 116 107 86 39 112 129 125 90 115 32 85 78 20 11 66 4 147 106 31 29 25 104 58 97 99 101 142 133 131 19 18 7 57 84 17 38 34 132 9 40 122 94 93 76 144 10 2 110 100 1 92 74 121 77 111 33 137 22 73 26 21 95 24 59 139 8 83 67 91 79 108 146 128 47 35 114 14 41 103 3 136 23 61 70 88 15 30 28 82 134 113 126 143 63 44 87 98 135 46 27 36 119 0 69 130 80 6 55 123 89 81 117 48 65 51 12 109 42 64 118 141 72 102 138 75 145 68 54 16 5 49 120 127 105 53 52 140 124 148 
Coste: 541928185
Temperatura: 8624838.881866613
Probabilidad de aceptación: 1.0
Movimiento: SI



ITERACION 46
Solucion:    38 43 71 149 13 62 60 56 96 37 50 45 116 107 86 39 112 129 125 90 115 32 85 78 11 20 66 4 147 106 31 29 25 104 58 97 99 101 142 133 131 19 18 7 57 84 148 17 34 132 9 40 122 94 93 76 144 10 2 110 100 1 92 74 121 77 111 33 137 73 22 26 21 95 24 59 139 8 83 67 91 79 108 146 47 128 114 35 14 41 103 136 3 23 61 70 88 15 30 28 82 134 113 126 143 63 44 87 98 135 46 27 36 119 0 130 69 80 6 55 123 89 81 117 48 65 51 12 109 42 64 118 141 72 102 138 75 145 68 54 16 5 49 120 127 105 53 52 140 124 
Coste: 542677267
Temperatura: 7762354.993679952
Probabilidad de aceptación: 1.0
Movimiento: SI



ITERACION 47
Solucion:    17 38 43 71 149 13 62 60 56 96 37 50 116 45 107 86 39 112 129 125 90 115 32 85 78 11 20 66 4 147 106 31 29 25 104 58 97 101 99 142 133 131 19 18 7 57 84 124 148 34 132 9 40 122 94 93 76 144 10 2 110 100 1 92 74 121 77 33 111 137 73 22 26 95 21 24 59 139 8 83 67 91 79 108 146 47 128 114 35 14 41 103 136 3 23 61 70 88 15 30 28 82 134 113 126 143 63 87 44 98 135 46 27 36 119 0 130 69 6 80 55 123 89 81 117 48 65 51 12 42 109 64 118 72 141 102 138 75 145 68 54 16 5 49 127 120 105 52 53 140 
Coste: 538322085
Temperatura: 6986119.494311957
Probabilidad de aceptación: 1.0
Movimiento: SI



ITERACION 48
Solucion:    148 17 38 43 71 149 13 62 60 96 56 50 37 116 45 107 86 39 112 125 129 90 115 32 85 78 11 20 66 4 106 147 31 29 25 104 58 97 101 99 142 133 131 19 18 7 57 84 140 124 34 132 9 40 122 94 93 76 144 10 2 110 100 1 92 74 121 77 33 111 137 73 26 22 95 21 24 59 139 8 83 67 91 79 108 146 47 128 114 35 14 41 103 136 3 23 61 70 88 15 30 28 82 134 113 126 143 63 87 44 98 135 46 27 36 119 0 130 69 6 55 80 123 89 81 117 48 65 51 42 12 109 64 118 72 141 102 138 75 145 68 54 16 5 49 127 120 105 52 53 
Coste: 538014288
Temperatura: 6287507.544880761
Probabilidad de aceptación: 1.0
Movimiento: SI



ITERACION 49
Solucion:    124 148 17 38 43 71 149 13 62 60 96 50 56 37 116 45 107 86 39 112 125 129 90 115 32 85 78 11 20 66 4 106 147 31 29 25 104 58 97 101 99 142 133 131 19 18 7 57 84 53 140 34 132 9 40 122 94 93 76 144 10 2 110 100 1 92 74 77 121 33 111 137 73 26 22 95 21 24 139 59 8 83 67 91 79 108 146 47 128 114 35 14 41 103 136 3 23 61 70 88 15 30 28 82 134 126 113 143 63 87 98 44 135 46 27 36 119 0 130 69 55 6 80 123 89 81 117 48 65 51 42 12 109 64 118 72 102 141 138 75 145 68 54 16 5 49 127 120 105 52 
Coste: 539682433
Temperatura: 5658756.790392685
Probabilidad de aceptación: 1.0
Movimiento: SI



ITERACION 50
Solucion:    140 124 148 17 38 43 71 149 13 62 60 96 50 56 37 116 45 86 107 39 112 125 90 115 32 129 85 78 11 20 66 106 4 147 31 29 25 104 58 97 101 99 142 133 131 19 18 7 57 84 52 53 34 132 9 40 122 94 93 76 144 2 10 110 100 1 92 74 77 121 33 111 137 26 73 22 95 21 24 139 59 8 83 67 91 79 108 47 146 128 114 35 14 41 103 136 3 23 61 70 88 15 30 28 82 134 126 113 143 63 87 98 44 135 46 27 36 119 0 130 55 69 6 80 89 123 81 117 48 65 51 42 12 64 109 72 118 102 141 138 75 145 68 54 16 5 49 127 120 105 
Coste: 537056903
Temperatura: 5092881.111353416
Probabilidad de aceptación: 1.0
Movimiento: SI



ITERACION 51
Solucion:    53 140 124 148 17 38 71 43 149 13 62 60 96 50 56 37 116 45 86 107 39 112 90 125 115 32 129 85 78 11 20 106 66 4 147 31 29 25 104 58 97 101 142 99 133 131 19 18 7 57 84 120 52 34 132 9 40 122 94 93 76 144 2 110 10 100 1 92 74 77 121 33 111 137 26 73 95 21 22 24 139 59 8 83 67 91 79 108 47 146 128 114 35 14 41 103 136 3 61 23 70 88 30 15 28 82 134 126 113 143 63 87 98 44 135 46 27 36 119 0 130 55 6 69 80 89 123 81 117 48 65 51 42 12 64 109 72 118 102 141 138 75 145 54 68 16 5 49 127 105 
Coste: 533040449
Temperatura: 4583593.000218075
Probabilidad de aceptación: 0.7209113286318667
Movimiento: NO



ITERACION 52
Solucion:    52 53 140 148 17 124 38 71 43 149 13 62 60 50 96 56 37 116 45 86 107 39 112 90 115 32 125 129 85 78 20 11 106 66 4 147 31 29 25 104 58 97 101 142 99 133 131 19 18 7 57 84 105 120 34 132 9 40 122 94 76 93 144 2 110 10 100 92 1 74 77 121 33 111 137 26 73 95 21 24 22 139 59 8 83 67 91 79 108 47 146 128 114 35 14 41 103 136 3 61 23 70 88 30 15 28 82 126 134 113 143 87 63 98 44 135 46 27 36 119 0 130 55 6 69 80 89 123 81 117 48 65 51 42 64 12 72 118 109 102 141 75 145 54 138 68 16 5 49 127 
Coste: 532445631
Temperatura: 4125233.7001962676
Probabilidad de aceptación: 1.0
Movimiento: SI



ITERACION 53
Solucion:    120 52 53 140 148 17 124 38 71 43 149 13 62 50 60 56 96 37 116 45 86 107 39 112 115 90 32 125 129 85 20 78 106 11 66 4 147 31 29 25 104 58 97 101 142 99 133 131 19 18 57 7 84 127 105 34 132 9 40 122 94 76 93 144 2 110 10 92 100 1 74 77 121 33 111 137 26 73 95 24 21 22 139 59 8 83 91 67 79 108 146 47 128 114 35 14 41 103 136 3 61 23 70 88 30 15 28 82 126 134 113 143 87 63 98 44 135 46 27 36 119 0 130 55 6 69 80 89 123 81 117 48 65 42 51 64 72 12 118 102 109 141 75 145 54 138 68 16 5 49 
Coste: 526760121
Temperatura: 3712710.330176641
Probabilidad de aceptación: 1.0
Movimiento: SI



ITERACION 54
Solucion:    105 120 52 53 140 17 148 124 71 38 43 149 62 13 50 56 60 96 116 37 45 86 107 39 112 115 90 32 125 129 85 20 78 106 11 66 4 147 31 29 25 104 58 97 101 142 99 133 131 19 18 57 7 84 49 127 34 132 9 40 122 94 76 93 144 2 110 10 92 100 1 77 74 121 33 111 137 26 73 95 24 21 139 59 8 83 22 91 67 79 108 146 47 128 114 35 14 41 103 136 3 61 23 70 88 30 15 28 126 82 134 113 143 87 63 98 44 135 46 27 119 36 0 130 55 6 69 80 89 123 81 117 48 65 42 51 64 72 12 118 102 141 75 145 109 54 138 16 68 5 
Coste: 535141284
Temperatura: 3341439.2971589766
Probabilidad de aceptación: 1.0
Movimiento: SI



ITERACION 55
Solucion:    127 105 52 120 53 140 17 148 71 124 38 43 149 62 13 50 56 60 96 116 37 45 86 107 39 115 112 90 32 125 129 85 20 78 106 11 66 4 147 31 29 25 104 58 97 101 142 99 133 131 19 18 57 7 49 5 84 34 132 9 40 122 94 76 93 144 2 110 92 10 100 1 77 74 121 33 111 137 26 73 95 24 139 59 21 83 8 22 91 67 79 108 146 47 128 114 35 14 41 103 136 3 61 23 70 88 30 15 28 126 134 82 113 143 87 63 98 44 46 27 135 119 36 0 55 130 6 69 89 80 123 81 117 48 65 42 51 64 72 12 118 102 75 141 145 54 138 16 109 68 
Coste: 536736145
Temperatura: 3007295.367443079
Probabilidad de aceptación: 1.0
Movimiento: SI



ITERACION 56
Solucion:    84 127 105 52 53 140 17 120 148 71 124 38 43 149 62 13 50 56 60 96 116 37 45 86 107 39 115 112 90 32 125 129 85 20 106 78 66 11 4 147 31 29 104 25 58 97 101 142 99 133 131 19 18 57 7 49 109 5 34 132 9 40 122 94 76 93 144 2 110 92 10 100 77 1 74 121 33 111 26 137 73 95 24 139 59 21 83 8 91 22 67 79 108 146 47 128 114 14 35 41 103 136 3 61 23 70 88 30 15 126 28 134 82 113 143 87 98 63 44 46 27 135 119 36 55 0 130 6 69 89 123 80 81 117 48 42 65 51 64 72 12 118 102 75 141 145 54 16 138 68 
Coste: 527495326
Temperatura: 2706565.8306987714
Probabilidad de aceptación: 0.5354779535727764
Movimiento: NO



ITERACION 57
Solucion:    5 84 127 105 52 53 17 140 120 148 71 124 38 43 149 62 13 50 56 96 60 116 37 45 86 107 115 39 112 90 32 125 129 85 20 106 78 66 11 4 31 147 29 25 104 58 97 101 142 99 133 131 19 18 57 7 49 68 109 34 132 9 40 122 94 76 93 144 110 92 2 10 77 1 100 74 121 33 26 111 73 137 95 24 139 59 83 21 8 91 67 79 22 108 146 47 114 14 128 35 41 103 136 3 23 70 61 88 30 15 126 28 134 82 113 143 87 98 63 44 46 27 135 119 36 55 0 130 6 69 89 123 80 117 48 42 65 81 51 64 72 12 118 75 141 102 54 145 16 138 
Coste: 531430128
Temperatura: 2435909.247628894
Probabilidad de aceptación: 1.0
Movimiento: SI



ITERACION 58
Solucion:    5 109 127 105 52 84 17 53 140 120 148 71 124 43 38 149 62 13 50 96 56 60 116 37 45 86 115 107 39 112 90 32 125 85 129 20 106 78 66 11 4 31 29 147 25 104 58 97 101 142 99 133 131 19 18 57 7 49 138 68 34 9 132 122 40 94 76 93 110 92 144 2 10 77 100 74 121 1 33 26 111 73 95 24 137 59 83 139 8 21 91 79 22 67 108 146 47 114 128 14 35 41 103 136 3 23 70 61 88 30 15 126 28 134 82 113 143 98 87 63 44 46 27 135 119 36 55 130 0 6 69 89 123 80 117 48 42 65 81 51 64 72 12 118 75 102 141 54 16 145 
Coste: 531321217
Temperatura: 2192318.322866005
Probabilidad de aceptación: 1.0
Movimiento: SI



ITERACION 59
Solucion:    68 5 127 105 52 109 17 53 84 140 148 71 120 43 124 38 149 62 13 50 96 56 116 60 45 37 86 115 39 112 90 107 32 85 125 129 20 106 78 11 4 66 31 29 147 25 104 58 97 142 101 99 133 131 19 18 57 7 49 145 138 34 9 132 122 40 94 76 93 110 92 144 2 77 10 100 121 74 33 26 1 111 73 95 24 59 137 83 8 139 91 79 21 22 67 108 47 146 114 128 14 41 35 103 136 3 23 70 61 88 30 15 126 28 134 113 82 98 143 87 63 44 46 27 135 119 36 55 130 0 6 69 123 80 89 117 48 42 65 81 51 64 72 12 118 75 102 54 16 141 
Coste: 525619203
Temperatura: 1973086.4905794044
Probabilidad de aceptación: 1.0
Movimiento: SI



ITERACION 60
Solucion:    138 68 127 105 52 5 17 53 109 140 148 71 120 43 124 38 84 149 62 13 50 96 116 56 60 45 37 86 115 39 112 90 107 32 85 125 129 20 106 78 11 4 31 66 29 147 25 104 97 58 142 101 99 133 131 19 57 18 7 49 141 145 34 9 132 122 94 76 40 93 110 92 144 2 77 10 100 121 74 33 26 111 1 73 95 24 59 83 8 139 91 79 137 21 22 67 47 108 146 114 128 14 41 103 35 136 3 23 61 70 88 30 15 126 134 28 113 82 98 143 87 63 46 44 27 119 135 36 55 0 130 6 69 123 80 89 117 48 42 65 81 64 51 72 12 118 75 102 54 16 
Coste: 519340515
Temperatura: 1775777.841521464
Probabilidad de aceptación: 1.0
Movimiento: SI



ITERACION 61
Solucion:    145 138 68 127 105 52 17 5 53 109 148 140 71 43 124 38 120 84 62 149 50 96 116 56 13 60 45 37 86 115 39 112 90 107 32 85 125 129 20 106 11 4 31 78 29 66 147 25 104 97 58 142 101 99 133 131 19 57 18 7 49 16 141 34 9 132 122 94 76 40 93 110 92 144 2 77 10 121 100 33 26 111 74 73 1 95 24 83 59 8 91 139 79 21 137 22 67 47 108 114 146 128 14 41 103 35 136 3 23 61 88 70 30 15 134 126 28 113 82 98 143 87 63 46 27 44 119 135 36 55 0 130 6 69 123 80 89 117 48 42 81 64 65 51 72 12 118 75 102 54 
Coste: 518015999
Temperatura: 1598200.0573693176
Probabilidad de aceptación: 1.0
Movimiento: SI



ITERACION 62
Solucion:    145 138 68 127 141 52 105 17 5 53 148 140 109 43 124 71 38 120 62 84 149 50 96 116 56 60 45 37 13 86 115 39 112 90 32 107 85 125 20 106 129 4 11 31 78 29 66 147 25 97 104 142 58 101 99 133 131 19 57 18 7 49 54 16 34 9 132 122 94 76 40 93 110 92 144 2 77 121 100 10 26 33 111 73 74 95 24 83 59 8 91 139 1 79 21 137 22 47 67 108 114 146 128 14 103 35 41 136 3 23 61 88 70 30 15 134 126 28 113 82 98 87 143 63 46 27 119 44 36 135 55 0 130 6 69 123 80 117 48 42 81 89 64 65 72 12 118 51 75 102 
Coste: 515891558
Temperatura: 1438380.051632386
Probabilidad de aceptación: 1.0
Movimiento: SI



ITERACION 63
Solucion:    16 145 68 127 138 52 105 17 141 53 5 148 140 43 109 124 71 120 38 62 84 149 96 116 56 50 60 45 37 13 115 86 39 112 32 90 85 107 20 106 129 4 125 11 31 78 29 66 147 25 97 104 142 58 99 133 131 19 101 57 18 7 49 102 54 34 9 132 122 94 76 93 40 110 92 2 144 121 100 10 26 77 33 111 73 74 95 24 83 8 91 59 139 79 21 1 137 22 47 67 108 114 146 128 14 103 35 136 3 23 61 41 88 30 70 15 134 28 126 113 82 98 87 63 143 46 119 27 44 36 135 55 0 130 6 123 69 80 48 42 117 81 89 64 65 72 12 118 75 51 
Coste: 513515029
Temperatura: 1294542.0464691473
Probabilidad de aceptación: 1.0
Movimiento: SI



ITERACION 64
Solucion:    54 145 68 16 127 52 105 17 138 53 141 148 140 43 5 124 71 120 109 38 62 84 96 116 149 56 60 45 50 37 13 115 86 39 32 112 90 85 20 106 107 4 129 125 11 31 78 29 147 66 97 25 142 104 58 99 133 19 131 101 57 18 7 49 51 102 34 9 132 94 122 76 93 40 110 92 2 121 100 10 144 26 77 33 111 73 74 95 24 8 91 83 139 79 21 59 137 1 22 47 67 108 114 128 146 14 103 35 136 3 61 23 41 88 30 70 134 15 28 126 113 82 98 87 63 143 46 119 27 44 36 55 0 135 130 6 123 80 48 42 69 117 81 89 64 65 72 12 118 75 
Coste: 510861418
Temperatura: 1165087.8418222326
Probabilidad de aceptación: 1.0
Movimiento: SI



ITERACION 65
Solucion:    102 54 145 68 127 52 105 17 16 53 138 148 140 43 5 124 71 120 109 38 62 84 96 116 141 149 60 45 56 50 13 115 37 86 39 112 32 90 20 85 106 4 129 107 125 31 11 78 29 147 66 97 25 142 104 99 133 19 58 131 101 57 18 7 49 75 51 34 9 132 94 122 93 76 40 110 92 121 100 10 2 144 26 77 33 111 73 95 74 8 91 83 139 79 21 24 59 137 22 47 1 67 108 114 128 146 14 103 136 35 61 3 23 88 41 30 70 134 15 28 113 82 126 87 98 63 46 119 27 143 36 44 55 0 135 130 123 80 6 48 42 117 81 69 64 65 72 89 12 118 
Coste: 510296506
Temperatura: 1048579.0576400093
Probabilidad de aceptación: 1.0
Movimiento: SI



ITERACION 66
Solucion:    51 54 102 145 127 52 105 17 68 16 53 148 140 43 138 5 124 71 120 109 38 62 96 116 84 141 60 45 149 56 13 115 50 86 37 39 32 90 20 112 85 4 106 129 125 31 11 107 29 78 147 66 97 142 25 99 133 19 104 58 131 101 57 18 7 49 118 75 34 9 132 94 122 93 76 110 92 121 100 10 2 144 26 40 77 33 111 95 74 8 91 83 139 73 79 21 24 137 22 47 59 1 67 114 108 146 14 128 136 103 61 35 3 88 23 41 30 134 70 15 28 113 82 126 87 98 63 46 119 27 36 143 55 44 0 130 123 80 6 48 42 117 81 69 64 135 65 72 89 12 
Coste: 506866463
Temperatura: 943721.1518760084
Probabilidad de aceptación: 1.0
Movimiento: SI



ITERACION 67
Solucion:    75 51 54 145 127 52 102 17 105 16 53 148 68 140 43 138 124 71 5 120 109 38 96 116 84 62 60 45 141 56 13 149 115 86 50 37 39 32 20 90 112 4 85 106 125 31 129 11 107 29 78 147 66 142 97 99 133 25 19 104 58 131 101 57 18 7 49 12 118 34 9 132 94 122 93 76 92 121 110 100 10 2 26 144 77 33 111 95 74 8 91 83 40 139 79 21 73 24 22 137 47 59 1 67 114 108 146 14 136 103 61 35 128 3 88 23 41 134 30 70 28 15 113 126 82 87 98 63 46 119 27 36 143 44 55 0 130 123 80 6 42 48 117 81 64 135 65 72 69 89 
Coste: 499992979
Temperatura: 849349.0366884075
Probabilidad de aceptación: 1.0
Movimiento: SI



ITERACION 68
Solucion:    118 75 51 145 127 52 54 17 102 105 53 148 16 140 43 138 124 71 68 120 109 38 96 116 84 5 60 45 62 56 13 141 149 115 86 50 39 32 20 90 37 4 112 85 106 125 31 129 11 29 107 147 78 66 142 99 97 133 19 25 104 58 131 101 57 18 49 7 69 12 34 9 132 94 122 76 93 92 121 110 100 10 26 2 77 33 144 95 74 8 111 91 83 139 79 21 73 40 22 24 137 47 59 67 1 114 146 108 14 136 103 61 35 128 3 88 23 134 41 30 70 28 113 126 15 82 87 98 63 46 119 27 36 44 143 0 130 123 80 6 42 48 117 81 64 55 65 72 135 89 
Coste: 494775322
Temperatura: 764414.1330195668
Probabilidad de aceptación: 0.04988129773477512
Movimiento: NO



ITERACION 69
Solucion:    118 12 51 145 127 52 75 17 102 54 53 105 148 140 43 138 16 71 124 120 109 38 96 116 84 68 60 45 5 56 13 62 141 115 86 149 39 50 20 32 90 4 37 112 85 125 31 129 106 11 29 147 78 107 142 99 66 97 133 19 25 104 58 131 101 57 18 7 69 135 49 34 9 132 94 76 93 92 121 122 110 100 26 10 2 77 33 95 74 144 8 91 111 139 83 21 79 73 22 40 137 47 59 67 24 1 114 146 14 136 103 108 61 35 3 88 23 134 128 41 30 70 28 126 113 15 82 87 98 63 46 119 36 27 143 0 44 123 80 130 42 48 6 117 81 64 65 55 72 89 
Coste: 490718050
Temperatura: 687972.7197176102
Probabilidad de aceptación: 0.04554262858937411
Movimiento: NO



ITERACION 70
Solucion:    49 12 51 145 127 52 118 17 75 102 54 53 105 140 148 43 138 71 16 120 124 38 109 116 84 96 60 45 68 56 13 62 5 115 86 149 39 50 20 32 141 4 90 112 85 125 31 129 106 37 11 147 29 78 142 99 107 66 97 133 19 25 104 58 131 101 57 18 7 69 72 135 34 9 132 76 93 92 121 94 110 122 100 26 10 77 33 95 74 144 8 91 2 111 139 21 79 83 22 73 40 137 47 67 24 1 59 114 146 14 103 136 108 61 35 3 88 23 134 128 41 70 30 126 28 113 15 82 87 98 63 119 46 27 143 0 44 36 123 80 42 130 48 6 117 64 81 55 65 89 
Coste: 489591089
Temperatura: 619175.4477458491
Probabilidad de aceptación: 0.06075481965275782
Movimiento: NO



ITERACION 71
Solucion:    49 12 51 145 127 52 135 17 118 75 102 53 105 140 148 43 138 71 54 120 16 38 124 116 84 96 60 45 109 56 13 68 5 115 86 62 39 149 20 50 32 4 90 141 112 125 85 31 129 106 37 147 29 78 142 99 11 66 97 133 107 19 25 104 58 131 57 101 18 7 72 89 69 34 9 76 93 92 132 121 94 110 100 26 10 77 33 95 122 74 8 91 144 2 139 21 79 83 22 73 111 40 137 67 47 24 1 114 146 14 103 136 59 61 108 3 88 23 134 35 128 41 70 126 30 113 15 28 82 87 63 119 98 46 143 27 0 44 36 123 80 42 48 130 6 64 117 55 81 65 
Coste: 489486622
Temperatura: 557257.9029712642
Probabilidad de aceptación: 1.0
Movimiento: SI



ITERACION 72
Solucion:    69 12 51 145 127 52 49 17 135 75 118 53 102 140 148 43 105 71 138 120 16 54 38 116 84 96 60 45 124 56 13 109 5 68 86 115 39 62 20 50 32 4 90 141 112 149 125 31 85 129 106 147 37 78 142 99 29 11 97 66 133 107 19 25 104 58 131 57 101 18 7 72 65 89 34 76 9 93 92 121 94 110 100 26 10 77 33 95 132 122 8 91 74 144 139 2 21 79 22 83 73 40 111 137 47 24 1 114 67 14 103 146 136 59 61 3 108 88 23 134 35 128 41 126 70 30 113 15 28 82 87 63 119 98 46 143 0 27 44 123 80 36 48 42 130 6 64 55 81 117 
Coste: 487317508
Temperatura: 501532.1126741378
Probabilidad de aceptación: 1.0
Movimiento: SI



ITERACION 73
Solucion:    89 12 51 145 127 52 49 17 135 75 118 53 102 140 148 43 105 71 138 120 16 69 38 116 84 96 60 45 124 56 13 109 5 68 86 115 39 54 20 50 32 4 90 141 112 62 125 31 149 129 85 147 37 78 106 142 99 29 97 11 133 66 107 19 25 104 58 131 101 57 18 7 72 27 34 76 65 93 92 9 94 121 100 26 10 77 33 95 110 132 8 91 74 144 139 2 21 122 22 79 83 73 40 111 47 24 1 114 137 14 103 146 136 67 59 61 3 88 108 23 134 128 41 126 35 70 30 113 15 28 87 63 119 82 98 46 0 143 44 123 80 36 48 42 130 6 64 55 81 117 
Coste: 483245580
Temperatura: 451378.90140672406
Probabilidad de aceptación: 0.5509585768317774
Movimiento: NO



ITERACION 74
Solucion:    89 12 51 145 127 52 49 17 135 34 75 53 118 140 148 43 102 71 138 120 16 105 38 116 84 96 60 45 124 56 13 69 5 109 86 115 39 68 54 50 20 4 90 141 112 32 125 31 62 129 85 147 37 78 106 142 99 149 29 11 97 66 107 19 133 25 104 58 131 101 18 57 7 27 117 76 72 93 92 65 94 121 100 26 10 77 33 95 9 132 8 91 110 144 74 139 2 21 22 122 79 83 73 111 47 24 1 114 40 14 103 146 136 67 59 61 3 88 108 23 137 134 41 128 126 35 70 30 113 15 28 87 119 63 98 46 82 0 143 123 44 80 48 36 42 6 64 55 130 81 
Coste: 481214045
Temperatura: 406241.0112660517
Probabilidad de aceptación: 1.0
Movimiento: SI



ITERACION 75
Solucion:    89 76 12 51 145 127 52 17 135 49 75 53 118 140 148 43 102 71 138 34 16 120 38 116 84 96 60 45 105 56 13 69 124 109 86 115 39 68 5 50 54 4 20 90 112 32 125 31 62 129 85 141 37 147 106 142 99 78 29 11 149 66 107 19 133 25 104 58 131 101 18 57 7 27 117 81 97 72 93 92 94 65 121 100 26 10 77 95 33 9 132 8 91 144 110 139 74 2 21 22 79 122 73 83 47 24 1 114 40 14 103 146 136 111 67 61 3 88 108 23 137 134 59 128 41 126 35 30 113 70 28 87 15 63 98 46 82 0 143 123 44 80 119 36 48 6 42 64 130 55 
Coste: 472576857
Temperatura: 365616.9101394465
Probabilidad de aceptación: 1.0
Movimiento: SI



ITERACION 76
Solucion:    89 76 12 97 51 145 127 17 52 135 75 53 118 140 148 43 102 71 138 34 16 49 38 116 84 96 60 45 120 56 13 69 105 109 86 115 39 68 124 50 5 4 54 20 112 90 32 125 62 129 85 31 37 147 106 142 99 78 29 11 149 66 107 19 133 25 104 58 131 101 18 57 7 27 117 141 119 72 81 93 92 65 94 121 100 26 10 77 95 33 9 132 91 144 110 139 74 2 21 22 79 122 73 83 47 24 1 114 40 14 103 146 136 111 8 61 3 88 108 23 137 67 134 128 59 41 35 30 113 70 28 87 15 63 98 46 82 0 143 123 44 80 126 36 48 6 42 64 130 55 
Coste: 468017713
Temperatura: 329055.21912550187
Probabilidad de aceptación: 0.13711101104720994
Movimiento: NO



ITERACION 77
Solucion:    89 72 76 12 97 51 145 127 17 52 75 53 118 140 148 43 102 71 135 138 16 34 38 116 84 96 60 49 120 56 45 13 105 69 86 115 39 68 124 50 5 4 54 109 112 20 32 90 62 129 85 125 31 37 147 142 99 106 29 11 149 66 107 19 133 25 104 58 131 101 18 57 7 27 117 141 78 42 119 81 93 65 92 94 100 121 26 10 77 33 95 132 9 91 144 139 110 2 21 22 79 122 73 83 47 24 1 114 40 14 103 146 136 74 111 61 3 88 108 23 137 67 134 128 8 41 35 30 113 70 28 59 87 63 98 46 82 0 143 123 44 80 15 36 48 6 126 64 130 55 
Coste: 461883519
Temperatura: 296149.69721295167
Probabilidad de aceptación: 0.06477325465198933
Movimiento: NO



ITERACION 78
Solucion:    89 72 119 12 97 51 76 127 145 17 75 52 53 140 148 43 102 71 135 138 118 16 38 116 84 96 60 34 49 56 45 13 105 69 86 115 39 68 124 50 5 4 54 109 112 120 32 20 62 129 85 90 125 37 147 142 99 31 29 11 106 66 107 19 149 133 104 58 131 101 18 57 7 27 117 25 141 78 126 42 81 65 92 93 94 100 121 26 77 33 10 95 9 91 144 139 132 2 21 22 79 122 73 83 47 24 1 114 40 14 103 146 136 110 111 61 3 88 108 23 74 137 67 128 134 41 35 30 8 70 113 28 59 63 98 46 87 0 143 82 44 80 123 36 48 15 6 64 130 55 
Coste: 454596305
Temperatura: 266534.7274916565
Probabilidad de aceptación: 0.04023860516385454
Movimiento: NO



ITERACION 79
Solucion:    89 72 119 42 12 97 51 127 76 145 75 52 53 140 148 43 102 71 17 135 138 16 38 116 84 96 60 34 118 56 49 45 13 69 86 115 39 68 105 124 50 4 5 109 112 54 32 20 62 129 85 90 120 125 147 142 99 37 29 11 106 66 107 19 149 133 104 58 131 101 18 57 7 27 117 31 25 78 126 55 81 141 65 93 92 94 100 121 77 26 33 10 9 91 144 139 95 2 21 22 79 122 73 83 47 132 1 114 40 14 103 146 24 136 110 61 3 88 108 23 111 137 74 67 128 41 134 30 35 8 70 113 28 63 98 59 46 0 143 87 44 80 82 123 36 48 15 64 6 130 
Coste: 448846199
Temperatura: 239881.25474249086
Probabilidad de aceptación: 1.0
Movimiento: SI



ITERACION 80
Solucion:    89 72 119 42 81 12 97 127 51 145 75 52 53 140 76 148 102 71 43 17 135 16 38 116 84 96 60 34 138 56 49 45 13 69 86 115 39 68 105 124 50 4 5 109 118 112 32 20 62 129 85 90 54 125 147 142 99 120 29 11 37 106 107 19 149 66 104 58 131 101 18 57 7 27 117 31 133 25 78 55 6 141 126 65 93 92 94 100 121 77 26 33 9 10 91 144 139 2 21 22 95 122 73 83 47 132 1 114 40 14 103 146 24 136 110 61 79 88 3 23 108 137 111 74 67 128 134 30 35 8 70 113 41 63 98 59 46 0 143 28 44 80 87 82 123 48 36 64 15 130 
Coste: 445144664
Temperatura: 215893.12926824178
Probabilidad de aceptación: 0.007280431281340678
Movimiento: NO



ITERACION 81
Solucion:    141 72 119 42 81 12 89 127 97 51 75 52 53 140 145 148 76 71 43 17 135 16 102 116 84 96 60 34 138 56 38 45 49 69 86 115 39 68 13 105 50 4 5 109 118 112 32 20 62 129 85 90 124 125 147 142 99 120 29 11 37 106 107 19 54 149 104 58 131 101 18 57 66 27 117 7 31 133 78 25 55 41 6 126 65 93 92 94 100 121 77 26 9 10 91 144 139 2 21 22 95 122 73 83 47 132 1 114 40 14 103 146 24 136 33 61 110 88 3 23 79 137 108 74 111 128 67 30 134 35 8 113 70 63 98 59 46 0 143 28 44 80 87 82 123 48 36 64 15 130 
Coste: 440880735
Temperatura: 194303.8163414176
Probabilidad de aceptación: 0.002406162750336751
Movimiento: NO



ITERACION 82
Solucion:    141 72 119 42 81 12 6 89 127 97 75 52 51 140 53 148 145 71 43 17 135 16 76 116 84 96 60 102 34 56 138 45 38 69 86 115 49 39 13 105 50 4 5 109 118 112 68 20 32 129 85 90 62 125 147 142 99 120 29 11 124 106 107 19 37 54 104 58 131 101 18 57 66 27 117 7 149 133 78 31 25 55 82 126 41 93 65 92 94 121 100 77 9 10 91 26 139 2 21 22 95 122 73 83 47 144 1 114 40 14 103 146 24 136 132 61 110 88 3 23 79 137 33 108 74 111 128 30 134 67 35 113 8 63 98 59 46 0 143 28 44 80 87 70 123 48 36 64 15 130 
Coste: 434319795
Temperatura: 174873.43470727585
Probabilidad de aceptación: 0.014438963568128165
Movimiento: NO



ITERACION 83
Solucion:    141 72 119 42 126 12 81 89 127 97 75 52 51 140 53 148 145 71 43 6 17 16 135 116 84 96 60 76 102 56 34 45 138 69 86 115 38 49 13 39 105 4 5 109 118 112 68 20 32 50 85 90 62 129 147 142 99 125 29 11 124 106 107 19 120 54 104 58 131 101 18 57 66 27 117 37 7 149 78 133 31 55 25 70 82 41 65 93 92 94 121 100 9 10 91 26 139 2 21 22 95 122 73 83 47 144 1 114 40 14 103 146 24 136 132 61 110 88 3 23 79 137 33 108 74 111 128 30 134 67 35 113 8 63 98 59 46 0 143 28 44 80 87 77 123 48 36 64 15 130 
Coste: 433541277
Temperatura: 157386.09123654827
Probabilidad de aceptación: 0.1916586700514485
Movimiento: NO



ITERACION 84
Solucion:    141 72 119 42 126 12 81 89 127 97 75 52 51 140 82 148 53 71 43 145 17 16 135 116 6 96 60 84 76 56 102 45 138 69 86 115 38 49 13 39 105 4 5 109 34 112 118 20 68 32 85 90 62 129 147 142 99 125 29 11 50 106 107 19 120 124 104 58 54 131 18 57 66 27 117 37 101 7 78 149 133 31 55 25 77 70 41 65 93 94 121 92 9 10 91 100 139 2 21 22 95 122 26 83 47 144 1 114 40 14 103 146 24 136 132 61 73 88 3 23 79 137 33 108 74 111 128 30 134 67 110 113 8 63 98 59 46 0 143 35 44 80 87 28 123 48 36 64 15 130 
Coste: 428103383
Temperatura: 141647.48211289346
Probabilidad de aceptación: 0.010083921135841474
Movimiento: NO



ITERACION 85
Solucion:    70 72 119 42 126 12 81 89 127 97 75 52 51 140 82 148 53 71 43 145 17 16 135 116 6 96 60 84 76 56 102 45 138 69 86 115 38 49 13 39 105 4 5 109 34 112 118 20 68 32 85 90 62 129 147 142 99 125 29 11 50 106 107 19 120 124 104 58 54 131 18 57 66 27 117 37 101 7 78 141 133 149 31 25 55 28 77 65 41 93 94 121 9 10 91 92 139 2 21 22 100 122 95 83 47 144 1 114 40 14 103 146 24 136 132 61 73 88 3 23 79 137 26 33 108 111 128 30 74 134 110 113 8 63 98 59 46 0 143 35 44 80 87 67 123 48 36 64 15 130 
Coste: 425525694
Temperatura: 127482.73390160411
Probabilidad de aceptación: 0.0010484907306360473
Movimiento: NO



ITERACION 86
Solucion:    70 72 119 42 77 12 126 81 89 127 75 52 97 140 82 148 51 71 43 53 17 16 135 116 145 96 60 6 76 56 102 45 138 69 86 115 38 84 13 39 105 4 5 109 34 112 118 20 68 32 85 90 62 129 147 142 99 125 29 11 50 106 107 19 120 49 104 58 54 124 131 18 66 27 117 57 37 7 78 141 133 101 149 31 25 55 95 28 65 41 93 94 9 121 91 10 139 2 21 22 92 122 100 83 47 144 1 114 40 14 103 146 24 136 132 61 73 88 3 23 79 137 26 33 108 111 128 30 74 134 110 113 8 63 98 59 46 0 143 35 44 80 87 67 123 48 36 64 15 130 
Coste: 420860372
Temperatura: 114734.4605114437
Probabilidad de aceptación: 5.468204616062046E-6
Movimiento: NO



ITERACION 87
Solucion:    28 72 119 42 70 77 12 126 81 89 75 127 52 97 140 148 82 71 43 51 53 17 16 116 145 96 60 6 76 56 102 45 138 69 86 115 38 84 13 39 105 4 5 109 34 112 118 20 68 32 85 90 62 129 147 142 99 125 29 11 50 106 107 19 120 49 104 58 54 124 131 18 66 27 117 57 37 135 78 7 133 141 101 149 31 25 55 74 95 65 41 94 9 93 91 121 139 2 10 22 21 122 92 83 47 144 1 114 40 14 103 146 24 136 132 61 73 88 3 23 79 137 26 100 33 111 108 30 128 134 110 113 8 63 98 59 46 0 143 35 44 80 87 67 123 48 36 64 15 130 
Coste: 416174125
Temperatura: 103261.01446029934
Probabilidad de aceptación: 0.16495160427821726
Movimiento: NO



ITERACION 88
Solucion:    28 72 119 42 95 70 77 12 81 89 75 127 52 97 140 126 148 71 43 51 53 17 16 116 145 96 60 82 76 56 102 45 138 69 86 115 38 84 13 39 105 4 5 109 34 112 118 20 68 32 85 90 62 129 147 142 99 125 29 11 50 106 107 19 120 49 104 58 54 124 131 18 66 27 117 6 57 37 78 135 7 141 133 101 149 31 25 74 24 55 41 65 9 93 91 121 139 94 2 22 10 122 21 83 47 92 1 114 144 14 40 103 146 136 132 61 73 88 3 23 79 137 26 100 33 111 108 30 128 134 110 113 8 63 98 59 46 0 143 35 44 80 87 67 123 48 36 64 15 130 
Coste: 412988286
Temperatura: 92934.9130142694
Probabilidad de aceptación: 3.828440771285936E-4
Movimiento: NO



ITERACION 89
Solucion:    55 72 119 42 95 70 77 12 81 89 75 28 52 97 140 126 148 71 43 51 53 17 16 116 145 96 60 82 76 56 102 45 138 69 86 115 38 84 13 39 105 4 5 109 34 112 118 20 68 32 85 90 62 129 147 142 99 125 29 11 50 106 107 127 120 19 104 49 54 124 131 18 66 27 117 6 58 37 78 135 57 7 141 133 101 31 149 25 74 15 41 24 9 93 91 121 139 94 2 22 10 122 21 83 47 92 1 114 144 14 40 103 146 136 132 61 73 88 3 23 79 137 26 100 33 111 108 30 128 65 110 113 8 63 98 59 134 0 143 35 44 80 87 67 123 48 46 64 36 130 
Coste: 411562344
Temperatura: 83641.42171284246
Probabilidad de aceptación: 0.8693145722524949
Movimiento: NO



ITERACION 90
Solucion:    41 72 119 42 95 70 77 12 81 55 75 89 52 97 140 126 148 71 43 51 53 17 16 116 145 96 60 82 76 56 102 45 138 69 86 115 38 84 13 39 105 4 5 109 34 112 118 20 68 32 85 90 62 129 147 142 99 125 29 11 50 106 107 127 120 19 104 49 54 124 131 18 66 27 117 28 6 58 78 37 135 57 7 133 101 141 149 31 25 15 65 24 9 93 91 121 139 94 2 22 10 122 21 83 47 92 1 114 144 14 40 103 146 136 132 61 74 88 3 23 79 137 26 100 33 111 108 30 128 73 110 113 8 63 98 59 134 0 143 35 44 80 87 67 123 48 46 64 36 130 
Coste: 409424111
Temperatura: 75277.27954155822
Probabilidad de aceptación: 2.4959242968569904E-6
Movimiento: NO



ITERACION 91
Solucion:    41 72 119 42 95 70 77 12 81 55 75 89 52 97 140 126 148 71 43 51 53 17 16 116 24 96 60 82 76 56 145 45 138 69 102 115 86 84 13 39 105 4 5 109 34 112 118 20 68 32 85 90 62 129 147 142 99 125 29 11 50 106 107 127 120 19 104 49 54 124 131 18 66 27 117 28 6 38 78 37 135 57 58 133 101 141 7 31 149 25 15 65 9 93 91 121 139 94 2 22 10 122 21 83 47 92 1 114 144 14 40 103 146 136 132 61 74 88 3 23 79 137 26 100 33 111 108 30 128 73 110 113 8 63 98 59 134 0 143 35 44 80 87 67 123 48 46 64 36 130 
Coste: 408106598
Temperatura: 67749.5515874024
Probabilidad de aceptación: 1.022140510215837E-6
Movimiento: NO



ITERACION 92
Solucion:    9 41 119 42 95 70 77 12 81 55 75 89 52 97 140 126 148 71 43 51 53 72 16 116 24 96 60 82 76 56 145 45 138 69 102 115 86 84 13 39 105 4 5 17 109 34 118 112 20 68 32 85 90 62 147 129 142 125 29 11 50 106 107 127 120 19 104 49 54 124 131 18 66 27 117 28 6 38 78 37 135 57 58 133 101 141 7 31 149 25 15 65 61 93 91 121 99 139 2 94 22 122 10 21 83 47 1 114 144 14 92 103 146 136 132 40 74 88 3 23 79 137 26 100 33 111 108 30 128 73 110 113 8 63 98 59 134 0 143 35 44 80 87 67 123 48 46 64 36 130 
Coste: 403873660
Temperatura: 60974.59642866216
Probabilidad de aceptación: 3.921135181937083E-18
Movimiento: NO



ITERACION 93
Solucion:    9 41 119 42 95 70 77 12 93 55 75 89 52 97 140 126 148 71 81 51 53 43 16 116 24 96 60 82 76 56 145 45 138 69 102 115 86 84 13 39 72 4 105 5 17 109 118 34 112 68 20 32 85 62 147 129 142 125 90 29 50 106 107 11 120 19 104 49 54 124 131 18 66 27 117 28 6 38 127 37 135 57 58 133 101 141 7 31 149 25 15 65 78 123 61 91 99 121 139 94 22 122 2 10 83 47 1 114 144 14 92 103 146 136 132 40 74 88 3 23 79 137 26 100 33 111 108 30 128 73 110 113 8 63 98 59 134 0 143 35 21 80 87 67 44 48 46 64 36 130 
Coste: 399801962
Temperatura: 54877.13678579595
Probabilidad de aceptación: 2.731830882800106E-18
Movimiento: NO



ITERACION 94
Solucion:    9 41 119 42 95 70 77 12 93 55 75 89 52 97 140 126 148 71 81 51 53 61 16 116 24 96 60 82 76 56 145 45 138 69 43 115 86 84 13 39 102 72 4 105 5 17 118 109 34 112 20 68 85 32 147 62 129 125 90 29 50 106 107 11 120 19 104 49 142 124 131 18 66 27 117 28 6 38 54 37 135 57 58 133 101 141 7 31 149 25 15 65 127 123 113 91 78 121 139 99 22 122 2 10 83 94 47 114 1 144 14 103 146 92 132 136 74 88 3 23 79 40 26 100 33 137 108 30 111 73 110 128 8 63 98 59 134 0 143 35 21 80 87 67 44 48 46 64 36 130 
Coste: 394570428
Temperatura: 49389.42310721635
Probabilidad de aceptación: 2.9850985741800833E-14
Movimiento: NO



ITERACION 95
Solucion:    91 9 119 42 95 70 77 41 12 55 75 89 52 97 140 126 148 71 93 51 53 81 16 116 24 96 61 82 76 56 145 45 138 69 60 115 86 84 13 39 102 72 4 105 43 5 17 118 109 34 20 68 112 32 147 62 129 125 85 29 50 106 107 90 120 19 104 49 142 124 131 18 11 27 117 28 6 38 66 37 135 57 58 133 101 141 7 31 149 25 15 65 127 54 113 44 78 123 121 139 99 22 122 2 83 94 47 114 10 144 14 103 146 1 132 92 136 88 3 23 79 40 26 74 33 100 108 30 137 111 110 73 8 128 98 59 134 0 143 35 21 80 87 67 63 48 46 64 36 130 
Coste: 388082986
Temperatura: 44450.48079649472
Probabilidad de aceptación: 4.167150879699243E-12
Movimiento: NO



ITERACION 96
Solucion:    91 9 119 42 95 70 77 41 12 55 75 89 52 97 140 126 148 71 93 51 53 81 16 116 24 96 61 82 76 56 145 45 138 69 60 115 86 84 13 39 102 72 4 78 105 43 5 17 109 34 20 118 68 32 112 62 147 125 85 29 50 106 107 90 120 19 104 49 142 124 131 18 11 27 129 28 6 38 117 37 135 57 58 133 101 141 7 31 149 25 15 65 66 54 127 44 21 113 123 121 139 99 122 22 2 94 83 114 47 144 14 103 146 1 132 10 92 88 3 23 79 40 26 74 33 100 108 30 137 111 110 73 8 128 98 59 134 0 143 35 136 80 87 67 63 48 46 64 36 130 
Coste: 386092930
Temperatura: 40005.432716845244
Probabilidad de aceptación: 3.1478315221743533E-14
Movimiento: NO



ITERACION 97
Solucion:    91 9 119 42 95 70 77 41 113 55 75 89 52 97 140 126 148 71 93 51 53 81 16 116 24 96 61 82 76 56 145 45 138 69 60 115 86 84 13 39 102 72 4 78 105 43 5 17 109 34 12 118 20 68 112 62 32 147 85 29 50 106 107 90 120 19 104 49 142 124 131 18 11 27 129 28 6 38 117 37 135 57 58 125 101 141 7 31 149 25 15 65 133 66 54 127 21 22 44 123 121 99 122 139 2 94 83 114 47 144 14 103 146 1 132 10 92 88 3 23 79 40 26 74 33 100 108 30 137 111 110 73 8 128 98 59 134 0 143 35 136 80 87 67 63 48 46 64 36 130 
Coste: 385449630
Temperatura: 36004.88944516072
Probabilidad de aceptación: 5.92646044640324E-22
Movimiento: NO



ITERACION 98
Solucion:    91 9 119 42 95 70 77 41 44 55 113 89 52 97 140 126 148 71 93 51 75 53 16 116 24 96 61 82 76 56 145 45 138 81 69 115 60 84 13 39 102 72 4 78 105 43 5 17 109 86 34 118 12 68 20 62 32 147 85 29 50 106 107 112 120 19 104 49 142 124 131 18 11 27 129 28 6 38 117 37 135 57 58 125 101 141 7 31 149 25 15 65 133 90 66 54 127 21 48 123 22 99 122 139 2 94 83 114 47 144 14 103 146 1 132 10 121 88 3 23 79 40 26 74 33 92 108 30 137 100 110 111 8 73 98 59 134 0 143 35 136 80 87 67 128 63 46 64 36 130 
Coste: 382254364
Temperatura: 32404.40050064465
Probabilidad de aceptación: 4.785054596917473E-9
Movimiento: NO



ITERACION 99
Solucion:    91 9 119 42 95 70 77 41 44 55 113 89 52 97 140 126 148 71 123 51 75 53 16 116 24 96 93 82 76 56 145 45 138 81 69 115 60 84 13 39 102 72 4 78 105 43 5 17 109 86 61 118 34 68 12 62 32 147 85 29 50 106 107 20 112 120 104 49 142 124 131 18 11 27 129 19 6 38 28 37 117 57 58 135 101 141 7 31 149 25 125 65 133 15 90 66 54 127 48 99 21 22 122 139 2 94 83 114 47 144 14 103 146 1 132 10 121 88 3 23 79 40 26 74 33 92 108 30 137 100 110 111 8 73 98 59 134 0 143 35 136 80 87 67 128 63 46 64 36 130 
Coste: 380443020
Temperatura: 29163.960450580184
Probabilidad de aceptación: 1.103868644541877E-18
Movimiento: NO



ITERACION 100
Solucion:    91 9 119 42 95 70 77 41 44 55 113 89 52 97 140 126 148 71 123 51 75 53 16 116 24 96 21 82 76 56 145 45 138 93 81 115 69 84 13 39 102 72 4 78 105 60 43 17 5 109 61 118 86 68 34 62 12 32 85 29 50 106 107 20 112 120 104 49 142 124 131 18 11 27 129 19 6 38 28 37 117 57 58 135 101 141 7 31 149 25 125 65 147 133 15 90 54 66 48 127 139 99 122 22 2 94 83 114 47 144 14 103 146 1 132 10 121 88 3 23 79 40 26 74 33 92 108 30 137 100 110 111 8 73 98 59 134 0 143 35 136 80 87 67 128 63 46 64 36 130 
Coste: 379599928
Temperatura: 26247.564405522167
Probabilidad de aceptación: 1.2917964708132875E-29
Movimiento: NO



ITERACION 101
Solucion:    91 9 119 42 95 70 77 41 44 55 113 89 52 97 140 126 148 71 99 51 75 53 16 116 24 96 21 82 76 56 145 45 138 93 123 115 69 84 13 39 102 72 4 81 78 60 105 17 43 5 61 109 118 86 34 62 12 68 85 32 50 106 29 107 20 112 104 49 142 124 131 18 120 27 11 19 6 38 28 37 117 57 58 135 101 141 7 31 149 25 125 65 147 133 129 90 54 15 48 66 139 111 122 22 2 94 83 114 47 144 14 103 146 1 132 10 121 88 3 23 79 40 26 74 33 92 108 30 127 100 110 137 8 73 98 59 134 0 143 35 136 80 87 67 128 63 46 64 36 130 
Coste: 375928439
Temperatura: 23622.80796496995
Probabilidad de aceptación: 2.1413243000422277E-19
Movimiento: NO



ITERACION 102
Solucion:    91 9 119 42 95 70 77 122 41 55 113 89 52 97 140 126 148 71 99 51 75 53 16 116 24 96 21 82 76 56 145 45 138 93 44 115 69 84 13 39 123 102 4 81 78 60 105 17 72 5 61 109 118 86 34 62 12 68 85 43 32 106 50 29 107 20 104 49 142 124 131 18 112 27 120 11 6 19 28 37 117 57 58 135 101 141 7 31 149 25 125 65 147 38 129 133 54 15 90 66 139 111 22 48 2 94 83 114 47 144 14 103 146 1 132 10 121 88 3 23 79 40 26 74 33 92 108 30 127 100 110 137 8 73 98 59 134 0 143 35 136 80 87 67 128 63 46 64 36 130 
Coste: 370970549
Temperatura: 21260.527168472956
Probabilidad de aceptación: 2.6028510095845404E-23
Movimiento: NO



ITERACION 103
Solucion:    48 9 119 42 95 70 77 122 41 55 113 89 52 97 140 126 148 71 91 51 75 53 16 116 24 96 99 82 76 56 145 45 138 93 44 115 69 84 13 39 123 102 4 81 21 60 105 17 72 78 61 109 5 86 118 34 12 62 85 43 68 106 32 29 50 107 104 20 142 124 131 18 49 27 120 11 6 19 28 37 117 57 58 135 101 141 7 31 149 25 125 65 112 38 129 133 54 15 90 66 139 111 22 136 2 94 83 114 47 144 14 103 146 1 132 10 121 88 3 23 79 40 26 74 33 92 108 30 127 100 110 137 8 73 98 59 134 0 143 35 147 80 87 67 128 63 46 64 36 130 
Coste: 368296718
Temperatura: 19134.47445162566
Probabilidad de aceptación: 4.399818734322324E-33
Movimiento: NO



ITERACION 104
Solucion:    48 9 119 42 95 70 77 122 41 55 2 89 52 97 140 126 148 71 91 51 113 53 16 116 24 96 99 82 76 56 145 45 138 93 44 115 69 84 13 39 123 75 4 81 21 60 105 17 102 78 61 109 72 86 118 34 12 62 5 43 68 106 32 29 50 107 104 20 142 124 131 18 49 27 120 11 6 19 28 37 117 57 58 135 101 141 7 31 149 25 125 65 112 38 129 133 54 15 90 66 139 111 22 136 0 85 94 114 83 144 47 103 14 146 132 1 121 10 3 23 79 40 26 74 33 92 88 30 127 100 110 137 8 108 98 59 134 73 143 35 147 80 87 67 128 63 46 64 36 130 
Coste: 365487359
Temperatura: 17221.027006463097
Probabilidad de aceptación: 3.770658730764833E-45
Movimiento: NO



ITERACION 105
Solucion:    48 9 119 42 95 70 77 122 41 55 2 89 52 97 140 126 148 71 91 51 113 53 16 116 24 96 99 82 76 56 145 45 138 93 44 115 69 84 13 39 123 85 4 81 21 60 105 17 75 78 61 109 72 86 118 34 12 62 5 43 68 106 32 29 102 107 104 50 142 20 131 18 49 27 120 11 6 19 28 37 117 57 58 135 101 141 7 31 149 25 125 65 112 38 129 133 54 15 90 66 139 111 22 136 0 80 124 94 83 144 47 114 103 146 14 132 121 1 10 23 79 40 26 74 33 92 88 30 127 100 110 137 8 108 98 59 134 73 143 35 147 3 87 67 128 63 46 64 36 130 
Coste: 364101211
Temperatura: 15498.924305816787
Probabilidad de aceptación: 2.263115487656343E-72
Movimiento: NO



ITERACION 106
Solucion:    48 9 119 42 95 70 77 122 41 55 2 89 52 97 140 126 148 71 91 51 113 53 16 116 24 96 99 82 76 56 145 45 138 93 44 115 69 84 13 39 123 85 4 81 21 60 105 17 75 78 61 109 72 86 118 34 12 62 5 43 68 106 32 29 102 107 104 50 142 20 131 18 49 27 120 11 6 19 28 37 117 57 58 135 101 141 7 31 149 25 125 65 112 38 129 133 54 15 90 66 139 111 22 136 0 80 3 124 94 83 144 114 47 103 14 132 121 1 10 146 79 40 26 74 33 92 88 30 127 100 110 137 8 108 98 59 134 73 143 35 147 23 87 67 128 63 46 64 36 130 
Coste: 362236536
Temperatura: 13949.031875235109
Probabilidad de aceptación: 3.500031767221432E-90
Movimiento: NO



ITERACION 107
Solucion:    48 9 119 42 95 70 77 122 41 55 2 89 52 97 140 126 148 71 91 51 113 53 16 116 24 96 99 82 76 56 145 45 138 93 44 115 69 84 13 39 123 85 4 81 21 60 105 17 75 78 61 109 72 86 118 34 12 62 5 43 68 106 32 29 102 107 104 50 142 20 131 18 49 27 120 11 6 19 28 37 117 57 58 135 101 141 7 31 149 25 125 65 112 38 129 133 54 15 90 66 139 111 22 136 0 80 124 146 3 83 144 114 94 103 47 14 121 1 132 10 79 40 26 74 33 92 88 30 127 100 110 137 8 108 98 59 134 73 143 35 147 23 87 67 128 63 46 64 36 130 
Coste: 362129043
Temperatura: 12554.128687711598
Probabilidad de aceptación: 1.6834327644656527E-47
Movimiento: NO



ITERACION 108
Solucion:    48 9 119 42 95 70 77 122 41 55 2 89 52 97 140 126 148 71 91 51 113 53 16 116 24 96 99 82 76 56 145 45 138 93 44 115 69 84 13 39 123 85 4 81 21 60 105 17 75 78 61 109 72 86 118 34 12 62 5 43 68 106 32 29 102 107 104 50 142 20 131 18 49 27 120 11 6 19 28 37 117 57 58 135 101 141 7 31 149 25 125 65 112 38 129 133 54 15 90 66 139 111 22 136 3 80 124 146 127 83 0 114 144 103 47 94 14 121 132 10 79 40 26 74 33 92 88 30 1 100 110 137 8 108 98 59 134 73 143 35 147 23 87 67 128 63 46 64 36 130 
Coste: 361941003
Temperatura: 11298.715818940438
Probabilidad de aceptación: 1.939645397135376E-45
Movimiento: NO



ITERACION 109
Solucion:    48 9 119 42 95 70 77 122 83 55 41 89 52 97 140 126 148 71 91 2 51 53 113 116 24 96 99 82 76 56 145 45 138 93 44 115 69 84 13 39 123 85 4 81 21 60 105 17 75 78 61 109 72 86 118 34 12 62 5 43 68 106 32 29 16 107 104 50 142 20 131 18 49 27 120 11 6 19 28 37 117 57 58 135 101 141 7 31 149 25 125 65 112 38 129 133 54 15 90 66 139 111 22 136 3 102 80 124 127 146 0 114 144 103 47 94 14 121 132 10 79 40 26 74 33 92 88 30 1 100 110 137 8 108 98 59 134 73 143 35 147 23 87 67 128 63 46 64 36 130 
Coste: 360621757
Temperatura: 10168.844237046394
Probabilidad de aceptación: 3.8011236778729645E-42
Movimiento: NO



ITERACION 110
Solucion:    48 9 119 42 95 70 77 122 83 55 41 89 52 97 140 126 148 71 91 2 0 53 51 116 24 96 99 82 76 56 145 45 138 93 44 115 69 84 13 39 123 85 4 81 21 60 105 17 75 78 61 109 72 86 118 34 12 62 5 43 68 106 32 29 113 107 104 50 142 20 131 18 49 27 120 11 6 19 28 37 117 57 58 135 101 141 7 31 149 25 125 65 112 38 129 133 54 15 90 66 139 111 22 136 16 102 3 124 80 146 63 114 127 103 144 47 14 121 132 10 79 40 26 74 33 94 88 30 1 100 110 137 8 92 98 59 134 73 143 35 147 23 87 67 108 128 46 64 36 130 
Coste: 359272989
Temperatura: 9151.959813341755
Probabilidad de aceptación: 1.151433106914905E-15
Movimiento: NO



ITERACION 111
Solucion:    48 9 119 42 95 70 77 122 83 55 41 89 52 97 140 126 148 71 91 2 0 53 51 116 24 96 99 82 76 56 145 45 138 93 44 115 69 84 13 39 123 85 4 81 21 60 105 17 75 78 61 109 72 86 118 34 12 62 5 43 68 106 32 29 114 107 104 50 142 20 131 18 49 27 120 11 6 19 28 37 117 57 58 135 101 141 7 31 149 25 125 65 112 38 129 133 54 15 90 66 139 111 22 136 113 102 16 3 80 146 63 132 127 124 144 47 14 121 103 10 79 40 26 74 33 94 88 30 1 100 110 137 8 92 98 59 134 73 143 35 147 23 87 67 108 128 46 64 36 130 
Coste: 358805816
Temperatura: 8236.76383200758
Probabilidad de aceptación: 3.1390592735686438E-65
Movimiento: NO



ITERACION 112
Solucion:    48 9 119 42 95 70 77 122 83 55 41 89 52 97 140 126 148 71 91 127 2 53 0 116 24 96 99 82 76 56 145 45 138 93 44 115 69 84 13 39 123 85 4 81 21 60 105 17 75 78 61 109 72 86 118 34 12 62 5 43 51 106 32 29 114 107 104 50 142 20 131 18 49 68 120 11 6 19 28 37 27 57 58 135 101 141 7 31 149 25 125 65 112 38 129 133 54 15 90 66 139 111 22 136 117 113 16 3 102 146 63 132 67 124 144 80 14 121 103 47 79 40 26 74 33 10 88 30 94 100 110 137 8 1 98 59 92 73 143 35 147 23 87 134 108 128 46 64 36 130 
Coste: 356693566
Temperatura: 7413.087448806822
Probabilidad de aceptación: 9.614175850966232E-40
Movimiento: NO



ITERACION 113
Solucion:    48 9 119 42 95 70 77 122 83 55 41 89 52 97 140 126 148 71 91 127 2 53 0 116 24 96 99 82 76 56 145 45 138 93 44 115 69 84 13 39 123 85 4 81 21 60 105 17 75 78 61 109 72 86 118 34 12 62 5 43 124 106 32 29 51 107 104 50 142 114 131 18 49 68 120 11 6 20 28 37 27 57 58 135 101 141 7 31 149 25 125 65 112 38 129 133 54 15 90 66 139 111 22 136 117 19 16 3 113 146 102 132 67 100 144 63 14 121 103 47 79 40 26 74 33 10 88 30 94 80 110 137 8 1 98 59 92 73 143 35 147 23 87 134 108 128 46 64 36 130 
Coste: 354319719
Temperatura: 6671.77870392614
Probabilidad de aceptación: 3.2461507854722353E-100
Movimiento: NO



ITERACION 114
Solucion:    48 9 119 42 95 70 77 122 83 55 41 89 52 97 140 126 148 71 91 127 2 53 0 116 24 96 99 82 76 56 145 45 138 93 44 115 69 84 13 39 123 85 4 81 21 60 105 17 144 78 61 109 72 86 118 34 12 62 5 43 124 106 32 29 51 107 104 50 142 114 131 18 49 68 120 11 6 20 28 37 27 57 58 135 101 141 7 31 149 25 125 65 112 38 129 133 54 15 90 66 139 111 22 136 117 75 19 16 3 146 102 132 113 67 121 63 100 14 103 47 79 40 26 74 33 10 88 30 94 80 110 137 8 1 98 59 92 73 143 35 147 23 87 134 108 128 46 64 36 130 
Coste: 353998564
Temperatura: 6004.600833533526
Probabilidad de aceptación: 1.0910060773448887E-115
Movimiento: NO



ITERACION 115
Solucion:    48 9 119 42 95 70 77 122 83 55 41 89 52 97 140 126 148 71 91 127 2 53 0 116 24 96 99 82 76 56 145 45 138 93 44 63 69 84 13 39 123 85 4 81 21 60 105 17 144 78 61 109 72 86 118 34 12 62 5 43 115 106 32 29 124 107 104 50 142 51 131 18 114 68 120 11 49 6 20 37 28 57 58 135 101 141 7 31 149 25 125 65 112 38 129 133 54 15 90 66 139 111 22 136 117 27 75 16 3 146 102 132 113 19 67 100 121 14 103 47 79 40 26 74 33 10 88 30 94 80 110 137 8 1 98 59 92 73 143 35 147 23 87 134 108 128 46 64 36 130 
Coste: 352115747
Temperatura: 5404.140750180174
Probabilidad de aceptación: 1.2149002126240204E-168
Movimiento: NO



ITERACION 116
Solucion:    48 9 119 42 121 70 77 95 83 55 41 89 52 97 140 126 148 71 91 122 127 2 0 116 24 96 99 82 76 56 145 45 138 93 44 63 69 84 13 39 123 85 4 81 21 60 105 17 144 78 61 109 72 86 118 34 12 62 5 43 115 106 32 29 124 107 104 53 142 50 131 51 114 68 120 11 18 6 49 37 20 57 58 135 101 141 7 31 149 28 125 25 112 38 65 129 133 54 15 66 139 111 22 136 117 90 27 75 3 146 102 132 113 19 67 100 128 16 14 103 79 40 26 74 33 10 88 30 94 80 110 137 47 1 98 59 8 73 92 35 147 23 87 134 143 108 46 64 36 130 
Coste: 345310019
Temperatura: 4863.726675162156
Probabilidad de aceptación: 1.5355488556245193E-166
Movimiento: NO



ITERACION 117
Solucion:    48 9 119 42 16 70 77 95 121 83 41 89 52 97 140 126 148 71 91 122 127 2 0 116 24 96 99 82 76 56 145 45 138 93 44 63 69 84 13 39 123 85 4 81 21 60 105 17 144 78 61 109 72 86 118 34 12 62 5 43 55 106 32 29 124 107 104 115 142 50 131 51 114 68 120 11 18 6 49 37 20 57 58 135 101 141 7 31 149 28 125 25 112 38 65 129 133 54 15 66 139 111 22 136 53 117 27 75 3 146 90 132 102 19 113 100 128 8 14 103 79 40 26 74 33 10 88 30 94 80 110 137 47 1 98 59 67 73 92 35 147 23 87 134 143 108 46 64 36 130 
Coste: 342465246
Temperatura: 4377.354007645941
Probabilidad de aceptación: 7.259303763249569E-218
Movimiento: NO



ITERACION 118
Solucion:    48 9 119 42 16 70 77 95 121 83 41 89 52 97 140 126 148 71 91 122 127 2 0 116 24 96 99 82 76 56 145 45 138 93 44 63 69 84 13 39 123 85 4 81 21 60 105 17 144 78 61 109 72 86 118 34 12 62 5 43 55 106 32 29 124 107 104 115 142 50 131 51 114 68 120 11 18 6 49 37 20 57 58 135 101 141 7 31 149 28 125 25 112 38 65 129 133 54 15 66 139 111 22 136 14 117 53 75 3 146 90 132 102 27 113 100 128 19 92 8 79 40 26 74 33 103 88 30 94 10 110 137 47 1 98 59 80 73 67 35 147 23 87 134 143 108 46 64 36 130 
Coste: 340727288
Temperatura: 3939.618606881347
Probabilidad de aceptación: 5.98487289912316E-156
Movimiento: NO



ITERACION 119
Solucion:    48 9 119 42 16 70 77 95 121 83 41 89 52 97 140 126 148 71 91 122 127 2 0 116 24 96 99 82 76 56 145 45 138 93 44 63 69 84 13 39 123 85 4 81 21 60 105 17 144 78 61 109 72 86 118 34 12 62 5 43 55 106 32 29 124 107 104 115 142 50 131 51 114 68 120 11 18 6 49 37 20 57 58 135 101 141 7 31 149 28 125 25 112 38 65 129 133 54 15 66 139 111 22 136 14 117 8 75 3 146 90 53 102 27 113 100 128 19 132 92 79 40 26 74 33 103 88 30 94 10 110 137 47 1 98 59 80 73 67 35 147 23 87 134 143 108 46 64 36 130 
Coste: 340707395
Temperatura: 3545.6567461932127
Probabilidad de aceptación: 4.349937729389692E-174
Movimiento: NO



ITERACION 120
Solucion:    79 9 119 42 16 70 77 95 121 83 48 89 52 97 140 126 148 71 91 122 127 2 0 116 24 96 99 82 76 56 145 45 138 93 44 63 69 84 41 39 123 85 4 13 21 60 105 17 144 78 61 81 72 86 118 34 12 62 109 43 55 106 5 29 124 107 104 115 142 50 131 51 114 68 120 11 18 6 49 37 20 57 58 135 101 32 7 141 149 28 125 25 112 38 65 129 133 31 15 66 139 111 22 136 14 117 8 75 54 146 90 53 102 27 113 100 128 19 132 92 36 3 40 74 26 103 33 30 94 10 110 137 88 1 98 47 59 73 80 67 147 35 23 134 87 108 143 64 46 130 
Coste: 336716058
Temperatura: 3191.0910715738914
Probabilidad de aceptación: 1.0337979690390401E-8
Movimiento: NO



ITERACION 121
Solucion:    79 9 119 42 16 70 77 95 121 83 48 89 52 97 140 126 148 71 91 122 127 2 0 116 24 96 99 82 76 56 145 45 138 93 44 63 69 84 41 39 123 85 4 13 21 60 105 17 144 78 61 3 72 81 118 34 12 62 86 43 55 106 5 29 124 107 104 115 142 50 131 51 114 68 120 11 18 6 49 37 20 57 58 135 101 32 7 141 149 28 125 25 112 38 65 129 133 31 15 66 139 111 22 136 14 117 8 75 54 146 90 53 102 27 113 100 128 19 132 92 109 130 40 36 26 74 33 103 94 30 110 137 10 88 98 47 1 73 80 67 147 35 23 134 87 108 143 64 46 59 
Coste: 335697541
Temperatura: 2871.9819644165023
Probabilidad de aceptación: 1.0
Movimiento: SI



ITERACION 122
Solucion:    79 9 119 42 16 70 77 95 121 83 48 89 52 97 140 126 148 71 91 122 127 2 40 116 24 96 99 82 76 56 0 45 138 93 44 63 69 84 41 39 123 85 4 13 21 60 105 17 144 78 61 3 72 81 118 34 12 62 86 43 55 106 5 29 124 107 104 115 142 50 131 51 114 68 120 11 18 6 49 37 20 57 58 135 101 32 7 141 149 28 125 25 112 38 65 129 133 31 15 66 139 111 22 136 14 117 8 75 54 146 90 53 102 27 113 100 128 19 132 92 109 145 147 36 130 26 33 103 74 30 94 110 10 137 98 47 1 73 80 88 67 35 23 134 87 108 143 64 46 59 
Coste: 333422142
Temperatura: 2584.7837679748523
Probabilidad de aceptación: 3.3229088829257054E-51
Movimiento: NO



ITERACION 123
Solucion:    79 9 119 42 16 70 77 95 121 83 48 89 52 97 140 126 148 71 91 122 127 2 40 116 24 96 99 82 76 56 0 45 138 93 44 63 69 84 41 39 123 85 4 13 21 60 105 17 144 78 61 3 72 81 118 34 12 62 86 43 55 106 5 29 124 107 104 115 142 50 131 51 114 68 120 11 18 6 49 37 20 57 58 135 101 32 7 141 149 28 125 25 112 38 65 129 133 31 15 66 139 111 22 136 14 117 8 75 54 146 90 53 102 27 113 100 128 19 132 92 109 145 147 137 130 26 33 103 74 30 94 36 110 10 98 47 1 73 80 88 67 35 23 134 87 108 143 64 46 59 
Coste: 333429466
Temperatura: 2326.3053911773673
Probabilidad de aceptación: 9.328729354487545E-85
Movimiento: NO



ITERACION 124
Solucion:    79 9 119 42 16 70 77 95 121 83 130 89 52 97 140 126 148 71 91 122 127 2 40 116 24 96 99 82 76 56 0 45 138 93 44 63 69 84 48 39 123 85 4 13 21 60 105 17 144 78 61 41 72 81 118 34 12 62 86 43 55 106 5 29 124 107 104 115 142 50 131 51 114 68 120 11 18 6 49 37 20 57 58 135 101 32 7 141 149 28 125 25 112 38 65 129 133 31 15 66 139 111 22 136 14 117 8 75 54 146 90 53 102 27 113 100 128 19 132 92 109 145 3 137 147 26 33 103 74 30 94 36 110 10 98 47 1 73 80 88 67 35 23 134 87 108 143 64 46 59 
Coste: 332110543
Temperatura: 2093.6748520596307
Probabilidad de aceptación: 7.124363605983032E-74
Movimiento: NO



ITERACION 125
Solucion:    79 9 119 42 16 70 77 95 121 83 130 89 52 97 140 126 148 71 91 122 127 2 40 116 24 96 99 82 76 56 0 45 138 93 44 63 69 84 48 39 123 85 4 13 21 26 105 17 60 78 61 41 72 81 118 34 12 62 86 43 55 106 5 29 124 107 104 115 142 50 131 51 114 68 120 11 18 6 49 37 20 57 58 135 101 32 7 141 149 28 125 25 112 38 65 129 133 31 15 66 139 111 22 136 14 117 8 75 54 146 90 53 102 27 113 100 128 19 132 92 109 145 144 137 147 47 33 103 74 3 94 36 110 10 30 98 1 73 80 88 67 35 23 134 87 108 143 64 46 59 
Coste: 331640213
Temperatura: 1884.3073668536676
Probabilidad de aceptación: 2.425774437485925E-10
Movimiento: NO



ITERACION 126
Solucion:    33 79 119 42 16 70 77 95 121 83 130 89 52 97 140 126 148 71 91 122 127 2 40 116 24 96 99 82 76 56 0 45 138 93 44 63 69 84 48 39 123 85 4 13 21 26 105 17 60 78 61 41 72 81 118 34 12 62 86 43 55 106 5 29 124 107 104 115 142 50 131 51 114 68 120 11 18 6 49 37 20 57 58 135 101 32 7 141 149 28 125 25 112 38 65 129 133 31 15 66 139 111 22 136 14 117 8 75 54 146 90 53 102 27 113 100 128 19 132 92 109 145 144 137 147 47 46 103 74 3 9 94 36 10 30 98 1 110 80 88 67 35 23 73 134 108 143 64 87 59 
Coste: 331224021
Temperatura: 1695.8766301683008
Probabilidad de aceptación: 5.063478557839567E-12
Movimiento: NO



ITERACION 127
Solucion:    33 79 119 42 16 70 77 95 121 83 130 89 52 97 140 126 148 71 91 122 127 2 40 116 24 96 99 82 76 56 0 45 138 93 44 63 69 84 48 39 123 85 4 13 21 26 105 17 60 78 61 41 72 81 118 34 12 62 86 43 55 106 103 29 124 107 104 115 142 50 131 51 114 68 120 11 18 6 49 37 20 57 58 135 101 32 7 141 149 28 125 25 112 38 65 129 133 31 15 66 139 111 22 136 14 117 8 75 54 146 90 53 102 27 113 100 128 19 132 92 109 5 145 137 147 47 46 59 74 144 9 94 36 3 10 98 1 110 80 88 67 30 23 73 134 108 35 64 143 87 
Coste: 330712504
Temperatura: 1526.2889671514708
Probabilidad de aceptación: 1.0
Movimiento: SI



ITERACION 128
Solucion:    33 79 119 42 16 70 77 95 121 83 130 89 52 97 140 126 148 71 91 122 127 2 40 116 24 96 99 82 76 56 74 45 138 93 44 0 69 84 48 39 123 85 4 13 21 26 63 17 105 60 61 78 72 81 118 34 12 62 86 43 55 106 41 29 103 107 104 115 124 50 131 51 114 68 120 142 11 6 49 37 20 57 58 18 135 32 7 141 149 28 125 25 112 38 65 129 133 31 15 66 139 111 22 136 101 117 8 75 14 146 54 53 102 27 113 100 128 19 132 92 109 5 145 137 147 47 46 59 90 144 9 94 36 3 10 98 1 110 80 88 67 30 23 73 134 108 35 64 143 87 
Coste: 328212471
Temperatura: 1373.6600704363238
Probabilidad de aceptación: 5.3259316753603065E-79
Movimiento: NO



ITERACION 129
Solucion:    33 144 119 42 16 70 77 95 121 83 130 89 52 97 140 126 148 71 91 122 127 2 40 116 24 96 99 82 76 56 74 45 138 93 44 0 69 84 48 39 123 85 4 13 21 26 63 17 105 60 61 78 72 81 118 34 12 62 86 43 55 106 41 29 103 107 104 115 124 50 131 51 114 68 120 142 79 6 49 37 20 57 58 18 135 32 7 141 149 28 125 25 112 38 65 129 133 31 15 66 139 111 22 136 101 117 8 75 11 146 54 53 102 27 113 100 128 19 132 92 109 5 14 137 147 47 46 145 90 9 59 94 36 3 10 98 1 110 80 88 67 30 23 73 134 108 35 64 143 87 
Coste: 326341330
Temperatura: 1236.2940633926914
Probabilidad de aceptación: 4.1836399620102774E-5
Movimiento: NO



ITERACION 130
Solucion:    33 59 119 42 16 70 77 95 121 83 130 89 52 97 140 126 148 71 91 122 127 2 40 116 24 96 99 82 76 56 74 45 138 93 44 0 69 84 48 39 123 85 4 13 21 26 63 17 105 60 61 78 72 81 118 34 12 62 86 43 55 106 41 29 103 107 104 115 124 50 131 51 114 68 120 142 79 6 49 37 20 57 58 18 135 32 7 144 149 28 125 25 112 38 65 141 133 129 15 31 139 111 22 136 101 66 8 75 11 146 54 53 102 27 113 100 128 19 132 92 109 117 5 14 147 137 46 145 90 47 73 94 36 3 10 9 1 98 80 88 67 30 23 110 134 108 35 64 143 87 
Coste: 325563424
Temperatura: 1112.6646570534224
Probabilidad de aceptación: 5.297871916585834E-30
Movimiento: NO



ITERACION 131
Solucion:    33 59 119 42 16 70 77 95 121 83 130 89 52 97 140 126 148 71 91 122 127 2 94 116 24 96 99 82 76 56 74 45 138 93 44 0 40 84 48 39 123 85 4 13 21 26 63 17 105 60 61 69 72 81 118 34 12 62 78 43 55 106 41 29 86 107 104 115 124 50 131 51 114 68 120 142 79 6 49 37 20 57 58 18 135 32 7 144 149 28 125 25 112 38 65 141 133 129 15 31 139 111 22 136 101 66 8 75 11 146 54 53 102 27 113 100 128 19 132 92 109 103 5 117 147 137 46 145 90 47 73 3 36 14 10 9 1 98 80 88 67 30 23 110 134 108 35 64 143 87 
Coste: 324806158
Temperatura: 1001.3981913480802
Probabilidad de aceptación: 3.739125183347614E-109
Movimiento: NO



ITERACION 132
Solucion:    33 59 119 42 16 70 77 95 121 83 130 89 52 97 140 126 148 71 91 122 127 2 94 116 24 96 99 82 76 56 74 45 138 93 44 0 40 84 48 39 123 85 4 13 21 26 63 17 105 60 61 69 72 81 118 34 12 62 78 43 55 106 41 29 86 107 104 115 124 50 131 51 114 68 120 142 79 6 49 37 20 57 58 18 135 32 7 144 149 28 125 25 112 38 65 141 133 129 15 31 139 111 22 136 101 66 8 75 11 146 54 53 102 27 113 100 128 19 132 92 109 103 5 117 147 137 46 145 90 47 73 3 36 14 10 9 1 98 80 88 67 30 23 110 134 108 35 64 143 87 
Coste: 324806158
Temperatura: 901.2583722132722
Probabilidad de aceptación: 7.237045060353111E-240
Movimiento: NO



ITERACION 133
Solucion:    33 59 119 42 16 70 77 95 121 83 130 89 52 97 140 126 148 71 91 122 127 2 94 116 24 96 99 82 76 56 74 45 138 93 44 0 40 84 48 39 123 85 4 13 21 26 63 17 105 60 61 69 72 81 118 34 12 62 78 43 55 106 41 29 86 107 104 115 124 50 131 51 114 68 120 142 79 6 49 37 20 57 58 18 135 32 7 144 149 28 125 25 112 38 65 141 133 129 15 31 139 111 22 136 101 66 8 75 11 146 54 53 102 27 113 100 128 19 132 92 109 103 5 117 147 137 46 145 90 47 73 3 36 14 10 9 1 98 80 88 67 30 23 110 134 108 35 64 143 87 
Coste: 324806158
Temperatura: 811.132534991945
Probabilidad de aceptación: 1.6769850296531922E-210
Movimiento: NO



ITERACION 134
Solucion:    33 59 119 42 16 70 77 95 121 83 130 89 52 97 140 126 148 71 91 122 127 2 94 116 24 96 99 82 76 56 10 45 138 93 44 0 40 84 74 39 123 85 4 13 21 26 48 17 105 60 61 69 72 81 118 34 12 62 78 43 55 106 41 29 86 107 104 115 124 50 131 51 114 68 120 142 79 6 49 37 20 57 58 18 135 32 7 144 149 28 125 25 112 38 65 141 133 129 15 31 139 111 22 136 101 66 8 75 11 146 54 53 102 27 113 100 128 63 132 92 109 19 5 117 147 137 46 145 90 47 73 3 36 14 67 9 103 1 80 88 98 30 23 110 134 108 35 64 143 87 
Coste: 323832527
Temperatura: 730.0192814927506
Probabilidad de aceptación: 2.3110429683664225E-255
Movimiento: NO



ITERACION 135
Solucion:    33 59 119 42 16 70 77 95 121 83 130 89 52 97 140 126 148 71 91 122 127 2 94 116 24 96 99 82 76 56 10 45 138 93 44 0 40 84 74 39 123 85 4 13 21 26 48 17 105 60 61 69 72 81 118 34 12 62 78 43 55 106 41 29 9 107 104 115 124 50 131 51 114 68 120 86 79 6 142 37 20 57 58 18 135 32 7 49 149 28 125 25 112 38 65 141 133 129 15 31 139 111 22 136 101 66 8 75 11 146 54 53 102 27 113 100 128 63 132 92 109 19 5 117 147 137 46 144 90 47 73 3 36 14 67 110 103 1 80 88 98 30 23 145 134 108 35 64 143 87 
Coste: 322857255
Temperatura: 657.0173533434755
Probabilidad de aceptación: 6.912914321783724E-54
Movimiento: NO



ITERACION 136
Solucion:    33 59 119 42 16 70 77 95 121 83 130 89 52 97 140 126 148 71 91 122 127 2 94 116 24 96 99 82 76 56 10 45 138 93 44 0 40 84 103 39 123 85 4 13 21 26 48 17 105 60 61 69 72 81 118 34 12 62 78 43 55 106 41 29 9 107 104 115 124 50 131 51 114 68 120 86 79 6 142 37 20 57 58 18 135 32 7 49 149 28 125 25 112 38 65 141 133 129 15 31 139 111 22 136 101 66 8 75 11 146 54 53 102 27 113 100 128 63 132 92 109 74 5 117 147 137 46 144 90 47 73 3 36 14 67 19 88 1 80 110 98 30 23 145 134 108 35 64 143 87 
Coste: 322363377
Temperatura: 591.315618009128
Probabilidad de aceptación: 7.07165005489451E-214
Movimiento: NO



ITERACION 137
Solucion:    33 59 119 42 16 70 77 95 121 83 1 89 52 97 140 126 130 71 148 122 91 127 94 116 24 2 99 82 76 56 96 45 138 93 44 0 10 84 40 39 123 85 4 13 21 26 48 17 105 60 61 69 72 81 118 34 12 62 78 43 55 106 41 29 9 107 104 115 124 50 131 51 114 68 120 86 79 6 142 37 20 57 58 18 135 32 7 103 149 28 125 25 112 38 65 141 133 129 15 31 139 111 22 136 101 49 8 75 11 146 54 53 102 27 113 66 128 100 132 92 109 74 5 63 147 137 46 144 90 47 73 3 36 14 117 19 67 110 80 88 98 30 23 145 134 108 35 64 143 87 
Coste: 319432830
Temperatura: 532.1840562082152
Probabilidad de aceptación: 5.362031119377865E-87
Movimiento: NO



ITERACION 138
Solucion:    33 59 119 42 16 70 77 95 121 83 1 89 52 97 140 126 130 71 148 122 80 91 94 116 24 127 99 82 76 56 2 45 138 93 44 0 10 84 40 39 123 85 4 13 21 26 48 17 105 60 61 69 72 81 96 34 12 62 78 43 55 106 41 29 9 107 104 115 124 50 131 51 114 68 120 86 79 6 142 37 20 57 58 18 135 32 7 103 149 28 125 25 112 38 65 141 133 129 15 31 139 111 22 136 101 49 8 75 11 146 54 53 102 27 113 66 128 100 132 92 118 74 5 109 63 137 46 144 90 47 73 3 36 14 117 19 67 110 147 88 98 30 23 145 134 108 35 64 143 87 
Coste: 317544087
Temperatura: 478.9656505873937
Probabilidad de aceptación: 0.0
Movimiento: NO



ITERACION 139
Solucion:    33 59 119 42 16 70 77 88 95 83 121 89 52 97 140 126 130 1 148 122 80 91 94 116 24 127 99 82 76 56 2 45 138 93 44 0 10 84 40 39 123 85 4 13 21 26 48 17 105 60 61 69 72 81 96 34 12 62 78 43 55 106 41 29 9 107 104 115 124 50 131 51 114 68 120 86 79 6 142 37 20 57 58 18 71 32 7 103 149 28 125 25 112 135 65 141 133 38 15 129 139 111 22 136 101 49 8 75 11 146 54 53 102 27 113 66 128 100 132 92 31 74 118 109 63 5 46 144 90 47 73 3 36 14 117 19 67 110 147 137 98 30 23 145 134 108 35 64 143 87 
Coste: 314992295
Temperatura: 431.06908552865434
Probabilidad de aceptación: 0.0
Movimiento: NO



ITERACION 140
Solucion:    33 59 98 119 42 70 77 88 95 83 16 89 52 97 140 126 130 1 121 122 80 91 148 116 24 127 99 94 76 56 2 45 138 93 44 0 10 84 40 39 82 85 4 13 21 26 48 17 105 60 61 69 72 81 96 34 12 62 78 43 55 106 41 29 9 107 104 115 123 50 124 51 114 68 131 120 79 6 142 37 20 57 58 18 71 32 7 103 149 86 125 25 112 135 28 65 133 38 15 129 139 111 22 136 101 49 8 75 11 146 54 53 102 27 141 66 128 100 132 92 31 74 118 109 63 5 46 144 90 47 73 113 36 14 117 19 67 110 147 137 3 30 23 145 134 108 35 64 143 87 
Coste: 311722982
Temperatura: 387.9621769757889
Probabilidad de aceptación: 0.0
Movimiento: NO



ITERACION 141
Solucion:    33 59 98 119 42 70 77 88 95 83 16 89 52 97 30 126 130 1 121 122 80 91 148 116 24 127 99 94 76 56 2 45 138 93 44 0 10 84 40 140 39 85 4 82 21 26 48 17 105 60 61 69 72 81 96 34 12 13 78 43 55 62 41 29 9 107 104 115 123 50 124 51 114 106 131 120 79 6 68 37 20 57 58 18 71 32 7 142 149 86 125 25 112 135 28 65 133 38 15 129 139 111 22 136 101 49 8 75 11 146 103 53 102 27 141 66 128 100 132 92 31 74 118 109 63 5 46 144 90 47 73 113 36 14 117 19 67 110 147 137 3 87 54 23 134 145 35 108 143 64 
Coste: 309628561
Temperatura: 349.16595927821004
Probabilidad de aceptación: 1.0
Movimiento: SI



ITERACION 142
Solucion:    54 59 98 119 42 70 77 88 95 83 16 89 52 97 30 126 130 1 121 122 80 91 148 116 24 127 99 94 76 56 2 45 138 93 44 0 10 84 40 140 39 85 4 82 21 26 48 17 105 60 61 69 72 81 96 34 12 13 78 43 55 62 41 29 9 107 104 115 123 50 124 51 114 106 131 120 79 6 68 37 20 57 58 18 33 32 7 142 149 86 125 25 112 135 28 65 133 38 15 129 139 111 22 136 101 49 8 75 11 146 71 53 102 27 141 66 128 100 132 92 31 74 118 109 63 5 46 144 90 47 73 113 36 14 117 19 67 110 147 137 3 87 64 23 103 145 35 108 143 134 
Coste: 309374423
Temperatura: 314.24936335038905
Probabilidad de aceptación: 1.0
Movimiento: SI



ITERACION 143
Solucion:    23 59 98 119 42 70 77 88 95 83 16 89 52 97 30 126 130 1 121 122 80 91 148 116 24 127 99 94 76 56 2 45 138 93 44 0 10 84 40 140 39 85 4 82 21 26 48 17 105 60 61 69 72 81 96 34 12 13 78 43 55 62 41 29 9 107 104 115 123 50 124 51 114 106 131 120 79 6 68 37 20 57 58 18 33 32 7 142 149 86 125 25 112 135 28 65 133 38 15 54 139 111 22 136 101 49 8 75 11 146 129 53 102 27 141 66 128 100 132 92 71 74 118 109 63 5 31 46 90 47 73 113 36 14 117 19 67 144 147 137 3 87 110 134 64 145 103 108 35 143 
Coste: 308725461
Temperatura: 282.8244270153501
Probabilidad de aceptación: 1.0
Movimiento: SI



ITERACION 144
Solucion:    23 59 98 119 42 70 77 88 95 83 16 89 52 97 30 126 130 64 121 122 80 91 148 116 24 127 99 94 76 56 2 45 138 93 44 0 10 84 40 1 140 85 4 39 21 26 48 17 105 60 61 69 72 81 96 34 12 82 78 43 55 62 41 29 9 107 104 115 123 50 124 51 114 106 131 120 79 6 13 37 20 57 58 18 33 32 7 142 149 86 125 25 112 135 28 65 133 38 15 68 139 111 22 136 101 49 8 75 11 146 129 53 102 27 141 66 128 100 132 92 71 74 118 109 63 5 31 46 90 47 73 113 36 14 117 19 67 144 147 137 3 87 54 134 103 110 145 108 35 143 
Coste: 307482543
Temperatura: 254.5419843138151
Probabilidad de aceptación: 1.7077767575151076E-50
Movimiento: NO



ITERACION 145
Solucion:    23 59 98 119 42 70 77 88 95 83 16 89 52 97 30 126 130 64 121 122 80 91 148 116 24 127 99 94 76 56 2 45 138 110 44 0 10 84 40 1 140 85 4 39 21 93 48 17 105 60 61 69 72 81 96 34 12 82 78 43 55 62 41 29 9 107 104 115 123 50 124 51 114 106 131 120 79 6 13 37 20 57 58 18 33 32 7 142 149 86 125 25 112 135 28 65 133 38 15 68 139 111 22 136 101 49 8 75 11 146 129 53 102 27 141 66 128 100 132 92 26 74 118 109 63 5 71 31 90 47 73 113 36 14 46 19 67 144 147 137 3 87 54 134 103 117 145 108 35 143 
Coste: 306527648
Temperatura: 229.0877858824336
Probabilidad de aceptación: 2.650807449024897E-29
Movimiento: NO



ITERACION 146
Solucion:    23 59 98 119 42 70 77 88 95 83 16 89 52 97 30 126 130 64 121 122 80 91 148 116 24 127 99 94 76 56 2 45 138 110 44 0 10 84 40 1 140 85 4 39 21 93 48 17 105 60 61 69 72 81 96 34 12 82 78 43 55 62 41 29 9 107 104 115 123 50 124 51 114 106 131 120 79 6 13 37 20 57 58 18 33 32 7 142 149 86 125 25 112 135 28 65 133 38 15 68 139 111 22 136 101 49 8 75 11 146 129 53 102 27 141 66 128 100 132 92 26 74 118 109 63 5 71 31 90 47 73 113 36 14 46 19 67 144 147 137 3 87 54 134 103 117 145 108 35 143 
Coste: 306527648
Temperatura: 206.17900729419023
Probabilidad de aceptación: 3.8431158481296096E-33
Movimiento: NO



ITERACION 147
Solucion:    23 59 98 119 42 70 77 88 95 108 16 89 52 97 30 126 130 83 121 122 80 91 148 116 24 127 99 94 76 56 2 45 138 110 44 0 10 84 40 1 140 85 4 39 21 93 48 17 105 60 61 69 72 81 96 34 12 82 78 43 55 62 41 29 9 107 104 115 123 50 124 51 114 106 131 120 79 6 13 37 20 57 58 18 33 32 7 142 149 86 125 25 112 135 28 65 133 38 15 68 139 111 22 136 101 49 8 75 11 146 129 53 102 27 141 66 128 100 132 92 26 74 118 109 63 5 71 31 90 47 73 113 36 14 46 64 67 144 147 137 3 19 54 134 87 117 145 35 103 143 
Coste: 305751747
Temperatura: 185.56110656477122
Probabilidad de aceptación: 2.272809674374229E-79
Movimiento: NO



ITERACION 148
Solucion:    103 59 98 119 42 70 77 88 95 23 16 89 52 97 108 126 130 30 121 122 80 91 148 116 24 127 99 94 76 56 2 45 138 83 44 0 10 84 40 1 140 85 4 110 21 39 48 17 105 60 61 69 72 81 96 34 12 93 78 43 55 62 41 29 9 107 104 115 123 50 124 51 114 106 131 120 82 6 13 37 20 57 58 18 79 32 7 142 149 86 125 25 112 135 28 65 133 38 15 68 139 111 22 136 101 49 8 75 11 146 129 53 102 27 141 66 128 100 132 92 26 74 118 109 63 5 71 31 90 47 73 113 36 14 46 64 67 144 147 137 3 19 54 134 87 117 145 33 143 35 
Coste: 303413919
Temperatura: 167.0049959082941
Probabilidad de aceptación: 1.0
Movimiento: SI



ITERACION 149
Solucion:    103 35 98 119 42 70 77 88 95 23 16 89 52 97 108 126 130 30 121 122 80 91 148 116 24 127 99 94 76 56 2 45 138 83 44 0 10 84 40 1 140 85 4 110 21 39 48 17 105 60 61 69 72 81 96 34 12 93 78 43 55 59 41 29 9 107 104 115 123 50 124 51 114 106 131 120 82 6 13 37 20 57 58 18 79 32 7 142 149 86 125 25 112 135 28 65 133 38 15 68 139 111 22 136 101 49 8 75 11 146 129 53 102 27 141 62 128 100 132 92 26 74 118 109 63 5 71 31 90 47 73 113 36 14 46 66 67 144 147 137 3 19 64 134 87 117 54 33 143 145 
Coste: 302986290
Temperatura: 150.3044963174647
Probabilidad de aceptación: 1.0
Movimiento: SI



