ITERACION 0
Solucion:    101 75 44 55 66 74 90 0 26 49 22 139 96 37 115 57 85 95 56 126 68 137 147 81 58 27 82 143 113 17 127 146 73 23 128 149 129 104 4 60 130 138 51 61 87 84 134 92 94 102 24 105 25 72 50 69 65 136 48 144 125 118 76 120 3 6 46 110 7 107 53 135 108 28 32 45 89 52 30 34 29 19 2 114 35 77 99 31 100 123 39 119 63 79 36 38 97 142 103 71 20 21 93 91 98 140 14 116 112 121 106 41 133 43 132 64 13 111 109 88 145 10 141 47 40 148 15 12 8 54 1 67 131 42 86 70 5 11 18 83 117 78 16 122 59 80 33 124 9 62 
Coste: 655247534
Temperatura: 9.73052112E8
Probabilidad de aceptación: 1.0
Movimiento: SI



ITERACION 1
Solucion:    75 62 101 44 55 66 74 90 0 26 49 22 139 96 37 115 57 85 95 56 126 68 137 147 81 58 27 82 143 113 17 127 146 73 23 128 149 129 104 4 60 130 138 51 61 87 84 134 92 94 102 24 105 25 72 50 69 65 136 48 144 125 118 76 120 3 6 46 110 7 107 53 135 108 28 32 45 89 52 30 34 29 19 2 114 35 77 99 31 100 123 39 119 63 79 36 38 97 142 103 71 20 21 93 91 98 140 14 116 112 121 106 41 133 43 132 64 13 111 109 88 145 10 141 47 40 148 15 12 8 54 1 67 131 42 86 70 5 11 18 83 117 78 16 122 59 80 33 124 9 
Coste: 656191577
Temperatura: 8.757469008000001E8
Probabilidad de aceptación: 1.0
Movimiento: SI



ITERACION 2
Solucion:    101 75 9 62 44 55 66 74 90 0 26 49 22 139 96 37 115 57 85 95 56 126 68 137 147 81 58 27 82 143 113 17 127 146 73 23 128 149 129 104 4 60 130 138 51 61 87 84 134 92 94 102 24 105 25 72 50 69 65 136 48 144 125 118 76 120 3 6 46 110 7 107 53 135 108 28 32 45 89 52 30 34 29 19 2 114 35 77 99 31 100 123 39 119 63 79 36 38 97 142 103 71 20 21 93 91 98 140 14 116 112 121 106 41 133 43 132 64 13 111 109 88 145 10 141 47 40 148 15 12 8 54 1 67 131 42 86 70 5 11 18 83 117 78 16 122 59 80 33 124 
Coste: 659701525
Temperatura: 7.8817221072E8
Probabilidad de aceptación: 1.0
Movimiento: SI



ITERACION 3
Solucion:    62 101 75 124 9 44 55 66 74 90 0 26 49 22 139 96 37 115 57 85 95 56 126 68 137 147 81 58 27 82 143 113 17 127 146 73 23 128 149 129 104 4 60 130 138 51 61 87 84 134 92 94 102 24 105 25 72 50 69 65 136 48 144 125 118 76 120 3 6 46 110 7 107 53 135 108 28 32 45 89 52 30 34 29 19 2 114 35 77 99 31 100 123 39 119 63 79 36 38 97 142 103 71 20 21 93 91 98 140 14 116 112 121 106 41 133 43 132 64 13 111 109 88 145 10 141 47 40 148 15 12 8 54 1 67 131 42 86 70 5 11 18 83 117 78 16 122 59 80 33 
Coste: 661300191
Temperatura: 7.09354989648E8
Probabilidad de aceptación: 1.0
Movimiento: SI



ITERACION 4
Solucion:    9 62 101 75 33 124 44 55 66 74 90 0 26 49 22 139 96 37 115 57 85 95 56 126 68 137 147 81 58 27 82 143 113 17 127 146 73 23 128 149 129 104 4 60 130 138 51 61 87 84 134 92 94 102 24 105 25 72 50 69 65 136 48 144 125 118 76 120 3 6 46 110 7 107 53 135 108 28 32 45 89 52 30 34 29 19 2 114 35 77 99 31 100 123 39 119 63 79 36 38 97 142 103 71 20 21 93 91 98 140 14 116 112 121 106 41 133 43 132 64 13 111 109 88 145 10 141 47 40 148 15 12 8 54 1 67 131 42 86 70 5 11 18 83 117 78 16 122 59 80 
Coste: 661423629
Temperatura: 6.384194906832E8
Probabilidad de aceptación: 1.0
Movimiento: SI



ITERACION 5
Solucion:    124 9 62 101 75 80 33 44 55 66 74 90 0 26 49 22 139 96 37 115 57 85 95 56 126 68 137 147 81 58 27 82 143 113 17 127 146 73 23 128 149 129 104 4 60 130 138 51 61 87 84 134 92 94 102 24 105 25 72 50 69 65 136 48 144 125 118 76 120 3 6 46 110 7 107 53 135 108 28 32 45 89 52 30 34 29 19 2 114 35 77 99 31 100 123 39 119 63 79 36 38 97 142 103 71 20 21 93 91 98 140 14 116 112 121 106 41 133 43 132 64 13 111 109 88 145 10 141 47 40 148 15 12 8 54 1 67 131 42 86 70 5 11 18 83 117 78 16 122 59 
Coste: 655661533
Temperatura: 5.7457754161488E8
Probabilidad de aceptación: 1.0
Movimiento: SI



ITERACION 6
Solucion:    33 124 9 62 101 75 59 80 44 55 66 74 90 0 26 49 22 139 96 37 115 57 85 95 56 126 68 137 147 81 58 27 82 143 113 17 127 146 73 23 128 149 129 104 4 60 130 138 51 61 87 84 134 92 94 102 24 105 25 72 50 69 65 136 48 144 125 118 76 120 3 6 46 110 7 107 53 135 108 28 32 45 89 52 30 34 29 19 2 114 35 77 99 31 100 123 39 119 63 79 36 38 97 142 103 71 20 21 93 91 98 140 14 116 112 121 106 41 133 43 132 64 13 111 109 88 145 10 141 47 40 148 15 12 8 54 1 67 131 42 86 70 5 11 18 83 117 78 16 122 
Coste: 655000279
Temperatura: 5.1711978745339197E8
Probabilidad de aceptación: 1.0
Movimiento: SI



ITERACION 7
Solucion:    80 33 124 9 62 101 75 122 59 44 55 66 74 90 0 26 49 22 139 96 37 115 57 85 95 56 126 68 137 147 81 58 27 82 143 113 17 127 146 73 23 128 149 129 104 4 60 130 138 51 61 87 84 134 92 94 102 24 105 25 72 50 69 65 136 48 144 125 118 76 120 3 6 46 110 7 107 53 135 108 28 32 45 89 52 30 34 29 19 2 114 35 77 99 31 100 123 39 119 63 79 36 38 97 142 103 71 20 21 93 91 98 140 14 116 112 121 106 41 133 43 132 64 13 111 109 88 145 10 141 47 40 148 15 12 8 54 1 67 131 42 86 70 5 11 18 83 117 78 16 
Coste: 652756327
Temperatura: 4.6540780870805275E8
Probabilidad de aceptación: 1.0
Movimiento: SI



ITERACION 8
Solucion:    59 80 33 124 9 62 101 75 16 122 44 55 66 74 90 0 26 49 22 139 96 37 115 57 85 95 56 126 68 137 147 81 58 27 82 143 113 17 127 146 73 23 128 149 129 104 4 60 130 138 51 61 87 84 134 92 94 102 24 105 25 72 50 69 65 136 48 144 125 118 76 120 3 6 46 110 7 107 53 135 108 28 32 45 89 52 30 34 29 19 2 114 35 77 99 31 100 123 39 119 63 79 36 38 97 142 103 71 20 21 93 91 98 140 14 116 112 121 106 41 133 43 132 64 13 111 109 88 145 10 141 47 40 148 15 12 8 54 1 67 131 42 86 70 5 11 18 83 117 78 
Coste: 648868738
Temperatura: 4.188670278372475E8
Probabilidad de aceptación: 1.0
Movimiento: SI



ITERACION 9
Solucion:    122 59 80 33 124 9 62 101 75 78 16 44 55 66 74 90 0 26 49 22 139 96 37 115 57 85 95 56 126 68 137 147 81 58 27 82 143 113 17 127 146 73 23 128 149 129 104 4 60 130 138 51 61 87 84 134 92 94 102 24 105 25 72 50 69 65 136 48 144 125 118 76 120 3 6 46 110 7 107 53 135 108 28 32 45 89 52 30 34 29 19 2 114 35 77 99 31 100 123 39 119 63 79 36 38 97 142 103 71 20 21 93 91 98 140 14 116 112 121 106 41 133 43 132 64 13 111 109 88 145 10 141 47 40 148 15 12 8 54 1 67 131 42 86 70 5 11 18 83 117 
Coste: 650942317
Temperatura: 3.7698032505352277E8
Probabilidad de aceptación: 1.0
Movimiento: SI



ITERACION 10
Solucion:    16 122 59 80 33 124 9 62 101 75 117 78 44 55 66 74 90 0 26 49 22 139 96 37 115 57 85 95 56 126 68 137 147 81 58 27 82 143 113 17 127 146 73 23 128 149 129 104 4 60 130 138 51 61 87 84 134 92 94 102 24 105 25 72 50 69 65 136 48 144 125 118 76 120 3 6 46 110 7 107 53 135 108 28 32 45 89 52 30 34 29 19 2 114 35 77 99 31 100 123 39 119 63 79 36 38 97 142 103 71 20 21 93 91 98 140 14 116 112 121 106 41 133 43 132 64 13 111 109 88 145 10 141 47 40 148 15 12 8 54 1 67 131 42 86 70 5 11 18 83 
Coste: 649446354
Temperatura: 3.392822925481705E8
Probabilidad de aceptación: 1.0
Movimiento: SI



ITERACION 11
Solucion:    78 16 122 59 80 33 124 9 62 101 75 83 117 44 55 66 74 90 0 26 49 22 139 96 37 115 57 85 95 56 126 68 137 147 81 58 27 82 143 113 17 127 146 73 23 128 149 129 104 4 60 130 138 51 61 87 84 134 92 94 102 24 105 25 72 50 69 65 136 48 144 125 118 76 120 3 6 46 110 7 107 53 135 108 28 32 45 89 52 30 34 29 19 2 114 35 77 99 31 100 123 39 119 63 79 36 38 97 142 103 71 20 21 93 91 98 140 14 116 112 121 106 41 133 43 132 64 13 111 109 88 145 10 141 47 40 148 15 12 8 54 1 67 131 42 86 70 5 11 18 
Coste: 646111376
Temperatura: 3.0535406329335344E8
Probabilidad de aceptación: 1.0
Movimiento: SI



ITERACION 12
Solucion:    117 78 16 122 59 80 33 124 9 62 101 75 18 83 44 55 66 74 90 0 26 49 22 139 96 37 115 57 85 95 56 126 68 137 147 81 58 27 82 143 113 17 127 146 73 23 128 149 129 104 4 60 130 138 51 61 87 84 134 92 94 102 24 105 25 72 50 69 65 136 48 144 125 118 76 120 3 6 46 110 7 107 53 135 108 28 32 45 89 52 30 34 29 19 2 114 35 77 99 31 100 123 39 119 63 79 36 38 97 142 103 71 20 21 93 91 98 140 14 116 112 121 106 41 133 43 132 64 13 111 109 88 145 10 141 47 40 148 15 12 8 54 1 67 131 42 86 70 5 11 
Coste: 654331086
Temperatura: 2.748186569640181E8
Probabilidad de aceptación: 1.0
Movimiento: SI



ITERACION 13
Solucion:    83 117 78 16 122 59 80 33 124 9 62 101 75 11 18 44 55 66 74 90 0 26 49 22 139 96 37 115 57 85 95 56 126 68 137 147 81 58 27 82 143 113 17 127 146 73 23 128 149 129 104 4 60 130 138 51 61 87 84 134 92 94 102 24 105 25 72 50 69 65 136 48 144 125 118 76 120 3 6 46 110 7 107 53 135 108 28 32 45 89 52 30 34 29 19 2 114 35 77 99 31 100 123 39 119 63 79 36 38 97 142 103 71 20 21 93 91 98 140 14 116 112 121 106 41 133 43 132 64 13 111 109 88 145 10 141 47 40 148 15 12 8 54 1 67 131 42 86 70 5 
Coste: 650056412
Temperatura: 2.473367912676163E8
Probabilidad de aceptación: 1.0
Movimiento: SI



ITERACION 14
Solucion:    18 83 117 78 16 122 59 80 33 124 9 62 101 75 5 11 44 55 66 74 90 0 26 49 22 139 96 37 115 57 85 95 56 126 68 137 147 81 58 27 82 143 113 17 127 146 73 23 128 149 129 104 4 60 130 138 51 61 87 84 134 92 94 102 24 105 25 72 69 50 65 136 48 144 125 118 76 120 3 6 46 110 7 107 53 135 108 28 32 45 89 52 30 34 29 19 2 114 35 77 99 31 100 123 39 119 63 79 36 38 97 142 103 71 20 21 93 91 98 140 14 116 112 121 106 41 133 43 132 64 13 111 109 88 145 10 141 47 40 148 15 12 8 54 1 67 131 42 86 70 
Coste: 653161571
Temperatura: 2.226031121408547E8
Probabilidad de aceptación: 1.0
Movimiento: SI



ITERACION 15
Solucion:    11 18 83 117 78 16 122 59 80 33 124 9 62 101 75 70 5 44 55 66 74 90 0 26 49 22 139 96 37 115 57 85 95 56 126 68 137 147 81 58 27 82 143 113 17 127 146 73 23 128 149 129 104 4 60 130 138 51 61 87 84 134 94 92 102 24 105 25 72 69 50 65 136 48 144 125 118 76 120 3 6 46 110 7 107 53 135 108 28 32 45 89 52 30 34 29 19 2 114 35 77 99 31 100 123 39 119 63 79 36 38 97 142 103 71 20 21 93 91 98 140 14 116 112 121 106 41 133 43 132 64 13 111 109 88 145 10 141 47 40 148 15 12 8 54 1 67 131 42 86 
Coste: 656005665
Temperatura: 2.0034280092676923E8
Probabilidad de aceptación: 1.0
Movimiento: SI



ITERACION 16
Solucion:    5 11 18 83 117 78 16 122 59 80 33 124 9 62 101 75 86 70 44 55 66 74 90 0 26 49 22 139 96 37 115 57 85 95 56 126 68 137 147 81 58 27 82 143 113 17 127 146 73 23 128 149 129 104 4 60 130 138 51 61 87 84 134 94 92 102 24 105 25 72 69 50 65 136 48 144 125 118 76 120 3 6 46 110 7 107 53 135 108 28 32 45 89 52 30 34 29 19 2 114 35 77 99 31 100 123 39 119 63 79 36 38 97 142 103 71 20 21 93 91 98 140 14 116 112 121 106 41 133 43 132 64 13 111 109 88 145 10 141 47 40 148 15 12 8 54 1 67 131 42 
Coste: 658873311
Temperatura: 1.8030852083409232E8
Probabilidad de aceptación: 1.0
Movimiento: SI



ITERACION 17
Solucion:    70 5 11 18 83 117 78 16 122 59 80 33 124 9 62 101 75 42 86 44 55 66 74 90 0 26 49 22 139 96 37 115 57 85 95 56 126 68 137 147 81 58 27 82 143 113 17 127 146 73 23 128 149 129 104 4 60 130 138 51 61 87 84 134 94 92 102 24 105 25 72 69 50 65 136 48 144 125 118 76 120 3 6 46 110 7 107 53 135 108 28 32 45 89 52 30 34 29 19 2 114 35 77 99 31 100 123 39 119 63 79 36 38 97 142 103 71 20 21 93 91 98 140 14 116 112 121 106 41 133 43 132 64 13 111 109 88 145 10 141 47 40 148 15 12 8 54 1 67 131 
Coste: 658436416
Temperatura: 1.622776687506831E8
Probabilidad de aceptación: 1.0
Movimiento: SI



ITERACION 18
Solucion:    86 70 5 11 18 83 117 78 16 122 59 80 33 124 9 62 101 75 131 42 44 55 66 74 90 0 26 49 22 139 96 37 115 57 85 95 56 126 68 137 147 81 58 27 82 143 113 17 127 146 73 23 128 149 129 104 4 60 130 138 51 61 87 84 94 134 92 102 24 105 25 72 69 50 65 136 48 144 125 118 76 120 3 6 46 110 7 107 53 135 108 28 32 45 89 52 30 34 29 19 2 114 35 77 99 31 100 123 39 119 63 79 36 38 97 142 103 71 20 21 93 91 98 140 14 116 112 121 106 41 133 43 132 64 13 111 109 88 145 10 141 47 40 148 15 12 8 54 1 67 
Coste: 658024578
Temperatura: 1.460499018756148E8
Probabilidad de aceptación: 1.0
Movimiento: SI



ITERACION 19
Solucion:    42 86 70 5 11 18 83 117 78 16 122 59 80 33 9 124 62 101 75 67 131 44 55 66 74 90 0 26 49 22 139 96 37 115 57 85 95 56 126 68 137 147 81 58 27 82 143 113 17 127 146 73 23 128 149 129 104 4 60 130 138 51 61 87 84 94 134 92 102 24 105 25 72 69 50 65 136 48 144 125 118 76 120 3 6 46 110 7 107 53 135 108 28 32 45 89 52 30 34 29 19 2 114 35 77 99 31 100 123 39 119 63 79 36 38 97 142 103 71 20 21 93 91 98 140 14 116 112 121 106 41 133 43 132 13 64 111 109 88 145 10 141 47 40 148 15 12 8 54 1 
Coste: 658223914
Temperatura: 1.3144491168805331E8
Probabilidad de aceptación: 1.0
Movimiento: SI



ITERACION 20
Solucion:    131 42 86 70 5 11 18 83 117 78 16 122 59 80 33 9 124 62 101 75 1 67 44 55 66 74 90 0 26 49 22 139 96 37 115 57 85 95 56 126 68 137 147 81 58 27 82 143 113 17 127 146 73 23 128 149 129 104 4 60 130 138 51 61 87 84 94 134 92 102 24 105 25 72 69 50 65 136 48 144 125 118 76 120 3 6 46 110 7 107 53 135 108 28 32 45 89 52 30 34 29 19 2 114 35 77 99 31 100 123 39 119 63 79 36 38 97 142 103 71 20 21 93 91 98 140 14 116 112 121 106 41 133 43 132 13 64 111 109 88 145 10 141 47 40 148 15 12 8 54 
Coste: 664356840
Temperatura: 1.1830042051924798E8
Probabilidad de aceptación: 1.0
Movimiento: SI



ITERACION 21
Solucion:    67 131 42 86 70 5 11 18 83 117 78 16 122 59 80 33 9 124 62 101 75 54 1 44 55 66 74 90 0 26 49 22 139 96 37 115 57 85 95 56 126 68 137 147 81 58 27 82 143 113 17 127 146 73 23 128 149 129 104 4 60 130 138 51 61 87 84 94 134 92 102 24 105 25 72 69 50 65 136 48 144 125 118 76 120 3 6 46 110 7 107 53 135 108 28 32 45 89 52 30 34 29 19 2 114 35 77 99 31 100 123 39 119 63 79 36 38 97 142 103 71 20 21 93 91 98 140 14 116 112 121 106 41 133 43 132 13 64 111 109 88 145 10 141 47 40 148 15 12 8 
Coste: 656368453
Temperatura: 1.0647037846732318E8
Probabilidad de aceptación: 1.0
Movimiento: SI



ITERACION 22
Solucion:    1 67 131 42 86 70 5 11 18 83 117 78 16 122 59 80 33 9 124 62 101 75 8 54 44 55 66 74 90 0 26 49 22 139 96 37 115 57 85 95 56 126 137 68 147 81 58 27 82 143 113 17 127 146 73 23 128 149 129 104 60 4 130 138 51 61 87 84 94 134 92 102 24 105 25 72 69 50 65 136 48 144 125 118 76 120 6 3 46 110 7 107 53 135 108 28 32 45 89 52 30 34 29 19 2 114 35 77 99 31 100 123 39 119 63 79 36 38 97 142 103 71 20 21 93 91 98 140 14 116 112 121 106 41 133 43 132 13 64 111 109 88 145 10 141 47 40 148 15 12 
Coste: 655697347
Temperatura: 9.582334062059087E7
Probabilidad de aceptación: 1.0
Movimiento: SI



ITERACION 23
Solucion:    54 1 67 131 42 86 70 5 11 18 83 117 78 16 122 59 80 33 9 124 62 101 75 12 8 44 55 66 74 90 0 26 49 22 139 96 37 115 57 85 95 56 126 137 68 147 58 81 27 82 143 113 17 127 146 73 23 128 149 129 104 60 4 130 138 51 61 87 84 94 134 92 102 24 105 25 72 69 50 65 136 48 144 125 118 76 120 6 3 46 110 7 107 53 135 108 28 32 45 89 52 30 34 29 19 2 114 35 77 99 31 100 123 39 119 63 79 36 38 97 142 103 71 20 21 93 91 98 140 14 116 112 121 106 41 133 43 132 13 64 111 109 88 145 10 141 47 40 148 15 
Coste: 658905479
Temperatura: 8.624100655853178E7
Probabilidad de aceptación: 1.0
Movimiento: SI



ITERACION 24
Solucion:    8 54 1 67 131 42 86 70 5 11 18 83 117 78 16 122 59 80 33 9 124 62 101 75 15 12 44 55 66 74 90 0 26 49 22 139 96 37 115 57 85 95 56 126 137 68 147 58 81 27 82 143 113 17 127 146 73 23 128 149 129 104 60 4 130 138 51 61 87 84 94 134 92 102 24 105 25 72 69 50 65 136 48 144 125 118 76 120 6 3 46 110 7 107 53 135 108 28 32 45 89 52 30 34 29 19 2 114 35 77 99 31 100 123 39 119 63 79 36 38 97 142 103 71 20 21 93 91 98 140 14 116 112 121 106 41 133 43 132 13 64 111 109 88 145 10 141 47 40 148 
Coste: 657987533
Temperatura: 7.76169059026786E7
Probabilidad de aceptación: 1.0
Movimiento: SI



ITERACION 25
Solucion:    12 8 54 1 67 131 42 86 70 5 11 18 83 117 78 16 122 59 80 33 9 124 62 101 75 148 15 44 55 66 74 90 0 26 49 22 139 96 37 115 57 85 95 56 126 137 68 147 58 81 27 82 143 113 17 127 146 73 23 128 149 129 60 104 4 130 138 51 61 87 84 94 134 92 102 24 105 25 72 69 50 65 136 48 144 125 118 76 120 6 3 46 110 7 107 53 135 108 28 32 45 89 52 30 34 29 19 2 114 35 77 99 31 100 123 39 119 63 79 36 38 97 142 103 71 20 21 93 91 98 14 140 116 112 121 106 41 133 43 132 13 64 111 109 88 145 10 141 47 40 
Coste: 660319298
Temperatura: 6.985521531241074E7
Probabilidad de aceptación: 1.0
Movimiento: SI



ITERACION 26
Solucion:    15 12 8 54 1 67 131 42 86 70 5 11 18 83 117 78 16 122 59 80 33 9 124 62 101 75 40 148 44 55 66 74 90 0 26 49 22 139 96 37 115 57 85 95 56 126 137 68 147 58 81 27 82 143 113 17 127 146 73 23 128 149 129 60 104 4 130 138 51 61 87 84 94 134 92 102 24 105 25 72 69 50 65 136 48 144 125 118 76 120 6 3 46 110 7 107 53 135 108 28 32 45 89 52 30 34 29 19 2 35 114 77 99 31 100 123 39 119 63 79 36 38 97 142 103 71 20 21 93 91 98 14 140 116 112 121 106 41 133 43 132 13 64 111 109 88 145 10 141 47 
Coste: 655361556
Temperatura: 6.286969378116967E7
Probabilidad de aceptación: 1.0
Movimiento: SI



ITERACION 27
Solucion:    148 15 12 8 54 1 67 131 42 86 70 5 11 18 83 117 78 16 122 59 80 33 9 124 62 101 75 47 40 44 55 66 74 90 0 26 49 22 139 96 37 115 57 85 95 56 126 137 68 147 58 81 27 82 143 113 17 127 146 73 23 128 149 129 60 104 4 130 138 51 61 87 84 94 134 92 102 24 105 25 72 69 50 65 136 48 144 125 118 76 120 6 3 46 110 7 107 53 135 108 28 32 45 89 52 30 34 29 19 2 35 114 77 99 31 100 123 39 119 63 79 36 38 97 142 103 71 20 21 93 91 98 14 140 116 112 121 106 41 133 43 132 13 64 111 109 88 145 10 141 
Coste: 658522144
Temperatura: 5.65827244030527E7
Probabilidad de aceptación: 1.0
Movimiento: SI



ITERACION 28
Solucion:    40 148 15 12 8 54 1 67 131 42 86 70 5 11 18 83 117 78 16 122 59 80 33 9 124 62 101 75 141 47 44 55 66 74 90 0 26 49 22 139 96 37 115 57 85 95 56 126 137 68 147 58 81 27 82 143 113 17 127 146 73 23 128 149 129 60 104 4 130 138 51 61 87 84 94 134 92 102 24 105 25 72 69 50 65 136 48 144 125 118 76 120 6 3 46 110 7 107 53 135 108 28 32 45 89 52 30 34 29 19 2 35 114 77 99 31 100 123 39 119 63 79 36 38 97 142 103 71 20 21 93 91 98 14 140 116 112 121 106 41 133 43 132 13 64 111 109 88 145 10 
Coste: 659658324
Temperatura: 5.092445196274743E7
Probabilidad de aceptación: 1.0
Movimiento: SI



ITERACION 29
Solucion:    47 40 148 15 12 8 54 1 67 131 42 86 70 5 11 18 83 117 78 16 122 59 80 33 9 124 62 101 75 10 141 44 55 66 74 90 0 26 49 22 139 96 37 115 57 85 95 56 126 137 68 147 58 81 27 82 143 113 17 127 146 73 23 128 149 129 60 104 4 130 138 51 61 87 84 94 134 92 102 24 105 25 72 69 50 65 136 48 144 125 118 76 120 6 3 46 110 7 107 53 135 108 28 32 45 89 52 30 34 29 19 2 35 114 77 99 31 100 123 39 119 63 79 36 38 97 142 103 71 21 20 93 91 98 14 140 116 112 121 106 41 133 43 132 13 64 111 109 88 145 
Coste: 653882321
Temperatura: 4.583200676647269E7
Probabilidad de aceptación: 1.0
Movimiento: SI



ITERACION 30
Solucion:    141 47 40 148 15 12 8 54 1 67 131 42 86 70 5 11 18 83 117 78 16 122 59 80 33 9 124 62 101 75 145 10 44 55 66 74 90 0 26 49 22 139 96 37 115 57 85 95 56 126 137 68 147 58 81 27 82 143 113 127 17 146 73 128 23 149 129 60 104 4 130 138 51 61 87 84 94 134 92 102 24 105 25 72 69 50 65 136 48 144 125 118 76 120 6 3 46 110 7 107 53 108 28 135 32 45 89 52 30 34 29 19 35 2 114 77 99 31 100 123 39 119 63 79 36 38 97 142 103 71 21 20 93 91 98 14 140 116 112 121 106 41 133 43 132 13 64 111 109 88 
Coste: 657606380
Temperatura: 4.124880608982542E7
Probabilidad de aceptación: 1.0
Movimiento: SI



ITERACION 31
Solucion:    10 141 47 40 148 15 12 8 54 1 67 131 42 86 70 5 11 18 83 117 78 16 122 59 80 33 9 124 62 101 75 88 145 44 55 66 74 90 0 26 49 22 139 96 37 115 57 85 95 56 126 137 68 147 58 81 27 82 143 113 127 17 146 73 128 23 149 129 60 104 4 130 138 51 61 87 84 94 134 92 102 24 105 25 72 69 50 65 136 48 144 125 118 76 120 6 3 46 110 7 107 53 108 28 135 32 45 89 52 30 34 29 19 35 2 114 77 99 31 100 123 39 119 63 79 36 38 97 142 103 71 21 93 20 91 98 14 140 116 112 121 106 41 133 43 132 13 64 111 109 
Coste: 656069825
Temperatura: 3.712392548084288E7
Probabilidad de aceptación: 1.0
Movimiento: SI



ITERACION 32
Solucion:    145 10 141 47 40 148 15 12 8 54 1 67 131 42 86 70 5 11 18 83 117 78 16 122 59 80 33 9 124 62 101 75 109 88 44 55 66 74 90 0 26 49 22 139 96 37 115 57 85 95 56 126 137 68 147 58 81 27 82 143 113 127 17 146 73 128 23 149 129 60 104 4 130 138 51 61 87 84 94 92 134 102 24 105 25 72 69 50 65 136 48 144 125 118 76 120 6 3 46 110 7 107 53 108 28 135 32 45 89 52 30 34 29 19 35 2 114 77 99 31 100 123 39 119 63 79 36 38 97 103 142 71 21 93 20 91 98 14 140 116 112 121 106 41 133 43 132 13 64 111 
Coste: 658562394
Temperatura: 3.3411532932758592E7
Probabilidad de aceptación: 1.0
Movimiento: SI



ITERACION 33
Solucion:    88 145 10 47 141 40 148 15 12 8 54 1 67 131 42 86 70 5 11 18 83 117 78 16 122 59 80 33 9 124 62 101 75 111 109 44 55 66 74 90 0 26 49 22 139 96 37 115 57 85 95 56 126 137 68 147 58 81 27 82 143 113 127 17 146 73 128 23 149 129 60 104 130 4 138 51 61 87 84 94 92 134 102 24 105 25 72 69 50 65 136 48 144 125 118 120 76 6 3 46 110 7 107 53 108 28 135 32 45 89 52 30 34 29 19 35 2 114 77 99 31 100 123 39 119 63 79 36 38 97 103 142 21 71 93 20 91 98 14 140 116 112 121 106 41 133 43 132 13 64 
Coste: 656137181
Temperatura: 3.0070379639482733E7
Probabilidad de aceptación: 1.0
Movimiento: SI



ITERACION 34
Solucion:    109 88 145 10 47 141 148 40 15 8 54 12 1 67 131 42 86 70 5 11 18 83 117 78 16 122 59 80 33 9 124 62 101 75 64 111 44 55 66 74 90 0 26 49 22 139 96 37 115 57 85 95 56 126 137 68 147 58 81 27 82 143 113 127 17 146 73 128 23 149 129 60 104 130 4 51 138 61 87 84 94 92 134 102 24 25 105 72 69 50 65 136 48 144 125 118 120 76 6 3 46 110 7 107 53 108 28 135 32 45 89 52 30 34 29 19 35 2 114 77 99 31 100 123 39 119 63 79 36 38 97 103 142 21 71 93 20 91 98 14 140 116 112 121 106 41 133 43 132 13 
Coste: 654755250
Temperatura: 2.706334167553446E7
Probabilidad de aceptación: 1.0
Movimiento: SI



ITERACION 35
Solucion:    111 109 88 145 10 47 141 148 40 15 8 54 12 1 67 131 42 86 70 5 11 18 83 117 78 16 122 59 80 33 9 124 62 101 75 13 64 44 55 66 74 90 0 26 49 22 139 96 37 115 57 85 95 56 126 137 68 147 58 81 27 82 143 113 127 17 146 73 128 23 149 129 60 104 130 4 51 138 61 87 84 94 92 134 102 24 25 105 72 69 50 65 136 48 144 125 118 120 76 6 3 46 110 7 107 53 108 28 135 32 45 89 52 30 34 29 19 35 2 114 77 99 31 100 123 39 119 63 79 36 38 97 103 142 21 71 93 20 91 14 98 140 116 112 121 106 41 133 43 132 
Coste: 650625456
Temperatura: 2.4357007507981014E7
Probabilidad de aceptación: 1.0
Movimiento: SI



ITERACION 36
Solucion:    64 111 109 88 145 10 47 141 148 40 15 8 54 12 1 67 131 42 86 70 5 11 18 83 117 78 16 122 59 80 33 9 124 62 101 75 132 13 44 55 66 74 90 0 26 49 22 139 96 37 115 57 85 95 56 126 137 68 147 58 81 27 82 143 113 127 17 146 73 128 23 149 129 60 104 130 4 51 138 61 87 84 94 92 134 102 24 25 105 72 69 50 65 136 48 144 125 118 120 76 6 3 46 110 7 107 53 108 28 135 32 45 89 52 30 34 29 19 35 2 114 77 99 31 100 123 39 119 63 79 36 38 97 103 142 21 71 93 91 14 20 98 140 116 112 121 106 41 133 43 
Coste: 649382713
Temperatura: 2.192130675718291E7
Probabilidad de aceptación: 1.0
Movimiento: SI



ITERACION 37
Solucion:    13 64 111 109 88 145 10 47 141 148 40 15 8 54 12 1 67 131 42 86 70 5 11 18 83 117 78 16 122 59 80 33 9 124 62 101 75 43 132 44 55 66 74 90 0 26 49 22 139 96 37 115 57 85 95 56 126 137 68 147 58 81 27 82 143 113 127 146 17 73 128 23 149 129 60 104 130 4 51 138 61 87 84 94 92 134 102 24 25 105 72 69 50 65 136 48 144 125 118 120 76 6 3 46 110 7 107 53 108 28 135 32 45 89 52 30 34 29 19 35 2 114 77 99 31 100 123 39 119 63 36 79 38 97 103 142 21 71 93 91 14 20 98 140 116 112 106 121 41 133 
Coste: 655708900
Temperatura: 1.9729176081464622E7
Probabilidad de aceptación: 1.0
Movimiento: SI



ITERACION 38
Solucion:    132 13 64 111 109 88 145 10 47 141 148 15 40 8 54 12 1 67 131 42 86 70 5 11 18 83 117 78 16 122 59 80 33 9 124 62 101 75 133 43 44 55 66 74 90 0 26 49 22 139 96 37 115 57 85 95 126 56 137 68 147 58 81 27 82 143 113 127 146 17 73 128 23 149 129 60 104 130 4 51 138 61 87 84 94 92 134 102 24 25 105 72 69 50 65 136 48 144 125 118 120 76 6 3 46 110 7 107 53 108 28 135 32 45 89 52 30 34 29 19 35 2 114 77 99 31 100 123 39 119 63 36 79 38 97 103 142 21 93 71 91 14 98 140 20 116 106 112 121 41 
Coste: 650953402
Temperatura: 1.775625847331816E7
Probabilidad de aceptación: 1.0
Movimiento: SI



ITERACION 39
Solucion:    43 132 13 64 111 109 88 145 10 47 141 148 15 40 8 54 12 1 67 131 42 86 70 5 11 18 83 117 78 16 122 59 80 33 9 124 62 101 75 41 133 44 55 66 74 90 0 26 49 22 139 96 37 115 57 85 95 126 56 137 68 147 58 81 27 82 143 113 127 146 17 128 73 23 149 129 60 104 130 4 51 138 61 87 94 84 92 134 102 24 25 105 72 69 50 65 136 48 144 125 118 120 76 6 46 3 110 7 107 53 108 28 135 32 45 89 52 30 34 29 19 35 2 114 77 99 31 100 123 39 119 63 36 79 38 97 103 142 21 93 71 91 14 98 140 116 106 20 112 121 
Coste: 651365374
Temperatura: 1.5980632625986343E7
Probabilidad de aceptación: 1.0
Movimiento: SI



ITERACION 40
Solucion:    133 43 132 13 64 111 109 88 145 10 47 141 148 15 40 8 54 12 1 67 131 42 86 70 5 11 18 83 117 78 16 122 59 80 33 9 124 62 101 75 121 41 44 55 66 74 90 0 26 49 22 96 139 37 115 57 85 95 126 56 137 68 147 58 81 27 82 143 113 127 146 17 128 73 23 149 129 60 104 130 4 51 61 138 87 94 84 92 134 102 24 25 105 72 69 50 65 136 48 144 125 118 120 76 6 46 3 110 7 107 53 108 28 135 32 45 89 52 30 34 29 19 35 2 114 77 99 31 123 100 39 119 63 36 79 38 97 103 142 21 93 71 91 14 98 140 116 106 20 112 
Coste: 652935597
Temperatura: 1.438256936338771E7
Probabilidad de aceptación: 1.0
Movimiento: SI



ITERACION 41
Solucion:    41 133 43 132 13 64 111 109 88 145 10 47 141 148 15 40 8 54 12 1 67 131 42 86 70 5 11 18 83 117 78 16 122 59 80 33 9 124 62 101 75 112 121 44 55 66 74 90 0 26 49 22 96 139 37 115 57 85 95 126 56 137 68 147 58 81 27 82 143 113 127 146 17 128 73 23 149 60 129 104 130 4 51 61 138 87 94 84 92 134 102 25 24 105 72 69 50 65 136 48 144 125 118 120 76 6 46 3 110 7 107 53 108 28 135 32 45 89 52 30 34 29 19 35 2 114 77 99 31 123 100 39 119 63 36 79 38 97 103 142 21 93 71 91 14 98 140 106 116 20 
Coste: 651420511
Temperatura: 1.2944312427048938E7
Probabilidad de aceptación: 1.0
Movimiento: SI



ITERACION 42
Solucion:    121 41 133 43 132 13 64 111 109 88 145 10 47 141 148 15 40 8 54 12 1 67 131 42 86 70 5 11 18 83 117 78 16 122 59 80 33 9 124 62 101 75 20 112 44 55 66 74 90 0 26 49 22 96 139 37 115 57 85 95 126 56 137 68 147 58 81 27 82 143 113 146 127 17 128 73 23 149 60 129 104 130 4 51 61 138 87 94 84 92 134 102 25 24 105 72 69 50 65 136 48 144 125 118 120 76 6 46 3 110 7 107 53 108 28 135 32 45 89 52 30 34 29 19 35 2 114 77 99 31 123 100 39 119 63 36 79 38 97 103 142 21 93 71 91 14 98 140 106 116 
Coste: 650355261
Temperatura: 1.1649881184344044E7
Probabilidad de aceptación: 1.0
Movimiento: SI



ITERACION 43
Solucion:    112 121 41 133 43 132 13 64 111 109 88 145 10 47 141 148 15 40 8 54 12 1 131 67 42 86 70 5 11 18 83 117 78 16 122 59 80 33 9 124 62 101 20 116 75 44 55 66 74 90 0 26 49 22 96 139 37 115 57 85 95 126 56 137 68 147 58 81 27 82 143 113 146 127 17 128 73 23 149 60 129 104 130 4 51 61 138 87 94 84 92 134 102 24 25 105 72 69 50 65 136 48 144 125 118 120 76 6 46 3 110 7 107 53 108 28 135 32 45 89 52 30 34 29 19 35 2 114 77 99 31 123 39 100 119 63 36 79 38 97 103 142 21 93 71 91 14 98 140 106 
Coste: 657061393
Temperatura: 1.0484893065909639E7
Probabilidad de aceptación: 1.0
Movimiento: SI



ITERACION 44
Solucion:    75 112 121 41 133 43 132 13 64 111 109 88 145 10 47 141 148 15 40 8 54 12 1 131 67 42 86 70 5 11 18 83 117 78 16 122 59 80 33 9 124 62 101 20 106 116 44 55 66 74 90 0 26 49 22 96 139 37 115 57 85 95 126 56 137 68 147 58 81 27 82 143 113 146 127 17 128 73 23 149 60 129 104 130 51 4 61 138 87 94 84 92 134 102 24 25 105 72 69 50 65 136 48 144 125 120 76 118 6 46 110 3 7 107 53 108 28 32 135 45 52 30 89 34 29 19 35 2 114 77 99 31 123 39 100 119 63 36 79 38 97 103 142 21 93 71 91 14 98 140 
Coste: 657078605
Temperatura: 9436403.759318676
Probabilidad de aceptación: 1.0
Movimiento: SI



ITERACION 45
Solucion:    116 75 121 112 133 41 132 13 43 64 111 109 88 145 10 47 141 148 15 40 8 54 12 1 131 67 42 86 70 5 11 18 83 117 78 16 122 59 80 33 9 124 62 101 20 98 106 44 55 66 74 90 0 26 49 22 96 139 37 115 57 85 95 126 56 137 68 58 147 81 27 82 143 113 146 127 17 128 73 23 149 60 129 104 130 51 4 61 138 87 94 84 92 134 102 24 25 105 72 69 50 65 136 48 144 125 120 76 118 6 46 110 3 7 107 53 108 32 28 135 45 52 30 89 34 29 19 35 2 114 77 31 123 99 39 100 119 63 36 79 38 97 103 142 21 93 71 91 14 140 
Coste: 658675626
Temperatura: 8492763.38338681
Probabilidad de aceptación: 0.9144763755301193
Movimiento: NO



ITERACION 46
Solucion:    106 116 75 121 112 133 41 132 13 64 43 111 88 109 145 10 47 141 148 15 40 8 54 1 131 12 67 86 42 70 5 11 18 117 83 78 16 122 59 80 33 9 124 62 101 20 140 98 44 55 66 74 90 0 26 49 22 96 139 37 115 57 85 95 126 56 137 68 58 147 81 27 82 143 113 146 127 17 128 73 23 149 60 129 104 130 51 4 61 138 87 94 84 92 134 102 24 25 105 72 69 50 65 136 48 144 125 120 76 118 6 110 46 3 7 107 53 108 32 28 135 45 52 30 89 34 29 35 19 2 114 77 31 123 99 39 100 119 63 36 38 79 97 103 142 21 93 71 91 14 
Coste: 659758722
Temperatura: 7643487.045048129
Probabilidad de aceptación: 1.0
Movimiento: SI



ITERACION 47
Solucion:    98 106 116 75 121 133 41 112 132 13 64 43 111 88 109 145 10 47 141 148 15 40 8 1 131 54 12 86 67 42 70 5 18 11 117 83 78 16 122 59 80 33 9 124 62 101 20 14 140 44 55 66 74 90 0 26 49 22 96 139 37 115 57 85 95 126 56 137 68 58 147 81 27 82 143 113 146 127 128 17 73 23 149 60 129 104 130 51 61 138 87 4 94 84 92 134 102 24 25 105 72 69 50 65 136 48 144 125 120 76 6 118 110 46 3 7 107 53 108 32 28 135 45 52 30 89 34 35 29 19 2 114 77 123 31 99 39 100 119 63 36 38 79 97 103 142 21 93 71 91 
Coste: 659264339
Temperatura: 6879138.340543316
Probabilidad de aceptación: 1.0
Movimiento: SI



ITERACION 48
Solucion:    140 98 106 116 121 75 133 41 112 132 13 64 43 111 88 109 145 10 47 141 148 15 40 8 1 131 54 12 86 67 42 70 5 18 11 117 83 78 16 122 59 80 33 9 124 62 101 20 91 14 44 55 66 74 90 0 26 49 22 96 139 37 115 57 85 95 126 56 137 68 58 147 81 27 82 143 113 146 127 128 17 73 23 149 60 129 104 51 130 138 61 87 4 94 84 92 134 102 24 25 105 72 69 50 65 136 48 144 125 120 76 6 118 110 46 3 7 53 107 108 32 28 135 45 52 30 89 34 35 29 19 2 114 123 77 31 39 99 119 100 63 36 38 79 97 103 142 21 93 71 
Coste: 659556254
Temperatura: 6191224.506488984
Probabilidad de aceptación: 1.0
Movimiento: SI



ITERACION 49
Solucion:    14 140 98 106 116 121 75 133 41 112 132 64 13 43 111 88 145 109 10 47 141 148 15 40 8 1 131 54 12 86 67 42 70 5 18 11 117 83 16 78 122 59 80 33 9 124 62 101 20 71 91 44 55 66 74 90 0 26 49 22 96 139 37 115 57 85 95 126 56 137 68 58 147 81 27 82 143 146 113 127 128 73 17 23 149 60 129 104 51 130 138 61 87 4 94 84 92 134 102 24 25 105 72 69 50 65 136 48 144 125 120 76 6 118 110 46 3 7 53 107 108 32 28 135 45 30 52 89 34 35 29 19 2 114 123 77 31 39 99 119 100 63 36 38 79 97 103 142 21 93 
Coste: 655586683
Temperatura: 5572102.055840086
Probabilidad de aceptación: 1.0
Movimiento: SI



ITERACION 50
Solucion:    91 140 14 98 106 116 121 75 133 41 132 112 64 13 43 111 88 145 109 10 47 141 148 15 40 8 1 131 54 86 12 67 42 70 18 5 117 11 83 16 78 122 59 80 33 9 124 62 101 20 93 71 44 55 66 74 90 0 26 49 22 96 139 37 115 57 95 85 126 56 137 68 58 147 81 27 82 143 146 113 127 128 73 17 23 149 60 129 104 51 130 138 61 87 4 94 84 92 134 102 24 25 105 72 50 69 65 136 48 144 125 120 76 6 118 110 46 3 7 53 107 108 32 28 45 135 30 52 34 89 35 29 19 2 123 114 77 31 39 119 99 100 63 38 36 79 103 97 142 21 
Coste: 651720347
Temperatura: 5014891.850256078
Probabilidad de aceptación: 1.0
Movimiento: SI



ITERACION 51
Solucion:    71 91 140 14 98 106 116 121 75 133 41 132 112 64 13 43 88 111 145 109 10 47 141 148 15 40 8 1 131 54 86 12 67 42 70 18 5 117 11 83 16 78 59 122 80 33 9 124 62 101 20 21 93 44 55 66 74 90 0 26 49 22 96 139 37 115 57 95 85 126 56 68 137 58 147 81 27 82 143 146 113 128 127 73 17 23 149 129 104 60 51 130 138 61 87 4 94 84 92 134 102 24 25 105 50 72 69 65 136 144 48 125 76 120 6 118 110 46 3 7 53 107 108 32 28 45 135 30 52 34 35 89 29 19 2 123 114 77 31 39 119 99 100 63 38 36 79 103 97 142 
Coste: 654481408
Temperatura: 4513402.665230471
Probabilidad de aceptación: 1.0
Movimiento: SI



ITERACION 52
Solucion:    93 71 91 140 98 106 116 14 121 75 133 41 132 64 112 13 43 88 111 145 109 10 47 141 148 15 40 8 1 131 54 86 12 67 42 70 18 5 117 11 83 16 78 59 122 80 33 9 124 62 101 20 142 21 44 55 66 74 90 0 26 49 22 96 139 37 115 57 95 85 126 56 68 137 58 147 81 27 82 143 146 113 128 127 73 17 23 149 129 104 60 51 130 138 61 87 4 94 84 92 134 102 24 25 105 50 72 69 65 136 144 48 125 76 6 120 118 110 46 3 7 53 108 107 32 45 28 135 30 52 34 35 89 29 19 2 123 114 31 77 39 119 99 100 63 38 36 79 103 97 
Coste: 649396524
Temperatura: 4062062.398707424
Probabilidad de aceptación: 1.0
Movimiento: SI



ITERACION 53
Solucion:    21 71 93 91 140 98 106 116 14 121 75 133 41 132 64 112 13 88 43 145 111 109 10 47 148 141 15 8 40 1 131 54 86 12 67 42 70 18 5 117 83 11 16 78 59 80 122 33 9 124 62 101 20 97 142 44 55 66 74 90 26 49 0 22 96 139 37 115 57 95 85 56 126 68 137 58 81 147 27 82 143 146 128 113 127 73 17 23 149 129 104 60 51 130 138 61 87 4 94 84 92 134 102 24 25 105 50 72 69 65 136 144 48 125 76 6 120 118 110 46 3 7 53 108 107 32 45 28 135 30 52 34 35 89 29 2 19 123 114 31 77 39 119 99 63 100 38 36 103 79 
Coste: 646147492
Temperatura: 3655856.1588366814
Probabilidad de aceptación: 1.0
Movimiento: SI



ITERACION 54
Solucion:    142 21 71 93 140 91 98 116 106 14 121 133 75 41 132 64 112 88 13 145 43 111 109 10 47 148 141 15 8 40 1 131 86 54 12 67 42 70 18 117 5 83 11 16 78 59 80 122 33 9 124 62 101 97 79 20 44 55 66 74 26 90 49 0 22 96 139 37 115 57 95 85 56 126 68 137 58 81 147 27 82 143 128 146 113 127 73 23 149 129 104 17 60 51 130 138 61 87 4 94 84 92 134 102 24 25 105 50 72 69 65 136 144 48 125 76 6 120 118 110 46 3 7 108 53 107 32 45 28 135 30 52 34 35 89 29 2 123 19 114 31 77 39 119 99 63 38 100 36 103 
Coste: 641535122
Temperatura: 3290270.5429530134
Probabilidad de aceptación: 1.0
Movimiento: SI



ITERACION 55
Solucion:    20 142 21 71 93 140 91 116 98 106 14 133 121 75 41 132 64 112 88 13 145 43 111 109 10 47 148 141 15 8 1 40 86 131 54 12 67 42 70 18 117 5 83 11 16 59 78 80 122 33 9 124 62 101 97 103 79 55 44 66 74 26 49 90 0 22 96 139 37 57 95 115 85 56 126 68 137 58 81 147 82 27 143 128 146 113 73 127 23 149 129 104 17 60 51 130 138 61 87 4 94 84 92 134 102 24 25 50 105 72 69 136 65 144 48 125 76 6 120 118 110 46 3 7 108 53 107 32 45 28 135 30 52 34 35 89 29 2 123 19 114 31 77 39 119 63 38 99 100 36 
Coste: 640431222
Temperatura: 2961243.488657712
Probabilidad de aceptación: 1.0
Movimiento: SI



ITERACION 56
Solucion:    79 20 142 71 93 21 140 116 91 98 106 14 133 121 75 41 132 64 88 112 13 145 43 111 109 10 47 148 15 141 8 1 86 131 40 54 12 67 70 18 117 5 83 42 11 16 59 78 80 122 33 9 124 62 101 97 36 103 44 55 66 74 26 49 90 0 96 22 37 139 57 95 115 85 56 126 68 58 137 81 147 82 143 27 128 146 113 73 127 23 149 129 104 17 60 51 130 138 61 87 4 94 84 92 134 102 24 25 50 105 72 69 136 144 65 48 125 76 6 120 118 110 46 3 7 108 53 107 32 45 135 30 52 28 34 35 89 2 123 29 19 114 77 31 39 119 38 63 99 100 
Coste: 638491146
Temperatura: 2665119.139791941
Probabilidad de aceptación: 1.0
Movimiento: SI



ITERACION 57
Solucion:    103 79 20 142 71 93 140 21 116 91 98 106 133 14 121 75 41 132 64 88 112 13 145 43 111 109 10 47 148 15 141 8 86 131 1 40 54 12 70 67 18 117 5 42 83 11 16 59 78 80 122 9 33 124 101 62 97 100 36 44 55 66 74 26 49 90 0 96 37 22 57 139 95 85 115 56 68 126 58 137 81 147 82 143 27 128 146 113 73 127 23 149 104 17 129 60 51 130 138 61 87 4 84 94 92 134 102 24 25 50 105 69 136 72 144 65 48 76 125 6 120 118 46 3 110 7 53 108 107 32 45 135 30 52 34 35 28 89 2 123 29 19 77 114 31 39 119 38 63 99 
Coste: 638188411
Temperatura: 2398607.2258127467
Probabilidad de aceptación: 1.0
Movimiento: SI



ITERACION 58
Solucion:    103 36 79 142 20 71 93 140 116 91 98 106 133 14 21 121 75 132 41 64 88 112 13 145 43 111 109 10 47 148 15 8 86 141 131 1 40 12 54 70 67 18 117 5 42 83 11 16 59 78 80 122 9 33 124 62 101 97 99 100 44 55 66 74 49 26 90 0 96 37 22 57 139 95 85 115 56 68 126 58 137 81 147 82 143 128 27 146 113 73 127 23 149 104 17 129 60 51 130 138 61 87 4 84 94 92 134 102 24 25 50 105 69 136 72 144 65 48 76 125 6 120 118 46 3 110 7 53 108 32 107 45 135 30 52 34 35 28 2 123 89 29 19 77 114 31 39 119 38 63 
Coste: 633366292
Temperatura: 2158746.503231472
Probabilidad de aceptación: 1.0
Movimiento: SI



ITERACION 59
Solucion:    100 103 36 142 20 79 93 71 140 116 91 98 133 106 14 21 75 121 132 64 41 88 112 13 145 43 111 109 10 47 148 15 8 86 131 141 1 40 12 70 67 18 54 117 42 5 83 11 16 59 78 80 9 122 33 124 101 62 97 63 44 99 55 66 74 49 26 90 0 96 37 22 57 139 95 85 115 56 68 126 58 137 81 147 82 143 128 27 113 146 73 127 23 104 149 17 129 60 51 130 61 138 87 4 84 94 92 134 102 24 25 50 105 69 136 72 144 48 65 125 76 6 120 118 46 3 110 7 53 108 32 107 45 135 30 52 34 35 28 123 2 89 29 19 77 114 31 39 119 38 
Coste: 637934445
Temperatura: 1942871.8529083247
Probabilidad de aceptación: 1.0
Movimiento: SI



ITERACION 60
Solucion:    44 100 103 142 36 20 93 79 140 116 71 91 133 106 98 14 75 21 121 132 64 88 41 112 145 13 43 109 111 47 10 148 15 8 86 131 141 1 40 12 70 67 18 117 54 42 83 11 5 16 59 80 78 9 122 33 124 101 62 97 38 63 99 55 66 74 49 26 90 0 96 37 22 57 139 85 95 115 56 68 126 137 81 58 147 82 143 128 27 113 146 73 127 23 104 149 17 60 129 51 61 130 138 87 4 84 94 92 134 102 24 50 25 105 69 136 72 48 144 65 125 76 120 6 118 46 110 3 7 53 108 32 45 107 135 30 52 34 28 123 35 89 2 29 19 77 114 39 31 119 
Coste: 637884903
Temperatura: 1748584.6676174921
Probabilidad de aceptación: 1.0
Movimiento: SI



ITERACION 61
Solucion:    63 44 103 142 100 36 93 20 140 116 71 91 133 79 106 14 75 98 21 121 132 64 88 41 145 13 43 109 112 111 47 10 15 8 148 86 131 1 40 141 70 12 18 117 67 42 54 11 83 5 16 80 78 9 59 122 33 124 101 62 97 119 99 38 55 66 74 49 26 90 0 96 37 22 57 85 95 115 139 68 126 56 81 58 137 147 82 143 128 27 113 146 73 127 23 104 149 60 17 129 61 51 130 87 138 4 84 94 92 134 102 24 50 25 69 105 136 48 72 144 65 125 76 120 6 118 46 110 3 7 53 108 32 45 107 30 135 52 34 123 28 35 89 2 29 77 19 114 39 31 
Coste: 633544653
Temperatura: 1573726.200855743
Probabilidad de aceptación: 1.0
Movimiento: SI



ITERACION 62
Solucion:    99 63 103 142 44 100 93 36 20 140 116 71 133 91 106 79 75 14 98 21 132 121 88 64 145 41 13 109 43 112 47 111 10 15 8 86 148 131 1 40 141 70 12 18 117 67 42 11 54 83 5 80 78 9 16 59 33 122 124 101 62 97 31 119 38 55 66 74 49 26 0 90 96 37 22 57 85 115 95 139 68 126 56 58 81 147 137 143 82 27 113 128 146 73 127 23 104 149 60 17 129 61 51 87 130 138 4 94 92 134 84 24 50 25 69 102 105 136 48 72 144 65 125 76 120 6 118 46 110 3 7 108 32 45 53 107 30 52 135 34 28 123 35 89 2 29 77 19 114 39 
Coste: 635443139
Temperatura: 1416353.5807701687
Probabilidad de aceptación: 1.0
Movimiento: SI



ITERACION 63
Solucion:    119 63 99 103 142 44 93 100 20 36 116 140 133 71 106 91 79 75 14 98 21 132 88 121 145 64 41 109 13 43 112 47 10 15 8 86 111 131 1 40 148 70 141 12 117 18 67 11 42 54 83 5 80 78 9 16 59 33 122 124 101 62 97 39 31 38 55 66 74 49 26 0 90 96 37 22 57 115 85 95 139 68 56 126 58 81 147 143 82 137 113 27 128 146 73 127 104 23 60 149 129 61 17 51 87 130 4 94 138 92 134 24 84 50 25 69 102 105 48 136 72 144 65 125 120 76 6 118 110 46 3 7 108 32 45 53 107 30 52 34 28 123 35 89 2 29 77 135 19 114 
Coste: 630086589
Temperatura: 1274718.2226931518
Probabilidad de aceptación: 1.0
Movimiento: SI



ITERACION 64
Solucion:    31 119 99 63 142 103 93 44 20 36 116 140 133 100 71 106 91 79 75 14 98 132 88 21 145 121 64 41 109 43 13 112 47 10 15 8 86 131 111 1 40 70 148 12 117 141 18 67 11 42 54 83 80 5 9 78 16 33 122 59 124 101 62 97 114 39 38 55 66 49 74 26 0 90 96 37 22 115 57 95 85 139 56 126 68 58 147 143 81 82 113 137 27 128 146 73 127 104 60 23 149 61 129 17 51 87 130 94 4 92 134 138 24 50 84 25 69 105 102 136 48 72 144 65 125 120 6 118 76 110 3 46 7 108 32 45 53 107 52 30 28 123 35 34 89 2 29 77 135 19 
Coste: 627472845
Temperatura: 1147246.4004238367
Probabilidad de aceptación: 1.0
Movimiento: SI



ITERACION 65
Solucion:    31 39 99 63 142 103 93 44 20 36 116 140 133 119 100 71 106 91 79 75 14 98 88 132 145 121 21 64 41 109 43 13 47 10 15 8 112 86 131 1 40 70 111 12 117 148 141 67 18 11 42 83 80 54 5 9 78 33 122 16 59 124 101 62 97 135 114 38 55 66 74 49 26 0 90 37 96 115 22 57 95 85 139 56 126 68 58 147 143 82 113 81 137 128 146 73 127 104 27 60 23 61 129 149 51 17 87 130 94 92 4 134 138 24 50 84 69 25 105 102 136 72 144 65 48 120 125 6 118 76 110 3 7 46 108 32 45 53 107 52 30 123 28 35 89 2 34 77 29 19 
Coste: 622599463
Temperatura: 1032521.760381453
Probabilidad de aceptación: 0.5625746400497675
Movimiento: NO



ITERACION 66
Solucion:    31 39 114 99 142 63 93 103 20 36 116 140 133 44 119 71 106 100 91 75 14 79 88 98 145 132 121 21 41 64 43 109 47 10 15 8 13 86 131 1 40 70 111 112 12 117 148 141 67 18 11 42 83 80 54 9 5 78 122 33 16 124 59 101 62 97 19 135 38 55 66 74 49 26 0 90 37 115 22 96 95 57 139 85 56 126 58 147 68 143 82 113 137 81 128 146 73 127 104 60 27 61 129 23 51 149 87 17 130 92 94 4 134 138 50 24 69 84 25 105 102 72 136 144 65 48 120 125 118 6 76 110 3 7 46 108 32 45 53 107 52 30 123 28 35 89 2 34 77 29 
Coste: 616671493
Temperatura: 929269.5843433077
Probabilidad de aceptación: 1.0
Movimiento: SI



ITERACION 67
Solucion:    31 135 39 99 114 142 63 93 103 20 116 140 133 36 44 71 119 106 91 75 100 14 88 98 79 145 132 121 21 41 64 43 47 109 15 8 10 86 131 1 13 40 70 111 112 12 117 148 67 141 18 11 42 83 80 54 9 78 5 122 33 124 16 59 101 62 97 29 19 38 55 66 74 49 26 0 37 115 22 90 95 96 57 139 56 85 58 147 68 143 82 126 113 137 128 81 146 73 127 104 60 61 129 23 51 27 87 149 17 92 130 94 4 134 50 138 24 69 25 84 102 105 72 136 144 65 120 48 125 118 6 76 110 3 7 46 32 108 45 53 52 107 123 30 28 89 2 34 77 35 
Coste: 611783518
Temperatura: 836342.6259089769
Probabilidad de aceptación: 1.0
Movimiento: SI



ITERACION 68
Solucion:    31 19 39 99 114 142 63 93 103 20 116 140 133 36 135 71 119 106 44 91 75 14 100 88 98 145 132 79 121 41 64 43 47 21 15 8 10 86 131 1 109 13 70 40 111 12 117 112 67 148 141 18 11 42 83 80 9 54 78 5 122 33 124 16 59 101 62 97 35 29 38 55 66 74 49 26 37 0 115 22 95 96 90 139 57 56 58 85 147 68 143 82 126 113 137 128 81 146 73 127 104 61 129 60 51 23 27 87 149 92 17 94 4 130 134 50 138 24 69 25 84 102 105 72 144 136 120 65 48 118 6 125 110 76 3 7 46 32 108 45 52 53 107 123 30 89 28 2 34 77 
Coste: 606558138
Temperatura: 752708.3633180793
Probabilidad de aceptación: 1.0
Movimiento: SI



ITERACION 69
Solucion:    29 31 19 99 114 142 39 63 93 103 116 140 133 36 20 71 119 106 44 135 91 75 14 100 88 145 98 132 121 41 64 43 79 47 15 8 10 86 131 1 21 109 70 40 13 12 117 111 67 112 148 141 18 42 11 80 83 54 9 78 5 122 33 124 16 59 101 97 62 77 38 35 55 66 74 26 49 0 37 22 115 95 96 90 139 57 56 58 85 147 143 82 68 126 113 128 137 81 146 127 73 104 61 129 60 51 23 27 87 149 92 17 94 4 134 50 130 138 69 25 24 84 102 72 105 144 136 120 65 48 118 6 125 110 76 3 7 46 32 45 108 52 53 107 123 89 30 28 2 34 
Coste: 599005331
Temperatura: 677437.5269862714
Probabilidad de aceptación: 1.0
Movimiento: SI



ITERACION 70
Solucion:    38 31 29 99 19 114 142 39 63 93 116 140 133 103 36 71 119 106 44 20 91 75 14 100 135 145 88 98 132 41 64 43 121 79 47 15 8 10 86 131 1 109 21 40 70 12 117 13 67 111 112 141 18 148 42 80 83 11 9 54 78 5 122 33 124 16 59 101 97 62 28 35 77 55 66 74 49 26 0 22 115 95 96 37 90 139 56 57 58 85 143 82 68 147 126 128 113 137 81 127 146 104 61 129 73 51 60 23 27 87 92 149 94 4 17 134 50 130 138 69 24 25 84 102 72 105 144 136 65 120 118 48 6 125 110 76 7 46 32 45 3 108 53 52 123 107 89 30 2 34 
Coste: 591839652
Temperatura: 609693.7742876443
Probabilidad de aceptación: 0.16741450458015328
Movimiento: NO



ITERACION 71
Solucion:    38 31 29 99 35 114 19 142 39 93 116 63 133 140 103 36 71 106 44 119 20 75 14 100 91 145 88 135 98 132 41 43 64 121 47 15 8 10 86 79 1 131 109 40 21 70 12 13 67 111 117 141 18 112 148 80 42 83 11 9 54 78 5 122 33 124 16 59 101 62 97 34 28 77 55 74 49 26 0 22 66 115 96 95 90 139 56 37 57 58 143 82 68 85 126 128 113 137 81 127 147 104 61 129 146 73 51 60 23 87 92 27 149 94 4 134 17 50 130 69 138 24 25 84 102 72 105 144 136 65 120 118 48 6 110 125 7 46 32 45 3 108 53 52 123 76 89 30 107 2 
Coste: 588246369
Temperatura: 548724.39685888
Probabilidad de aceptación: 1.0
Movimiento: SI



ITERACION 72
Solucion:    38 31 28 99 29 35 114 19 142 93 116 39 133 140 63 103 36 71 106 44 119 75 14 100 20 145 88 91 98 132 41 43 64 121 47 15 8 10 86 79 1 135 131 40 109 21 12 70 13 67 117 111 18 141 112 80 42 83 148 11 9 54 78 5 122 33 124 16 59 101 62 97 2 34 77 74 49 26 0 22 66 115 96 95 90 139 56 37 57 58 143 82 68 55 126 128 113 137 85 127 81 104 61 129 146 73 51 147 60 23 87 92 27 149 94 134 4 50 17 130 69 24 138 25 84 102 72 105 144 136 65 118 48 120 6 125 7 46 110 32 3 108 45 53 123 52 76 89 30 107 
Coste: 582746180
Temperatura: 493851.95717299194
Probabilidad de aceptación: 1.0
Movimiento: SI



ITERACION 73
Solucion:    34 38 31 99 28 29 35 114 19 93 116 39 133 140 142 103 63 36 106 44 119 75 14 100 20 145 88 71 98 132 41 43 91 64 47 121 8 10 15 79 1 86 131 40 109 135 12 21 13 67 70 111 117 141 18 80 112 83 42 148 11 9 78 54 5 122 33 124 16 59 62 101 2 107 97 74 77 26 49 22 0 115 96 95 90 139 56 37 57 58 143 82 68 55 126 128 113 137 66 127 85 104 61 129 146 81 73 51 60 147 87 23 92 27 149 134 94 50 4 17 130 24 138 69 25 84 102 72 144 105 136 118 65 48 120 125 6 46 7 32 110 3 108 45 53 123 52 89 30 76 
Coste: 574139380
Temperatura: 444466.76145569276
Probabilidad de aceptación: 1.0
Movimiento: SI



ITERACION 74
Solucion:    97 34 38 99 31 29 28 35 114 19 116 39 133 140 142 93 103 36 106 63 44 119 14 100 75 145 88 20 98 71 41 43 132 91 47 64 8 10 15 121 1 79 131 40 86 109 12 21 13 67 135 70 117 141 18 80 112 111 83 42 11 9 78 148 5 54 122 33 124 16 59 101 62 107 76 2 77 74 26 49 0 115 96 95 22 139 56 37 57 58 143 82 68 55 126 128 113 90 137 127 85 104 61 129 146 81 73 51 66 60 87 23 92 147 149 134 94 50 27 4 17 130 24 138 69 25 84 102 144 72 105 136 118 65 48 120 125 46 7 6 32 110 108 3 53 45 123 89 30 52 
Coste: 567258724
Temperatura: 400020.0853101235
Probabilidad de aceptación: 1.0
Movimiento: SI



ITERACION 75
Solucion:    2 34 38 99 97 31 29 28 35 114 116 39 133 140 142 93 19 36 106 63 103 44 14 100 75 145 88 119 20 71 41 43 132 91 47 98 8 64 15 10 1 79 131 121 40 109 12 21 13 86 67 70 117 141 18 80 112 111 83 42 11 9 78 148 5 54 122 33 135 124 59 101 16 107 76 30 62 77 74 26 0 49 115 96 95 22 139 56 37 57 58 143 68 55 126 128 113 90 137 127 85 82 61 129 104 81 146 73 51 60 66 23 87 92 147 134 94 50 27 4 149 17 130 24 69 138 84 102 25 72 144 105 136 65 48 120 125 46 7 118 6 32 110 108 3 53 45 123 89 52 
Coste: 560764677
Temperatura: 360018.0767791112
Probabilidad de aceptación: 0.6403670634706288
Movimiento: NO



ITERACION 76
Solucion:    2 34 38 99 97 31 29 28 35 114 116 62 133 140 142 39 93 36 106 19 63 44 14 100 75 145 88 119 103 20 41 43 71 91 132 47 8 98 15 10 1 79 131 121 40 109 12 21 13 86 67 70 117 141 18 80 112 111 64 42 11 9 78 148 5 54 122 83 33 124 59 101 135 107 76 16 6 77 30 74 0 26 49 115 96 95 22 139 56 37 57 58 68 55 126 128 113 90 137 127 143 82 61 129 85 104 81 146 73 60 66 51 23 92 147 134 87 94 50 4 27 149 17 130 69 138 84 102 25 72 24 105 136 65 48 120 125 46 7 144 118 32 110 108 3 53 45 123 89 52 
Coste: 556483391
Temperatura: 324016.26910120004
Probabilidad de aceptación: 0.012204826071139176
Movimiento: NO



ITERACION 77
Solucion:    77 34 38 99 2 31 29 28 97 35 116 114 133 140 142 39 62 36 106 19 63 93 14 100 75 145 88 44 119 20 41 43 71 91 132 47 8 98 15 103 1 79 131 121 40 109 12 21 13 86 67 70 117 141 18 80 112 10 111 42 11 9 78 148 5 54 64 122 33 83 124 101 59 107 76 135 16 123 30 74 6 0 49 26 96 115 95 22 139 56 37 58 68 55 126 128 113 90 57 127 137 143 61 129 82 85 104 81 73 60 66 146 51 92 147 134 87 94 23 50 4 27 149 130 69 17 138 102 84 72 25 24 105 65 48 120 125 46 7 136 118 144 32 108 110 3 53 45 89 52 
Coste: 551286931
Temperatura: 291614.64219108
Probabilidad de aceptación: 0.03378142146083267
Movimiento: NO



ITERACION 78
Solucion:    30 34 77 38 99 31 29 28 97 2 116 114 133 140 142 39 35 36 106 19 63 62 14 100 93 145 88 75 44 119 41 43 71 91 20 47 132 8 15 98 1 79 131 121 40 109 12 21 103 13 67 86 117 141 18 80 112 70 111 42 11 9 78 148 5 54 64 122 33 83 124 101 59 107 76 10 16 123 89 135 6 74 49 0 26 96 115 95 139 56 22 37 58 55 68 126 128 113 90 127 137 143 61 129 57 82 104 81 73 60 66 146 85 51 92 147 134 87 94 23 4 27 149 130 69 17 138 102 84 72 25 50 105 24 48 65 125 46 120 7 118 144 136 108 32 3 53 110 45 52 
Coste: 545751862
Temperatura: 262453.17797197204
Probabilidad de aceptación: 0.4692021204961352
Movimiento: NO



ITERACION 79
Solucion:    30 34 77 38 99 31 29 28 97 2 116 114 133 140 142 39 35 36 106 19 63 62 14 100 93 145 88 75 44 119 41 43 71 91 20 47 132 8 15 98 1 79 131 121 40 109 12 21 135 13 103 86 67 141 18 80 112 117 111 42 11 9 78 148 5 54 70 122 33 64 83 124 101 107 76 59 10 16 123 110 89 6 49 0 74 26 115 95 139 96 56 22 37 58 55 126 68 128 90 127 113 143 61 129 57 82 104 81 73 60 66 146 85 51 92 147 134 87 94 23 4 27 149 130 69 17 138 102 84 72 25 50 105 24 48 65 125 137 120 7 118 144 136 108 46 32 53 3 45 52 
Coste: 546817308
Temperatura: 236207.86017477483
Probabilidad de aceptación: 0.054314271356935936
Movimiento: NO



ITERACION 80
Solucion:    30 34 77 38 89 31 29 28 99 97 116 2 133 140 142 39 114 36 106 35 63 62 14 100 93 145 88 75 44 19 41 43 71 91 20 47 132 8 15 98 1 79 131 121 40 109 12 21 119 13 103 86 67 141 18 80 112 117 111 42 11 9 78 148 5 54 135 122 33 64 83 124 101 107 76 59 70 10 123 16 45 110 49 6 74 0 115 26 95 96 139 56 22 58 55 126 37 68 90 128 127 143 61 129 113 82 104 57 73 60 66 81 85 146 51 147 92 134 94 87 23 27 4 130 69 149 138 102 17 72 25 84 50 105 48 24 125 65 120 7 118 144 137 108 46 136 53 32 3 52 
Coste: 545688235
Temperatura: 212587.07415729735
Probabilidad de aceptación: 0.02750017823198615
Movimiento: NO



ITERACION 81
Solucion:    30 34 77 110 38 89 29 28 31 99 116 2 133 140 142 39 97 36 106 114 63 62 14 100 93 145 88 35 75 44 41 43 71 91 19 47 132 8 15 20 98 79 1 121 40 109 12 21 131 13 103 86 67 141 18 80 112 117 111 42 11 9 78 148 5 54 135 122 33 64 83 124 101 107 76 59 119 70 10 123 45 136 16 49 74 0 6 115 26 95 96 139 22 56 55 126 37 58 90 68 127 143 61 129 113 82 104 57 73 60 66 81 85 146 51 147 92 134 94 87 128 27 4 130 69 23 149 102 138 72 25 17 84 105 48 50 125 65 120 7 118 144 137 108 24 46 53 32 3 52 
Coste: 540036880
Temperatura: 191328.36674156762
Probabilidad de aceptación: 0.003081668087657314
Movimiento: NO



ITERACION 82
Solucion:    30 34 77 110 38 89 29 28 31 99 116 2 133 140 142 39 97 36 106 114 63 62 14 100 93 145 88 35 75 44 41 43 71 91 19 47 132 8 16 20 98 79 1 121 40 109 12 21 131 13 103 86 67 141 18 80 112 117 111 42 11 9 78 15 5 148 54 122 33 64 83 124 101 107 76 135 119 59 70 10 123 45 32 136 49 74 0 6 115 95 26 139 22 56 55 126 37 58 90 68 127 143 61 129 113 82 104 57 73 60 66 81 85 146 51 147 92 134 94 96 128 27 4 130 69 23 149 102 87 72 25 17 138 105 48 84 125 65 120 7 118 144 50 108 137 24 46 53 3 52 
Coste: 539593748
Temperatura: 172195.53006741087
Probabilidad de aceptación: 0.051625410509237885
Movimiento: NO



ITERACION 83
Solucion:    30 34 77 110 38 89 29 28 136 31 116 99 133 140 142 39 2 36 106 114 63 62 14 100 93 145 88 35 75 44 41 43 71 91 19 47 132 8 97 20 98 79 1 121 40 109 12 21 131 16 13 86 103 141 18 80 112 117 111 42 11 9 78 15 5 148 54 122 33 64 83 124 101 107 76 135 67 119 59 70 10 45 123 46 32 49 74 0 115 6 95 26 139 56 55 22 37 58 90 68 127 143 61 129 126 82 104 57 113 60 66 81 85 146 73 147 92 134 94 51 96 27 128 4 69 23 149 102 130 72 25 17 138 105 48 84 125 65 120 7 118 144 50 108 87 137 24 53 3 52 
Coste: 536019911
Temperatura: 154975.9770606698
Probabilidad de aceptación: 0.015137036660662842
Movimiento: NO



ITERACION 84
Solucion:    32 34 77 110 38 89 29 28 136 31 116 99 133 140 142 39 2 36 106 114 63 62 14 100 93 145 88 35 75 44 41 43 71 91 19 47 132 8 97 20 98 79 1 121 40 109 12 21 131 30 16 86 103 141 18 80 112 117 111 42 11 9 78 15 5 148 54 122 33 64 83 124 101 107 76 13 67 119 135 70 10 59 45 123 137 46 49 74 0 6 95 115 26 139 55 56 22 58 90 37 127 143 61 129 126 82 104 57 113 60 66 81 85 146 68 147 92 134 94 73 96 27 128 51 69 4 23 102 149 72 25 17 130 105 48 84 125 65 120 7 118 144 138 50 108 87 24 53 3 52 
Coste: 534574020
Temperatura: 139478.37935460283
Probabilidad de aceptación: 0.0020706562346289367
Movimiento: NO



ITERACION 85
Solucion:    46 34 32 110 77 38 29 28 136 31 116 99 133 140 142 39 2 36 89 106 63 62 14 100 114 145 88 35 75 44 41 43 71 91 19 47 132 8 93 97 98 79 1 20 40 109 12 21 131 121 30 86 103 141 18 80 112 117 111 42 11 9 78 15 5 148 54 122 33 64 83 124 101 107 76 13 16 67 119 135 70 10 59 45 123 24 137 74 49 0 6 95 26 115 55 56 22 58 90 37 127 143 61 129 126 82 104 57 113 60 66 81 85 146 139 147 92 134 94 73 96 27 128 68 69 51 4 102 23 72 25 17 149 105 48 84 125 65 120 7 118 144 138 50 108 130 87 53 3 52 
Coste: 530487972
Temperatura: 125530.54141914255
Probabilidad de aceptación: 0.004537097236423147
Movimiento: NO



ITERACION 86
Solucion:    137 34 32 110 77 38 29 28 136 31 116 99 133 140 142 39 2 36 89 106 63 62 14 100 114 145 88 35 75 44 41 43 71 91 19 47 132 8 93 97 98 79 1 20 40 109 12 21 131 121 30 86 103 141 18 80 112 117 111 42 11 9 78 15 5 148 54 122 33 64 83 124 101 107 76 13 46 67 16 135 70 119 59 10 45 123 126 24 74 49 0 6 95 26 115 55 56 58 90 37 22 143 61 129 127 82 104 57 113 60 66 81 85 146 139 147 92 134 94 73 96 27 128 68 69 51 4 102 23 72 25 17 149 105 48 84 125 65 120 7 118 144 138 50 108 130 87 53 3 52 
Coste: 529161828
Temperatura: 112977.4872772283
Probabilidad de aceptación: 5.520300603585114E-5
Movimiento: NO



ITERACION 87
Solucion:    24 34 32 110 77 38 29 28 136 31 116 99 133 140 142 39 2 36 137 89 63 62 14 100 114 145 88 106 75 44 41 43 71 91 19 47 132 8 35 93 98 79 1 20 40 109 12 21 131 121 97 86 30 141 18 80 112 117 111 103 11 9 78 42 5 148 54 122 33 64 83 124 101 107 76 15 13 46 67 16 70 119 59 10 135 45 123 87 126 49 74 6 0 26 95 55 56 115 90 37 22 143 61 129 58 82 104 57 127 113 66 81 85 146 60 147 92 134 94 73 96 27 128 68 69 139 4 102 23 72 25 17 149 105 48 84 125 51 120 7 118 144 138 65 50 108 130 53 3 52 
Coste: 523817945
Temperatura: 101679.73854950548
Probabilidad de aceptación: 1.5547841208298963E-4
Movimiento: NO



ITERACION 88
Solucion:    24 34 32 110 77 126 29 28 38 31 116 99 133 140 142 136 2 36 137 39 63 62 14 100 114 145 88 89 75 44 41 43 71 91 19 47 132 8 106 35 98 79 1 20 40 109 12 21 131 121 97 86 30 141 18 80 112 117 111 103 11 9 78 42 5 148 54 122 33 64 83 124 101 107 76 93 15 13 67 46 70 16 59 10 135 45 123 119 65 87 74 49 0 26 95 55 56 115 90 37 22 143 61 129 58 82 104 57 127 113 66 81 85 146 6 147 92 134 94 73 60 96 27 128 69 68 4 102 23 72 25 17 149 105 48 84 125 139 120 7 118 144 51 138 50 108 130 53 3 52 
Coste: 520088956
Temperatura: 91511.76469455493
Probabilidad de aceptación: 8.19364908277019E-5
Movimiento: NO



ITERACION 89
Solucion:    87 34 24 110 32 126 29 28 77 31 116 99 133 140 142 38 2 36 136 137 63 62 14 100 114 145 88 89 75 44 41 43 71 91 19 47 132 8 106 35 98 79 1 20 40 109 12 21 131 121 39 86 30 141 18 80 112 117 111 103 11 9 78 97 42 5 54 122 33 64 83 124 101 107 76 148 93 15 13 67 70 46 16 10 59 135 45 119 123 139 65 74 0 26 49 95 56 115 90 37 22 143 61 129 58 82 104 57 127 55 66 81 85 113 146 147 92 134 94 6 60 96 73 27 69 128 68 102 23 72 25 17 149 105 48 84 125 4 120 7 118 144 51 138 50 108 130 53 3 52 
Coste: 513907738
Temperatura: 82360.58822509945
Probabilidad de aceptación: 7.730488747307192E-6
Movimiento: NO



ITERACION 90
Solucion:    65 34 24 110 32 87 29 28 126 31 116 99 133 140 77 142 2 36 38 137 63 62 14 100 114 145 88 89 75 44 41 43 71 136 19 47 132 8 106 35 98 79 1 20 40 109 12 21 91 121 131 86 30 141 18 80 112 117 111 103 11 9 78 97 42 5 54 122 33 64 83 124 101 107 76 148 39 93 13 15 67 70 46 16 59 10 135 45 119 123 6 139 0 26 74 95 56 49 115 37 22 143 61 129 90 58 104 82 127 55 66 81 85 57 113 147 92 134 94 146 60 96 73 27 69 128 68 102 23 72 25 17 149 105 48 84 125 4 120 7 118 144 51 138 50 108 130 53 3 52 
Coste: 510943101
Temperatura: 74124.5294025895
Probabilidad de aceptación: 3.1371779524452306E-9
Movimiento: NO



ITERACION 91
Solucion:    139 34 24 65 110 32 29 28 87 31 116 99 133 140 126 142 2 36 77 137 63 62 14 100 114 145 88 89 75 44 41 43 71 136 19 47 132 8 106 35 98 79 1 20 40 109 12 21 91 121 131 86 30 141 18 80 112 117 111 103 11 9 78 97 42 5 54 122 33 64 83 124 101 107 76 148 38 93 13 39 67 15 70 16 46 59 135 10 45 119 123 6 0 26 74 95 56 49 115 37 22 143 61 129 90 58 104 82 127 55 66 81 85 57 113 147 92 134 94 146 60 96 73 27 69 128 68 102 23 72 25 17 149 105 48 84 125 4 120 7 118 144 51 138 50 108 130 53 3 52 
Coste: 509869962
Temperatura: 66712.07646233054
Probabilidad de aceptación: 7.135646825672864E-9
Movimiento: NO



ITERACION 92
Solucion:    139 34 24 65 110 32 29 28 87 31 116 99 133 140 126 142 2 36 77 137 63 62 14 100 114 145 88 89 75 44 41 43 71 136 19 47 132 8 106 35 98 79 1 0 20 40 109 12 21 121 131 91 86 141 18 30 80 112 117 103 11 9 111 97 42 5 54 122 33 64 78 124 101 107 76 148 38 93 13 39 67 15 70 83 46 59 16 10 45 119 123 6 118 135 26 95 74 56 49 115 37 143 22 61 90 58 104 82 127 55 66 81 85 57 113 147 92 134 94 146 60 96 73 27 129 128 68 102 23 72 25 17 149 105 48 84 125 4 69 7 120 144 51 138 50 108 130 53 3 52 
Coste: 506332630
Temperatura: 60040.86881609749
Probabilidad de aceptación: 3.363825241894323E-11
Movimiento: NO



ITERACION 93
Solucion:    139 34 24 65 110 32 29 28 87 31 116 99 133 140 126 142 2 36 77 137 135 62 14 100 114 145 88 89 75 44 41 43 71 136 19 47 132 8 106 35 98 79 1 63 20 0 109 12 21 121 40 91 131 86 18 30 80 112 141 103 11 9 117 97 42 111 54 5 33 64 78 124 101 107 76 148 38 93 13 39 67 15 70 83 46 59 16 10 45 119 123 6 118 69 122 95 74 26 56 49 115 143 22 61 90 58 104 82 37 55 66 81 85 57 113 147 92 134 94 146 60 96 73 27 129 128 68 102 23 72 25 17 149 105 48 84 127 4 125 7 120 144 51 138 50 108 130 53 3 52 
Coste: 504396071
Temperatura: 54036.78193448774
Probabilidad de aceptación: 9.883235265898042E-16
Movimiento: NO



ITERACION 94
Solucion:    139 34 24 65 122 32 29 28 87 110 116 31 133 140 126 99 2 36 77 142 135 62 14 100 114 145 88 89 75 44 41 43 71 136 19 47 132 8 106 35 98 79 1 63 20 0 109 137 12 21 40 91 121 131 18 30 86 80 141 103 11 9 117 97 42 112 54 111 33 64 5 124 101 107 76 148 38 93 13 39 67 15 70 83 46 59 16 10 45 119 123 6 78 69 120 95 118 74 56 26 115 49 143 61 90 58 104 82 37 55 66 81 85 57 113 147 92 134 94 146 60 96 73 27 129 128 68 102 23 72 25 17 149 105 48 84 22 4 127 7 125 144 51 138 50 108 130 53 3 52 
Coste: 501405944
Temperatura: 48633.10374103897
Probabilidad de aceptación: 7.191386918138416E-18
Movimiento: NO



ITERACION 95
Solucion:    139 34 95 65 24 122 29 32 87 28 116 31 133 140 126 110 2 36 77 99 142 62 14 100 114 145 88 89 75 44 41 43 71 136 19 47 132 8 106 35 98 79 1 63 20 135 109 137 0 21 12 91 121 131 18 30 40 80 141 103 11 9 86 97 42 117 54 111 33 64 112 124 101 107 76 148 38 93 13 39 67 15 70 83 46 59 16 10 45 119 123 6 78 69 5 3 118 74 120 56 115 26 49 61 90 58 104 82 143 55 66 81 85 57 37 147 113 134 94 146 60 96 73 27 129 128 68 102 23 72 92 17 149 105 48 84 22 4 25 7 125 144 51 138 50 108 130 53 127 52 
Coste: 496254096
Temperatura: 43769.793366935075
Probabilidad de aceptación: 4.781039665458934E-13
Movimiento: NO



ITERACION 96
Solucion:    139 34 95 65 24 122 29 32 87 28 116 31 133 140 126 110 2 36 77 99 118 62 14 100 142 145 114 89 88 44 41 43 71 136 19 47 132 8 106 35 98 79 1 75 63 135 20 109 0 21 12 137 121 131 18 91 40 30 141 103 11 9 86 97 42 117 54 111 33 64 112 124 101 107 76 148 38 93 13 39 67 15 70 83 46 59 16 10 45 119 123 6 80 69 78 5 68 3 120 56 74 26 115 61 49 58 104 82 90 55 66 143 85 57 81 37 147 134 94 146 60 113 73 96 27 128 129 102 23 72 92 17 149 105 48 84 22 4 25 7 125 144 51 138 50 108 130 53 127 52 
Coste: 492407483
Temperatura: 39392.81403024157
Probabilidad de aceptación: 2.964651502829191E-18
Movimiento: NO



ITERACION 97
Solucion:    139 34 95 65 24 122 29 32 87 28 116 31 133 140 126 110 2 36 77 3 118 62 14 100 142 145 114 89 88 44 41 43 71 136 19 47 132 8 106 35 98 79 1 99 63 75 20 109 135 21 0 137 121 12 131 91 40 30 141 103 11 9 86 97 42 117 54 111 33 64 112 124 101 107 76 148 38 18 13 39 67 15 70 93 46 59 16 83 45 119 123 6 10 69 78 5 68 61 120 56 80 26 74 115 49 58 104 82 90 55 66 143 85 57 81 37 147 134 94 146 60 113 73 96 27 128 129 102 23 72 92 17 149 105 48 84 22 4 25 7 125 144 51 138 50 108 130 53 127 52 
Coste: 490284014
Temperatura: 35453.53262721741
Probabilidad de aceptación: 1.6642470840243996E-22
Movimiento: NO



ITERACION 98
Solucion:    139 34 95 65 24 122 29 32 87 28 116 31 133 140 126 110 2 36 77 120 3 62 118 100 14 145 114 89 142 44 41 43 71 136 19 47 132 8 106 35 98 79 1 88 63 99 20 109 135 75 21 137 121 0 12 91 131 30 141 103 11 9 86 97 42 117 54 40 33 64 112 124 101 107 76 148 38 18 13 39 67 15 70 93 46 59 16 83 111 119 123 6 45 69 78 10 5 68 80 61 56 26 74 115 49 58 104 82 90 55 66 143 85 57 81 37 147 134 94 146 60 113 73 96 27 128 129 102 23 72 92 17 149 105 48 84 22 4 25 7 125 144 51 138 50 108 130 53 127 52 
Coste: 489354309
Temperatura: 31908.179364495674
Probabilidad de aceptación: 2.9560629020923032E-30
Movimiento: NO



ITERACION 99
Solucion:    139 34 95 65 24 61 29 32 87 28 116 31 133 140 126 122 2 36 77 120 3 62 118 100 14 145 114 89 142 44 41 43 71 136 19 47 132 8 106 35 98 79 1 110 88 63 20 109 135 75 99 21 121 0 137 91 12 131 141 30 103 9 86 97 42 11 54 117 33 64 40 124 101 107 76 148 38 18 13 39 67 15 70 93 46 59 16 83 111 119 123 6 112 69 78 10 45 5 80 22 68 56 74 26 115 58 104 82 90 55 49 66 85 57 81 37 147 134 94 146 60 113 73 96 27 128 129 102 23 72 143 17 149 105 48 84 92 4 25 7 125 144 51 138 50 108 130 53 127 52 
Coste: 485980650
Temperatura: 28717.361428046108
Probabilidad de aceptación: 6.1601441699734884E-24
Movimiento: NO



ITERACION 100
Solucion:    139 68 95 65 24 61 29 32 87 28 116 31 133 140 126 122 2 36 77 120 3 62 118 100 14 145 34 89 114 44 41 142 71 136 19 47 132 8 106 35 98 79 1 43 88 110 20 109 135 75 63 21 99 0 121 91 137 131 141 30 103 9 86 97 42 11 54 117 33 64 40 124 101 107 76 148 38 18 13 39 67 15 70 93 46 59 16 83 111 119 123 6 12 69 112 78 45 10 80 22 143 56 5 74 115 58 104 82 90 55 49 66 85 57 81 26 147 134 94 146 60 37 113 96 27 128 73 102 23 72 129 17 149 105 48 84 92 4 25 7 125 144 51 138 50 108 130 53 127 52 
Coste: 484016636
Temperatura: 25845.6252852415
Probabilidad de aceptación: 2.1607192241858716E-22
Movimiento: NO



ITERACION 101
Solucion:    139 56 95 65 24 61 29 32 68 28 87 116 133 140 31 126 2 36 77 122 120 62 118 100 3 14 34 89 145 44 41 142 71 136 19 47 132 8 106 35 98 79 1 114 43 88 20 109 135 110 75 63 99 21 121 91 0 131 141 30 103 9 86 97 42 11 54 137 33 64 117 124 101 107 76 148 38 18 13 39 67 15 70 93 46 59 16 83 111 119 123 6 40 12 112 69 78 10 80 45 143 22 5 74 115 58 104 82 90 55 49 66 85 57 81 26 147 134 94 146 60 37 113 96 27 128 73 102 23 72 129 17 149 105 48 84 92 4 25 7 125 144 51 138 50 108 130 53 127 52 
Coste: 481542343
Temperatura: 23261.06275671735
Probabilidad de aceptación: 3.2242307700352353E-34
Movimiento: NO



ITERACION 102
Solucion:    139 56 95 65 24 61 29 32 68 28 87 116 133 140 31 126 2 36 77 5 122 120 118 100 62 3 34 14 89 44 145 142 71 136 19 47 132 8 106 35 98 79 1 41 43 88 20 109 114 110 75 63 99 21 121 91 0 131 135 30 103 9 141 97 42 86 54 11 137 64 33 124 101 107 76 148 38 18 13 39 67 15 70 93 46 59 117 83 16 119 111 6 123 40 112 12 78 10 80 45 143 22 127 74 69 115 58 104 90 55 49 66 85 57 81 82 147 134 94 146 60 37 113 96 27 128 73 102 23 72 129 17 149 105 26 84 48 4 25 7 92 144 51 138 50 108 130 53 125 52 
Coste: 476393470
Temperatura: 20934.956481045618
Probabilidad de aceptación: 6.682711725211424E-24
Movimiento: NO



ITERACION 103
Solucion:    139 74 95 65 24 61 29 32 68 28 87 116 133 140 31 126 2 36 77 5 122 120 118 100 62 3 56 14 89 44 145 142 71 136 19 47 132 8 106 35 98 79 1 41 34 43 20 88 114 109 75 63 99 21 110 91 0 131 135 30 121 9 103 97 141 86 42 11 54 64 33 124 101 107 76 148 38 18 13 39 67 15 70 93 46 59 117 83 16 119 137 6 111 40 112 12 123 10 80 45 143 22 127 78 69 115 58 104 90 55 49 66 85 57 81 82 147 134 94 146 60 37 113 96 27 128 73 102 23 72 129 17 149 105 26 84 48 4 25 7 92 144 51 138 50 108 130 53 125 52 
Coste: 474035360
Temperatura: 18841.460832941055
Probabilidad de aceptación: 7.313320090972421E-27
Movimiento: NO



ITERACION 104
Solucion:    139 74 95 65 24 61 29 32 68 28 87 116 133 140 31 126 2 36 77 5 122 120 118 100 62 3 56 14 89 44 145 142 71 136 19 47 132 8 106 35 98 79 1 41 34 43 20 88 114 109 75 63 99 21 110 91 69 131 0 30 121 9 103 97 141 86 42 11 54 64 33 124 101 107 76 148 38 18 13 39 67 15 70 93 46 59 117 83 16 119 137 6 111 40 112 12 123 10 80 45 143 22 127 78 130 115 58 104 90 55 135 66 85 57 49 81 82 147 134 146 60 94 113 96 27 128 73 102 23 72 129 17 149 105 37 84 26 4 25 7 92 144 51 138 50 108 48 53 125 52 
Coste: 472183545
Temperatura: 16957.31474964695
Probabilidad de aceptación: 0.017007309973007135
Movimiento: NO



ITERACION 105
Solucion:    139 74 95 65 24 61 29 32 68 28 87 116 133 140 31 126 2 36 77 5 122 120 118 100 62 3 56 14 89 44 145 142 71 136 19 47 132 8 106 35 98 79 1 41 34 43 20 88 115 109 75 63 99 21 110 91 69 131 114 30 121 9 103 97 141 86 42 11 54 64 33 124 101 107 0 148 38 18 13 39 67 15 70 93 46 59 117 83 16 119 137 6 111 40 112 12 123 10 80 45 143 22 127 78 130 48 76 58 90 104 135 55 66 85 57 49 82 147 134 81 60 94 113 146 27 128 73 96 23 72 129 17 149 105 37 84 26 4 25 7 92 102 51 138 50 108 144 53 125 52 
Coste: 471101952
Temperatura: 15261.583274682256
Probabilidad de aceptación: 3.515286897164686E-7
Movimiento: NO



ITERACION 106
Solucion:    139 74 95 65 24 61 29 32 68 28 87 116 133 140 31 126 2 36 77 5 122 120 118 100 62 3 56 14 89 44 145 142 71 136 19 47 132 8 106 35 98 79 1 41 34 43 20 88 115 109 75 63 99 21 110 91 69 131 114 30 121 9 103 97 141 86 42 11 54 64 33 124 101 107 0 148 38 18 13 39 67 15 70 93 46 59 117 83 16 119 137 6 111 40 112 12 123 10 80 45 143 22 127 78 130 48 144 58 90 76 135 55 66 85 104 49 82 147 134 81 60 57 113 94 27 128 73 96 23 72 129 17 149 105 146 84 26 4 37 7 92 102 51 138 50 108 25 53 125 52 
Coste: 469995975
Temperatura: 13735.42494721403
Probabilidad de aceptación: 5.122555310608591E-5
Movimiento: NO



ITERACION 107
Solucion:    139 58 95 65 24 61 29 74 68 28 87 116 133 140 31 126 2 36 77 32 122 120 118 100 62 5 56 14 3 44 145 142 71 136 19 47 132 8 106 35 98 79 1 41 34 43 20 88 89 109 75 63 99 21 110 91 115 131 69 30 121 9 103 97 141 114 42 11 54 64 33 124 101 107 0 148 38 18 13 39 67 15 70 93 46 59 117 83 16 119 137 6 111 40 112 12 123 10 80 45 143 22 127 78 130 48 86 134 90 76 135 55 66 85 144 104 49 147 82 81 60 57 113 94 27 128 73 96 23 72 129 17 149 105 146 84 26 4 37 7 92 102 51 138 50 108 25 53 125 52 
Coste: 466508522
Temperatura: 12361.882452492628
Probabilidad de aceptación: 1.2625987918284356E-33
Movimiento: NO



ITERACION 108
Solucion:    139 58 95 65 24 61 29 74 68 28 87 116 133 140 31 126 2 36 77 32 122 120 118 100 62 90 56 14 3 44 145 142 71 136 19 47 5 8 106 35 98 79 1 41 34 43 20 88 132 109 75 63 99 21 110 91 115 131 69 30 121 9 103 97 141 114 42 11 54 64 33 124 101 107 0 148 38 18 13 39 67 15 70 93 46 89 117 83 59 119 137 6 111 40 112 12 123 10 80 45 143 22 127 78 130 16 86 134 52 76 48 55 135 66 144 85 104 147 49 81 60 82 57 94 27 128 73 96 113 72 129 17 149 105 146 84 26 4 37 7 92 102 51 138 50 108 25 53 125 23 
Coste: 463343355
Temperatura: 11125.694207243365
Probabilidad de aceptación: 1.0
Movimiento: SI



ITERACION 109
Solucion:    139 58 95 65 24 61 29 74 68 28 87 116 133 140 31 126 2 36 77 32 122 120 118 100 62 90 56 14 3 44 145 142 71 136 19 47 5 8 106 35 98 79 1 41 34 43 20 88 132 109 75 63 99 21 110 91 115 131 69 30 121 9 103 97 141 114 42 11 54 64 33 124 101 107 0 148 38 18 13 39 67 15 70 93 46 89 117 83 59 119 137 6 111 40 112 12 123 10 80 45 143 22 127 78 130 16 76 86 52 125 48 55 135 66 144 85 104 147 49 81 60 82 57 94 27 128 73 96 113 72 129 17 149 105 146 84 26 4 37 7 92 102 51 138 50 108 25 53 134 23 
Coste: 463320081
Temperatura: 10013.124786519029
Probabilidad de aceptación: 3.086056532986837E-38
Movimiento: NO



ITERACION 110
Solucion:    139 58 95 65 24 61 29 74 68 28 87 116 133 140 31 126 2 36 77 32 122 120 118 100 62 90 56 14 3 44 145 142 71 136 19 47 5 8 106 35 98 79 1 48 34 43 20 88 41 109 75 63 99 21 110 91 132 131 69 30 121 9 103 97 141 114 42 11 54 64 33 124 101 107 0 148 38 18 13 39 67 15 70 93 46 89 117 83 59 119 137 6 111 40 112 12 123 10 80 45 143 22 127 78 115 16 76 86 52 125 134 55 130 66 144 85 104 147 49 81 60 82 57 94 27 128 73 96 113 72 129 17 149 105 135 146 26 4 37 7 92 102 51 138 50 108 25 53 84 23 
Coste: 461631419
Temperatura: 9011.812307867127
Probabilidad de aceptación: 2.986027167208138E-59
Movimiento: NO



ITERACION 111
Solucion:    55 58 95 65 24 61 29 74 68 28 87 116 133 140 31 126 2 36 77 32 122 120 118 100 62 90 56 14 3 44 145 142 71 136 19 47 5 8 106 35 98 79 1 139 34 43 20 88 41 109 75 63 99 21 110 91 48 131 69 30 121 9 103 97 141 114 42 11 54 64 33 124 101 107 0 148 38 18 13 39 67 15 70 93 46 132 117 83 89 59 137 6 111 40 112 12 123 10 80 45 143 22 127 78 119 115 76 86 52 125 16 84 130 66 134 144 104 147 85 49 60 82 81 94 27 128 73 96 57 72 129 17 149 105 135 113 26 4 37 7 92 102 51 138 50 108 25 146 53 23 
Coste: 456047557
Temperatura: 8110.631077080415
Probabilidad de aceptación: 1.0879530530397582E-28
Movimiento: NO



ITERACION 112
Solucion:    55 58 95 65 24 61 29 74 68 28 87 116 133 140 31 126 2 36 77 32 122 120 118 100 62 130 56 14 3 44 145 142 71 136 19 47 5 8 106 35 98 79 1 139 34 43 20 88 41 109 75 63 99 21 110 91 48 131 69 30 121 9 103 97 141 114 42 11 54 64 33 124 101 107 0 148 38 18 13 39 67 15 70 93 46 132 117 83 89 59 137 6 111 40 112 12 123 10 80 45 143 22 127 78 90 115 76 119 86 125 52 16 84 66 134 144 104 147 85 49 60 82 81 94 27 128 73 96 57 72 129 17 149 105 135 113 26 4 37 7 92 102 51 138 50 108 25 146 53 23 
Coste: 455875325
Temperatura: 7299.567969372373
Probabilidad de aceptación: 2.0911674907689255E-40
Movimiento: NO



ITERACION 113
Solucion:    55 66 95 65 24 61 29 74 68 28 87 116 133 140 31 126 2 36 77 32 122 120 118 100 62 58 56 14 3 44 145 142 130 136 19 47 5 8 106 35 98 79 71 139 34 43 1 88 20 109 75 63 99 41 110 91 48 131 69 30 121 9 103 97 141 114 42 11 21 64 33 124 101 107 0 148 38 18 13 39 67 15 70 93 46 132 117 83 89 59 137 6 111 40 112 12 123 10 80 54 143 22 127 78 90 115 45 76 86 125 52 16 84 119 134 144 104 147 85 49 60 82 81 94 27 128 73 96 57 72 129 17 149 105 135 113 26 4 37 7 92 102 51 138 50 108 25 146 53 23 
Coste: 453876886
Temperatura: 6569.611172435136
Probabilidad de aceptación: 2.648172753251816E-67
Movimiento: NO



ITERACION 114
Solucion:    55 66 95 65 24 61 29 74 68 28 87 116 133 140 31 126 2 36 77 32 122 120 118 100 62 58 56 14 3 44 145 142 130 136 19 47 5 8 106 35 98 79 71 139 34 43 1 88 20 109 75 63 99 41 110 91 48 131 69 30 121 9 103 97 141 114 42 11 21 64 33 124 101 107 0 148 38 18 13 39 67 15 70 93 46 132 117 83 89 59 137 6 111 40 112 12 123 10 80 54 143 22 127 78 90 134 115 76 86 45 52 16 84 119 53 144 125 147 85 104 60 82 81 94 27 128 73 96 57 72 129 17 149 105 135 113 26 4 37 7 92 102 51 138 50 108 25 49 146 23 
Coste: 453391841
Temperatura: 5912.650055191622
Probabilidad de aceptación: 1.5891024995053627E-12
Movimiento: NO



ITERACION 115
Solucion:    55 66 95 65 24 61 29 74 68 28 87 116 133 140 31 126 2 36 77 32 122 120 118 100 62 144 58 14 3 44 145 142 130 136 19 47 5 8 106 35 98 79 56 139 71 43 1 88 20 109 75 63 99 41 110 34 48 131 69 91 121 9 103 97 141 114 42 11 21 64 33 124 101 30 0 148 38 18 13 39 67 15 70 93 46 132 117 83 89 59 137 6 111 40 112 107 12 10 80 123 143 22 127 78 90 54 115 134 86 45 52 76 84 119 16 146 125 147 85 53 60 82 81 94 27 128 73 96 57 72 129 17 149 105 135 113 26 4 37 7 92 102 51 138 50 108 104 25 49 23 
Coste: 451379811
Temperatura: 5321.38504967246
Probabilidad de aceptación: 7.656324720312778E-37
Movimiento: NO



ITERACION 116
Solucion:    55 66 125 95 65 61 29 24 68 28 74 116 133 140 31 126 2 36 77 32 122 120 118 100 62 144 58 14 3 44 145 142 130 136 19 47 5 8 106 35 98 79 87 139 71 43 1 88 20 109 56 63 99 41 110 34 48 131 69 91 121 9 103 97 141 114 42 11 21 64 75 124 101 30 0 148 38 18 13 39 67 33 70 93 46 132 117 83 89 59 137 6 111 40 112 107 12 10 80 123 143 22 127 78 90 15 115 54 86 134 45 76 84 119 16 52 146 147 85 53 60 82 81 94 27 128 73 96 57 72 129 17 149 105 135 113 26 4 37 7 92 102 51 138 50 108 104 25 49 23 
Coste: 448153592
Temperatura: 4789.246544705214
Probabilidad de aceptación: 2.4029823735023123E-29
Movimiento: NO



ITERACION 117
Solucion:    55 66 125 95 65 61 29 24 68 28 74 116 133 140 31 126 2 36 77 32 122 120 118 100 62 144 58 14 3 44 145 142 130 136 19 47 5 8 106 35 98 79 87 147 71 43 1 88 20 109 56 63 99 41 110 34 48 131 69 139 121 9 103 97 141 114 42 11 21 64 75 124 101 30 91 148 38 18 13 39 67 33 70 93 46 132 117 83 0 59 137 6 111 40 112 107 12 10 80 123 143 22 127 78 89 15 115 54 90 134 86 76 45 119 16 84 146 72 85 53 60 82 81 94 52 128 27 96 57 73 129 17 149 105 135 113 26 4 37 7 92 102 51 138 50 108 104 25 49 23 
Coste: 446790132
Temperatura: 4310.321890234693
Probabilidad de aceptación: 3.4638249122282296E-51
Movimiento: NO



ITERACION 118
Solucion:    55 85 125 95 65 61 29 24 68 28 74 116 133 140 31 126 2 36 77 32 122 120 118 100 62 144 58 14 3 44 145 142 130 136 19 47 5 8 106 35 98 79 87 147 71 43 1 88 20 109 56 63 99 41 110 34 48 131 69 66 121 9 103 97 141 114 42 11 21 64 75 124 101 30 91 148 38 18 13 39 67 33 70 93 46 132 117 83 0 59 137 6 111 40 112 107 12 10 80 123 143 22 127 78 139 15 89 54 90 134 86 115 45 119 16 84 146 72 104 53 60 82 76 81 94 128 52 96 57 73 129 17 149 105 135 113 26 4 37 7 92 102 51 138 50 108 27 25 49 23 
Coste: 443061493
Temperatura: 3879.2897012112235
Probabilidad de aceptación: 1.4194543079410276E-73
Movimiento: NO



ITERACION 119
Solucion:    55 85 125 95 65 61 29 24 68 28 74 116 133 140 31 126 2 36 77 32 122 120 118 100 62 144 58 14 3 44 145 142 130 136 19 47 5 8 106 35 98 79 87 147 71 43 1 88 20 109 56 63 99 41 110 34 48 131 69 66 121 9 103 97 141 114 42 11 21 64 75 124 101 30 91 148 38 18 13 39 67 33 70 93 46 132 117 83 0 59 137 6 111 40 112 107 12 10 80 123 143 22 127 78 139 15 53 54 90 134 86 115 45 119 16 84 146 72 104 27 60 82 76 81 94 128 52 96 57 73 129 17 149 105 135 113 26 4 37 7 92 102 51 138 50 108 89 25 49 23 
Coste: 442884733
Temperatura: 3491.360731090101
Probabilidad de aceptación: 1.7262366106703418E-65
Movimiento: NO



ITERACION 120
Solucion:    55 85 125 95 65 61 29 24 68 28 74 116 133 140 31 126 2 36 77 32 122 120 118 100 62 144 58 14 3 44 145 142 130 136 19 47 5 8 106 35 98 79 87 147 71 43 1 88 60 109 56 63 99 20 110 34 48 131 69 66 121 9 103 41 141 114 42 11 21 64 75 124 101 30 91 97 38 18 13 39 67 33 70 93 46 132 117 83 0 148 137 6 111 40 112 107 12 10 80 123 143 22 127 78 139 15 53 54 90 134 86 115 45 59 16 84 146 72 104 27 138 119 82 76 81 128 94 96 57 73 52 17 129 149 135 113 105 4 26 37 92 102 51 7 50 108 89 25 49 23 
Coste: 439737624
Temperatura: 3142.2246579810912
Probabilidad de aceptación: 5.545990572862605E-37
Movimiento: NO



ITERACION 121
Solucion:    119 55 125 95 65 61 29 24 68 28 74 116 133 140 31 126 2 36 77 32 122 120 118 100 62 144 58 14 3 44 145 142 130 136 19 47 85 8 106 35 98 79 87 147 71 43 1 88 5 109 56 63 99 60 110 34 48 20 69 66 131 9 103 121 141 114 41 11 21 64 75 124 101 30 42 97 38 18 13 39 67 33 70 93 46 132 117 83 91 0 137 6 111 40 112 107 12 10 80 123 143 22 127 78 139 15 53 54 90 134 86 115 45 148 16 84 146 72 104 27 138 105 82 76 81 59 94 96 57 73 128 17 52 129 135 149 113 4 26 37 92 102 51 7 50 108 89 25 49 23 
Coste: 435885194
Temperatura: 2828.002192182982
Probabilidad de aceptación: 4.172454883964189E-71
Movimiento: NO



ITERACION 122
Solucion:    119 55 125 95 65 61 29 24 68 28 74 116 133 140 31 126 2 36 77 32 122 120 118 100 62 144 58 14 3 44 145 142 130 136 19 47 85 8 106 35 98 79 87 147 71 43 1 88 5 109 56 63 99 82 110 34 48 20 69 66 131 9 103 121 141 114 41 11 21 64 75 124 101 30 42 97 38 18 13 39 67 33 70 93 46 132 117 83 91 0 137 6 111 40 112 107 12 10 80 123 143 22 127 78 139 15 53 54 90 134 86 115 45 148 16 84 146 72 104 27 138 60 113 76 81 59 94 96 105 57 128 73 52 17 135 149 129 4 26 37 92 102 51 7 50 108 89 25 49 23 
Coste: 435654451
Temperatura: 2545.201972964684
Probabilidad de aceptación: 3.997524954433319E-64
Movimiento: NO



ITERACION 123
Solucion:    119 76 125 95 65 61 29 24 68 28 74 116 133 140 31 126 2 36 77 32 122 120 118 100 62 144 58 14 3 44 145 142 130 136 19 47 85 8 106 35 98 79 87 147 71 43 1 88 5 109 56 63 99 82 110 34 48 20 69 66 55 131 103 121 141 114 41 11 21 64 75 124 101 30 42 97 38 18 13 39 67 33 70 93 46 132 117 83 91 0 137 6 111 40 112 107 12 10 80 123 143 22 127 78 139 15 53 54 90 134 86 115 45 148 16 84 146 72 104 27 138 9 113 7 81 59 94 60 105 57 128 96 73 17 135 149 52 129 26 37 92 102 51 4 50 108 89 25 49 23 
Coste: 434856362
Temperatura: 2290.681775668216
Probabilidad de aceptación: 2.2368542786493E-33
Movimiento: NO



ITERACION 124
Solucion:    119 76 125 95 65 61 29 24 68 28 74 116 133 140 31 126 2 36 77 32 122 120 118 100 62 144 58 14 3 44 145 142 130 136 19 47 85 8 106 35 98 79 87 147 71 43 1 88 5 109 56 63 99 82 110 34 48 20 69 66 55 81 103 121 141 114 131 11 21 64 75 124 101 30 42 97 38 18 13 39 67 33 70 93 46 132 117 83 91 0 137 6 111 40 112 107 12 10 80 123 143 22 127 78 139 15 53 54 90 134 86 115 45 148 16 84 146 72 104 27 138 9 41 7 37 59 113 60 105 57 128 94 96 17 135 149 73 52 129 26 92 102 51 4 50 108 89 25 49 23 
Coste: 434760297
Temperatura: 2061.6135981013945
Probabilidad de aceptación: 1.835921133539599E-62
Movimiento: NO



ITERACION 125
Solucion:    119 76 125 95 65 61 29 24 68 28 74 116 133 140 31 126 2 36 77 32 122 120 118 100 62 144 58 14 3 44 145 142 130 136 19 47 85 8 106 35 98 79 87 147 71 43 1 88 5 109 56 63 99 82 110 34 48 20 69 66 59 81 103 121 141 114 131 11 21 64 75 124 55 30 42 97 38 18 13 39 67 33 70 93 46 132 117 83 91 0 137 6 111 40 112 107 12 10 80 123 143 22 127 78 139 15 53 54 90 134 86 115 45 148 16 84 146 72 104 27 138 101 41 9 37 129 113 7 105 60 128 94 96 17 57 149 135 73 52 26 92 102 51 4 50 108 89 25 49 23 
Coste: 434621930
Temperatura: 1855.452238291255
Probabilidad de aceptación: 8.615097438489673E-124
Movimiento: NO



ITERACION 126
Solucion:    119 113 125 76 65 61 29 24 68 28 74 116 133 140 95 126 2 36 77 32 122 120 118 100 62 144 58 14 3 44 145 142 130 136 19 47 31 8 106 35 98 79 87 147 71 43 1 88 5 109 56 63 99 82 110 34 48 20 69 66 85 81 103 121 141 114 131 11 21 64 75 124 59 30 42 97 38 18 13 39 67 33 70 93 46 132 117 83 91 0 137 6 111 40 112 107 12 10 80 123 143 22 127 78 139 15 53 54 90 134 86 115 45 148 16 84 146 72 104 27 55 101 41 9 37 129 4 7 105 60 128 94 96 17 57 149 135 73 52 26 92 102 51 138 50 108 89 25 49 23 
Coste: 432665922
Temperatura: 1669.9070144621296
Probabilidad de aceptación: 1.060714519670905E-43
Movimiento: NO



ITERACION 127
Solucion:    119 113 125 76 65 61 29 24 68 28 74 116 133 140 95 126 2 36 77 32 122 120 118 100 62 144 58 14 3 44 145 142 130 136 19 47 31 8 106 35 98 79 87 147 71 43 1 88 5 109 56 63 99 82 110 34 48 20 69 66 85 81 103 121 141 114 131 11 21 64 75 124 59 30 42 97 38 18 13 39 67 33 70 93 46 132 117 83 91 7 137 6 111 40 0 107 12 10 80 123 143 22 127 78 139 15 53 54 90 134 86 115 45 148 16 84 146 72 104 27 112 101 41 55 37 129 4 49 105 60 128 94 96 17 9 57 135 73 52 26 92 149 51 138 50 108 89 25 102 23 
Coste: 430511574
Temperatura: 1502.9163130159168
Probabilidad de aceptación: 2.1700381284689318E-58
Movimiento: NO



ITERACION 128
Solucion:    119 113 125 76 65 61 29 24 68 28 74 116 133 140 95 126 2 36 77 32 122 120 118 100 62 144 105 14 3 44 145 142 130 136 19 47 31 8 106 35 58 79 87 147 98 43 1 88 71 109 56 63 99 5 110 34 48 20 69 66 85 81 103 121 141 114 131 11 21 64 75 124 59 30 42 97 38 18 13 39 67 33 70 93 46 132 117 83 91 7 137 6 111 40 0 107 12 10 80 123 143 22 127 78 139 15 53 54 90 134 86 115 45 148 16 84 146 72 104 27 112 82 41 55 101 129 37 49 4 60 128 94 96 17 9 57 135 73 52 26 92 149 51 138 50 108 89 25 102 23 
Coste: 429005716
Temperatura: 1352.624681714325
Probabilidad de aceptación: 4.1206764430690274E-70
Movimiento: NO



ITERACION 129
Solucion:    119 113 125 76 65 61 29 24 68 28 74 116 133 140 95 126 2 36 77 32 122 120 118 100 62 144 105 14 3 44 145 142 130 136 19 47 31 8 106 35 58 79 87 147 98 43 1 88 71 109 56 63 99 5 110 34 48 20 69 66 85 81 103 121 141 114 131 11 21 64 75 124 59 30 42 97 38 18 13 39 67 33 70 93 46 132 117 83 91 7 137 6 111 40 0 107 12 10 80 123 143 22 127 78 139 15 53 54 90 134 86 115 45 148 16 84 146 72 104 27 112 60 41 55 101 129 37 49 4 102 128 82 96 17 94 57 135 73 52 26 92 9 51 149 50 108 138 89 25 23 
Coste: 428671404
Temperatura: 1217.3622135428927
Probabilidad de aceptación: 2.886762756023808E-107
Movimiento: NO



ITERACION 130
Solucion:    119 128 125 113 65 61 29 24 68 28 74 116 133 140 95 126 2 36 77 32 122 120 118 100 62 144 105 14 3 44 145 142 130 136 19 47 31 8 106 35 58 79 87 147 76 43 1 88 71 109 56 63 99 5 110 34 48 20 69 66 85 98 103 81 141 114 131 11 21 64 75 124 59 30 121 97 42 18 13 39 67 33 70 93 46 132 117 83 38 7 137 6 111 40 0 107 12 10 80 123 143 22 127 78 139 15 53 54 90 134 86 115 45 91 16 84 146 72 104 27 148 60 112 41 101 129 37 55 4 102 138 49 96 17 82 57 135 73 52 26 92 9 94 51 50 108 149 89 25 23 
Coste: 424187355
Temperatura: 1095.6259921886035
Probabilidad de aceptación: 4.716416936549184E-130
Movimiento: NO



ITERACION 131
Solucion:    119 49 125 113 65 61 29 24 68 28 74 116 133 140 95 126 2 36 77 32 122 120 118 100 62 144 105 14 3 44 145 142 130 136 19 47 31 8 106 35 58 79 87 147 76 43 1 88 71 109 56 63 99 5 110 34 48 20 128 66 85 98 103 81 141 114 131 11 21 64 75 124 59 30 121 97 42 18 13 39 67 33 70 93 46 132 117 83 38 7 137 6 111 40 0 107 12 10 80 123 143 22 127 78 139 15 53 54 90 134 86 115 45 91 16 84 146 72 104 27 148 60 69 112 101 129 37 55 4 41 102 52 138 17 82 57 135 96 73 26 92 9 94 51 50 108 149 89 25 23 
Coste: 423969366
Temperatura: 986.0633929697432
Probabilidad de aceptación: 1.9108432376362665E-191
Movimiento: NO



ITERACION 132
Solucion:    119 138 125 113 65 61 29 24 68 28 74 116 133 140 49 126 2 36 77 32 122 120 118 95 62 144 105 14 3 44 145 142 130 136 19 47 100 8 106 35 58 79 87 147 31 43 76 1 88 109 56 63 99 71 110 34 48 20 128 66 85 98 103 81 141 114 131 11 21 64 75 124 59 30 121 97 42 18 13 39 67 33 70 93 46 132 117 83 38 7 137 6 111 40 0 107 12 10 80 123 143 22 127 78 139 15 53 54 90 134 86 115 45 91 16 84 146 72 104 27 5 60 69 112 148 129 101 55 4 41 102 52 25 17 82 57 135 96 37 26 92 9 94 51 50 108 149 73 89 23 
Coste: 421455851
Temperatura: 887.4570536727689
Probabilidad de aceptación: 1.1983942462680002E-181
Movimiento: NO



ITERACION 133
Solucion:    119 138 125 113 65 61 29 24 17 28 74 116 133 140 49 68 2 36 77 32 122 120 118 126 62 144 105 14 3 44 145 95 130 136 19 47 100 8 106 35 58 79 87 147 31 43 76 142 88 109 56 63 99 1 110 34 48 20 71 66 85 128 103 81 141 114 131 11 21 64 75 124 59 30 121 97 42 18 13 39 67 98 70 93 46 132 117 83 33 7 137 6 111 40 0 107 12 10 80 123 143 22 127 78 139 15 53 54 38 134 86 115 45 91 16 84 146 72 104 27 90 60 69 5 112 129 101 55 4 41 102 148 25 92 82 57 135 96 37 26 52 9 94 51 50 108 149 73 89 23 
Coste: 418430321
Temperatura: 798.711348305492
Probabilidad de aceptación: 4.9888296263158923E-225
Movimiento: NO



ITERACION 134
Solucion:    119 138 125 113 65 61 29 24 17 28 74 116 133 140 49 68 2 36 77 32 122 120 118 126 62 144 105 14 3 44 145 95 130 136 19 47 100 8 106 35 58 79 87 147 31 43 76 142 88 109 56 63 99 1 110 34 48 20 71 66 85 128 103 81 141 114 131 11 21 64 75 124 59 30 121 97 42 18 13 39 67 98 70 93 46 132 117 83 33 7 137 6 111 40 0 107 12 10 80 123 143 22 127 78 139 15 53 54 38 134 86 115 45 91 16 84 146 72 104 27 90 60 69 5 112 129 101 55 4 41 102 148 25 92 96 57 135 82 37 26 52 9 94 51 50 108 149 73 89 23 
Coste: 418427944
Temperatura: 718.8402134749429
Probabilidad de aceptación: 5.046602036328842E-260
Movimiento: NO



ITERACION 135
Solucion:    119 138 125 113 65 61 29 24 17 28 74 57 133 140 49 68 2 36 116 32 122 120 118 77 62 144 105 126 3 44 145 95 130 136 19 47 100 8 106 35 58 79 87 147 14 43 76 31 88 109 56 63 99 1 110 34 48 20 71 66 85 142 103 81 141 114 131 11 21 64 75 124 59 30 121 97 42 18 13 39 67 98 70 93 46 132 117 83 33 7 137 6 111 40 0 107 12 10 80 123 143 22 127 78 139 15 53 54 38 134 86 115 45 91 16 84 146 72 104 27 90 60 69 5 112 129 101 128 4 41 102 148 25 92 96 89 135 82 37 26 52 55 9 51 50 108 149 94 73 23 
Coste: 415990386
Temperatura: 646.9561921274486
Probabilidad de aceptación: 2.0905033584153646E-213
Movimiento: NO



ITERACION 136
Solucion:    119 138 125 113 65 61 29 24 17 28 74 57 133 140 49 68 2 36 116 32 122 120 118 77 62 144 105 126 3 44 145 95 130 136 19 47 100 8 106 35 58 79 87 147 135 43 14 76 88 31 56 63 99 1 109 34 48 20 71 66 85 142 103 81 141 114 131 11 21 64 75 124 59 30 121 97 42 18 13 39 67 98 70 93 46 132 117 83 33 7 137 6 111 40 0 107 12 10 80 123 143 22 127 78 139 15 53 54 38 134 86 115 45 91 16 84 146 72 104 27 90 110 69 5 112 129 101 60 4 41 102 148 25 92 96 128 37 82 89 26 52 55 9 51 50 108 149 94 73 23 
Coste: 415279424
Temperatura: 582.2605729147037
Probabilidad de aceptación: 3.0887366281684426E-255
Movimiento: NO



ITERACION 137
Solucion:    119 138 125 113 65 61 29 24 17 28 74 57 133 140 49 68 2 36 116 32 122 120 118 77 62 144 105 126 3 44 145 95 130 136 19 47 100 8 106 35 58 79 87 147 135 43 14 76 88 31 56 63 99 1 109 34 48 20 71 66 85 142 103 81 141 114 131 11 21 64 75 124 59 30 121 97 42 18 13 39 67 98 70 93 46 132 117 83 33 7 137 6 111 40 0 107 12 10 80 123 143 22 127 78 139 15 53 54 38 134 86 115 45 91 16 84 146 72 104 27 90 110 69 5 112 129 101 82 4 41 102 148 25 92 60 128 37 26 89 96 52 55 9 51 50 108 149 94 73 23 
Coste: 415269724
Temperatura: 524.0345156232333
Probabilidad de aceptación: 0.0
Movimiento: NO



ITERACION 138
Solucion:    119 138 125 89 113 65 29 24 17 28 74 57 133 140 49 68 2 36 61 32 122 120 118 77 62 144 105 116 3 44 145 126 130 136 19 47 95 8 106 35 58 79 100 147 135 43 87 76 88 31 56 63 99 1 109 34 48 20 71 66 85 142 103 81 141 114 131 11 21 64 75 124 59 30 121 97 42 18 13 39 67 98 70 93 46 132 117 83 33 7 137 6 111 40 0 107 12 10 80 123 143 22 127 78 139 15 53 54 38 134 86 115 45 91 16 84 146 72 104 27 90 14 69 5 110 129 101 82 4 41 102 148 25 92 60 128 37 26 112 96 52 55 9 51 50 108 149 94 73 23 
Coste: 412657265
Temperatura: 471.63106406091003
Probabilidad de aceptación: 0.0
Movimiento: NO



ITERACION 139
Solucion:    119 138 125 96 89 65 113 24 29 28 74 17 133 140 49 68 57 36 61 2 122 120 118 77 62 144 32 105 3 44 145 116 130 136 19 47 95 8 106 35 58 79 100 147 135 43 126 87 88 76 56 63 99 31 109 34 48 20 71 66 85 1 103 81 141 114 131 11 21 64 75 124 59 30 121 97 42 18 13 39 67 98 70 93 46 132 117 83 33 7 137 6 111 40 0 107 12 10 80 123 143 22 127 78 139 15 53 54 38 134 86 115 45 91 16 84 146 72 104 27 90 142 69 5 14 110 101 82 4 41 102 148 25 92 60 128 37 26 112 129 52 55 9 51 50 108 149 94 73 23 
Coste: 410236893
Temperatura: 424.46795765481903
Probabilidad de aceptación: 0.0
Movimiento: NO



ITERACION 140
Solucion:    119 138 125 52 89 65 96 24 29 28 74 113 133 140 49 68 57 36 17 2 122 61 120 118 62 144 32 105 3 44 77 145 116 136 130 47 95 8 106 35 58 79 100 147 135 43 126 87 88 76 56 63 99 31 109 34 48 20 71 66 85 1 103 81 141 114 131 11 21 64 75 124 19 30 59 97 42 121 13 39 67 98 70 93 46 132 117 83 33 7 137 6 111 40 0 107 12 10 80 123 143 22 127 78 139 15 53 54 38 134 86 115 45 91 16 84 146 72 104 27 90 142 69 5 14 110 101 82 4 41 102 148 25 92 60 128 37 26 112 129 18 55 9 51 50 108 149 94 73 23 
Coste: 407297110
Temperatura: 382.0211618893371
Probabilidad de aceptación: 0.0
Movimiento: NO



ITERACION 141
Solucion:    119 138 125 52 89 65 96 24 29 28 74 113 133 140 49 68 57 36 17 2 122 61 120 118 62 144 32 105 3 44 77 145 116 136 130 47 95 8 106 35 58 79 100 147 135 43 126 87 88 76 56 63 99 31 109 34 48 20 71 66 85 1 103 81 141 114 131 11 21 64 75 124 19 30 59 97 42 121 13 39 67 98 70 93 46 132 117 83 33 7 137 6 111 40 0 107 12 10 80 123 143 22 127 78 139 15 53 54 38 134 86 115 45 91 16 84 146 72 104 27 90 142 69 5 14 110 101 82 4 41 102 148 25 92 60 128 37 26 112 129 18 23 9 51 55 108 149 50 94 73 
Coste: 407220831
Temperatura: 343.8190457004034
Probabilidad de aceptación: 1.0
Movimiento: SI



ITERACION 142
Solucion:    119 138 125 52 89 65 96 24 29 28 74 113 133 140 49 68 57 36 17 2 122 61 120 118 62 144 32 105 3 44 77 145 116 136 130 47 95 8 106 35 58 79 100 147 135 43 126 87 88 76 56 63 99 31 109 34 48 20 71 66 85 1 103 81 141 114 131 11 21 64 75 124 19 30 59 97 42 121 13 39 67 98 70 93 46 132 117 83 33 7 137 6 111 40 0 107 12 10 80 123 143 22 127 78 139 15 53 54 38 134 86 115 45 91 16 84 146 72 104 27 90 142 69 5 14 110 101 82 4 9 102 148 25 92 60 128 37 26 112 129 18 23 73 51 55 41 149 50 108 94 
Coste: 407150090
Temperatura: 309.4371411303631
Probabilidad de aceptación: 1.0
Movimiento: SI



ITERACION 143
Solucion:    119 138 125 52 89 65 51 24 29 28 74 113 133 140 96 68 49 36 17 2 122 61 120 118 62 144 32 105 3 44 77 145 116 136 130 47 95 8 106 35 58 79 100 147 135 43 126 87 88 76 56 63 99 31 109 34 48 20 71 66 57 1 103 81 141 114 131 11 21 64 75 124 19 30 59 97 42 121 13 39 67 98 70 93 46 132 117 83 33 7 137 6 111 40 0 107 12 10 80 123 143 22 127 78 139 15 53 54 38 134 86 115 45 91 16 84 146 72 104 27 90 142 69 5 14 110 101 82 4 9 102 148 25 92 60 128 37 26 112 129 18 23 85 149 73 41 55 50 108 94 
Coste: 406068132
Temperatura: 278.4934270173268
Probabilidad de aceptación: 9.70711188922614E-47
Movimiento: NO



ITERACION 144
Solucion:    119 138 125 52 89 65 51 24 29 28 74 113 133 140 96 68 49 36 17 2 122 61 120 118 62 144 32 105 3 44 77 145 116 136 130 47 95 8 106 35 58 79 100 147 135 43 126 87 88 73 56 63 99 31 109 34 48 20 71 66 57 1 103 81 141 114 131 11 21 64 75 124 19 30 59 97 42 121 13 39 67 98 70 93 46 132 117 83 33 7 137 6 111 40 0 107 12 10 80 123 143 22 127 78 139 15 53 54 38 134 86 115 45 91 16 84 146 72 104 27 90 142 69 5 14 110 101 82 4 9 102 148 25 92 60 128 37 26 112 129 18 23 85 149 76 41 55 50 108 94 
Coste: 405415074
Temperatura: 250.6440843155941
Probabilidad de aceptación: 2.4813426124850026E-37
Movimiento: NO



ITERACION 145
Solucion:    119 138 125 52 41 65 51 24 29 28 74 113 133 140 96 68 49 36 17 2 89 61 120 118 62 144 122 105 3 44 77 145 116 136 130 47 95 8 106 35 58 79 100 147 135 43 32 87 88 126 56 63 99 31 109 34 48 20 71 66 73 1 103 81 141 114 131 11 21 64 75 124 19 30 59 97 42 121 13 39 67 98 70 93 46 132 117 83 33 7 137 6 111 40 0 107 12 10 80 123 143 22 127 78 139 15 53 54 38 134 86 115 45 91 16 84 146 72 104 27 90 142 69 5 14 110 101 82 4 9 102 148 25 92 60 128 37 26 112 129 18 23 85 149 57 76 55 50 108 94 
Coste: 403131230
Temperatura: 225.5796758840347
Probabilidad de aceptación: 9.026993324843094E-32
Movimiento: NO



ITERACION 146
Solucion:    119 138 125 52 41 55 65 51 24 28 74 113 133 29 96 68 140 36 17 2 49 61 120 118 62 144 89 105 3 44 77 145 116 136 130 47 95 8 106 35 58 79 100 147 122 43 135 87 88 126 56 63 99 32 109 34 48 20 71 66 73 1 103 81 141 114 131 11 21 64 75 124 19 30 31 97 42 121 13 39 67 98 70 93 46 132 117 83 33 7 137 6 111 40 0 107 12 10 80 123 143 22 127 78 139 15 53 54 38 134 86 115 45 91 16 84 146 72 104 27 90 142 69 5 14 110 101 82 4 9 102 148 25 92 60 128 37 26 112 129 18 23 85 149 57 59 76 50 108 94 
Coste: 400775993
Temperatura: 203.02170829563124
Probabilidad de aceptación: 2.1907910395308972E-11
Movimiento: NO



ITERACION 147
Solucion:    119 138 125 52 41 50 55 51 65 28 74 24 133 29 96 113 140 36 17 68 2 49 120 118 62 144 61 105 3 44 77 145 116 136 130 47 95 8 106 35 58 79 100 147 122 43 89 87 88 135 56 63 99 126 32 34 48 20 71 66 73 1 103 81 141 114 131 11 21 64 75 124 19 30 109 97 42 121 13 39 67 98 70 93 46 132 117 83 33 7 137 6 111 40 0 107 12 10 80 123 143 22 127 78 139 15 53 54 38 134 86 115 45 91 16 84 146 72 104 27 90 142 69 5 14 110 31 82 4 101 102 148 25 92 60 128 37 26 112 129 18 9 85 149 57 59 76 23 108 94 
Coste: 396870049
Temperatura: 182.71953746606812
Probabilidad de aceptación: 2.4281027044830232E-139
Movimiento: NO



ITERACION 148
Solucion:    119 138 125 52 41 50 108 51 65 28 55 74 133 29 96 24 140 36 17 113 68 2 120 118 62 144 49 105 3 44 77 145 116 136 130 47 95 8 106 35 58 79 100 147 122 43 61 87 88 89 56 63 99 135 32 34 48 20 71 66 73 1 103 81 141 114 131 126 21 64 75 124 19 30 109 97 42 121 13 39 67 98 70 93 46 132 117 83 33 7 137 6 111 40 0 107 12 10 80 123 143 22 127 78 139 15 53 54 38 134 86 115 45 91 16 84 146 72 104 27 90 142 69 5 14 110 31 82 4 101 102 148 25 92 60 128 37 26 112 129 18 11 85 149 57 59 76 23 9 94 
Coste: 393556647
Temperatura: 164.4475837194613
Probabilidad de aceptación: 3.407717671837784E-169
Movimiento: NO



ITERACION 149
Solucion:    119 138 125 52 41 50 108 51 65 28 55 74 133 29 96 24 140 36 17 113 68 2 120 118 62 144 49 105 3 44 77 145 116 136 130 47 95 8 106 35 58 94 100 147 122 43 61 87 88 79 56 89 63 135 32 34 48 20 71 66 73 1 103 81 141 114 131 126 21 64 75 124 19 30 109 97 42 121 13 39 67 98 70 93 46 132 117 83 33 7 137 6 111 40 0 107 12 10 80 123 143 22 127 78 139 15 53 54 38 134 86 115 45 91 16 84 146 72 104 27 99 90 69 5 14 110 31 82 142 4 102 148 25 92 60 128 37 26 112 129 18 11 101 149 57 59 76 23 9 85 
Coste: 392946740
Temperatura: 148.00282534751517
Probabilidad de aceptación: 1.0
Movimiento: SI



