ITERACION 0
Solucion:    9 31 57 97 22 56 128 92 102 26 32 13 106 90 103 62 63 72 88 4 108 54 79 15 86 142 98 71 38 28 77 87 67 34 117 27 147 124 51 115 50 59 6 93 3 126 2 132 55 10 121 110 99 127 29 45 49 80 144 141 43 58 109 145 83 14 33 44 52 53 107 94 37 61 114 1 105 136 119 8 89 101 135 123 96 7 74 138 12 39 91 73 16 11 81 30 46 48 17 0 19 20 111 120 75 85 69 131 133 68 113 112 137 148 70 122 125 104 64 100 40 143 60 36 41 76 146 65 129 82 118 95 78 47 134 5 139 66 116 149 18 84 42 24 23 140 130 25 35 21 
Coste: 653012525
Temperatura: 9.797329845E8
Probabilidad de aceptación: 1.0
Movimiento: SI



ITERACION 1
Solucion:    31 21 9 57 97 22 56 128 92 102 26 32 13 106 90 103 62 63 72 88 4 108 54 79 15 86 142 98 71 38 28 77 87 67 34 117 27 147 124 51 115 50 59 6 93 3 126 2 132 55 10 121 110 99 127 29 45 49 80 144 141 43 58 109 145 83 14 33 44 52 53 107 94 37 61 114 1 105 136 119 8 89 101 135 123 96 7 74 138 12 39 91 73 16 11 81 30 46 48 17 0 19 20 111 120 75 85 69 131 133 68 113 112 137 148 70 122 125 104 64 100 40 143 60 36 41 76 146 65 129 82 118 95 78 47 134 5 139 66 116 149 18 84 42 24 23 140 130 25 35 
Coste: 657026553
Temperatura: 8.817596860500001E8
Probabilidad de aceptación: 1.0
Movimiento: SI



ITERACION 2
Solucion:    9 31 35 21 57 97 22 56 128 92 102 26 32 13 106 90 103 62 63 72 88 4 108 54 79 15 86 142 98 71 38 28 77 87 67 34 117 27 147 124 51 115 50 59 6 93 3 126 2 132 55 10 121 110 99 127 29 45 49 80 144 141 43 58 109 145 83 14 33 44 52 53 107 94 37 61 114 1 105 136 119 8 89 101 135 123 96 7 74 138 12 39 91 73 16 11 81 30 46 48 17 0 19 20 111 120 75 85 69 131 133 68 113 112 137 148 70 122 125 104 64 100 40 143 60 36 41 76 146 65 129 82 118 95 78 47 134 5 139 66 116 149 18 84 42 24 23 140 130 25 
Coste: 657444672
Temperatura: 7.93583717445E8
Probabilidad de aceptación: 1.0
Movimiento: SI



ITERACION 3
Solucion:    21 9 31 25 35 57 97 22 56 128 92 102 26 32 13 106 90 103 62 63 72 88 4 108 54 79 15 86 142 98 71 38 28 77 87 67 34 117 27 147 124 51 115 50 59 6 93 3 126 2 132 55 10 121 110 99 127 29 45 49 80 144 141 43 58 109 145 83 14 33 44 52 53 107 94 37 61 114 1 105 136 119 8 89 101 135 123 96 7 74 138 12 39 91 73 16 11 81 30 46 48 17 0 19 20 111 120 75 85 69 131 133 68 113 112 137 148 70 122 125 104 64 100 40 143 60 36 41 76 146 65 129 82 118 95 78 47 134 5 139 66 116 149 18 84 42 24 23 140 130 
Coste: 656122037
Temperatura: 7.142253457005E8
Probabilidad de aceptación: 1.0
Movimiento: SI



ITERACION 4
Solucion:    35 21 9 31 130 25 57 97 22 56 128 92 102 26 32 13 106 90 103 62 63 72 88 4 108 54 79 15 86 142 98 71 38 28 77 87 67 34 117 27 147 124 51 115 50 59 6 93 3 126 2 132 55 10 121 110 99 127 29 45 49 80 144 141 43 58 109 145 83 14 33 44 52 53 107 94 37 61 114 1 105 136 119 8 89 101 135 123 96 7 74 138 12 39 91 73 16 11 81 30 46 48 17 0 19 20 111 120 75 85 69 131 133 68 113 112 137 148 70 122 125 104 64 100 40 143 60 36 41 76 146 65 129 82 118 95 78 47 134 5 139 66 116 149 18 84 42 24 23 140 
Coste: 658877594
Temperatura: 6.4280281113045E8
Probabilidad de aceptación: 1.0
Movimiento: SI



ITERACION 5
Solucion:    25 35 21 9 31 140 130 57 97 22 56 128 92 102 26 32 13 106 90 103 62 63 72 88 4 108 54 79 15 86 142 98 71 38 28 77 87 67 34 117 27 147 124 51 115 50 59 6 93 3 126 2 132 55 10 121 110 99 127 29 45 49 80 144 141 43 58 109 145 83 14 33 44 52 107 53 94 37 61 114 1 105 136 119 8 89 101 135 123 96 7 74 138 12 39 91 73 16 11 81 30 46 48 17 0 19 20 111 120 75 85 69 131 133 68 113 112 137 148 70 122 125 104 64 100 40 143 60 36 41 76 146 65 129 82 118 95 78 47 134 5 139 66 116 149 18 84 42 24 23 
Coste: 656483205
Temperatura: 5.78522530017405E8
Probabilidad de aceptación: 1.0
Movimiento: SI



ITERACION 6
Solucion:    130 25 35 21 9 31 23 140 57 97 22 56 128 92 102 26 32 13 106 90 103 62 63 72 88 4 108 54 79 15 86 142 98 71 38 28 77 87 67 34 117 27 147 124 51 115 50 59 6 93 3 126 2 132 55 10 121 110 99 127 29 45 49 80 144 43 141 58 109 145 83 14 33 44 52 107 53 94 37 61 114 1 105 136 119 8 89 101 135 123 96 7 74 138 12 39 91 73 16 11 81 30 46 48 17 0 19 20 111 120 75 85 69 131 133 68 113 112 137 148 70 122 125 104 64 100 40 143 60 36 41 76 146 65 129 82 118 95 78 47 134 5 139 66 116 149 18 84 42 24 
Coste: 653005339
Temperatura: 5.206702770156645E8
Probabilidad de aceptación: 1.0
Movimiento: SI



ITERACION 7
Solucion:    140 130 25 35 21 9 31 24 23 57 97 22 56 128 92 102 26 32 13 106 90 103 62 63 72 88 4 108 54 79 15 86 142 98 71 38 28 77 87 67 34 117 27 147 124 51 115 50 59 6 93 3 126 2 132 55 10 121 110 99 127 29 45 49 80 144 43 141 58 109 145 83 14 33 44 52 107 53 94 37 61 114 1 105 136 119 8 89 101 135 123 96 7 74 138 12 39 91 73 16 11 81 30 46 48 17 0 19 20 111 120 75 85 69 131 133 68 113 112 137 148 70 122 125 104 64 100 40 143 60 36 41 76 146 65 129 82 118 95 78 47 134 5 139 66 116 149 18 84 42 
Coste: 653778013
Temperatura: 4.6860324931409806E8
Probabilidad de aceptación: 1.0
Movimiento: SI



ITERACION 8
Solucion:    23 140 130 25 35 21 9 31 42 24 57 97 22 56 128 92 102 26 32 13 106 90 103 62 63 72 88 4 108 54 79 15 86 142 98 71 38 28 77 87 67 34 117 27 147 124 51 115 50 59 6 93 3 126 2 132 55 10 121 99 110 127 29 45 49 80 144 43 141 58 109 145 83 14 33 44 52 107 53 94 37 61 114 1 105 136 119 8 89 101 135 123 96 7 74 138 12 39 91 73 16 11 81 30 46 48 17 0 19 20 111 120 75 85 69 131 133 68 113 112 137 148 70 122 125 104 64 100 40 143 60 36 41 76 146 65 129 82 118 95 78 47 134 5 139 66 116 149 18 84 
Coste: 659947606
Temperatura: 4.217429243826883E8
Probabilidad de aceptación: 1.0
Movimiento: SI



ITERACION 9
Solucion:    24 23 140 130 25 35 21 9 31 84 42 57 97 22 56 128 92 102 26 32 13 106 90 103 62 63 72 88 4 108 54 79 15 86 142 98 71 38 28 77 87 67 34 117 27 147 124 51 115 50 59 6 93 3 126 2 132 55 10 121 99 110 127 29 45 49 80 144 43 141 58 109 145 83 14 33 44 52 107 53 94 37 61 114 1 105 136 119 8 89 101 135 123 96 7 74 138 12 39 91 73 16 11 81 30 46 48 17 0 19 20 111 120 75 85 69 131 133 68 113 112 137 148 70 122 125 104 64 100 40 143 60 36 41 76 146 65 129 82 118 95 78 47 134 5 139 66 116 149 18 
Coste: 660011528
Temperatura: 3.7956863194441944E8
Probabilidad de aceptación: 1.0
Movimiento: SI



ITERACION 10
Solucion:    42 24 23 140 130 25 35 21 9 31 18 84 57 97 22 56 128 92 102 26 32 13 106 90 103 62 63 72 88 4 108 54 79 15 86 142 98 71 38 28 77 87 67 34 117 27 147 124 51 115 50 59 6 93 3 126 2 132 55 10 121 99 110 127 29 45 49 80 144 43 141 58 109 145 83 14 33 44 52 107 53 94 37 61 114 1 105 136 119 8 89 101 135 123 96 7 74 138 12 39 91 73 16 11 81 30 46 48 17 0 19 20 111 120 75 85 69 131 133 68 113 112 137 148 70 122 125 104 64 100 40 143 60 36 41 76 146 65 129 82 118 95 78 47 134 5 139 66 116 149 
Coste: 660568981
Temperatura: 3.416117687499775E8
Probabilidad de aceptación: 1.0
Movimiento: SI



ITERACION 11
Solucion:    84 42 24 23 140 130 25 35 21 9 31 149 18 57 97 22 56 128 92 102 26 32 13 106 90 103 62 63 72 88 4 108 54 79 15 86 142 98 71 38 28 77 87 67 34 117 27 147 124 51 115 50 59 6 93 3 126 2 132 55 10 121 99 110 127 29 45 49 80 144 43 141 58 109 145 83 14 33 44 52 107 53 94 37 61 114 1 105 136 119 8 89 101 135 123 96 7 74 138 12 39 91 73 16 11 81 30 46 48 17 0 19 20 111 120 75 85 69 131 133 68 113 112 137 148 70 122 125 104 64 100 40 143 60 36 41 76 146 65 129 82 118 95 78 47 134 5 139 66 116 
Coste: 655394055
Temperatura: 3.074505918749798E8
Probabilidad de aceptación: 1.0
Movimiento: SI



ITERACION 12
Solucion:    18 84 42 24 23 140 130 25 35 21 9 31 116 149 57 97 22 56 128 92 102 26 32 13 106 90 103 62 63 72 88 4 108 54 79 15 86 142 98 71 38 28 77 87 67 34 117 27 147 124 51 115 50 59 6 93 3 126 2 132 55 10 121 99 110 127 29 45 49 80 144 43 141 58 109 145 83 14 33 44 52 107 53 94 37 61 114 1 105 136 119 8 89 101 135 123 96 7 74 138 12 39 91 73 16 11 81 30 46 17 48 0 19 20 111 120 75 85 69 131 133 68 113 112 137 148 70 122 125 104 64 100 40 143 60 36 41 76 146 65 129 82 118 95 78 47 134 5 139 66 
Coste: 650851381
Temperatura: 2.767055326874818E8
Probabilidad de aceptación: 1.0
Movimiento: SI



ITERACION 13
Solucion:    149 18 84 42 24 23 140 130 25 35 21 9 31 66 116 57 97 22 56 128 92 102 26 32 13 106 90 103 62 63 72 88 4 108 54 79 15 86 142 98 71 38 28 77 87 67 34 117 27 147 124 51 115 50 59 6 93 3 126 2 132 55 10 121 99 110 127 29 45 49 80 144 43 141 58 109 145 83 14 33 44 52 107 53 94 37 61 114 1 105 136 119 8 89 101 135 123 96 7 74 138 12 39 91 73 16 11 81 30 46 17 48 0 19 20 111 120 75 85 69 131 133 68 113 112 137 148 70 122 125 104 64 100 40 143 60 36 41 76 146 65 129 82 118 95 78 47 134 5 139 
Coste: 646114211
Temperatura: 2.4903497941873366E8
Probabilidad de aceptación: 1.0
Movimiento: SI



ITERACION 14
Solucion:    116 149 18 84 42 24 23 140 130 25 35 21 9 31 139 66 57 97 22 56 128 92 102 26 32 13 106 90 103 62 63 72 88 4 108 54 79 15 86 142 98 71 38 28 77 87 67 34 117 27 147 124 51 115 50 59 6 93 3 126 2 132 55 10 121 99 110 127 29 45 49 80 144 43 141 58 109 145 83 14 33 44 52 107 53 94 37 61 114 1 105 136 119 8 89 101 135 123 96 7 74 138 12 39 91 73 16 11 81 30 46 17 48 0 19 20 111 120 75 85 69 131 133 68 113 112 137 148 70 122 125 104 64 100 40 143 60 36 41 76 146 65 129 82 118 95 78 47 134 5 
Coste: 643751014
Temperatura: 2.2413148147686028E8
Probabilidad de aceptación: 1.0
Movimiento: SI



ITERACION 15
Solucion:    66 116 149 18 84 42 24 23 140 130 25 35 21 9 31 5 139 57 97 22 56 128 92 102 26 32 13 106 90 103 62 63 72 88 4 108 54 79 15 86 142 98 71 38 28 77 87 67 34 117 27 147 124 51 115 50 59 6 93 3 126 2 132 55 10 121 99 110 127 29 45 49 80 144 43 141 58 109 145 83 14 33 44 52 107 53 94 37 61 114 1 105 136 119 8 89 101 135 123 96 7 74 138 12 39 91 73 16 11 81 30 46 17 48 0 19 20 111 120 85 75 69 131 133 68 113 112 137 148 70 122 125 104 64 100 40 143 60 36 41 76 146 65 129 82 118 95 78 47 134 
Coste: 642300332
Temperatura: 2.0171833332917425E8
Probabilidad de aceptación: 1.0
Movimiento: SI



ITERACION 16
Solucion:    139 66 116 149 18 84 42 24 23 140 130 25 35 21 9 31 134 5 57 97 22 56 128 92 102 26 32 13 106 90 103 62 63 72 88 4 108 54 79 15 86 142 98 71 38 28 77 87 67 34 117 27 147 124 51 115 50 59 6 93 3 126 2 132 55 10 121 99 110 127 29 45 49 80 144 43 141 58 109 145 83 14 33 44 52 107 53 94 37 61 114 1 105 136 119 8 89 101 135 123 96 74 7 138 12 39 91 73 16 11 81 30 46 17 48 0 19 20 111 120 85 75 69 131 133 68 113 112 137 148 70 122 125 104 64 100 40 143 60 36 41 76 146 65 129 82 118 95 78 47 
Coste: 642254418
Temperatura: 1.8154649999625683E8
Probabilidad de aceptación: 1.0
Movimiento: SI



ITERACION 17
Solucion:    5 139 66 116 149 18 84 42 24 23 140 130 25 35 21 9 31 47 134 57 97 22 56 128 92 102 26 32 13 106 90 103 62 63 72 88 4 108 54 79 15 86 142 98 71 38 28 77 87 67 34 117 27 147 124 51 115 50 59 6 93 3 126 2 132 55 10 121 99 110 127 29 45 49 80 144 43 141 58 109 145 83 14 33 44 52 107 53 94 37 61 114 1 105 136 119 8 89 101 135 123 96 74 7 138 12 39 91 73 16 11 81 30 46 17 48 0 19 20 111 120 85 75 69 131 133 68 113 112 148 137 70 122 125 104 64 100 40 143 60 36 41 76 146 65 129 82 118 95 78 
Coste: 639067557
Temperatura: 1.6339184999663115E8
Probabilidad de aceptación: 1.0
Movimiento: SI



ITERACION 18
Solucion:    134 5 139 66 116 149 18 84 42 24 23 140 130 25 35 21 9 31 78 47 57 97 22 56 128 92 102 26 32 13 106 90 103 62 63 72 88 4 108 54 79 15 86 142 98 71 38 28 77 87 67 34 117 27 147 124 51 115 50 59 6 93 3 126 2 132 55 10 121 99 110 127 29 45 49 80 144 43 141 58 109 145 83 14 33 44 107 52 53 94 37 61 114 1 105 136 119 8 89 101 135 123 96 74 7 138 12 39 91 73 16 11 81 30 46 17 48 0 19 20 111 120 85 75 69 131 133 68 113 112 148 137 70 122 125 104 64 100 40 143 60 36 41 76 146 65 129 82 118 95 
Coste: 641561361
Temperatura: 1.4705266499696803E8
Probabilidad de aceptación: 1.0
Movimiento: SI



ITERACION 19
Solucion:    47 134 5 139 66 116 149 18 84 42 24 23 140 130 25 35 21 9 31 95 78 57 97 22 56 128 92 102 26 32 13 106 90 103 62 63 72 88 4 108 54 79 15 86 142 98 71 38 28 77 87 67 34 117 27 147 124 51 115 50 59 6 93 3 126 2 132 55 10 121 99 110 127 29 45 49 80 144 43 141 58 109 145 83 14 33 44 107 52 53 94 37 61 114 1 105 136 119 8 89 101 135 123 96 74 7 138 12 39 91 73 16 11 81 30 46 17 48 0 19 20 111 120 85 75 69 131 133 68 113 112 148 137 70 122 125 104 64 100 40 143 60 36 76 41 146 65 129 82 118 
Coste: 643486269
Temperatura: 1.3234739849727122E8
Probabilidad de aceptación: 1.0
Movimiento: SI



ITERACION 20
Solucion:    78 47 134 5 139 66 116 149 18 84 42 24 23 140 130 25 35 21 9 31 118 95 57 97 22 56 128 92 102 26 32 13 106 90 103 62 63 72 88 4 108 54 79 15 86 142 98 71 38 28 77 87 67 34 117 27 147 124 51 115 50 59 6 93 3 126 2 132 55 10 121 99 110 127 29 45 49 80 144 43 141 58 109 145 83 14 33 44 107 52 53 94 37 61 114 1 105 136 119 8 89 101 135 123 96 74 7 138 12 39 91 73 16 11 81 30 46 17 48 0 19 20 111 120 85 75 69 131 133 68 113 112 148 137 70 122 125 104 64 100 40 143 60 36 76 41 146 65 129 82 
Coste: 643252616
Temperatura: 1.191126586475441E8
Probabilidad de aceptación: 1.0
Movimiento: SI



ITERACION 21
Solucion:    95 78 47 134 5 139 66 116 149 18 84 42 24 23 140 130 25 35 21 9 31 82 118 57 97 22 56 128 92 102 26 32 13 106 90 103 62 63 72 88 4 108 54 79 15 86 142 98 71 38 28 77 87 67 34 117 27 147 124 51 115 50 59 6 93 3 126 2 132 55 10 121 99 110 127 29 45 49 80 144 43 141 58 109 145 83 14 33 44 107 52 53 94 37 61 114 1 105 136 119 8 89 101 135 123 96 74 7 138 12 39 91 73 16 11 81 30 46 17 48 0 19 20 111 120 85 75 69 131 133 68 113 112 148 137 70 122 125 104 64 100 40 143 60 36 76 41 146 65 129 
Coste: 641549750
Temperatura: 1.0720139278278969E8
Probabilidad de aceptación: 1.0
Movimiento: SI



ITERACION 22
Solucion:    118 95 78 47 134 5 139 66 116 149 18 84 42 24 23 140 130 25 35 21 9 31 129 82 57 97 22 56 128 92 102 26 32 13 106 90 103 62 63 72 88 4 108 54 79 15 86 142 98 71 38 28 77 87 67 34 117 27 147 124 51 115 50 59 6 93 3 126 2 132 55 10 121 99 110 127 29 45 49 80 144 43 141 58 109 145 83 33 14 44 107 52 53 94 37 61 114 1 105 136 119 8 89 101 135 123 96 74 7 138 12 39 91 73 16 11 81 30 46 17 48 0 19 20 111 120 85 75 131 69 133 68 113 112 148 137 70 122 125 104 64 100 40 143 60 36 76 41 146 65 
Coste: 637428190
Temperatura: 9.648125350451073E7
Probabilidad de aceptación: 1.0
Movimiento: SI



ITERACION 23
Solucion:    82 118 95 78 47 134 5 139 66 116 149 18 84 42 24 23 140 130 25 35 21 9 31 65 129 57 97 22 56 128 92 102 26 32 13 106 90 103 62 63 72 88 4 108 54 79 15 86 142 98 71 38 28 77 87 67 34 117 27 147 124 51 115 50 59 6 93 3 126 2 132 55 10 121 99 110 127 29 45 49 80 144 43 141 58 109 145 83 33 14 44 107 52 53 94 37 61 114 1 105 136 119 8 89 101 135 123 96 74 7 138 12 39 91 73 16 11 81 30 46 17 48 0 19 20 111 120 85 75 131 69 133 68 113 112 148 137 70 122 125 104 64 100 40 143 60 36 76 41 146 
Coste: 638160830
Temperatura: 8.683312815405966E7
Probabilidad de aceptación: 1.0
Movimiento: SI



ITERACION 24
Solucion:    129 82 118 95 78 47 134 5 139 66 116 149 18 84 24 42 23 140 130 25 35 21 9 31 146 65 57 97 22 56 128 92 102 26 32 13 106 90 103 62 63 72 88 4 108 54 79 15 86 142 98 71 38 28 77 87 67 34 117 27 147 124 51 115 50 59 6 93 3 126 2 132 55 10 121 99 110 127 29 45 49 80 144 43 141 58 109 145 83 33 14 44 107 52 53 94 37 61 114 1 105 136 119 8 89 101 135 123 96 74 7 138 12 39 91 73 16 11 81 30 46 17 48 0 19 20 111 120 85 75 131 69 133 68 113 112 148 137 70 122 125 104 64 100 40 143 60 36 76 41 
Coste: 640720311
Temperatura: 7.81498153386537E7
Probabilidad de aceptación: 1.0
Movimiento: SI



ITERACION 25
Solucion:    65 129 82 118 95 78 47 134 5 139 66 116 149 18 84 24 42 23 140 130 25 35 21 9 31 41 146 57 97 22 56 128 92 102 26 32 13 106 90 103 62 63 72 88 4 108 54 79 15 86 142 98 71 38 28 77 87 67 34 117 27 147 124 51 115 50 59 6 93 3 126 2 132 55 10 121 99 110 127 29 45 49 80 144 43 141 58 109 145 83 33 14 44 107 52 53 94 37 61 114 1 105 136 119 8 89 101 135 123 96 74 7 138 12 39 91 73 16 11 81 30 46 17 48 0 19 20 111 120 85 75 131 69 133 68 113 112 148 137 70 122 125 104 64 100 40 143 60 36 76 
Coste: 639591606
Temperatura: 7.033483380478834E7
Probabilidad de aceptación: 1.0
Movimiento: SI



ITERACION 26
Solucion:    146 65 129 82 118 95 78 47 134 5 139 66 116 149 18 84 24 42 23 140 130 25 35 21 9 31 76 41 57 97 22 56 128 92 102 26 32 13 106 90 103 62 63 72 88 4 108 54 79 15 86 142 98 71 38 28 77 87 67 34 117 27 147 124 51 115 50 59 6 93 3 126 2 132 55 10 121 99 110 127 29 45 49 80 144 43 141 58 109 145 83 33 14 44 107 52 53 94 37 61 114 1 105 136 119 8 89 101 135 123 96 74 7 138 12 39 91 73 16 11 81 30 46 17 48 0 19 20 111 120 85 75 131 133 69 68 113 112 148 137 70 122 125 104 64 100 40 143 60 36 
Coste: 639334367
Temperatura: 6.330135042430951E7
Probabilidad de aceptación: 1.0
Movimiento: SI



ITERACION 27
Solucion:    41 146 65 129 82 118 95 78 47 134 5 139 66 116 149 18 84 24 42 23 140 130 25 35 21 9 31 36 76 57 97 22 56 128 92 102 26 32 13 106 90 103 62 63 72 88 4 108 54 79 15 86 142 98 71 38 28 77 87 67 34 117 27 147 124 51 115 50 59 6 93 3 126 2 132 55 10 121 99 110 127 29 45 49 80 144 43 141 58 109 145 83 33 14 44 107 52 53 94 37 61 114 1 105 136 119 8 89 101 135 123 96 74 7 138 12 39 91 73 16 11 81 30 46 17 48 0 19 20 120 111 85 75 131 133 69 68 113 112 148 137 70 122 125 104 64 100 40 143 60 
Coste: 638536218
Temperatura: 5.6971215381878555E7
Probabilidad de aceptación: 1.0
Movimiento: SI



ITERACION 28
Solucion:    76 41 146 65 129 82 118 95 78 47 134 5 139 66 116 149 18 84 24 42 23 140 130 25 35 21 9 31 60 36 57 97 22 56 128 92 102 26 32 13 106 90 103 62 63 72 88 4 108 54 79 15 86 142 98 71 38 28 77 87 67 34 117 27 147 124 51 115 50 59 6 93 3 126 2 132 55 10 121 99 110 127 29 45 49 80 144 43 141 58 145 109 83 33 14 44 107 52 53 37 94 61 114 1 105 136 119 8 89 101 135 123 96 74 7 138 12 39 91 73 16 11 81 30 46 17 48 0 19 20 120 111 85 75 131 133 69 68 113 112 148 137 70 122 125 104 64 100 143 40 
Coste: 633512949
Temperatura: 5.12740938436907E7
Probabilidad de aceptación: 1.0
Movimiento: SI



ITERACION 29
Solucion:    36 76 41 146 65 129 82 118 95 78 47 134 5 139 66 116 149 18 84 24 42 23 140 130 25 35 21 9 31 40 60 57 97 22 56 128 92 102 26 32 13 106 90 103 62 63 72 88 4 108 54 79 15 86 142 98 71 38 28 77 87 67 34 117 27 147 51 124 115 50 59 6 93 3 126 2 132 55 10 121 99 110 127 29 45 49 80 144 43 141 58 145 109 83 33 14 44 107 52 53 37 94 61 114 1 105 136 119 8 89 101 135 123 96 74 7 138 12 39 91 73 16 11 81 30 46 17 48 0 19 20 120 111 85 75 131 133 69 68 113 112 148 137 70 122 125 104 64 100 143 
Coste: 639927735
Temperatura: 4.614668445932163E7
Probabilidad de aceptación: 1.0
Movimiento: SI



ITERACION 30
Solucion:    60 36 76 41 146 65 129 82 118 95 78 47 134 5 139 66 116 149 18 84 24 42 23 140 130 25 35 21 9 31 143 40 57 97 22 56 128 92 102 26 32 13 106 90 103 62 63 72 88 4 54 108 79 15 86 142 98 71 38 28 77 87 67 34 117 27 147 51 124 115 50 59 6 93 3 126 2 132 55 10 121 99 110 127 29 45 49 80 144 43 141 58 145 109 83 33 14 44 107 52 53 37 94 61 114 1 105 136 119 8 89 101 135 123 96 74 7 12 138 39 91 73 16 11 81 30 46 17 48 0 19 20 120 111 85 75 131 133 69 68 113 112 148 137 70 122 125 104 64 100 
Coste: 638227237
Temperatura: 4.153201601338947E7
Probabilidad de aceptación: 1.0
Movimiento: SI



ITERACION 31
Solucion:    40 60 36 76 41 146 65 129 82 118 95 78 47 134 5 139 66 116 149 18 84 24 42 23 140 130 25 35 21 9 31 100 143 57 97 22 56 128 92 102 26 32 13 106 90 103 62 63 72 88 4 54 108 79 15 86 142 98 71 38 28 77 87 67 34 117 27 147 51 124 115 50 59 6 93 3 126 2 132 55 10 121 99 110 127 29 45 49 80 144 43 141 58 145 109 83 33 14 44 107 52 53 37 94 61 114 1 105 136 119 8 89 101 135 123 96 74 7 12 138 39 91 73 16 11 81 30 46 17 48 0 19 20 120 111 85 75 131 133 69 68 113 112 148 137 70 122 125 104 64 
Coste: 642412059
Temperatura: 3.737881441205052E7
Probabilidad de aceptación: 1.0
Movimiento: SI



ITERACION 32
Solucion:    143 40 60 36 76 41 146 65 129 82 118 95 78 47 134 5 139 66 116 149 18 84 24 42 23 140 130 25 35 21 9 31 64 100 57 97 22 56 128 92 102 26 32 13 106 90 103 62 63 72 88 4 54 108 15 79 86 142 98 71 38 28 77 87 67 34 117 27 147 51 124 115 50 59 6 93 3 126 2 132 55 10 121 99 110 127 29 45 49 80 144 43 141 58 145 109 83 33 14 44 107 52 53 37 94 61 114 1 105 136 119 8 89 101 135 123 96 74 7 12 138 39 91 73 16 11 81 30 46 17 48 0 19 20 120 111 85 75 131 133 69 68 113 112 148 137 70 122 125 104 
Coste: 634827369
Temperatura: 3.364093297084547E7
Probabilidad de aceptación: 1.0
Movimiento: SI



ITERACION 33
Solucion:    100 143 40 60 36 76 41 146 65 129 82 118 95 78 47 134 5 139 66 116 149 18 84 24 42 23 140 130 25 35 21 9 31 104 64 57 97 22 56 128 92 102 26 32 13 106 90 103 62 63 72 88 4 54 108 15 79 86 142 98 71 38 28 77 67 87 34 117 27 147 51 124 115 50 59 6 93 3 126 2 132 55 10 121 99 110 127 45 29 49 80 144 43 141 58 145 109 83 33 14 44 107 52 53 37 94 114 1 61 105 136 119 8 89 101 135 123 96 74 7 12 138 39 91 73 16 11 81 30 46 17 48 0 19 20 120 111 85 75 131 133 69 68 113 112 148 137 70 122 125 
Coste: 636237715
Temperatura: 3.027683967376092E7
Probabilidad de aceptación: 1.0
Movimiento: SI



ITERACION 34
Solucion:    64 100 143 40 60 36 76 41 146 65 129 82 118 95 78 47 134 5 139 66 116 149 18 84 24 42 23 140 130 25 35 21 9 31 125 104 57 97 22 56 128 92 102 26 32 13 106 90 103 62 63 72 88 4 54 108 15 79 86 142 98 71 38 28 77 67 87 34 117 27 147 51 124 50 115 59 6 93 3 126 2 132 55 10 121 99 110 127 45 29 49 80 144 43 141 58 145 109 83 33 14 44 107 52 53 37 94 114 1 61 105 136 119 8 89 101 135 123 96 74 7 12 138 39 91 73 16 11 81 30 46 17 48 0 19 20 120 111 85 75 131 133 69 113 68 112 148 137 70 122 
Coste: 635559757
Temperatura: 2.724915570638483E7
Probabilidad de aceptación: 1.0
Movimiento: SI



ITERACION 35
Solucion:    104 64 100 143 40 60 36 76 41 146 65 129 82 118 95 78 47 134 5 139 66 116 149 18 84 24 42 23 140 130 25 35 21 9 31 122 125 57 97 22 56 128 92 102 26 32 13 106 90 103 62 63 72 88 4 54 108 15 79 86 142 98 71 38 28 77 67 87 34 117 27 51 147 124 50 115 59 6 93 3 126 2 132 55 10 121 99 110 127 45 29 49 80 144 43 141 58 145 109 83 33 14 44 107 52 53 37 94 114 1 61 105 136 119 8 89 101 135 123 96 74 7 12 138 39 91 73 16 11 81 30 46 17 48 0 19 20 120 111 85 75 131 133 69 113 68 112 148 137 70 
Coste: 628811004
Temperatura: 2.452424013574635E7
Probabilidad de aceptación: 1.0
Movimiento: SI



ITERACION 36
Solucion:    125 104 64 100 143 60 40 36 76 41 146 65 129 82 118 95 78 47 134 5 139 66 116 149 18 84 24 42 23 140 130 25 35 21 9 31 70 122 57 97 22 56 128 92 102 26 32 13 106 90 103 62 63 72 88 4 54 108 15 79 86 142 98 71 38 28 77 67 87 34 117 27 51 147 124 50 115 59 6 93 3 126 2 132 55 10 121 99 110 127 45 29 49 80 144 43 141 58 145 109 83 33 14 44 107 52 53 37 94 114 1 61 105 136 119 8 89 101 135 123 96 74 7 12 138 39 91 73 16 11 81 30 46 17 48 0 19 120 20 111 85 75 131 133 113 69 68 112 148 137 
Coste: 631341505
Temperatura: 2.2071816122171715E7
Probabilidad de aceptación: 1.0
Movimiento: SI



ITERACION 37
Solucion:    122 125 104 64 100 143 60 40 36 76 41 146 65 129 82 118 95 78 47 134 5 139 66 116 149 18 84 24 42 23 140 130 25 35 21 9 31 137 70 57 97 22 56 128 92 102 26 32 13 106 90 103 62 63 72 88 4 54 108 15 79 86 142 98 71 38 28 77 67 87 34 117 27 51 147 124 50 115 59 6 93 3 126 2 132 55 10 121 99 110 127 45 29 49 80 144 43 141 58 145 109 83 33 14 44 107 52 53 37 94 114 1 61 105 136 119 8 89 101 135 123 96 74 7 12 138 39 91 73 16 11 81 30 46 17 48 0 19 120 20 111 85 75 131 133 113 68 69 112 148 
Coste: 631252451
Temperatura: 1.9864634509954546E7
Probabilidad de aceptación: 1.0
Movimiento: SI



ITERACION 38
Solucion:    70 122 125 104 64 100 143 60 40 36 76 41 146 65 129 82 118 95 78 47 134 5 139 66 116 149 18 84 24 42 23 140 130 25 35 21 9 31 148 137 57 97 22 56 128 92 102 26 32 13 106 90 103 62 63 72 88 4 54 108 15 79 86 142 98 38 71 28 77 67 87 34 117 27 51 147 124 50 115 59 6 93 3 126 2 132 55 10 121 99 110 127 45 29 49 80 144 43 141 58 145 109 83 33 14 44 107 52 53 37 94 114 1 61 105 136 119 8 89 101 135 123 96 74 7 12 138 39 91 73 16 11 81 30 46 17 48 0 19 120 20 111 85 75 131 133 113 68 69 112 
Coste: 630244013
Temperatura: 1.7878171058959093E7
Probabilidad de aceptación: 1.0
Movimiento: SI



ITERACION 39
Solucion:    137 70 122 125 104 64 100 143 60 40 36 76 41 146 65 129 82 118 95 78 47 134 5 139 66 116 149 18 84 24 42 23 140 130 25 35 21 9 31 112 148 57 97 22 56 128 92 102 26 32 13 106 90 103 62 63 72 88 4 54 15 108 79 86 142 98 38 71 28 77 67 87 34 117 27 51 147 124 50 115 59 6 93 3 126 2 132 55 10 121 99 110 127 45 29 49 80 144 43 141 58 109 145 83 33 14 44 107 52 53 37 94 114 1 61 105 136 119 8 89 101 135 123 96 74 7 12 138 39 91 73 16 11 81 30 46 17 48 0 19 120 20 111 85 75 131 133 113 68 69 
Coste: 628980869
Temperatura: 1.6090353953063184E7
Probabilidad de aceptación: 1.0
Movimiento: SI



ITERACION 40
Solucion:    148 137 70 122 125 104 64 100 143 60 40 36 76 41 146 65 129 82 118 95 78 47 134 5 139 66 116 149 18 84 24 42 23 140 130 25 35 21 9 31 69 112 57 97 22 56 128 92 102 26 13 32 106 90 103 62 63 72 88 4 54 15 108 79 86 142 98 38 71 28 77 67 87 34 117 27 51 147 124 50 115 59 6 93 3 126 2 132 55 10 121 99 110 127 45 29 49 80 144 43 141 58 109 145 83 33 14 44 107 52 53 37 94 114 1 61 105 136 119 8 89 101 135 123 96 74 7 12 138 91 39 73 16 11 81 30 46 17 0 48 19 120 20 111 85 75 131 133 113 68 
Coste: 626429940
Temperatura: 1.4481318557756865E7
Probabilidad de aceptación: 1.0
Movimiento: SI



ITERACION 41
Solucion:    112 148 137 70 122 125 104 64 100 143 60 40 36 76 41 146 65 129 82 118 95 78 47 134 5 139 66 116 149 18 84 24 42 23 140 130 25 35 21 9 31 68 69 57 97 22 56 128 92 102 26 13 32 106 90 103 62 63 72 88 4 54 15 108 79 86 142 98 38 71 28 77 67 87 34 117 27 51 147 124 50 115 59 6 93 3 126 2 55 132 10 121 99 110 127 45 29 49 80 144 43 141 58 109 145 83 33 14 44 107 52 53 37 94 114 1 61 105 136 119 8 89 101 135 123 96 74 7 12 138 91 39 73 16 11 81 30 46 17 0 48 19 120 20 85 111 75 131 133 113 
Coste: 628405000
Temperatura: 1.303318670198118E7
Probabilidad de aceptación: 1.0
Movimiento: SI



ITERACION 42
Solucion:    69 112 148 137 70 125 122 104 64 100 143 60 40 36 76 41 146 65 129 82 118 95 78 47 134 5 139 66 116 149 18 84 24 42 23 140 130 25 35 21 9 31 113 68 57 97 22 56 128 92 102 26 13 32 106 90 103 62 63 72 88 4 54 15 108 79 86 142 98 38 71 28 77 67 87 34 117 27 51 124 147 50 115 59 6 93 3 126 2 55 132 10 121 99 110 127 45 29 49 80 144 43 141 58 109 145 83 33 14 44 107 52 53 37 94 114 1 61 105 136 119 8 89 101 135 123 96 74 7 12 138 91 39 73 16 11 81 30 46 17 0 48 19 120 20 85 111 75 131 133 
Coste: 628601224
Temperatura: 1.1729868031783061E7
Probabilidad de aceptación: 1.0
Movimiento: SI



ITERACION 43
Solucion:    68 69 112 148 70 137 125 122 104 64 100 143 60 40 36 76 41 146 65 129 82 118 95 78 47 134 5 139 66 116 149 18 84 24 42 23 140 130 25 35 21 9 31 133 113 57 97 22 56 128 92 102 26 13 32 106 90 103 62 63 72 88 4 54 15 108 79 86 98 142 38 71 28 77 67 87 34 117 27 51 124 147 50 115 59 6 93 3 126 55 2 132 10 121 99 110 127 45 29 49 80 144 43 141 58 109 145 83 33 14 44 107 52 53 37 94 114 1 61 105 136 119 8 89 101 123 135 96 74 12 7 138 91 39 73 16 11 81 30 46 17 0 48 19 120 20 85 111 75 131 
Coste: 629721299
Temperatura: 1.0556881228604754E7
Probabilidad de aceptación: 1.0
Movimiento: SI



ITERACION 44
Solucion:    113 68 69 112 148 70 137 125 122 104 64 100 143 60 40 76 36 41 146 65 82 129 118 95 78 47 134 5 139 66 116 149 18 84 24 23 42 140 130 25 35 21 9 31 131 133 57 97 22 56 128 92 102 26 13 32 106 90 103 62 63 72 88 4 54 15 108 79 86 98 38 142 71 28 77 67 87 34 27 117 51 124 147 50 115 59 6 93 3 55 126 2 132 10 121 99 110 127 45 29 49 80 144 43 141 58 145 83 33 14 109 44 107 52 53 37 94 114 1 61 105 136 119 8 89 101 123 135 96 74 12 7 138 91 39 73 16 11 81 30 46 17 0 48 19 120 20 85 111 75 
Coste: 628320599
Temperatura: 9501193.10574428
Probabilidad de aceptación: 1.0
Movimiento: SI



ITERACION 45
Solucion:    133 113 68 69 112 148 70 137 125 104 122 64 100 143 60 76 40 36 41 146 65 82 129 118 95 78 47 134 5 139 66 116 149 18 84 24 23 42 140 130 25 35 21 9 31 75 131 57 97 22 56 128 92 102 26 13 32 106 90 103 62 63 72 88 4 54 15 108 79 86 98 38 142 71 28 77 67 87 34 27 117 51 124 147 50 115 59 6 93 3 55 126 2 132 10 121 99 110 127 45 29 49 80 144 43 141 58 145 83 33 14 109 44 107 52 53 37 94 114 1 105 61 136 119 8 89 101 123 135 96 74 12 7 138 91 39 73 11 16 81 30 46 17 0 48 19 120 20 85 111 
Coste: 627189774
Temperatura: 8551073.795169853
Probabilidad de aceptación: 1.0
Movimiento: SI



ITERACION 46
Solucion:    131 133 113 68 69 112 148 70 137 125 104 122 64 100 143 60 76 40 36 41 146 65 82 129 118 95 78 47 134 5 139 66 116 149 18 84 24 23 140 42 130 25 35 21 9 31 111 75 57 97 22 56 128 92 102 26 13 32 106 90 103 62 63 72 88 4 54 15 108 79 86 98 38 142 71 28 77 67 87 34 27 117 51 124 147 50 115 59 6 93 3 55 126 2 132 10 121 99 110 127 45 29 49 80 144 43 58 141 145 83 33 14 44 109 107 52 53 37 94 114 1 105 61 136 119 8 101 89 123 135 96 74 12 7 138 91 39 73 11 16 81 30 46 17 0 48 19 120 20 85 
Coste: 630583942
Temperatura: 7695966.415652867
Probabilidad de aceptación: 1.0
Movimiento: SI



ITERACION 47
Solucion:    75 131 133 113 68 69 112 148 70 137 125 104 122 64 100 143 60 76 40 36 41 146 65 82 129 118 95 78 47 134 5 139 66 116 149 18 84 24 23 140 42 25 130 35 21 9 31 85 111 57 97 22 56 128 92 102 26 13 32 106 90 103 62 63 88 72 4 54 15 108 79 86 98 38 142 71 28 77 67 87 34 27 51 117 124 147 50 115 59 6 93 55 3 126 2 132 10 121 99 110 127 45 29 49 80 144 43 58 145 141 83 33 14 44 109 52 107 53 37 94 114 1 105 61 136 119 8 101 89 123 135 96 74 12 7 138 91 39 73 11 16 81 30 46 17 0 48 19 120 20 
Coste: 625332963
Temperatura: 6926369.774087581
Probabilidad de aceptación: 1.0
Movimiento: SI



ITERACION 48
Solucion:    111 75 131 133 113 68 69 112 148 70 137 125 104 122 64 100 143 60 76 40 36 41 146 65 82 129 118 95 78 47 134 5 139 66 116 149 18 84 24 23 140 25 42 130 35 21 9 31 20 85 57 97 22 56 128 92 102 26 13 32 106 90 103 62 63 88 72 4 54 15 108 79 86 98 38 142 71 28 77 67 87 34 27 51 117 124 50 147 115 59 6 93 55 3 126 2 132 10 121 99 110 127 45 29 49 80 144 43 58 145 141 83 33 44 14 109 52 107 53 37 94 114 1 105 61 136 119 8 101 89 123 135 96 74 12 7 138 91 39 11 73 16 81 30 46 17 48 0 19 120 
Coste: 624960103
Temperatura: 6233732.7966788225
Probabilidad de aceptación: 1.0
Movimiento: SI



ITERACION 49
Solucion:    85 111 75 131 133 113 68 69 112 148 70 137 125 104 64 122 100 143 60 76 40 36 41 146 65 82 129 118 95 78 47 134 5 139 66 116 149 18 84 24 23 140 25 42 130 35 21 9 31 19 20 57 97 22 56 128 92 102 26 13 32 106 90 103 62 63 88 72 4 54 15 108 86 79 98 38 71 142 28 77 67 87 34 27 51 117 124 50 147 115 59 6 93 55 3 126 2 132 10 121 99 110 127 45 29 49 80 144 43 58 145 141 83 33 44 14 109 52 107 53 37 94 114 1 105 61 136 119 8 101 89 123 135 96 74 12 7 138 91 39 11 73 16 81 30 46 17 48 0 120 
Coste: 618256958
Temperatura: 5610359.51701094
Probabilidad de aceptación: 0.871508009311132
Movimiento: NO



ITERACION 50
Solucion:    20 85 111 75 131 133 68 113 69 112 148 70 125 137 104 64 100 143 122 60 76 40 36 41 146 65 82 129 118 95 78 47 134 5 66 139 116 149 18 84 24 23 140 25 42 130 35 21 31 9 120 19 57 97 22 56 128 92 102 26 13 32 106 90 103 62 63 88 72 4 54 15 108 86 79 98 38 71 142 28 77 67 87 34 27 51 117 124 50 147 115 59 6 93 55 3 126 2 132 10 121 99 110 127 45 29 49 80 144 43 58 145 141 83 44 33 14 52 109 107 53 37 94 114 1 105 61 136 119 8 101 89 123 135 96 74 12 7 138 91 39 11 73 81 16 30 46 17 48 0 
Coste: 614975191
Temperatura: 5049323.565309847
Probabilidad de aceptación: 1.0
Movimiento: SI



ITERACION 51
Solucion:    19 85 20 75 111 131 133 68 113 69 112 148 70 125 104 64 137 100 143 122 60 76 36 40 41 146 65 82 129 118 95 78 47 134 5 66 139 116 149 18 84 24 23 140 25 42 130 35 21 31 9 0 120 57 97 22 56 128 92 102 26 13 32 106 90 103 62 63 88 72 4 54 15 108 86 79 98 38 71 142 28 77 67 87 34 51 27 117 124 50 147 115 59 6 93 55 3 126 2 132 10 121 99 110 127 45 29 49 80 144 58 43 145 83 141 44 33 14 52 109 107 53 37 94 114 1 105 61 136 119 8 101 89 123 96 135 74 12 7 138 91 39 11 73 81 16 30 46 17 48 
Coste: 613750692
Temperatura: 4544391.208778862
Probabilidad de aceptación: 1.0
Movimiento: SI



ITERACION 52
Solucion:    120 19 85 20 75 131 111 133 68 113 69 112 148 70 125 104 64 137 100 143 60 122 76 36 40 146 41 65 82 118 129 95 78 47 134 5 66 116 139 149 18 84 24 23 140 25 42 130 35 21 31 9 48 0 57 97 22 56 128 92 102 26 32 13 106 90 103 62 63 88 72 4 54 15 108 86 79 98 38 71 28 77 67 142 87 51 34 27 117 124 50 147 115 59 6 93 55 3 126 2 132 10 121 99 127 45 110 29 49 80 144 58 43 145 83 44 141 33 14 52 109 107 53 37 94 114 1 105 61 136 119 8 101 89 96 123 74 135 12 7 138 91 39 11 73 81 30 46 16 17 
Coste: 613880131
Temperatura: 4089952.0879009757
Probabilidad de aceptación: 1.0
Movimiento: SI



ITERACION 53
Solucion:    0 120 19 85 20 75 131 111 133 68 113 112 69 148 70 125 104 64 137 100 143 60 76 122 36 40 146 41 65 82 118 129 95 78 47 134 5 66 116 139 18 149 84 24 23 140 25 42 130 35 21 31 9 17 48 57 97 22 56 128 92 102 26 32 13 106 90 103 62 63 88 72 4 54 15 108 86 79 98 38 71 28 77 67 142 87 51 34 117 27 124 50 147 115 59 6 93 55 3 126 2 132 10 121 99 127 45 110 29 49 144 80 58 43 145 83 44 141 33 14 52 109 107 53 37 94 114 1 105 61 136 119 8 101 89 96 74 123 12 135 7 138 91 39 11 73 81 30 46 16 
Coste: 614294468
Temperatura: 3680956.8791108783
Probabilidad de aceptación: 1.0
Movimiento: SI



ITERACION 54
Solucion:    48 120 0 19 85 20 75 131 133 111 68 112 113 69 148 70 104 125 64 100 143 137 60 76 122 36 40 146 41 65 118 82 129 95 78 47 134 5 66 116 139 18 149 84 24 23 140 25 42 130 35 21 31 9 16 17 57 97 22 128 56 92 102 26 32 13 106 90 103 62 63 72 88 54 4 15 108 86 98 38 79 71 28 77 67 142 87 51 34 117 27 50 124 147 115 59 6 93 55 3 126 2 132 10 121 99 127 45 110 29 49 144 80 58 43 145 83 44 141 33 14 52 109 107 53 37 114 1 94 105 61 119 136 8 101 89 96 74 123 12 7 138 91 135 39 73 11 81 30 46 
Coste: 613438794
Temperatura: 3312861.1911997907
Probabilidad de aceptación: 1.0
Movimiento: SI



ITERACION 55
Solucion:    17 120 48 0 19 85 75 20 131 133 111 68 112 113 148 69 70 104 125 64 100 143 137 60 76 122 36 40 146 41 118 65 82 129 78 47 95 134 5 66 116 139 18 149 84 24 23 140 25 42 130 35 21 31 9 46 16 57 97 22 56 128 92 102 26 32 13 106 90 103 62 63 72 88 54 4 15 108 86 98 38 79 71 28 77 67 87 51 34 142 117 50 27 124 147 115 59 6 93 55 3 2 132 126 10 121 127 99 45 110 29 49 144 80 58 43 145 44 83 141 14 33 52 109 107 53 37 114 1 94 105 61 119 8 136 101 89 96 74 123 12 7 91 138 39 73 135 81 11 30 
Coste: 610820840
Temperatura: 2981575.0720798117
Probabilidad de aceptación: 1.0
Movimiento: SI



ITERACION 56
Solucion:    16 120 17 48 0 19 75 85 20 133 131 111 68 112 113 148 69 104 70 125 100 64 143 137 60 76 36 122 146 40 118 41 65 82 129 78 47 95 134 5 66 116 139 18 149 84 24 23 140 25 42 130 35 21 31 9 11 46 57 97 22 56 128 92 102 26 32 13 106 90 103 62 63 72 88 54 15 108 4 86 98 38 79 71 28 77 67 87 51 34 142 117 50 27 124 147 115 59 6 93 55 3 2 132 10 121 126 127 45 99 110 29 49 144 80 58 43 145 44 83 141 14 52 33 109 107 53 37 114 1 94 105 119 61 8 101 136 89 96 74 123 12 91 7 138 39 73 81 135 30 
Coste: 610840834
Temperatura: 2683417.5648718304
Probabilidad de aceptación: 0.9042696762079021
Movimiento: NO



ITERACION 57
Solucion:    46 16 17 48 0 120 75 19 85 20 133 131 111 68 112 148 113 104 69 70 125 100 64 143 60 76 36 137 122 146 118 40 41 65 82 129 78 47 95 134 5 66 116 139 18 149 84 23 24 140 25 42 130 35 21 31 9 30 11 57 97 22 56 128 92 102 26 32 13 106 90 103 62 72 63 88 54 15 108 4 98 86 38 79 71 77 28 87 67 51 34 117 142 50 27 124 115 147 59 6 93 3 2 55 132 10 121 126 127 45 99 29 110 144 49 80 43 58 145 44 83 141 14 52 33 109 107 53 114 37 1 94 105 119 61 8 101 136 89 96 74 123 12 91 7 138 39 73 81 135 
Coste: 613605551
Temperatura: 2415075.8083846476
Probabilidad de aceptación: 1.0
Movimiento: SI



ITERACION 58
Solucion:    11 46 16 17 48 0 75 120 19 85 20 133 131 111 68 112 148 104 113 69 70 125 100 64 143 76 60 36 137 122 146 118 41 40 82 65 129 78 47 134 95 5 66 116 139 18 149 84 23 24 140 25 42 130 35 21 31 9 135 30 57 97 22 56 128 92 26 102 32 13 106 90 103 62 72 63 88 54 15 108 4 98 38 86 71 77 79 28 87 67 51 117 34 142 27 50 124 147 115 59 6 93 3 2 132 55 10 121 126 127 45 29 110 99 144 49 80 43 58 44 145 83 141 14 52 109 33 107 53 114 37 1 94 105 119 61 8 101 136 89 96 74 123 12 91 7 138 73 39 81 
Coste: 612699542
Temperatura: 2173568.227546183
Probabilidad de aceptación: 1.0
Movimiento: SI



ITERACION 59
Solucion:    30 11 16 17 46 48 0 75 120 19 85 20 133 131 111 112 68 104 148 69 70 113 100 125 143 76 60 36 64 137 122 146 118 41 40 82 65 129 47 78 134 95 5 66 116 139 18 149 84 23 24 140 25 42 130 35 21 31 9 81 135 57 97 22 128 56 92 26 102 32 13 106 90 103 72 63 62 88 54 15 108 4 38 98 86 71 77 79 28 87 67 51 117 34 142 27 50 147 115 124 59 6 93 3 2 132 55 10 121 126 127 45 29 110 99 144 49 80 43 58 44 83 145 141 14 52 109 33 107 53 114 37 1 94 105 119 61 8 101 136 89 96 74 12 91 7 123 138 73 39 
Coste: 614715730
Temperatura: 1956211.4047915647
Probabilidad de aceptación: 1.0
Movimiento: SI



ITERACION 60
Solucion:    135 30 16 11 17 46 48 0 75 120 85 19 133 131 20 112 68 104 111 148 69 70 100 113 125 143 76 60 64 36 137 122 146 118 41 40 82 65 129 47 78 134 95 66 5 139 18 116 149 84 23 24 140 25 130 42 21 35 31 9 39 81 57 97 128 22 56 92 26 102 32 13 106 90 103 72 63 88 54 62 15 108 38 4 98 86 77 71 28 79 87 67 51 117 34 27 142 50 147 115 124 59 6 93 3 2 132 55 10 121 126 127 45 29 110 99 144 49 80 43 58 44 83 141 145 14 52 109 33 53 114 37 107 1 94 105 119 61 8 101 89 136 96 74 91 12 7 138 123 73 
Coste: 618876764
Temperatura: 1760590.2643124082
Probabilidad de aceptación: 1.0
Movimiento: SI



ITERACION 61
Solucion:    81 135 30 16 17 11 46 0 48 75 85 120 19 131 133 112 68 104 20 111 148 69 70 100 125 143 113 76 60 64 36 122 137 146 118 41 40 82 65 129 47 134 78 95 66 5 139 18 116 84 149 23 24 140 25 130 21 42 31 35 9 123 39 57 97 128 22 56 92 26 102 32 106 13 90 103 72 88 54 63 62 15 38 108 4 98 86 77 28 71 79 67 51 87 34 27 117 142 50 147 115 124 59 6 93 3 132 55 2 10 121 126 127 45 110 29 99 144 49 80 58 43 44 83 141 145 14 52 109 33 114 53 37 107 1 94 105 61 119 8 101 89 136 74 91 12 96 7 138 73 
Coste: 617797438
Temperatura: 1584531.2378811673
Probabilidad de aceptación: 0.7591494824240654
Movimiento: NO



ITERACION 62
Solucion:    39 81 30 16 135 17 11 46 0 75 85 48 120 131 19 133 112 104 68 20 148 69 70 111 100 125 143 113 76 60 64 36 122 137 118 146 41 40 82 65 129 47 134 95 78 66 5 139 18 116 84 149 23 24 140 25 130 21 42 31 9 35 73 123 57 97 128 56 22 92 26 102 32 106 13 90 103 72 88 54 63 15 38 62 108 4 98 86 28 77 71 67 79 51 34 87 27 117 142 147 50 115 59 6 124 93 3 132 55 2 10 126 121 127 45 110 29 99 144 49 80 58 44 43 83 141 145 14 52 109 114 33 53 37 107 1 105 61 119 94 8 101 89 136 91 74 12 96 138 7 
Coste: 616443889
Temperatura: 1426078.1140930506
Probabilidad de aceptación: 1.0
Movimiento: SI



ITERACION 63
Solucion:    123 39 81 30 16 17 135 11 0 75 46 85 48 120 131 19 112 104 133 68 20 148 70 69 100 125 143 111 76 60 64 36 113 122 137 118 146 41 40 65 82 129 47 134 95 78 66 5 139 18 116 84 149 23 24 140 25 130 21 42 31 9 35 7 73 57 97 128 22 56 92 26 102 32 106 90 103 13 88 72 54 63 15 38 108 4 98 62 86 28 77 67 71 51 34 79 27 87 142 147 117 50 115 59 6 124 93 132 55 2 10 126 3 121 127 45 110 29 99 144 49 80 44 58 83 43 141 145 14 52 109 114 33 53 37 107 1 61 105 119 94 8 101 89 136 91 74 12 96 138 
Coste: 617275242
Temperatura: 1283470.3026837455
Probabilidad de aceptación: 1.0
Movimiento: SI



ITERACION 64
Solucion:    73 123 39 30 81 16 17 11 0 75 46 85 48 120 131 19 112 104 133 68 135 20 148 70 100 125 143 69 76 111 60 64 36 113 122 118 146 137 41 40 65 82 129 47 134 95 78 5 139 18 116 66 84 149 23 24 140 25 21 130 42 31 9 35 138 7 57 97 128 56 22 92 26 102 32 106 90 103 88 72 13 54 63 15 38 108 4 98 62 86 28 67 77 51 34 71 79 27 87 142 147 117 50 115 59 6 124 93 132 55 2 126 10 3 127 121 110 29 99 45 49 144 80 44 58 83 43 141 145 14 52 109 114 33 53 37 1 61 107 119 105 94 8 89 101 136 91 74 12 96 
Coste: 614399213
Temperatura: 1155123.272415371
Probabilidad de aceptación: 1.0
Movimiento: SI



ITERACION 65
Solucion:    7 73 123 39 30 81 16 17 0 75 46 85 48 120 131 19 112 104 133 68 11 20 148 70 100 125 143 69 76 111 135 60 64 36 113 118 146 137 122 41 65 40 82 129 47 134 95 5 139 78 18 116 66 84 149 24 23 140 25 21 130 42 9 31 35 96 138 57 128 97 56 22 92 102 26 32 106 90 103 88 72 13 54 63 15 38 108 98 4 62 28 67 86 77 51 34 71 27 79 142 87 147 117 115 50 59 124 93 132 55 6 2 126 10 3 127 121 110 29 99 45 49 80 144 44 58 83 43 141 145 14 52 109 114 33 37 1 61 53 107 105 119 94 8 89 101 91 136 74 12 
Coste: 608544675
Temperatura: 1039610.9451738339
Probabilidad de aceptación: 1.0
Movimiento: SI



ITERACION 66
Solucion:    138 73 7 39 30 81 16 17 0 75 123 85 48 120 131 19 112 104 133 68 46 20 148 11 100 70 125 143 76 111 69 135 64 60 36 118 146 113 137 122 41 65 82 129 40 47 134 95 5 139 18 116 66 78 84 149 24 140 25 23 21 130 42 9 31 35 12 96 57 128 97 56 22 92 102 26 32 106 103 88 72 90 54 63 15 38 108 13 98 62 28 67 4 77 51 86 34 71 27 79 142 147 87 115 117 50 59 124 93 132 55 2 6 10 126 3 127 121 110 29 45 99 80 49 44 144 58 83 43 141 145 14 52 109 114 37 33 1 61 53 107 105 119 94 8 89 91 101 136 74 
Coste: 602186825
Temperatura: 935649.8506564505
Probabilidad de aceptación: 1.0
Movimiento: SI



ITERACION 67
Solucion:    138 73 7 39 30 81 16 96 0 75 17 123 85 120 48 131 19 104 112 133 68 46 20 148 100 70 125 143 76 111 69 11 64 60 135 118 146 113 36 137 41 65 82 122 129 47 134 40 95 5 139 18 116 66 78 84 149 24 140 25 23 21 130 42 9 31 35 74 12 57 128 56 97 22 92 26 102 32 106 103 88 72 54 63 15 38 90 108 13 98 28 67 62 4 51 77 86 34 27 71 79 142 147 87 115 50 117 59 124 132 55 93 2 6 10 126 3 127 121 110 45 99 80 29 49 44 144 58 83 43 141 145 52 109 14 114 37 1 61 53 33 107 119 94 8 105 91 89 101 136 
Coste: 601849974
Temperatura: 842084.8655908054
Probabilidad de aceptación: 1.0
Movimiento: SI



ITERACION 68
Solucion:    12 73 138 7 30 39 81 16 96 0 75 17 85 120 123 131 48 104 112 133 68 19 20 148 100 70 125 143 76 46 111 69 64 11 60 118 146 113 36 137 41 65 82 122 129 47 134 40 95 5 139 18 116 66 78 84 149 24 140 135 25 23 21 130 42 9 31 35 136 57 74 56 128 97 22 26 102 92 106 32 103 88 72 54 15 38 63 108 13 98 28 67 90 62 4 51 77 34 27 86 71 79 142 147 115 87 50 59 124 117 55 132 93 2 6 10 126 127 3 121 110 45 99 80 29 49 44 58 144 83 141 43 145 52 109 114 14 37 1 61 33 53 119 94 107 8 91 105 89 101 
Coste: 591772847
Temperatura: 757876.3790317249
Probabilidad de aceptación: 1.0
Movimiento: SI



ITERACION 69
Solucion:    57 12 138 73 30 39 81 7 16 0 75 17 85 120 123 131 48 104 112 133 68 19 20 148 100 70 125 96 76 143 46 111 64 69 60 118 146 113 36 11 41 65 82 122 129 137 47 134 40 95 5 139 116 18 78 66 84 149 24 135 25 140 21 23 130 42 9 31 35 105 136 74 56 128 22 26 97 102 92 106 32 103 88 72 54 15 38 63 108 98 28 67 90 13 62 4 51 34 27 77 71 79 142 147 115 87 50 59 124 117 55 132 93 2 6 10 86 127 126 121 3 45 110 80 99 49 44 58 29 144 83 141 43 145 109 52 14 114 37 1 33 53 119 61 94 107 91 8 89 101 
Coste: 586465021
Temperatura: 682088.7411285524
Probabilidad de aceptación: 0.288725682036109
Movimiento: NO



ITERACION 70
Solucion:    136 57 12 138 30 39 81 73 16 7 75 0 85 120 123 131 48 104 112 133 68 17 20 148 19 100 125 70 76 143 46 111 64 69 96 118 146 113 60 36 41 65 82 11 129 122 47 137 40 95 5 139 116 18 78 134 84 66 149 24 135 25 140 23 130 21 42 9 31 35 101 105 74 56 128 26 22 97 102 92 106 32 103 88 54 15 38 72 63 108 28 98 67 90 62 13 4 51 27 34 71 77 79 142 115 147 50 87 59 124 55 117 132 93 2 6 10 86 127 121 126 45 3 110 80 49 44 58 99 29 144 83 141 145 109 43 52 14 114 37 1 53 119 33 61 94 107 91 8 89 
Coste: 582357750
Temperatura: 613879.8670156972
Probabilidad de aceptación: 1.0
Movimiento: SI



ITERACION 71
Solucion:    136 105 57 12 30 39 138 81 16 73 75 0 85 120 7 131 48 104 112 133 123 68 17 148 20 100 125 70 76 143 19 111 64 69 96 118 146 113 46 36 60 41 82 65 129 122 47 137 40 95 11 139 116 18 5 78 84 66 134 149 24 135 25 140 130 23 21 42 9 31 101 107 74 35 56 26 128 97 102 22 92 106 103 32 54 15 38 88 63 72 28 108 98 67 90 13 62 4 51 27 34 71 77 142 79 115 147 50 59 124 55 87 132 93 2 117 10 6 127 121 86 45 3 110 80 126 44 58 49 99 144 29 83 145 141 109 43 52 14 114 37 1 53 119 33 94 61 91 8 89 
Coste: 574151633
Temperatura: 552491.8803141274
Probabilidad de aceptación: 0.05355376045382437
Movimiento: NO



ITERACION 72
Solucion:    136 74 57 12 30 105 39 138 16 81 75 0 85 120 73 131 7 104 112 133 48 68 17 123 148 100 20 125 76 143 70 111 64 19 96 118 146 113 69 36 60 41 82 65 129 122 47 137 40 95 46 139 116 18 5 78 84 66 134 11 149 24 135 25 140 130 23 21 42 9 31 101 33 35 56 26 128 97 102 22 92 106 103 107 54 15 38 88 63 72 28 108 98 67 90 13 62 32 4 27 34 71 51 142 79 115 77 147 50 124 55 59 87 132 93 2 10 117 6 127 121 86 45 3 80 110 44 126 58 49 144 99 83 145 29 141 43 109 52 14 37 114 1 53 119 94 61 91 8 89 
Coste: 569908866
Temperatura: 497242.6922827147
Probabilidad de aceptación: 0.01653908166393778
Movimiento: NO



ITERACION 73
Solucion:    35 136 74 57 30 12 105 138 16 39 75 0 85 120 81 131 73 104 112 133 48 68 17 7 148 100 123 125 76 143 70 111 64 19 96 118 146 113 20 69 36 41 82 60 129 65 122 137 40 95 47 139 116 18 5 78 84 66 134 46 11 24 149 135 25 140 130 23 21 42 9 31 101 61 56 26 128 97 102 22 92 106 103 107 54 15 38 88 63 72 28 108 98 33 67 90 13 62 32 27 34 71 4 51 142 79 115 147 50 77 124 55 59 132 87 93 2 10 117 127 121 86 45 3 80 110 44 126 58 6 49 144 83 145 99 29 43 141 109 52 37 14 114 1 119 94 53 91 8 89 
Coste: 564612318
Temperatura: 447518.42305444326
Probabilidad de aceptación: 0.04562065596849535
Movimiento: NO



ITERACION 74
Solucion:    56 35 136 74 57 30 12 138 16 105 75 39 85 120 81 131 0 104 112 133 48 73 17 68 7 100 148 123 76 143 125 111 64 70 19 118 146 96 113 20 69 36 82 41 129 60 65 137 40 95 122 139 47 18 116 5 84 66 134 46 11 78 149 135 24 140 25 130 23 42 9 31 101 61 91 21 26 128 97 102 22 106 103 92 54 15 38 107 63 72 28 108 88 98 33 67 13 90 62 27 34 32 71 51 4 142 79 115 147 50 77 55 124 59 132 93 87 2 10 127 117 86 121 45 3 80 44 110 126 58 6 144 49 83 145 29 43 141 99 52 37 109 114 14 1 119 94 53 8 89 
Coste: 557138740
Temperatura: 402766.58074899897
Probabilidad de aceptación: 0.19002171517195307
Movimiento: NO



ITERACION 75
Solucion:    56 35 21 136 74 57 30 12 138 16 75 39 85 120 81 131 0 104 112 133 48 73 17 68 7 100 148 123 76 143 125 111 64 70 19 118 146 96 113 20 69 105 82 41 129 60 36 137 40 95 122 139 47 18 116 5 84 65 134 46 11 78 149 135 66 140 24 130 23 42 9 25 31 61 101 8 26 91 128 97 22 102 106 103 54 92 15 38 107 63 72 28 88 108 33 98 67 90 13 62 34 32 71 51 4 142 79 27 147 50 115 77 124 55 59 132 93 87 10 127 2 86 121 45 3 80 44 110 126 117 6 144 49 58 83 29 43 145 141 99 37 52 114 14 1 119 94 53 109 89 
Coste: 551251734
Temperatura: 362489.9226740991
Probabilidad de aceptación: 0.47131798247581086
Movimiento: NO



ITERACION 76
Solucion:    56 35 21 136 74 26 30 57 138 12 75 39 16 120 85 81 131 104 112 0 133 48 17 73 7 100 68 148 76 143 125 123 111 70 64 118 146 96 113 20 69 19 82 41 129 60 36 137 105 40 95 139 47 122 18 5 116 84 134 46 11 78 149 135 65 66 140 24 23 42 9 130 31 61 101 25 89 91 8 128 97 22 102 103 106 54 92 15 38 107 63 72 88 28 108 33 67 90 98 13 34 62 32 71 51 142 4 79 147 50 115 77 124 55 59 132 93 27 87 127 10 86 2 45 3 121 44 80 126 110 6 144 49 117 83 29 43 145 58 99 37 141 114 14 52 119 1 53 94 109 
Coste: 545895013
Temperatura: 326240.9304066892
Probabilidad de aceptación: 1.0
Movimiento: SI



ITERACION 77
Solucion:    56 35 21 91 136 74 26 57 30 138 12 75 39 120 16 81 131 104 85 112 0 133 17 48 7 100 68 148 76 143 125 73 123 70 111 118 146 96 113 20 69 64 82 41 129 60 19 137 36 40 95 139 47 122 18 5 105 116 134 46 11 78 149 135 65 84 140 24 23 42 9 66 31 61 130 101 25 109 89 128 8 97 102 22 103 106 54 92 15 38 107 63 72 88 28 33 108 90 98 67 34 62 13 71 51 142 32 79 147 50 4 77 124 55 115 132 59 93 27 127 87 86 10 45 3 2 44 121 126 80 6 144 49 117 83 29 43 145 110 99 37 58 141 14 114 119 1 53 94 52 
Coste: 540251659
Temperatura: 293616.83736602025
Probabilidad de aceptación: 1.0
Movimiento: SI



ITERACION 78
Solucion:    89 56 21 91 136 74 26 57 30 138 12 75 39 120 35 81 131 104 16 112 85 0 17 133 48 100 7 68 76 143 125 148 123 70 111 118 146 96 113 20 69 64 82 41 129 60 19 137 73 36 95 139 47 40 18 122 5 105 134 46 11 116 149 135 78 65 84 140 23 42 9 24 31 61 66 101 25 130 58 109 128 8 97 102 103 106 22 92 15 54 38 107 72 63 88 33 28 90 108 67 98 34 62 71 51 142 32 79 147 50 4 77 124 55 115 132 59 93 27 127 87 86 10 45 3 2 44 121 126 13 6 80 144 49 83 29 43 117 145 110 99 37 141 14 114 119 1 53 94 52 
Coste: 535104237
Temperatura: 264255.15362941823
Probabilidad de aceptación: 0.5713817701262874
Movimiento: NO



ITERACION 79
Solucion:    89 56 21 91 136 74 26 57 30 138 12 75 39 120 35 81 131 104 16 112 85 0 17 133 48 100 7 68 76 143 125 148 123 70 111 118 146 96 113 20 69 64 82 41 129 60 109 137 19 36 95 139 47 73 18 40 5 122 134 46 11 116 149 135 78 65 105 140 23 42 9 84 24 31 61 66 25 101 58 110 130 8 128 97 102 103 106 22 92 15 38 54 72 63 107 33 88 28 90 67 108 34 98 71 51 142 32 79 147 62 50 77 124 55 4 132 115 59 27 127 93 87 86 45 3 10 44 121 126 2 6 13 144 80 83 29 43 49 117 145 99 37 141 14 114 119 1 53 94 52 
Coste: 531461543
Temperatura: 237829.63826647642
Probabilidad de aceptación: 0.08317771243702926
Movimiento: NO



ITERACION 80
Solucion:    130 89 21 56 136 74 26 57 30 138 91 12 75 120 39 81 131 104 16 112 85 0 17 133 48 100 7 68 76 143 125 148 123 70 111 118 146 96 113 20 69 64 82 41 129 60 109 137 19 36 95 139 47 73 18 40 5 122 134 46 11 116 149 135 78 65 105 140 23 42 9 35 24 31 61 66 84 25 101 58 52 8 128 110 97 103 106 102 92 15 22 38 72 54 107 33 63 88 90 67 28 34 108 71 98 142 32 79 147 51 50 77 124 55 4 132 115 62 27 127 93 87 86 45 3 10 44 121 126 2 6 13 144 80 83 29 43 49 117 59 99 145 141 14 114 119 1 53 94 37 
Coste: 524961973
Temperatura: 214046.67443982878
Probabilidad de aceptación: 1.0
Movimiento: SI



ITERACION 81
Solucion:    130 89 21 56 136 74 26 57 30 138 8 12 75 120 39 81 91 104 131 112 85 0 17 133 48 100 7 68 76 143 16 148 123 70 111 118 146 96 113 20 69 64 82 41 129 60 109 137 125 36 19 139 47 95 18 40 5 73 134 46 122 116 149 135 78 65 105 140 23 42 9 11 24 31 61 66 35 25 84 101 58 37 52 128 110 97 103 102 106 92 22 15 72 54 107 33 63 88 90 67 28 34 38 108 71 142 98 32 147 79 50 51 124 55 4 132 77 115 27 127 93 87 86 45 3 10 44 121 126 2 6 62 13 80 144 29 83 43 49 117 99 145 141 14 59 119 1 53 94 114 
Coste: 523102089
Temperatura: 192642.0069958459
Probabilidad de aceptación: 1.0
Movimiento: SI



ITERACION 82
Solucion:    130 52 21 56 136 74 26 57 30 138 8 12 75 120 39 81 89 104 91 112 85 0 17 133 48 100 131 68 76 143 7 148 123 70 111 118 146 96 113 20 69 64 82 41 129 60 109 137 125 36 19 139 47 16 18 40 5 73 134 46 122 116 149 135 78 65 105 140 23 42 9 11 24 31 61 66 95 35 25 84 58 101 141 37 128 110 97 103 102 106 22 92 72 54 107 15 33 88 63 67 28 34 38 90 108 142 98 32 147 71 50 79 124 51 55 4 132 77 27 127 93 87 86 45 3 115 44 121 126 10 6 2 62 80 144 29 83 43 49 117 99 13 145 14 59 119 1 53 94 114 
Coste: 520129150
Temperatura: 173377.80629626132
Probabilidad de aceptación: 0.37492219586048514
Movimiento: NO



ITERACION 83
Solucion:    37 130 52 21 56 74 26 57 30 138 8 12 75 120 39 81 89 104 91 112 85 0 17 133 136 100 131 68 76 143 48 7 148 70 111 118 146 96 113 20 69 64 82 123 129 60 41 137 125 36 19 139 47 109 18 16 5 40 134 46 122 116 149 135 78 65 105 140 23 42 9 73 24 31 61 11 95 66 35 84 25 58 101 59 141 128 110 97 103 106 102 92 72 54 107 15 22 33 88 63 67 34 38 28 90 142 108 98 147 71 50 79 124 51 55 4 132 77 27 127 93 87 86 32 3 45 44 121 126 10 6 2 115 80 144 29 83 43 49 117 99 13 145 14 62 119 1 53 94 114 
Coste: 512130811
Temperatura: 156040.0256666352
Probabilidad de aceptación: 0.09123396905868247
Movimiento: NO



ITERACION 84
Solucion:    141 130 52 21 37 74 26 57 30 138 56 12 75 120 39 81 89 104 91 112 8 0 17 133 85 100 131 68 76 143 136 48 148 70 111 118 146 96 113 20 69 64 82 123 129 60 41 137 125 36 7 139 47 19 18 16 5 40 134 46 122 116 149 135 78 65 105 140 23 42 9 73 24 31 61 109 95 66 11 84 25 58 35 59 62 101 128 110 97 103 102 106 92 72 54 107 22 33 88 15 63 34 38 67 90 142 108 98 147 71 50 28 124 51 55 79 132 77 27 127 93 87 86 4 3 45 44 121 126 32 6 2 10 80 144 29 83 43 49 117 99 115 13 14 145 119 1 53 94 114 
Coste: 503992615
Temperatura: 140436.02309997167
Probabilidad de aceptación: 0.006561253868314252
Movimiento: NO



ITERACION 85
Solucion:    101 130 52 21 37 74 26 57 30 138 56 12 75 120 39 81 89 104 91 112 8 0 17 133 141 100 131 68 76 143 85 48 136 70 111 118 146 96 113 20 69 64 82 148 129 60 41 123 125 36 137 139 47 7 18 19 5 40 134 46 122 16 149 135 78 65 116 140 23 42 9 73 24 31 61 109 105 95 66 11 25 84 58 59 35 145 62 110 128 97 103 102 92 72 54 107 22 106 88 33 15 34 38 63 90 142 108 98 147 71 50 28 124 51 55 67 132 77 27 127 93 87 86 4 3 79 44 121 126 45 6 2 10 80 144 29 32 43 49 117 99 83 13 14 115 119 1 53 94 114 
Coste: 499558024
Temperatura: 126392.42078997451
Probabilidad de aceptación: 0.008764547637617491
Movimiento: NO



ITERACION 86
Solucion:    101 130 52 62 37 74 26 57 30 138 56 12 75 120 39 81 89 104 91 112 8 0 17 133 21 100 131 68 76 143 141 48 85 70 111 118 146 136 113 20 69 64 82 148 129 60 41 123 125 36 137 139 96 7 18 47 5 40 134 46 122 19 149 16 78 65 116 140 23 135 9 73 24 31 61 109 42 95 105 66 25 11 84 59 35 58 115 145 110 128 97 103 102 72 92 54 22 107 88 33 15 34 38 63 106 142 90 108 147 71 50 98 124 51 55 28 132 67 27 127 93 87 86 4 3 79 44 121 126 77 6 2 45 80 144 29 10 43 49 117 99 32 13 14 83 119 1 53 94 114 
Coste: 491576952
Temperatura: 113753.17871097707
Probabilidad de aceptación: 0.11133627039539214
Movimiento: NO



ITERACION 87
Solucion:    101 130 52 145 37 74 26 57 30 138 56 12 75 120 39 81 89 104 91 112 8 0 17 133 21 100 131 68 76 143 62 48 141 70 111 118 146 136 113 85 69 64 82 148 129 60 41 123 125 36 137 139 20 96 7 18 5 40 47 46 122 19 149 134 78 16 116 140 23 65 9 73 24 31 61 135 42 95 109 66 105 11 25 59 35 84 115 10 58 110 128 97 102 72 92 103 22 54 88 107 33 34 15 63 38 142 106 108 90 71 50 98 124 51 55 28 132 67 27 127 93 87 86 4 3 79 44 121 126 77 6 2 45 80 144 29 147 43 49 117 99 32 13 14 83 119 1 53 94 114 
Coste: 485778979
Temperatura: 102377.86083987936
Probabilidad de aceptación: 0.008025940682428458
Movimiento: NO



ITERACION 88
Solucion:    101 130 58 52 145 37 26 57 30 74 138 56 12 75 39 120 89 104 91 112 8 0 17 133 81 100 131 68 76 143 62 48 141 70 111 118 146 136 113 21 69 64 82 148 129 60 41 123 125 36 85 139 137 20 96 18 5 40 47 46 122 19 149 134 78 16 116 140 23 65 9 73 24 31 61 135 7 95 109 66 42 105 11 59 25 35 84 10 147 115 110 128 102 72 92 103 22 54 88 107 33 34 15 63 38 142 106 108 90 71 50 98 124 51 55 28 132 67 27 127 93 87 86 4 3 79 44 121 126 77 6 2 97 80 144 29 45 43 49 117 99 32 13 14 83 119 1 53 94 114 
Coste: 482558874
Temperatura: 92140.07475589143
Probabilidad de aceptación: 6.514934377914579E-4
Movimiento: NO



ITERACION 89
Solucion:    101 130 58 52 115 145 26 57 30 37 74 138 56 75 39 12 89 104 120 112 91 0 17 133 81 100 131 68 76 143 62 48 8 70 141 118 146 136 111 21 69 64 82 148 129 60 41 113 125 36 123 139 85 137 20 18 5 40 96 46 122 19 149 134 78 16 116 140 23 65 9 73 24 31 61 135 47 7 109 66 95 42 11 59 105 35 25 84 10 45 147 110 102 72 92 128 103 54 88 107 33 34 15 63 38 142 106 108 90 71 50 98 124 51 55 28 132 67 27 127 93 87 86 4 3 79 44 121 126 77 6 2 97 80 144 29 22 43 49 117 99 32 13 14 83 119 1 53 94 114 
Coste: 478480470
Temperatura: 82926.06728030229
Probabilidad de aceptación: 0.005310146903833952
Movimiento: NO



ITERACION 90
Solucion:    101 130 147 52 58 115 26 57 30 145 74 37 56 75 39 138 89 104 12 112 120 0 17 91 81 100 131 133 76 143 62 48 8 70 68 118 146 141 136 21 69 64 82 111 129 60 41 113 125 36 148 139 85 137 20 18 5 40 123 46 122 19 149 134 78 16 116 140 23 65 9 73 24 31 61 96 47 135 109 7 95 66 42 59 11 35 105 84 10 25 22 45 102 72 92 110 103 54 88 128 33 34 15 63 38 142 106 108 107 71 50 98 124 51 55 28 132 90 27 127 93 67 86 87 3 79 44 121 126 4 6 2 97 77 144 29 80 43 49 117 99 32 13 14 83 119 1 53 94 114 
Coste: 472743556
Temperatura: 74633.46055227207
Probabilidad de aceptación: 4.948590495759249E-4
Movimiento: NO



ITERACION 91
Solucion:    101 130 147 52 58 115 26 57 30 145 74 37 45 75 39 138 89 104 12 112 120 0 17 91 81 100 131 133 76 143 62 48 8 70 68 118 146 141 136 21 69 64 82 111 129 60 41 113 125 36 148 139 85 137 20 18 5 40 123 46 122 19 149 134 78 16 116 140 23 65 9 73 24 31 61 56 96 135 109 47 95 7 42 59 66 35 11 105 84 10 25 22 102 72 92 110 103 54 88 128 33 34 15 63 38 142 106 108 107 71 50 98 124 51 55 28 132 90 27 127 93 67 86 87 3 79 44 121 126 4 6 2 97 77 144 29 80 43 49 117 99 32 13 14 83 119 1 53 94 114 
Coste: 472534638
Temperatura: 67170.11449704487
Probabilidad de aceptación: 1.3281225613061653E-4
Movimiento: NO



ITERACION 92
Solucion:    101 130 147 52 58 115 26 57 30 145 74 37 45 75 102 138 89 104 39 12 120 112 0 91 81 100 131 133 76 143 62 48 8 70 68 118 146 17 136 141 69 64 82 21 111 129 60 41 113 36 125 139 148 85 137 18 20 5 40 46 122 19 149 134 78 16 116 140 23 65 9 73 24 31 61 56 96 135 123 47 95 7 42 59 66 35 11 105 84 10 25 22 99 72 109 92 110 103 54 88 128 34 33 63 15 38 106 108 142 71 50 98 124 51 55 107 132 90 27 127 93 67 86 87 3 79 44 121 126 4 6 2 97 77 144 29 28 43 49 117 80 32 13 14 83 119 1 53 94 114 
Coste: 467240169
Temperatura: 60453.10304734038
Probabilidad de aceptación: 7.547374199648606E-14
Movimiento: NO



ITERACION 93
Solucion:    101 130 147 52 58 115 26 57 30 145 74 37 45 75 102 138 89 104 72 39 120 112 0 91 81 100 131 133 76 143 62 48 8 70 12 118 146 68 136 141 69 64 82 17 111 21 60 41 113 36 125 139 129 148 137 18 20 5 85 46 122 19 149 134 78 16 116 140 23 65 9 73 24 31 61 56 96 135 123 47 95 7 42 59 66 35 11 105 40 10 25 22 99 43 109 92 84 110 103 54 88 128 34 63 33 15 106 38 108 71 50 98 124 51 55 142 107 132 27 90 93 127 86 87 3 79 44 121 67 126 6 2 97 77 144 4 29 28 49 117 80 32 13 14 83 119 1 53 94 114 
Coste: 462582208
Temperatura: 54407.79274260635
Probabilidad de aceptación: 3.6227631010740156E-10
Movimiento: NO



ITERACION 94
Solucion:    109 101 147 52 58 115 26 57 30 145 74 37 45 130 102 138 89 104 75 72 39 112 120 0 91 100 131 133 76 143 62 48 8 70 81 118 146 12 136 141 68 64 82 69 17 21 60 41 113 36 111 125 139 129 148 137 18 5 85 46 20 19 149 134 78 16 122 140 23 65 9 116 24 31 61 56 96 135 123 47 95 7 73 59 42 66 11 35 105 10 40 25 22 99 127 92 43 110 84 54 103 88 128 63 33 15 106 38 108 71 50 98 124 51 55 142 107 132 27 90 93 34 86 87 3 79 44 121 67 126 6 2 97 77 144 4 29 28 49 117 80 32 13 14 83 119 1 53 94 114 
Coste: 456732814
Temperatura: 48967.013468345715
Probabilidad de aceptación: 2.7342843688243195E-9
Movimiento: NO



ITERACION 95
Solucion:    109 101 147 52 58 115 26 57 30 92 74 37 45 145 102 138 89 104 130 75 72 39 120 0 91 100 131 133 76 143 62 48 8 70 112 118 146 81 136 141 68 64 82 69 12 17 60 41 113 36 21 125 139 111 129 137 148 18 85 46 20 19 149 134 78 16 122 140 23 65 9 116 24 31 61 56 96 135 5 47 95 7 73 59 42 66 11 35 123 10 105 25 40 22 99 63 127 110 43 84 54 88 103 128 33 15 106 38 108 71 50 98 124 51 55 142 107 132 27 90 93 34 86 87 3 79 44 121 67 126 6 2 97 77 144 4 29 28 49 117 80 32 13 14 83 119 1 53 94 114 
Coste: 452522736
Temperatura: 44070.312121511146
Probabilidad de aceptación: 2.11637518388794E-12
Movimiento: NO



ITERACION 96
Solucion:    109 101 147 52 58 115 26 57 30 92 74 37 45 145 102 138 89 104 130 127 72 75 120 0 39 91 131 100 76 143 62 48 8 70 112 118 146 81 136 141 133 64 82 69 12 17 68 60 41 113 36 125 21 139 129 137 111 148 85 18 46 19 149 134 20 16 78 140 23 65 9 116 24 31 61 122 96 135 5 47 95 7 73 59 42 66 11 35 123 10 105 25 40 56 22 99 28 110 63 43 84 54 103 128 33 15 106 38 108 71 50 98 124 51 55 142 88 132 27 107 90 93 86 87 3 79 44 121 34 67 6 126 97 77 144 4 29 2 49 117 80 32 13 14 83 119 1 53 94 114 
Coste: 448304755
Temperatura: 39663.28090936003
Probabilidad de aceptación: 9.541530626377361E-8
Movimiento: NO



ITERACION 97
Solucion:    109 101 147 52 58 115 26 57 30 92 74 110 45 37 102 138 89 104 145 130 72 127 120 75 0 39 131 100 76 143 62 91 8 70 48 118 146 81 136 141 112 64 82 69 12 133 68 60 41 17 36 125 113 21 139 137 111 148 85 18 46 19 149 134 20 16 78 140 23 65 9 116 24 31 61 122 96 135 5 47 95 7 73 59 42 66 11 35 123 10 105 25 40 56 22 99 28 80 63 43 84 54 103 128 33 15 106 38 108 71 50 98 124 51 55 142 88 132 27 107 90 93 86 87 3 79 44 121 34 67 6 126 97 77 144 4 29 2 49 117 129 32 13 14 83 119 1 53 94 114 
Coste: 446117485
Temperatura: 35696.952818424026
Probabilidad de aceptación: 3.3630927977961604E-9
Movimiento: NO



ITERACION 98
Solucion:    109 101 147 52 58 115 26 57 30 92 74 110 45 37 102 138 89 104 145 130 72 63 120 75 127 39 131 100 76 143 62 91 8 70 48 118 146 0 136 141 81 64 82 69 112 12 68 60 41 133 17 125 36 113 21 137 139 148 85 18 46 19 149 134 20 16 78 140 23 65 9 116 24 31 61 111 96 135 5 47 95 7 73 59 42 66 11 35 122 10 105 123 40 25 56 22 99 28 53 43 84 54 103 128 33 15 106 38 108 80 50 98 124 51 55 142 71 132 27 107 90 88 86 87 3 79 44 121 93 67 6 126 97 77 144 4 29 34 49 117 129 32 13 14 83 119 1 2 94 114 
Coste: 443400830
Temperatura: 32127.257536581623
Probabilidad de aceptación: 0.006571068827555359
Movimiento: NO



ITERACION 99
Solucion:    109 101 147 52 58 115 26 57 30 92 74 110 45 37 102 138 89 104 145 130 72 63 120 75 127 39 131 100 76 143 62 91 8 70 48 118 146 0 136 141 81 64 82 69 112 43 12 68 60 41 17 125 133 36 113 137 139 148 85 18 46 19 149 134 20 16 78 140 23 65 9 116 24 31 61 111 96 135 5 47 95 7 73 59 42 66 11 35 122 10 105 123 21 25 40 56 22 28 53 67 99 84 103 54 33 15 106 38 108 80 50 98 124 51 55 142 128 132 27 71 90 107 86 88 3 79 44 121 87 93 6 126 97 77 144 4 29 34 49 117 129 32 13 14 83 119 1 2 94 114 
Coste: 441087896
Temperatura: 28914.531782923463
Probabilidad de aceptación: 5.154849692711768E-12
Movimiento: NO



ITERACION 100
Solucion:    109 101 147 52 58 115 26 57 30 92 74 110 45 37 102 138 89 104 145 130 72 63 120 75 127 39 131 100 76 143 62 99 8 70 48 118 146 0 136 141 81 64 82 69 112 43 12 68 91 41 60 125 17 133 36 137 113 139 85 18 46 19 149 134 20 16 78 140 23 65 9 116 24 31 61 148 96 135 5 47 95 7 73 59 42 66 11 35 122 10 105 123 111 25 21 56 22 40 28 53 67 84 103 54 33 15 106 38 108 80 50 98 124 51 55 142 128 132 27 71 90 107 86 88 3 79 44 121 87 93 6 126 97 77 144 4 29 34 49 117 129 32 13 14 83 119 1 2 94 114 
Coste: 440940595
Temperatura: 26023.07860463112
Probabilidad de aceptación: 5.196428403840163E-15
Movimiento: NO



ITERACION 101
Solucion:    109 101 147 52 58 115 26 57 30 92 74 110 45 37 102 138 89 104 145 130 72 63 120 75 84 39 131 100 76 143 62 99 8 70 127 118 146 0 136 141 81 64 82 48 69 43 12 68 112 91 60 125 17 41 133 137 36 113 85 18 46 19 149 134 20 16 78 140 23 65 9 116 24 31 61 148 96 135 5 47 95 7 73 59 42 66 11 35 122 10 105 123 139 25 21 56 22 111 28 53 67 40 103 54 33 15 106 38 108 80 50 98 124 51 55 142 128 132 27 71 90 107 86 88 3 79 44 121 87 93 6 126 97 77 144 4 29 34 49 117 129 32 13 14 83 119 1 2 94 114 
Coste: 440490593
Temperatura: 23420.770744168007
Probabilidad de aceptación: 1.6230246890632832E-33
Movimiento: NO



ITERACION 102
Solucion:    109 101 147 52 58 115 26 57 30 92 74 110 45 37 103 138 89 104 145 102 72 63 120 75 130 84 131 100 76 143 62 99 8 70 39 118 146 0 136 141 81 64 82 48 69 127 12 68 43 91 60 125 17 41 133 137 36 113 112 85 18 19 149 134 46 16 20 140 23 65 9 78 24 31 61 148 96 135 5 47 95 7 73 59 42 66 11 35 122 10 105 123 139 25 21 116 22 56 28 111 67 40 126 53 33 15 106 38 108 80 50 98 124 51 55 142 128 132 27 71 90 107 86 88 3 79 44 121 54 93 6 87 97 77 144 4 29 34 49 117 129 32 13 14 83 119 1 2 94 114 
Coste: 438056688
Temperatura: 21078.693669751206
Probabilidad de aceptación: 1.7585271106585256E-5
Movimiento: NO



ITERACION 103
Solucion:    109 101 53 52 58 115 147 57 30 26 74 92 110 45 103 138 89 104 145 102 37 63 72 75 130 120 131 100 76 143 62 99 8 70 39 118 146 0 136 141 81 64 82 48 69 127 12 68 43 84 60 125 91 41 17 137 133 113 112 85 18 19 149 134 46 16 20 140 23 36 9 65 24 31 78 148 96 135 5 47 95 7 73 59 42 66 11 35 122 10 105 123 61 25 139 116 22 56 28 21 67 40 126 88 33 15 106 38 108 80 50 98 124 51 55 142 128 132 27 71 90 107 86 111 3 79 44 121 54 93 6 87 97 77 144 4 29 34 49 117 129 32 13 14 83 119 1 2 94 114 
Coste: 434510235
Temperatura: 18970.824302776087
Probabilidad de aceptación: 0.09923825371479739
Movimiento: NO



ITERACION 104
Solucion:    109 101 53 52 58 115 147 57 30 26 74 92 110 45 33 138 89 104 145 102 37 63 72 75 130 120 131 100 76 143 62 99 8 70 103 118 146 39 136 141 81 64 82 48 69 127 12 68 43 84 60 125 91 41 17 137 133 113 112 85 18 19 149 134 46 16 20 140 23 36 9 65 0 31 78 148 96 135 5 47 95 7 73 59 42 66 11 35 122 10 105 123 61 25 139 24 22 56 28 21 67 40 126 88 94 116 106 38 108 15 80 50 124 51 98 55 128 142 132 27 90 107 86 111 3 79 44 121 54 71 93 87 6 77 144 4 29 34 49 117 129 32 13 14 83 119 1 2 97 114 
Coste: 430502007
Temperatura: 17073.74187249848
Probabilidad de aceptación: 3.9317288428615565E-30
Movimiento: NO



ITERACION 105
Solucion:    109 101 53 52 58 115 147 57 30 26 74 92 110 45 116 138 89 104 145 33 37 63 72 75 130 120 131 100 76 143 62 99 102 70 103 118 146 8 136 141 81 64 82 48 69 127 12 68 43 84 60 125 91 41 17 137 133 113 112 85 18 19 149 134 46 16 20 140 23 36 9 65 0 31 78 148 96 135 5 47 95 7 73 59 42 66 11 35 122 10 105 123 61 25 139 24 22 56 28 21 67 40 126 88 94 29 39 38 106 108 15 50 80 124 98 55 51 142 128 132 90 107 86 111 27 79 44 121 54 71 93 87 3 77 144 4 6 34 49 117 129 32 13 14 83 119 1 2 97 114 
Coste: 427857475
Temperatura: 15366.367685248631
Probabilidad de aceptación: 4.2429643971947365E-12
Movimiento: NO



ITERACION 106
Solucion:    109 101 53 52 58 115 147 57 30 26 74 92 110 45 116 138 89 104 145 33 37 63 72 75 130 120 131 100 76 143 62 99 102 70 103 118 146 39 136 141 81 64 82 48 69 127 12 68 43 84 60 125 91 41 17 137 133 113 112 85 18 19 149 134 46 16 20 140 23 36 9 65 0 31 78 148 96 135 5 47 95 7 73 59 42 66 11 35 122 10 105 123 61 25 139 24 22 56 28 21 67 40 126 88 94 29 132 38 106 8 15 108 80 124 98 55 50 142 128 51 90 107 86 111 27 79 44 121 54 71 93 87 3 77 144 4 6 34 49 117 129 32 13 14 83 119 1 2 97 114 
Coste: 427828446
Temperatura: 13829.730916723769
Probabilidad de aceptación: 1.3553550788997474E-16
Movimiento: NO



ITERACION 107
Solucion:    109 101 53 52 58 115 147 57 30 26 74 38 110 45 92 138 89 104 145 116 37 63 72 75 130 120 131 33 100 143 62 99 76 70 102 118 146 103 136 141 81 64 82 48 69 127 12 68 43 84 60 125 91 41 17 137 133 113 112 39 18 19 149 134 46 16 20 85 23 36 9 140 0 31 78 148 96 135 65 47 95 7 73 59 42 66 11 35 122 10 5 123 61 25 139 24 22 56 28 21 67 40 105 88 94 126 29 51 106 132 15 8 80 124 108 55 98 142 128 50 90 107 86 111 27 79 44 121 54 71 93 87 3 77 144 4 6 34 49 117 129 32 13 14 83 119 1 2 97 114 
Coste: 424953598
Temperatura: 12446.757825051393
Probabilidad de aceptación: 9.689869835582853E-5
Movimiento: NO



ITERACION 108
Solucion:    109 106 53 52 58 115 147 57 30 26 74 38 110 45 92 138 89 104 145 116 37 63 72 75 130 120 131 33 101 143 62 99 100 70 76 118 146 102 136 141 81 64 82 48 69 127 12 68 43 84 60 125 91 41 17 137 133 113 112 103 18 19 149 134 46 16 20 39 23 36 9 85 0 140 78 148 31 135 96 47 95 7 73 59 42 66 11 35 122 10 5 123 61 25 139 24 22 56 28 21 67 40 105 88 94 126 29 51 65 132 15 8 80 124 108 55 98 142 128 50 90 107 86 111 27 79 44 121 54 71 93 87 3 77 144 4 6 34 49 117 129 32 13 14 83 119 1 2 97 114 
Coste: 421824205
Temperatura: 11202.082042546253
Probabilidad de aceptación: 9.317976639360494E-22
Movimiento: NO



ITERACION 109
Solucion:    109 106 53 52 132 115 147 57 30 26 58 74 110 45 92 138 38 104 145 116 37 63 72 75 130 120 131 33 89 143 62 99 101 70 100 118 146 76 136 141 81 64 82 48 69 127 12 68 43 84 60 125 91 41 17 137 133 113 112 102 18 19 149 134 46 16 20 103 23 36 9 85 0 39 78 140 31 135 148 47 95 7 73 59 42 66 11 35 122 10 5 123 61 25 139 24 22 56 28 21 67 40 105 88 96 94 29 126 65 50 15 51 80 124 108 55 8 142 128 98 90 107 86 111 27 79 44 121 54 71 93 87 3 77 144 4 6 34 49 117 129 32 13 14 83 119 1 2 97 114 
Coste: 417502182
Temperatura: 10081.873838291629
Probabilidad de aceptación: 4.3786645855914856E-60
Movimiento: NO



ITERACION 110
Solucion:    109 15 53 52 132 115 147 57 30 26 58 74 110 45 92 138 38 104 145 116 37 63 72 75 130 120 131 33 89 143 62 99 106 70 100 118 146 76 136 141 81 64 82 48 69 127 12 68 101 84 43 125 91 41 17 137 133 113 60 102 18 19 149 134 46 16 20 103 23 36 9 85 0 39 78 140 31 135 148 47 95 7 73 59 42 66 11 35 122 10 5 123 61 25 139 24 22 56 28 21 67 40 105 88 96 94 29 126 65 50 3 51 112 124 108 55 8 80 128 98 90 107 86 111 142 79 44 121 27 54 93 71 87 77 144 4 6 34 49 117 129 32 13 14 83 119 1 2 97 114 
Coste: 415442817
Temperatura: 9073.686454462466
Probabilidad de aceptación: 5.014763207730079E-11
Movimiento: NO



ITERACION 111
Solucion:    109 15 53 52 132 115 147 57 30 26 58 74 110 45 92 138 38 104 145 116 37 63 72 75 130 120 131 33 89 143 62 99 106 70 100 118 146 76 136 141 81 64 82 48 69 127 12 68 101 84 43 125 91 41 17 137 133 113 60 102 18 19 149 134 46 16 20 103 23 36 9 85 0 39 78 140 31 135 148 47 95 7 73 59 42 66 11 35 122 10 5 123 61 25 139 24 22 56 28 21 67 40 105 88 96 94 51 126 65 29 3 97 112 124 108 55 8 80 128 98 90 107 86 111 142 79 44 121 27 54 93 71 87 77 144 4 6 34 49 117 129 32 13 14 83 119 1 2 50 114 
Coste: 415057201
Temperatura: 8166.317809016219
Probabilidad de aceptación: 1.623610180271521E-87
Movimiento: NO



ITERACION 112
Solucion:    109 15 53 52 132 115 147 57 30 26 58 74 110 45 92 138 38 104 145 116 37 63 72 75 130 120 131 33 89 143 62 99 106 70 100 118 146 112 136 141 81 64 82 48 69 127 12 68 101 84 43 125 91 41 17 137 133 113 60 102 76 19 149 134 46 16 20 103 23 18 9 85 0 39 78 140 31 135 148 47 95 7 73 59 36 66 11 35 122 10 5 123 61 25 139 24 22 56 28 21 67 40 105 88 42 94 51 126 65 29 96 97 71 124 108 55 8 80 3 98 128 107 90 111 86 79 44 121 27 142 93 54 87 77 144 4 6 34 49 117 129 32 13 14 83 119 1 2 50 114 
Coste: 411815655
Temperatura: 7349.686028114597
Probabilidad de aceptación: 2.5036449412579944E-33
Movimiento: NO



ITERACION 113
Solucion:    124 15 53 52 132 115 147 57 30 26 58 74 110 45 92 138 38 104 109 116 37 145 72 63 130 120 131 75 33 143 62 99 106 70 89 118 146 112 136 141 81 64 82 48 69 127 100 68 101 84 43 125 91 41 17 137 133 113 60 102 12 76 149 134 46 16 20 103 23 19 9 85 0 39 78 140 31 135 148 47 18 7 73 59 95 36 11 35 122 10 5 123 61 25 139 24 22 56 28 21 67 40 105 88 42 66 51 126 65 29 96 94 97 87 108 55 8 80 3 98 128 107 71 111 86 79 44 121 27 142 93 54 90 77 144 4 6 34 49 117 129 32 13 14 83 119 1 2 50 114 
Coste: 405140012
Temperatura: 6614.717425303138
Probabilidad de aceptación: 2.63340727360377E-42
Movimiento: NO



ITERACION 114
Solucion:    124 15 53 108 132 115 147 57 30 52 26 74 110 45 92 138 38 104 109 116 37 145 72 63 130 120 131 75 33 143 62 99 58 70 89 118 146 106 136 141 81 64 82 48 69 127 112 68 101 100 43 125 91 41 17 137 133 113 60 102 12 76 149 134 46 16 20 103 23 19 9 85 0 39 78 140 31 135 148 47 18 7 73 59 95 36 11 35 122 10 5 123 61 25 139 24 22 56 28 21 67 40 105 88 84 66 51 126 65 29 96 94 97 87 42 55 8 80 3 98 128 107 71 111 86 79 44 121 27 142 93 54 90 77 144 4 6 34 49 117 129 32 13 14 83 119 1 2 50 114 
Coste: 403736798
Temperatura: 5953.245682772825
Probabilidad de aceptación: 9.855862628226352E-183
Movimiento: NO



ITERACION 115
Solucion:    124 15 53 108 132 115 147 57 30 52 26 74 110 45 92 138 38 104 109 116 37 145 72 63 130 120 131 75 33 143 62 99 58 70 89 118 146 106 136 141 81 64 82 48 69 127 112 68 101 100 43 125 91 41 17 137 133 113 60 102 12 76 149 134 46 16 20 103 23 55 9 85 0 39 78 140 31 19 135 47 148 7 73 59 18 36 11 35 122 10 5 123 61 25 139 24 22 56 28 21 67 40 105 88 95 84 51 66 65 126 96 29 97 94 42 144 87 80 3 8 128 107 71 111 86 79 44 121 98 27 93 54 142 77 90 4 6 34 49 117 129 32 13 14 83 119 1 2 50 114 
Coste: 401089945
Temperatura: 5357.9211144955425
Probabilidad de aceptación: 1.2482982946554847E-33
Movimiento: NO



ITERACION 116
Solucion:    124 15 53 108 132 115 87 57 30 52 147 74 110 45 92 138 38 104 109 116 37 145 72 63 26 120 131 130 33 143 62 99 75 70 89 118 146 106 136 58 81 64 82 48 69 127 112 68 101 100 141 125 91 41 17 137 133 113 60 102 12 76 149 134 46 16 20 103 23 55 9 85 0 39 78 140 31 19 135 47 148 7 73 59 18 36 11 35 122 10 5 123 61 25 139 24 22 56 28 21 67 40 105 88 43 84 51 66 65 126 96 29 97 94 42 144 95 80 3 8 128 107 71 111 86 79 44 121 98 27 93 54 142 77 90 4 6 34 49 117 129 32 13 14 83 119 1 2 50 114 
Coste: 398473526
Temperatura: 4822.129003045989
Probabilidad de aceptación: 8.010140217635929E-222
Movimiento: NO



ITERACION 117
Solucion:    124 15 53 80 132 115 87 57 30 108 52 147 110 74 92 138 38 104 109 116 37 145 72 63 26 120 131 130 33 143 62 99 75 45 89 118 146 106 136 70 81 64 82 48 69 127 112 68 101 100 58 125 91 41 17 137 133 113 60 102 12 76 149 134 46 16 20 103 23 55 9 85 0 39 78 140 31 19 135 47 148 7 73 59 18 36 11 35 122 10 5 123 61 25 139 24 22 56 28 21 67 40 105 88 141 43 51 66 65 126 84 29 97 94 42 144 95 90 3 8 128 107 71 111 86 79 44 121 98 27 93 54 142 77 96 4 6 34 49 117 129 32 13 14 83 119 1 2 50 114 
Coste: 395045922
Temperatura: 4339.91610274139
Probabilidad de aceptación: 5.263889815855864E-78
Movimiento: NO



ITERACION 118
Solucion:    124 15 53 80 132 115 87 57 30 108 52 147 110 74 92 138 38 104 109 116 37 145 72 63 26 120 131 130 33 143 62 99 75 45 89 118 146 106 136 70 81 64 82 48 3 127 112 68 101 100 58 125 91 41 17 137 133 113 60 102 12 76 149 134 69 16 20 103 23 55 9 85 0 39 78 46 31 140 135 47 19 7 148 59 18 36 11 35 122 10 5 123 61 25 139 24 22 56 28 21 67 40 105 88 141 43 51 66 65 126 84 29 97 94 42 144 95 90 73 8 128 107 71 111 86 79 44 121 98 27 93 54 142 77 96 4 6 34 49 117 129 32 13 14 83 119 1 2 50 114 
Coste: 391837068
Temperatura: 3905.924492467251
Probabilidad de aceptación: 5.678440607345166E-82
Movimiento: NO



ITERACION 119
Solucion:    124 15 53 80 132 115 8 87 30 57 52 108 110 147 92 138 38 104 74 116 37 145 72 109 63 120 131 130 26 143 62 99 33 75 89 118 146 106 136 70 81 64 82 48 3 127 112 68 101 100 45 125 58 41 17 137 133 113 60 102 12 76 149 134 69 16 20 103 23 55 9 85 0 39 78 46 31 140 135 47 19 7 148 59 18 36 11 35 122 10 5 123 61 25 139 24 22 56 28 21 67 40 105 88 141 43 51 66 91 126 84 29 97 94 42 65 95 90 73 14 128 107 71 111 86 79 44 121 98 27 93 54 142 77 96 4 6 34 49 117 129 32 13 144 83 119 1 2 50 114 
Coste: 386759563
Temperatura: 3515.332043220526
Probabilidad de aceptación: 1.388397916196705E-50
Movimiento: NO



ITERACION 120
Solucion:    124 128 53 80 132 115 8 87 30 57 52 108 110 15 92 147 38 104 74 116 37 145 72 109 63 120 131 130 26 138 62 143 33 75 89 118 146 106 136 70 81 64 82 48 99 127 112 68 101 100 45 125 58 41 17 137 3 133 60 102 12 76 149 134 69 16 20 103 23 55 9 85 0 39 78 46 31 140 135 47 19 7 148 59 18 36 11 35 122 10 5 123 61 25 139 24 22 56 28 21 67 40 105 88 141 43 51 66 91 126 84 29 97 94 42 65 95 90 73 14 34 113 107 71 111 86 79 121 98 27 93 54 44 77 96 4 6 142 49 117 129 32 13 144 83 119 1 2 50 114 
Coste: 383659327
Temperatura: 3163.7988388984736
Probabilidad de aceptación: 1.2294257784534127E-42
Movimiento: NO



ITERACION 121
Solucion:    124 128 53 80 132 115 8 87 30 57 52 108 110 15 92 147 38 104 74 116 37 145 72 109 63 120 131 130 26 138 62 143 33 75 89 118 146 106 136 70 81 64 82 48 99 127 112 68 101 100 45 125 58 41 17 137 3 133 60 102 12 76 149 134 69 16 20 103 23 55 9 85 0 39 78 46 31 140 135 47 19 7 148 59 18 36 11 35 122 10 5 123 61 25 139 24 22 56 28 21 67 40 105 88 141 43 51 66 91 126 84 29 97 94 42 65 95 90 73 14 34 2 113 107 111 86 79 71 98 27 93 54 44 77 121 4 6 142 96 49 129 32 13 144 83 117 119 1 50 114 
Coste: 383463983
Temperatura: 2847.418955008626
Probabilidad de aceptación: 1.3943452640450337E-39
Movimiento: NO



ITERACION 122
Solucion:    124 128 53 80 132 115 8 87 30 57 52 108 110 15 92 147 38 104 74 116 37 145 72 109 63 120 131 130 26 138 62 143 33 75 89 118 146 106 136 70 81 64 82 48 99 127 112 68 101 100 45 125 58 41 17 137 3 133 60 102 12 76 149 134 69 16 20 103 23 55 9 85 0 39 78 46 31 140 135 47 19 7 148 59 18 36 11 35 122 10 5 123 61 25 139 24 22 56 28 21 67 40 105 88 141 43 51 66 91 126 84 29 97 94 42 65 95 90 73 14 34 113 111 107 2 86 79 71 98 27 93 54 44 77 121 4 6 142 96 49 129 32 13 144 83 117 119 1 50 114 
Coste: 383447447
Temperatura: 2562.6770595077637
Probabilidad de aceptación: 4.637433869324077E-80
Movimiento: NO



ITERACION 123
Solucion:    124 128 53 80 132 115 8 87 30 57 52 108 110 15 92 147 38 104 74 116 37 145 72 109 63 120 131 130 26 138 62 143 33 75 89 118 146 106 136 70 81 64 82 48 99 127 112 68 101 100 45 125 58 41 17 137 3 133 60 107 12 76 102 134 69 16 20 103 23 55 9 85 0 39 78 46 31 140 135 47 149 7 148 59 18 36 11 35 122 10 5 123 61 19 139 25 22 56 28 21 67 40 24 88 141 43 51 66 91 126 84 29 97 94 42 65 95 90 73 14 34 113 111 119 2 86 105 71 79 98 27 93 54 77 121 44 4 6 142 49 129 32 13 144 83 117 96 1 50 114 
Coste: 381913063
Temperatura: 2306.4093535569873
Probabilidad de aceptación: 2.0486192196064025E-47
Movimiento: NO



ITERACION 124
Solucion:    124 2 53 80 132 115 8 87 30 57 52 108 110 15 92 147 38 104 74 116 37 145 72 109 63 120 131 130 26 138 62 143 33 75 89 118 146 106 136 70 81 64 82 48 99 127 112 68 101 100 45 125 58 128 17 137 3 133 60 107 12 76 41 102 69 16 20 134 103 55 9 85 0 39 78 46 31 140 135 47 23 7 149 59 18 36 11 35 122 10 5 123 148 61 139 25 22 56 28 21 67 40 24 88 141 43 19 66 91 126 84 29 97 94 42 65 95 90 73 14 51 113 111 119 13 86 105 71 79 98 27 93 54 77 121 44 4 6 34 49 129 32 142 144 83 117 96 1 50 114 
Coste: 377686772
Temperatura: 2075.7684182012886
Probabilidad de aceptación: 7.338565967805224E-51
Movimiento: NO



ITERACION 125
Solucion:    124 2 53 80 132 115 8 87 30 57 52 108 110 15 92 147 38 104 74 116 37 145 72 109 63 120 131 130 26 86 62 143 33 75 89 118 146 106 136 70 81 64 82 48 99 127 112 68 101 100 45 125 58 128 17 137 3 133 60 107 12 76 41 102 69 16 20 134 103 55 9 85 0 39 78 46 31 140 135 47 23 7 149 59 18 36 11 35 122 10 5 123 148 61 139 25 22 56 28 21 67 40 24 88 141 43 19 66 91 126 84 29 97 94 42 65 95 90 73 14 138 51 111 119 13 54 105 71 79 113 98 93 27 77 121 44 4 6 34 49 129 32 142 144 83 117 96 1 50 114 
Coste: 376150478
Temperatura: 1868.1915763811598
Probabilidad de aceptación: 7.775231418550012E-65
Movimiento: NO



ITERACION 126
Solucion:    105 124 53 80 132 115 8 87 30 57 52 2 110 15 92 108 38 104 74 116 37 145 72 109 63 147 131 130 26 86 62 120 33 75 89 118 146 106 136 70 81 64 82 48 99 127 112 68 101 100 45 125 58 143 17 137 3 133 60 107 12 76 41 102 69 16 20 134 103 55 128 85 0 39 78 46 9 140 135 31 23 7 149 59 18 47 11 35 122 10 5 123 148 61 139 25 22 56 28 21 67 40 36 88 141 43 19 66 91 126 84 24 97 94 42 65 95 90 73 14 29 51 111 119 13 54 142 71 79 113 98 93 27 77 121 44 138 6 34 49 129 32 4 144 83 117 96 1 50 114 
Coste: 371025427
Temperatura: 1681.372418743044
Probabilidad de aceptación: 3.568931445377246E-50
Movimiento: NO



ITERACION 127
Solucion:    105 124 53 80 132 115 8 87 30 57 52 2 110 15 92 108 38 104 74 116 37 145 72 109 63 71 131 130 26 86 62 147 33 75 89 118 120 106 136 70 81 64 82 48 99 127 112 68 146 100 45 125 58 101 17 137 3 143 133 107 12 76 41 102 69 16 20 134 103 55 128 85 0 39 78 46 9 140 135 31 23 7 149 59 18 47 11 35 122 10 5 123 148 61 139 25 22 56 28 21 67 40 36 88 141 43 19 66 91 126 84 24 97 94 42 65 95 90 73 14 60 51 111 119 13 54 142 1 79 113 98 93 27 77 121 44 138 6 34 49 129 29 32 144 83 117 96 4 50 114 
Coste: 368460124
Temperatura: 1513.2351768687395
Probabilidad de aceptación: 8.559878132323245E-71
Movimiento: NO



ITERACION 128
Solucion:    79 105 53 80 132 115 8 87 30 57 52 2 110 15 92 108 38 104 74 116 37 145 72 109 63 71 131 130 26 86 62 147 33 75 89 118 120 106 136 70 81 64 82 48 99 127 112 68 146 100 45 125 58 101 17 137 3 143 133 107 12 76 41 102 69 16 20 134 103 55 128 85 0 39 78 46 9 140 135 31 23 7 149 59 18 47 11 35 122 10 5 123 148 61 139 25 22 56 28 21 67 40 36 88 141 43 19 66 91 126 84 24 97 94 42 65 95 90 73 14 60 124 51 119 13 54 142 1 93 113 98 111 27 77 121 44 138 6 34 49 129 29 32 144 83 117 96 4 50 114 
Coste: 368253303
Temperatura: 1361.9116591818656
Probabilidad de aceptación: 3.119942737007555E-126
Movimiento: NO



ITERACION 129
Solucion:    79 105 53 80 132 115 8 87 30 57 52 2 110 15 92 108 38 104 74 116 37 145 72 109 63 71 131 130 26 86 62 147 33 75 89 118 120 106 136 70 81 64 82 48 99 127 112 68 146 100 45 125 58 101 17 137 3 143 113 107 12 76 41 102 69 16 133 134 20 55 103 85 0 39 78 46 9 140 135 31 23 7 149 59 18 47 11 35 122 10 5 123 148 61 139 25 22 56 28 21 67 40 36 88 141 43 19 66 91 126 84 24 97 94 42 65 95 90 73 14 60 128 51 119 13 54 142 124 93 4 1 111 98 77 121 27 44 138 34 49 129 29 32 144 83 117 96 6 50 114 
Coste: 367393614
Temperatura: 1225.7204932636791
Probabilidad de aceptación: 5.1926131489859675E-37
Movimiento: NO



ITERACION 130
Solucion:    79 105 53 80 132 115 8 87 30 57 52 2 110 15 92 108 38 104 74 116 37 145 72 109 63 71 131 130 26 86 62 147 33 75 89 118 120 106 136 70 81 64 82 48 99 127 112 68 146 100 45 125 58 101 17 137 3 143 113 1 12 76 107 102 69 16 41 134 20 55 133 85 0 39 78 46 9 103 135 31 140 23 149 59 18 7 11 35 47 10 5 123 122 61 139 25 22 56 28 21 67 40 36 88 141 148 19 66 91 126 84 43 24 94 42 65 95 90 73 14 60 97 51 119 13 54 142 124 93 128 138 4 111 77 121 98 27 44 34 49 129 29 32 144 83 117 96 6 50 114 
Coste: 364496510
Temperatura: 1103.1484439373112
Probabilidad de aceptación: 3.054142815290669E-93
Movimiento: NO



ITERACION 131
Solucion:    79 105 53 4 80 115 132 8 30 57 52 87 110 2 92 15 38 104 74 116 37 145 72 108 109 71 131 130 26 86 62 147 33 75 89 118 63 106 136 70 81 64 82 48 99 127 120 68 112 100 45 125 58 146 17 137 3 143 113 101 12 76 107 102 69 16 41 134 20 55 133 85 0 39 78 46 9 103 135 31 140 23 149 59 18 7 11 35 47 10 5 123 122 61 139 25 22 56 28 21 67 40 36 88 141 148 19 66 91 126 84 43 24 94 1 65 95 90 73 14 60 97 51 119 42 13 54 124 142 128 93 44 138 111 121 98 77 27 34 49 129 29 32 144 83 117 96 6 50 114 
Coste: 359392224
Temperatura: 992.8335995435801
Probabilidad de aceptación: 2.9104402420562975E-127
Movimiento: NO



ITERACION 132
Solucion:    79 105 53 4 80 115 132 8 30 57 52 87 110 2 92 15 38 104 74 116 37 145 72 108 138 71 131 130 26 86 62 109 33 75 89 118 63 106 136 70 81 64 82 48 99 127 120 68 112 100 45 125 58 146 17 137 3 143 113 101 12 76 107 102 69 16 41 134 20 55 133 85 0 39 78 46 9 103 135 31 140 23 149 59 18 7 11 35 47 10 5 123 122 61 139 25 22 56 28 21 67 40 36 88 141 148 19 66 91 126 84 43 24 94 1 65 95 90 73 14 60 97 147 119 42 13 54 124 142 51 93 128 49 111 121 98 77 27 44 34 129 29 32 144 83 117 96 6 50 114 
Coste: 358725310
Temperatura: 893.5502395892221
Probabilidad de aceptación: 1.139655152671159E-130
Movimiento: NO



ITERACION 133
Solucion:    79 105 53 4 80 115 132 8 30 57 52 87 110 2 92 15 38 104 111 116 37 145 72 74 108 138 131 130 26 86 62 109 33 75 89 118 71 106 136 70 81 64 82 48 99 127 120 68 112 100 45 125 58 146 17 137 3 143 113 101 12 76 107 102 69 16 41 134 63 55 133 85 0 39 78 46 9 103 135 31 140 23 149 59 18 7 11 35 47 10 5 123 122 61 139 25 22 56 28 21 67 40 36 88 141 148 19 66 91 126 84 43 24 94 1 65 95 90 73 14 20 60 147 97 119 13 54 124 142 51 93 128 49 42 121 98 77 27 44 34 129 29 32 144 83 117 96 6 50 114 
Coste: 356977806
Temperatura: 804.1952156302999
Probabilidad de aceptación: 3.2773060189381747E-222
Movimiento: NO



ITERACION 134
Solucion:    79 105 53 4 80 115 132 8 30 57 52 87 110 2 92 15 38 104 111 116 37 145 72 74 108 138 131 130 26 86 62 109 33 75 89 118 71 106 136 70 81 64 82 48 99 127 120 68 112 100 45 125 58 146 17 137 3 143 113 101 121 76 107 102 69 16 12 41 134 55 133 85 0 39 78 46 9 103 135 31 140 23 149 59 63 7 11 35 18 10 5 123 122 61 139 25 22 56 28 21 67 40 36 88 141 148 19 47 91 126 66 84 43 94 24 65 95 90 73 14 1 60 147 97 119 13 54 124 142 51 93 128 49 42 117 98 77 27 44 34 129 29 32 144 83 20 96 6 50 114 
Coste: 353899050
Temperatura: 723.7756940672699
Probabilidad de aceptación: 3.5220869324487896E-141
Movimiento: NO



ITERACION 135
Solucion:    79 105 53 4 80 115 98 8 30 57 132 87 52 2 92 15 38 104 111 116 37 145 72 74 108 110 131 130 26 86 62 109 33 138 89 118 71 106 136 70 81 64 82 48 99 127 120 68 75 100 45 125 58 146 17 137 112 143 113 101 121 76 107 102 69 16 12 41 3 55 133 85 0 39 78 46 9 103 135 31 140 23 149 59 63 134 11 35 7 10 5 123 122 61 139 18 22 56 28 21 67 40 25 36 141 148 19 47 91 126 88 66 84 94 24 65 95 90 73 14 43 1 147 97 119 13 54 60 142 51 93 128 49 42 117 20 77 27 44 34 129 29 124 32 144 83 96 6 50 114 
Coste: 349319309
Temperatura: 651.398124660543
Probabilidad de aceptación: 1.531906215079603E-181
Movimiento: NO



ITERACION 136
Solucion:    79 105 53 4 80 115 98 8 30 57 132 87 52 2 92 15 38 104 111 116 37 145 72 74 108 110 131 130 26 77 62 109 33 138 89 118 71 106 136 70 81 64 82 48 99 127 120 68 75 100 45 125 58 146 17 137 112 143 113 101 121 76 107 102 69 16 12 41 3 55 133 85 0 39 78 46 9 103 135 31 140 23 149 59 63 134 11 35 7 10 5 123 122 61 139 18 22 56 28 21 67 40 25 36 141 148 19 47 91 126 88 66 84 94 24 65 95 90 73 14 43 1 147 86 97 119 54 13 142 51 93 128 49 42 117 60 20 27 44 34 129 29 124 32 144 83 96 6 50 114 
Coste: 349041281
Temperatura: 586.2583121944887
Probabilidad de aceptación: 1.0736559883121975E-214
Movimiento: NO



ITERACION 137
Solucion:    79 105 53 4 80 115 98 8 30 57 132 87 27 2 92 15 38 104 111 52 37 145 72 74 108 110 131 130 26 116 62 109 77 138 89 118 71 106 136 70 81 64 82 48 99 127 120 68 75 100 45 125 58 146 17 33 112 137 113 101 143 76 107 102 121 16 12 69 3 55 133 85 0 39 78 46 9 103 135 31 140 23 149 59 63 134 11 35 7 10 5 123 122 61 139 18 22 56 28 21 67 40 25 36 141 148 19 47 91 126 88 41 66 94 24 65 95 90 73 14 84 43 147 86 1 119 54 13 142 51 93 128 49 42 97 60 20 44 117 34 129 29 124 32 144 83 96 6 50 114 
Coste: 347334440
Temperatura: 527.6324809750398
Probabilidad de aceptación: 2.6498699676843473E-256
Movimiento: NO



ITERACION 138
Solucion:    79 105 53 4 80 115 98 8 30 57 132 87 27 2 92 15 38 104 111 52 37 145 72 74 108 110 131 130 26 116 62 117 77 138 89 118 71 106 136 70 81 64 82 48 99 127 120 68 109 100 45 125 58 146 17 33 112 137 113 101 143 76 75 102 107 16 12 69 3 55 133 85 0 39 78 46 9 103 135 31 140 23 149 59 63 134 11 35 7 10 5 123 122 61 139 18 22 56 28 21 67 40 25 36 141 148 19 47 91 126 88 41 66 94 24 65 95 90 73 14 84 121 147 86 1 119 54 13 142 51 93 43 128 42 97 60 20 44 49 34 129 29 124 32 144 83 96 6 50 114 
Coste: 345561480
Temperatura: 474.86923287753586
Probabilidad de aceptación: 2.7446204600038752E-233
Movimiento: NO



ITERACION 139
Solucion:    79 105 53 4 80 115 98 8 30 57 132 87 27 2 92 15 38 104 111 52 37 145 72 34 74 108 131 130 26 110 62 117 116 138 77 118 89 106 136 70 71 64 82 48 99 127 120 68 109 100 45 125 81 58 17 146 112 137 113 101 143 76 33 102 75 16 12 69 107 55 133 85 0 39 78 46 9 103 135 31 140 23 149 59 3 134 11 35 7 10 5 123 122 61 139 18 63 56 28 21 67 40 25 36 141 148 19 47 91 126 88 41 66 94 24 65 95 90 73 14 84 121 147 86 1 119 54 13 142 51 93 43 128 42 97 60 20 44 49 22 129 29 124 32 144 83 96 6 50 114 
Coste: 343313757
Temperatura: 427.38230958978227
Probabilidad de aceptación: 0.0
Movimiento: NO



ITERACION 140
Solucion:    79 105 53 4 80 115 98 8 30 57 132 87 27 2 92 15 38 104 111 129 37 145 72 52 74 108 131 130 26 110 62 117 116 138 77 118 89 106 136 70 71 64 82 34 99 127 120 48 109 100 45 68 81 58 125 146 112 137 113 101 143 76 33 102 75 16 12 69 107 55 133 85 0 39 78 46 9 103 135 17 140 23 149 59 3 134 11 35 7 10 5 31 122 61 139 18 63 56 28 21 67 40 25 36 141 148 19 47 91 126 88 41 66 94 24 65 95 90 73 14 84 121 147 86 1 119 54 13 142 51 93 43 128 42 97 60 20 44 49 22 123 29 124 32 144 83 96 6 50 114 
Coste: 340788853
Temperatura: 384.6440786308041
Probabilidad de aceptación: 0.0
Movimiento: NO



ITERACION 141
Solucion:    79 105 53 4 80 115 98 8 30 57 132 87 27 2 92 15 38 104 111 129 29 145 72 52 37 108 131 130 26 110 62 74 116 138 77 118 117 106 136 70 71 64 82 34 99 127 120 48 109 100 45 68 81 58 125 146 112 137 113 101 143 76 33 102 75 89 12 69 107 55 133 85 0 39 78 46 9 103 135 17 140 23 149 59 3 134 11 35 7 10 5 31 122 61 139 18 63 56 28 21 67 40 25 36 141 148 19 47 91 126 88 16 66 94 24 65 95 90 73 14 84 121 147 86 1 119 54 13 142 41 93 43 128 42 97 60 20 44 49 22 123 6 124 32 144 83 96 51 50 114 
Coste: 338232982
Temperatura: 346.1796707677237
Probabilidad de aceptación: 6.95020154329681E-20
Movimiento: NO



ITERACION 142
Solucion:    79 105 53 4 80 115 98 8 30 57 132 87 27 2 92 15 38 104 111 129 29 145 72 52 37 108 131 130 26 110 62 74 116 138 77 118 117 106 136 70 124 64 82 34 99 127 120 48 109 100 45 68 81 58 125 71 112 137 113 101 143 76 33 102 75 89 12 69 107 146 133 85 0 55 78 46 9 103 135 17 140 39 149 59 23 3 11 35 7 10 5 31 122 61 139 18 63 56 28 21 67 40 25 36 141 148 19 47 91 126 88 16 66 94 24 65 95 90 73 14 84 121 147 86 1 119 54 13 142 134 93 43 128 42 97 60 20 44 49 22 123 6 114 32 144 83 96 51 50 41 
Coste: 336992833
Temperatura: 311.56170369095133
Probabilidad de aceptación: 1.0
Movimiento: SI



ITERACION 143
Solucion:    79 105 53 4 80 115 98 8 30 57 132 87 27 2 92 15 38 104 111 129 29 145 72 52 37 108 131 130 26 110 62 74 116 138 77 118 117 106 136 70 124 64 82 34 99 127 120 48 109 100 45 68 81 58 125 71 112 137 113 101 143 76 33 102 75 89 12 69 107 146 133 85 0 55 78 46 32 103 9 17 135 140 149 59 39 23 11 35 7 10 5 31 122 61 139 18 63 56 28 21 67 40 25 36 141 148 19 47 91 126 88 3 66 94 24 65 95 90 73 14 84 121 147 86 16 119 54 13 142 1 93 43 128 42 97 60 20 44 49 22 123 6 134 114 144 83 96 51 50 41 
Coste: 335370070
Temperatura: 280.4055333218562
Probabilidad de aceptación: 2.758477883957958E-16
Movimiento: NO



ITERACION 144
Solucion:    79 105 53 4 80 115 98 8 30 57 132 87 27 144 92 15 38 104 111 129 2 145 72 52 29 37 131 130 26 110 62 74 108 138 116 118 77 106 136 70 124 64 82 34 99 127 120 48 109 100 45 68 81 58 125 71 112 137 113 101 117 76 33 102 75 89 12 69 107 146 133 85 0 143 78 46 32 103 9 17 135 140 149 59 39 23 11 35 7 10 5 31 122 61 139 18 63 56 28 21 67 40 25 36 141 148 19 47 91 126 55 3 66 94 24 65 95 90 73 14 84 88 147 86 121 119 54 13 142 16 93 43 128 42 97 60 20 44 49 22 123 6 1 114 83 134 96 51 50 41 
Coste: 333366112
Temperatura: 252.36497998967056
Probabilidad de aceptación: 5.0812741266972385E-57
Movimiento: NO



ITERACION 145
Solucion:    79 105 53 4 80 115 98 8 30 57 132 87 27 144 92 15 38 104 111 129 2 145 72 52 29 37 131 130 26 110 62 74 108 138 116 118 77 106 136 70 124 64 82 34 99 127 120 48 109 100 45 68 81 58 125 71 112 137 113 101 117 76 33 102 75 89 12 69 107 146 133 85 0 143 78 46 32 103 9 17 135 140 149 59 39 23 11 35 7 10 5 31 122 61 139 18 63 56 28 21 67 40 25 36 141 148 19 47 91 126 55 3 66 94 24 65 95 90 73 14 84 88 147 86 121 119 54 13 142 16 93 43 128 42 97 60 20 44 49 22 123 134 1 114 83 96 6 51 50 41 
Coste: 333348497
Temperatura: 227.1284819907035
Probabilidad de aceptación: 2.2768389071534398E-7
Movimiento: NO



ITERACION 146
Solucion:    79 105 53 4 80 115 98 8 30 57 132 87 27 144 92 15 38 104 111 129 2 145 72 52 29 6 131 130 26 110 62 74 108 138 37 118 116 106 136 70 124 64 82 34 99 127 120 48 109 100 45 68 81 58 125 71 112 137 113 77 117 76 33 102 75 89 12 69 107 146 133 85 0 143 78 46 32 103 9 17 135 140 149 59 39 23 11 35 7 10 5 31 122 61 139 18 63 56 28 21 67 40 25 36 141 148 19 47 91 126 55 3 66 94 24 65 95 90 73 14 84 88 147 86 121 119 54 13 142 16 93 43 128 42 97 60 20 44 49 22 123 101 1 114 83 96 134 51 50 41 
Coste: 332376668
Temperatura: 204.41563379163316
Probabilidad de aceptación: 4.0297919708954397E-13
Movimiento: NO



ITERACION 147
Solucion:    79 105 53 4 80 115 98 8 30 57 132 87 27 144 92 15 38 104 111 129 2 145 72 52 29 6 131 130 26 110 62 74 108 138 37 118 51 106 136 70 124 64 82 34 99 127 120 48 109 100 45 68 81 58 125 71 112 137 113 116 117 76 33 102 75 89 12 69 107 146 133 85 0 143 78 46 32 103 9 17 135 140 149 59 39 23 11 35 7 10 5 31 122 61 139 18 63 56 28 21 67 40 25 36 141 148 19 47 91 126 55 3 66 94 24 65 95 90 73 14 84 88 147 86 121 119 54 13 142 16 93 43 128 42 97 60 20 44 49 22 123 77 1 101 83 96 134 50 114 41 
Coste: 332029639
Temperatura: 183.97407041246984
Probabilidad de aceptación: 2.0924485498670536E-115
Movimiento: NO



ITERACION 148
Solucion:    79 105 53 114 80 4 98 8 30 57 132 87 27 115 92 15 38 104 111 129 2 145 72 52 29 144 131 130 26 110 62 74 108 138 37 118 51 106 136 70 124 64 82 34 99 127 120 48 109 100 45 68 81 58 125 71 112 137 113 6 117 76 33 102 75 89 12 69 107 146 133 85 0 143 78 46 32 103 9 17 135 140 149 59 39 23 11 35 7 10 5 31 122 61 139 18 63 56 28 21 67 40 25 36 141 148 19 47 91 126 55 3 66 94 24 65 95 90 73 14 84 88 147 86 121 119 54 13 142 16 93 43 128 42 97 60 20 44 49 22 123 116 1 101 83 96 134 50 77 41 
Coste: 330046195
Temperatura: 165.57666337122285
Probabilidad de aceptación: 3.5537431225804196E-161
Movimiento: NO



ITERACION 149
Solucion:    79 41 53 114 80 4 98 8 30 57 132 87 27 115 92 15 38 104 105 129 111 145 72 52 29 2 131 130 26 144 62 74 110 138 37 118 51 106 136 70 124 64 82 34 99 127 120 48 109 100 45 68 81 58 125 71 112 137 113 108 117 76 33 102 75 89 12 69 107 146 133 85 0 143 78 46 32 103 9 17 135 140 149 59 39 23 11 35 7 10 5 31 122 61 139 18 63 56 28 21 67 40 25 36 141 148 19 47 91 126 55 3 66 94 24 65 95 90 73 14 84 88 147 86 121 119 54 13 142 16 93 43 128 42 97 60 20 44 49 22 123 6 116 101 83 96 134 50 77 1 
Coste: 327719205
Temperatura: 149.01899703410058
Probabilidad de aceptación: 1.0
Movimiento: SI



