ITERACION 0
Solucion:    58 107 13 99 64 44 144 24 8 86 5 85 109 33 10 48 41 94 142 21 122 92 59 71 139 17 14 105 134 38 19 96 73 117 103 2 149 34 115 93 112 83 116 90 108 69 27 32 77 49 53 1 56 78 146 125 57 0 84 40 74 111 135 39 52 66 35 23 114 62 25 147 123 148 79 121 143 140 132 95 118 7 113 87 28 106 104 6 51 126 128 45 98 133 81 100 68 47 89 138 145 3 75 36 30 130 60 54 4 131 110 120 91 102 88 46 119 65 29 76 141 82 18 124 11 127 55 43 50 67 9 61 80 37 72 15 129 31 22 63 20 26 12 137 16 136 97 70 101 42 
Coste: 648871648
Temperatura: 9.787147515E8
Probabilidad de aceptación: 1.0
Movimiento: SI



ITERACION 1
Solucion:    107 42 58 13 99 64 44 144 24 8 86 5 85 109 33 10 48 41 94 142 21 122 92 59 71 139 17 14 105 134 38 19 96 73 117 103 2 149 34 115 93 112 83 116 90 108 69 27 32 77 49 53 1 56 78 146 125 57 0 84 40 74 111 135 39 52 66 35 23 114 62 25 147 123 148 79 121 143 140 132 95 118 7 113 87 28 106 104 6 51 126 128 45 98 133 81 100 68 47 89 138 145 3 75 36 30 130 60 54 4 131 110 120 91 102 88 46 119 65 29 76 141 82 18 124 11 127 55 43 50 67 9 61 80 37 72 15 129 31 22 63 20 26 12 137 16 136 97 70 101 
Coste: 651972079
Temperatura: 8.8084327635E8
Probabilidad de aceptación: 1.0
Movimiento: SI



ITERACION 2
Solucion:    58 107 101 42 13 99 64 44 144 24 8 86 5 85 109 33 10 48 41 94 142 21 122 92 59 71 139 17 14 105 134 38 19 96 73 117 103 2 149 34 115 93 112 83 116 90 108 69 27 32 77 49 53 1 56 78 146 125 57 0 84 40 74 111 135 39 52 66 35 23 114 62 25 147 123 148 79 121 143 140 132 95 118 7 113 87 28 106 104 6 51 126 128 45 98 133 81 100 68 47 89 138 145 3 75 36 30 130 60 54 4 131 110 120 91 102 88 46 119 65 29 76 141 82 18 124 11 127 55 43 50 67 9 61 80 37 72 15 129 31 22 63 20 26 12 137 16 136 97 70 
Coste: 647434779
Temperatura: 7.92758948715E8
Probabilidad de aceptación: 1.0
Movimiento: SI



ITERACION 3
Solucion:    42 58 107 70 101 13 99 64 44 144 24 8 86 5 85 109 33 10 48 41 94 142 21 122 92 59 71 139 17 14 105 134 38 19 96 73 117 103 2 149 34 115 93 112 83 116 90 108 69 27 32 77 49 53 1 56 78 146 125 57 0 84 40 74 111 135 39 52 66 35 23 114 62 25 147 123 148 79 121 143 140 132 95 118 7 113 87 28 106 104 6 51 126 128 45 98 133 81 100 68 47 89 138 145 3 75 36 30 130 60 54 4 131 110 120 91 102 88 46 119 65 29 76 141 82 18 124 11 127 55 43 50 67 9 61 80 37 72 15 129 31 22 63 20 26 12 137 16 136 97 
Coste: 647986329
Temperatura: 7.134830538435E8
Probabilidad de aceptación: 1.0
Movimiento: SI



ITERACION 4
Solucion:    101 42 58 107 97 70 13 99 64 44 144 24 8 86 5 85 109 33 10 48 41 94 142 21 122 92 59 71 139 17 14 105 134 38 19 96 73 117 103 2 149 34 115 93 112 83 116 90 108 69 27 32 77 49 53 1 56 78 146 125 57 0 84 40 74 111 135 39 52 66 35 23 114 62 25 147 123 148 79 121 143 140 132 95 118 7 113 87 28 106 104 6 51 126 128 45 98 133 81 100 68 47 89 138 145 3 75 36 30 130 60 54 4 131 110 120 91 102 88 46 119 65 29 76 141 82 18 124 11 127 55 43 50 67 9 61 80 37 72 15 129 31 22 63 20 26 12 137 16 136 
Coste: 651310234
Temperatura: 6.421347484591501E8
Probabilidad de aceptación: 1.0
Movimiento: SI



ITERACION 5
Solucion:    70 101 42 58 107 136 97 13 99 64 44 144 24 8 86 5 85 109 33 10 48 41 94 142 21 122 92 59 71 139 17 14 105 134 38 19 96 73 117 103 2 149 34 115 93 112 83 116 90 108 69 27 32 77 49 53 1 56 78 146 125 57 0 84 40 74 111 135 39 52 66 35 23 114 62 25 147 123 148 79 121 143 140 132 95 118 7 113 87 28 106 104 6 51 126 128 45 98 133 81 100 68 47 89 138 145 3 75 36 30 130 60 54 4 131 110 120 91 102 88 46 119 65 29 76 141 82 18 124 11 127 55 43 50 67 9 61 80 37 72 15 129 31 22 63 20 26 12 137 16 
Coste: 646641698
Temperatura: 5.779212736132351E8
Probabilidad de aceptación: 1.0
Movimiento: SI



ITERACION 6
Solucion:    97 70 101 42 58 107 16 136 13 99 64 44 144 24 8 86 5 85 109 33 10 48 41 94 142 21 122 92 59 71 139 17 14 105 134 38 19 96 73 117 103 2 149 34 115 93 112 83 116 90 108 69 27 32 77 49 53 1 56 78 146 125 57 0 84 40 74 111 135 39 52 66 35 23 114 62 25 147 123 148 79 121 143 140 132 95 118 7 113 87 28 106 104 6 51 126 128 45 98 133 81 100 68 47 89 138 145 3 75 36 30 130 60 54 4 131 110 120 91 102 88 46 119 65 29 76 141 82 18 124 11 127 55 43 50 67 9 61 80 37 72 15 129 31 22 63 20 26 12 137 
Coste: 648905133
Temperatura: 5.2012914625191164E8
Probabilidad de aceptación: 1.0
Movimiento: SI



ITERACION 7
Solucion:    136 97 70 101 42 58 107 137 16 13 99 64 44 144 24 8 86 5 85 109 33 10 48 41 94 142 21 122 92 59 71 139 17 14 105 134 38 19 96 73 117 103 2 149 34 115 93 112 83 116 90 108 69 27 32 77 49 53 1 56 78 146 125 57 0 84 40 74 111 135 39 52 66 35 23 114 62 25 147 123 148 79 121 143 140 132 95 118 7 113 87 28 106 104 6 51 126 128 45 98 133 81 100 68 47 89 138 145 3 75 36 30 130 60 54 4 131 110 120 91 102 88 46 119 65 29 76 141 82 18 124 11 127 55 43 50 67 9 61 80 37 72 15 129 31 22 63 20 26 12 
Coste: 643744043
Temperatura: 4.681162316267205E8
Probabilidad de aceptación: 1.0
Movimiento: SI



ITERACION 8
Solucion:    16 136 97 70 101 42 58 107 12 137 13 99 64 44 144 24 8 86 5 85 109 33 10 48 41 94 142 21 122 92 59 71 139 17 14 105 134 38 19 96 73 117 103 2 149 34 115 93 112 83 116 90 108 69 27 32 77 49 53 1 56 78 146 125 57 0 84 40 74 111 135 39 52 66 35 23 114 62 25 147 123 148 79 121 143 140 132 95 118 7 113 87 28 106 104 6 51 126 128 45 98 133 81 100 68 47 89 138 145 3 75 36 30 130 60 54 4 131 110 120 91 102 88 46 119 65 29 76 141 82 18 124 11 127 55 43 50 67 9 61 80 37 72 15 129 31 22 63 20 26 
Coste: 641172419
Temperatura: 4.2130460846404845E8
Probabilidad de aceptación: 1.0
Movimiento: SI



ITERACION 9
Solucion:    137 16 136 97 70 101 42 58 107 26 12 13 99 64 44 144 24 8 86 5 85 109 33 10 48 41 94 142 21 122 92 59 71 139 17 14 105 134 38 19 96 73 117 103 2 149 34 115 93 112 83 116 90 108 69 27 32 77 49 53 1 56 78 146 125 57 0 84 40 74 111 135 39 52 66 35 23 114 62 25 147 123 148 79 121 143 140 132 95 118 7 113 87 28 106 104 6 51 126 128 45 98 133 81 100 68 47 89 138 145 3 75 36 30 130 60 54 4 131 110 120 91 102 88 46 119 65 29 76 141 82 18 124 11 127 55 43 50 67 9 61 80 37 72 15 129 31 22 63 20 
Coste: 641509126
Temperatura: 3.791741476176436E8
Probabilidad de aceptación: 1.0
Movimiento: SI



ITERACION 10
Solucion:    12 137 16 136 97 70 101 42 58 107 20 26 13 99 64 44 144 24 8 86 5 85 109 33 10 48 41 94 142 21 122 92 59 71 17 139 14 105 134 38 19 96 73 117 103 2 149 34 115 93 112 83 116 90 108 69 27 32 77 49 53 1 56 78 146 125 57 0 84 40 74 111 135 39 52 66 35 23 114 62 25 147 123 148 79 121 143 140 132 95 118 7 113 87 28 106 104 6 51 126 128 45 98 133 81 100 68 47 89 138 145 3 75 36 30 130 60 54 4 131 110 120 91 102 88 46 119 65 29 76 141 82 18 124 11 127 55 43 50 67 9 61 80 37 72 15 129 31 22 63 
Coste: 637395565
Temperatura: 3.4125673285587925E8
Probabilidad de aceptación: 1.0
Movimiento: SI



ITERACION 11
Solucion:    26 12 137 16 136 97 70 101 42 58 107 63 20 13 99 64 44 144 24 8 86 5 85 109 33 10 48 41 94 142 21 122 92 59 71 17 139 14 105 134 38 19 96 73 117 103 2 149 34 115 93 112 83 116 90 108 69 27 32 77 49 53 1 56 78 146 125 57 0 84 40 74 111 135 39 52 66 35 23 114 62 25 147 123 148 79 121 143 140 132 95 118 7 113 87 28 106 104 6 51 126 128 45 98 133 81 100 68 47 89 138 145 3 75 36 30 130 60 54 4 131 110 120 91 102 88 46 119 65 29 76 141 82 18 124 11 127 55 43 50 67 9 61 80 37 72 15 129 31 22 
Coste: 632260462
Temperatura: 3.0713105957029134E8
Probabilidad de aceptación: 1.0
Movimiento: SI



ITERACION 12
Solucion:    20 26 12 137 16 136 97 70 101 42 58 107 22 63 13 99 64 44 144 24 8 86 5 85 109 33 10 48 41 94 142 21 122 92 59 71 17 139 14 105 134 38 19 96 73 117 103 2 149 34 115 93 112 83 116 90 108 69 27 32 77 49 53 1 56 78 146 125 57 0 84 40 74 111 135 39 52 66 35 23 114 62 25 147 123 148 79 121 143 140 132 95 118 7 113 87 28 106 104 6 51 126 128 45 98 133 81 100 68 47 89 138 145 3 75 36 30 130 60 54 4 131 110 120 91 102 88 46 119 65 29 76 141 82 18 124 11 127 55 43 50 67 9 61 80 37 72 15 129 31 
Coste: 634725418
Temperatura: 2.7641795361326224E8
Probabilidad de aceptación: 1.0
Movimiento: SI



ITERACION 13
Solucion:    63 20 26 12 137 16 136 97 70 101 42 58 107 31 22 13 99 64 44 144 24 8 86 5 85 109 33 10 48 41 94 142 21 122 92 59 71 17 139 14 105 134 38 19 96 73 117 103 2 149 34 115 93 112 83 116 90 108 69 27 32 77 49 53 1 56 78 146 125 57 0 84 40 74 111 135 39 52 66 35 23 114 62 25 147 123 148 79 121 143 140 132 95 118 7 113 87 28 106 104 6 51 126 128 45 98 133 81 100 68 47 89 138 145 3 75 36 30 130 60 54 4 131 110 120 91 102 88 46 119 65 29 76 141 82 18 124 11 127 55 43 50 67 9 61 80 37 72 15 129 
Coste: 637421680
Temperatura: 2.4877615825193602E8
Probabilidad de aceptación: 1.0
Movimiento: SI



ITERACION 14
Solucion:    22 63 20 26 12 137 16 136 97 70 101 42 58 107 129 31 13 99 64 44 144 24 8 86 5 85 109 33 10 48 41 94 142 21 122 92 59 71 17 139 14 105 134 38 19 96 73 117 103 2 149 34 115 93 112 83 116 90 108 69 27 32 77 49 53 1 56 78 146 125 57 0 84 40 74 111 135 39 52 66 35 23 114 62 25 147 123 148 79 121 143 140 132 95 118 7 113 87 28 106 104 6 51 126 128 45 98 133 81 100 68 47 89 138 145 3 75 36 30 130 60 54 4 131 110 120 91 102 88 46 119 65 29 76 141 82 18 124 11 127 55 43 50 67 9 61 80 37 72 15 
Coste: 634048439
Temperatura: 2.2389854242674243E8
Probabilidad de aceptación: 1.0
Movimiento: SI



ITERACION 15
Solucion:    31 22 63 20 26 12 137 16 136 97 70 101 42 58 107 15 129 13 99 64 44 144 24 8 86 5 85 109 33 10 48 41 94 142 21 122 92 59 71 17 139 14 105 134 38 19 96 73 117 103 2 149 34 115 93 112 83 116 90 108 69 27 32 77 49 53 1 56 78 146 125 57 0 84 40 74 111 135 39 52 66 35 23 114 62 25 147 123 148 79 121 143 140 132 95 118 7 113 87 28 106 104 6 51 126 128 45 98 133 81 100 68 47 89 138 145 3 75 36 30 130 60 54 4 131 110 120 91 102 88 46 119 65 29 76 141 82 18 124 11 127 55 43 50 67 9 61 80 37 72 
Coste: 634709897
Temperatura: 2.015086881840682E8
Probabilidad de aceptación: 1.0
Movimiento: SI



ITERACION 16
Solucion:    129 31 22 63 20 26 12 137 16 136 97 70 101 42 58 107 72 15 13 99 64 44 144 24 8 86 5 85 109 33 10 48 41 94 142 21 122 92 59 71 17 139 14 105 134 38 19 96 73 117 103 2 149 34 115 93 112 83 116 90 108 69 27 32 77 49 53 1 56 78 146 125 57 0 84 40 74 111 135 39 52 66 35 23 114 62 25 147 123 148 79 121 143 140 132 95 118 7 113 87 28 106 104 6 51 126 128 45 98 133 81 100 68 47 89 138 145 3 75 36 30 130 60 54 4 131 110 120 91 102 88 46 119 65 29 76 141 82 18 124 11 127 55 43 50 67 9 61 80 37 
Coste: 634456283
Temperatura: 1.8135781936566138E8
Probabilidad de aceptación: 1.0
Movimiento: SI



ITERACION 17
Solucion:    15 129 31 22 63 20 26 12 137 16 136 97 70 101 42 58 107 37 72 13 99 64 44 144 24 8 86 5 85 109 33 10 48 41 94 142 21 122 92 59 71 17 139 14 105 134 38 19 96 73 117 103 2 149 34 115 93 112 83 116 90 108 69 27 32 77 49 53 1 56 78 146 125 57 0 84 40 74 111 135 39 52 66 35 23 114 62 25 147 123 148 79 121 143 140 132 95 118 7 113 87 28 106 104 6 51 126 128 45 98 133 81 100 68 47 89 138 145 3 75 36 30 130 60 54 4 131 110 120 91 102 88 46 119 65 29 76 141 82 18 124 11 127 55 43 50 67 9 61 80 
Coste: 634674022
Temperatura: 1.6322203742909524E8
Probabilidad de aceptación: 1.0
Movimiento: SI



ITERACION 18
Solucion:    72 15 129 31 22 63 20 26 12 137 16 136 97 70 101 42 58 107 80 37 13 99 64 44 144 24 8 86 5 85 109 33 10 48 41 94 142 21 122 92 59 71 17 139 14 105 134 38 19 96 73 117 103 2 149 34 115 93 112 83 116 90 108 69 27 32 77 49 53 1 56 78 146 125 57 0 84 40 74 111 135 39 52 66 35 23 114 62 25 147 123 148 79 121 143 140 132 95 118 7 113 87 28 106 104 6 51 126 128 45 98 133 81 100 68 47 89 138 145 3 75 36 30 130 60 54 4 131 110 120 91 102 88 46 119 65 29 76 141 82 18 124 11 127 55 43 50 67 9 61 
Coste: 632267441
Temperatura: 1.4689983368618572E8
Probabilidad de aceptación: 1.0
Movimiento: SI



ITERACION 19
Solucion:    37 72 15 129 31 22 63 20 26 12 137 16 136 97 70 101 42 58 107 61 80 13 99 64 44 144 24 8 86 5 85 109 33 10 48 41 94 142 21 122 92 59 71 17 139 14 105 134 38 19 96 73 117 103 2 149 34 115 93 112 83 116 90 108 69 27 32 77 49 53 1 56 78 146 125 57 0 40 84 74 111 135 39 52 66 35 23 114 62 25 147 123 148 79 121 143 140 132 95 118 7 113 87 28 106 104 6 51 126 128 45 98 133 81 100 68 47 89 138 145 3 75 36 30 130 60 54 4 131 110 120 91 102 88 46 119 65 29 76 141 82 18 124 11 127 55 43 50 67 9 
Coste: 625833435
Temperatura: 1.3220985031756715E8
Probabilidad de aceptación: 1.0
Movimiento: SI



ITERACION 20
Solucion:    80 37 72 15 129 31 22 63 20 26 12 137 16 136 97 70 101 42 58 107 9 61 13 99 64 44 144 24 8 86 5 85 109 33 10 48 41 94 142 21 122 92 59 71 17 139 14 105 134 38 19 96 73 117 103 2 149 34 115 93 112 83 116 90 108 69 27 32 77 49 53 1 56 78 146 125 57 0 40 84 74 111 135 39 52 66 35 23 114 62 25 147 123 148 79 121 143 140 132 95 118 7 113 87 28 106 104 6 51 126 128 45 98 133 81 100 68 47 89 138 145 3 75 36 30 130 60 54 4 131 110 120 91 102 88 46 119 65 29 76 141 82 124 18 11 127 55 43 50 67 
Coste: 633153357
Temperatura: 1.1898886528581044E8
Probabilidad de aceptación: 1.0
Movimiento: SI



ITERACION 21
Solucion:    61 80 37 72 15 129 31 22 63 20 26 12 137 16 136 97 70 101 42 58 107 67 9 13 99 64 44 144 24 8 86 5 85 109 33 10 48 41 94 142 21 122 92 59 71 17 139 14 105 134 38 19 96 73 117 103 2 149 34 115 93 112 83 116 90 108 69 27 32 77 49 53 1 56 78 146 125 57 0 40 84 74 111 135 39 52 66 35 23 114 62 25 147 123 148 79 121 143 140 132 95 118 7 113 87 28 106 104 6 51 126 128 45 98 133 81 100 68 47 89 138 145 3 75 36 30 130 60 54 4 131 110 120 91 102 88 46 119 65 29 76 141 82 124 18 11 127 55 43 50 
Coste: 632372827
Temperatura: 1.070899787572294E8
Probabilidad de aceptación: 1.0
Movimiento: SI



ITERACION 22
Solucion:    9 61 80 37 72 15 129 31 22 63 20 26 12 137 16 136 97 70 101 42 58 107 50 67 13 99 64 44 144 24 8 86 5 85 109 33 10 48 41 94 142 21 122 92 71 59 17 139 14 105 134 38 19 96 73 117 103 2 149 34 115 93 112 83 116 90 108 69 27 32 77 49 53 1 56 78 146 125 57 0 40 84 74 111 135 39 52 66 35 23 114 62 25 147 123 148 79 121 143 140 132 95 118 7 113 87 28 106 104 6 51 126 128 45 98 133 81 100 68 47 89 138 145 3 75 36 30 130 60 54 4 131 110 120 91 102 88 46 119 65 29 76 141 82 124 18 11 127 55 43 
Coste: 635936595
Temperatura: 9.638098088150646E7
Probabilidad de aceptación: 1.0
Movimiento: SI



ITERACION 23
Solucion:    67 9 61 80 37 72 15 129 31 22 63 20 26 12 137 16 136 97 70 101 42 58 107 43 50 13 99 64 44 144 24 8 86 5 85 109 33 10 48 41 94 142 21 122 92 71 59 17 139 14 105 134 38 19 96 73 117 103 2 149 34 115 93 112 83 116 90 108 69 27 32 77 49 53 1 56 146 78 125 57 0 40 84 74 111 135 39 52 66 35 23 114 62 25 147 123 148 79 121 143 140 132 95 118 7 113 87 28 106 104 6 51 126 128 45 98 133 100 81 68 47 89 138 145 3 75 36 30 130 60 54 4 131 110 120 91 102 88 46 119 65 29 76 141 82 124 18 11 127 55 
Coste: 630755086
Temperatura: 8.674288279335581E7
Probabilidad de aceptación: 1.0
Movimiento: SI



ITERACION 24
Solucion:    67 50 9 61 80 37 72 15 129 31 22 63 20 26 12 137 16 136 97 70 101 42 58 107 55 43 13 99 64 44 144 24 8 86 5 85 109 33 10 48 41 94 142 21 122 92 71 59 17 139 14 105 134 38 19 96 73 117 103 2 149 34 115 93 112 83 116 90 108 69 27 32 77 49 53 1 56 146 78 125 57 0 40 84 74 111 135 39 52 66 35 23 114 62 25 147 123 148 79 121 143 140 132 95 118 7 113 87 28 106 104 6 51 126 128 45 98 133 100 81 68 47 89 138 145 3 75 36 30 60 130 54 4 131 110 120 91 102 88 46 119 65 29 76 141 82 124 18 11 127 
Coste: 633381511
Temperatura: 7.806859451402023E7
Probabilidad de aceptación: 1.0
Movimiento: SI



ITERACION 25
Solucion:    43 67 50 9 61 80 37 72 15 129 31 22 63 20 26 12 137 16 136 97 70 101 42 58 107 127 55 13 99 64 44 144 24 8 86 5 109 85 33 10 48 41 94 142 21 122 92 71 59 17 139 14 105 134 38 19 96 73 117 103 2 149 34 115 93 112 83 116 90 108 69 27 32 77 49 53 1 56 146 78 125 57 0 40 84 74 111 135 39 52 66 35 23 114 62 25 147 123 148 79 143 121 140 132 95 118 7 113 87 28 106 104 6 51 126 128 45 98 133 100 81 68 47 89 138 145 3 75 36 30 60 130 54 4 131 110 120 91 102 88 46 119 65 29 76 141 82 124 18 11 
Coste: 632807240
Temperatura: 7.026173506261821E7
Probabilidad de aceptación: 1.0
Movimiento: SI



ITERACION 26
Solucion:    55 43 67 50 9 61 80 37 72 15 129 31 22 63 20 26 12 137 16 136 97 70 101 42 58 107 11 127 13 99 64 44 144 24 8 86 5 109 85 33 10 48 41 94 142 21 122 92 71 59 17 139 14 105 134 38 19 96 73 117 103 2 149 34 115 93 112 83 116 90 108 69 27 32 77 49 53 1 56 146 78 125 57 0 40 84 74 111 135 39 52 66 35 23 114 62 25 147 123 148 79 143 121 140 132 95 118 7 113 87 28 106 104 6 51 126 128 45 98 133 100 81 68 47 89 138 145 3 75 36 30 60 130 54 4 131 110 120 91 102 88 46 119 65 29 76 141 82 124 18 
Coste: 633436229
Temperatura: 6.323556155635639E7
Probabilidad de aceptación: 1.0
Movimiento: SI



ITERACION 27
Solucion:    127 55 43 67 50 9 61 80 37 72 15 129 31 22 63 26 20 12 137 16 136 97 70 101 42 58 107 18 11 13 99 64 44 144 24 8 86 5 109 85 33 10 48 41 94 142 21 122 92 71 59 17 139 14 105 134 38 19 96 73 117 103 2 149 34 115 93 112 83 116 90 108 69 27 32 77 49 53 1 56 146 78 125 57 0 40 84 74 111 135 39 52 66 35 23 114 62 25 147 123 148 79 143 121 140 132 95 118 7 113 87 28 106 104 6 51 126 128 45 98 133 100 81 68 47 89 138 145 3 75 36 30 60 130 54 4 131 110 120 91 102 88 46 119 65 29 76 141 82 124 
Coste: 630968044
Temperatura: 5.691200540072075E7
Probabilidad de aceptación: 1.0
Movimiento: SI



ITERACION 28
Solucion:    11 127 55 43 67 50 9 61 80 37 72 15 129 31 22 63 26 20 12 137 16 136 97 70 101 42 58 107 124 18 13 99 64 44 144 24 8 86 5 109 85 33 10 48 41 94 142 21 122 92 71 59 17 139 14 105 134 38 19 96 73 117 103 2 149 34 115 93 112 83 116 90 108 69 27 32 77 49 53 1 56 146 78 125 57 0 40 84 74 111 135 39 52 66 35 23 114 62 25 147 123 148 79 143 121 140 132 95 7 118 113 87 28 106 104 6 51 126 128 45 98 133 100 81 68 47 89 138 145 3 75 36 30 60 130 54 4 131 110 120 91 102 88 46 119 65 29 76 141 82 
Coste: 630390128
Temperatura: 5.122080486064868E7
Probabilidad de aceptación: 1.0
Movimiento: SI



ITERACION 29
Solucion:    18 11 127 55 43 67 50 9 61 80 37 72 15 129 31 22 63 26 20 12 137 16 136 97 70 101 42 58 107 82 124 13 99 64 44 144 24 8 86 5 109 85 33 10 48 41 94 142 21 122 92 71 59 17 139 14 105 134 38 19 96 73 117 103 2 149 34 115 93 112 116 83 90 108 69 27 32 77 49 53 1 56 146 78 125 57 0 40 84 74 111 135 39 52 66 35 23 114 62 25 147 123 148 79 143 121 140 132 95 7 118 113 87 28 106 104 6 51 126 128 45 98 133 100 81 68 47 89 138 145 3 75 36 30 60 130 54 4 131 110 120 91 102 88 46 119 65 29 76 141 
Coste: 627035483
Temperatura: 4.609872437458381E7
Probabilidad de aceptación: 1.0
Movimiento: SI



ITERACION 30
Solucion:    124 18 11 127 55 43 67 50 9 61 80 37 72 15 129 31 22 63 26 20 12 137 16 136 97 70 101 42 58 107 141 82 13 99 64 44 144 24 8 86 5 109 85 33 10 48 41 94 142 21 122 92 71 59 17 139 14 105 134 38 19 96 73 117 103 2 149 34 115 93 112 116 83 90 108 69 27 32 77 49 53 1 56 146 78 125 57 0 40 84 74 111 135 39 52 66 35 23 114 25 62 147 123 148 79 143 121 140 132 95 7 118 113 87 28 106 104 6 51 126 128 45 98 133 100 81 68 47 89 138 145 3 75 36 30 60 130 54 4 131 110 120 91 102 88 46 119 65 29 76 
Coste: 623444803
Temperatura: 4.148885193712543E7
Probabilidad de aceptación: 1.0
Movimiento: SI



ITERACION 31
Solucion:    82 124 18 11 127 55 43 67 50 9 61 80 37 72 15 129 31 22 63 26 20 12 137 16 136 97 70 101 42 58 107 76 141 13 99 64 44 144 24 8 86 5 109 85 33 10 48 41 94 142 21 122 92 71 17 59 139 14 105 134 38 19 96 73 117 103 2 149 34 115 93 112 116 83 90 108 69 27 32 77 49 53 1 56 146 78 125 57 0 84 40 74 111 135 39 52 66 35 23 114 25 62 147 123 148 79 143 140 121 132 95 7 118 113 87 28 106 104 6 51 126 128 45 98 133 100 81 68 47 138 89 145 3 75 36 60 30 130 54 4 131 110 120 91 102 88 46 119 65 29 
Coste: 623042572
Temperatura: 3.733996674341289E7
Probabilidad de aceptación: 1.0
Movimiento: SI



ITERACION 32
Solucion:    141 82 124 18 11 127 55 43 67 50 9 61 80 37 72 15 129 31 22 63 26 20 12 137 16 136 97 70 101 42 58 107 29 76 13 99 64 44 144 24 8 86 5 109 85 33 10 48 41 94 142 21 122 92 71 17 59 139 14 105 134 38 19 96 73 117 103 2 149 34 115 93 112 116 83 90 108 69 27 32 77 49 53 1 56 146 78 125 57 84 0 74 40 111 135 39 52 66 35 23 114 25 62 147 123 148 79 143 140 121 132 95 7 118 113 87 28 106 104 6 51 126 128 45 98 133 100 81 68 47 138 89 145 3 75 36 60 30 130 54 4 131 110 120 91 102 88 46 119 65 
Coste: 620506245
Temperatura: 3.36059700690716E7
Probabilidad de aceptación: 1.0
Movimiento: SI



ITERACION 33
Solucion:    76 141 82 124 18 11 127 55 43 67 50 9 61 80 37 72 15 129 31 22 63 26 20 12 137 16 136 97 70 101 42 58 107 65 29 13 99 64 44 144 24 8 86 5 109 85 33 10 48 41 94 142 21 122 92 71 17 59 139 14 105 134 38 19 96 117 73 103 2 149 34 115 93 112 116 83 90 108 69 27 32 77 49 53 1 56 146 78 125 57 84 0 74 111 40 135 39 52 66 35 23 114 25 62 147 123 148 79 143 140 121 132 95 7 118 113 87 28 106 104 6 126 51 128 45 98 133 100 81 68 47 138 89 145 3 75 36 60 30 130 54 4 131 110 120 91 102 88 46 119 
Coste: 620769333
Temperatura: 3.024537306216444E7
Probabilidad de aceptación: 1.0
Movimiento: SI



ITERACION 34
Solucion:    29 76 141 82 124 18 11 127 55 43 67 50 9 61 80 37 72 15 129 31 22 63 26 20 12 137 16 136 97 70 101 42 58 107 119 65 13 99 64 44 144 24 8 86 5 109 85 33 10 48 41 94 142 21 122 92 71 17 59 139 14 105 134 38 19 96 117 73 103 2 149 34 115 112 93 116 83 90 108 69 27 32 77 49 53 1 56 146 78 125 57 84 0 74 111 40 135 39 52 66 35 23 114 25 62 147 123 148 79 143 140 121 132 95 7 118 113 87 28 104 106 6 126 51 128 45 98 133 100 81 68 47 138 89 145 3 75 36 60 30 130 54 4 131 110 120 91 102 88 46 
Coste: 622776035
Temperatura: 2.7220835755947996E7
Probabilidad de aceptación: 1.0
Movimiento: SI



ITERACION 35
Solucion:    65 29 76 141 82 124 18 11 127 55 43 67 50 9 61 80 37 72 15 129 31 22 63 26 20 12 137 16 136 97 70 101 42 58 107 46 119 13 99 64 44 144 24 8 86 5 109 85 33 10 48 41 94 142 21 122 92 71 17 59 139 14 105 134 38 19 96 117 103 73 2 149 34 115 112 93 116 83 90 108 69 27 32 77 53 49 1 56 146 78 125 57 84 0 74 111 40 135 39 52 66 35 23 114 25 62 147 123 148 79 143 140 132 121 95 7 118 113 87 28 104 106 6 126 51 128 45 98 133 100 81 68 47 138 89 145 3 75 36 60 30 130 54 4 131 110 120 91 102 88 
Coste: 621480002
Temperatura: 2.44987521803532E7
Probabilidad de aceptación: 1.0
Movimiento: SI



ITERACION 36
Solucion:    119 65 29 76 141 82 124 18 11 127 55 43 67 50 9 61 80 37 72 15 129 31 22 63 26 20 12 137 16 136 97 70 101 42 58 107 88 46 13 99 64 44 144 24 8 86 5 109 85 33 10 48 41 94 142 21 122 92 71 17 59 139 14 105 134 38 19 96 117 103 73 2 149 34 115 112 93 116 83 90 108 69 27 32 77 53 49 1 56 146 78 125 84 57 0 74 111 40 135 39 52 66 35 23 114 25 62 147 123 148 79 143 140 132 121 95 7 118 113 87 28 104 106 6 126 51 128 45 98 133 100 81 68 47 138 89 145 3 75 36 60 30 130 54 4 131 120 110 91 102 
Coste: 617786699
Temperatura: 2.204887696231788E7
Probabilidad de aceptación: 1.0
Movimiento: SI



ITERACION 37
Solucion:    46 119 65 29 76 82 141 124 18 11 127 55 43 67 50 9 61 80 37 72 15 129 31 22 63 26 20 12 137 16 136 97 70 101 42 58 107 102 88 13 99 64 44 144 24 8 86 5 109 85 33 10 48 41 94 142 21 122 92 71 17 59 14 139 105 134 38 19 96 117 103 73 2 149 34 115 112 93 116 83 90 108 69 27 32 77 53 49 1 146 56 78 125 84 57 0 74 111 40 135 39 52 66 35 23 114 25 62 147 123 148 79 143 140 132 121 95 7 113 118 87 104 28 106 6 126 128 51 45 98 133 100 81 68 47 138 89 145 3 75 36 60 30 130 54 4 131 120 110 91 
Coste: 617005088
Temperatura: 1.9843989266086094E7
Probabilidad de aceptación: 1.0
Movimiento: SI



ITERACION 38
Solucion:    88 46 119 65 29 76 82 141 124 18 11 127 55 43 67 50 9 61 80 37 72 15 129 31 22 63 26 20 12 137 16 136 97 70 101 42 58 107 91 102 13 99 64 44 144 24 8 86 5 109 85 33 10 48 41 94 142 21 122 92 71 17 59 14 139 105 134 38 19 96 117 103 73 2 149 34 115 112 93 116 83 90 108 69 27 32 77 53 49 1 146 56 78 125 84 57 0 74 111 40 135 39 52 66 35 23 114 25 62 147 123 148 79 143 140 132 121 95 7 113 118 87 104 28 106 6 126 128 51 45 98 133 100 81 68 47 138 89 145 3 75 36 60 30 130 54 4 131 120 110 
Coste: 615493741
Temperatura: 1.7859590339477487E7
Probabilidad de aceptación: 1.0
Movimiento: SI



ITERACION 39
Solucion:    102 88 46 119 65 29 76 82 141 124 18 11 127 55 43 67 50 9 61 80 37 72 15 129 31 22 63 26 20 12 137 16 136 97 70 101 42 58 107 110 91 13 99 64 144 44 24 8 86 5 109 85 33 10 48 41 94 142 21 122 92 17 71 59 14 139 105 134 38 19 96 117 103 73 2 149 34 115 112 93 116 83 90 108 69 27 32 77 53 49 1 146 56 78 125 84 57 0 74 111 40 135 39 52 66 35 23 114 25 62 147 123 148 79 143 140 132 121 95 7 113 118 104 87 28 106 6 126 128 51 45 98 133 100 81 68 47 138 89 145 3 75 36 60 30 54 130 4 131 120 
Coste: 611861875
Temperatura: 1.6073631305529738E7
Probabilidad de aceptación: 1.0
Movimiento: SI



ITERACION 40
Solucion:    91 102 88 46 119 65 29 76 82 124 141 18 11 127 55 43 67 50 9 61 80 37 72 15 129 31 22 63 26 20 12 137 16 136 97 70 101 42 58 107 131 110 13 99 64 144 44 24 8 86 5 109 85 33 10 48 41 94 142 21 122 92 17 71 59 14 139 105 134 19 96 38 117 103 73 2 149 34 115 112 93 116 83 90 108 69 27 32 77 53 1 49 146 56 78 125 84 57 0 74 111 135 40 39 52 66 35 23 114 25 62 147 123 148 79 143 140 132 121 95 7 113 104 118 87 28 106 6 126 128 51 45 98 133 100 81 68 47 138 89 145 3 75 36 60 30 54 130 4 120 
Coste: 614987987
Temperatura: 1.4466268174976764E7
Probabilidad de aceptación: 0.8635541709638156
Movimiento: NO



ITERACION 41
Solucion:    110 91 102 46 88 119 65 29 76 82 124 141 18 11 127 55 43 67 50 9 61 80 37 72 15 129 31 22 63 26 20 12 137 16 136 97 70 101 42 58 107 120 131 13 99 64 144 44 24 8 86 5 109 85 33 10 48 41 94 142 21 122 92 17 71 59 14 139 105 134 19 96 38 117 103 73 2 149 34 115 112 93 116 83 90 108 69 27 32 77 53 1 49 146 56 78 125 84 57 0 74 111 135 40 39 52 66 35 23 114 25 62 147 123 148 79 143 140 132 121 95 7 113 104 118 87 28 106 6 126 128 51 45 98 133 100 81 68 47 138 89 145 3 75 36 60 30 54 130 4 
Coste: 610290896
Temperatura: 1.3019641357479088E7
Probabilidad de aceptación: 1.0
Movimiento: SI



ITERACION 42
Solucion:    131 110 91 102 46 88 119 65 29 76 82 124 141 18 11 127 55 43 67 50 9 61 80 37 72 15 129 31 22 63 26 20 12 137 16 136 97 70 101 42 58 107 4 120 99 13 64 144 24 44 8 86 5 109 85 33 10 48 41 94 142 21 122 92 17 71 59 14 139 105 134 19 96 38 117 103 73 2 149 34 115 112 93 116 83 90 108 69 32 27 77 53 1 49 146 56 78 125 84 57 0 74 111 135 40 39 52 66 35 23 114 25 62 147 123 148 79 143 140 132 121 95 7 113 104 118 87 28 106 126 6 128 51 45 98 133 100 81 68 47 138 89 145 3 75 36 60 30 54 130 
Coste: 612398244
Temperatura: 1.171767722173118E7
Probabilidad de aceptación: 1.0
Movimiento: SI



ITERACION 43
Solucion:    120 131 110 91 102 46 88 119 65 29 76 82 124 141 18 11 127 55 43 67 50 9 61 80 37 72 15 129 31 22 63 26 20 12 137 16 136 97 101 70 58 42 107 130 4 99 13 64 144 24 44 8 86 5 109 85 33 10 48 41 94 142 21 122 92 17 71 59 14 139 105 134 19 96 38 117 103 73 2 149 115 34 112 93 116 83 90 108 69 32 27 77 53 1 49 146 56 78 125 84 57 0 74 111 135 40 39 52 66 35 23 114 25 62 147 123 148 79 143 140 132 121 95 7 104 113 118 87 28 106 126 6 128 51 45 98 133 100 81 68 47 138 89 145 3 75 36 60 30 54 
Coste: 609775402
Temperatura: 1.0545909499558063E7
Probabilidad de aceptación: 1.0
Movimiento: SI



ITERACION 44
Solucion:    4 120 131 110 102 91 46 88 119 65 29 76 82 124 141 18 11 127 55 43 67 50 9 61 80 37 72 129 15 31 22 26 63 20 12 137 16 136 97 101 70 58 42 107 54 130 99 13 64 144 24 44 8 86 5 109 85 33 10 48 41 94 142 21 122 92 17 71 59 14 139 105 134 19 96 38 117 103 73 2 149 115 34 112 93 116 83 90 108 69 32 27 77 53 1 49 146 56 78 125 84 57 0 74 111 135 40 39 52 66 35 23 114 25 62 147 123 148 79 143 140 132 121 95 7 104 113 118 87 28 106 126 6 128 51 45 98 133 100 81 68 47 138 89 145 3 75 36 60 30 
Coste: 609291458
Temperatura: 9491318.549602257
Probabilidad de aceptación: 1.0
Movimiento: SI



ITERACION 45
Solucion:    130 4 120 131 110 102 91 46 88 119 65 29 76 82 124 141 18 11 127 55 43 67 50 9 61 80 37 72 129 15 31 22 26 20 63 12 137 16 136 97 101 70 58 42 107 30 54 99 13 64 144 24 44 8 86 5 109 85 33 10 48 41 94 142 122 21 92 17 71 59 14 139 105 134 19 96 38 117 103 73 2 149 115 34 112 116 93 83 108 90 69 32 27 77 53 1 49 146 56 78 125 84 57 0 74 111 135 39 40 52 66 35 23 114 25 62 147 123 148 79 143 140 132 121 95 7 104 113 118 87 106 126 28 128 51 6 45 98 133 100 81 68 47 138 89 145 3 75 36 60 
Coste: 612746067
Temperatura: 8542186.694642032
Probabilidad de aceptación: 1.0
Movimiento: SI



ITERACION 46
Solucion:    54 130 4 120 131 110 102 91 46 88 119 65 29 76 82 124 141 18 11 127 55 43 50 67 9 61 80 37 72 129 15 31 22 26 20 12 63 137 16 136 101 97 70 58 42 107 60 30 99 13 64 144 24 44 8 86 5 85 109 33 10 48 41 94 142 122 21 92 17 71 59 14 139 105 134 19 96 38 117 103 73 2 115 149 34 112 116 93 83 108 90 69 32 27 77 53 1 49 146 56 78 125 84 57 0 111 74 135 39 40 52 66 35 23 114 25 62 147 123 148 143 79 140 132 95 121 7 104 113 118 87 106 126 28 128 51 6 45 98 133 100 81 68 138 47 89 145 3 75 36 
Coste: 611848297
Temperatura: 7687968.025177829
Probabilidad de aceptación: 1.0
Movimiento: SI



ITERACION 47
Solucion:    30 54 130 4 120 131 110 102 91 46 88 119 65 29 76 82 124 141 18 127 11 55 43 50 67 9 61 80 37 72 129 15 31 22 26 20 12 63 137 16 136 101 97 70 58 42 107 36 60 99 13 64 144 24 44 8 86 5 85 33 109 10 48 41 94 142 122 21 92 17 71 59 14 139 105 134 19 96 38 117 103 73 2 115 149 34 112 116 93 83 108 90 69 32 27 77 53 1 49 146 56 78 125 84 57 0 111 74 135 39 40 52 66 35 23 114 25 62 147 123 148 143 79 140 132 95 121 7 104 113 118 87 106 126 128 28 51 6 98 45 133 100 81 68 138 47 89 145 3 75 
Coste: 604947907
Temperatura: 6919171.222660046
Probabilidad de aceptación: 1.0
Movimiento: SI



ITERACION 48
Solucion:    60 30 54 130 4 120 131 110 102 91 46 88 119 65 29 76 82 124 141 18 127 11 55 43 50 67 9 61 37 80 129 72 15 31 22 26 20 12 137 16 63 136 101 97 70 58 42 107 75 36 99 13 64 144 24 44 8 86 5 85 33 109 10 48 41 94 142 122 92 21 17 71 59 14 139 105 134 19 96 38 103 117 73 2 115 149 34 112 116 93 83 108 90 69 32 27 77 53 1 49 146 56 78 125 84 57 0 111 135 74 39 40 52 66 35 23 114 25 62 147 123 143 148 79 140 95 132 121 7 104 113 118 87 106 126 128 28 51 6 98 45 133 100 81 68 138 47 89 145 3 
Coste: 599341286
Temperatura: 6227254.100394041
Probabilidad de aceptación: 1.0
Movimiento: SI



ITERACION 49
Solucion:    36 60 30 54 130 4 120 131 110 102 91 46 88 119 65 29 76 82 124 141 18 127 11 55 43 50 67 9 61 37 129 80 72 15 31 22 26 20 12 137 16 63 136 101 97 70 58 42 107 3 75 99 13 64 144 24 44 8 5 85 33 86 109 10 48 41 94 122 142 92 17 71 21 59 14 105 139 134 19 96 38 103 117 73 2 115 149 34 112 116 93 83 108 90 69 32 27 77 53 1 49 146 56 78 125 57 84 0 111 135 74 39 52 40 66 35 23 114 25 62 147 123 143 148 79 140 95 132 121 7 104 113 118 87 106 126 128 51 28 6 98 45 133 100 81 68 138 47 89 145 
Coste: 597041479
Temperatura: 5604528.690354637
Probabilidad de aceptación: 1.0
Movimiento: SI



ITERACION 50
Solucion:    75 36 60 30 54 130 4 120 131 110 102 91 46 88 119 29 65 76 82 124 141 18 127 11 55 50 43 67 9 61 37 129 80 72 15 31 22 26 20 12 137 16 63 136 101 97 70 42 58 107 145 3 99 13 64 144 24 44 8 5 85 33 86 109 10 48 41 94 122 142 92 17 71 59 21 14 105 139 134 19 96 38 103 117 2 73 115 149 34 112 116 93 83 108 90 69 32 27 77 53 1 49 146 56 78 125 57 84 0 111 135 74 39 52 66 40 35 23 114 62 25 147 123 143 148 140 79 95 132 121 7 104 113 118 106 87 126 128 51 28 6 98 45 133 100 81 68 138 47 89 
Coste: 600384868
Temperatura: 5044075.821319173
Probabilidad de aceptación: 1.0
Movimiento: SI



ITERACION 51
Solucion:    3 75 36 60 30 54 130 4 120 131 110 102 91 46 88 29 119 65 76 82 124 141 18 127 11 50 55 43 67 9 61 37 129 80 72 15 31 22 26 20 12 137 16 63 136 101 97 70 42 58 107 89 145 99 13 64 144 24 44 8 5 85 33 86 109 10 48 41 94 122 142 92 71 59 17 21 14 105 139 134 19 96 38 103 117 2 73 115 149 34 116 112 93 83 108 90 69 32 27 77 53 1 49 146 56 78 125 57 84 0 111 135 74 39 52 66 40 35 23 114 62 25 147 123 143 148 140 95 79 132 7 121 104 113 118 106 87 126 128 51 28 6 98 45 133 100 68 81 138 47 
Coste: 595450835
Temperatura: 4539668.2391872555
Probabilidad de aceptación: 1.0
Movimiento: SI



ITERACION 52
Solucion:    145 3 75 60 30 36 54 130 4 131 120 110 102 46 91 88 29 119 76 65 82 124 141 18 127 50 11 55 43 67 9 61 37 129 80 72 15 31 26 22 12 137 20 16 63 136 101 97 70 42 58 107 47 89 99 13 64 144 24 8 44 5 85 33 86 109 10 48 41 94 122 142 92 71 59 17 14 21 105 139 134 19 96 38 103 2 117 115 73 149 34 116 112 93 83 108 90 69 32 27 77 53 1 49 146 56 78 125 57 84 0 111 135 74 39 52 66 35 40 23 114 62 25 147 123 143 148 140 95 79 132 7 121 104 113 118 106 126 87 128 51 28 6 98 45 133 100 68 81 138 
Coste: 591845915
Temperatura: 4085701.41526853
Probabilidad de aceptación: 1.0
Movimiento: SI



ITERACION 53
Solucion:    89 145 3 75 60 30 54 36 130 4 131 120 110 102 46 91 88 29 119 76 65 82 124 18 141 127 50 11 55 43 67 9 61 129 37 72 80 15 31 26 12 22 137 20 16 63 136 101 97 70 42 58 107 81 47 99 64 13 144 24 8 5 85 44 33 86 109 10 48 41 122 94 142 92 71 17 59 14 105 139 21 134 19 96 38 103 2 117 115 73 149 34 116 112 93 83 108 90 69 32 27 77 53 1 49 146 56 78 125 57 84 0 111 135 74 39 52 35 66 40 23 114 62 25 147 123 143 148 140 95 132 79 7 121 104 113 118 106 126 87 128 51 6 28 98 45 100 68 133 138 
Coste: 592675169
Temperatura: 3677131.2737416774
Probabilidad de aceptación: 0.8443321222746761
Movimiento: NO



ITERACION 54
Solucion:    47 89 145 3 75 60 30 54 36 130 4 131 120 110 46 102 91 88 29 119 76 65 82 18 124 127 50 11 141 55 43 67 9 61 129 37 72 80 15 26 31 12 22 137 20 16 63 136 101 97 70 42 58 107 138 81 99 64 13 24 144 8 5 85 44 33 86 10 109 48 41 122 94 92 142 71 17 14 59 105 139 134 21 19 96 103 38 2 117 115 73 149 34 116 112 93 83 108 90 69 32 27 77 53 1 49 146 56 78 125 57 0 84 111 135 74 39 52 35 66 23 114 62 40 25 147 123 143 148 140 95 132 79 7 121 104 113 118 106 126 87 128 51 6 28 98 100 45 68 133 
Coste: 592084360
Temperatura: 3309418.14636751
Probabilidad de aceptación: 1.0
Movimiento: SI



ITERACION 55
Solucion:    81 47 89 145 3 75 60 30 54 36 130 4 131 120 110 46 102 91 29 88 119 76 65 82 18 124 127 50 11 141 55 43 67 9 61 129 37 72 80 15 26 31 12 22 137 20 16 63 136 101 97 70 42 58 107 68 138 99 64 24 13 144 8 5 85 44 33 86 10 109 48 122 41 92 94 142 71 17 14 105 139 59 134 19 96 21 103 38 2 117 115 73 149 34 116 112 93 83 108 90 69 32 27 77 53 1 146 49 56 78 125 57 0 84 111 135 74 39 52 35 66 23 114 62 40 25 123 147 143 148 140 95 132 79 7 121 104 113 118 106 126 87 128 51 6 98 28 100 45 133 
Coste: 589686777
Temperatura: 2978476.331730759
Probabilidad de aceptación: 0.8071261280863662
Movimiento: NO



ITERACION 56
Solucion:    138 81 47 89 145 3 60 75 30 54 36 130 4 131 110 120 46 102 91 29 88 119 76 65 82 18 124 127 50 11 141 55 43 67 9 61 129 37 72 80 15 26 31 22 12 137 20 16 63 136 101 97 70 42 58 107 133 68 99 64 24 13 144 8 5 85 44 33 10 86 109 48 122 41 92 94 71 17 142 14 105 139 59 134 19 96 21 103 38 2 117 115 73 149 34 116 112 93 83 108 90 69 32 27 77 53 1 146 49 56 78 125 57 0 84 111 135 74 39 52 35 66 23 114 62 25 40 123 147 143 148 140 95 132 79 7 121 104 113 118 106 126 87 128 51 6 98 28 100 45 
Coste: 587313490
Temperatura: 2680628.698557683
Probabilidad de aceptación: 1.0
Movimiento: SI



ITERACION 57
Solucion:    138 68 81 47 89 145 3 60 75 30 54 36 130 131 4 110 46 102 120 91 29 88 119 76 65 82 18 127 124 50 11 141 55 43 67 9 61 129 37 72 80 15 26 31 22 12 137 20 16 63 136 101 97 70 58 42 107 28 133 64 24 99 13 8 144 85 44 5 10 33 86 109 122 48 41 92 94 71 17 142 14 105 139 59 134 19 96 103 21 38 2 117 115 73 149 34 116 112 93 83 108 90 69 32 27 77 53 1 146 49 56 78 125 57 0 84 111 135 74 39 52 35 23 66 114 62 25 40 147 143 123 148 140 95 132 79 7 121 104 113 118 106 126 87 128 51 6 98 100 45 
Coste: 580151540
Temperatura: 2412565.8287019148
Probabilidad de aceptación: 0.6325032070769133
Movimiento: NO



ITERACION 58
Solucion:    133 138 68 47 81 89 145 60 3 75 54 30 36 131 4 130 46 110 102 120 91 29 88 119 76 65 82 18 127 124 50 11 55 141 43 67 9 129 61 72 37 80 26 15 31 22 12 137 20 16 63 136 101 97 70 42 107 58 45 28 64 24 99 13 8 144 85 44 5 10 33 86 122 48 109 41 92 94 71 17 142 105 14 139 134 59 19 96 103 38 2 21 117 115 73 34 116 149 112 93 83 108 90 69 32 27 53 77 1 146 49 56 125 78 57 0 84 111 135 74 39 52 35 23 66 114 62 25 40 147 143 123 148 140 95 132 79 7 121 104 113 106 118 126 87 128 51 6 98 100 
Coste: 578687978
Temperatura: 2171309.2458317233
Probabilidad de aceptación: 1.0
Movimiento: SI



ITERACION 59
Solucion:    28 133 138 68 47 81 89 145 60 3 54 75 36 131 30 4 130 46 110 102 91 29 120 88 76 119 82 18 65 127 50 124 11 55 141 67 43 9 129 72 61 37 26 15 31 80 22 12 137 20 16 63 136 101 97 70 42 107 58 100 45 64 24 99 13 8 144 85 44 5 10 33 86 122 48 109 41 94 71 17 92 142 105 139 14 134 19 96 59 103 2 38 21 117 115 34 73 116 149 112 93 83 108 90 69 32 27 53 77 1 146 49 56 125 78 57 0 84 111 135 74 52 35 39 66 114 23 62 25 40 147 123 143 148 140 95 132 79 7 121 104 106 113 118 126 87 128 51 98 6 
Coste: 574414239
Temperatura: 1954178.3212485511
Probabilidad de aceptación: 1.0
Movimiento: SI



ITERACION 60
Solucion:    45 133 28 138 68 81 47 89 145 60 54 3 75 131 36 30 4 130 46 110 102 29 91 120 88 76 82 119 18 127 65 50 11 124 55 67 141 43 9 129 72 61 37 26 15 31 80 22 12 137 20 16 63 136 101 97 70 107 42 58 6 100 64 24 99 8 13 144 85 44 5 10 33 86 122 48 109 41 94 71 17 92 142 105 139 14 134 96 19 103 2 38 59 21 117 115 34 73 116 149 112 93 83 108 90 69 32 27 53 77 1 146 49 56 125 57 78 0 84 111 135 74 52 35 66 39 114 23 62 25 40 147 123 148 143 140 95 132 7 79 121 104 106 113 118 126 87 51 128 98 
Coste: 574510345
Temperatura: 1758760.489123696
Probabilidad de aceptación: 1.0
Movimiento: SI



ITERACION 61
Solucion:    100 45 133 28 138 68 81 47 89 145 54 60 3 131 75 36 4 30 130 46 110 29 102 91 88 76 82 119 18 127 120 65 50 11 124 55 67 141 9 129 72 43 61 37 26 15 31 22 12 137 20 80 16 136 63 101 97 70 107 58 42 98 6 64 24 99 8 13 144 85 44 5 10 33 86 122 48 41 94 109 71 17 92 142 105 139 14 96 134 19 103 2 38 21 59 117 34 115 73 116 149 112 93 83 108 69 90 32 27 53 77 1 146 49 56 125 57 78 0 84 111 135 74 35 52 66 39 114 23 62 25 40 147 123 148 143 95 140 7 132 79 104 106 121 113 118 126 87 51 128 
Coste: 568479354
Temperatura: 1582884.4402113263
Probabilidad de aceptación: 1.0
Movimiento: SI



ITERACION 62
Solucion:    6 100 45 133 28 68 138 81 47 89 54 145 60 3 131 75 36 4 130 46 30 29 110 102 91 76 82 88 18 127 119 65 50 11 124 120 67 55 9 129 72 43 61 141 26 37 15 31 22 12 137 20 80 16 136 63 101 97 107 70 58 42 128 98 64 24 99 8 13 144 85 44 5 10 33 86 122 41 94 109 48 71 17 92 142 105 139 96 14 134 19 103 2 21 38 59 117 34 115 73 116 112 93 149 83 108 69 90 32 53 27 77 1 146 49 56 125 57 78 84 0 111 74 135 35 52 66 39 114 23 62 25 40 147 123 148 95 143 140 7 132 104 79 106 121 118 113 126 51 87 
Coste: 568612957
Temperatura: 1424595.9961901938
Probabilidad de aceptación: 1.0
Movimiento: SI



ITERACION 63
Solucion:    6 98 45 100 28 68 133 81 138 47 54 89 145 60 131 75 3 36 4 130 46 29 30 110 102 76 82 88 18 127 91 119 50 65 11 124 67 55 9 129 72 120 43 61 26 141 15 37 31 12 22 137 20 80 16 136 101 63 97 107 58 70 42 87 128 64 24 99 8 13 144 85 44 5 10 33 86 41 94 109 122 48 71 17 92 142 139 96 105 14 134 19 103 21 2 38 117 34 59 115 73 112 116 93 149 83 69 108 90 53 32 27 77 146 1 56 49 125 57 78 84 111 74 0 135 35 52 66 114 39 23 62 25 40 147 123 95 148 143 140 7 104 132 79 106 121 118 113 126 51 
Coste: 569273563
Temperatura: 1282136.3965711745
Probabilidad de aceptación: 1.0
Movimiento: SI



ITERACION 64
Solucion:    128 6 98 45 28 68 133 81 138 100 54 47 89 60 145 131 75 36 4 3 130 29 46 30 102 76 82 110 88 18 127 91 50 119 11 65 67 124 55 129 72 9 120 43 61 26 141 15 37 12 22 31 137 80 20 136 16 101 63 97 107 70 58 42 51 87 64 24 99 8 13 144 85 44 5 10 33 41 94 109 86 122 71 17 48 92 139 142 96 14 105 134 19 103 21 2 117 38 34 59 115 112 73 116 149 93 83 69 108 53 90 32 27 77 146 1 56 49 125 57 78 111 74 0 135 35 52 66 84 114 39 23 62 25 147 40 123 95 148 143 140 7 104 132 79 106 121 118 126 113 
Coste: 563195653
Temperatura: 1153922.756914057
Probabilidad de aceptación: 1.0
Movimiento: SI



ITERACION 65
Solucion:    87 128 6 98 28 68 133 81 45 138 54 47 89 100 60 145 131 36 4 75 3 29 130 46 30 76 102 82 110 18 127 88 91 119 50 11 67 65 124 129 72 55 9 120 61 26 43 15 141 37 12 22 137 31 80 20 136 101 16 63 97 107 70 58 42 113 51 64 24 99 13 8 144 85 44 5 33 41 94 109 86 122 10 71 17 92 139 48 142 96 14 134 105 19 21 103 117 2 38 34 59 112 115 73 149 116 83 93 69 108 53 32 90 27 77 146 1 56 49 125 57 78 111 74 135 35 52 0 66 114 84 39 62 23 147 40 123 25 95 148 140 143 7 104 132 79 121 106 118 126 
Coste: 556433661
Temperatura: 1038530.4812226514
Probabilidad de aceptación: 1.0
Movimiento: SI



ITERACION 66
Solucion:    51 87 128 6 98 28 68 133 81 45 138 54 47 89 100 60 145 131 36 4 75 29 3 46 130 30 76 82 102 18 127 110 88 119 50 11 67 91 65 129 72 124 9 55 120 26 61 43 15 37 12 22 137 141 31 80 136 101 20 16 63 97 107 70 58 42 126 113 64 24 99 13 144 8 85 5 33 44 41 94 109 122 86 71 17 92 139 48 142 96 14 134 105 19 21 103 10 117 2 38 34 112 59 115 149 73 116 83 69 108 93 53 32 27 90 77 146 1 56 49 125 57 78 111 74 135 35 52 66 0 114 84 62 39 147 40 123 23 25 95 148 140 143 104 7 79 132 121 106 118 
Coste: 553429901
Temperatura: 934677.4331003863
Probabilidad de aceptación: 1.0
Movimiento: SI



ITERACION 67
Solucion:    51 87 128 6 98 28 68 133 81 45 138 54 47 89 100 60 145 131 36 4 113 29 75 46 3 30 130 82 76 18 127 102 110 88 119 50 67 11 91 129 72 65 124 55 9 26 61 43 120 15 37 12 22 137 141 31 80 101 136 20 63 16 97 107 58 70 42 25 126 64 24 99 13 144 8 5 85 33 44 41 94 109 122 71 86 92 139 17 142 48 96 134 105 14 21 19 103 117 2 10 38 112 34 59 115 149 73 116 83 69 108 93 53 32 27 90 146 77 1 56 49 125 78 57 111 135 74 35 52 66 0 114 62 84 39 147 123 40 23 95 148 140 143 104 7 79 132 121 106 118 
Coste: 550144029
Temperatura: 841209.6897903477
Probabilidad de aceptación: 0.4058751110832601
Movimiento: NO



ITERACION 68
Solucion:    126 51 87 128 6 98 68 28 81 133 138 54 47 89 45 60 145 131 36 100 4 29 113 75 46 3 30 82 76 18 127 130 102 110 88 119 50 67 11 129 72 65 91 124 55 26 9 61 43 120 37 12 22 15 137 141 31 80 101 136 20 63 16 97 107 58 70 42 118 25 64 24 99 13 144 8 5 85 33 41 44 94 122 109 71 92 139 86 142 17 48 134 105 96 14 21 19 117 2 103 38 112 10 34 115 59 149 73 83 116 69 108 53 32 27 90 146 93 77 1 49 125 78 57 56 111 135 74 35 52 0 114 62 84 66 147 39 123 23 40 95 148 143 140 104 79 132 121 106 7 
Coste: 547311660
Temperatura: 757088.7208113129
Probabilidad de aceptación: 1.0
Movimiento: SI



ITERACION 69
Solucion:    126 51 87 128 25 98 68 28 81 6 138 54 47 133 89 45 60 145 131 36 4 29 100 113 46 75 30 82 76 18 127 130 3 110 88 119 50 67 102 11 129 72 65 91 124 26 55 61 9 43 120 37 22 12 137 15 141 80 101 31 136 20 63 16 97 107 58 70 118 40 42 64 24 99 13 8 5 144 33 41 85 94 122 44 71 92 139 86 109 142 17 134 105 96 14 21 48 117 19 2 103 112 38 34 10 115 149 59 73 116 83 108 53 69 32 27 146 90 93 77 1 49 125 78 57 56 111 135 74 52 35 0 62 114 66 84 147 39 23 123 95 148 143 140 104 79 132 121 106 7 
Coste: 544883593
Temperatura: 681379.8487301816
Probabilidad de aceptación: 0.5169201384341836
Movimiento: NO



ITERACION 70
Solucion:    42 126 87 51 128 98 68 28 81 25 138 54 47 133 89 45 60 145 131 36 4 29 100 6 46 75 30 82 76 18 127 130 113 110 88 119 50 67 3 102 129 72 11 65 91 26 55 61 9 43 120 37 22 12 137 15 124 80 101 141 31 136 20 16 63 97 58 70 107 118 7 40 64 24 99 8 5 13 144 33 41 94 122 44 85 92 71 86 139 142 17 134 109 105 96 14 21 48 117 19 2 112 103 34 38 10 149 115 59 116 73 108 83 53 32 27 146 69 90 93 1 77 49 125 78 57 111 135 74 56 52 35 0 62 114 66 84 147 23 39 123 95 143 148 104 140 79 121 132 106 
Coste: 537524768
Temperatura: 613241.8638571635
Probabilidad de aceptación: 1.0
Movimiento: SI



ITERACION 71
Solucion:    42 40 126 87 51 128 98 28 81 68 138 54 47 133 89 25 60 145 45 131 36 4 29 100 46 6 75 30 82 76 127 18 130 113 88 110 119 67 50 3 129 72 11 65 102 26 55 61 9 43 91 120 22 12 137 37 15 80 124 101 141 31 136 20 63 16 97 58 70 107 118 106 7 64 99 8 5 24 13 33 144 41 122 44 94 92 85 86 71 142 139 134 17 105 96 14 21 109 117 48 19 112 2 34 103 38 10 115 149 116 59 108 83 73 53 32 27 146 69 93 90 1 77 49 125 78 111 135 57 74 52 56 0 62 35 66 114 147 84 23 123 95 143 148 104 39 79 140 121 132 
Coste: 530347274
Temperatura: 551917.6774714472
Probabilidad de aceptación: 1.0
Movimiento: SI



ITERACION 72
Solucion:    42 7 126 87 51 128 98 28 81 68 138 54 47 133 89 25 60 145 40 45 131 4 29 100 46 36 6 30 82 76 127 18 75 113 88 130 119 67 50 110 129 72 3 65 102 26 55 61 11 43 9 120 22 91 137 12 37 80 15 124 101 141 31 136 20 63 16 97 58 70 107 106 132 64 118 99 5 8 13 24 33 144 122 41 44 92 85 86 71 142 94 134 139 105 17 96 21 14 117 109 19 48 2 112 103 34 10 38 115 149 116 108 59 83 53 32 27 146 73 93 90 69 1 77 125 49 78 111 135 57 74 52 56 0 62 66 114 147 35 23 123 84 143 95 148 104 39 79 121 140 
Coste: 524115941
Temperatura: 496725.9097243025
Probabilidad de aceptación: 1.0
Movimiento: SI



ITERACION 73
Solucion:    42 7 126 87 51 128 98 28 81 64 138 54 47 68 89 133 60 145 40 25 45 4 29 100 46 36 6 30 82 76 127 18 131 75 88 113 119 67 50 110 129 72 130 65 3 26 55 102 61 43 11 9 22 120 137 12 37 80 15 91 101 141 124 31 136 20 63 16 97 58 70 107 106 140 118 99 5 132 8 13 24 33 122 144 44 92 41 85 86 142 71 134 139 105 17 96 21 14 117 94 109 19 48 2 103 112 34 10 115 38 116 108 149 83 59 53 32 27 146 93 90 73 1 69 125 49 77 78 111 135 74 52 57 56 62 66 114 147 0 23 123 35 143 95 84 148 104 39 79 121 
Coste: 521986436
Temperatura: 447053.3187518722
Probabilidad de aceptación: 1.0
Movimiento: SI



ITERACION 74
Solucion:    42 118 126 87 51 128 98 7 28 81 138 54 47 68 89 64 60 145 133 40 25 4 29 100 46 36 6 30 82 76 127 18 131 75 88 113 119 67 50 110 129 72 130 45 65 26 55 3 61 43 102 11 9 22 137 12 37 120 15 80 101 91 124 141 31 136 20 63 16 97 58 70 106 140 148 107 5 99 8 132 13 24 122 33 144 92 44 41 85 142 86 134 139 105 17 96 21 14 117 94 109 19 48 2 103 71 112 34 115 38 10 108 116 149 83 53 32 27 146 59 93 90 73 1 69 125 49 77 78 111 74 52 57 135 56 62 66 114 147 23 123 35 143 0 95 84 104 39 79 121 
Coste: 518367663
Temperatura: 402347.986876685
Probabilidad de aceptación: 0.076672118560957
Movimiento: NO



ITERACION 75
Solucion:    107 118 42 126 87 128 51 98 28 7 138 54 81 68 47 89 60 64 145 40 25 4 29 133 46 36 6 30 82 100 127 18 131 75 88 113 119 67 76 50 129 72 130 45 65 26 110 3 61 55 43 11 9 22 137 12 37 120 102 15 80 91 101 124 31 141 136 20 16 63 58 97 70 140 148 93 106 5 99 8 13 132 122 24 33 144 92 44 85 41 142 86 139 105 17 96 21 14 117 94 109 19 48 2 103 71 112 34 115 38 10 108 134 149 83 53 32 27 146 59 116 90 73 1 69 125 49 77 78 111 74 52 57 135 56 62 66 114 147 23 123 35 143 0 95 84 104 39 79 121 
Coste: 513248992
Temperatura: 362113.1881890165
Probabilidad de aceptación: 0.027790166763554825
Movimiento: NO



ITERACION 76
Solucion:    107 118 42 106 126 87 128 51 98 28 138 54 7 68 81 47 60 89 64 145 40 4 29 25 46 36 133 30 82 100 127 18 131 75 88 113 119 67 6 76 129 72 130 45 65 26 110 3 61 55 43 11 9 22 137 12 37 120 102 15 80 91 101 124 31 141 136 50 16 20 58 63 97 140 148 70 121 93 99 5 13 8 132 122 24 33 144 92 44 85 41 142 139 86 17 96 21 105 14 94 109 117 48 2 103 71 112 34 115 38 19 108 10 149 83 53 32 134 146 59 116 90 73 1 69 125 49 27 78 111 74 52 57 135 56 62 77 114 147 23 66 123 143 0 35 95 84 39 79 104 
Coste: 508094119
Temperatura: 325901.8693701148
Probabilidad de aceptación: 1.0
Movimiento: SI



ITERACION 77
Solucion:    107 118 42 106 126 87 128 51 98 28 138 54 7 68 81 47 60 89 64 145 40 4 29 25 46 36 133 30 82 100 127 18 131 75 88 113 119 67 6 76 129 72 130 45 65 26 110 3 61 55 43 11 9 22 137 12 37 120 102 15 80 91 101 124 31 141 136 50 16 20 58 63 97 140 148 93 70 104 99 121 5 13 8 132 122 24 33 144 92 44 85 41 139 86 17 96 21 105 14 94 109 117 48 2 103 71 112 34 115 38 19 108 142 149 83 53 32 10 146 134 59 116 73 90 1 69 49 125 78 111 74 52 57 135 56 62 77 114 147 23 66 123 27 0 143 35 95 39 79 84 
Coste: 507563865
Temperatura: 293311.6824331033
Probabilidad de aceptación: 1.0
Movimiento: SI



ITERACION 78
Solucion:    99 118 42 106 126 87 128 107 98 28 51 54 138 7 68 81 47 89 60 64 145 4 40 29 25 46 36 30 82 133 100 127 18 75 88 113 119 67 6 76 129 72 130 45 65 26 110 3 61 55 43 11 9 22 137 12 37 120 102 15 131 91 101 124 31 141 80 50 136 16 58 20 63 140 148 97 70 93 27 104 121 5 8 13 122 132 24 33 92 144 44 85 139 41 17 96 21 86 105 94 14 109 48 117 103 71 112 2 34 38 115 108 19 149 83 53 32 142 146 134 59 10 73 116 1 90 69 49 125 111 78 74 52 135 57 56 62 77 147 23 66 123 114 0 143 35 95 39 79 84 
Coste: 499562821
Temperatura: 263980.51418979303
Probabilidad de aceptación: 0.5555623448918552
Movimiento: NO



ITERACION 79
Solucion:    99 118 104 106 126 42 87 107 128 98 28 54 51 138 7 68 81 89 60 64 145 4 40 29 25 46 36 30 82 47 133 127 100 75 88 113 18 67 6 119 129 72 130 45 65 26 110 3 61 55 76 43 9 22 137 12 37 120 102 15 11 91 101 124 31 141 131 50 80 16 58 20 136 140 148 63 97 70 93 84 27 121 8 5 122 132 24 13 92 144 33 44 139 85 17 41 96 21 86 94 105 109 48 117 103 71 112 2 34 38 115 108 19 149 83 53 32 142 146 134 59 10 73 14 116 1 69 90 49 111 78 74 52 135 57 56 62 77 147 23 66 123 125 0 143 114 35 39 79 95 
Coste: 493869712
Temperatura: 237582.46277081373
Probabilidad de aceptación: 1.0
Movimiento: SI



ITERACION 80
Solucion:    99 118 104 106 126 42 27 107 128 87 98 28 54 51 138 7 68 89 60 81 145 4 40 29 25 64 46 30 82 36 47 127 100 133 88 113 75 67 6 119 129 72 130 45 65 26 18 3 61 55 76 110 9 22 137 12 37 43 102 15 11 91 101 124 31 141 131 50 80 16 58 20 136 140 148 63 97 120 70 84 95 93 121 5 122 8 24 132 92 144 33 44 139 13 17 85 96 21 41 94 86 109 48 117 103 71 112 2 34 38 115 108 105 149 83 53 32 19 146 142 59 10 73 14 116 1 69 90 49 111 78 74 134 135 52 56 62 57 147 23 66 123 77 0 143 125 114 39 79 35 
Coste: 488425201
Temperatura: 213824.21649373235
Probabilidad de aceptación: 1.0
Movimiento: SI



ITERACION 81
Solucion:    99 118 104 106 126 42 27 107 128 87 98 28 54 51 138 7 68 89 60 93 145 4 40 29 25 81 46 30 82 36 64 127 47 100 88 113 133 67 75 6 129 72 130 119 65 26 45 3 61 55 18 76 9 22 137 12 37 43 110 102 15 91 101 11 31 124 141 131 80 50 58 16 20 140 148 136 63 97 120 70 95 35 84 5 121 122 8 24 132 92 144 33 139 13 17 85 96 21 41 44 94 109 48 117 103 71 112 2 34 38 115 108 105 149 83 53 32 19 146 142 59 10 73 14 116 86 1 69 49 111 90 74 134 135 78 56 62 57 147 23 66 123 77 0 143 52 125 39 79 114 
Coste: 485426199
Temperatura: 192441.79484435913
Probabilidad de aceptación: 1.0
Movimiento: SI



ITERACION 82
Solucion:    99 118 104 106 126 42 27 107 128 87 98 28 54 84 138 7 68 51 60 89 145 4 40 29 25 81 46 30 82 36 64 127 47 100 88 113 93 67 75 133 129 72 130 6 65 26 119 3 61 55 45 76 9 22 137 12 37 43 18 102 110 91 101 11 31 124 141 131 80 15 58 50 20 140 148 136 63 97 120 16 95 70 114 5 35 121 122 8 132 92 144 24 139 13 17 85 96 21 41 44 94 109 48 117 103 71 112 33 34 2 38 115 108 149 105 53 32 83 146 142 59 10 73 14 116 86 1 69 49 111 90 74 134 135 19 56 62 78 147 57 66 123 23 0 143 77 52 39 79 125 
Coste: 482705105
Temperatura: 173197.61535992322
Probabilidad de aceptación: 1.0
Movimiento: SI



ITERACION 83
Solucion:    99 118 5 106 104 126 42 107 128 87 98 27 28 54 138 7 68 84 60 51 145 4 40 29 89 81 46 30 82 36 25 127 64 47 88 113 100 67 75 133 129 72 130 6 65 26 119 3 61 55 93 76 9 22 137 12 37 43 45 102 110 91 101 11 31 18 141 124 131 80 15 50 20 140 148 58 136 97 63 16 95 70 114 78 35 120 122 121 8 132 92 24 139 144 17 85 96 21 41 44 94 109 48 13 103 71 112 33 34 117 38 115 108 149 2 53 32 105 146 142 83 59 73 14 10 116 1 86 49 69 90 74 134 135 111 56 62 19 147 57 66 123 23 0 143 77 52 39 79 125 
Coste: 475623946
Temperatura: 155877.8538239309
Probabilidad de aceptación: 2.761542827674052E-4
Movimiento: NO



ITERACION 84
Solucion:    99 118 5 106 104 35 42 107 128 87 126 27 98 54 28 7 68 138 60 51 145 4 40 29 89 81 46 30 82 36 84 127 64 25 88 113 100 67 75 47 129 72 133 6 65 26 119 3 61 55 130 76 9 22 137 12 37 43 45 102 110 91 101 11 31 18 141 93 131 124 80 15 20 140 148 58 50 136 63 97 95 16 70 78 52 114 120 122 121 132 92 8 139 24 17 144 96 21 41 44 94 109 48 13 85 103 112 33 71 34 38 115 108 117 149 53 32 2 146 142 83 59 73 14 10 116 1 86 49 69 90 74 134 135 111 56 62 19 147 105 66 123 23 0 143 77 57 39 79 125 
Coste: 471611777
Temperatura: 140290.06844153782
Probabilidad de aceptación: 0.105626099521411
Movimiento: NO



ITERACION 85
Solucion:    99 118 5 106 104 35 42 107 128 87 114 27 98 54 126 28 7 68 138 60 145 4 40 29 51 81 46 30 82 36 89 127 64 25 88 113 100 67 75 47 129 72 133 6 65 26 119 3 61 55 130 76 9 22 137 12 37 43 84 45 110 91 101 11 31 102 141 18 131 93 80 15 20 140 148 58 124 136 63 50 95 97 16 78 70 147 52 120 122 121 132 92 139 24 17 144 96 21 41 44 94 109 48 13 85 103 112 8 33 34 38 115 108 71 149 53 32 2 146 142 83 59 73 14 10 116 1 117 49 69 90 74 86 135 134 56 111 19 62 105 66 123 23 0 143 77 57 39 79 125 
Coste: 466893682
Temperatura: 126261.06159738405
Probabilidad de aceptación: 0.2526633552800891
Movimiento: NO



ITERACION 86
Solucion:    99 118 5 106 104 35 42 107 128 87 114 27 52 54 98 126 28 7 138 60 145 4 40 29 51 81 46 30 82 36 89 127 64 25 88 113 100 67 75 47 129 72 133 6 65 26 119 3 61 55 130 76 9 22 137 12 37 43 68 45 110 91 101 11 31 84 141 18 102 93 80 15 20 140 148 58 131 124 63 136 95 50 16 78 97 70 125 120 122 147 121 132 139 24 17 144 92 21 41 96 94 109 48 13 85 103 112 8 44 33 38 34 108 115 149 53 32 2 146 142 83 59 73 14 10 116 1 71 49 69 117 74 86 135 134 56 111 19 62 105 66 123 23 0 143 77 90 39 79 57 
Coste: 462114856
Temperatura: 113634.95543764565
Probabilidad de aceptación: 1.0
Movimiento: SI



ITERACION 87
Solucion:    99 118 5 106 104 35 42 107 128 87 114 27 120 52 98 126 28 7 54 138 145 60 40 29 4 81 46 30 82 36 51 127 89 64 88 113 100 67 75 25 129 72 133 6 65 26 119 3 61 55 130 76 9 22 137 12 37 43 47 45 110 91 101 11 31 84 141 18 102 93 80 15 20 140 148 68 58 131 63 136 124 50 16 78 97 70 95 34 125 122 147 132 121 139 17 144 24 21 41 96 94 109 48 13 85 103 112 8 44 33 38 92 108 115 149 53 32 2 146 142 83 59 73 14 10 116 1 71 49 69 117 74 86 135 134 56 111 19 62 105 66 123 23 0 143 77 90 39 79 57 
Coste: 456854453
Temperatura: 102271.45989388108
Probabilidad de aceptación: 6.819208157301899E-4
Movimiento: NO



ITERACION 88
Solucion:    99 118 5 106 104 35 42 107 128 87 114 27 120 52 98 126 28 7 54 138 145 60 40 29 4 81 46 30 82 36 51 127 89 64 88 113 100 67 75 25 129 72 133 6 65 26 119 3 61 55 130 76 9 22 137 12 37 43 47 45 110 91 101 11 31 84 141 18 102 93 80 15 20 140 148 68 125 131 63 58 124 136 16 78 50 97 70 95 57 34 122 147 121 139 17 144 24 21 41 96 94 109 48 13 85 103 112 8 132 44 38 33 108 92 149 53 32 2 146 142 83 59 73 14 10 116 1 71 49 69 117 74 86 135 134 56 111 19 62 105 66 123 23 0 143 77 90 39 79 115 
Coste: 456937358
Temperatura: 92044.31390449297
Probabilidad de aceptación: 1.0
Movimiento: SI



ITERACION 89
Solucion:    99 118 5 106 104 35 42 107 128 87 114 27 34 120 52 98 126 7 28 138 145 60 40 29 54 81 46 30 82 4 36 127 51 89 88 113 100 67 75 64 129 72 133 6 65 26 119 3 61 55 130 76 9 22 137 12 37 43 25 47 110 91 101 11 31 45 141 18 84 93 80 15 20 140 148 102 68 125 63 131 124 136 16 78 50 97 58 70 95 92 122 57 121 139 17 144 147 21 41 96 94 109 48 24 85 103 112 8 132 44 38 33 108 13 149 53 32 2 146 142 83 59 73 14 10 116 1 71 49 69 117 74 86 135 134 56 111 19 62 105 66 123 23 0 143 77 90 39 79 115 
Coste: 452136867
Temperatura: 82839.88251404368
Probabilidad de aceptación: 0.002876435649045454
Movimiento: NO



ITERACION 90
Solucion:    99 118 5 106 104 122 42 107 128 87 114 27 34 120 52 35 98 7 126 28 138 145 40 60 29 81 46 30 82 4 36 127 51 89 88 113 100 67 75 64 129 72 133 6 65 26 119 3 61 55 130 76 9 22 137 12 37 43 54 47 110 91 101 11 31 25 141 45 84 93 80 15 20 140 148 18 102 125 63 68 124 136 16 131 50 97 58 78 70 95 13 57 121 139 17 144 147 21 41 96 94 109 48 24 85 103 112 8 132 44 38 33 108 92 149 53 32 2 146 142 83 59 73 14 10 116 1 71 49 69 117 74 86 135 134 56 111 19 62 105 66 123 23 0 143 77 90 39 79 115 
Coste: 449245288
Temperatura: 74555.89426263931
Probabilidad de aceptación: 0.03652646553910827
Movimiento: NO



ITERACION 91
Solucion:    99 118 57 106 104 122 42 107 128 5 114 27 87 34 120 52 35 7 126 28 98 145 40 138 60 81 46 30 82 4 36 127 51 89 88 113 100 67 75 64 129 72 133 6 65 26 119 3 61 55 130 76 9 22 137 12 37 43 54 47 110 91 101 11 31 25 141 45 84 93 80 15 20 140 148 18 29 102 125 63 68 136 16 124 50 97 131 78 58 95 70 13 121 139 17 144 147 21 41 96 94 109 48 24 85 103 112 8 132 44 38 33 108 92 149 53 32 2 146 142 83 59 73 14 10 116 1 71 49 69 117 74 86 135 134 56 111 19 62 105 66 123 23 0 143 77 90 39 79 115 
Coste: 446028579
Temperatura: 67100.30483637538
Probabilidad de aceptación: 0.03550145647423367
Movimiento: NO



ITERACION 92
Solucion:    99 118 57 106 104 122 121 42 128 107 114 27 5 34 120 52 35 87 7 28 98 126 40 138 60 81 145 30 46 82 36 127 51 89 88 113 100 67 75 64 129 72 133 4 6 65 26 3 61 119 55 130 76 9 22 137 37 43 54 12 110 91 47 11 31 25 141 45 84 93 80 15 20 140 148 101 29 102 125 18 68 63 16 124 50 97 131 136 58 78 70 13 90 95 139 144 17 147 21 41 94 96 109 48 24 103 85 8 132 44 38 33 108 92 149 53 32 112 146 142 83 2 73 59 10 116 14 71 49 1 117 69 86 135 134 56 111 19 62 105 66 123 23 0 143 77 74 39 79 115 
Coste: 437638238
Temperatura: 60390.27435273784
Probabilidad de aceptación: 7.768405284380667E-4
Movimiento: NO



ITERACION 93
Solucion:    99 118 57 106 104 122 121 42 128 107 114 27 5 34 120 52 35 87 95 28 98 126 40 138 60 81 7 30 46 82 36 127 51 145 88 113 100 67 75 64 129 72 89 133 4 6 26 3 61 119 65 55 130 9 76 137 22 43 54 12 110 91 47 11 31 25 141 45 84 93 80 15 20 140 148 101 29 102 125 18 68 63 16 124 50 97 131 37 58 136 70 13 78 66 90 139 17 147 144 41 21 96 109 94 24 103 85 8 132 44 38 33 108 92 149 53 32 48 146 142 83 2 73 59 10 116 14 71 49 1 117 69 86 135 134 56 111 19 62 105 112 123 23 0 143 77 74 39 79 115 
Coste: 435123378
Temperatura: 54351.24691746406
Probabilidad de aceptación: 2.0101929321763258E-10
Movimiento: NO



ITERACION 94
Solucion:    99 118 57 106 104 122 121 42 128 107 114 27 5 34 120 52 35 87 95 28 98 126 40 138 60 81 7 30 46 82 36 127 51 145 88 113 100 67 75 64 129 72 90 133 4 6 89 26 3 119 65 61 55 9 76 137 130 43 54 12 22 91 47 11 31 25 141 45 84 93 80 15 20 140 110 101 29 102 125 18 68 63 16 124 50 97 131 37 58 136 70 13 148 66 14 78 139 147 144 41 21 17 109 94 24 103 85 8 132 96 38 33 108 92 149 53 32 48 146 142 83 44 73 2 10 116 59 71 49 1 117 69 86 135 134 56 111 19 62 105 112 123 23 0 143 77 74 39 79 115 
Coste: 432124479
Temperatura: 48916.122225717656
Probabilidad de aceptación: 8.121144859992452E-12
Movimiento: NO



ITERACION 95
Solucion:    99 118 57 106 104 122 121 42 128 107 114 27 5 34 120 52 35 87 95 78 98 126 40 138 60 81 28 30 7 82 36 127 51 46 88 113 100 67 75 64 145 129 72 133 4 90 6 89 3 26 119 61 55 9 65 137 76 130 54 12 22 91 47 11 31 25 141 45 84 93 80 15 20 140 110 43 29 102 125 18 68 101 16 124 50 97 131 63 58 136 70 13 148 66 14 112 139 37 144 147 41 17 109 21 24 103 85 8 132 94 38 33 108 96 149 53 32 92 146 142 83 44 73 2 10 116 59 71 49 1 117 69 86 135 134 56 111 19 62 105 48 123 23 0 143 77 74 39 79 115 
Coste: 429666724
Temperatura: 44024.51000314589
Probabilidad de aceptación: 3.6849781023682895E-20
Movimiento: NO



ITERACION 96
Solucion:    139 118 57 106 104 122 121 42 128 107 114 27 5 34 120 52 35 87 95 78 98 126 40 138 60 81 28 30 7 82 36 127 51 46 88 113 100 67 75 64 145 129 72 133 99 90 6 4 89 3 26 119 55 61 65 9 76 137 54 12 22 91 47 11 31 25 141 45 84 93 80 15 20 140 110 43 29 102 125 18 68 101 16 124 50 97 131 63 58 136 130 13 70 66 148 112 69 37 144 147 41 14 109 21 24 103 85 8 132 94 38 33 108 17 149 53 32 96 146 142 83 44 73 2 10 116 59 71 49 1 117 92 86 135 134 56 111 19 62 105 48 123 23 0 143 77 74 39 79 115 
Coste: 427817227
Temperatura: 39622.0590028313
Probabilidad de aceptación: 6.970726633866942E-18
Movimiento: NO



ITERACION 97
Solucion:    139 118 57 106 104 122 121 37 128 107 114 27 42 34 120 52 35 5 95 87 98 126 40 138 60 81 28 30 7 82 36 127 51 78 88 113 100 67 75 64 46 145 72 133 99 129 6 4 89 3 90 119 26 61 55 9 76 137 65 54 12 91 47 11 31 25 141 45 84 93 80 15 20 140 110 43 29 102 125 18 68 101 16 124 50 97 131 63 58 136 130 13 22 70 148 66 69 48 112 144 147 14 41 109 24 103 85 8 132 94 38 33 108 17 149 53 32 96 146 142 83 44 73 21 10 116 59 71 49 1 2 117 86 135 134 56 111 19 62 105 92 123 23 0 143 77 74 39 79 115 
Coste: 424593065
Temperatura: 35659.85310254817
Probabilidad de aceptación: 2.1696885638208489E-16
Movimiento: NO



ITERACION 98
Solucion:    139 118 57 106 104 122 121 37 128 107 114 27 42 34 120 52 35 5 95 87 98 112 40 138 126 81 28 30 7 82 36 127 51 78 88 113 100 67 75 64 46 145 72 133 99 60 6 4 89 129 3 119 90 61 26 9 55 137 65 54 12 91 47 11 31 76 141 45 84 93 80 15 20 140 110 25 29 102 125 43 68 18 16 124 50 97 101 63 58 131 130 13 22 136 148 70 69 66 48 144 147 14 41 109 24 103 85 8 132 94 38 33 108 17 149 53 32 96 146 142 83 44 73 21 10 116 59 71 49 1 2 117 86 135 134 56 111 19 62 105 92 123 23 0 143 77 74 39 79 115 
Coste: 422586252
Temperatura: 32093.867792293357
Probabilidad de aceptación: 4.648063703143394E-17
Movimiento: NO



ITERACION 99
Solucion:    139 118 57 106 104 122 121 37 128 107 114 27 42 34 120 52 35 144 95 87 98 5 40 138 126 81 28 30 7 82 36 127 51 78 112 113 100 67 88 64 46 145 72 133 99 75 6 4 89 129 3 119 90 61 26 9 55 137 65 54 12 91 47 11 31 76 141 45 84 93 80 15 20 140 60 110 29 102 125 25 68 43 16 124 50 97 101 63 58 131 18 13 130 136 22 148 70 66 48 69 147 14 41 109 24 103 85 8 132 94 38 33 108 17 149 53 32 96 146 142 83 44 73 21 10 116 59 71 49 1 2 117 86 135 134 56 111 19 62 105 92 123 23 0 143 77 74 39 79 115 
Coste: 420297629
Temperatura: 28884.48101306402
Probabilidad de aceptación: 7.053900058001164E-34
Movimiento: NO



ITERACION 100
Solucion:    139 118 57 106 104 122 121 147 128 107 114 27 42 34 120 52 35 144 37 87 98 95 40 138 126 81 5 30 7 82 36 127 51 78 28 113 100 67 88 64 46 145 72 133 99 112 6 4 89 75 3 119 129 61 26 9 90 137 55 54 12 91 47 11 65 76 141 45 84 31 80 15 20 140 60 93 29 110 125 25 68 102 16 124 50 97 101 63 58 131 18 43 130 136 22 13 148 66 48 70 109 14 41 69 24 103 85 8 132 94 38 33 108 17 149 53 32 96 146 142 83 44 73 21 10 116 59 71 49 1 2 117 86 135 134 56 111 19 62 105 92 123 23 0 143 77 74 39 79 115 
Coste: 417787272
Temperatura: 25996.03291175762
Probabilidad de aceptación: 4.819498905399397E-28
Movimiento: NO



ITERACION 101
Solucion:    139 118 57 106 104 122 121 147 128 107 114 27 42 34 120 52 35 144 37 87 98 95 40 138 126 81 5 30 7 82 36 127 51 78 28 113 100 67 88 64 46 145 72 133 14 112 6 4 89 75 3 119 129 61 26 99 90 137 9 54 12 91 47 11 65 76 141 45 84 31 80 15 20 140 60 93 29 110 125 25 68 102 16 124 50 97 101 63 58 131 18 43 130 55 22 13 136 66 48 148 109 69 41 70 24 103 85 8 132 94 38 33 108 17 149 53 32 96 146 142 83 44 73 21 10 116 59 71 49 1 2 117 86 135 134 56 111 19 62 105 92 123 23 0 143 77 74 39 79 115 
Coste: 417657270
Temperatura: 23396.429620581857
Probabilidad de aceptación: 7.277087721657642E-43
Movimiento: NO



ITERACION 102
Solucion:    139 118 57 106 104 122 121 147 128 107 114 27 42 34 120 52 35 41 37 87 98 144 40 95 138 81 5 30 7 82 36 127 51 78 126 113 100 67 28 64 46 145 72 88 14 133 6 4 89 112 75 119 129 61 26 99 90 137 3 9 12 91 47 54 11 65 141 45 84 31 80 15 20 140 60 93 29 110 125 25 68 102 16 124 50 97 101 63 58 131 18 43 130 55 22 13 136 66 48 148 109 69 117 70 24 103 85 8 76 94 38 33 108 132 149 53 32 17 146 142 96 44 73 83 10 116 59 71 49 21 1 2 86 135 134 56 111 19 62 105 92 123 23 0 143 77 74 39 79 115 
Coste: 412723297
Temperatura: 21056.786658523673
Probabilidad de aceptación: 3.2342754280848293E-13
Movimiento: NO



ITERACION 103
Solucion:    139 118 57 106 104 122 121 147 128 107 114 27 42 34 120 52 35 41 37 87 98 144 40 70 138 81 95 30 7 82 36 127 51 78 126 113 100 67 5 64 46 145 28 88 14 133 6 4 89 112 75 72 119 61 26 99 90 129 3 9 12 91 137 47 54 11 141 45 84 31 80 15 20 140 60 93 29 110 125 25 68 102 16 124 50 97 101 63 58 131 18 43 65 55 22 13 136 130 48 148 109 69 117 74 24 103 85 8 76 94 38 33 108 132 149 53 32 17 146 142 96 44 73 83 10 116 59 71 49 21 1 2 86 135 134 56 111 19 62 105 92 123 23 0 143 77 66 39 79 115 
Coste: 410804627
Temperatura: 18951.107992671306
Probabilidad de aceptación: 1.385585732797827E-23
Movimiento: NO



ITERACION 104
Solucion:    139 118 57 106 104 122 121 147 128 107 114 27 42 34 120 52 35 41 37 87 98 144 40 70 138 81 95 30 7 82 36 127 51 78 24 113 100 67 5 64 46 145 28 88 14 133 6 4 89 112 75 72 119 61 26 99 90 129 3 9 12 91 137 47 54 11 141 45 84 31 80 126 20 140 60 93 29 110 125 25 68 102 16 124 50 97 101 63 58 131 18 43 65 55 22 13 136 130 48 148 109 69 117 74 0 15 85 8 103 76 94 38 108 33 132 149 32 53 146 142 96 44 73 17 83 10 59 71 49 21 1 2 86 135 134 56 111 19 62 105 92 123 23 116 143 77 66 39 79 115 
Coste: 408756843
Temperatura: 17055.997193404175
Probabilidad de aceptación: 4.246679779956828E-32
Movimiento: NO



ITERACION 105
Solucion:    139 118 57 106 104 122 121 147 128 107 114 27 42 34 120 52 35 41 37 87 98 144 40 70 138 81 95 30 7 82 36 127 51 78 24 113 100 67 5 64 46 145 28 88 14 133 6 4 89 112 75 72 119 61 26 99 90 129 3 9 12 91 137 47 54 11 15 45 84 31 80 126 20 140 60 93 29 110 125 25 68 102 16 124 50 97 101 63 58 131 18 43 65 55 22 13 136 130 48 148 109 69 117 74 141 142 85 8 0 76 103 94 38 108 33 149 132 53 32 146 96 44 73 17 83 10 59 71 49 21 1 2 86 135 134 56 111 19 62 105 92 123 23 116 143 77 66 39 79 115 
Coste: 408540818
Temperatura: 15350.397474063759
Probabilidad de aceptación: 6.998588276969513E-56
Movimiento: NO



ITERACION 106
Solucion:    139 118 57 106 104 122 121 147 128 107 114 27 42 34 120 52 35 41 37 87 98 144 40 70 138 81 95 30 7 82 36 127 51 78 24 113 100 67 5 64 46 145 28 88 14 133 6 4 89 112 75 72 119 61 26 99 90 129 3 9 12 91 137 47 54 11 85 45 84 31 80 126 20 140 60 93 29 110 125 25 68 102 16 124 50 97 101 63 58 131 18 43 65 55 22 13 136 130 48 148 109 69 117 74 141 142 17 8 0 15 76 103 94 38 33 108 132 149 53 32 96 44 73 146 83 10 59 71 49 21 1 2 86 135 134 56 111 19 62 105 92 123 23 116 143 77 66 39 79 115 
Coste: 407819847
Temperatura: 13815.357726657383
Probabilidad de aceptación: 1.1519233700940276E-53
Movimiento: NO



ITERACION 107
Solucion:    139 118 57 106 104 122 121 147 128 107 114 27 42 34 120 52 35 8 37 87 98 144 40 70 138 41 95 30 7 82 36 127 51 78 81 113 100 67 5 64 24 46 28 88 14 145 133 4 6 112 75 72 119 61 26 99 90 129 3 9 12 91 137 47 54 11 85 45 84 31 80 89 126 140 60 93 29 110 125 25 68 20 16 124 50 97 101 63 58 131 18 43 65 55 22 13 136 130 48 148 109 69 117 74 102 141 17 32 0 142 76 15 94 38 103 33 132 108 149 53 96 44 73 146 83 10 59 71 49 21 1 2 86 135 134 56 111 19 62 105 92 123 23 116 143 77 66 39 79 115 
Coste: 405828947
Temperatura: 12433.821953991644
Probabilidad de aceptación: 4.1291729722477774E-58
Movimiento: NO



ITERACION 108
Solucion:    139 118 57 106 104 122 121 147 128 107 114 27 42 34 120 52 35 8 37 87 98 144 40 70 138 41 95 30 7 82 36 127 51 78 81 113 100 67 5 64 24 46 28 88 14 0 145 133 4 112 75 72 119 61 26 99 90 129 3 9 12 6 137 47 54 11 85 45 84 31 80 89 91 140 60 93 29 110 125 25 68 20 16 124 50 97 101 63 58 131 18 43 65 55 22 13 136 130 48 148 109 69 117 74 102 141 126 32 66 142 17 15 76 94 38 33 132 103 149 108 96 44 53 73 83 10 59 71 49 21 1 2 86 135 134 56 111 19 62 105 92 123 23 146 143 77 116 39 79 115 
Coste: 402774341
Temperatura: 11190.43975859248
Probabilidad de aceptación: 1.699533463309353E-35
Movimiento: NO



ITERACION 109
Solucion:    139 118 57 106 104 122 121 147 128 107 114 27 42 34 120 52 35 8 37 142 98 144 40 70 138 41 95 30 7 82 36 127 51 78 81 113 100 67 87 64 5 24 28 88 14 0 145 133 4 112 75 72 119 61 26 99 46 129 3 9 12 6 137 47 54 11 85 45 84 31 80 89 91 140 60 93 29 110 125 25 68 20 16 124 50 97 101 63 58 131 18 43 65 55 22 13 136 130 48 148 109 69 117 74 90 141 126 102 66 1 17 32 76 15 38 94 33 132 149 103 96 44 53 73 108 10 83 71 49 21 59 2 86 135 134 56 111 19 62 105 92 123 23 146 143 77 116 39 79 115 
Coste: 401310925
Temperatura: 10071.395782733232
Probabilidad de aceptación: 9.429917519337341E-41
Movimiento: NO



ITERACION 110
Solucion:    139 118 57 106 104 122 121 147 128 107 114 27 42 34 120 52 35 8 37 17 98 144 40 70 138 41 95 30 7 82 36 127 51 78 81 113 100 67 87 64 5 142 28 88 14 0 145 133 4 112 75 72 119 61 26 99 24 129 46 9 12 6 137 47 54 11 85 45 84 31 80 89 3 140 60 93 29 110 125 25 68 20 16 124 50 97 101 63 58 131 18 43 65 55 22 13 136 130 48 148 109 69 117 74 90 91 126 141 102 1 23 32 66 15 38 94 33 76 149 103 96 44 53 132 73 10 108 71 49 21 59 2 86 135 134 56 111 19 62 105 92 123 83 146 143 77 116 39 79 115 
Coste: 399241222
Temperatura: 9064.256204459909
Probabilidad de aceptación: 3.284874952386072E-65
Movimiento: NO



ITERACION 111
Solucion:    139 118 57 106 104 122 121 147 128 107 114 27 42 34 120 52 35 8 37 32 98 17 40 70 138 41 95 30 7 82 36 127 51 78 81 113 100 67 87 64 5 142 28 88 14 0 145 133 4 112 75 72 119 61 26 99 24 129 46 9 12 6 137 47 54 11 85 45 84 31 80 89 3 140 60 93 29 110 125 25 68 20 16 124 50 97 101 63 58 131 18 43 65 55 22 13 136 130 48 148 109 69 117 74 90 91 126 144 102 1 141 23 66 15 38 94 33 76 149 103 96 44 53 132 73 10 108 71 49 21 59 2 86 135 134 56 111 19 62 105 92 123 83 146 143 77 116 39 79 115 
Coste: 398404849
Temperatura: 8157.830584013918
Probabilidad de aceptación: 1.2007002738732375E-102
Movimiento: NO



ITERACION 112
Solucion:    139 118 66 106 104 122 57 147 128 107 114 27 121 34 120 52 35 8 37 32 98 42 40 17 138 41 95 30 7 82 36 127 51 78 81 113 100 67 87 64 5 142 28 88 14 0 145 133 4 112 75 72 119 61 26 99 24 129 46 9 70 6 137 47 54 11 85 45 84 31 80 89 3 140 60 12 29 110 125 25 68 93 16 124 50 97 101 63 58 131 18 43 20 55 22 13 136 130 48 148 109 69 117 74 65 91 126 144 102 1 90 23 116 141 38 94 33 76 149 103 96 44 53 132 15 10 108 71 49 21 59 2 86 135 134 56 111 19 62 105 92 123 83 146 143 77 73 39 79 115 
Coste: 393214241
Temperatura: 7342.047525612526
Probabilidad de aceptación: 1.6723007369549523E-57
Movimiento: NO



ITERACION 113
Solucion:    139 118 66 106 104 122 57 147 128 107 114 27 121 34 120 52 35 8 37 32 98 42 40 17 138 41 95 30 7 82 36 127 51 78 81 113 100 67 87 64 5 142 28 88 14 0 145 133 4 112 75 72 119 61 26 99 141 129 24 46 9 6 137 47 54 11 85 45 84 31 80 89 3 140 60 12 29 110 125 25 68 93 16 124 50 97 101 63 58 131 18 43 20 55 22 13 136 130 48 148 109 69 117 74 65 70 126 144 102 1 90 23 91 39 116 38 33 76 94 149 96 44 53 132 103 10 108 71 49 21 59 15 2 135 134 56 111 19 62 105 92 123 83 146 143 77 73 86 79 115 
Coste: 391672212
Temperatura: 6607.842773051274
Probabilidad de aceptación: 1.512135529060306E-54
Movimiento: NO



ITERACION 114
Solucion:    139 118 66 106 104 122 57 147 128 107 114 27 121 34 120 52 35 8 37 32 98 42 40 17 138 41 95 30 7 82 116 127 51 78 81 113 100 67 87 64 5 142 28 36 14 0 145 88 4 112 75 72 119 61 26 99 141 129 24 133 46 9 137 47 54 11 85 45 84 31 80 89 3 140 60 12 29 110 125 25 68 93 16 124 50 97 101 63 58 131 18 43 20 55 22 13 136 130 48 148 109 69 117 74 65 6 70 144 102 126 90 23 1 91 73 38 39 76 94 149 96 44 53 132 103 10 108 71 49 21 59 15 2 135 134 56 111 19 62 105 92 123 33 146 143 77 83 86 79 115 
Coste: 389219772
Temperatura: 5947.058495746147
Probabilidad de aceptación: 6.509475863693748E-119
Movimiento: NO



ITERACION 115
Solucion:    139 118 38 106 104 122 57 147 66 128 114 27 107 34 120 52 35 8 37 32 98 42 40 17 138 41 121 30 7 82 116 127 51 78 81 113 100 67 87 64 5 142 28 36 14 0 145 88 4 112 75 72 119 61 26 99 141 129 24 133 46 95 137 47 54 11 85 45 84 31 80 89 9 140 60 12 29 110 125 25 68 93 16 124 50 97 101 63 58 131 18 43 20 55 22 13 136 130 48 148 109 69 117 74 65 3 70 144 102 126 90 23 1 6 91 94 39 76 73 149 96 44 53 132 103 10 108 71 49 21 59 15 2 135 134 56 111 19 62 105 92 123 33 146 143 77 83 86 79 115 
Coste: 387531111
Temperatura: 5352.352646171533
Probabilidad de aceptación: 2.4274932664070943E-84
Movimiento: NO



ITERACION 116
Solucion:    139 118 39 106 104 122 57 147 38 128 114 27 107 34 120 52 35 8 37 32 98 42 40 17 138 66 41 30 7 82 116 127 51 78 81 121 100 113 87 64 67 5 28 36 142 0 145 88 4 112 75 72 119 61 26 99 141 129 14 133 46 24 137 47 54 11 85 45 84 31 80 89 9 140 60 95 29 110 125 25 68 93 16 124 50 97 101 63 58 131 18 43 20 55 22 13 12 130 48 148 109 69 117 74 65 136 3 70 102 144 90 23 1 6 91 94 126 76 73 149 96 44 53 132 103 10 108 71 49 21 59 15 2 135 134 56 111 19 62 105 92 123 33 146 143 77 83 86 79 115 
Coste: 383933900
Temperatura: 4817.11738155438
Probabilidad de aceptación: 4.2085071805473685E-261
Movimiento: NO



ITERACION 117
Solucion:    139 118 39 106 104 122 57 147 38 128 114 27 76 34 120 52 35 8 37 32 98 42 40 17 138 66 41 30 7 82 116 127 51 78 81 107 100 113 87 64 121 67 28 36 142 0 145 88 4 112 75 72 119 61 26 99 141 129 14 133 46 24 137 47 54 11 85 45 84 31 80 89 9 140 60 5 29 110 125 25 68 93 16 124 50 97 101 63 58 131 18 43 20 55 22 13 12 130 48 148 109 69 95 117 65 136 3 70 74 144 90 23 1 6 91 94 126 15 73 149 96 44 53 132 102 10 108 71 49 21 59 103 2 135 134 56 111 19 62 105 92 123 33 146 143 77 83 86 79 115 
Coste: 381882352
Temperatura: 4335.405643398942
Probabilidad de aceptación: 1.6582686180236554E-137
Movimiento: NO



ITERACION 118
Solucion:    139 118 39 106 104 122 57 147 73 128 114 27 76 34 120 52 35 8 37 32 98 42 40 17 138 66 41 30 7 82 116 127 51 78 81 107 100 113 87 64 121 67 28 36 142 0 145 88 4 112 75 72 119 61 26 99 141 129 14 133 46 24 137 47 54 11 85 45 84 31 80 89 9 140 60 5 29 110 125 25 68 93 16 124 50 97 101 63 58 131 18 43 20 55 22 13 12 130 48 148 109 69 95 117 65 38 136 70 74 144 90 23 1 3 91 6 126 94 83 15 96 44 53 132 102 10 108 71 49 21 59 103 149 135 134 56 111 19 62 105 92 123 33 146 143 77 2 86 79 115 
Coste: 380542686
Temperatura: 3901.8650790590477
Probabilidad de aceptación: 1.0004885304279961E-114
Movimiento: NO



ITERACION 119
Solucion:    139 118 39 106 104 122 57 147 73 128 114 27 76 34 120 52 35 8 37 32 98 42 40 17 138 66 41 30 7 82 116 127 51 78 81 107 100 113 87 64 121 67 28 36 142 0 145 88 4 112 75 72 119 61 26 99 141 129 14 133 46 15 137 47 54 11 85 45 84 31 80 89 24 140 60 5 29 110 125 25 68 93 16 124 50 97 101 63 58 131 18 43 20 55 22 13 12 130 48 148 109 69 95 117 65 38 136 70 74 144 90 23 1 3 91 6 126 94 9 83 96 44 53 132 102 10 108 71 49 21 59 103 149 135 134 56 111 19 62 105 92 123 33 146 143 77 2 86 79 115 
Coste: 379951565
Temperatura: 3511.678571153143
Probabilidad de aceptación: 6.133678319324361E-123
Movimiento: NO



ITERACION 120
Solucion:    139 96 39 106 104 122 57 147 73 128 114 27 76 34 120 52 35 8 37 32 98 42 40 118 138 66 41 30 17 82 116 127 51 78 81 107 100 113 87 64 121 67 28 36 142 0 145 88 4 112 75 72 119 61 26 99 141 129 14 133 46 15 137 47 54 7 85 45 84 31 80 89 24 140 60 11 29 110 5 25 68 93 125 124 50 97 101 63 58 131 18 43 20 55 22 13 12 130 48 16 109 69 95 117 65 38 136 70 74 144 90 23 1 3 91 6 126 94 9 83 21 148 53 132 44 10 108 71 102 49 59 103 149 135 134 56 111 19 62 105 92 123 33 146 143 77 2 86 79 115 
Coste: 376828335
Temperatura: 3160.5107140378286
Probabilidad de aceptación: 7.024407674448254E-64
Movimiento: NO



ITERACION 121
Solucion:    148 139 39 106 104 122 57 147 73 128 114 27 76 34 120 52 35 8 37 32 98 42 40 118 138 66 41 30 17 82 116 127 51 78 81 107 100 113 87 64 121 67 28 36 142 0 145 88 4 112 75 72 119 61 26 99 141 129 14 133 46 15 137 47 96 7 85 45 84 31 80 89 24 140 60 11 29 110 5 25 68 93 125 124 50 97 101 63 58 131 18 43 20 55 22 13 12 130 48 16 109 69 95 117 65 38 136 70 74 144 90 23 1 3 91 6 126 94 9 83 21 79 54 132 44 10 53 108 102 71 59 103 49 135 149 134 56 111 19 105 92 123 33 146 143 77 62 2 86 115 
Coste: 375750960
Temperatura: 2844.459642634046
Probabilidad de aceptación: 5.101167452613473E-54
Movimiento: NO



ITERACION 122
Solucion:    148 54 39 106 104 122 57 147 73 128 114 27 76 34 120 52 35 8 37 32 98 42 40 118 138 66 41 30 139 82 116 127 51 78 81 17 100 113 87 64 121 67 28 36 142 107 0 88 4 112 75 145 119 61 26 99 141 129 14 133 46 15 137 47 96 7 85 45 84 31 80 89 24 140 60 11 29 110 5 25 68 93 125 124 50 97 101 63 58 131 18 43 20 55 22 13 12 130 48 16 109 69 95 117 65 38 136 70 74 144 90 23 1 3 91 6 126 94 9 83 72 79 2 132 21 44 53 108 10 71 102 103 49 59 149 134 56 111 135 19 92 123 33 146 143 77 62 105 86 115 
Coste: 373735473
Temperatura: 2560.013678370641
Probabilidad de aceptación: 3.46500182462448E-56
Movimiento: NO



ITERACION 123
Solucion:    132 148 39 106 104 122 57 147 73 128 114 27 76 34 120 52 35 8 37 32 98 42 40 118 138 66 41 30 139 82 116 127 51 78 81 17 100 113 87 64 121 67 28 36 142 107 0 88 4 112 75 145 119 61 26 99 141 129 14 133 46 15 137 47 96 7 85 45 84 31 80 89 24 140 60 11 29 110 5 25 68 93 125 124 50 97 101 63 58 131 18 43 20 55 22 13 12 130 48 16 109 69 95 117 65 38 136 70 74 144 90 23 1 3 91 6 126 94 9 83 72 54 79 86 21 44 53 108 10 71 102 103 2 49 149 134 59 56 135 111 92 19 33 146 143 77 62 123 105 115 
Coste: 372812121
Temperatura: 2304.012310533577
Probabilidad de aceptación: 3.1313635887231486E-54
Movimiento: NO



ITERACION 124
Solucion:    132 148 39 106 104 122 57 147 73 128 114 27 76 34 120 52 35 8 37 32 98 42 40 118 138 66 41 30 139 82 116 127 51 78 81 17 100 113 87 64 121 67 28 36 21 107 0 88 4 112 75 145 119 61 26 99 141 129 14 133 46 15 137 47 96 7 85 45 84 31 80 89 24 140 60 11 29 110 5 25 68 93 142 124 50 97 101 63 58 131 18 43 20 55 22 13 12 130 48 125 109 69 95 117 65 38 136 70 74 144 16 23 1 3 91 6 126 94 9 83 72 54 90 86 111 79 53 108 10 71 44 103 2 49 149 134 59 56 135 102 92 19 33 146 143 77 62 123 105 115 
Coste: 371851110
Temperatura: 2073.6110794802194
Probabilidad de aceptación: 3.1318520599945838E-68
Movimiento: NO



ITERACION 125
Solucion:    132 148 39 106 104 122 57 147 73 128 114 27 76 34 120 52 35 8 37 32 98 42 40 118 138 66 41 30 139 82 116 127 51 78 81 79 100 113 87 17 121 67 28 36 21 107 0 88 4 112 75 64 119 61 26 99 141 129 14 133 46 15 137 47 96 7 85 45 84 31 80 89 24 140 60 11 29 110 5 25 68 93 142 124 50 97 101 63 58 131 18 43 20 55 22 13 12 130 48 125 109 69 95 117 65 38 136 70 74 144 16 23 1 3 91 6 126 94 9 83 72 145 90 86 111 105 53 108 10 54 44 71 2 49 149 103 134 56 135 102 59 19 33 146 143 77 62 92 123 115 
Coste: 370855562
Temperatura: 1866.2499715321974
Probabilidad de aceptación: 4.451510675300893E-54
Movimiento: NO



ITERACION 126
Solucion:    132 53 39 106 104 122 57 147 73 128 114 27 76 34 120 52 35 8 37 32 98 42 40 118 138 66 41 30 139 82 116 127 51 78 81 79 100 113 87 17 121 67 28 36 21 148 107 88 4 112 75 64 119 61 26 99 0 129 14 133 46 15 137 47 96 7 85 45 84 31 80 89 24 140 60 11 29 110 5 25 68 93 142 124 50 97 101 63 58 131 18 43 20 55 22 13 12 130 48 125 109 69 95 117 65 38 136 70 74 144 16 23 1 3 91 6 126 94 9 83 72 141 90 86 111 145 123 108 10 54 44 71 2 49 149 103 134 56 135 105 102 19 33 146 143 77 62 92 59 115 
Coste: 369299081
Temperatura: 1679.6249743789776
Probabilidad de aceptación: 3.6209725647882526E-61
Movimiento: NO



ITERACION 127
Solucion:    132 108 39 106 104 122 57 147 73 128 114 27 76 34 120 52 35 8 37 32 98 42 40 118 138 66 41 30 139 82 116 127 51 78 81 79 100 113 87 17 121 67 28 36 21 148 107 88 4 112 75 64 119 61 26 99 0 129 14 133 46 15 137 47 96 7 85 45 84 31 80 89 24 140 60 11 29 110 5 25 68 93 142 124 50 97 101 63 58 131 18 43 20 55 22 13 12 130 48 125 109 69 95 117 65 38 136 70 74 144 16 23 1 3 91 6 126 94 9 83 72 141 90 86 111 53 123 59 10 54 44 71 2 49 149 145 134 56 135 105 102 103 33 146 143 77 62 19 92 115 
Coste: 369048692
Temperatura: 1511.6624769410798
Probabilidad de aceptación: 2.1554996674036055E-41
Movimiento: NO



ITERACION 128
Solucion:    132 108 39 10 104 106 57 122 147 128 114 27 73 34 120 52 35 8 37 32 98 42 40 76 138 66 41 30 139 82 116 127 51 78 81 118 100 113 87 17 121 67 28 36 21 148 107 88 4 112 75 64 119 61 26 99 0 129 14 133 46 79 137 47 15 96 85 45 84 31 80 89 24 140 60 11 29 110 7 25 68 93 5 124 50 97 101 63 58 131 18 43 20 55 22 13 12 130 48 125 109 69 95 117 65 38 136 70 74 144 16 23 1 3 91 6 126 94 9 83 72 141 142 86 111 53 123 90 105 54 59 71 2 49 149 145 134 56 44 135 102 103 33 146 143 77 62 19 92 115 
Coste: 364254476
Temperatura: 1360.4962292469718
Probabilidad de aceptación: 1.4588259667235685E-68
Movimiento: NO



ITERACION 129
Solucion:    132 108 39 10 104 106 57 122 147 128 114 27 73 34 120 52 35 8 37 32 98 42 40 76 138 66 41 30 139 82 116 127 51 78 81 118 100 113 87 17 121 67 28 36 21 148 107 88 4 112 75 64 119 61 26 99 0 129 14 133 46 79 137 47 15 96 85 45 84 31 80 89 24 140 60 11 29 110 7 25 68 93 5 124 50 97 101 63 58 131 18 43 20 55 22 13 12 130 48 125 109 69 95 117 65 38 136 70 74 144 16 23 1 3 91 6 126 94 9 83 72 141 142 86 111 53 123 90 105 54 59 71 2 49 149 145 134 56 44 135 102 103 33 146 143 77 62 19 92 115 
Coste: 364254476
Temperatura: 1224.4466063222746
Probabilidad de aceptación: 7.152298733095078E-51
Movimiento: NO



ITERACION 130
Solucion:    132 108 39 10 59 104 57 106 122 128 114 27 147 34 120 52 73 8 37 32 98 42 40 76 138 35 41 30 139 82 116 127 51 66 81 78 100 113 87 17 121 67 28 36 118 21 148 88 4 112 75 64 119 61 26 99 0 129 14 133 46 79 137 47 15 96 85 45 84 31 80 89 24 140 60 11 29 110 7 25 68 93 5 124 50 97 101 63 58 131 18 43 20 55 22 13 12 130 48 125 109 69 95 117 65 38 136 70 74 144 16 23 1 3 91 6 126 94 9 83 72 141 107 86 111 142 123 53 90 54 44 71 2 49 149 145 134 56 105 135 102 103 33 146 143 77 62 19 92 115 
Coste: 360766548
Temperatura: 1102.0019456900473
Probabilidad de aceptación: 1.0724568961779705E-73
Movimiento: NO



ITERACION 131
Solucion:    132 108 39 71 10 104 57 59 106 128 114 122 27 147 120 52 73 8 37 32 98 42 40 34 138 76 41 30 139 82 116 127 51 35 81 66 100 113 87 17 121 67 28 36 118 21 78 88 4 112 75 148 119 61 26 99 64 0 14 133 46 79 137 47 15 96 85 45 84 31 80 89 24 140 60 11 29 110 7 25 68 129 93 124 50 97 101 63 58 131 18 43 20 55 22 13 12 5 48 125 130 69 95 117 65 38 136 70 74 144 16 23 1 3 91 6 126 94 9 83 72 141 109 86 111 142 123 53 90 54 44 92 2 107 149 145 49 134 105 135 102 103 33 146 143 77 62 19 56 115 
Coste: 354995656
Temperatura: 991.8017511210426
Probabilidad de aceptación: 9.055895762178413E-57
Movimiento: NO



ITERACION 132
Solucion:    132 108 39 71 10 104 57 59 2 128 114 106 122 27 120 52 73 8 37 32 98 42 40 34 147 138 41 30 139 82 76 116 51 127 81 35 100 113 87 17 66 67 28 36 118 121 21 88 4 112 75 148 119 61 26 99 64 0 14 133 46 79 137 47 15 96 85 45 84 31 80 89 24 140 60 11 29 110 7 25 68 129 93 124 50 97 101 63 58 131 18 43 20 55 22 13 12 5 48 125 130 69 95 117 65 38 136 70 74 144 16 23 1 3 91 6 126 94 9 83 72 141 109 86 111 142 123 53 90 54 44 78 102 107 149 145 49 134 105 135 92 103 33 146 143 77 62 19 56 115 
Coste: 351323973
Temperatura: 892.6215760089383
Probabilidad de aceptación: 2.94022262352209E-91
Movimiento: NO



ITERACION 133
Solucion:    132 108 39 71 10 104 57 59 2 128 114 106 122 107 120 52 27 8 37 32 98 42 40 34 147 138 41 30 139 82 76 116 51 127 81 35 100 113 87 17 66 73 28 36 67 121 118 88 4 112 75 148 119 61 26 99 64 0 14 133 46 79 137 47 15 96 85 45 84 31 80 89 24 140 60 11 29 110 7 25 68 129 93 124 50 97 101 63 58 131 18 43 20 55 22 13 12 5 48 125 130 69 95 117 65 38 136 70 74 144 16 23 1 3 91 6 126 94 9 83 21 72 109 86 111 142 123 53 141 54 44 90 78 92 149 145 49 134 105 135 102 103 33 146 143 77 62 19 56 115 
Coste: 349222435
Temperatura: 803.3594184080445
Probabilidad de aceptación: 1.6667900755929588E-69
Movimiento: NO



ITERACION 134
Solucion:    132 149 39 71 10 104 57 59 2 128 114 106 108 107 120 52 27 8 37 32 98 42 40 34 147 138 41 30 139 82 76 116 51 127 81 35 100 113 87 17 66 73 28 36 67 121 118 88 4 112 75 148 119 61 122 99 26 0 14 133 46 79 137 47 15 64 85 45 84 31 80 89 24 140 60 11 29 110 7 25 68 129 93 124 50 97 101 63 58 131 18 43 20 55 22 13 12 5 48 125 130 69 95 117 65 38 136 70 74 144 16 23 1 3 91 6 126 94 9 83 21 72 109 86 111 142 123 53 141 54 96 90 78 92 44 145 49 134 105 135 102 103 33 146 143 77 62 19 56 115 
Coste: 348229825
Temperatura: 723.02347656724
Probabilidad de aceptación: 2.7281321197021148E-149
Movimiento: NO



ITERACION 135
Solucion:    132 149 39 71 10 104 57 59 2 128 114 106 108 107 120 52 27 8 37 32 98 42 40 34 147 138 41 30 139 82 76 116 51 127 81 35 100 113 87 17 66 73 28 36 67 121 118 88 4 112 75 148 119 61 122 99 26 0 14 133 46 79 137 47 15 64 85 45 84 31 80 89 24 140 60 11 29 110 7 25 68 129 93 124 50 97 101 145 58 131 18 43 20 55 22 13 12 5 48 125 130 69 95 117 65 38 136 70 74 144 16 23 1 3 91 6 126 94 9 83 21 72 109 86 111 142 123 53 63 54 141 90 78 92 44 56 96 134 105 135 102 49 33 146 143 77 62 19 103 115 
Coste: 347983880
Temperatura: 650.721128910516
Probabilidad de aceptación: 3.2526856199967227E-69
Movimiento: NO



ITERACION 136
Solucion:    132 149 39 71 10 104 57 59 2 128 114 106 108 107 120 52 27 8 37 32 98 42 40 34 147 138 41 30 139 82 76 116 51 127 81 35 100 113 87 17 66 73 28 36 67 121 118 88 4 112 75 148 119 61 122 99 26 0 14 133 46 79 137 47 15 64 85 45 84 31 80 89 24 140 60 11 29 110 7 25 68 129 93 124 50 97 101 145 58 131 18 43 20 55 22 13 12 5 48 125 130 69 95 117 65 38 136 70 74 144 16 23 1 3 91 6 126 94 9 83 21 72 109 86 111 96 123 53 63 54 142 90 78 92 44 141 56 134 105 135 102 49 33 146 143 77 62 19 103 115 
Coste: 347962135
Temperatura: 585.6490160194644
Probabilidad de aceptación: 2.9174269660143986E-83
Movimiento: NO



ITERACION 137
Solucion:    132 149 39 71 10 104 57 59 2 128 114 106 108 107 120 52 27 8 37 32 98 42 40 34 147 138 41 30 134 82 76 116 51 127 81 35 100 113 87 17 66 139 28 36 67 121 118 88 4 112 73 148 119 61 122 75 26 0 14 133 46 79 137 47 15 64 85 45 84 31 80 89 24 140 60 11 29 110 7 25 68 129 93 124 50 97 101 145 58 131 18 43 20 55 22 13 12 5 48 125 130 69 95 117 65 38 136 70 74 144 16 23 1 3 91 6 126 94 9 83 99 21 109 86 72 111 123 53 63 54 142 90 78 92 96 141 56 103 105 135 102 49 33 44 146 77 62 19 143 115 
Coste: 347141675
Temperatura: 527.084114417518
Probabilidad de aceptación: 1.437001362343904E-116
Movimiento: NO



ITERACION 138
Solucion:    132 149 105 39 10 104 57 59 71 128 114 106 2 107 120 52 27 8 37 32 98 42 40 34 147 108 41 138 30 82 76 116 51 134 81 35 100 113 87 17 66 127 28 36 139 121 118 88 4 112 73 148 119 61 67 75 26 0 14 133 46 79 137 47 15 64 85 45 84 31 80 89 24 140 60 11 29 110 7 25 68 129 93 124 50 97 101 145 58 131 18 43 20 55 22 13 12 5 48 125 130 69 95 117 65 38 136 70 74 144 16 23 1 3 91 6 126 94 9 83 99 21 109 86 72 111 123 53 122 63 142 54 90 92 96 141 56 103 78 135 102 49 33 44 146 77 62 19 143 115 
Coste: 343334704
Temperatura: 474.3757029757662
Probabilidad de aceptación: 0.0
Movimiento: NO



ITERACION 139
Solucion:    132 149 105 39 10 104 57 59 71 128 114 106 2 107 120 52 27 8 37 32 98 42 40 34 147 108 41 138 30 82 76 116 51 134 81 35 100 113 87 17 66 127 28 135 36 121 139 88 4 112 118 148 119 61 73 75 26 0 14 133 46 79 137 47 15 67 85 64 45 31 80 89 24 140 60 11 29 84 7 25 68 129 93 124 50 97 101 145 58 131 18 43 20 55 22 13 12 5 48 125 130 69 95 117 65 38 136 70 74 144 16 23 1 3 110 6 126 94 9 83 99 91 109 86 21 111 123 53 122 63 142 54 90 92 96 141 56 103 78 72 102 49 33 44 146 77 62 19 143 115 
Coste: 341513277
Temperatura: 426.9381326781896
Probabilidad de aceptación: 1.3525220229827979E-292
Movimiento: NO



ITERACION 140
Solucion:    132 149 102 105 10 39 57 59 71 128 114 106 104 107 2 52 27 8 120 32 98 37 42 40 34 108 41 138 30 82 76 147 51 134 81 35 116 100 87 113 66 127 28 135 36 17 139 88 121 112 118 148 119 61 73 75 26 0 14 133 46 4 79 47 15 67 85 64 45 31 80 89 24 140 60 11 29 84 7 25 68 129 93 137 50 97 101 145 58 131 18 43 20 55 22 13 12 5 48 125 130 69 95 117 65 38 136 70 74 144 16 23 1 3 110 6 126 94 9 83 99 91 109 86 21 111 123 53 122 63 142 54 90 92 96 141 56 103 78 72 124 49 33 44 146 77 62 19 143 115 
Coste: 336733432
Temperatura: 384.2443194103707
Probabilidad de aceptación: 0.0
Movimiento: NO



ITERACION 141
Solucion:    49 132 102 105 10 39 57 59 71 128 114 106 104 107 2 52 27 8 120 32 98 37 42 40 34 108 41 138 30 82 76 147 51 134 81 35 116 100 87 113 66 127 28 135 36 17 139 88 121 112 118 148 119 61 73 75 26 0 14 133 46 4 79 47 15 67 85 149 45 31 80 89 24 140 60 11 29 84 7 25 68 129 93 137 50 97 101 145 58 131 18 43 20 55 22 13 12 5 48 125 130 69 95 117 65 38 136 70 74 144 16 23 1 3 110 6 126 94 9 83 99 91 109 86 21 111 123 64 122 63 142 54 90 92 96 141 56 103 78 72 124 143 53 44 33 77 62 146 19 115 
Coste: 336118654
Temperatura: 345.8198874693336
Probabilidad de aceptación: 6.390284557606545E-73
Movimiento: NO



ITERACION 142
Solucion:    49 132 102 105 10 39 57 59 71 128 114 106 104 107 2 52 27 8 120 32 98 37 42 40 34 108 41 138 30 82 76 147 51 134 81 35 116 100 87 113 66 127 28 135 36 17 139 88 121 112 118 148 119 61 73 75 26 0 14 133 46 4 79 47 15 67 85 149 45 31 80 89 24 140 60 11 29 84 7 25 68 129 93 137 50 97 101 145 58 131 18 43 20 55 22 13 12 5 48 125 130 69 95 117 65 38 136 70 74 144 16 23 1 3 110 6 126 94 9 83 99 91 109 86 21 111 123 64 122 63 142 54 90 92 96 141 56 103 78 72 124 143 44 53 33 77 62 146 19 115 
Coste: 336113893
Temperatura: 311.23789872240025
Probabilidad de aceptación: 0.07900443438347733
Movimiento: NO



ITERACION 143
Solucion:    49 132 102 105 10 39 57 59 71 128 114 106 104 107 2 52 27 8 120 32 98 37 42 40 34 108 41 138 30 82 76 147 51 134 81 35 116 100 87 113 66 127 28 135 36 17 139 88 121 112 118 148 119 61 73 75 26 0 14 133 46 4 79 47 15 67 85 149 45 31 80 89 24 140 60 11 29 84 7 25 68 129 93 137 50 97 101 145 58 131 18 43 20 55 22 13 12 5 48 125 130 69 95 117 65 38 136 70 74 144 16 23 1 3 110 6 126 94 9 83 99 91 109 86 21 111 123 64 122 63 142 54 90 92 96 141 56 103 78 72 124 143 44 77 33 53 62 146 19 115 
Coste: 336110845
Temperatura: 280.1141088501602
Probabilidad de aceptación: 0.049316931226692784
Movimiento: NO



ITERACION 144
Solucion:    49 132 102 105 10 39 57 59 71 128 114 106 104 107 2 52 33 8 120 32 98 37 42 40 34 108 41 138 27 82 30 147 51 76 81 134 116 100 87 113 66 127 28 135 36 17 139 88 121 112 118 148 119 61 73 75 26 0 14 133 46 4 79 47 15 35 85 67 149 31 80 89 24 140 60 11 29 45 7 25 68 129 84 137 50 97 101 93 58 131 18 43 20 55 22 13 12 5 48 125 130 69 95 117 65 38 136 70 74 144 16 23 1 3 110 6 126 94 9 83 99 91 109 86 21 111 123 64 122 63 142 54 90 92 96 141 145 103 78 72 124 143 44 77 19 56 62 146 53 115 
Coste: 333047279
Temperatura: 252.10269796514422
Probabilidad de aceptación: 2.4000608788845986E-65
Movimiento: NO



ITERACION 145
Solucion:    49 132 102 105 10 39 57 59 71 128 114 106 104 107 2 52 33 8 120 32 98 37 42 40 34 108 41 138 27 82 30 147 51 76 81 134 116 100 87 113 66 127 28 135 36 17 139 88 121 112 118 148 119 61 73 75 26 0 14 133 46 4 79 47 15 35 85 67 149 31 80 89 24 140 60 11 29 45 7 25 68 129 84 137 50 97 101 93 58 131 18 43 20 55 22 13 12 5 48 125 130 69 95 117 65 38 136 70 74 144 16 23 1 3 110 6 126 94 9 83 99 91 109 86 21 111 123 64 122 63 142 54 90 92 96 141 145 103 78 72 124 143 44 77 19 62 56 146 53 115 
Coste: 333045517
Temperatura: 226.8924281686298
Probabilidad de aceptación: 5.4774038549209644E-68
Movimiento: NO



ITERACION 146
Solucion:    49 132 102 105 10 39 57 59 71 128 114 106 104 107 2 52 33 8 120 32 98 37 42 40 34 108 41 138 27 82 30 147 51 76 81 134 116 100 87 113 66 127 28 135 36 17 139 88 121 112 118 148 119 61 73 75 26 0 14 133 46 4 79 47 15 35 85 67 149 31 80 89 24 140 60 11 29 45 7 25 68 129 84 137 50 97 101 93 58 131 18 43 20 55 22 13 12 5 48 125 130 69 95 117 65 38 136 70 74 144 16 23 1 3 110 6 126 94 9 83 99 91 109 86 21 111 123 64 122 63 142 54 90 92 96 141 145 103 78 72 124 143 56 77 19 62 44 146 53 115 
Coste: 333043173
Temperatura: 204.20318535176682
Probabilidad de aceptación: 6.328904481838305E-4
Movimiento: NO



ITERACION 147
Solucion:    49 132 102 105 146 39 57 59 71 128 114 106 104 107 2 52 10 8 120 32 98 37 42 40 34 108 41 138 33 82 27 147 51 76 81 30 116 100 87 113 66 127 28 135 36 17 139 88 121 112 118 148 119 61 73 75 26 0 14 133 46 134 79 47 15 35 85 4 149 31 80 89 24 140 60 11 29 45 7 25 68 67 84 137 50 97 101 93 58 131 129 43 20 55 22 13 12 5 48 18 130 69 95 117 65 38 136 70 74 144 16 23 1 3 110 6 126 94 9 83 99 91 109 86 21 111 123 125 122 63 142 54 90 92 64 141 145 103 78 72 124 143 96 77 19 62 44 53 56 115 
Coste: 330737189
Temperatura: 183.78286681659014
Probabilidad de aceptación: 7.73550142789707E-17
Movimiento: NO



ITERACION 148
Solucion:    49 132 102 105 146 39 57 59 71 128 114 106 104 107 2 52 10 8 120 32 98 37 42 40 34 108 41 138 33 82 27 147 51 76 81 30 116 100 87 113 66 127 28 135 36 17 139 88 121 112 118 148 119 61 73 75 26 0 14 133 46 134 79 47 15 35 85 4 149 31 80 89 24 140 60 11 29 45 7 25 68 67 84 137 50 97 101 93 58 131 129 43 20 55 22 13 12 5 48 18 130 69 95 117 65 38 136 70 74 144 16 23 1 3 110 6 126 94 9 83 99 91 109 86 21 111 123 125 122 63 142 54 90 92 64 141 145 103 78 72 124 143 96 77 19 62 44 53 56 115 
Coste: 330737189
Temperatura: 165.40458013493114
Probabilidad de aceptación: 3.303108054878973E-66
Movimiento: NO



ITERACION 149
Solucion:    115 132 102 105 146 39 57 59 71 128 114 106 104 107 2 52 10 8 120 32 98 37 42 40 34 108 41 138 33 82 27 147 51 76 81 30 116 100 87 113 66 127 28 135 36 17 139 88 121 112 118 148 119 61 73 75 26 0 14 133 46 134 79 47 15 35 85 4 149 31 80 89 24 140 60 11 49 45 7 25 68 29 84 137 50 97 101 93 58 131 67 43 20 55 22 13 12 5 48 129 130 69 95 117 65 38 136 70 74 144 18 23 1 3 110 6 126 94 9 83 99 91 109 86 21 111 123 125 122 63 142 54 90 92 64 141 145 103 78 72 124 143 96 77 19 62 44 16 56 53 
Coste: 327874687
Temperatura: 148.86412212143802
Probabilidad de aceptación: 1.0
Movimiento: SI



