ITERACION 0
Solucion:    9 31 57 97 22 56 128 92 102 26 32 13 106 90 103 62 63 72 88 4 108 54 79 15 86 142 98 71 38 28 77 87 67 34 117 27 147 124 51 115 50 59 6 93 3 126 2 132 55 10 121 110 99 127 29 45 49 80 144 141 43 58 109 145 83 14 33 44 52 53 107 94 37 61 114 1 105 136 119 8 89 101 135 123 96 7 74 138 12 39 91 73 16 11 81 30 46 48 17 0 19 20 111 120 75 85 69 131 133 68 113 112 137 148 70 122 125 104 64 100 40 143 60 36 41 76 146 65 129 82 118 95 78 47 134 5 139 66 116 149 18 84 42 24 23 140 130 25 35 21 
Coste: 9696424
Temperatura: 1.4546781E7
Probabilidad de aceptación: 1.0
Movimiento: SI



ITERACION 1
Solucion:    31 21 9 57 97 22 56 128 92 102 26 32 13 106 90 103 62 63 72 88 4 108 54 79 15 86 142 98 71 38 28 77 87 67 34 117 27 147 124 51 115 50 59 6 93 3 126 2 132 55 10 121 110 99 127 29 45 49 80 144 141 43 58 109 145 83 14 33 44 52 53 107 94 37 61 114 1 105 136 119 8 89 101 135 123 96 7 74 138 12 39 91 73 16 11 81 30 46 48 17 0 19 20 111 120 75 85 69 131 133 68 113 112 137 148 70 122 125 104 64 100 40 143 60 36 41 76 146 65 129 82 118 95 78 47 134 5 139 66 116 149 18 84 42 24 23 140 130 25 35 
Coste: 9708704
Temperatura: 1.30921029E7
Probabilidad de aceptación: 1.0
Movimiento: SI



ITERACION 2
Solucion:    9 31 35 21 57 97 22 56 128 92 102 26 32 13 106 90 103 62 63 72 88 4 108 54 79 15 86 142 98 71 38 28 77 87 67 34 117 27 147 124 51 115 50 59 6 93 3 126 2 132 55 10 121 110 99 127 29 45 49 80 144 141 43 58 109 145 83 14 33 44 52 53 107 94 37 61 114 1 105 136 119 8 89 101 135 123 96 7 74 138 12 39 91 73 16 11 81 30 46 48 17 0 19 20 111 120 75 85 69 131 133 68 113 112 137 148 70 122 125 104 64 100 40 143 60 36 41 76 146 65 129 82 118 95 78 47 134 5 139 66 116 149 18 84 42 24 23 140 130 25 
Coste: 9741212
Temperatura: 1.1782892610000001E7
Probabilidad de aceptación: 1.0
Movimiento: SI



ITERACION 3
Solucion:    21 9 31 25 35 57 97 22 56 128 92 102 26 32 13 106 90 103 62 63 72 88 4 108 54 79 15 86 142 98 71 38 28 77 87 67 34 117 27 147 124 51 115 50 59 6 93 3 126 2 132 55 10 121 110 99 127 29 45 49 80 144 141 43 58 109 145 83 14 33 44 52 53 107 94 37 61 114 1 105 136 119 8 89 101 135 123 96 7 74 138 12 39 91 73 16 11 81 30 46 48 17 0 19 20 111 120 75 85 69 131 133 68 113 112 137 148 70 122 125 104 64 100 40 143 60 36 41 76 146 65 129 82 118 95 78 47 134 5 139 66 116 149 18 84 42 24 23 140 130 
Coste: 9747963
Temperatura: 1.0604603349000001E7
Probabilidad de aceptación: 1.0
Movimiento: SI



ITERACION 4
Solucion:    35 21 9 31 130 25 57 97 22 56 128 92 102 26 32 13 106 90 103 62 63 72 88 4 108 54 79 15 86 142 98 71 38 28 77 87 67 34 117 27 147 124 51 115 50 59 6 93 3 126 2 132 55 10 121 110 99 127 29 45 49 80 144 141 43 58 109 145 83 14 33 44 52 53 107 94 37 61 114 1 105 136 119 8 89 101 135 123 96 7 74 138 12 39 91 73 16 11 81 30 46 48 17 0 19 20 111 120 75 85 69 131 133 68 113 112 137 148 70 122 125 104 64 100 40 143 60 36 41 76 146 65 129 82 118 95 78 47 134 5 139 66 116 149 18 84 42 24 23 140 
Coste: 9774336
Temperatura: 9544143.014100002
Probabilidad de aceptación: 1.0
Movimiento: SI



ITERACION 5
Solucion:    25 35 21 9 31 140 130 57 97 22 56 128 92 102 26 32 13 106 90 103 62 63 72 88 4 108 54 79 15 86 142 98 71 38 28 77 87 67 34 117 27 147 124 51 115 50 59 6 93 3 126 2 132 55 10 121 110 99 127 29 45 49 80 144 141 43 58 109 145 83 14 33 44 52 53 107 94 37 61 114 1 105 136 119 8 89 101 135 123 96 7 74 138 12 39 91 73 16 11 81 30 46 48 17 0 19 20 111 120 75 85 69 131 133 68 113 112 137 148 70 122 125 104 64 100 40 143 60 36 41 76 146 65 129 82 118 95 78 47 134 5 139 66 116 149 18 84 42 24 23 
Coste: 9767487
Temperatura: 8589728.712690001
Probabilidad de aceptación: 1.0
Movimiento: SI



ITERACION 6
Solucion:    130 25 35 21 9 31 23 140 57 97 22 56 128 92 102 26 32 13 106 90 103 62 63 72 88 4 108 54 79 15 86 142 98 71 38 28 77 87 67 34 117 27 147 124 51 115 50 59 6 93 3 126 2 132 55 10 121 110 99 127 29 45 49 80 144 141 43 58 109 145 83 14 33 44 52 53 107 94 37 61 114 1 105 136 119 8 89 101 135 123 96 7 74 138 12 39 91 73 16 11 81 30 46 48 17 0 19 20 111 120 75 85 69 131 133 68 113 112 137 148 70 122 125 104 64 100 40 143 60 36 41 76 146 65 129 82 118 95 78 47 134 5 139 66 116 149 18 84 42 24 
Coste: 9727960
Temperatura: 7730755.841421002
Probabilidad de aceptación: 1.0
Movimiento: SI



ITERACION 7
Solucion:    140 130 25 35 21 9 31 24 23 57 97 22 56 128 92 102 26 32 13 106 90 103 62 63 72 88 4 108 54 79 15 86 142 98 71 38 28 77 87 67 34 117 27 147 124 51 115 50 59 6 93 3 126 2 132 55 10 121 110 99 127 29 45 49 80 144 141 43 58 109 145 83 14 33 44 52 53 107 94 37 61 114 1 105 136 119 8 89 101 135 123 96 7 74 138 12 39 91 73 16 11 81 30 46 48 17 0 19 20 111 120 75 85 69 131 133 68 113 112 137 148 70 122 125 104 64 100 40 143 60 36 41 76 146 65 129 82 118 95 78 47 134 5 139 66 116 149 18 84 42 
Coste: 9731763
Temperatura: 6957680.2572789015
Probabilidad de aceptación: 1.0
Movimiento: SI



ITERACION 8
Solucion:    23 140 130 25 35 21 9 31 42 24 57 97 22 56 128 92 102 26 32 13 106 90 103 62 63 72 88 4 108 54 79 15 86 142 98 71 38 28 77 87 67 34 117 27 147 124 51 50 115 59 6 93 3 126 2 132 55 10 121 110 99 127 29 45 49 80 144 141 43 58 109 145 83 14 33 44 52 53 107 94 37 61 114 1 105 136 119 8 89 101 135 123 96 7 74 138 12 39 91 73 16 11 81 30 46 48 17 0 19 20 111 120 75 85 69 131 133 68 113 112 137 148 70 122 125 104 64 100 40 143 60 36 41 76 146 65 129 82 118 95 78 47 134 5 139 66 116 149 18 84 
Coste: 9726757
Temperatura: 6261912.231551011
Probabilidad de aceptación: 1.0
Movimiento: SI



ITERACION 9
Solucion:    24 23 140 130 25 35 21 9 31 84 42 57 97 22 56 128 92 102 26 32 13 106 90 103 62 63 72 88 4 108 54 79 15 86 142 98 71 38 28 77 87 67 34 117 27 147 124 51 50 115 59 6 93 3 126 2 132 55 10 121 110 99 127 29 45 49 80 144 141 43 58 109 145 83 14 33 44 52 53 107 94 37 61 114 1 105 136 119 8 89 101 135 123 96 7 74 138 12 39 91 73 16 11 81 30 46 48 17 0 19 20 111 120 75 85 69 131 133 68 113 112 137 148 70 122 125 104 64 100 40 143 60 36 41 76 146 65 129 82 118 95 78 47 134 5 139 66 116 149 18 
Coste: 9712689
Temperatura: 5635721.00839591
Probabilidad de aceptación: 1.0
Movimiento: SI



ITERACION 10
Solucion:    42 24 23 140 130 25 35 21 9 31 18 84 57 97 22 56 128 92 102 26 32 13 106 90 103 62 63 72 88 4 108 54 79 15 86 142 98 71 38 28 77 87 67 34 117 27 147 124 51 50 115 59 6 93 3 126 2 132 55 10 121 110 99 127 29 45 49 80 144 141 43 58 109 145 83 14 33 44 52 53 107 94 37 61 114 1 105 136 119 8 89 101 135 123 96 7 74 138 12 39 91 73 16 11 81 30 46 48 17 0 19 20 111 120 75 85 69 131 133 68 113 112 137 148 70 122 125 104 64 100 40 143 60 36 41 76 146 65 129 82 118 95 78 47 134 5 139 66 116 149 
Coste: 9735225
Temperatura: 5072148.90755632
Probabilidad de aceptación: 1.0
Movimiento: SI



ITERACION 11
Solucion:    84 42 24 23 140 130 25 35 21 9 31 149 18 57 97 22 56 128 92 102 26 32 13 106 90 103 62 63 72 88 4 108 54 79 15 86 142 98 71 38 28 77 87 67 34 117 27 147 124 51 50 115 59 6 93 3 126 2 132 55 10 121 110 99 127 29 45 49 80 144 141 43 58 109 145 83 14 33 44 52 53 107 94 37 61 114 1 105 136 119 8 89 101 135 123 96 7 74 138 12 39 91 73 16 11 81 30 46 48 17 0 19 20 111 120 75 85 69 131 133 68 113 112 137 148 70 122 125 104 64 100 40 143 60 36 41 76 146 65 129 82 118 95 78 47 134 5 139 66 116 
Coste: 9735423
Temperatura: 4564934.016800688
Probabilidad de aceptación: 1.0
Movimiento: SI



ITERACION 12
Solucion:    18 84 42 24 23 140 130 25 35 21 9 31 116 149 57 97 22 56 128 92 102 26 32 13 106 90 103 62 63 72 88 4 108 54 79 15 86 142 98 71 38 28 77 87 67 34 117 27 147 124 51 50 115 59 6 93 3 126 2 132 55 10 121 110 99 127 29 45 49 80 144 141 43 58 109 145 83 14 33 44 52 53 107 94 37 61 114 1 105 136 119 8 89 101 135 123 96 7 74 138 12 39 91 73 16 11 81 30 46 48 17 0 19 20 111 120 75 85 69 131 133 68 113 112 137 148 70 122 125 104 64 100 40 143 60 36 41 76 146 65 129 82 118 95 78 47 134 5 139 66 
Coste: 9785321
Temperatura: 4108440.615120619
Probabilidad de aceptación: 1.0
Movimiento: SI



ITERACION 13
Solucion:    149 18 84 42 24 23 140 130 25 35 21 9 31 66 116 57 97 22 56 128 92 102 26 32 13 106 90 103 62 63 72 88 4 108 54 79 15 86 142 98 71 38 28 77 87 67 34 117 27 147 124 51 50 115 59 6 93 3 126 2 132 55 10 121 110 99 127 29 45 49 80 144 141 43 58 109 145 83 14 33 44 52 53 107 94 37 61 114 1 105 136 119 8 89 101 135 123 96 7 74 138 12 39 91 73 16 11 81 30 46 48 17 0 19 20 111 120 75 85 69 131 133 68 113 112 137 148 70 122 125 104 64 100 40 143 60 36 41 76 146 65 129 82 118 95 78 47 134 5 139 
Coste: 9764664
Temperatura: 3697596.553608557
Probabilidad de aceptación: 1.0
Movimiento: SI



ITERACION 14
Solucion:    116 149 18 84 42 24 23 140 130 25 35 21 9 31 139 66 57 97 22 56 128 92 102 26 32 13 106 90 103 62 63 72 88 4 108 54 79 15 86 142 98 71 38 28 77 87 67 34 117 27 147 124 51 50 115 59 6 93 3 126 2 132 55 10 121 110 99 127 29 45 49 80 144 141 43 58 109 145 83 14 33 44 52 53 107 94 37 61 114 1 105 136 119 8 89 101 135 123 96 7 74 138 12 39 91 73 16 11 81 30 46 48 17 0 19 20 111 120 75 85 69 131 133 68 113 112 137 148 70 122 125 104 64 100 40 143 60 36 41 76 146 65 129 82 118 95 78 47 134 5 
Coste: 9711617
Temperatura: 3327836.8982477016
Probabilidad de aceptación: 1.0
Movimiento: SI



ITERACION 15
Solucion:    66 116 149 18 84 42 24 23 140 130 25 35 21 9 31 5 139 57 97 22 56 128 92 102 26 32 13 106 90 103 62 63 72 88 4 108 54 79 15 86 142 98 71 38 28 77 87 67 34 117 27 147 124 51 50 115 59 6 93 3 126 2 132 55 10 121 110 99 127 29 45 49 80 144 141 43 58 109 145 83 14 33 44 52 53 107 94 37 61 114 1 105 136 119 8 89 101 135 123 96 7 74 138 12 39 91 73 16 11 81 30 46 48 17 0 19 20 111 120 75 85 69 131 133 113 68 112 137 148 70 122 125 104 64 100 40 143 60 36 41 76 146 65 129 82 118 95 78 47 134 
Coste: 9711931
Temperatura: 2995053.2084229314
Probabilidad de aceptación: 1.0
Movimiento: SI



ITERACION 16
Solucion:    139 66 116 149 18 84 42 24 23 140 130 25 35 21 9 31 134 5 57 97 22 56 128 92 102 26 32 13 106 90 103 62 63 72 88 4 108 54 79 15 86 142 98 71 38 28 77 87 67 34 117 27 147 124 51 50 115 59 6 93 3 126 2 132 55 10 121 110 99 127 29 45 49 80 144 141 43 58 109 145 83 14 33 44 52 53 107 94 37 61 114 1 105 136 119 8 89 101 135 123 96 7 138 74 12 39 91 73 16 11 81 30 46 48 17 0 19 20 111 120 75 85 69 131 133 113 68 112 137 148 70 122 125 104 64 100 40 143 60 36 41 76 146 65 129 82 118 95 78 47 
Coste: 9708823
Temperatura: 2695547.8875806383
Probabilidad de aceptación: 1.0
Movimiento: SI



ITERACION 17
Solucion:    5 139 66 116 149 18 84 42 24 23 140 130 25 35 21 9 31 47 134 57 97 22 56 128 92 102 26 32 13 106 90 103 62 63 72 88 4 108 54 79 15 86 142 98 71 38 28 77 87 67 34 117 27 147 124 51 50 115 59 6 93 3 126 2 132 55 10 121 110 99 127 29 45 49 80 144 141 43 58 109 145 83 14 33 44 52 53 107 94 37 61 114 1 105 136 119 8 89 101 135 123 96 7 138 74 12 39 91 73 16 11 81 30 46 48 17 0 19 20 111 120 75 85 69 131 133 113 68 112 137 148 70 122 125 104 64 100 40 143 60 36 41 76 146 65 129 82 118 95 78 
Coste: 9723555
Temperatura: 2425993.0988225746
Probabilidad de aceptación: 1.0
Movimiento: SI



ITERACION 18
Solucion:    134 5 139 66 116 149 18 84 42 24 23 140 130 25 35 21 9 31 78 47 57 97 22 56 128 92 102 26 32 13 106 90 103 62 63 72 88 4 108 54 79 15 86 142 98 71 38 28 77 87 67 34 117 27 147 124 51 50 115 59 6 93 3 126 2 132 55 10 121 110 99 127 29 45 49 80 144 141 43 58 109 145 83 14 33 44 52 53 107 94 37 61 114 1 105 136 119 8 89 101 135 123 96 7 138 74 12 39 91 73 16 11 81 30 46 48 17 0 19 20 111 120 75 85 69 131 133 113 68 112 137 148 70 122 125 104 64 100 40 143 60 36 41 76 146 65 129 82 118 95 
Coste: 9740691
Temperatura: 2183393.788940317
Probabilidad de aceptación: 1.0
Movimiento: SI



ITERACION 19
Solucion:    47 134 5 139 66 116 149 18 84 42 24 23 140 130 25 35 21 9 31 95 78 57 97 22 56 128 92 102 26 32 13 106 90 103 62 63 72 88 4 108 54 79 15 86 142 98 71 38 28 77 87 67 34 117 27 147 124 51 50 115 59 6 93 3 126 2 132 55 10 121 110 99 127 29 45 49 80 144 141 43 58 109 145 83 14 33 44 52 53 107 94 37 61 114 1 105 136 119 8 89 101 135 123 96 7 138 74 12 39 91 73 16 11 81 30 46 48 17 0 19 20 111 120 75 85 69 131 133 113 68 112 137 148 70 122 125 104 64 100 40 143 60 36 41 76 146 65 129 82 118 
Coste: 9802406
Temperatura: 1965054.4100462853
Probabilidad de aceptación: 1.0
Movimiento: SI



ITERACION 20
Solucion:    78 47 134 5 139 66 116 149 18 84 42 24 23 140 130 25 35 21 9 31 118 95 57 97 22 56 128 92 102 26 32 13 106 90 103 62 63 72 88 4 108 54 79 15 86 142 98 71 38 28 77 87 67 34 117 27 147 124 51 50 115 59 6 93 3 126 2 132 55 10 121 110 99 127 29 45 49 80 144 141 43 58 109 145 83 14 33 44 52 53 107 94 37 61 114 1 105 136 119 8 89 101 135 123 96 7 138 74 12 39 91 73 16 11 81 30 46 48 17 0 19 20 111 120 75 85 69 131 133 113 68 112 137 148 70 122 125 104 64 100 40 143 60 36 41 76 146 65 129 82 
Coste: 9805091
Temperatura: 1768548.9690416567
Probabilidad de aceptación: 1.0
Movimiento: SI



ITERACION 21
Solucion:    95 78 47 134 5 139 66 116 149 18 84 42 24 23 140 130 25 35 21 9 31 82 118 57 97 22 56 128 92 102 26 32 13 106 90 103 62 63 72 88 4 108 54 79 15 86 142 98 71 38 28 77 87 67 34 117 27 124 147 51 50 115 59 6 93 3 126 2 132 55 10 121 110 99 127 29 45 49 80 144 141 43 58 109 145 83 14 33 44 52 53 107 94 37 61 114 1 105 136 119 8 89 101 135 123 96 7 138 74 12 39 91 73 16 11 81 30 46 48 17 0 19 20 111 120 75 85 69 131 133 113 68 112 137 148 70 122 125 104 64 100 40 143 60 36 41 76 146 65 129 
Coste: 9750628
Temperatura: 1591694.072137491
Probabilidad de aceptación: 1.0
Movimiento: SI



ITERACION 22
Solucion:    118 95 78 47 134 5 139 66 116 149 18 84 42 24 23 140 130 25 35 21 9 31 129 82 57 97 22 56 128 92 102 26 32 13 106 90 103 62 63 72 88 4 108 54 79 15 86 142 98 71 38 28 77 87 67 34 117 27 124 147 51 50 115 59 6 93 3 126 2 132 55 10 121 110 99 127 29 45 49 80 144 141 43 58 109 145 83 14 33 44 52 53 107 94 37 61 114 1 105 136 119 8 89 101 135 123 96 7 138 74 12 39 91 73 16 11 81 30 46 48 17 0 19 20 111 120 75 85 69 131 133 113 68 112 137 148 70 122 125 104 64 100 40 143 60 36 41 76 146 65 
Coste: 9746759
Temperatura: 1432524.664923742
Probabilidad de aceptación: 1.0
Movimiento: SI



ITERACION 23
Solucion:    82 118 95 78 47 134 5 139 66 116 149 18 84 42 24 23 140 130 25 35 21 9 31 65 129 57 97 22 56 128 92 102 26 32 13 106 90 103 62 63 72 88 4 108 54 79 15 86 142 98 71 38 28 77 87 67 34 117 27 124 147 51 50 115 59 6 93 3 126 2 132 55 10 121 110 99 127 29 45 49 80 144 141 43 58 109 145 83 14 33 44 52 53 107 94 37 61 114 1 105 136 119 8 89 101 135 123 96 7 138 74 12 39 91 73 16 11 81 30 46 48 17 0 19 20 111 120 75 85 69 131 133 113 68 112 137 148 70 122 125 104 64 100 40 143 60 36 41 76 146 
Coste: 9733931
Temperatura: 1289272.1984313678
Probabilidad de aceptación: 1.0
Movimiento: SI



ITERACION 24
Solucion:    129 82 118 95 78 47 134 5 139 66 116 149 18 84 42 24 23 140 130 25 35 21 9 31 146 65 57 97 22 56 128 92 102 26 32 13 106 90 103 62 63 72 88 4 108 54 79 15 86 142 98 71 38 28 77 87 67 34 117 27 124 147 51 50 115 59 6 93 3 126 2 132 55 10 121 110 99 127 29 45 49 80 144 141 43 58 109 145 83 14 33 44 52 53 107 94 37 61 114 1 105 136 119 8 89 101 135 123 96 7 138 74 12 39 91 73 16 11 81 30 46 48 17 0 19 20 111 120 75 85 69 131 133 113 68 112 137 148 70 122 125 104 64 100 40 143 60 36 41 76 
Coste: 9728709
Temperatura: 1160344.978588231
Probabilidad de aceptación: 1.0
Movimiento: SI



ITERACION 25
Solucion:    65 129 82 118 95 78 47 134 5 139 66 116 149 18 84 42 24 23 140 130 25 35 21 9 31 76 146 57 97 22 56 128 92 102 26 32 13 106 90 103 62 63 72 88 4 108 54 79 15 86 142 98 71 38 28 77 87 67 34 117 27 124 147 51 50 115 59 6 93 3 126 2 132 55 10 121 110 99 127 29 45 49 80 144 141 43 58 109 145 83 14 33 44 52 53 107 94 37 61 114 1 105 136 119 8 89 101 135 123 96 7 138 74 12 39 91 73 16 11 81 30 46 48 17 0 19 20 111 120 75 85 69 131 133 113 68 112 137 148 70 122 125 104 64 100 40 143 60 36 41 
Coste: 9747361
Temperatura: 1044310.4807294079
Probabilidad de aceptación: 1.0
Movimiento: SI



ITERACION 26
Solucion:    146 65 129 82 118 95 78 47 134 5 139 66 116 149 18 84 42 24 23 140 130 25 35 21 9 31 41 76 57 97 22 56 128 92 102 26 32 13 106 90 103 62 63 72 88 4 108 54 79 15 86 142 98 71 38 28 77 87 67 34 117 27 124 147 51 50 115 59 6 93 3 126 2 132 55 10 121 110 99 127 29 45 49 80 144 141 43 58 109 145 83 14 33 44 52 53 107 94 37 61 114 1 105 136 119 8 89 101 135 123 96 7 138 74 12 39 91 73 16 11 81 30 46 48 17 0 19 20 111 120 75 85 69 131 133 113 68 112 137 148 70 122 125 104 64 100 40 143 60 36 
Coste: 9758405
Temperatura: 939879.4326564671
Probabilidad de aceptación: 1.0
Movimiento: SI



ITERACION 27
Solucion:    76 146 65 129 82 118 95 78 47 134 5 139 66 116 149 18 84 42 24 23 140 130 25 35 21 9 31 36 41 57 97 22 56 128 92 102 26 32 13 106 90 103 62 63 72 88 4 108 54 79 15 86 142 98 71 38 28 77 87 67 34 117 27 124 147 51 50 115 59 6 93 3 126 2 132 55 10 121 110 99 127 29 45 49 80 144 141 43 58 109 145 83 14 33 44 52 53 107 94 37 61 114 1 105 136 119 8 89 101 135 123 96 7 138 74 12 39 91 73 16 11 81 30 46 48 17 0 19 20 111 120 75 85 69 131 133 113 68 112 137 148 70 122 125 104 64 100 40 143 60 
Coste: 9803497
Temperatura: 845891.4893908204
Probabilidad de aceptación: 1.0
Movimiento: SI



ITERACION 28
Solucion:    41 76 146 65 129 82 118 95 78 47 134 5 139 66 116 149 18 84 42 24 23 140 130 25 35 21 9 31 60 36 57 97 22 56 128 92 102 26 32 13 106 90 103 62 63 72 88 4 54 108 79 15 86 142 98 71 38 28 77 87 67 34 117 27 124 147 51 50 115 59 6 93 3 126 2 132 55 10 121 110 99 127 29 45 49 80 144 141 43 58 109 145 83 14 33 44 52 53 107 94 37 61 114 1 105 136 119 8 89 101 135 123 96 7 138 74 12 39 91 73 16 11 81 30 46 48 17 0 19 20 111 120 75 85 69 131 133 113 68 112 137 148 70 122 125 104 64 100 40 143 
Coste: 9773228
Temperatura: 761302.3404517383
Probabilidad de aceptación: 1.0
Movimiento: SI



ITERACION 29
Solucion:    36 41 146 76 65 129 82 118 95 78 47 134 5 139 66 116 149 18 84 42 24 23 140 130 25 35 21 9 31 143 60 57 97 22 56 128 92 102 26 32 13 106 90 103 62 63 72 88 4 54 108 79 15 86 142 98 71 38 28 77 87 67 34 117 27 124 147 51 50 115 59 6 93 3 126 2 55 132 10 121 110 99 127 29 45 49 80 144 141 43 58 109 145 83 14 33 44 52 53 107 94 37 61 114 1 105 136 119 8 89 101 135 123 96 7 138 74 12 39 91 73 16 11 81 30 46 48 17 0 19 20 111 120 75 85 69 131 133 113 68 112 137 148 70 122 125 104 64 100 40 
Coste: 9725752
Temperatura: 685172.1064065645
Probabilidad de aceptación: 1.0
Movimiento: SI



ITERACION 30
Solucion:    60 36 41 146 76 65 129 82 118 95 78 47 134 5 139 66 116 149 18 84 42 24 23 140 130 25 35 21 9 31 100 143 57 97 22 56 128 92 102 26 32 13 106 90 103 62 63 72 88 4 54 108 79 15 86 142 98 71 38 28 77 87 67 34 117 27 124 147 51 50 115 59 6 93 3 126 2 55 132 10 121 110 99 127 29 45 49 80 144 141 43 58 109 145 83 14 33 44 52 53 107 94 37 61 114 1 105 136 119 8 89 101 135 123 96 7 138 74 12 39 91 73 16 11 81 30 46 48 17 0 19 20 111 120 75 85 69 131 133 113 68 112 137 148 70 122 125 104 64 40 
Coste: 9700414
Temperatura: 616654.8957659081
Probabilidad de aceptación: 0.9730861278009391
Movimiento: NO



ITERACION 31
Solucion:    143 60 36 41 146 76 65 129 82 118 95 78 47 134 5 139 66 116 149 18 84 42 24 23 140 130 25 35 21 9 31 40 100 57 97 22 56 128 92 102 26 32 13 106 90 103 62 63 72 88 4 54 108 79 15 86 142 98 71 38 28 77 87 67 34 117 27 124 147 51 50 115 59 6 93 3 126 2 55 132 10 121 110 99 127 29 45 49 80 144 141 43 58 109 145 83 14 33 44 52 53 107 94 37 61 114 1 105 136 119 8 89 101 135 123 96 7 138 74 12 39 91 73 16 11 81 30 46 48 17 0 19 20 111 120 75 85 69 131 133 113 68 112 137 148 70 122 125 104 64 
Coste: 9714668
Temperatura: 554989.4061893172
Probabilidad de aceptación: 1.0
Movimiento: SI



ITERACION 32
Solucion:    100 143 60 36 41 146 76 65 129 82 118 95 78 47 134 5 139 66 116 149 18 84 42 24 23 140 130 25 35 21 9 31 64 40 57 97 22 56 128 92 102 26 32 13 106 90 103 62 63 72 88 4 54 108 79 15 86 142 98 71 38 28 77 87 67 34 117 27 124 147 51 50 115 59 6 93 3 126 2 55 132 10 121 110 99 127 29 45 49 80 144 141 43 58 109 145 83 14 33 44 52 53 107 94 37 61 114 1 105 136 119 8 89 101 135 123 96 7 138 74 12 39 91 73 16 11 81 30 46 48 17 0 19 20 111 120 75 85 69 131 133 113 68 112 137 148 70 122 125 104 
Coste: 9727846
Temperatura: 499490.4655703855
Probabilidad de aceptación: 1.0
Movimiento: SI



ITERACION 33
Solucion:    40 100 143 60 36 41 146 76 65 129 82 118 95 78 47 134 5 139 66 116 149 18 84 42 23 24 140 130 25 35 21 9 31 104 64 57 97 22 56 128 92 102 26 32 13 106 90 103 62 63 88 72 4 54 108 79 15 86 142 98 71 38 28 77 87 67 34 117 124 27 147 51 50 115 59 6 93 3 126 2 55 132 10 121 110 127 99 45 29 49 80 144 141 43 58 109 145 83 14 33 44 52 53 107 94 37 61 114 1 105 136 119 8 89 101 135 123 96 7 138 74 12 39 91 73 16 11 81 30 46 48 17 0 19 20 111 120 75 85 69 131 133 113 68 112 137 148 70 122 125 
Coste: 9763231
Temperatura: 449541.41901334695
Probabilidad de aceptación: 1.0
Movimiento: SI



ITERACION 34
Solucion:    64 40 100 143 60 36 41 146 76 65 129 82 118 95 78 47 134 5 139 66 116 149 18 84 42 23 24 140 130 25 35 21 9 31 125 104 57 97 22 56 128 92 102 26 32 13 106 90 103 62 63 88 72 4 54 108 79 15 86 98 142 71 38 28 77 87 67 34 117 124 27 147 51 50 115 59 6 93 3 126 2 55 132 10 121 110 127 99 45 29 49 80 144 141 43 58 109 145 83 14 33 44 52 53 107 94 37 61 114 1 105 136 119 8 89 101 135 123 96 7 138 74 12 39 91 73 16 11 81 30 46 17 48 0 19 20 111 120 75 85 69 131 133 113 68 112 137 148 70 122 
Coste: 9770538
Temperatura: 404587.27711201226
Probabilidad de aceptación: 1.0
Movimiento: SI



ITERACION 35
Solucion:    104 64 40 100 143 60 36 41 146 76 65 129 82 118 95 78 47 134 5 139 66 116 149 18 84 42 23 24 140 130 25 35 21 9 31 122 125 57 97 22 56 128 92 102 26 32 13 106 90 103 62 63 88 72 4 54 108 79 15 86 98 142 71 38 28 77 87 67 34 117 124 27 147 51 50 115 59 6 93 3 126 2 55 132 10 121 110 127 99 45 29 49 80 144 141 43 58 109 145 83 14 33 44 52 53 107 94 37 61 114 1 105 136 119 8 89 101 135 123 96 7 138 74 12 39 91 73 16 11 81 30 46 17 48 0 19 20 111 120 75 85 69 131 133 113 68 112 137 148 70 
Coste: 9775766
Temperatura: 364128.549400811
Probabilidad de aceptación: 1.0
Movimiento: SI



ITERACION 36
Solucion:    125 104 64 40 100 143 60 36 41 146 76 65 129 82 118 95 78 47 134 5 139 66 116 149 18 84 42 23 24 140 130 25 35 21 9 31 70 122 57 97 22 56 128 92 102 26 32 13 106 90 103 62 63 88 72 4 54 108 79 15 86 98 142 71 38 28 77 87 67 34 117 124 27 147 51 50 115 59 6 93 3 126 2 55 132 10 121 110 127 99 45 29 49 80 144 141 43 58 109 145 83 14 33 44 52 53 107 94 37 61 114 1 105 136 119 8 89 101 135 123 96 7 138 74 12 39 91 73 16 11 30 81 46 17 48 0 19 20 111 120 75 85 69 131 133 113 68 112 137 148 
Coste: 9748005
Temperatura: 327715.69446072995
Probabilidad de aceptación: 1.0
Movimiento: SI



ITERACION 37
Solucion:    122 125 104 64 40 100 143 60 36 41 146 76 65 129 82 118 95 78 47 134 5 139 66 116 149 18 84 42 23 24 140 130 25 35 21 9 31 148 70 57 97 22 56 128 92 102 26 32 13 106 90 103 62 63 88 72 4 54 108 79 15 86 98 142 71 38 28 77 87 67 34 117 124 27 147 51 50 115 59 6 93 3 126 2 55 132 10 121 110 127 99 45 29 49 80 144 141 43 58 109 145 83 14 33 44 52 53 107 94 37 61 114 1 105 136 119 8 89 101 135 123 96 7 138 74 12 39 91 73 16 11 30 81 46 17 48 0 19 20 111 120 75 85 69 131 133 113 68 112 137 
Coste: 9763832
Temperatura: 294944.125014657
Probabilidad de aceptación: 1.0
Movimiento: SI



ITERACION 38
Solucion:    70 122 125 104 64 40 100 143 60 36 41 146 76 65 129 82 118 95 78 47 134 5 139 66 116 149 18 84 42 23 24 140 130 25 35 21 9 31 137 148 57 97 22 56 128 92 102 26 32 13 106 90 103 62 63 88 72 4 54 108 79 15 86 98 142 71 38 28 77 87 67 34 117 124 27 147 51 50 115 59 6 93 3 126 2 55 132 10 121 110 127 99 45 29 49 80 144 141 43 58 109 145 83 14 33 44 52 53 107 94 37 61 114 1 105 136 119 8 89 101 135 123 96 7 138 74 12 39 91 73 16 11 30 81 46 17 48 0 19 20 111 120 75 85 69 131 133 113 68 112 
Coste: 9723505
Temperatura: 265449.7125131913
Probabilidad de aceptación: 1.0
Movimiento: SI



ITERACION 39
Solucion:    148 70 122 125 104 64 40 100 143 60 36 41 146 76 65 129 82 118 95 78 47 134 5 139 66 116 149 18 84 42 23 24 140 130 25 35 21 9 31 112 137 57 97 22 56 128 92 102 26 32 13 106 90 103 62 63 88 72 4 54 108 79 15 86 98 142 71 38 28 77 87 67 34 117 124 27 147 51 50 115 59 6 93 3 126 2 55 132 10 121 127 110 99 45 49 29 80 144 141 43 58 109 145 83 14 33 44 52 53 107 94 37 61 114 1 105 136 119 8 89 101 135 123 96 7 138 74 12 39 91 73 16 11 30 81 46 17 48 0 19 20 111 120 75 85 69 131 133 113 68 
Coste: 9746570
Temperatura: 238904.74126187214
Probabilidad de aceptación: 1.0
Movimiento: SI



ITERACION 40
Solucion:    137 148 70 122 125 104 64 40 100 143 60 36 41 146 76 65 129 82 118 95 78 47 134 5 139 66 116 149 18 84 42 23 24 140 130 25 35 21 9 31 68 112 57 97 22 56 92 128 102 26 32 13 106 90 103 62 63 88 72 4 54 108 79 15 86 98 142 71 38 28 77 87 67 34 117 124 27 147 51 50 115 59 6 93 3 126 2 55 132 10 121 127 110 99 45 49 29 80 144 141 43 58 109 145 83 14 33 44 52 53 107 94 37 61 114 1 105 136 119 8 89 101 135 123 96 7 138 74 12 39 91 73 16 11 30 81 46 17 48 0 19 20 111 120 75 69 85 131 133 113 
Coste: 9727237
Temperatura: 215014.26713568493
Probabilidad de aceptación: 1.0
Movimiento: SI



ITERACION 41
Solucion:    112 137 148 70 122 125 104 64 40 100 143 60 36 41 146 76 65 129 82 118 95 78 47 134 5 139 66 116 149 18 84 42 23 24 140 130 25 35 21 9 31 113 68 57 97 22 56 92 128 102 26 32 13 106 90 103 62 63 88 72 4 54 108 79 15 86 98 142 71 38 28 77 87 67 34 117 124 27 147 51 50 115 59 6 93 3 126 2 55 132 10 121 127 110 99 45 49 80 29 144 141 43 58 109 145 83 14 33 44 52 53 107 94 37 61 114 1 105 136 119 8 89 101 135 123 96 7 138 74 12 39 91 73 16 11 30 81 46 17 48 0 19 20 111 120 75 69 85 131 133 
Coste: 9733413
Temperatura: 193512.84042211645
Probabilidad de aceptación: 1.0
Movimiento: SI



ITERACION 42
Solucion:    68 112 137 148 70 122 125 104 64 40 100 143 60 36 41 146 76 65 129 82 118 95 78 47 134 5 139 66 116 149 18 84 42 23 24 140 130 25 35 21 9 31 133 113 57 97 22 56 92 128 102 26 32 13 106 90 103 62 63 88 72 4 54 108 79 15 86 98 142 71 38 28 77 87 67 117 124 34 27 147 51 50 115 59 6 93 3 126 2 55 10 132 121 127 110 99 45 49 80 29 144 141 43 58 109 145 83 14 33 44 52 53 107 94 37 61 114 1 105 136 119 8 89 101 135 123 96 7 138 74 12 39 91 73 16 11 30 81 46 17 48 0 19 20 111 120 75 69 85 131 
Coste: 9806203
Temperatura: 174161.55637990483
Probabilidad de aceptación: 1.0
Movimiento: SI



ITERACION 43
Solucion:    113 68 112 137 148 70 122 125 104 64 40 100 143 60 36 41 146 76 65 129 82 118 95 78 47 134 5 139 66 116 149 18 84 42 23 24 140 130 25 35 21 9 31 131 133 57 97 22 56 92 128 102 26 32 13 106 90 103 62 63 88 72 4 54 108 79 15 86 98 142 71 38 28 77 87 67 117 124 34 27 147 51 50 115 59 6 93 3 126 2 55 10 132 121 127 110 99 45 49 80 29 144 141 43 58 109 83 145 14 33 44 52 53 107 94 61 37 114 1 105 136 119 8 89 101 135 123 96 7 138 74 12 39 91 73 16 11 30 81 46 17 48 0 19 20 111 120 75 69 85 
Coste: 9786810
Temperatura: 156745.40074191435
Probabilidad de aceptación: 1.0
Movimiento: SI



ITERACION 44
Solucion:    133 113 68 112 137 148 70 122 125 104 64 40 100 143 60 36 41 146 76 65 129 82 118 95 78 47 134 5 139 66 116 149 18 84 42 23 24 140 130 25 35 21 9 31 85 131 57 97 22 56 92 128 102 26 32 13 106 90 103 62 63 88 72 4 54 108 79 15 86 98 142 71 38 28 77 87 67 117 124 34 27 147 51 50 115 59 6 93 3 126 55 2 10 121 132 127 110 99 45 49 80 29 144 141 43 109 83 58 14 145 33 44 52 53 107 94 61 37 114 1 105 136 119 8 89 101 135 123 96 7 138 74 12 39 91 73 16 11 30 81 46 17 48 0 19 20 111 120 75 69 
Coste: 9721943
Temperatura: 141070.8606677229
Probabilidad de aceptación: 1.0
Movimiento: SI



ITERACION 45
Solucion:    131 133 113 68 112 137 148 70 122 125 104 64 40 100 143 60 36 41 146 76 65 129 82 118 95 78 47 134 5 139 66 116 149 18 84 42 23 24 140 130 25 35 21 9 31 69 85 57 97 22 56 92 128 102 26 32 13 106 90 103 62 63 88 72 4 54 108 79 15 86 98 142 71 38 28 77 87 67 117 124 34 27 147 51 50 115 59 6 93 3 126 55 2 10 121 132 127 110 99 45 49 80 29 144 141 43 109 83 58 14 145 33 44 52 53 107 94 61 37 114 1 105 136 119 8 89 101 123 135 96 7 138 74 12 39 91 73 11 16 30 81 46 17 48 0 19 20 111 120 75 
Coste: 9744324
Temperatura: 126963.77460095062
Probabilidad de aceptación: 1.0
Movimiento: SI



ITERACION 46
Solucion:    85 131 133 113 68 112 137 148 70 122 125 104 64 40 100 143 60 36 41 146 76 65 129 82 118 95 78 47 134 5 139 66 116 149 18 84 42 23 24 140 130 25 35 21 9 31 75 69 57 97 22 56 92 128 102 26 32 13 106 90 103 62 63 88 72 4 54 108 79 15 86 98 142 71 38 28 77 87 67 117 124 34 27 147 51 50 115 59 6 93 3 126 55 2 10 121 132 127 110 99 45 49 80 29 144 141 43 109 83 58 14 145 33 44 52 53 107 94 61 37 1 114 105 136 119 8 89 101 123 135 96 7 138 12 74 39 91 73 11 16 30 81 46 17 48 0 19 20 111 120 
Coste: 9755968
Temperatura: 114267.39714085557
Probabilidad de aceptación: 1.0
Movimiento: SI



ITERACION 47
Solucion:    69 85 131 133 113 68 112 137 70 148 122 125 104 64 40 100 143 60 36 41 146 76 65 82 129 118 95 47 78 134 5 139 66 116 149 18 84 42 23 24 140 130 25 35 21 9 31 120 75 57 97 22 56 92 128 102 26 32 13 106 90 103 62 63 88 72 4 54 108 79 15 86 98 142 71 28 38 77 87 67 117 124 34 27 147 51 50 115 59 6 93 3 126 55 2 10 121 127 132 110 99 45 49 80 29 144 141 43 109 83 58 14 145 33 44 52 53 107 94 61 37 1 114 105 136 119 8 89 101 123 96 135 7 138 12 74 39 91 73 11 16 30 81 46 17 48 0 19 20 111 
Coste: 9756613
Temperatura: 102840.65742677
Probabilidad de aceptación: 1.0
Movimiento: SI



ITERACION 48
Solucion:    75 69 85 131 133 113 68 112 137 70 148 122 125 104 64 40 100 143 60 36 41 146 76 65 82 129 118 95 47 78 134 5 139 66 116 149 18 84 42 23 24 140 130 25 35 21 9 31 111 120 57 97 22 56 92 128 102 32 26 13 106 90 103 62 63 88 72 4 54 108 79 15 86 98 142 71 28 38 77 87 67 117 124 34 27 147 51 50 115 59 6 93 3 126 55 2 10 121 127 132 110 99 45 49 80 29 144 141 43 109 83 58 14 33 145 44 52 53 107 94 61 37 1 114 105 136 119 8 89 101 123 96 135 7 138 12 74 39 91 73 11 16 30 81 46 17 48 0 19 20 
Coste: 9779314
Temperatura: 92556.591684093
Probabilidad de aceptación: 1.0
Movimiento: SI



ITERACION 49
Solucion:    120 75 69 85 131 133 113 68 112 137 70 148 125 122 104 64 40 100 143 60 36 41 146 76 65 82 129 118 95 47 78 134 5 139 66 116 149 18 84 42 23 24 140 25 130 35 21 9 31 20 111 57 97 22 56 92 128 102 32 26 13 106 90 103 62 63 88 72 4 54 108 79 15 86 98 142 71 28 38 77 87 67 117 124 34 27 147 51 50 115 59 6 93 3 126 55 2 10 121 127 132 110 99 45 49 80 29 144 141 43 109 83 58 14 33 145 44 52 53 107 94 61 37 1 114 105 136 119 8 89 101 123 96 135 7 138 12 74 91 39 73 11 16 30 81 17 46 48 0 19 
Coste: 9798129
Temperatura: 83300.9325156837
Probabilidad de aceptación: 1.0
Movimiento: SI



ITERACION 50
Solucion:    111 120 75 69 85 131 133 113 68 112 137 70 148 125 122 104 64 40 100 143 60 36 41 146 76 65 82 129 95 118 47 78 134 5 139 66 116 149 18 84 42 23 24 140 25 130 35 21 9 31 19 20 57 97 22 92 56 128 102 32 26 13 106 90 103 62 63 88 72 4 54 108 79 15 86 98 142 71 28 38 77 87 67 124 117 27 34 147 51 50 115 59 6 93 3 126 55 2 10 121 127 132 110 99 45 49 80 29 141 144 43 109 83 58 14 33 145 44 52 53 107 94 61 37 1 114 105 136 119 8 101 89 123 96 135 7 138 12 74 91 39 73 11 16 30 81 17 46 48 0 
Coste: 9818540
Temperatura: 74970.83926411533
Probabilidad de aceptación: 1.0
Movimiento: SI



ITERACION 51
Solucion:    20 111 120 75 69 85 131 133 113 68 112 137 70 148 125 122 104 64 40 100 143 60 36 41 146 76 65 82 129 95 118 47 78 134 5 139 66 116 149 18 84 42 23 24 140 25 130 35 21 9 31 0 19 57 97 22 92 56 128 102 32 26 13 106 90 103 62 63 88 72 4 54 108 79 15 86 98 71 142 28 38 77 87 67 124 117 27 34 147 51 50 115 59 6 93 3 126 55 2 10 121 127 132 99 45 110 49 80 29 141 144 43 109 83 58 14 33 145 44 52 53 107 94 61 37 1 114 105 119 136 8 101 89 123 96 135 7 12 138 74 91 39 73 11 16 30 81 17 46 48 
Coste: 9791662
Temperatura: 67473.7553377038
Probabilidad de aceptación: 1.0
Movimiento: SI



ITERACION 52
Solucion:    19 111 20 120 75 69 85 131 133 113 68 112 137 70 148 125 122 64 104 40 100 143 60 36 41 146 76 65 82 95 129 118 47 78 134 5 139 66 116 149 18 84 42 23 24 140 25 130 35 21 9 31 48 0 57 97 22 92 56 128 102 32 26 13 106 90 103 62 63 88 72 4 54 108 79 15 86 71 98 142 28 38 77 87 67 124 117 27 34 147 51 50 115 59 6 93 3 126 55 2 10 121 127 132 99 45 110 49 80 141 29 144 109 43 83 58 14 33 145 44 52 53 107 94 61 37 1 105 114 119 136 8 101 89 123 96 135 7 12 138 74 91 39 73 11 16 30 81 17 46 
Coste: 9787214
Temperatura: 60726.37980393342
Probabilidad de aceptación: 1.0
Movimiento: SI



ITERACION 53
Solucion:    0 19 111 20 120 75 69 85 131 133 113 68 112 137 70 148 125 122 64 104 40 100 143 60 36 41 146 76 65 82 95 129 118 47 78 134 5 139 66 116 149 18 84 42 23 24 25 140 130 35 21 9 31 81 48 57 97 22 92 56 128 102 32 26 13 106 90 103 62 63 88 72 4 54 108 79 15 86 71 98 142 28 38 77 87 67 124 117 27 34 147 51 50 115 59 6 93 3 126 55 2 10 121 127 132 99 45 110 49 80 141 29 144 109 43 83 14 58 33 145 44 52 107 53 94 61 37 1 105 114 119 136 8 101 89 123 96 135 12 7 138 74 91 39 73 11 16 30 17 46 
Coste: 9763516
Temperatura: 54653.741823540084
Probabilidad de aceptación: 0.956162241373674
Movimiento: NO



ITERACION 54
Solucion:    48 0 19 111 20 120 75 69 85 131 133 68 113 112 137 70 148 125 122 64 104 40 100 143 60 36 41 146 76 82 95 65 129 118 47 78 134 5 139 66 116 149 18 84 42 23 24 25 140 130 35 21 9 31 46 81 57 97 22 92 56 128 102 32 26 13 106 90 103 62 63 88 72 4 108 54 79 15 86 71 98 142 28 38 77 87 67 124 117 27 34 147 51 50 59 115 6 93 3 126 55 2 10 121 127 132 99 45 49 110 80 141 29 144 109 43 83 14 58 33 145 44 107 52 53 94 61 37 105 1 114 119 136 8 101 89 123 96 135 12 7 138 74 91 39 73 11 16 30 17 
Coste: 9718021
Temperatura: 49188.36764118608
Probabilidad de aceptación: 1.0
Movimiento: SI



ITERACION 55
Solucion:    81 48 19 0 111 20 120 75 69 85 131 133 68 112 113 137 70 148 125 122 64 104 40 100 143 60 36 146 41 76 82 95 65 129 118 47 78 134 139 5 66 116 149 84 18 42 23 24 25 140 130 35 9 21 31 30 46 57 97 22 92 128 56 102 32 26 13 106 90 103 62 63 88 72 4 108 54 79 15 86 71 98 142 28 38 77 87 67 124 117 27 34 147 51 50 59 115 6 93 3 126 55 2 10 127 121 132 99 45 49 110 80 141 29 144 109 43 83 14 58 33 44 145 107 52 94 53 61 37 105 1 114 119 136 8 101 89 123 96 135 12 7 138 74 91 39 11 73 16 17 
Coste: 9735285
Temperatura: 44269.530877067475
Probabilidad de aceptación: 0.7772082514195496
Movimiento: NO



ITERACION 56
Solucion:    46 81 48 19 0 111 20 120 75 69 85 131 133 68 112 113 70 148 125 137 122 64 104 40 100 143 60 36 146 41 76 82 95 65 118 129 47 78 134 139 5 66 116 84 149 18 42 23 24 25 140 130 35 9 21 31 17 30 57 97 22 92 128 56 102 32 26 13 106 90 103 62 63 88 72 4 54 108 79 15 86 71 98 142 28 38 77 87 67 124 117 27 34 147 51 50 59 6 115 93 3 126 55 2 10 127 121 132 45 99 49 110 80 141 29 144 109 43 83 14 58 33 44 107 145 52 94 53 61 37 105 1 114 119 8 136 101 89 123 96 135 12 7 138 74 91 39 11 73 16 
Coste: 9729326
Temperatura: 39842.57778936073
Probabilidad de aceptación: 1.0
Movimiento: SI



ITERACION 57
Solucion:    30 46 81 48 19 0 111 20 120 75 85 69 131 133 68 112 113 70 148 125 137 122 64 104 40 100 143 60 36 146 41 82 76 95 65 118 129 47 78 134 139 5 66 116 84 149 18 42 23 24 25 140 130 35 9 21 31 73 17 57 97 22 92 128 56 102 32 26 13 90 106 103 62 63 88 72 4 54 108 79 15 86 71 98 142 28 38 77 87 67 124 117 27 34 147 51 59 50 6 115 93 3 126 55 2 10 127 121 132 45 49 99 110 80 141 29 144 109 43 83 14 58 44 33 107 145 52 94 53 61 37 105 1 114 119 8 136 101 89 123 96 135 12 7 138 74 91 39 11 16 
Coste: 9742035
Temperatura: 35858.32001042466
Probabilidad de aceptación: 0.6127045922303433
Movimiento: NO



ITERACION 58
Solucion:    17 30 46 81 48 19 0 111 120 20 75 85 69 131 133 68 112 113 70 148 125 137 122 64 104 40 100 143 60 36 146 41 82 95 76 65 118 129 47 78 139 134 5 66 116 84 149 18 42 23 25 24 130 140 35 9 21 31 16 73 97 57 22 92 128 56 102 32 13 90 26 103 106 62 63 88 72 4 54 108 79 86 15 71 98 142 28 38 77 87 67 124 117 27 34 147 51 59 50 6 115 93 3 126 55 2 10 127 121 45 132 49 99 110 80 141 29 144 109 43 83 14 58 44 107 33 145 52 94 53 61 37 105 1 114 119 8 136 101 89 123 96 135 12 7 74 138 91 39 11 
Coste: 9736302
Temperatura: 32272.488009382192
Probabilidad de aceptación: 1.0
Movimiento: SI



ITERACION 59
Solucion:    73 30 17 81 46 48 19 0 111 120 20 75 85 69 131 133 68 112 113 70 148 125 137 122 64 104 40 100 143 60 36 146 41 95 82 76 65 118 129 47 78 139 134 5 66 116 84 149 18 42 23 25 130 24 35 140 9 21 31 11 16 97 57 92 128 56 102 22 32 13 90 26 103 106 62 63 88 72 4 54 108 79 86 15 71 98 142 38 28 77 67 124 87 117 27 34 147 51 59 50 6 115 93 3 126 55 2 10 127 121 45 132 49 99 110 80 141 29 144 109 43 83 14 58 44 107 33 145 94 52 53 61 37 1 105 119 8 136 114 101 89 123 96 135 12 7 74 138 91 39 
Coste: 9721228
Temperatura: 29045.239208443974
Probabilidad de aceptación: 1.0
Movimiento: SI



ITERACION 60
Solucion:    16 73 30 17 81 46 48 19 111 120 0 20 85 75 69 133 131 68 112 113 70 148 125 137 122 64 40 104 100 143 60 36 146 41 95 82 76 65 118 129 47 78 139 134 5 66 116 149 18 42 23 84 25 130 24 35 140 9 31 21 138 11 97 57 92 128 56 102 32 13 22 90 26 103 106 62 63 88 72 4 54 108 79 86 15 71 98 142 28 38 77 67 124 87 117 27 34 147 51 59 50 6 115 93 3 126 55 2 10 127 121 45 132 49 99 110 80 29 141 109 144 43 83 14 58 44 107 33 145 94 52 53 61 37 1 105 119 8 136 114 89 101 123 96 135 12 74 7 91 39 
Coste: 9667707
Temperatura: 26140.715287599578
Probabilidad de aceptación: 0.2946172373622428
Movimiento: NO



ITERACION 61
Solucion:    11 16 73 30 17 81 46 48 19 111 120 0 20 85 69 75 133 131 68 112 113 70 148 125 137 122 64 40 104 100 143 60 36 41 146 95 82 76 65 118 129 47 78 139 134 5 66 116 149 18 42 23 84 25 130 35 24 140 9 31 21 39 138 97 57 128 92 56 102 32 13 22 90 103 26 106 62 63 88 72 4 54 108 86 79 15 71 98 28 142 38 77 67 124 87 117 27 147 34 51 59 50 6 115 3 93 126 55 2 10 127 45 121 132 49 99 80 110 29 109 141 144 43 83 14 58 107 33 44 145 94 52 53 61 37 1 105 119 8 136 114 89 101 123 96 135 74 7 91 12 
Coste: 9664819
Temperatura: 23526.643758839622
Probabilidad de aceptación: 1.0
Movimiento: SI



ITERACION 62
Solucion:    138 11 16 73 30 17 81 46 48 19 111 120 0 85 20 69 75 133 131 68 112 113 70 148 125 137 64 40 122 104 100 143 60 36 41 146 95 82 76 65 118 129 47 78 139 134 5 66 116 149 18 42 23 84 25 130 35 24 9 140 31 21 12 39 97 57 128 92 56 32 13 102 22 90 103 26 106 62 63 88 72 4 54 108 86 79 71 98 28 142 15 38 77 67 124 87 117 27 147 51 59 34 6 50 3 115 93 126 55 2 10 45 127 121 132 49 99 80 110 29 109 141 144 83 43 14 58 107 33 44 145 94 52 53 61 37 1 105 119 8 136 114 101 89 123 96 74 135 91 7 
Coste: 9685105
Temperatura: 21173.979382955662
Probabilidad de aceptación: 1.0
Movimiento: SI



ITERACION 63
Solucion:    39 11 138 16 73 30 17 81 46 48 19 111 120 0 85 20 75 133 69 131 68 112 113 70 148 125 137 40 64 122 104 100 143 60 36 41 146 95 82 76 65 118 129 47 78 139 134 5 66 116 149 18 42 23 25 84 35 130 24 9 140 31 21 7 12 57 97 128 92 56 32 13 22 102 90 103 26 106 62 63 88 72 4 54 108 86 71 79 98 28 142 15 77 38 67 124 87 117 27 147 59 51 34 6 50 3 115 93 126 55 2 10 45 127 121 132 49 99 80 110 29 109 141 144 83 43 14 58 107 33 44 145 52 94 61 53 37 1 105 119 8 136 114 101 123 96 74 89 135 91 
Coste: 9712802
Temperatura: 19056.581444660096
Probabilidad de aceptación: 1.0
Movimiento: SI



ITERACION 64
Solucion:    12 39 11 138 16 73 30 17 81 46 19 111 48 120 0 85 20 75 133 69 131 68 112 113 70 148 125 40 64 137 104 122 100 143 60 36 41 146 95 82 76 118 129 65 47 78 139 134 5 66 116 149 18 42 23 25 84 35 130 9 24 140 31 21 91 7 57 128 97 92 32 56 13 22 90 102 103 106 26 62 63 88 72 4 54 108 86 71 98 28 79 142 15 77 38 67 124 87 117 147 59 51 27 6 34 50 3 115 93 126 55 10 45 2 127 121 132 49 99 80 110 29 109 141 144 83 43 14 107 33 58 44 52 145 94 61 53 37 1 105 119 8 136 101 114 123 96 74 135 89 
Coste: 9729357
Temperatura: 17150.92330019409
Probabilidad de aceptación: 1.0
Movimiento: SI



ITERACION 65
Solucion:    7 12 11 39 16 138 73 30 17 46 19 111 81 48 120 85 20 0 75 133 69 131 68 112 113 70 148 125 40 64 137 104 122 100 143 60 36 41 146 95 82 76 118 129 47 65 78 139 134 5 66 116 18 42 149 25 23 35 84 9 24 130 140 31 21 89 91 57 128 97 32 92 56 13 22 90 102 106 103 26 62 88 63 72 4 54 108 86 71 98 28 79 142 15 77 38 67 124 87 117 147 59 51 6 34 27 50 3 115 93 126 55 10 45 127 121 132 2 99 80 49 110 29 109 141 144 83 43 14 107 33 58 44 52 145 61 53 94 37 105 1 119 8 136 101 114 123 74 96 135 
Coste: 9709729
Temperatura: 15435.83097017468
Probabilidad de aceptación: 1.0
Movimiento: SI



ITERACION 66
Solucion:    91 7 12 11 39 16 73 138 30 17 46 111 19 48 120 85 81 20 0 75 133 69 131 68 112 113 70 148 125 64 40 137 104 100 143 122 60 36 41 146 95 82 118 76 129 47 65 78 139 134 5 66 116 18 42 149 25 35 23 84 24 9 140 130 31 21 96 89 57 128 97 32 92 56 13 22 90 102 106 103 26 62 88 63 4 72 54 108 86 71 28 98 79 142 77 15 38 67 124 87 147 117 59 51 6 34 27 50 3 115 126 55 10 93 45 127 121 132 2 99 80 49 110 29 109 141 144 83 14 43 107 33 58 44 52 145 61 53 94 37 105 1 119 8 101 136 114 123 74 135 
Coste: 9714291
Temperatura: 13892.247873157212
Probabilidad de aceptación: 0.5067894607407029
Movimiento: NO



ITERACION 67
Solucion:    89 91 12 11 39 7 16 73 138 30 17 46 111 19 120 85 48 81 20 0 75 133 69 131 68 112 113 70 148 125 64 40 137 100 143 104 60 36 122 41 146 95 118 82 76 129 47 78 65 139 134 5 66 116 18 42 25 35 149 23 84 24 9 140 130 31 96 135 21 57 128 97 32 92 56 13 90 22 102 106 103 26 62 88 63 4 72 108 86 71 54 28 98 79 142 77 15 38 67 124 87 147 117 59 51 6 34 50 3 27 115 126 55 10 93 127 45 121 132 2 99 80 49 29 110 109 141 144 83 14 43 107 33 58 44 52 61 53 94 145 37 105 1 119 8 101 136 123 114 74 
Coste: 9646587
Temperatura: 12503.02308584149
Probabilidad de aceptación: 1.0
Movimiento: SI



ITERACION 68
Solucion:    21 89 91 12 11 39 7 16 73 138 30 17 46 111 19 120 85 81 48 20 0 75 133 69 131 68 112 113 70 148 125 64 40 100 143 137 104 60 36 122 41 146 118 95 82 76 129 47 78 65 139 134 5 66 116 18 42 25 35 149 23 84 24 9 140 31 130 96 74 135 57 128 97 32 92 56 13 90 22 102 106 103 26 62 88 63 4 72 108 86 71 54 28 98 79 77 142 15 38 67 124 147 117 59 51 6 87 34 50 3 27 115 126 55 10 127 93 45 121 132 2 99 80 49 29 110 109 141 144 83 14 43 107 33 58 52 44 61 94 53 37 145 105 1 8 119 101 136 123 114 
Coste: 9618045
Temperatura: 11252.720777257342
Probabilidad de aceptación: 1.0
Movimiento: SI



ITERACION 69
Solucion:    135 21 91 89 11 12 39 7 16 73 138 30 46 111 19 17 120 85 81 20 48 0 75 133 69 131 68 112 70 148 125 113 64 40 143 100 137 104 60 36 122 146 41 118 95 76 82 129 47 78 65 139 134 5 66 116 18 42 25 35 149 23 24 9 84 140 31 130 96 114 74 57 128 97 32 92 56 13 90 22 102 106 103 26 62 88 63 4 72 108 86 71 54 28 79 77 98 142 15 38 67 124 147 117 59 6 51 87 34 3 50 115 27 55 126 10 127 93 45 121 132 2 80 99 29 49 110 109 141 144 14 83 43 107 33 52 44 61 94 53 37 58 145 105 1 8 119 101 136 123 
Coste: 9582780
Temperatura: 10127.448699531607
Probabilidad de aceptación: 1.0
Movimiento: SI



ITERACION 70
Solucion:    135 74 21 91 11 12 39 89 7 73 16 138 30 111 46 19 17 120 85 81 20 48 0 133 75 131 69 68 112 70 148 125 64 113 143 40 100 137 104 60 36 146 122 118 95 41 76 82 47 129 78 65 139 134 5 116 66 18 25 42 35 23 24 149 9 84 140 31 130 96 123 114 128 57 97 32 92 56 13 90 22 102 106 103 26 62 88 63 4 72 108 71 86 54 79 28 77 98 142 15 38 67 124 147 117 6 51 59 87 34 3 50 115 27 55 126 10 127 93 45 132 2 80 121 99 29 49 110 141 109 14 83 144 43 107 33 52 44 61 94 37 53 58 105 1 8 119 145 101 136 
Coste: 9609964
Temperatura: 9114.703829578448
Probabilidad de aceptación: 1.0
Movimiento: SI



ITERACION 71
Solucion:    135 114 74 21 91 11 12 39 7 89 73 16 30 111 46 138 19 120 17 85 81 20 0 48 133 75 131 68 112 70 69 148 64 113 143 125 40 100 137 104 60 36 146 122 118 41 76 95 82 47 129 78 65 139 134 5 116 66 18 25 42 35 23 24 149 9 140 31 84 96 130 136 123 128 57 32 92 56 13 90 22 97 102 106 103 26 62 88 63 4 108 71 72 86 79 54 28 77 142 98 15 38 67 124 147 6 51 59 87 34 3 50 117 115 55 27 126 10 127 93 132 45 80 2 99 29 121 49 110 141 14 109 83 144 43 107 33 52 44 61 94 37 53 58 105 1 8 119 101 145 
Coste: 9639398
Temperatura: 8203.233446620603
Probabilidad de aceptación: 1.0
Movimiento: SI



ITERACION 72
Solucion:    135 114 74 123 91 11 21 39 12 7 89 73 16 111 30 46 138 120 19 17 85 81 20 0 48 133 131 75 112 68 70 148 64 113 143 69 40 100 125 137 60 36 146 104 122 41 118 76 95 82 47 129 78 65 139 5 116 134 66 18 25 42 35 24 23 149 140 9 31 84 96 130 145 136 128 32 92 56 57 13 90 22 102 97 106 103 62 88 26 63 4 108 71 72 86 79 54 77 28 142 15 98 38 67 124 6 147 51 59 87 3 34 50 117 115 55 27 126 10 127 93 132 45 80 2 99 29 121 49 110 141 14 109 83 144 43 107 33 52 44 61 94 53 37 105 58 8 1 119 101 
Coste: 9659045
Temperatura: 7382.910101958543
Probabilidad de aceptación: 1.0
Movimiento: SI



ITERACION 73
Solucion:    136 135 114 74 91 11 21 39 12 123 7 89 73 16 111 30 46 120 138 19 85 17 81 20 0 48 133 131 112 75 68 70 148 64 113 143 69 100 40 125 137 60 36 146 104 41 118 122 76 95 82 47 78 129 65 139 5 116 134 66 18 42 25 24 35 23 149 140 31 9 96 84 130 101 145 128 92 56 32 13 57 22 102 90 106 103 62 97 88 26 4 108 71 63 86 79 54 77 72 28 142 15 98 38 67 6 124 51 147 87 3 34 59 50 117 55 115 27 126 10 93 132 45 80 2 99 29 127 121 49 110 141 14 83 109 144 107 43 52 44 61 94 53 37 33 105 58 8 1 119 
Coste: 9646750
Temperatura: 6644.619091762689
Probabilidad de aceptación: 1.0
Movimiento: SI



ITERACION 74
Solucion:    145 136 135 114 91 11 21 39 12 74 123 7 89 73 111 16 30 46 120 138 19 85 81 20 17 0 48 133 112 131 75 70 68 148 113 143 69 64 100 125 137 60 36 40 146 104 118 41 122 95 82 47 76 129 78 65 139 116 5 134 66 18 42 25 24 35 23 149 140 31 96 9 130 84 1 101 92 56 32 13 57 128 102 22 106 90 103 62 88 97 26 4 108 71 86 79 54 77 63 28 142 15 72 38 98 6 124 51 147 87 3 67 34 50 59 117 55 115 27 126 93 10 132 45 80 2 99 29 127 121 110 141 14 49 83 109 144 107 43 44 52 94 61 53 37 33 105 8 58 119 
Coste: 9610154
Temperatura: 5980.15718258642
Probabilidad de aceptación: 0.5540763933850591
Movimiento: NO



ITERACION 75
Solucion:    101 145 136 135 91 11 21 39 12 114 74 7 89 73 111 123 30 16 46 120 138 85 81 20 17 0 48 133 112 131 19 75 70 68 148 113 143 69 100 125 137 64 60 40 146 36 118 41 104 122 95 47 82 129 78 65 139 76 116 134 5 66 18 42 25 24 23 149 35 31 140 9 130 84 96 119 1 92 32 56 13 57 128 22 102 90 103 62 88 97 106 26 4 108 71 79 86 54 77 63 142 15 72 38 98 28 6 51 124 87 147 3 67 50 34 59 55 117 115 126 27 93 132 10 45 2 80 29 99 121 127 110 141 49 14 83 109 144 107 44 43 94 52 61 53 37 33 105 8 58 
Coste: 9586514
Temperatura: 5382.1414643277785
Probabilidad de aceptación: 1.0
Movimiento: SI



ITERACION 76
Solucion:    101 145 1 136 135 91 11 21 12 39 114 7 74 89 111 73 123 30 16 46 120 138 85 20 81 0 17 133 112 131 48 19 75 70 68 113 143 69 100 125 148 137 64 60 146 40 36 118 41 104 122 47 95 129 78 82 65 76 139 134 116 5 18 66 42 25 24 23 149 31 140 9 130 35 84 119 37 96 92 32 13 57 128 22 102 90 103 62 88 97 56 106 26 4 108 79 71 54 77 63 142 15 72 38 98 86 28 6 51 87 147 3 67 50 124 59 55 117 115 126 34 27 93 132 10 45 2 29 99 121 80 110 127 141 49 14 83 109 107 144 44 43 94 52 61 53 33 105 8 58 
Coste: 9560481
Temperatura: 4843.927317895001
Probabilidad de aceptación: 0.14583240005585757
Movimiento: NO



ITERACION 77
Solucion:    101 96 145 136 135 91 11 21 12 39 114 7 74 89 111 1 73 123 30 46 120 138 85 20 16 0 17 133 112 131 81 19 48 75 70 68 113 143 100 69 148 137 64 60 146 125 40 36 118 41 122 47 95 129 78 82 65 76 139 134 104 116 5 18 42 25 24 23 149 31 140 9 130 35 84 119 66 61 37 92 13 32 128 57 102 22 90 62 88 97 56 106 103 26 4 108 79 54 77 63 142 15 72 38 98 86 71 6 28 51 87 147 67 3 50 59 55 117 115 126 124 34 93 132 27 10 45 29 99 121 2 110 80 127 141 49 14 83 109 107 44 144 43 94 52 53 33 105 8 58 
Coste: 9529773
Temperatura: 4359.534586105501
Probabilidad de aceptación: 0.11200357177823227
Movimiento: NO



ITERACION 78
Solucion:    101 37 96 145 136 135 11 21 12 39 91 7 114 89 111 1 73 74 123 30 46 120 85 20 138 0 17 133 112 131 16 19 48 81 75 68 113 143 100 69 148 137 64 60 146 70 125 36 40 118 41 122 47 95 129 82 78 76 65 134 104 139 5 116 18 42 25 24 23 31 140 149 130 9 84 35 119 66 58 61 92 13 128 32 57 102 22 62 88 97 56 90 106 103 26 4 79 108 77 63 54 15 72 142 98 38 86 71 6 51 87 147 67 3 28 59 55 117 115 126 50 124 34 93 132 10 45 27 99 29 121 110 2 80 141 127 14 49 83 109 44 107 144 94 43 53 33 52 8 105 
Coste: 9529102
Temperatura: 3923.581127494951
Probabilidad de aceptación: 1.0
Movimiento: SI



ITERACION 79
Solucion:    101 61 37 96 136 135 11 21 12 39 145 91 7 89 111 1 114 73 74 123 46 120 30 20 85 0 17 133 112 131 138 19 48 81 75 68 113 143 100 69 148 16 137 64 60 146 70 125 36 40 118 122 41 47 129 82 95 78 76 65 134 104 5 139 18 116 42 25 24 31 23 149 130 9 84 35 119 66 140 52 58 92 13 128 57 102 32 62 88 97 56 22 90 106 103 4 26 79 108 77 63 15 72 54 98 38 86 142 71 6 87 147 67 3 51 59 55 117 115 126 28 50 124 93 34 132 10 45 99 27 29 110 2 80 141 127 14 49 83 109 121 44 107 144 43 53 33 94 8 105 
Coste: 9530317
Temperatura: 3531.223014745456
Probabilidad de aceptación: 0.020692653656162074
Movimiento: NO



ITERACION 80
Solucion:    101 61 58 96 37 136 11 135 21 12 145 39 91 7 111 89 1 73 74 123 46 114 30 20 120 85 0 17 112 131 133 19 48 138 81 75 113 68 100 143 69 148 16 64 60 146 70 125 36 40 118 122 137 47 129 82 41 78 95 76 134 104 5 139 18 116 65 42 25 24 31 23 130 9 84 35 119 66 140 149 144 52 92 13 57 102 128 62 88 97 32 56 22 106 90 4 26 79 108 77 63 15 72 103 98 38 86 54 142 71 6 147 67 3 87 59 55 117 115 126 51 50 28 124 93 34 132 10 99 45 29 110 2 80 141 127 14 49 83 109 121 44 27 107 43 53 33 94 8 105 
Coste: 9510689
Temperatura: 3178.1007132709105
Probabilidad de aceptación: 1.3626437249789454E-4
Movimiento: NO



ITERACION 81
Solucion:    101 61 52 58 96 37 11 136 21 12 135 145 91 7 111 89 1 73 74 123 46 39 30 20 114 85 120 0 112 17 133 19 48 138 81 75 131 68 100 113 69 148 143 64 16 146 70 125 36 40 118 60 122 47 129 82 41 78 95 76 134 104 137 5 18 139 116 65 42 24 31 23 130 9 84 35 119 25 66 140 144 94 149 92 57 102 13 62 128 97 32 56 22 88 106 90 4 26 79 108 77 15 72 63 98 38 103 86 54 142 71 6 67 147 3 59 55 87 117 126 115 50 51 124 28 93 132 10 99 45 29 110 2 80 34 127 14 141 83 109 49 44 121 107 27 53 33 43 8 105 
Coste: 9503850
Temperatura: 2860.2906419438195
Probabilidad de aceptación: 0.05542563721459948
Movimiento: NO



ITERACION 82
Solucion:    101 61 52 58 96 37 11 136 21 12 135 145 91 7 111 149 1 73 74 123 46 89 30 20 39 85 114 0 112 17 133 19 48 138 120 75 81 68 100 131 69 148 113 64 143 146 70 125 16 36 118 40 60 122 47 129 82 78 41 76 95 104 134 137 18 5 139 116 42 65 24 31 23 130 9 84 35 119 66 140 144 25 27 94 92 57 13 62 128 97 32 56 22 88 106 90 4 102 26 79 108 15 77 72 98 38 103 86 63 142 54 6 71 67 3 147 59 55 87 126 115 50 51 124 28 117 132 93 99 45 10 29 2 110 80 127 14 34 141 83 109 49 44 107 121 53 33 43 8 105 
Coste: 9467362
Temperatura: 2574.2615777494375
Probabilidad de aceptación: 4.031418758811966E-4
Movimiento: NO



ITERACION 83
Solucion:    101 61 52 58 94 37 11 136 96 21 12 135 91 7 111 145 1 73 74 123 46 149 30 20 89 85 39 114 112 17 0 19 48 138 133 75 120 68 100 81 69 148 113 64 131 146 70 125 143 36 118 40 60 122 47 129 82 78 16 41 95 104 76 134 18 137 5 139 116 42 65 24 31 23 9 84 35 119 66 140 144 130 27 121 25 92 57 62 128 97 32 56 22 13 106 90 88 4 102 79 26 108 77 72 98 38 103 86 63 15 142 6 54 67 71 3 147 59 55 126 115 50 51 124 87 28 132 93 99 45 10 29 2 110 80 127 14 34 141 83 109 49 44 107 117 53 33 43 8 105 
Coste: 9442138
Temperatura: 2316.835419974494
Probabilidad de aceptación: 0.0036381442825499702
Movimiento: NO



ITERACION 84
Solucion:    101 61 52 58 25 37 11 136 94 21 12 135 91 7 111 145 1 73 74 96 123 46 30 20 149 85 89 114 112 17 0 19 48 138 133 39 75 68 100 120 69 148 113 64 131 146 70 125 143 81 36 118 40 122 47 129 60 78 82 16 95 41 104 76 18 137 5 134 139 116 42 24 31 23 9 84 35 119 66 140 65 144 27 130 43 92 121 62 128 97 32 56 22 57 106 90 13 88 4 102 79 26 77 72 98 38 103 86 63 108 15 142 54 6 67 3 71 59 55 126 115 50 51 124 87 28 132 147 99 93 45 29 2 110 80 127 14 34 10 83 109 141 49 44 107 53 117 33 8 105 
Coste: 9419360
Temperatura: 2085.1518779770445
Probabilidad de aceptación: 0.027174051222021444
Movimiento: NO



ITERACION 85
Solucion:    101 92 52 58 61 37 11 136 25 21 12 135 91 7 111 145 1 73 74 96 123 94 30 20 46 85 89 149 112 17 114 19 48 138 0 133 39 75 68 100 69 120 148 113 64 146 70 125 143 81 36 118 40 122 47 129 131 78 82 16 95 41 104 76 18 60 5 137 134 139 116 42 24 31 9 84 35 119 66 140 65 144 27 130 43 117 23 62 128 97 32 56 22 57 106 90 13 88 4 102 79 121 77 72 98 38 26 86 63 103 108 15 54 6 142 67 3 59 55 126 115 50 51 71 87 28 132 124 99 147 93 29 2 45 110 80 14 127 34 10 83 109 141 49 44 53 107 33 8 105 
Coste: 9403378
Temperatura: 1876.6366901793401
Probabilidad de aceptación: 0.005350131323339834
Movimiento: NO



ITERACION 86
Solucion:    101 92 52 58 61 37 11 136 25 21 12 135 23 7 111 91 1 73 74 145 96 94 30 20 123 85 46 89 112 17 114 19 48 138 0 149 133 39 75 100 68 69 148 120 64 146 70 125 143 81 36 118 113 40 47 122 129 78 82 131 95 41 104 76 18 60 5 16 137 134 139 116 42 24 31 84 35 119 66 140 65 144 27 9 130 43 105 117 128 62 32 56 22 57 106 90 97 13 4 102 88 79 121 77 72 38 26 86 63 103 108 15 54 6 142 67 98 3 59 126 115 50 51 71 87 28 132 124 99 147 55 93 2 29 110 80 14 127 34 10 83 109 141 49 44 53 45 107 8 33 
Coste: 9407500
Temperatura: 1688.9730211614062
Probabilidad de aceptación: 1.0
Movimiento: SI



ITERACION 87
Solucion:    101 92 52 58 61 37 11 136 25 21 12 117 135 7 111 91 1 73 74 145 96 94 30 20 23 85 123 46 112 17 89 19 48 138 0 149 133 39 75 100 68 69 148 120 64 146 70 125 143 81 36 118 113 40 47 122 129 78 82 114 95 41 104 76 18 60 5 16 137 131 139 116 42 134 31 84 35 119 66 140 65 144 27 24 130 43 9 107 105 128 32 56 22 57 106 90 97 13 4 102 88 79 62 77 72 38 26 86 63 103 108 15 54 6 142 67 121 3 59 98 115 50 51 71 87 28 132 124 99 126 55 93 2 29 147 80 14 127 34 10 83 109 141 49 44 110 53 45 8 33 
Coste: 9406808
Temperatura: 1520.0757190452657
Probabilidad de aceptación: 0.6041563448508922
Movimiento: NO



ITERACION 88
Solucion:    101 92 52 58 61 37 11 136 25 21 12 117 135 7 111 91 1 73 74 145 96 94 30 20 105 85 23 46 112 123 17 19 48 138 0 149 133 39 89 100 75 68 148 69 64 146 70 125 143 81 36 118 113 40 47 122 120 78 129 82 95 41 104 76 18 60 5 16 137 131 139 116 42 134 31 84 35 119 66 140 65 144 27 24 130 43 114 107 147 9 32 56 22 57 106 90 97 13 4 102 128 79 62 88 77 38 72 86 63 103 108 26 54 15 6 142 67 3 59 98 115 50 51 71 87 28 132 124 99 121 55 93 126 29 2 80 14 127 34 10 83 109 141 49 44 110 53 45 8 33 
Coste: 9370365
Temperatura: 1368.0681471407393
Probabilidad de aceptación: 0.037663025627722224
Movimiento: NO



ITERACION 89
Solucion:    101 92 52 58 61 37 11 136 25 21 12 117 135 7 111 91 1 73 74 145 96 94 30 20 9 85 105 23 112 46 17 19 48 138 0 149 133 39 89 100 75 68 123 148 64 146 70 125 143 81 36 118 113 40 47 122 120 78 129 82 95 41 104 76 18 60 5 16 137 131 139 116 42 69 134 84 35 119 66 140 65 144 27 31 130 43 114 107 24 2 32 56 22 57 106 90 97 13 147 102 128 4 62 79 88 38 72 86 63 103 108 26 54 15 6 142 67 3 77 59 115 50 51 71 87 28 132 124 99 121 55 93 98 29 126 80 14 127 34 10 83 109 141 49 44 110 53 45 8 33 
Coste: 9374425
Temperatura: 1231.2613324266654
Probabilidad de aceptación: 0.06843966478899428
Movimiento: NO



ITERACION 90
Solucion:    101 32 52 58 61 37 11 136 25 21 12 117 135 7 111 91 1 73 74 145 96 94 30 20 9 92 105 23 112 46 85 19 17 48 0 149 133 39 89 100 75 138 68 148 64 146 70 125 143 123 36 118 113 40 47 122 120 78 129 82 95 41 81 76 18 60 104 16 137 131 139 116 42 69 134 5 35 119 66 140 65 144 27 31 130 43 114 107 24 2 34 56 22 57 84 90 106 13 147 102 128 4 62 79 88 97 38 86 63 103 108 26 54 15 6 142 67 3 77 59 72 115 50 71 87 51 132 124 99 121 55 93 98 29 126 80 14 127 28 10 83 109 141 49 44 110 53 45 8 33 
Coste: 9372097
Temperatura: 1108.1351991839988
Probabilidad de aceptación: 5.0642967689589494E-15
Movimiento: NO



ITERACION 91
Solucion:    101 56 52 58 61 32 11 136 25 21 12 117 135 7 111 91 1 73 74 145 96 94 30 20 9 92 105 23 112 46 85 19 17 48 0 149 133 39 89 100 75 138 68 148 64 146 70 125 143 123 36 118 113 40 47 122 120 78 129 82 37 41 95 76 18 60 104 16 137 131 139 116 42 69 134 5 81 35 66 140 65 144 27 31 130 43 114 107 24 2 119 141 34 57 22 90 84 13 147 102 128 4 62 79 88 97 106 86 38 103 63 26 54 15 6 142 67 3 77 59 72 108 115 71 87 50 132 124 99 121 55 93 98 51 126 80 14 29 127 10 83 109 28 49 44 110 53 45 8 33 
Coste: 9359174
Temperatura: 997.321679265599
Probabilidad de aceptación: 1.0448567645145004E-9
Movimiento: NO



ITERACION 92
Solucion:    101 56 52 58 61 32 11 136 25 21 12 117 135 7 111 91 1 73 74 145 96 94 30 20 9 92 105 23 112 46 85 19 17 48 0 149 133 39 89 100 75 138 68 148 64 146 70 125 143 123 36 118 113 40 47 122 120 78 129 82 37 41 34 76 18 60 104 16 137 131 139 116 42 69 134 5 95 35 66 140 65 144 27 31 130 43 114 107 24 2 119 81 127 57 141 90 84 13 147 102 128 4 62 79 88 97 106 86 38 103 63 26 54 15 6 142 67 3 77 59 72 108 115 71 87 50 132 124 99 121 55 93 98 51 126 80 14 29 22 10 83 109 28 49 44 110 53 45 8 33 
Coste: 9360676
Temperatura: 897.5895113390391
Probabilidad de aceptación: 1.9412926573303018E-16
Movimiento: NO



ITERACION 93
Solucion:    101 56 52 58 61 32 11 136 25 21 12 117 135 7 111 91 1 73 74 145 96 94 30 20 9 57 105 23 112 46 85 19 17 48 0 149 133 39 89 100 75 138 68 148 64 146 70 125 143 123 36 118 113 40 47 92 120 78 129 82 37 122 41 34 18 60 76 104 137 131 139 116 42 69 134 5 95 35 66 140 65 144 27 31 130 43 114 107 24 2 16 119 127 22 81 90 84 13 147 102 128 4 62 79 88 97 141 106 86 38 103 26 54 15 6 142 67 3 77 59 72 63 115 108 71 87 132 124 99 121 55 93 98 51 126 80 14 29 50 10 83 109 28 49 44 110 53 45 8 33 
Coste: 9348905
Temperatura: 807.8305602051352
Probabilidad de aceptación: 7.265787346704921E-21
Movimiento: NO



ITERACION 94
Solucion:    101 81 52 58 61 56 11 136 25 21 12 117 135 7 111 32 1 73 74 145 96 94 30 20 9 91 105 23 112 46 85 19 17 48 0 149 133 39 89 100 75 138 68 148 64 146 70 125 143 123 36 118 113 40 47 57 120 78 129 82 37 122 41 34 18 60 76 104 137 131 139 116 42 69 134 5 95 92 35 66 140 144 27 31 130 43 114 107 24 2 16 119 127 22 50 65 90 13 147 102 128 4 62 79 88 97 141 106 86 84 38 103 54 15 6 26 67 3 77 59 72 63 115 108 71 87 142 124 99 121 55 93 98 51 126 80 14 132 29 10 83 109 28 49 44 110 53 45 8 33 
Coste: 9337647
Temperatura: 727.0475041846216
Probabilidad de aceptación: 1.2376910663468835E-23
Movimiento: NO



ITERACION 95
Solucion:    101 81 52 58 61 56 11 136 25 21 12 117 135 7 111 32 1 73 74 145 96 65 30 20 9 94 105 23 112 46 85 19 17 48 91 0 149 133 89 100 75 138 68 148 64 146 70 125 143 123 36 118 113 40 47 39 120 78 129 82 37 122 41 34 18 60 76 104 137 131 139 116 42 69 134 5 95 92 35 57 140 144 27 31 130 43 114 107 24 2 16 119 127 66 50 22 90 13 147 102 128 4 62 79 88 97 141 106 86 84 38 103 54 15 6 26 67 3 77 59 72 63 115 108 71 87 142 124 99 121 55 93 98 51 126 80 14 132 29 10 83 109 28 49 44 110 53 45 8 33 
Coste: 9332515
Temperatura: 654.3427537661595
Probabilidad de aceptación: 4.208222198773607E-24
Movimiento: NO



ITERACION 96
Solucion:    101 81 52 90 61 58 11 136 25 21 12 117 135 7 111 32 56 73 1 74 145 96 30 20 9 65 105 23 112 46 85 19 94 48 17 0 91 133 89 100 75 149 138 148 64 146 70 125 68 143 36 118 113 40 47 123 120 78 129 82 37 122 41 34 18 60 76 104 137 131 139 116 42 69 134 5 95 92 35 57 140 144 27 31 130 43 114 107 24 2 16 119 127 66 50 22 142 13 147 102 128 4 62 79 88 97 141 106 86 84 38 39 103 15 6 26 67 3 77 59 72 63 115 108 54 87 71 124 99 121 55 93 98 51 126 80 14 132 29 10 83 109 28 49 44 110 53 45 8 33 
Coste: 9311385
Temperatura: 588.9084783895436
Probabilidad de aceptación: 5.18536750779183E-21
Movimiento: NO



ITERACION 97
Solucion:    101 81 52 90 61 58 11 136 25 21 12 117 135 7 111 32 56 73 1 74 145 96 30 20 9 65 105 23 112 46 85 19 94 48 17 0 91 133 89 100 75 13 149 148 64 146 70 125 138 68 36 143 118 40 47 113 120 78 129 82 37 122 41 34 18 123 60 76 104 131 139 116 42 69 134 5 95 92 35 57 140 144 27 137 130 43 114 107 24 2 16 119 127 66 50 22 142 28 147 102 128 4 62 79 31 97 141 106 86 84 38 39 103 88 6 15 67 3 77 59 72 63 115 108 54 87 71 26 99 124 55 93 98 121 126 80 14 132 51 10 83 29 109 49 44 110 53 45 8 33 
Coste: 9288191
Temperatura: 530.0176305505893
Probabilidad de aceptación: 2.766790178058638E-18
Movimiento: NO



ITERACION 98
Solucion:    101 81 52 90 61 58 11 136 25 21 12 117 135 7 111 32 56 73 1 74 145 96 30 20 147 9 105 23 112 46 85 19 94 48 17 0 65 133 89 100 75 13 149 148 64 146 70 125 138 68 36 143 118 40 47 113 120 78 129 82 37 122 41 34 18 91 123 60 104 76 131 116 42 69 134 5 95 92 35 57 140 144 139 27 130 43 114 107 24 2 16 119 127 66 50 22 142 28 121 137 128 4 62 79 31 97 141 106 86 84 38 39 103 102 6 15 67 3 77 59 72 63 115 108 54 87 71 26 99 88 55 124 98 93 126 80 14 132 51 10 83 29 109 49 44 110 53 45 8 33 
Coste: 9274690
Temperatura: 477.01586749553036
Probabilidad de aceptación: 4.8814755639602923E-17
Movimiento: NO



ITERACION 99
Solucion:    101 81 52 90 61 58 11 136 25 21 12 117 135 7 111 32 56 73 1 74 145 96 30 20 147 9 105 23 112 46 85 19 94 48 17 0 65 133 89 100 75 13 149 148 64 146 70 125 138 68 36 143 118 40 47 113 120 78 129 82 37 122 41 34 18 91 123 60 104 76 131 116 42 69 134 5 95 92 35 57 140 144 139 27 130 43 114 107 24 2 16 119 127 66 50 22 142 28 137 93 121 4 62 79 31 97 141 106 86 84 38 39 103 102 6 128 67 3 77 59 72 63 115 108 54 87 15 26 99 71 55 88 98 124 126 80 14 132 51 10 83 29 109 49 44 110 53 45 8 33 
Coste: 9269189
Temperatura: 429.3142807459773
Probabilidad de aceptación: 1.4133363372962587E-16
Movimiento: NO



ITERACION 100
Solucion:    101 81 52 90 61 58 11 136 25 21 12 117 135 7 111 32 56 73 1 74 145 96 30 20 121 9 105 23 112 46 85 19 94 48 17 0 65 133 147 100 75 89 13 148 64 146 70 125 138 68 36 143 118 40 47 113 120 78 129 82 37 122 41 34 18 91 149 60 104 123 76 116 42 69 131 5 95 92 35 57 140 144 139 27 130 43 134 114 24 2 16 119 127 66 50 22 142 28 137 107 88 4 62 79 31 97 141 106 86 84 38 39 103 102 6 93 67 3 128 59 72 63 115 108 54 87 77 26 99 71 55 15 98 124 126 80 14 132 51 10 83 29 109 49 44 110 53 45 8 33 
Coste: 9256401
Temperatura: 386.3828526713796
Probabilidad de aceptación: 1.8431665320755318E-21
Movimiento: NO



ITERACION 101
Solucion:    101 81 52 90 61 58 11 136 25 21 12 117 135 7 111 32 56 73 1 74 145 96 30 20 121 9 105 4 112 46 85 19 94 48 17 0 65 133 147 100 75 89 23 148 64 146 70 125 138 68 36 143 118 40 47 113 120 78 129 82 37 122 41 34 18 91 149 60 104 123 13 116 42 69 76 5 95 92 35 57 140 144 139 131 130 43 27 134 24 2 16 119 127 66 50 22 142 28 137 107 88 124 114 62 31 97 141 106 86 84 38 39 103 102 6 93 67 3 79 59 72 63 115 108 54 87 128 26 99 71 55 15 98 77 126 80 14 132 51 10 83 29 109 49 44 110 53 45 8 33 
Coste: 9247757
Temperatura: 347.74456740424165
Probabilidad de aceptación: 3.3843839069866786E-14
Movimiento: NO



ITERACION 102
Solucion:    101 81 52 90 61 58 11 136 25 21 12 117 135 7 111 32 56 73 1 74 145 96 30 20 121 9 105 4 112 46 85 19 94 48 17 0 65 133 147 100 75 89 23 148 64 146 70 125 138 68 36 143 118 40 47 113 120 78 129 82 37 122 41 34 18 91 149 60 104 123 13 116 42 69 76 5 95 92 35 57 140 144 139 131 130 43 27 114 24 2 16 119 127 66 50 22 142 28 137 107 88 124 77 134 31 97 141 106 86 84 38 39 103 102 6 93 67 3 79 59 72 63 115 108 54 87 128 26 99 71 55 15 98 62 126 80 14 132 51 10 83 29 109 49 44 110 53 45 8 33 
Coste: 9248532
Temperatura: 312.9701106638175
Probabilidad de aceptación: 4.776640851470295E-10
Movimiento: NO



ITERACION 103
Solucion:    101 81 52 90 61 58 11 136 25 21 12 117 135 7 111 32 56 73 1 74 145 96 30 20 121 9 105 4 112 46 85 19 94 48 17 0 65 133 147 100 75 89 134 148 64 146 70 125 138 68 36 143 118 40 47 113 120 78 129 82 37 122 41 34 18 91 149 60 104 123 13 116 42 23 76 5 95 92 35 57 140 144 139 131 130 43 27 69 24 2 16 119 127 66 50 22 142 28 137 107 88 124 114 62 31 97 141 106 86 84 38 39 103 102 6 93 67 3 79 59 72 63 115 108 54 87 128 26 99 71 55 15 77 98 126 80 14 132 51 10 83 29 109 49 44 110 53 45 8 33 
Coste: 9245881
Temperatura: 281.67309959743574
Probabilidad de aceptación: 1.6274943404469842E-9
Movimiento: NO



ITERACION 104
Solucion:    101 81 52 90 61 58 11 136 25 21 12 117 135 7 111 32 56 73 1 74 145 96 30 20 121 9 105 4 112 46 85 19 94 48 17 0 65 133 147 100 75 89 134 148 64 146 70 125 138 68 36 143 118 40 47 113 120 78 129 82 37 122 41 34 18 91 149 60 104 123 13 116 42 23 76 5 95 92 35 57 140 144 139 131 130 43 27 69 24 2 16 119 127 66 50 22 142 28 137 107 88 124 114 62 126 97 141 106 86 84 38 39 103 102 6 93 67 3 79 31 72 63 115 108 54 87 128 26 99 71 55 15 59 77 98 80 14 132 51 10 83 29 109 49 44 110 53 45 8 33 
Coste: 9243446
Temperatura: 253.50578963769217
Probabilidad de aceptación: 4.823182220603695E-4
Movimiento: NO



ITERACION 105
Solucion:    101 81 52 90 61 58 11 136 25 21 12 117 135 7 111 32 56 73 1 74 145 96 30 20 121 9 105 4 112 46 85 19 94 48 17 0 65 133 147 100 75 89 134 148 64 146 70 125 138 68 36 143 118 40 47 113 120 78 129 82 37 122 41 34 18 91 149 60 104 123 13 116 42 23 76 5 95 92 35 57 140 144 139 131 130 43 27 69 24 2 97 119 127 66 16 22 142 28 137 107 88 124 114 62 126 108 50 106 86 84 38 39 103 102 6 93 67 3 79 31 72 63 115 141 54 87 128 26 99 71 55 15 59 77 98 80 14 132 51 10 83 29 109 49 44 110 53 45 8 33 
Coste: 9238961
Temperatura: 228.15521067392297
Probabilidad de aceptación: 1.0990151643993348E-65
Movimiento: NO



ITERACION 106
Solucion:    101 81 52 90 61 58 11 136 25 21 12 117 135 7 111 32 56 73 50 74 145 96 30 20 121 9 105 4 112 46 85 19 94 48 17 0 65 133 147 100 75 89 134 148 64 146 70 125 138 68 36 143 118 40 47 113 120 78 129 82 37 122 41 34 18 91 149 60 104 123 13 116 42 23 76 5 95 1 35 57 140 144 139 131 130 43 27 69 24 2 97 119 127 66 16 22 142 28 137 107 88 124 114 62 126 108 141 92 86 84 38 39 103 102 6 93 67 3 79 31 72 63 115 106 54 87 128 26 99 71 55 15 59 77 98 80 14 132 51 10 83 29 109 49 44 110 53 45 8 33 
Coste: 9235516
Temperatura: 205.33968960653067
Probabilidad de aceptación: 1.4530378581025394E-60
Movimiento: NO



ITERACION 107
Solucion:    101 81 52 90 61 58 11 136 25 21 12 117 135 7 111 32 56 73 50 74 145 96 30 20 121 9 105 4 112 46 85 19 94 48 17 0 65 133 147 100 75 89 134 148 64 146 70 125 138 68 36 143 118 40 47 113 120 78 129 82 37 122 41 34 18 91 149 60 104 123 13 116 42 23 76 5 95 1 35 57 140 144 139 131 130 43 27 69 24 2 97 119 127 66 16 22 142 28 137 107 88 124 114 62 126 108 141 51 86 84 38 39 103 102 6 93 67 3 79 31 72 63 92 115 54 87 128 26 99 71 55 15 59 77 98 80 14 132 106 10 83 29 109 49 44 110 53 45 8 33 
Coste: 9233233
Temperatura: 184.8057206458776
Probabilidad de aceptación: 8.203766649860894E-79
Movimiento: NO



ITERACION 108
Solucion:    101 81 52 90 61 58 11 136 25 21 12 117 135 7 111 32 56 73 50 74 145 96 30 20 121 9 105 4 112 46 85 19 94 48 17 0 65 133 147 100 75 89 134 148 64 146 70 125 138 68 36 143 118 40 47 113 120 78 129 82 37 122 41 34 18 91 149 60 104 123 13 116 42 23 76 5 95 1 35 57 140 144 139 131 130 43 27 69 24 2 97 119 127 66 16 86 142 28 137 107 88 124 114 62 126 108 141 22 38 51 84 39 103 102 6 93 67 3 79 31 72 63 92 115 54 87 128 26 99 71 55 15 59 77 98 80 14 132 106 10 83 29 109 49 44 110 53 45 8 33 
Coste: 9230772
Temperatura: 166.32514858128985
Probabilidad de aceptación: 6.101432885701847E-99
Movimiento: NO



ITERACION 109
Solucion:    101 81 52 90 61 58 11 136 25 21 12 117 135 7 111 32 56 73 50 74 145 96 30 20 121 9 105 4 112 46 85 19 94 48 17 0 65 133 147 100 75 89 134 148 64 146 70 125 138 68 36 143 118 40 47 113 120 78 129 82 37 51 41 34 18 122 149 60 104 123 13 116 42 23 76 5 95 1 35 91 140 144 139 131 130 43 27 69 24 2 97 119 127 66 57 16 142 28 137 107 88 124 114 62 126 108 141 22 38 26 86 39 103 102 6 93 67 3 79 31 72 63 92 84 115 54 128 87 99 71 55 15 59 77 98 80 14 132 106 10 83 29 109 49 44 110 53 45 8 33 
Coste: 9225982
Temperatura: 149.69263372316087
Probabilidad de aceptación: 1.5014693027185836E-63
Movimiento: NO



ITERACION 110
Solucion:    101 81 52 90 61 58 11 136 25 21 12 117 135 7 111 32 56 73 50 74 145 96 30 20 121 9 105 4 112 46 85 19 94 48 17 0 65 133 147 100 75 89 134 148 64 146 70 125 138 68 36 143 118 40 47 113 120 78 129 82 37 51 41 34 18 122 149 60 104 123 13 116 42 23 76 5 95 1 35 91 140 144 139 131 130 43 27 69 24 2 97 119 127 66 57 86 142 28 137 107 88 124 114 62 126 108 141 22 38 26 103 39 16 102 6 93 67 3 79 31 72 63 92 84 115 54 128 87 99 71 55 15 59 77 98 80 14 132 106 10 83 29 109 49 44 110 53 45 8 33 
Coste: 9224553
Temperatura: 134.7233703508448
Probabilidad de aceptación: 4.040115521109424E-109
Movimiento: NO



ITERACION 111
Solucion:    101 81 52 90 61 58 11 136 25 21 12 117 135 7 111 32 56 73 50 74 145 96 30 20 121 9 105 4 112 46 85 19 94 48 17 0 65 133 147 100 75 89 134 148 64 146 70 125 138 68 36 143 118 40 47 113 120 78 129 82 37 51 41 34 18 122 149 60 104 123 13 116 42 23 76 5 95 1 35 91 140 144 139 131 130 43 27 69 24 2 97 119 127 66 57 86 142 28 137 107 88 124 114 62 126 108 141 22 38 26 103 87 39 102 16 93 67 3 79 31 72 63 92 6 115 54 84 128 99 71 55 15 59 77 98 80 14 132 106 10 83 29 109 49 44 110 53 45 8 33 
Coste: 9220050
Temperatura: 121.25103331576031
Probabilidad de aceptación: 1.1047136415934951E-79
Movimiento: NO



ITERACION 112
Solucion:    101 81 52 90 61 58 11 136 25 21 12 117 135 7 111 32 56 73 50 74 145 96 30 20 121 9 105 4 112 46 85 19 94 48 17 0 65 133 147 100 75 89 134 148 64 146 70 125 138 68 36 143 118 40 47 113 120 78 129 82 37 51 41 34 18 122 149 60 104 123 13 116 42 23 76 5 95 1 35 91 140 144 139 131 130 43 27 69 24 2 97 119 127 66 57 86 142 28 137 107 88 124 114 62 126 108 141 22 38 26 103 87 10 102 39 93 67 3 79 31 72 63 92 6 115 54 16 84 128 71 55 15 59 77 98 80 14 132 106 99 83 29 109 49 44 110 53 45 8 33 
Coste: 9216258
Temperatura: 109.12592998418428
Probabilidad de aceptación: 1.6474425449173106E-68
Movimiento: NO



ITERACION 113
Solucion:    101 81 52 90 61 58 11 136 25 21 12 117 135 7 111 32 56 73 50 74 145 96 30 20 121 9 105 4 112 46 85 19 94 48 17 0 65 133 147 100 75 89 134 148 64 146 70 125 138 68 36 143 118 40 47 113 120 78 129 82 37 51 41 34 18 122 149 60 104 123 13 116 42 23 76 5 95 1 35 91 140 144 139 131 130 43 27 69 24 2 97 119 127 66 57 86 142 28 137 107 88 124 114 62 126 108 141 22 38 26 103 87 10 77 39 93 67 3 79 31 72 63 92 6 115 54 16 84 102 71 55 15 59 128 98 80 14 132 106 99 83 29 109 49 44 110 53 45 8 33 
Coste: 9215012
Temperatura: 98.21333698576585
Probabilidad de aceptación: 6.690566055740522E-60
Movimiento: NO



ITERACION 114
Solucion:    101 81 52 90 61 58 11 136 25 21 12 117 135 7 111 32 56 73 50 74 145 96 30 20 121 9 105 4 112 46 85 19 94 48 17 0 65 133 147 100 75 89 134 148 64 146 70 125 138 68 36 143 118 40 47 113 120 78 129 82 37 51 41 34 18 122 149 60 104 123 13 116 42 23 76 5 95 1 35 91 140 144 139 131 130 43 27 69 24 2 97 119 127 66 57 86 142 28 39 107 88 124 114 62 126 108 141 22 38 26 103 87 10 137 15 93 77 3 79 31 72 63 92 6 115 54 16 84 102 67 55 71 59 128 98 80 14 132 106 99 83 29 109 49 44 110 53 45 8 33 
Coste: 9213740
Temperatura: 88.39200328718927
Probabilidad de aceptación: 2.5843813361045546E-64
Movimiento: NO



ITERACION 115
Solucion:    101 81 52 90 61 58 11 136 25 21 12 117 135 7 111 32 56 73 50 74 145 96 30 20 121 9 105 4 112 46 85 19 94 48 17 0 65 133 147 100 75 89 134 148 64 146 70 125 138 68 36 143 118 40 47 113 120 78 129 82 37 51 41 34 18 122 149 60 104 123 13 116 42 23 76 5 95 1 35 91 140 144 139 131 130 43 27 69 24 2 97 119 127 66 57 86 142 28 39 107 88 124 114 62 126 108 141 22 38 26 103 87 10 137 15 77 93 3 79 31 72 63 92 6 115 54 16 84 102 67 55 71 59 128 98 80 14 132 106 99 83 29 109 49 44 110 53 45 8 33 
Coste: 9213264
Temperatura: 79.55280295847034
Probabilidad de aceptación: 2.4441027780000483E-57
Movimiento: NO



ITERACION 116
Solucion:    101 81 52 90 61 58 11 136 25 21 12 117 135 7 111 32 56 73 50 74 145 96 30 20 121 9 105 4 112 46 85 19 94 48 17 0 65 133 147 100 75 89 134 148 64 146 70 125 138 68 36 143 118 40 47 113 120 78 129 82 37 51 41 34 18 122 149 60 104 123 13 116 42 23 76 5 95 1 35 91 140 144 139 131 130 43 27 69 24 2 97 119 127 66 57 86 142 28 39 107 88 124 114 62 126 108 141 22 38 26 103 87 10 137 15 77 93 3 79 31 72 63 92 6 115 54 16 84 102 67 55 71 59 128 98 80 14 132 106 99 83 29 109 49 44 110 53 45 8 33 
Coste: 9213264
Temperatura: 71.5975226626233
Probabilidad de aceptación: 2.7217265136212478E-52
Movimiento: NO



ITERACION 117
Solucion:    101 81 52 90 61 58 11 136 25 21 12 117 135 7 111 32 56 73 50 74 145 96 30 20 121 9 105 4 112 46 85 19 94 48 17 0 65 133 147 100 75 89 134 148 64 146 70 125 138 68 36 143 118 40 47 113 120 78 129 82 37 51 41 34 18 122 149 60 104 123 13 116 42 23 76 5 95 1 35 91 140 144 139 131 130 43 27 3 69 2 97 119 127 66 57 86 142 28 39 107 88 124 24 62 126 108 141 22 38 26 103 87 10 137 15 77 93 45 79 31 72 63 92 6 115 54 16 84 102 67 55 71 59 128 98 80 14 132 106 99 83 29 109 49 44 110 53 114 8 33 
Coste: 9211089
Temperatura: 64.43777039636097
Probabilidad de aceptación: 3.077316099883412E-44
Movimiento: NO



ITERACION 118
Solucion:    101 81 52 90 61 58 11 136 25 21 12 117 135 7 111 32 56 73 50 74 145 96 30 20 121 9 105 4 112 46 85 19 94 48 17 0 65 133 147 100 75 89 79 148 64 146 70 125 138 68 36 143 118 40 47 113 120 78 129 82 37 51 41 34 18 122 149 60 104 123 13 116 42 23 76 5 95 1 35 91 140 144 139 131 130 43 27 3 69 2 97 119 127 66 57 86 142 28 39 107 88 124 134 62 126 108 141 22 38 26 103 87 10 137 15 77 93 45 128 31 72 63 92 6 115 54 16 84 102 67 55 71 24 59 98 80 14 132 106 99 83 29 109 49 44 110 53 114 8 33 
Coste: 9206090
Temperatura: 57.99399335672488
Probabilidad de aceptación: 7.058092905035308E-23
Movimiento: NO



ITERACION 119
Solucion:    101 81 52 90 61 58 11 136 25 21 12 117 135 7 111 32 56 73 50 74 145 96 30 20 121 9 105 4 112 46 85 19 94 48 17 0 65 133 147 100 75 89 79 148 64 146 70 125 138 68 36 143 118 40 47 113 120 78 129 82 37 51 41 34 18 122 149 60 104 123 13 116 42 23 76 5 95 1 35 91 140 144 139 131 130 43 27 3 69 2 97 119 127 66 57 86 142 28 39 107 88 124 134 62 126 108 141 22 38 26 103 87 10 137 15 77 93 45 128 31 72 63 92 6 115 54 16 84 102 67 55 71 24 59 98 80 14 132 106 99 83 29 109 49 44 110 53 114 8 33 
Coste: 9206090
Temperatura: 52.19459402105239
Probabilidad de aceptación: 1.8533857431436105E-34
Movimiento: NO



ITERACION 120
Solucion:    101 81 52 90 61 58 11 136 25 21 12 117 135 7 111 32 56 73 50 74 145 96 30 20 121 9 105 4 112 46 85 19 94 48 17 0 65 133 147 100 75 89 79 148 64 146 70 125 138 68 36 143 118 40 47 113 120 78 129 82 37 51 41 34 18 122 149 60 104 123 13 116 42 23 76 5 95 1 35 91 140 144 139 131 130 43 27 3 69 2 72 119 127 66 57 86 142 28 39 107 88 124 134 62 126 108 141 22 38 26 103 87 10 137 15 77 93 45 128 31 80 63 92 97 115 54 16 84 102 67 55 71 24 59 98 6 14 132 106 99 83 29 109 49 44 110 53 114 8 33 
Coste: 9205551
Temperatura: 46.97513461894715
Probabilidad de aceptación: 4.3267300036143814E-285
Movimiento: NO



ITERACION 121
Solucion:    63 101 52 90 61 58 11 136 25 21 12 117 135 7 111 32 56 73 81 74 145 96 30 20 121 9 105 4 112 46 85 19 94 48 17 0 65 133 147 100 75 89 79 148 64 146 70 125 138 68 36 143 118 40 47 113 120 78 129 82 37 51 41 34 18 122 149 60 104 123 13 116 42 23 76 5 95 1 35 91 140 144 139 131 130 43 27 3 69 2 72 50 127 66 57 86 142 28 39 107 88 124 134 62 126 108 119 22 38 26 103 87 10 137 15 77 93 45 128 31 80 92 141 97 115 54 16 84 102 67 55 71 24 59 98 6 14 132 106 99 83 29 109 49 44 110 53 114 8 33 
Coste: 9199648
Temperatura: 42.27762115705244
Probabilidad de aceptación: 0.0
Movimiento: NO



ITERACION 122
Solucion:    63 101 52 90 61 58 11 136 25 21 12 117 135 7 111 32 56 73 81 74 145 96 30 20 121 9 105 4 112 46 85 19 94 48 17 0 65 133 147 100 75 89 79 148 64 146 70 125 138 68 36 143 118 40 47 113 120 78 129 82 37 51 41 34 18 122 149 60 104 123 13 116 42 23 76 5 95 1 35 91 140 144 139 131 130 43 27 3 69 2 72 50 127 66 57 86 142 28 39 107 88 124 134 62 126 108 119 22 38 26 103 87 10 137 15 77 93 45 128 31 80 92 106 97 115 54 16 84 102 67 55 71 24 59 98 6 14 141 132 99 83 29 109 49 44 110 53 114 8 33 
Coste: 9198135
Temperatura: 38.0498590413472
Probabilidad de aceptación: 0.0
Movimiento: NO



ITERACION 123
Solucion:    63 101 52 90 61 58 11 136 25 21 12 117 135 7 111 32 56 73 81 74 145 96 30 20 121 9 105 4 112 46 85 19 94 48 17 0 65 133 147 100 75 89 79 148 64 146 70 125 138 68 36 143 118 40 47 113 120 78 129 82 37 51 41 34 18 122 149 60 104 123 13 116 42 23 76 5 95 1 35 91 140 144 139 131 130 43 27 3 69 2 72 50 127 66 57 86 142 28 39 107 88 124 134 62 126 108 119 22 38 26 103 87 10 137 15 77 93 45 128 31 97 92 80 132 115 54 16 84 102 67 55 71 24 59 98 6 106 14 141 99 83 29 109 49 44 110 53 114 8 33 
Coste: 9195844
Temperatura: 34.24487313721248
Probabilidad de aceptación: 0.0
Movimiento: NO



ITERACION 124
Solucion:    63 101 52 90 61 58 11 136 25 21 12 117 135 7 111 32 56 73 81 74 145 96 30 20 121 9 105 4 112 46 85 19 94 48 17 0 65 133 147 100 75 89 79 148 64 146 70 125 138 68 36 143 118 40 47 113 120 78 129 82 37 51 41 34 18 122 149 60 104 123 13 116 42 23 76 5 95 1 35 115 140 144 139 131 130 43 27 3 69 2 72 50 127 66 57 91 142 28 39 107 88 124 134 62 126 108 119 22 38 26 103 87 10 137 15 77 93 45 128 31 97 92 80 132 83 54 16 84 102 67 55 71 24 59 98 6 106 14 141 86 99 29 109 49 44 110 53 114 8 33 
Coste: 9194218
Temperatura: 30.820385823491232
Probabilidad de aceptación: 0.0
Movimiento: NO



ITERACION 125
Solucion:    63 101 52 90 61 58 11 136 25 21 12 117 135 7 111 32 56 73 81 74 145 54 30 20 121 9 105 4 112 46 85 19 94 48 17 0 65 133 147 100 75 89 79 148 64 146 70 125 138 68 36 143 118 40 47 113 120 78 129 82 37 51 41 34 18 122 149 60 96 123 13 116 42 23 76 5 95 1 35 115 140 144 139 131 130 43 27 3 69 2 72 50 127 66 57 104 142 28 39 107 88 124 134 62 126 108 119 22 38 26 103 87 10 137 15 77 93 45 128 31 97 92 80 132 91 99 16 84 102 67 55 71 24 59 98 6 106 14 141 86 83 29 109 49 44 110 53 114 8 33 
Coste: 9189732
Temperatura: 27.738347241142108
Probabilidad de aceptación: 0.0
Movimiento: NO



ITERACION 126
Solucion:    63 101 52 90 61 58 11 136 25 21 12 117 135 7 111 32 56 73 81 74 145 54 30 20 121 9 105 4 112 46 85 19 94 48 17 0 65 133 147 100 75 89 79 148 64 146 70 125 138 68 36 143 118 40 47 113 120 78 129 82 37 51 41 34 18 122 149 60 96 123 13 116 42 23 76 5 95 1 35 115 140 144 139 131 130 43 27 3 69 2 72 50 127 66 57 104 142 28 39 107 88 124 134 62 126 108 119 22 38 26 103 87 10 137 15 77 93 45 128 31 97 92 80 132 91 99 83 16 102 67 55 71 24 59 98 6 106 14 141 86 84 29 109 49 44 110 53 114 8 33 
Coste: 9187914
Temperatura: 24.9645125170279
Probabilidad de aceptación: 0.0
Movimiento: NO



ITERACION 127
Solucion:    63 101 52 90 61 58 11 136 25 21 12 117 135 7 111 32 56 73 81 74 145 54 30 20 121 9 105 4 112 46 85 19 94 48 17 0 65 133 147 100 75 89 79 148 64 146 70 125 138 68 36 143 118 40 47 113 120 78 129 82 37 51 41 34 18 122 149 60 96 123 13 116 42 23 76 5 95 1 35 115 140 144 139 131 130 43 27 3 69 2 72 50 127 66 57 104 142 28 39 107 88 124 134 62 126 108 119 22 38 26 103 87 10 137 15 77 93 45 128 31 97 92 80 132 91 99 83 109 102 67 55 71 24 59 98 6 106 14 141 86 84 16 29 49 44 110 53 114 8 33 
Coste: 9186423
Temperatura: 22.468061265325108
Probabilidad de aceptación: 3.509152543371685E-263
Movimiento: NO



ITERACION 128
Solucion:    63 101 52 90 61 58 11 136 25 21 12 117 135 7 111 32 56 73 81 74 145 54 30 20 121 9 105 4 112 46 85 19 94 48 17 0 65 133 147 100 75 89 79 148 64 146 70 125 138 68 36 143 118 40 47 113 120 78 129 82 37 51 41 34 18 122 149 60 96 123 13 116 42 23 76 5 95 1 35 115 140 144 139 131 130 43 27 3 69 2 72 50 127 66 57 104 142 28 39 107 88 124 134 62 126 108 119 22 38 26 103 87 10 137 15 77 93 45 128 31 97 92 80 132 91 99 83 109 102 67 55 71 24 59 98 6 106 14 141 86 84 16 29 49 44 110 53 114 8 33 
Coste: 9186423
Temperatura: 20.221255138792596
Probabilidad de aceptación: 0.0
Movimiento: NO



ITERACION 129
Solucion:    63 101 52 90 61 58 11 136 25 21 12 117 135 7 111 32 56 73 81 74 145 54 30 20 121 9 105 4 112 46 85 19 94 48 17 0 65 133 147 100 75 89 79 148 64 146 70 125 138 68 36 143 118 40 47 113 120 78 129 82 37 51 41 34 18 122 149 60 96 123 13 116 42 23 76 5 95 1 35 115 140 144 139 131 130 43 27 3 69 2 72 50 127 66 57 104 142 28 39 107 88 124 134 62 126 108 119 22 38 26 103 87 10 137 15 77 93 45 128 31 97 92 80 132 91 99 83 109 102 67 55 71 24 59 98 6 106 14 141 86 84 16 29 49 44 110 53 114 8 33 
Coste: 9186423
Temperatura: 18.199129624913336
Probabilidad de aceptación: 0.0
Movimiento: NO



ITERACION 130
Solucion:    63 101 52 90 61 58 11 136 25 55 12 117 135 7 111 32 56 73 81 74 145 54 30 20 121 9 105 4 112 46 85 19 94 48 17 0 65 133 147 100 75 89 79 148 64 146 70 125 138 68 36 143 118 40 47 113 120 78 129 82 37 51 41 34 18 122 149 60 96 123 13 116 42 23 76 5 95 1 35 115 140 144 139 131 130 43 27 3 69 2 72 50 127 66 57 104 142 28 39 107 88 124 134 62 126 108 119 22 38 26 103 87 10 137 15 77 93 45 128 31 97 92 80 132 91 99 83 21 102 109 110 71 24 59 98 6 106 14 141 86 84 16 29 67 49 44 53 114 8 33 
Coste: 9180996
Temperatura: 16.379216662422003
Probabilidad de aceptación: 2.6879241611166854E-206
Movimiento: NO



ITERACION 131
Solucion:    63 101 52 90 61 58 11 136 25 55 12 117 135 7 111 32 56 73 81 74 145 54 30 20 121 9 105 4 112 46 85 19 94 48 17 0 65 133 147 100 75 89 79 148 64 146 70 125 138 68 36 143 118 40 47 113 120 78 129 82 37 51 41 34 18 122 149 60 96 123 13 116 42 23 76 5 95 1 35 115 140 144 139 131 130 43 27 3 69 2 72 50 127 66 57 104 142 28 39 107 88 124 134 62 126 108 119 22 38 26 103 87 10 137 15 77 93 45 128 31 97 92 80 132 91 99 83 21 102 109 110 53 24 59 98 6 106 14 141 86 84 16 29 67 49 44 71 114 8 33 
Coste: 9180206
Temperatura: 14.741294996179803
Probabilidad de aceptación: 8.100043093129562E-161
Movimiento: NO



ITERACION 132
Solucion:    63 101 52 90 61 58 11 136 25 55 12 117 135 7 111 32 56 73 81 74 145 54 30 20 121 9 105 4 112 46 85 19 94 48 17 0 65 133 147 100 75 89 79 148 64 146 70 125 138 68 36 143 118 40 47 113 120 78 129 82 37 51 41 34 18 122 149 60 96 123 13 116 42 23 76 5 95 1 35 115 140 144 139 131 130 43 27 3 69 2 72 50 127 66 57 104 142 28 39 107 88 124 134 62 126 108 119 22 38 26 103 87 10 137 15 77 93 45 128 31 97 92 80 132 91 99 83 21 102 109 110 53 114 59 98 6 106 14 141 86 84 16 29 67 49 44 71 24 8 33 
Coste: 9178294
Temperatura: 13.267165496561823
Probabilidad de aceptación: 3.641373029316613E-126
Movimiento: NO



ITERACION 133
Solucion:    63 101 52 90 61 58 11 136 25 55 12 117 135 7 111 32 56 73 81 74 145 54 30 20 121 9 105 4 112 46 85 19 94 48 17 0 65 133 147 100 75 89 79 148 64 146 70 125 138 68 36 143 118 40 47 113 120 78 129 82 37 51 41 34 18 122 149 60 96 123 13 116 42 59 76 5 95 1 35 115 140 144 139 131 130 43 27 3 23 2 72 50 127 66 57 104 142 28 39 107 88 124 134 62 126 108 119 22 38 26 103 87 10 137 15 77 93 45 128 31 97 92 80 132 91 99 83 21 102 109 110 53 114 69 98 6 106 14 141 86 84 16 29 67 49 44 71 24 8 33 
Coste: 9176280
Temperatura: 11.940448946905642
Probabilidad de aceptación: 2.4779358596077965E-109
Movimiento: NO



ITERACION 134
Solucion:    63 101 52 90 61 58 11 136 25 55 12 117 135 7 111 32 56 73 81 74 145 54 30 20 121 9 105 4 112 98 85 19 94 48 17 0 65 133 147 100 75 89 79 148 64 146 70 125 138 68 36 143 118 40 47 113 46 78 129 82 37 51 41 34 18 122 149 60 96 123 13 116 42 120 76 5 95 1 35 115 140 144 139 131 130 43 27 3 23 2 72 50 127 66 57 104 142 28 39 107 88 124 134 62 126 108 119 22 38 26 103 87 10 137 15 77 93 45 128 31 97 92 80 132 91 99 83 21 102 109 110 53 114 69 59 6 106 14 141 86 84 16 29 67 49 44 71 24 8 33 
Coste: 9169932
Temperatura: 10.746404052215079
Probabilidad de aceptación: 1.831484891797512E-45
Movimiento: NO



ITERACION 135
Solucion:    63 101 52 90 61 58 11 136 25 55 12 117 135 7 111 32 56 73 81 74 145 54 30 20 121 9 105 4 112 98 85 19 94 48 17 0 65 133 147 100 75 89 79 148 64 146 70 125 138 68 36 143 118 40 47 113 46 78 129 82 37 51 41 34 18 122 149 60 96 123 13 116 42 120 76 5 95 1 35 115 140 144 139 131 130 43 27 3 23 2 72 50 127 66 57 104 142 28 39 107 88 124 134 62 126 108 119 22 38 26 103 87 10 137 15 77 93 45 128 31 6 92 80 132 91 99 83 21 102 109 110 53 114 69 59 97 106 14 141 86 84 16 29 67 49 44 71 24 8 33 
Coste: 9169461
Temperatura: 9.67176364699357
Probabilidad de aceptación: 0.0
Movimiento: NO



ITERACION 136
Solucion:    63 101 52 90 61 58 11 136 25 55 12 117 135 7 111 32 56 73 81 74 145 54 30 20 121 9 105 4 112 98 85 19 94 48 17 0 65 133 147 100 75 89 79 148 64 146 70 125 138 68 36 143 118 40 47 113 46 78 129 82 37 51 41 34 18 122 149 60 96 123 13 116 42 120 76 5 95 1 35 115 140 144 139 131 130 43 27 3 23 2 72 50 127 66 57 104 142 28 39 107 88 124 134 62 126 108 119 22 38 26 103 87 10 137 15 77 93 45 128 31 6 92 80 132 91 99 83 21 102 109 110 53 114 69 59 97 106 14 141 86 84 16 29 67 49 44 71 24 8 33 
Coste: 9169461
Temperatura: 8.704587282294213
Probabilidad de aceptación: 0.0
Movimiento: NO



ITERACION 137
Solucion:    63 101 52 90 61 58 11 136 25 55 12 117 135 7 111 32 56 73 81 74 145 54 30 20 121 9 105 4 112 98 85 19 94 48 17 0 65 133 147 100 75 89 79 148 64 146 70 125 138 68 36 143 118 40 47 113 46 78 129 82 37 51 41 34 18 122 149 60 96 123 13 116 42 120 76 5 95 1 35 115 140 144 139 131 130 43 27 3 23 2 72 50 127 66 57 104 142 28 39 107 88 124 134 62 126 108 119 22 38 26 103 87 10 137 15 77 93 45 128 31 6 92 80 132 91 99 83 21 102 109 110 53 114 69 59 97 106 141 14 86 84 16 29 67 49 44 71 24 8 33 
Coste: 9168940
Temperatura: 7.834128554064792
Probabilidad de aceptación: 0.0
Movimiento: NO



ITERACION 138
Solucion:    63 101 52 90 61 58 11 136 25 55 12 117 135 7 111 32 56 73 81 74 145 54 30 20 121 9 105 4 112 98 85 19 94 48 17 0 65 133 147 100 75 89 79 148 64 146 70 125 138 68 36 143 118 40 47 113 46 78 129 82 37 51 41 34 18 122 149 60 96 123 13 116 42 120 76 5 95 1 35 115 140 144 139 131 130 43 27 3 23 2 72 50 127 66 57 104 142 28 39 107 88 124 134 62 126 108 119 22 38 26 103 87 10 137 15 77 93 45 128 31 6 92 80 132 91 99 83 21 102 109 110 53 114 69 59 97 106 141 84 14 86 16 29 67 49 44 71 24 8 33 
Coste: 9168344
Temperatura: 7.050715698658313
Probabilidad de aceptación: 0.0
Movimiento: NO



ITERACION 139
Solucion:    63 101 52 90 61 58 11 136 25 55 12 117 135 7 111 32 56 73 81 74 145 54 30 20 121 9 105 4 112 98 85 19 94 48 17 0 65 133 147 100 75 89 79 148 64 146 70 125 138 68 36 143 118 40 47 113 46 78 129 82 37 51 41 34 18 122 149 60 96 123 13 116 42 120 76 5 95 1 35 115 140 144 139 131 130 43 27 3 23 2 72 50 127 66 57 104 142 28 39 107 88 124 134 62 126 108 119 22 38 26 103 87 10 137 15 77 93 45 128 31 6 92 80 132 91 99 83 21 102 109 110 53 114 69 59 97 106 141 84 14 86 16 29 67 49 44 71 24 8 33 
Coste: 9168344
Temperatura: 6.345644128792482
Probabilidad de aceptación: 0.0
Movimiento: NO



ITERACION 140
Solucion:    63 101 52 90 61 58 11 136 25 55 12 117 135 7 111 32 56 73 81 74 145 54 30 20 121 9 105 4 112 98 85 19 94 48 17 0 65 133 147 100 75 89 79 148 64 146 70 125 138 68 36 143 118 40 47 113 46 78 129 82 37 51 41 34 18 122 149 60 96 123 13 116 42 120 76 5 95 1 35 86 140 144 139 131 130 43 27 3 23 2 72 50 127 66 57 104 142 28 39 107 88 124 134 62 126 108 119 22 38 26 103 87 10 137 15 77 93 45 128 31 6 92 80 132 91 99 83 21 102 109 110 53 114 69 59 97 106 141 84 14 115 16 29 67 49 44 71 24 8 33 
Coste: 9167951
Temperatura: 5.711079715913233
Probabilidad de aceptación: 0.0
Movimiento: NO



ITERACION 141
Solucion:    63 101 52 90 61 58 11 136 25 55 12 117 135 7 111 32 56 73 81 74 145 54 30 20 121 9 105 4 112 98 85 19 94 48 17 0 65 133 147 100 75 89 79 148 64 146 70 125 138 68 36 143 118 40 47 113 46 78 129 82 37 51 41 34 18 122 149 60 96 123 13 116 42 120 76 5 95 1 35 86 140 144 139 131 130 43 27 3 23 2 72 50 127 66 57 104 142 28 39 107 88 124 134 62 126 108 119 22 38 26 103 87 10 137 15 77 93 45 128 31 6 92 80 132 91 99 83 21 102 109 110 53 114 69 59 97 106 141 84 14 115 29 16 67 49 44 71 24 8 33 
Coste: 9167866
Temperatura: 5.13997174432191
Probabilidad de aceptación: 0.0
Movimiento: NO



ITERACION 142
Solucion:    63 101 52 90 61 58 11 136 25 55 12 117 135 7 111 32 56 73 81 74 145 54 30 20 121 9 105 4 112 98 85 19 94 48 17 0 65 133 147 100 75 89 79 148 64 146 70 125 138 68 36 143 118 40 47 113 46 78 129 82 37 51 41 34 18 122 149 60 96 123 13 116 42 120 76 5 95 1 35 86 140 144 139 131 130 43 27 3 23 2 72 50 127 66 57 104 142 28 39 107 88 124 134 62 126 108 119 22 38 26 103 87 10 137 15 77 93 45 128 31 6 92 80 132 91 99 83 21 102 109 110 53 114 69 59 97 106 141 84 14 115 29 16 67 49 44 71 24 8 33 
Coste: 9167866
Temperatura: 4.625974569889719
Probabilidad de aceptación: 0.0
Movimiento: NO



ITERACION 143
Solucion:    63 101 52 90 61 58 11 136 25 55 12 117 135 7 111 32 56 73 81 74 145 54 30 20 121 9 105 4 112 98 85 19 94 48 17 0 65 133 147 100 75 89 79 148 64 146 70 125 138 68 36 143 118 40 47 113 46 78 129 82 37 51 41 34 18 122 149 60 96 123 13 116 42 120 76 5 95 1 35 86 140 144 139 131 130 43 27 3 23 2 72 50 127 66 57 104 142 28 39 107 88 124 134 62 126 108 119 22 38 26 103 87 10 137 15 77 93 45 128 31 6 92 80 132 91 99 83 21 102 109 110 53 114 69 59 97 106 141 84 14 115 29 16 67 49 44 71 24 8 33 
Coste: 9167866
Temperatura: 4.163377112900747
Probabilidad de aceptación: 0.0
Movimiento: NO



ITERACION 144
Solucion:    63 101 52 90 61 58 11 136 25 55 12 117 135 7 111 32 56 73 81 74 145 54 30 20 121 9 105 4 112 98 85 19 94 48 17 0 65 133 147 100 75 89 79 148 64 146 70 125 138 68 36 143 118 40 47 113 46 78 129 82 37 51 41 34 18 122 149 60 96 123 13 116 42 120 76 5 95 1 35 86 140 144 139 131 130 43 27 3 23 2 72 50 127 66 57 104 142 28 39 107 88 124 134 62 126 108 119 22 38 26 103 87 10 137 15 77 93 45 128 31 6 92 80 132 91 99 83 21 102 109 110 53 114 69 59 97 106 141 84 14 115 29 16 67 71 49 44 24 8 33 
Coste: 9167159
Temperatura: 3.7470394016106723
Probabilidad de aceptación: 0.0
Movimiento: NO



ITERACION 145
Solucion:    63 101 52 90 61 58 11 136 25 55 12 117 135 7 111 32 56 73 81 74 145 54 30 20 121 9 105 4 112 98 85 19 94 48 17 0 65 133 147 100 75 89 79 148 64 146 70 125 138 68 36 143 118 40 47 113 46 78 129 82 37 51 41 34 18 122 149 60 96 123 13 116 42 120 76 5 95 1 35 86 140 144 139 131 130 43 27 3 23 2 72 50 127 66 57 104 142 28 39 107 88 124 134 62 126 108 119 22 38 26 103 87 10 137 15 77 93 45 128 31 6 92 80 132 91 99 83 21 102 109 110 53 114 69 59 97 106 141 84 14 115 29 16 67 71 49 44 24 8 33 
Coste: 9167159
Temperatura: 3.3723354614496053
Probabilidad de aceptación: 0.0
Movimiento: NO



ITERACION 146
Solucion:    63 101 52 90 61 58 11 136 25 55 12 117 135 7 111 32 56 73 81 74 145 54 30 20 121 9 105 4 112 98 85 19 94 48 17 0 65 133 147 100 75 89 79 148 64 146 70 125 138 68 36 143 118 40 47 113 46 78 129 82 37 51 41 34 18 122 149 60 96 123 13 116 42 120 76 5 95 1 35 86 140 144 139 131 130 43 27 3 23 2 72 50 127 66 57 104 142 28 39 107 88 124 134 62 126 108 119 22 38 26 103 87 10 137 15 77 93 45 128 31 6 92 80 132 91 99 83 21 102 109 110 53 114 69 59 97 106 141 84 14 115 29 16 67 71 49 44 24 8 33 
Coste: 9167159
Temperatura: 3.035101915304645
Probabilidad de aceptación: 0.0
Movimiento: NO



ITERACION 147
Solucion:    63 101 52 90 61 58 11 136 25 55 12 117 135 7 111 32 56 73 81 74 145 54 30 20 121 9 105 4 112 98 85 19 94 48 17 0 65 133 147 100 75 89 79 148 64 146 70 125 138 68 36 143 118 40 47 113 46 78 129 82 37 51 41 34 18 122 149 60 96 123 13 116 42 120 76 5 95 1 35 86 140 144 139 131 130 43 27 3 23 2 72 50 127 66 57 104 142 28 39 107 88 124 134 62 126 108 119 22 38 26 103 87 10 137 15 77 93 45 128 31 6 92 80 132 91 99 83 21 102 109 110 53 114 69 59 97 106 141 84 14 115 29 16 67 71 49 44 24 8 33 
Coste: 9167159
Temperatura: 2.7315917237741805
Probabilidad de aceptación: 0.0
Movimiento: NO



ITERACION 148
Solucion:    63 101 52 90 61 58 11 136 25 55 12 117 135 7 111 32 56 73 81 74 145 54 30 20 121 9 105 4 112 98 85 19 94 48 17 0 65 133 147 100 75 89 79 148 64 146 70 125 138 68 36 143 118 40 47 113 46 78 129 82 37 51 41 34 18 122 149 60 96 123 13 116 42 120 76 5 95 1 35 86 140 144 139 131 130 43 27 3 23 2 72 50 127 66 57 104 142 28 39 107 88 124 134 62 126 108 119 22 38 26 103 87 10 137 15 77 93 45 128 31 6 92 80 132 91 99 83 21 102 109 110 53 114 69 59 97 106 141 84 14 115 29 16 67 71 49 44 24 33 8 
Coste: 9166860
Temperatura: 2.4584325513967626
Probabilidad de aceptación: 1.0
Movimiento: SI



ITERACION 149
Solucion:    63 101 52 90 61 58 11 136 25 55 12 117 135 7 111 32 56 73 81 74 145 54 30 20 121 9 105 4 112 98 85 19 94 48 17 0 65 133 147 100 75 89 79 148 64 146 70 125 138 68 36 143 118 40 47 113 46 78 129 82 37 51 41 34 18 122 149 60 96 123 13 116 42 120 76 5 95 1 35 86 140 144 139 131 130 43 27 3 23 2 72 50 127 66 57 104 142 28 39 107 88 124 134 62 126 108 119 22 38 26 103 87 10 137 15 77 93 45 128 31 6 92 80 132 91 99 83 21 102 109 110 53 114 69 59 97 106 141 84 14 115 29 16 67 71 49 44 24 33 8 
Coste: 9166860
Temperatura: 2.2125892962570863
Probabilidad de aceptación: 1.0
Movimiento: SI



