ITERACION 0
Solucion:    83 68 14 19 126 86 58 120 72 35 114 47 56 105 53 133 106 123 115 32 118 54 29 59 90 67 33 94 7 20 9 89 64 141 18 65 37 76 55 0 139 102 1 5 127 70 38 8 146 136 61 85 4 116 23 74 71 25 21 45 62 104 22 10 60 130 99 44 148 103 96 129 81 87 36 26 143 128 28 138 24 2 63 121 131 40 125 149 52 69 11 34 82 13 100 51 112 98 16 41 48 46 15 108 30 107 78 147 92 17 31 95 73 49 101 140 79 119 110 109 84 135 117 66 3 27 97 132 124 134 57 142 93 6 77 91 43 111 145 75 12 39 42 137 50 122 80 144 88 113 
Coste: 9835968
Temperatura: 1.4726979E7
Probabilidad de aceptación: 1.0
Movimiento: SI



ITERACION 1
Solucion:    68 113 83 14 19 126 86 58 120 72 35 114 47 56 105 53 133 106 123 115 32 118 54 29 59 90 67 33 94 7 20 9 89 64 141 18 65 37 76 55 0 139 102 1 5 127 70 38 8 146 136 61 85 4 116 23 74 71 25 21 45 62 104 22 10 60 130 99 44 148 103 96 129 81 87 36 26 143 128 28 138 24 2 63 121 131 40 125 149 52 69 11 34 82 13 100 51 112 98 16 41 48 46 15 108 30 107 78 147 92 17 31 95 73 49 101 140 79 119 110 109 84 135 117 66 3 27 97 132 124 134 57 142 93 6 77 91 43 111 145 75 12 39 42 137 50 122 80 144 88 
Coste: 9859300
Temperatura: 1.32542811E7
Probabilidad de aceptación: 1.0
Movimiento: SI



ITERACION 2
Solucion:    83 68 88 113 14 19 126 86 58 120 72 35 114 47 56 105 53 133 106 123 115 32 118 54 29 59 90 67 33 94 7 20 9 89 64 141 18 65 37 76 55 0 139 102 1 5 127 70 38 8 146 136 61 85 4 116 23 74 71 25 21 45 62 104 22 10 60 130 99 44 148 103 96 129 81 87 36 26 143 128 28 138 24 2 63 121 131 40 125 149 52 69 11 34 82 13 100 51 112 98 16 41 48 46 15 108 30 107 78 147 92 17 31 95 73 49 101 140 79 119 110 109 84 135 117 66 3 27 97 132 124 134 57 142 93 6 77 91 43 111 145 75 12 39 42 137 50 122 80 144 
Coste: 9855012
Temperatura: 1.192885299E7
Probabilidad de aceptación: 1.0
Movimiento: SI



ITERACION 3
Solucion:    113 83 68 144 88 14 19 126 86 58 120 72 35 114 47 56 105 53 133 106 123 115 32 118 54 29 59 90 67 33 94 7 20 9 89 64 141 18 65 37 76 55 0 139 102 1 5 127 70 38 8 146 136 61 85 4 116 23 74 71 25 21 45 62 104 22 10 60 130 99 44 148 103 96 129 81 87 36 26 143 128 28 138 24 2 63 121 131 40 125 149 52 69 11 34 82 13 100 51 112 98 16 41 48 46 15 108 30 107 78 147 92 17 31 95 73 49 101 140 79 119 110 109 84 135 117 66 3 27 97 132 124 134 57 142 93 6 77 91 43 111 145 75 12 39 42 137 50 122 80 
Coste: 9839961
Temperatura: 1.0735967691E7
Probabilidad de aceptación: 1.0
Movimiento: SI



ITERACION 4
Solucion:    88 113 83 68 80 144 14 19 126 86 58 120 72 35 114 47 56 105 53 133 106 123 115 32 118 54 29 59 90 67 33 94 7 20 9 89 64 141 18 65 37 76 55 0 139 102 1 5 127 70 38 8 146 136 61 85 4 116 23 74 71 25 21 45 62 104 22 10 60 130 99 44 148 103 96 129 81 87 36 26 143 128 28 138 24 2 63 121 131 40 125 149 52 69 11 34 82 13 100 51 112 98 16 41 48 46 15 108 30 107 78 147 92 17 31 95 73 49 101 140 79 119 110 109 84 135 117 66 3 27 97 132 124 134 57 142 93 6 77 91 43 111 145 75 12 39 42 137 50 122 
Coste: 9848032
Temperatura: 9662370.9219
Probabilidad de aceptación: 1.0
Movimiento: SI



ITERACION 5
Solucion:    144 88 113 83 68 122 80 14 19 126 86 58 120 72 35 114 47 56 105 53 133 106 123 115 32 118 54 29 59 90 67 33 94 7 20 9 89 64 141 18 65 37 76 55 0 139 102 1 5 127 70 38 8 146 136 61 85 4 116 23 74 71 25 21 45 62 104 22 10 60 130 99 44 148 103 96 129 81 87 36 26 143 128 28 138 24 2 63 121 131 40 125 149 52 69 11 34 82 13 100 51 112 98 16 41 48 46 15 108 30 107 78 147 92 17 31 95 73 49 101 140 79 119 110 109 84 135 117 66 3 27 97 132 124 134 57 142 93 6 77 91 43 111 145 75 12 39 42 137 50 
Coste: 9809150
Temperatura: 8696133.829710001
Probabilidad de aceptación: 1.0
Movimiento: SI



ITERACION 6
Solucion:    80 144 88 113 83 68 50 122 14 19 126 86 58 120 72 35 114 47 56 105 53 133 106 123 115 32 118 54 29 59 90 67 33 94 7 20 9 89 64 141 18 65 37 76 55 0 139 102 1 5 127 70 38 8 146 136 61 85 4 116 23 74 71 25 21 45 62 104 22 10 60 130 99 44 148 103 96 129 81 87 36 26 143 128 28 138 24 2 63 121 131 40 125 149 52 69 11 34 82 13 100 51 112 98 16 41 48 46 15 108 30 107 78 147 92 17 31 95 73 49 101 140 79 119 110 109 84 135 117 66 3 27 97 132 124 134 57 142 93 6 77 91 43 111 145 75 12 39 42 137 
Coste: 9798928
Temperatura: 7826520.446739001
Probabilidad de aceptación: 1.0
Movimiento: SI



ITERACION 7
Solucion:    122 80 144 88 113 83 68 137 50 14 19 126 86 58 120 72 35 114 47 56 105 53 133 106 123 115 32 118 54 29 59 90 67 33 94 7 20 9 89 64 141 18 65 37 76 55 0 139 102 1 5 127 70 38 8 146 136 61 85 4 116 23 74 71 25 21 45 62 104 22 10 60 130 99 44 148 103 96 129 81 87 36 26 143 128 28 138 24 2 63 121 131 40 125 149 52 69 11 34 82 13 100 51 112 98 16 41 48 46 15 108 30 107 78 147 92 17 31 95 73 49 101 140 79 119 110 109 84 135 117 66 3 27 97 132 124 134 57 142 93 6 77 91 43 111 145 75 12 39 42 
Coste: 9793645
Temperatura: 7043868.402065101
Probabilidad de aceptación: 1.0
Movimiento: SI



ITERACION 8
Solucion:    50 122 80 144 88 113 83 68 42 137 14 19 126 86 58 120 72 35 114 47 56 105 53 133 106 123 115 32 118 54 29 59 90 67 33 94 7 20 9 89 64 141 18 65 37 76 55 0 139 102 1 5 127 70 38 8 146 136 61 85 4 116 23 74 71 25 21 45 62 104 22 10 60 130 99 44 148 103 96 129 81 87 36 26 143 128 28 138 24 2 63 121 131 40 125 149 52 69 11 34 82 13 100 51 112 98 16 41 48 46 15 108 30 107 78 147 92 17 31 95 73 49 101 140 79 119 110 109 84 135 117 66 3 27 97 132 124 134 57 142 93 6 77 91 43 111 145 75 12 39 
Coste: 9781384
Temperatura: 6339481.561858591
Probabilidad de aceptación: 1.0
Movimiento: SI



ITERACION 9
Solucion:    137 50 122 80 144 88 113 83 68 39 42 14 19 126 86 58 120 72 35 114 47 56 105 53 133 106 123 115 32 118 54 29 59 90 67 33 94 7 20 9 89 64 141 18 37 65 76 55 0 139 102 1 5 127 70 38 8 146 136 61 85 4 116 23 74 71 21 25 45 62 104 22 10 60 130 99 44 148 103 96 129 81 87 36 26 143 128 28 138 24 2 63 121 131 40 125 149 52 69 11 34 82 13 100 51 112 98 16 41 48 46 15 108 30 107 78 147 92 17 31 95 73 49 101 140 79 119 110 109 84 135 117 66 3 27 97 132 124 134 57 142 93 6 77 91 43 111 145 75 12 
Coste: 9780670
Temperatura: 5705533.405672732
Probabilidad de aceptación: 1.0
Movimiento: SI



ITERACION 10
Solucion:    42 137 50 122 80 144 88 113 83 68 12 39 14 19 126 86 58 120 72 35 114 47 56 105 53 133 106 123 115 32 118 54 29 59 90 67 33 94 7 20 9 89 64 141 18 37 65 76 55 0 139 102 1 5 127 70 38 8 146 136 61 85 4 116 23 74 71 21 25 45 62 104 22 10 60 130 99 44 148 103 96 129 81 87 36 26 143 128 28 138 24 2 63 121 131 40 125 149 52 69 11 34 82 13 100 51 112 98 16 41 48 46 15 108 30 107 78 147 92 17 31 95 73 49 101 140 79 119 110 109 84 135 117 66 3 27 97 132 124 134 57 142 93 6 77 91 43 111 145 75 
Coste: 9807147
Temperatura: 5134980.065105459
Probabilidad de aceptación: 1.0
Movimiento: SI



ITERACION 11
Solucion:    39 42 137 50 122 80 144 88 113 83 68 75 12 14 19 126 86 58 120 72 35 114 47 56 105 53 133 106 123 115 32 118 54 29 59 90 67 33 94 7 20 9 89 64 141 18 37 65 76 55 0 139 102 1 5 127 70 38 8 146 136 61 85 4 116 23 74 71 21 25 45 62 104 22 10 60 130 99 44 148 103 96 129 81 87 36 26 143 128 28 138 24 2 63 121 131 40 125 149 52 69 11 34 82 13 100 51 112 98 16 41 48 46 15 108 30 107 78 147 92 17 31 95 73 49 101 140 79 119 110 109 84 135 117 66 3 27 97 132 124 134 57 142 93 6 77 91 43 111 145 
Coste: 9814410
Temperatura: 4621482.058594913
Probabilidad de aceptación: 1.0
Movimiento: SI



ITERACION 12
Solucion:    12 39 42 137 50 122 80 144 88 113 83 68 145 75 14 19 126 86 58 120 72 35 114 47 56 105 53 133 106 123 115 32 118 54 29 59 90 67 33 94 7 20 9 89 64 141 18 37 65 76 55 0 139 102 1 5 127 70 38 8 146 136 61 85 4 116 23 74 71 21 25 45 62 104 22 10 60 130 99 44 148 103 96 129 81 87 36 26 143 128 28 138 24 2 63 121 131 40 125 149 52 69 11 34 82 13 100 51 112 98 16 41 48 46 15 108 30 107 78 147 92 17 31 95 73 49 101 140 79 119 110 109 84 135 117 66 3 27 97 132 124 134 57 142 93 6 77 91 43 111 
Coste: 9793183
Temperatura: 4159333.852735422
Probabilidad de aceptación: 1.0
Movimiento: SI



ITERACION 13
Solucion:    75 12 39 42 137 50 122 80 144 88 113 83 68 111 145 14 19 126 86 58 120 72 35 114 47 56 105 53 133 106 123 115 32 118 54 29 59 90 67 33 94 7 20 9 89 64 141 18 37 65 76 55 0 139 102 1 5 127 70 38 8 146 136 61 85 4 116 23 74 71 21 25 45 62 104 22 10 60 130 99 44 148 103 96 129 81 87 36 26 143 128 28 138 24 2 63 121 131 40 125 149 52 69 11 34 82 13 100 51 112 98 16 41 48 46 15 108 30 107 78 147 92 17 31 95 73 49 101 140 79 119 110 109 84 135 117 66 3 27 97 132 124 134 57 142 93 6 77 91 43 
Coste: 9798689
Temperatura: 3743400.46746188
Probabilidad de aceptación: 1.0
Movimiento: SI



ITERACION 14
Solucion:    145 75 12 39 42 137 50 122 80 144 88 113 83 68 43 111 14 19 126 86 58 120 72 35 114 47 56 105 53 133 106 123 115 32 118 54 29 59 90 67 33 94 7 20 9 89 64 141 18 37 65 76 55 0 139 102 1 5 127 70 38 8 146 136 61 85 4 116 23 74 71 21 25 45 62 104 22 10 60 130 99 44 148 103 96 129 81 87 36 26 143 128 28 138 24 2 63 121 131 40 125 149 52 69 11 34 82 13 100 51 112 98 16 41 48 46 15 108 30 107 78 147 92 17 31 95 73 49 101 140 79 119 110 109 84 135 117 66 3 27 97 132 124 134 57 142 93 6 77 91 
Coste: 9842835
Temperatura: 3369060.420715692
Probabilidad de aceptación: 1.0
Movimiento: SI



ITERACION 15
Solucion:    111 145 75 12 39 42 137 50 122 80 144 88 113 83 68 91 43 14 19 126 86 58 120 72 35 114 47 56 105 53 133 106 123 115 32 118 54 29 59 90 67 33 94 7 20 9 89 64 141 18 37 65 76 55 0 139 102 1 5 127 70 38 8 146 136 61 85 4 116 23 74 71 21 25 45 62 104 22 10 60 130 99 44 148 103 96 129 81 87 36 26 143 128 28 138 24 2 63 121 131 40 125 149 52 69 11 34 82 13 100 51 112 98 16 41 48 46 15 108 30 107 78 147 92 17 31 95 73 49 101 140 79 119 110 109 84 135 117 66 3 27 97 132 124 134 57 142 93 6 77 
Coste: 9811842
Temperatura: 3032154.3786441227
Probabilidad de aceptación: 1.0
Movimiento: SI



ITERACION 16
Solucion:    43 111 145 75 12 39 42 137 50 122 80 144 88 113 83 68 77 91 14 19 126 86 58 120 72 35 114 47 56 105 53 133 106 123 115 32 118 54 29 59 90 67 33 94 7 20 9 89 64 141 18 37 65 76 55 0 139 102 1 5 127 70 38 8 146 136 61 85 4 116 23 74 71 21 25 45 62 104 22 10 60 130 99 44 148 103 96 129 81 87 36 26 143 128 28 138 24 2 63 121 131 40 125 149 52 69 11 34 82 13 100 51 112 98 16 41 48 46 15 108 30 107 78 147 92 17 31 95 73 49 101 140 79 119 110 109 84 135 117 66 3 27 97 132 124 134 57 142 93 6 
Coste: 9841731
Temperatura: 2728938.9407797107
Probabilidad de aceptación: 1.0
Movimiento: SI



ITERACION 17
Solucion:    91 43 111 145 75 12 39 42 137 50 122 80 144 88 113 83 68 6 77 14 19 126 86 58 120 72 35 114 47 56 105 53 133 106 123 115 32 118 54 29 59 90 67 33 94 7 20 9 89 64 141 18 37 65 76 55 0 139 102 1 5 127 70 38 8 146 136 61 85 4 116 23 74 71 21 25 45 62 104 22 10 60 130 99 44 148 103 96 129 81 87 36 26 143 128 28 138 24 2 63 121 131 40 125 149 52 69 11 34 82 13 100 51 112 98 16 41 48 46 15 108 30 107 78 147 92 17 31 95 73 49 101 140 79 119 110 109 84 135 117 66 3 27 97 132 124 134 57 142 93 
Coste: 9860544
Temperatura: 2456045.0467017395
Probabilidad de aceptación: 1.0
Movimiento: SI



ITERACION 18
Solucion:    77 91 43 111 145 75 12 39 42 137 50 122 80 144 88 113 83 68 93 6 14 19 126 86 58 120 72 35 114 47 56 105 53 133 106 123 115 32 118 54 29 59 90 67 33 94 7 20 9 89 64 141 18 37 65 76 55 0 139 102 1 5 127 70 38 8 146 136 61 85 4 116 23 74 71 21 25 45 62 104 22 10 60 130 99 44 148 103 96 129 81 87 36 26 143 128 28 138 24 2 63 121 131 40 125 149 52 69 11 34 82 13 100 51 112 98 16 41 48 46 15 108 30 107 78 147 92 17 31 95 73 49 101 140 79 119 110 109 84 135 117 66 3 27 97 132 124 134 57 142 
Coste: 9840403
Temperatura: 2210440.5420315657
Probabilidad de aceptación: 1.0
Movimiento: SI



ITERACION 19
Solucion:    6 77 91 43 111 145 75 12 39 42 137 50 122 80 144 88 113 83 68 142 93 14 19 126 86 58 120 72 35 114 47 56 105 53 133 106 123 115 32 118 54 29 59 90 67 33 94 7 20 9 89 64 141 18 37 65 76 55 0 139 102 1 5 127 70 38 8 146 136 61 85 4 116 23 74 71 21 25 45 62 104 22 10 60 130 99 44 148 103 96 129 81 87 36 26 143 128 28 138 24 2 63 121 131 40 125 149 52 69 11 34 82 13 100 51 112 98 16 41 48 46 15 108 30 107 78 147 92 17 31 95 73 49 101 140 79 119 110 109 84 135 117 66 3 27 97 132 124 134 57 
Coste: 9842553
Temperatura: 1989396.487828409
Probabilidad de aceptación: 1.0
Movimiento: SI



ITERACION 20
Solucion:    93 6 77 91 43 111 145 75 12 39 42 137 50 122 80 144 88 113 83 68 57 142 14 19 126 86 58 120 72 35 114 47 56 105 53 133 106 123 115 32 118 54 29 59 90 67 33 94 7 20 9 89 64 141 18 37 65 76 55 0 139 102 1 5 127 70 38 8 146 136 61 85 4 116 23 74 71 21 25 45 62 104 22 10 60 130 99 44 148 103 96 129 81 87 36 26 143 128 28 138 24 2 63 121 131 40 125 149 52 69 11 34 82 13 100 51 112 98 16 41 48 46 15 108 30 78 107 147 92 17 31 95 73 49 101 140 79 119 110 109 84 135 117 66 3 27 97 132 124 134 
Coste: 9822231
Temperatura: 1790456.8390455681
Probabilidad de aceptación: 1.0
Movimiento: SI



ITERACION 21
Solucion:    142 93 6 77 91 43 111 145 75 12 39 42 137 50 122 80 144 88 113 83 68 134 57 14 19 126 86 58 120 72 35 114 47 56 105 53 133 106 123 115 32 118 54 29 59 90 67 33 94 7 20 9 89 64 141 18 37 65 76 55 0 139 102 1 5 127 70 38 8 146 136 61 85 4 116 23 74 71 21 25 45 62 104 22 10 60 130 99 44 148 103 96 129 81 87 36 26 143 128 28 138 24 2 63 121 131 40 125 149 52 69 11 34 82 13 100 51 112 98 16 41 48 46 15 108 30 78 107 147 92 17 31 95 73 49 101 140 79 119 110 109 84 135 117 66 3 27 97 132 124 
Coste: 9820536
Temperatura: 1611411.1551410113
Probabilidad de aceptación: 1.0
Movimiento: SI



ITERACION 22
Solucion:    57 142 93 6 77 91 43 111 145 75 12 39 42 137 50 122 80 144 88 113 83 68 124 134 14 19 126 86 58 120 72 35 114 47 56 105 53 133 106 123 115 32 118 54 59 29 90 67 33 94 7 20 9 89 64 141 18 37 65 76 55 0 139 102 1 5 127 70 38 8 146 136 61 85 4 116 23 74 71 21 25 45 62 104 22 10 60 130 99 44 148 103 96 129 81 87 36 26 143 128 28 138 24 2 63 121 131 40 125 149 52 69 11 34 82 13 100 51 112 98 16 41 48 46 15 108 30 78 107 147 92 17 31 95 73 49 101 140 79 119 110 109 84 135 117 66 3 27 97 132 
Coste: 9807149
Temperatura: 1450270.0396269104
Probabilidad de aceptación: 1.0
Movimiento: SI



ITERACION 23
Solucion:    134 57 142 93 6 77 91 43 111 145 75 12 39 42 137 50 122 80 144 88 113 83 68 132 124 14 19 126 86 58 120 72 35 114 47 56 105 53 133 106 123 115 32 118 54 59 29 90 67 33 94 7 20 9 89 64 141 18 37 65 76 55 0 139 102 1 5 127 70 38 8 146 136 61 85 4 116 23 74 71 21 25 45 62 104 22 10 60 130 99 44 148 103 96 129 81 87 36 26 143 128 28 138 24 2 63 121 131 40 125 149 52 69 11 34 82 13 100 51 112 98 16 41 48 46 15 108 30 78 107 147 92 17 31 95 73 49 101 140 79 119 110 109 84 135 117 66 3 27 97 
Coste: 9814194
Temperatura: 1305243.0356642194
Probabilidad de aceptación: 1.0
Movimiento: SI



ITERACION 24
Solucion:    124 134 57 142 93 6 77 91 43 111 145 75 12 39 42 137 50 122 80 144 88 113 83 68 97 132 14 19 126 86 58 120 72 35 114 47 56 105 53 133 106 123 115 32 118 54 59 29 90 67 33 94 7 20 9 89 64 141 18 37 65 76 55 0 139 102 1 5 127 70 38 8 146 136 61 85 4 116 23 74 71 21 25 45 62 104 22 10 60 130 99 44 148 103 96 129 81 87 36 26 143 128 28 138 24 2 63 121 131 40 125 149 52 69 11 34 82 13 100 51 112 98 16 41 48 46 15 108 30 78 107 147 92 17 31 95 73 49 101 140 79 119 110 109 84 135 117 66 3 27 
Coste: 9796093
Temperatura: 1174718.7320977976
Probabilidad de aceptación: 1.0
Movimiento: SI



ITERACION 25
Solucion:    132 124 134 57 142 93 6 77 91 43 111 145 75 12 39 42 137 50 122 80 144 88 113 83 68 27 97 14 19 126 86 58 120 72 35 114 47 56 105 53 133 106 123 115 32 118 54 59 29 90 67 33 94 7 20 9 89 64 141 18 37 65 76 55 0 139 102 1 5 127 70 38 8 146 136 61 85 4 116 23 74 71 21 25 45 62 104 22 10 60 130 99 44 148 103 96 129 81 87 36 26 143 128 28 138 24 2 63 121 131 40 125 149 52 69 11 34 82 13 100 51 112 98 16 41 48 46 15 108 30 78 107 147 92 17 31 95 73 49 101 140 79 119 110 109 84 135 117 66 3 
Coste: 9814457
Temperatura: 1057246.858888018
Probabilidad de aceptación: 1.0
Movimiento: SI



ITERACION 26
Solucion:    97 132 124 134 57 142 93 6 77 91 43 111 145 75 12 39 42 137 50 122 80 144 88 113 83 68 3 27 14 19 126 86 58 120 72 35 114 47 56 105 53 133 106 123 115 32 118 54 59 29 90 67 33 94 7 20 9 89 64 141 18 37 65 76 55 0 139 102 1 5 127 70 38 8 146 136 61 85 4 116 23 74 71 21 25 45 62 104 22 10 60 130 99 44 148 103 96 129 81 87 36 26 143 128 28 138 24 2 63 121 131 40 125 149 52 69 11 34 82 13 100 51 112 98 16 41 48 46 15 30 108 78 107 147 92 17 31 95 73 49 101 140 79 119 110 109 84 135 117 66 
Coste: 9842299
Temperatura: 951522.1729992161
Probabilidad de aceptación: 1.0
Movimiento: SI



ITERACION 27
Solucion:    27 97 132 124 134 57 142 93 6 77 91 43 111 145 75 12 39 42 137 50 122 80 144 88 113 83 68 66 3 14 19 126 86 58 120 72 35 114 47 56 105 53 133 106 123 115 32 118 54 59 29 90 67 33 94 7 20 9 89 64 141 18 37 65 76 55 0 139 102 1 5 127 70 38 8 146 136 61 85 4 116 23 74 71 21 25 45 62 104 22 10 60 130 99 44 148 103 96 129 81 87 36 26 143 128 28 138 24 2 63 121 131 40 125 149 52 69 11 34 82 13 100 51 112 98 16 41 48 46 15 30 108 78 107 147 92 17 31 95 73 49 101 140 79 119 110 109 84 135 117 
Coste: 9822064
Temperatura: 856369.9556992946
Probabilidad de aceptación: 1.0
Movimiento: SI



ITERACION 28
Solucion:    3 27 97 132 124 134 57 142 93 6 77 91 43 111 145 75 12 39 42 137 50 122 80 144 88 113 83 68 117 66 14 19 126 86 58 120 72 35 114 47 56 105 53 133 106 123 115 32 118 54 59 29 90 67 33 94 7 20 9 89 64 141 18 37 65 76 55 0 139 102 1 5 127 70 38 8 146 136 61 85 4 116 23 74 71 21 25 45 62 104 22 10 60 130 99 44 148 103 96 129 81 87 36 26 143 128 28 138 24 2 63 121 131 40 125 149 52 69 11 34 82 13 100 51 112 98 16 41 48 46 15 30 108 78 107 147 92 17 31 95 73 49 101 140 79 119 110 109 84 135 
Coste: 9791677
Temperatura: 770732.9601293651
Probabilidad de aceptación: 1.0
Movimiento: SI



ITERACION 29
Solucion:    66 3 27 97 132 124 134 57 142 93 6 77 91 43 111 145 75 12 39 42 137 50 122 80 144 88 113 83 68 135 117 14 19 126 86 58 120 72 35 114 47 56 105 53 133 106 123 115 32 118 54 59 29 90 67 33 94 7 20 9 89 64 141 18 37 65 76 55 0 139 102 1 5 127 70 38 8 146 136 61 85 4 116 23 74 71 21 25 45 62 104 22 10 60 130 99 44 148 103 96 129 81 87 36 26 143 128 28 138 24 2 63 121 131 40 125 149 52 69 11 34 82 13 100 51 112 98 16 41 48 46 15 30 108 78 107 147 92 17 31 95 73 49 101 140 79 119 110 109 84 
Coste: 9819982
Temperatura: 693659.6641164286
Probabilidad de aceptación: 1.0
Movimiento: SI



ITERACION 30
Solucion:    117 66 3 27 97 132 124 134 57 142 93 6 77 91 43 111 145 75 12 39 42 137 50 122 80 144 88 113 83 68 84 135 14 19 126 58 86 120 72 35 114 47 56 105 53 133 106 123 115 32 118 54 59 29 90 67 33 94 7 20 9 89 64 141 18 37 65 76 55 0 139 102 1 5 127 70 38 8 146 136 61 85 4 116 23 74 71 21 25 45 62 104 22 10 60 130 99 44 148 103 96 129 81 87 36 26 143 128 28 138 24 2 63 121 131 40 125 149 52 69 11 34 82 13 100 51 112 98 16 41 48 46 15 30 108 78 107 147 92 17 31 95 73 49 101 140 79 119 110 109 
Coste: 9837382
Temperatura: 624293.6977047857
Probabilidad de aceptación: 1.0
Movimiento: SI



ITERACION 31
Solucion:    135 117 66 3 27 97 132 124 134 57 142 93 77 6 91 43 111 145 75 39 12 42 137 50 122 80 144 88 113 83 68 109 84 14 19 126 58 86 120 72 35 114 47 56 105 53 133 106 123 115 32 118 54 59 29 90 67 33 94 7 20 9 89 64 141 18 37 65 76 55 0 139 102 1 5 127 70 38 8 146 136 61 85 4 116 23 74 71 21 25 45 62 104 22 10 60 130 99 44 148 103 96 129 81 87 36 26 143 128 28 138 24 2 63 121 131 40 125 149 52 69 11 34 82 13 100 51 112 98 16 41 48 46 15 30 108 78 107 147 92 17 31 95 73 49 101 140 79 119 110 
Coste: 9815793
Temperatura: 561864.3279343072
Probabilidad de aceptación: 1.0
Movimiento: SI



ITERACION 32
Solucion:    84 135 117 66 3 27 97 132 124 134 57 142 93 77 6 91 43 111 145 75 39 12 42 137 50 122 80 144 88 113 83 68 110 109 14 19 126 58 86 120 35 72 114 47 56 105 53 133 106 123 115 32 118 54 59 29 90 67 33 94 7 20 9 89 64 141 18 37 65 76 55 0 139 102 1 5 127 70 38 8 146 136 61 85 4 116 23 74 71 21 25 45 62 104 22 10 60 130 99 44 148 103 96 129 81 87 36 26 143 128 28 138 24 2 63 121 131 40 125 149 52 69 11 34 82 13 100 51 112 98 16 41 48 46 15 30 108 78 107 147 92 17 31 95 73 49 101 140 79 119 
Coste: 9857984
Temperatura: 505677.89514087647
Probabilidad de aceptación: 1.0
Movimiento: SI



ITERACION 33
Solucion:    109 84 135 117 66 3 27 97 132 124 134 57 142 93 77 6 91 43 111 145 75 39 12 42 137 50 122 80 144 88 113 83 68 119 110 14 19 126 58 86 120 35 72 114 47 56 105 53 133 106 123 115 32 118 54 59 29 90 67 33 94 7 20 9 89 64 141 18 37 65 76 55 0 139 102 1 5 127 70 38 8 146 136 61 85 4 116 23 74 71 21 25 45 62 104 22 10 60 130 99 44 148 103 96 129 81 87 36 26 143 128 28 138 24 2 63 121 131 40 125 149 52 69 11 34 82 13 100 51 112 98 16 41 48 46 15 30 108 78 107 147 92 17 31 95 73 49 101 140 79 
Coste: 9854911
Temperatura: 455110.1056267888
Probabilidad de aceptación: 1.0
Movimiento: SI



ITERACION 34
Solucion:    110 109 84 135 117 66 3 27 97 132 124 134 57 142 93 77 6 91 43 111 145 75 39 12 42 137 50 122 80 144 88 113 83 68 79 119 14 19 126 58 86 120 35 72 114 47 56 105 53 133 106 123 115 32 118 54 59 29 90 67 33 94 7 20 9 89 64 141 18 37 65 76 55 0 139 102 1 5 127 70 38 8 146 136 61 85 4 116 23 74 71 21 25 45 62 104 22 10 60 130 99 44 148 103 96 129 81 87 36 26 143 128 28 138 24 2 63 121 131 40 125 149 52 69 11 34 82 13 100 51 112 98 16 41 48 46 15 30 108 78 107 147 92 17 31 95 73 49 101 140 
Coste: 9859124
Temperatura: 409599.09506410995
Probabilidad de aceptación: 1.0
Movimiento: SI



ITERACION 35
Solucion:    119 110 109 84 135 117 66 3 27 97 132 124 134 57 142 93 77 6 91 43 111 145 75 39 12 42 137 50 122 80 144 88 113 83 68 140 79 14 19 126 58 86 120 35 72 114 47 56 105 53 133 106 123 115 32 118 54 59 29 90 67 33 94 7 20 9 89 64 141 18 37 65 76 55 0 139 102 1 5 127 70 38 8 146 136 61 85 4 116 23 74 71 21 25 45 62 104 22 10 60 130 99 44 148 103 96 129 81 87 36 26 143 128 28 138 24 2 63 121 131 40 125 149 52 69 11 34 82 13 100 51 112 98 16 41 48 46 15 30 108 78 107 147 92 17 31 95 73 49 101 
Coste: 9814003
Temperatura: 368639.18555769895
Probabilidad de aceptación: 1.0
Movimiento: SI



ITERACION 36
Solucion:    79 119 110 109 84 135 117 66 3 27 97 132 124 134 57 142 93 77 6 91 43 111 145 75 39 12 42 137 50 122 80 144 88 113 83 68 101 140 14 19 126 58 86 120 35 72 114 47 56 105 53 133 106 123 115 32 118 54 59 29 90 67 33 94 7 20 9 89 64 141 18 37 65 76 55 139 0 102 1 5 127 70 38 8 146 136 61 85 4 116 23 74 71 21 25 45 62 104 22 10 60 130 99 44 148 103 96 129 81 87 36 26 143 128 28 138 24 2 63 121 131 40 125 149 52 69 11 34 82 13 100 51 112 98 16 41 48 46 15 30 108 78 107 147 92 17 31 95 73 49 
Coste: 9832139
Temperatura: 331775.26700192905
Probabilidad de aceptación: 1.0
Movimiento: SI



ITERACION 37
Solucion:    140 79 119 110 109 84 135 117 66 3 27 97 132 124 134 57 142 93 77 6 91 43 111 145 75 39 12 42 137 50 122 80 144 88 113 83 68 49 101 14 19 126 58 86 120 35 72 114 47 56 105 53 133 106 123 115 32 118 54 59 29 90 67 33 94 7 20 9 89 64 141 18 37 65 76 55 139 0 102 1 5 127 70 38 8 146 136 61 85 4 116 23 74 71 21 25 45 62 104 22 10 60 130 99 44 148 103 96 129 81 87 36 26 143 128 28 138 24 2 63 121 131 40 125 149 52 69 11 34 82 13 100 51 112 98 16 41 48 46 15 30 108 78 107 147 92 17 31 95 73 
Coste: 9799131
Temperatura: 298597.74030173616
Probabilidad de aceptación: 1.0
Movimiento: SI



ITERACION 38
Solucion:    101 140 79 119 110 109 84 135 117 66 3 27 97 132 124 134 57 142 77 93 6 91 43 111 145 75 39 12 42 137 50 122 80 144 88 113 83 68 73 49 14 19 126 58 86 120 35 72 114 47 56 105 53 133 106 123 115 32 118 54 59 29 90 67 33 94 7 20 9 89 64 141 18 37 65 76 55 139 0 102 1 5 127 70 38 8 146 136 61 85 4 116 23 74 71 21 25 45 62 104 22 10 60 130 99 44 148 103 96 129 81 87 36 26 143 128 28 138 24 2 63 121 131 40 125 149 52 69 11 34 82 13 100 51 112 98 16 41 48 46 15 30 108 78 107 147 92 17 31 95 
Coste: 9808609
Temperatura: 268737.96627156256
Probabilidad de aceptación: 1.0
Movimiento: SI



ITERACION 39
Solucion:    49 101 140 79 119 110 109 84 135 117 66 3 27 97 132 124 134 57 142 77 93 6 91 43 111 145 75 39 12 42 137 50 122 80 144 113 88 83 68 95 73 14 19 126 58 86 120 35 72 114 47 56 105 53 133 106 123 115 32 118 54 59 29 90 67 33 94 7 20 9 89 64 141 18 37 65 76 55 139 0 102 1 5 127 70 38 8 146 136 61 85 4 116 23 74 71 21 25 45 62 104 22 10 60 130 99 44 148 103 96 129 81 87 36 26 143 128 28 138 24 2 63 121 131 40 125 149 52 69 11 34 82 13 100 51 112 98 16 41 48 46 15 30 108 78 107 147 92 17 31 
Coste: 9777524
Temperatura: 241864.1696444063
Probabilidad de aceptación: 1.0
Movimiento: SI



ITERACION 40
Solucion:    73 49 101 140 79 119 110 109 84 135 117 66 3 27 97 132 124 134 57 142 77 93 6 91 43 111 145 75 39 12 42 137 50 122 80 144 113 88 83 68 31 95 14 19 126 58 86 120 35 72 47 114 56 105 53 133 106 123 115 32 118 54 59 29 90 67 33 94 7 20 9 89 64 141 18 37 65 76 55 139 0 102 1 5 127 70 38 8 146 136 61 85 4 116 23 74 71 21 25 45 62 104 22 10 60 130 99 44 148 103 96 129 81 87 36 26 143 128 28 138 24 2 63 121 131 40 125 149 52 69 11 34 82 13 100 51 112 98 41 16 48 46 15 30 78 108 107 147 92 17 
Coste: 9791516
Temperatura: 217677.75267996566
Probabilidad de aceptación: 1.0
Movimiento: SI



ITERACION 41
Solucion:    95 73 49 101 140 79 119 110 109 84 135 117 66 3 27 97 132 124 134 57 142 77 93 6 91 43 111 145 75 39 12 42 137 50 122 80 144 113 88 83 68 17 31 14 19 126 58 86 120 35 72 47 114 56 105 53 133 106 123 115 32 118 54 59 29 90 67 33 94 7 20 9 89 64 141 18 37 65 76 55 139 0 102 1 5 127 70 38 8 146 136 61 85 4 116 23 74 71 21 25 45 62 104 22 10 60 130 99 44 148 103 96 129 81 87 36 26 143 128 28 138 24 2 63 121 131 40 125 149 52 69 11 34 82 13 100 51 112 98 41 16 48 46 15 30 78 108 107 147 92 
Coste: 9820981
Temperatura: 195909.9774119691
Probabilidad de aceptación: 1.0
Movimiento: SI



ITERACION 42
Solucion:    31 95 73 49 101 140 79 119 110 109 84 135 117 66 3 27 97 132 124 134 57 142 77 93 6 91 43 111 145 75 39 12 42 137 50 122 80 144 113 88 83 68 92 17 14 19 126 58 86 120 35 72 47 114 56 105 53 133 106 123 115 32 118 54 59 29 90 67 33 94 7 20 9 89 64 141 18 37 65 76 55 139 0 102 1 5 127 70 38 8 146 136 61 85 4 116 23 74 71 21 25 45 62 104 22 10 60 130 99 44 148 103 96 129 81 87 36 26 143 128 28 138 24 2 63 121 131 40 125 149 52 69 11 34 82 13 100 51 112 98 41 16 48 46 15 30 78 108 107 147 
Coste: 9803584
Temperatura: 176318.97967077218
Probabilidad de aceptación: 1.0
Movimiento: SI



ITERACION 43
Solucion:    17 31 95 73 49 101 140 79 119 110 109 84 135 117 66 3 27 97 132 124 134 57 142 77 93 6 91 43 111 145 75 39 12 42 137 50 122 80 144 113 88 83 68 147 92 14 19 58 126 86 120 35 72 47 114 56 105 53 133 106 123 115 32 118 54 29 59 90 67 33 94 7 20 9 89 64 141 18 37 65 76 55 139 0 102 1 5 127 70 38 8 146 136 61 85 4 116 23 74 71 21 25 45 62 104 22 10 60 130 99 44 148 103 96 129 81 87 36 26 143 128 28 138 24 2 63 121 131 40 125 149 52 69 11 34 82 13 100 51 112 98 41 16 48 46 15 30 78 107 108 
Coste: 9773867
Temperatura: 158687.08170369497
Probabilidad de aceptación: 1.0
Movimiento: SI



ITERACION 44
Solucion:    92 17 31 95 73 49 140 101 79 119 110 109 84 135 117 66 3 27 97 132 124 134 57 142 77 93 6 91 43 111 145 75 39 12 42 137 50 122 80 144 113 88 83 68 108 147 14 58 19 126 86 120 35 72 47 114 56 105 53 133 106 123 115 32 118 54 29 59 90 67 33 94 7 20 9 89 64 141 18 37 65 76 55 139 0 102 1 5 127 70 38 8 146 136 61 85 4 116 23 74 71 21 25 45 62 104 22 10 60 130 99 44 148 103 96 129 81 87 36 26 143 128 28 138 24 2 63 121 131 40 125 149 52 69 11 34 82 13 100 51 112 98 41 16 48 46 15 30 78 107 
Coste: 9789691
Temperatura: 142818.37353332547
Probabilidad de aceptación: 1.0
Movimiento: SI



ITERACION 45
Solucion:    147 92 17 31 95 73 49 140 101 79 119 110 109 84 135 117 66 3 27 97 132 124 134 57 142 77 93 6 91 43 111 145 75 39 12 42 137 50 122 80 144 113 88 83 68 107 108 14 58 19 126 86 120 35 72 47 114 56 105 53 133 106 123 115 32 118 54 29 59 90 67 33 94 7 20 9 89 64 141 18 37 65 55 76 139 0 102 1 5 127 70 38 8 146 136 61 85 4 116 23 74 71 21 45 25 62 104 10 22 60 130 99 44 148 103 96 129 81 87 36 26 143 128 28 138 24 2 63 121 131 40 125 149 52 69 11 34 82 13 100 51 112 98 41 16 48 46 15 30 78 
Coste: 9800531
Temperatura: 128536.53617999292
Probabilidad de aceptación: 1.0
Movimiento: SI



ITERACION 46
Solucion:    108 147 92 17 31 95 73 49 140 101 79 119 110 109 84 135 117 66 3 27 97 132 124 134 57 142 77 93 6 91 43 111 145 75 39 12 42 137 50 122 80 144 113 88 83 68 78 107 14 58 19 126 86 120 35 72 47 114 56 105 53 133 106 123 115 32 118 54 29 59 90 33 67 94 7 20 9 89 64 141 18 37 65 55 76 139 102 0 1 5 127 70 38 8 146 136 61 85 4 116 23 74 71 21 45 25 62 104 10 22 60 130 99 148 103 44 96 129 81 87 36 26 143 128 28 138 24 2 63 121 131 40 125 149 52 69 11 34 82 13 100 51 112 41 98 16 48 46 30 15 
Coste: 9828442
Temperatura: 115682.88256199364
Probabilidad de aceptación: 1.0
Movimiento: SI



ITERACION 47
Solucion:    107 108 147 92 17 31 95 73 49 140 101 79 119 110 109 84 135 117 66 3 27 97 132 124 134 57 142 77 93 6 91 43 111 145 75 39 12 42 137 50 122 80 144 113 88 83 68 15 78 14 58 19 126 86 120 35 72 47 114 56 105 53 133 106 123 115 32 118 54 29 59 90 33 67 94 7 20 9 89 64 141 18 37 65 55 76 139 102 0 1 5 127 70 38 8 146 136 61 85 4 116 23 74 71 21 25 45 62 104 10 22 60 130 99 148 103 44 96 129 81 87 36 26 143 128 28 138 24 2 63 121 131 40 125 149 52 69 11 34 82 13 100 51 112 41 98 16 48 46 30 
Coste: 9821974
Temperatura: 104114.59430579428
Probabilidad de aceptación: 1.0
Movimiento: SI



ITERACION 48
Solucion:    78 107 108 147 92 17 31 95 73 49 140 101 79 119 110 109 84 135 117 66 3 27 97 132 134 124 57 142 77 93 6 91 43 111 145 75 39 12 42 137 50 122 80 144 113 88 83 68 30 15 14 58 19 126 86 120 35 47 72 114 56 105 53 133 106 123 115 32 118 54 29 59 90 33 67 94 7 20 9 89 64 141 18 37 65 55 76 139 102 0 1 5 127 70 38 146 8 136 61 4 85 116 23 71 74 21 25 45 62 104 10 22 60 130 99 148 103 44 96 129 81 87 36 26 143 128 28 138 24 2 63 121 131 40 125 149 52 69 11 34 82 13 100 51 112 41 98 16 48 46 
Coste: 9847612
Temperatura: 93703.13487521485
Probabilidad de aceptación: 1.0
Movimiento: SI



ITERACION 49
Solucion:    15 78 107 108 147 92 17 31 95 73 49 140 101 79 119 110 109 84 135 117 66 3 27 97 132 134 124 57 142 77 93 6 91 43 111 145 75 39 42 12 137 50 122 80 144 113 88 83 68 46 30 14 58 19 126 86 120 35 47 72 114 56 105 53 133 106 123 115 32 118 54 29 59 90 33 67 94 7 20 9 89 141 64 18 37 65 55 76 139 102 0 1 5 127 70 38 146 8 136 61 4 85 116 23 71 74 21 25 45 62 104 10 60 22 130 99 148 103 44 96 129 81 87 36 26 143 128 28 138 24 2 63 121 131 125 40 149 52 69 11 34 82 13 100 112 51 41 98 16 48 
Coste: 9854866
Temperatura: 84332.82138769336
Probabilidad de aceptación: 1.0
Movimiento: SI



ITERACION 50
Solucion:    30 15 78 107 108 147 92 17 31 95 73 49 140 101 79 119 110 109 84 135 117 66 3 27 97 132 134 124 57 142 77 6 93 91 43 111 145 75 39 42 12 137 50 122 80 144 113 88 83 68 48 46 14 58 19 126 86 120 35 47 72 114 56 105 53 133 106 123 32 115 118 54 29 59 90 33 67 94 7 20 9 89 141 64 18 37 65 55 76 139 102 0 1 5 127 70 38 146 8 136 61 4 85 116 23 71 74 21 25 45 62 104 10 60 22 130 99 148 103 44 96 129 81 87 36 26 143 128 28 138 24 2 63 121 131 125 40 149 52 69 11 34 82 13 100 112 51 41 98 16 
Coste: 9805834
Temperatura: 75899.53924892402
Probabilidad de aceptación: 1.0
Movimiento: SI



ITERACION 51
Solucion:    46 30 15 78 107 108 147 92 17 31 95 73 49 140 101 119 79 110 109 84 135 117 66 3 27 97 132 134 124 57 142 77 6 93 91 43 111 145 75 39 42 12 137 50 122 80 144 113 88 83 68 16 48 14 58 19 126 86 120 35 47 72 114 56 105 53 133 106 123 32 115 118 54 29 59 90 33 67 94 7 20 9 89 141 64 18 37 65 55 76 139 102 0 1 5 127 70 38 146 8 136 61 4 85 116 23 71 74 21 25 45 62 104 10 60 22 130 99 148 103 44 96 129 81 87 36 26 143 128 28 138 24 2 63 121 131 125 40 149 52 69 11 34 82 13 100 112 51 41 98 
Coste: 9801747
Temperatura: 68309.58532403162
Probabilidad de aceptación: 1.0
Movimiento: SI



ITERACION 52
Solucion:    46 30 48 15 78 107 108 147 92 17 31 95 73 49 140 101 119 79 110 109 84 135 117 66 3 27 97 132 134 124 57 142 77 6 93 91 43 111 145 75 39 42 12 137 50 122 80 144 113 88 83 68 98 16 14 58 19 126 86 120 35 47 72 114 56 105 53 133 106 123 32 115 118 54 29 59 90 33 67 94 7 20 9 89 141 64 18 37 65 55 76 139 102 1 0 5 127 70 38 146 8 136 61 4 85 116 23 71 74 21 25 45 62 104 10 60 22 130 99 148 103 44 96 129 81 36 87 26 143 128 28 138 24 2 63 121 131 125 40 149 52 69 11 34 82 13 100 112 51 41 
Coste: 9813682
Temperatura: 61478.62679162846
Probabilidad de aceptación: 1.0
Movimiento: SI



ITERACION 53
Solucion:    16 46 30 48 15 78 107 108 147 92 17 31 95 73 49 101 140 119 79 110 109 84 135 117 66 3 27 97 132 134 124 57 142 77 6 93 91 43 111 145 75 39 42 12 137 50 122 80 144 113 88 83 68 41 98 14 58 19 126 86 120 35 47 72 114 56 105 53 133 106 123 32 115 118 54 29 59 90 33 67 94 7 20 9 89 141 64 18 37 65 55 76 139 102 1 0 5 127 70 38 146 8 136 61 4 85 116 23 71 74 21 25 45 62 104 10 60 22 130 99 148 103 44 96 129 81 36 87 26 143 28 128 138 24 2 63 121 131 125 40 149 52 69 11 34 82 13 100 112 51 
Coste: 9775261
Temperatura: 55330.764112465615
Probabilidad de aceptación: 1.0
Movimiento: SI



ITERACION 54
Solucion:    98 16 46 30 48 15 78 107 108 147 92 17 31 95 73 49 101 140 119 79 110 109 84 135 117 66 3 27 97 134 132 124 57 142 77 6 93 91 43 111 145 75 39 42 12 137 50 122 80 144 113 88 83 68 51 41 14 58 19 126 86 120 35 47 72 114 56 105 53 133 106 123 32 115 118 54 29 59 90 33 67 94 7 20 9 89 141 64 18 37 65 55 76 139 1 102 0 5 127 70 38 146 8 136 61 4 85 116 23 71 74 21 25 45 62 104 10 60 22 130 99 148 103 44 96 129 81 36 87 26 143 28 128 138 24 2 63 121 131 125 40 149 52 69 11 34 82 13 100 112 
Coste: 9758773
Temperatura: 49797.68770121905
Probabilidad de aceptación: 1.0
Movimiento: SI



ITERACION 55
Solucion:    41 98 16 46 30 48 78 15 107 108 147 92 17 31 95 73 49 101 140 119 79 110 109 84 135 117 66 3 97 27 134 132 124 57 142 77 6 93 91 43 111 145 75 39 42 12 137 50 122 144 80 113 88 83 68 112 51 14 58 19 126 86 120 35 47 72 114 56 105 53 133 106 123 32 115 118 54 29 59 90 33 67 94 7 20 9 89 141 64 37 18 65 55 76 139 1 102 0 5 127 70 38 146 8 136 4 61 85 116 23 71 74 21 25 45 62 104 10 60 22 130 99 148 103 44 96 129 81 36 87 26 143 28 128 138 24 2 63 121 131 125 40 149 52 11 69 34 82 13 100 
Coste: 9792742
Temperatura: 44817.91893109715
Probabilidad de aceptación: 1.0
Movimiento: SI



ITERACION 56
Solucion:    51 41 98 46 16 30 48 78 15 107 108 147 92 17 31 95 73 49 101 140 119 79 110 109 84 135 117 66 3 97 134 132 27 124 57 142 77 6 93 91 43 111 145 75 39 42 137 12 50 122 144 80 113 88 83 68 100 112 14 58 19 126 86 120 47 35 72 114 56 105 53 133 106 123 32 118 115 54 29 59 90 33 67 94 7 20 9 89 141 64 37 18 65 55 76 139 1 102 0 5 127 70 38 146 8 136 4 61 85 116 23 71 74 21 25 45 104 62 10 60 22 130 99 103 148 44 96 129 81 36 87 26 143 28 128 138 24 2 63 121 131 125 40 149 52 11 69 34 82 13 
Coste: 9802733
Temperatura: 40336.12703798743
Probabilidad de aceptación: 1.0
Movimiento: SI



ITERACION 57
Solucion:    112 51 41 98 46 16 30 48 78 15 107 108 147 92 17 31 95 73 49 101 140 119 79 110 109 84 135 117 66 3 97 134 132 27 124 57 142 77 6 93 91 43 111 145 75 39 137 42 12 50 122 144 80 113 88 83 68 13 100 14 58 19 126 86 120 47 35 72 114 56 105 53 133 106 123 32 118 115 54 29 59 90 33 67 94 7 20 9 89 141 64 37 18 65 55 76 139 1 102 0 5 127 70 146 8 38 136 4 61 85 116 23 71 74 21 25 45 104 62 10 60 22 130 103 99 148 44 96 129 81 36 87 26 143 28 128 138 24 2 63 121 131 125 40 149 52 11 69 34 82 
Coste: 9789688
Temperatura: 36302.514334188694
Probabilidad de aceptación: 1.0
Movimiento: SI



ITERACION 58
Solucion:    100 112 51 41 98 46 16 30 48 78 15 107 108 147 17 92 31 73 95 49 101 140 119 79 110 109 84 135 117 66 3 97 134 132 27 57 124 142 77 6 93 91 43 111 145 75 137 39 42 12 50 122 144 80 113 88 83 68 82 13 14 58 126 86 19 120 47 35 72 114 56 105 53 133 106 32 123 118 115 54 29 59 90 33 67 94 7 20 9 89 141 64 37 18 65 55 139 76 1 102 0 5 127 70 146 8 38 136 4 61 85 23 116 71 74 21 25 45 104 62 10 60 22 130 103 99 148 44 129 96 36 81 87 26 143 28 128 138 24 2 63 121 131 125 149 40 52 11 69 34 
Coste: 9759703
Temperatura: 32672.262900769827
Probabilidad de aceptación: 1.0
Movimiento: SI



ITERACION 59
Solucion:    13 100 112 51 41 98 46 16 30 48 78 15 107 108 147 17 92 31 73 95 49 101 140 119 79 110 109 84 135 117 66 3 134 97 132 57 27 124 142 77 6 93 91 43 111 75 137 145 39 42 12 122 144 50 80 113 88 83 68 69 82 14 58 126 86 120 19 47 35 114 56 72 105 53 133 106 32 118 115 54 29 59 123 90 33 67 7 94 20 9 89 141 64 37 18 65 139 76 55 1 102 0 5 127 70 146 8 38 4 61 136 85 23 116 71 74 21 25 45 104 62 60 22 10 103 130 99 148 44 129 96 36 81 87 143 26 28 128 138 24 2 63 131 121 125 149 40 52 11 34 
Coste: 9782279
Temperatura: 29405.036610692845
Probabilidad de aceptación: 0.9096661107985224
Movimiento: NO



ITERACION 60
Solucion:    82 13 100 112 51 41 98 46 16 30 48 78 15 107 147 108 17 92 31 73 95 49 101 140 119 79 110 109 135 117 84 66 3 134 97 57 132 27 124 142 77 6 93 91 43 111 75 137 145 39 42 12 122 144 50 113 80 88 83 68 34 69 14 58 126 120 86 19 47 35 114 56 72 105 53 133 106 32 118 115 54 29 123 59 90 33 67 7 94 20 9 89 141 64 37 18 65 139 76 1 55 102 0 5 70 127 146 8 38 4 61 136 85 23 116 71 74 21 25 45 104 62 60 22 10 103 130 99 148 129 96 44 36 81 87 143 26 28 128 138 24 2 63 131 121 125 149 40 52 11 
Coste: 9757885
Temperatura: 26464.53294962356
Probabilidad de aceptación: 1.0
Movimiento: SI



ITERACION 61
Solucion:    69 82 13 100 112 51 41 98 46 30 16 48 78 15 147 107 108 17 92 31 73 95 49 101 140 119 79 109 110 117 135 84 66 3 134 97 57 27 124 132 77 142 6 93 91 43 111 75 137 145 39 42 12 144 122 50 113 80 83 68 88 11 34 14 58 120 126 19 86 47 35 114 56 72 105 53 133 106 32 118 115 54 29 123 59 90 67 33 7 20 94 9 89 64 141 37 18 65 139 76 1 55 102 0 70 5 127 146 8 38 4 61 136 85 23 116 71 74 21 25 45 104 62 60 22 10 103 130 99 148 129 96 44 36 81 87 143 26 28 128 138 24 2 63 131 121 125 149 40 52 
Coste: 9774553
Temperatura: 23818.079654661204
Probabilidad de aceptación: 1.0
Movimiento: SI



ITERACION 62
Solucion:    34 69 82 13 100 112 41 51 98 46 30 16 48 78 147 15 107 108 17 92 31 73 95 49 101 140 119 79 109 110 117 84 135 66 3 134 97 57 27 124 132 77 142 6 93 91 43 111 75 137 145 39 42 12 144 122 50 113 80 68 83 88 52 11 14 58 120 126 19 47 35 114 56 72 86 105 53 133 106 32 118 115 54 29 123 59 90 67 33 7 20 94 9 89 64 141 37 18 65 139 76 1 102 55 0 70 5 127 146 8 38 4 61 136 85 23 71 116 21 74 25 45 104 62 60 22 10 103 130 99 148 129 96 44 36 81 87 143 26 28 128 138 24 63 131 121 125 149 40 2 
Coste: 9828010
Temperatura: 21436.271689195084
Probabilidad de aceptación: 1.0
Movimiento: SI



ITERACION 63
Solucion:    11 69 34 82 13 100 41 112 51 98 30 16 46 48 147 78 15 107 108 17 92 31 73 95 49 101 140 119 79 109 110 117 84 135 66 3 134 57 97 27 124 132 77 142 6 93 91 43 111 75 137 145 39 42 12 144 122 50 113 68 80 83 88 2 52 14 58 120 126 47 19 35 114 56 72 86 105 53 106 133 32 118 115 54 29 123 59 90 67 7 33 20 94 9 89 64 141 37 18 65 139 1 76 102 55 0 70 5 127 146 8 38 4 61 85 136 23 71 21 116 74 25 104 62 45 60 22 103 10 130 99 148 129 96 36 44 81 87 143 26 28 128 138 24 63 131 121 125 149 40 
Coste: 9790259
Temperatura: 19292.644520275575
Probabilidad de aceptación: 1.0
Movimiento: SI



ITERACION 64
Solucion:    52 69 11 82 34 13 100 41 51 112 98 30 16 46 48 147 15 78 108 107 17 92 31 73 95 49 101 140 119 79 109 110 117 84 135 66 3 134 57 97 27 124 77 132 6 142 93 91 43 111 75 137 145 39 42 12 144 122 50 68 80 113 83 88 40 2 14 58 120 47 19 35 126 114 72 56 86 105 53 106 133 32 118 115 54 29 123 59 90 67 33 7 20 94 9 89 64 141 37 18 65 139 1 76 102 55 70 0 5 127 146 8 38 4 61 85 136 23 21 71 116 74 25 104 62 60 45 22 103 10 99 148 130 129 96 36 44 81 87 143 26 28 128 138 24 131 63 121 125 149 
Coste: 9799696
Temperatura: 17363.380068248018
Probabilidad de aceptación: 1.0
Movimiento: SI



ITERACION 65
Solucion:    2 52 69 82 11 34 13 41 51 112 100 30 98 16 46 48 147 15 78 108 107 17 92 31 73 95 101 49 140 119 79 109 117 110 84 135 66 3 134 57 27 97 124 77 132 6 142 93 91 43 111 75 137 145 42 39 144 12 122 68 50 80 113 83 88 149 40 14 58 120 47 19 35 126 114 72 56 86 105 53 106 133 32 118 115 54 123 29 59 67 33 90 20 7 94 9 89 64 141 37 18 65 139 1 76 102 55 70 5 0 127 146 8 38 4 61 85 23 136 21 71 74 25 116 104 60 62 45 22 103 10 99 148 130 129 96 36 44 81 87 143 26 28 138 128 131 24 63 125 121 
Coste: 9772641
Temperatura: 15627.042061423217
Probabilidad de aceptación: 1.0
Movimiento: SI



ITERACION 66
Solucion:    40 2 69 82 52 11 34 13 51 41 112 30 100 98 16 46 147 48 15 78 108 17 92 31 73 107 101 95 49 140 119 79 109 117 84 110 135 66 3 57 27 134 97 124 77 132 6 142 93 91 43 111 75 137 145 42 144 12 122 68 50 80 39 113 83 88 121 149 14 58 120 19 47 35 126 114 72 56 86 105 53 106 133 32 118 115 54 123 59 29 67 33 90 20 7 94 9 89 64 37 141 65 139 18 1 76 102 55 70 5 0 127 146 8 38 4 61 85 23 136 71 21 74 25 116 104 60 62 45 22 103 10 99 148 129 130 96 36 44 81 87 143 26 28 138 128 131 24 125 63 
Coste: 9783012
Temperatura: 14064.337855280895
Probabilidad de aceptación: 1.0
Movimiento: SI



ITERACION 67
Solucion:    149 40 2 69 82 52 11 34 13 51 41 112 30 100 98 16 46 147 48 15 78 17 108 92 73 31 107 101 95 49 119 140 79 109 117 84 135 110 66 3 57 27 134 97 124 77 132 6 142 93 91 43 111 75 137 145 42 144 12 68 122 50 39 80 113 83 88 63 121 14 58 120 19 47 35 114 72 126 56 86 105 53 106 133 32 118 115 54 123 59 29 67 33 20 90 7 94 9 64 37 89 141 65 139 1 76 102 18 55 70 5 127 146 8 0 38 4 61 85 23 136 71 21 74 25 116 104 60 62 22 103 45 10 99 148 129 96 36 44 81 130 87 143 28 26 138 128 131 125 24 
Coste: 9778634
Temperatura: 12657.904069752805
Probabilidad de aceptación: 1.0
Movimiento: SI



ITERACION 68
Solucion:    121 149 40 2 82 69 52 11 34 13 51 112 30 41 100 98 16 46 147 48 15 78 17 108 92 73 31 101 95 107 49 119 79 109 117 84 140 135 66 110 3 27 57 97 124 77 134 132 6 142 93 91 43 111 75 137 145 42 144 12 68 122 39 80 50 113 83 88 24 63 14 58 19 120 47 114 35 72 126 56 86 53 105 106 133 32 118 115 54 59 123 29 67 20 33 90 7 94 64 37 9 141 65 89 139 76 102 1 18 55 70 127 5 146 8 0 38 4 61 85 136 71 23 21 25 74 104 116 60 62 22 103 45 10 99 148 96 36 129 81 44 87 130 143 28 26 138 128 125 131 
Coste: 9756416
Temperatura: 11392.113662777525
Probabilidad de aceptación: 1.0
Movimiento: SI



ITERACION 69
Solucion:    63 121 149 40 2 82 69 52 11 34 13 51 112 30 41 98 16 100 147 48 46 15 78 17 108 92 73 101 31 95 107 49 79 119 109 117 84 135 140 66 110 3 27 97 57 124 77 132 6 134 142 93 91 43 111 75 137 145 42 144 68 12 122 80 39 50 113 83 88 131 14 58 24 19 120 47 114 72 35 56 86 53 126 106 105 133 32 118 115 59 123 54 29 67 20 33 90 7 94 64 37 9 141 65 89 139 76 102 1 18 70 55 127 5 146 8 0 4 38 61 136 85 71 23 25 21 104 74 60 116 22 62 103 45 99 10 148 36 96 81 44 87 129 130 28 143 26 138 125 128 
Coste: 9706443
Temperatura: 10252.902296499773
Probabilidad de aceptación: 1.0
Movimiento: SI



ITERACION 70
Solucion:    14 63 121 149 40 2 82 69 52 11 34 13 112 51 30 98 41 16 100 147 48 15 46 78 17 92 108 73 101 31 95 49 107 79 109 119 117 84 135 140 66 110 3 27 97 57 77 132 6 124 142 134 93 91 43 111 75 137 145 42 68 144 122 80 12 39 50 113 83 88 138 131 58 24 19 47 120 114 72 35 56 86 53 106 126 105 133 32 118 59 123 115 54 29 67 20 33 90 7 94 64 37 9 141 65 139 76 102 89 1 18 70 55 5 127 146 8 0 4 61 136 85 71 23 38 25 21 104 60 74 116 22 103 45 99 10 62 148 36 96 81 87 44 129 28 143 130 26 125 128 
Coste: 9678728
Temperatura: 9227.612066849795
Probabilidad de aceptación: 0.781328660037086
Movimiento: NO



ITERACION 71
Solucion:    14 63 121 149 131 2 82 40 69 52 11 34 13 112 51 98 30 41 16 147 100 48 15 46 78 17 92 73 108 101 95 31 49 79 107 109 117 119 84 135 66 140 110 3 27 57 97 77 132 6 124 142 134 93 91 43 111 75 137 42 145 68 144 122 80 12 39 50 83 113 88 128 138 58 19 24 47 114 72 120 35 56 86 53 106 126 105 133 32 118 123 115 54 29 67 20 33 59 90 7 94 64 37 141 9 139 76 102 65 89 1 70 55 18 5 127 146 8 4 61 0 136 71 85 23 25 38 21 104 60 74 22 116 103 45 10 62 99 36 96 81 148 87 44 129 28 143 130 26 125 
Coste: 9715938
Temperatura: 8304.850860164815
Probabilidad de aceptación: 1.0
Movimiento: SI



ITERACION 72
Solucion:    14 63 121 149 138 2 82 40 131 69 52 11 34 112 13 51 98 30 41 147 16 48 15 100 78 46 17 92 73 101 108 95 31 79 107 109 117 49 119 84 135 66 110 3 140 27 57 77 97 6 132 124 142 93 91 134 43 111 75 137 145 68 42 122 144 80 39 50 12 83 113 88 125 128 19 58 47 24 114 72 35 120 56 53 86 106 126 105 133 32 123 115 54 29 67 20 33 59 90 118 7 94 64 37 141 139 9 102 76 89 1 70 65 55 18 5 127 8 146 4 61 0 136 71 85 25 23 21 104 60 74 38 22 116 103 10 62 45 36 96 99 81 148 87 44 28 129 143 26 130 
Coste: 9719376
Temperatura: 7474.365774148334
Probabilidad de aceptación: 1.0
Movimiento: SI



ITERACION 73
Solucion:    128 14 63 121 149 138 2 82 40 69 131 52 11 34 112 51 13 98 30 147 41 48 15 100 78 46 16 92 17 73 108 95 101 79 31 109 117 49 107 119 135 66 84 110 3 140 27 77 57 6 132 97 124 142 93 91 43 134 111 75 145 68 42 122 144 137 80 50 39 83 113 88 12 130 125 19 58 47 114 24 72 35 120 53 56 106 86 105 126 32 123 115 54 29 67 20 33 133 59 90 7 118 64 94 37 139 9 102 76 89 1 70 65 141 55 18 5 8 127 146 61 0 136 71 85 25 23 21 104 60 74 4 38 22 116 103 10 62 36 45 96 81 148 87 99 28 44 129 143 26 
Coste: 9690689
Temperatura: 6726.9291967335
Probabilidad de aceptación: 1.0
Movimiento: SI



ITERACION 74
Solucion:    128 14 63 121 149 125 2 82 138 69 40 131 11 52 112 51 13 98 30 147 41 34 48 15 100 78 46 16 92 17 108 95 101 79 31 109 117 49 107 73 119 66 135 84 110 3 140 77 27 6 132 57 124 142 97 93 91 43 134 75 111 145 42 122 68 144 137 50 39 83 113 80 88 130 129 19 58 47 114 24 72 35 12 53 120 56 106 86 105 126 123 115 54 29 67 20 33 32 59 90 7 133 118 64 94 37 139 102 76 89 9 1 70 65 141 55 18 5 8 127 146 61 136 71 85 25 0 23 104 21 60 74 4 22 116 103 10 62 36 38 96 81 45 148 87 28 99 44 143 26 
Coste: 9679008
Temperatura: 6054.23627706015
Probabilidad de aceptación: 0.22156397063984476
Movimiento: NO



ITERACION 75
Solucion:    19 128 14 63 149 121 2 82 125 69 40 131 11 52 112 51 13 98 30 147 41 138 34 15 48 100 78 16 46 92 17 108 95 79 101 31 109 117 49 73 119 66 135 84 107 110 3 140 77 27 132 57 6 124 142 93 91 43 97 75 134 111 145 42 122 68 144 137 39 83 113 50 88 130 129 81 80 47 58 114 24 35 12 53 120 56 106 72 105 126 123 86 115 54 29 20 33 32 59 90 7 133 118 64 94 67 139 37 102 89 76 1 9 70 65 141 55 18 8 127 5 61 136 71 85 146 25 0 23 104 60 74 4 22 116 21 103 10 62 36 96 38 45 148 87 28 99 44 143 26 
Coste: 9644495
Temperatura: 5448.812649354136
Probabilidad de aceptación: 0.03334855306475053
Movimiento: NO



ITERACION 76
Solucion:    19 128 80 63 14 149 2 82 121 125 40 131 69 52 11 112 51 98 30 13 147 41 138 15 34 48 100 16 46 78 92 17 108 79 101 95 31 109 117 73 119 66 135 84 49 110 3 107 140 27 77 57 132 124 6 93 142 43 97 75 91 134 111 145 42 68 144 137 122 83 113 50 88 130 129 39 26 81 47 58 114 24 35 12 53 56 120 106 105 126 72 123 86 54 29 115 20 33 32 90 7 133 118 64 59 67 139 94 37 89 102 76 9 1 70 141 55 18 8 127 5 65 136 61 71 85 146 25 0 104 60 74 23 22 116 4 103 21 10 36 62 96 38 148 87 28 99 44 143 45 
Coste: 9655126
Temperatura: 4903.931384418723
Probabilidad de aceptación: 1.0
Movimiento: SI



ITERACION 77
Solucion:    81 19 128 63 14 149 80 82 2 125 121 131 40 69 11 52 112 98 51 30 13 41 147 138 15 48 34 16 46 100 78 92 17 108 79 101 31 95 109 73 119 66 135 84 49 117 3 110 107 27 140 57 77 124 132 93 142 43 97 75 6 91 134 111 145 42 68 137 144 83 113 50 122 130 88 129 39 45 26 47 58 24 35 12 114 56 53 120 105 126 106 72 123 86 54 29 115 33 32 90 7 133 118 64 20 59 67 139 37 94 102 89 9 76 70 141 55 1 8 127 5 18 136 61 71 85 65 25 146 104 0 60 74 22 116 23 103 4 21 36 10 62 96 148 87 28 99 44 38 143 
Coste: 9653336
Temperatura: 4413.538245976851
Probabilidad de aceptación: 1.0
Movimiento: SI



ITERACION 78
Solucion:    81 19 26 128 63 14 149 82 2 125 121 131 40 69 11 80 52 98 112 30 51 41 147 13 15 48 138 16 46 34 78 92 17 100 108 101 79 31 95 73 119 66 135 84 49 109 117 3 110 27 140 57 77 124 132 93 107 43 97 75 6 91 142 134 145 111 42 137 144 83 68 113 50 130 88 129 122 39 10 45 47 58 35 12 114 56 24 120 105 126 53 106 72 123 86 54 29 115 33 32 90 7 133 118 64 20 59 139 67 37 102 94 89 9 76 70 141 55 8 127 1 5 136 61 18 71 85 25 146 104 65 60 0 22 116 74 103 23 4 36 21 62 96 148 87 28 99 44 38 143 
Coste: 9613735
Temperatura: 3972.1844213791655
Probabilidad de aceptación: 6.511509168091046E-4
Movimiento: NO



ITERACION 79
Solucion:    45 19 81 128 63 26 14 82 2 149 125 121 131 69 11 40 80 52 98 112 30 41 51 13 15 48 138 16 46 34 78 92 17 100 147 101 79 31 108 73 119 66 135 84 49 95 117 3 109 110 27 140 57 77 124 93 132 43 97 75 6 107 91 142 145 111 42 137 144 83 68 113 50 134 88 129 130 122 39 65 10 47 35 12 58 56 24 120 105 126 114 53 72 106 123 86 54 29 115 33 32 90 133 7 118 20 59 64 139 67 37 102 94 89 9 76 141 55 8 127 70 5 136 1 61 71 18 25 85 146 104 60 0 22 116 74 103 23 4 36 21 62 96 148 87 28 99 44 38 143 
Coste: 9568031
Temperatura: 3574.965979241249
Probabilidad de aceptación: 1.5038354995400543E-4
Movimiento: NO



ITERACION 80
Solucion:    10 19 81 45 63 128 26 82 2 14 125 149 121 131 11 40 80 69 52 98 112 41 30 13 51 48 15 16 46 138 78 92 17 34 100 101 79 147 31 73 119 66 108 84 49 135 95 3 117 109 110 27 57 140 77 93 124 43 97 75 6 132 107 91 142 145 42 111 144 137 83 68 113 134 88 50 129 130 122 39 62 65 35 12 58 56 24 120 105 126 114 53 72 47 106 123 86 29 54 115 33 32 90 133 118 20 59 64 139 67 7 102 37 94 89 76 9 55 8 127 141 70 136 5 1 61 71 18 25 146 104 60 85 22 116 74 0 103 23 36 4 21 96 148 87 28 99 44 38 143 
Coste: 9548926
Temperatura: 3217.4693813171243
Probabilidad de aceptación: 0.004538158627645341
Movimiento: NO



ITERACION 81
Solucion:    65 19 81 10 63 45 128 82 2 26 14 125 149 131 11 40 80 69 52 98 112 41 121 13 30 48 51 16 46 15 78 92 17 34 100 101 79 147 31 73 119 66 108 84 49 135 95 3 117 109 110 27 138 57 77 93 140 43 97 75 6 132 107 91 124 145 142 42 144 111 83 68 137 134 88 50 129 113 122 39 130 21 62 12 35 56 58 24 105 126 114 53 72 120 106 123 47 86 29 54 115 32 90 33 118 20 59 64 133 67 139 7 102 37 94 76 89 55 8 127 141 9 136 5 70 1 71 61 25 146 104 60 85 22 116 74 0 103 23 36 18 4 96 148 87 28 99 44 38 143 
Coste: 9546970
Temperatura: 2895.722443185412
Probabilidad de aceptación: 0.0019399876440281448
Movimiento: NO



ITERACION 82
Solucion:    65 19 81 62 63 10 45 128 2 82 14 125 26 131 11 40 80 69 52 98 112 149 41 13 30 48 51 16 46 121 78 92 17 15 100 101 79 34 147 31 119 73 66 84 49 135 95 3 117 108 110 109 27 138 57 93 77 43 97 75 6 132 107 91 124 145 140 142 144 42 83 111 137 68 134 50 129 113 122 39 88 130 38 21 12 56 35 58 105 126 114 53 72 24 106 123 120 86 47 29 115 54 90 32 118 33 20 59 64 67 139 7 133 37 94 76 102 55 8 127 141 9 136 89 5 70 1 71 61 25 146 104 60 22 85 74 0 103 23 36 116 18 96 148 87 28 4 99 44 143 
Coste: 9529378
Temperatura: 2606.150198866871
Probabilidad de aceptación: 0.14620296088954263
Movimiento: NO



ITERACION 83
Solucion:    21 19 81 65 63 10 45 128 2 82 14 125 26 131 11 40 80 69 52 98 112 149 41 13 62 30 48 16 46 51 78 92 17 15 100 121 101 79 34 31 119 73 66 84 49 135 95 3 117 108 110 109 147 27 57 93 138 43 97 77 6 132 107 91 124 145 75 142 144 42 83 111 137 68 134 50 129 113 122 39 88 130 140 18 38 12 56 35 105 126 58 53 72 114 106 123 24 120 86 29 115 47 90 32 118 33 20 59 64 67 54 139 7 37 133 76 94 102 8 127 141 9 136 89 5 70 1 71 61 25 146 104 60 22 85 74 0 103 23 36 116 55 96 148 87 28 4 99 44 143 
Coste: 9515121
Temperatura: 2345.535178980184
Probabilidad de aceptación: 0.0036994358789011884
Movimiento: NO



ITERACION 84
Solucion:    21 19 81 65 63 38 10 45 128 2 82 14 125 26 11 40 80 69 52 98 112 149 41 13 62 30 48 16 46 51 78 92 17 15 100 121 101 79 34 31 119 73 66 84 49 135 95 3 117 108 110 109 147 27 57 93 131 138 43 97 6 132 107 91 77 145 124 75 144 142 83 111 137 42 68 134 129 113 122 39 50 88 130 140 44 18 12 56 105 35 58 53 72 114 106 123 24 120 86 126 115 29 90 32 118 47 20 33 59 67 64 139 54 7 37 76 133 94 8 127 141 9 136 89 102 5 1 71 70 25 61 146 104 22 85 74 0 103 23 36 116 60 96 148 87 28 4 99 55 143 
Coste: 9510514
Temperatura: 2110.9816610821654
Probabilidad de aceptación: 0.22983216531220807
Movimiento: NO



ITERACION 85
Solucion:    21 19 81 65 63 18 10 45 128 2 82 14 125 38 26 40 80 69 52 98 11 112 149 41 13 30 48 16 46 51 78 92 17 62 15 100 121 79 101 34 119 73 31 84 66 135 95 3 117 108 110 109 49 27 147 57 93 131 43 97 6 132 107 91 77 145 124 75 144 142 83 111 138 137 68 42 129 113 122 39 134 88 130 50 140 55 12 44 56 105 58 53 72 114 106 123 24 120 35 86 126 115 90 32 118 47 20 33 29 67 59 64 139 54 7 76 37 133 8 127 141 9 136 89 94 102 1 71 70 25 5 61 104 22 146 74 0 103 23 36 116 85 96 60 148 28 87 99 4 143 
Coste: 9473084
Temperatura: 1899.883494973949
Probabilidad de aceptación: 0.048433959635833704
Movimiento: NO



ITERACION 86
Solucion:    21 19 81 65 63 18 10 45 128 2 82 14 125 38 12 40 80 69 52 98 26 112 149 11 41 13 30 48 16 46 78 92 17 62 15 100 51 79 101 34 119 121 73 84 66 135 95 3 117 108 110 109 49 27 31 57 93 147 43 97 6 132 107 91 77 145 124 75 144 142 131 83 111 138 68 42 129 113 122 39 134 88 130 137 140 50 133 55 56 44 58 53 72 114 106 123 24 120 105 35 86 115 126 90 32 47 20 33 29 67 59 64 139 54 7 76 118 37 8 127 141 9 136 89 94 102 1 71 70 25 5 61 104 22 146 74 0 103 23 36 116 85 96 60 148 28 87 99 4 143 
Coste: 9465513
Temperatura: 1709.895145476554
Probabilidad de aceptación: 0.18011852075898827
Movimiento: NO



ITERACION 87
Solucion:    21 55 81 65 63 19 10 45 128 2 82 14 18 125 38 40 80 69 52 98 26 112 149 11 41 13 30 48 16 46 78 92 17 62 15 100 51 79 101 34 119 12 73 84 66 121 95 3 117 135 110 109 49 27 31 108 57 93 147 43 6 132 107 91 77 145 124 75 144 142 131 83 97 111 68 42 129 113 122 39 134 88 130 137 140 138 50 143 133 56 58 53 44 114 106 123 24 120 105 72 86 35 115 90 126 47 20 33 29 67 59 64 139 54 7 76 32 118 37 8 141 9 136 89 94 102 1 71 70 25 5 61 104 22 146 74 0 103 23 36 116 127 96 60 148 28 87 99 85 4 
Coste: 9442073
Temperatura: 1538.9056309288987
Probabilidad de aceptación: 1.0
Movimiento: SI



ITERACION 88
Solucion:    21 55 81 65 63 133 10 45 128 2 82 14 19 125 38 40 80 69 52 98 26 18 149 11 112 41 13 30 48 46 78 92 17 62 15 100 51 79 16 34 119 101 73 84 66 121 95 3 117 135 110 109 49 27 31 12 57 93 147 108 6 132 107 91 77 145 43 124 144 75 142 131 83 97 111 68 129 113 122 39 134 88 130 137 42 140 138 50 4 143 58 53 44 114 106 123 24 120 105 72 86 56 115 35 90 47 20 33 29 67 59 64 139 54 7 76 126 32 118 8 141 9 136 89 94 102 1 71 70 25 5 61 104 37 22 74 0 103 23 36 116 146 96 60 148 28 127 87 99 85 
Coste: 9433845
Temperatura: 1385.015067836009
Probabilidad de aceptación: 1.0
Movimiento: SI



ITERACION 89
Solucion:    21 55 81 65 63 143 10 45 128 2 82 14 19 125 133 40 80 69 52 98 26 18 149 11 112 41 38 13 30 46 78 92 17 62 15 100 51 79 48 34 119 16 73 84 66 121 95 3 117 135 110 109 49 27 31 12 57 93 101 147 6 132 107 91 77 145 108 43 144 75 124 142 131 83 97 68 129 113 122 39 134 88 130 137 42 140 138 50 4 85 58 53 44 114 106 123 24 120 105 72 86 56 115 35 111 47 20 33 29 67 59 64 139 54 7 76 90 126 118 8 141 9 136 89 94 102 1 71 70 25 5 61 104 32 37 74 0 103 23 36 116 146 96 60 148 28 127 87 99 22 
Coste: 9412834
Temperatura: 1246.513561052408
Probabilidad de aceptación: 1.0
Movimiento: SI



ITERACION 90
Solucion:    21 55 81 65 63 143 10 45 128 2 82 14 19 125 133 40 80 69 52 98 58 18 149 11 112 41 38 13 30 46 78 92 17 26 15 100 51 79 48 34 119 16 73 84 66 62 121 3 95 135 110 109 49 27 31 12 57 93 101 147 117 6 107 132 77 145 108 43 144 75 124 142 131 83 97 68 129 113 122 39 134 88 130 137 42 140 138 50 4 85 23 91 44 53 114 106 123 120 105 72 86 56 115 35 111 24 47 20 29 67 59 64 139 54 7 76 90 126 118 8 33 141 136 9 94 102 1 71 70 25 5 61 104 32 37 74 89 103 0 36 116 146 96 60 148 28 127 87 99 22 
Coste: 9408023
Temperatura: 1121.8622049471674
Probabilidad de aceptación: 2.0656180126132164E-10
Movimiento: NO



ITERACION 91
Solucion:    91 55 81 65 63 21 10 45 128 2 82 14 19 125 133 40 80 69 52 143 98 18 149 11 112 41 38 13 30 46 78 92 17 26 15 100 51 79 48 34 119 16 73 84 66 62 121 3 58 135 110 109 49 27 31 12 57 93 101 147 117 6 107 95 77 145 108 43 144 75 124 142 131 83 97 68 129 113 122 39 132 88 130 137 42 140 138 50 4 85 134 89 23 44 53 114 123 120 105 72 86 56 115 35 111 106 24 47 29 67 59 64 139 54 7 76 90 126 118 8 20 33 136 9 94 102 1 71 70 25 5 61 104 32 37 74 141 103 0 36 116 146 96 60 148 28 127 87 99 22 
Coste: 9390122
Temperatura: 1009.6759844524506
Probabilidad de aceptación: 1.950794936196742E-17
Movimiento: NO



ITERACION 92
Solucion:    91 55 81 65 63 21 10 45 128 2 82 14 19 125 133 23 80 69 52 40 98 18 149 11 112 41 38 13 30 46 78 92 17 26 15 100 51 79 48 34 119 16 73 84 66 62 121 3 143 135 110 109 49 27 31 12 57 93 101 147 117 6 107 58 77 145 108 43 144 75 124 142 131 83 97 68 129 95 113 39 122 88 130 137 42 140 138 50 4 85 134 89 0 132 44 114 53 120 105 123 86 56 115 35 111 72 106 24 47 29 59 64 67 54 7 76 90 126 118 8 20 33 136 139 9 94 1 71 70 25 5 61 104 32 37 74 141 103 102 36 116 146 96 60 148 28 127 87 99 22 
Coste: 9388455
Temperatura: 908.7083860072056
Probabilidad de aceptación: 1.084164640856405E-17
Movimiento: NO



ITERACION 93
Solucion:    91 55 81 65 63 21 10 45 128 2 82 14 19 125 133 23 80 69 52 40 98 18 149 11 112 41 38 13 30 46 78 92 17 26 15 100 51 79 48 34 119 16 73 84 66 62 121 3 132 135 110 109 49 27 31 12 57 93 101 147 117 6 107 143 77 145 58 43 144 75 124 142 131 83 97 108 68 129 95 113 39 122 130 137 42 140 138 50 4 85 134 89 88 102 0 114 44 120 105 123 86 56 115 35 111 72 106 24 53 29 59 64 67 54 7 76 90 126 118 8 20 33 136 139 47 9 1 71 70 25 5 61 104 32 37 74 141 94 103 36 116 146 96 60 148 28 127 87 99 22 
Coste: 9379778
Temperatura: 817.8375474064851
Probabilidad de aceptación: 2.8400285163111473E-19
Movimiento: NO



ITERACION 94
Solucion:    91 55 81 0 63 21 65 45 128 2 82 14 19 125 133 23 80 69 52 40 98 18 149 11 112 41 38 13 30 46 78 92 17 26 15 100 51 79 48 34 119 16 73 84 66 62 121 3 10 135 110 132 49 27 31 12 57 93 101 147 117 6 107 109 77 145 143 43 144 75 124 142 131 83 97 108 68 129 95 113 58 122 130 137 42 140 138 50 4 85 134 89 88 102 47 39 44 120 105 114 86 56 115 35 111 123 72 106 24 29 59 64 53 54 7 76 90 126 118 8 20 33 136 67 139 9 1 71 70 25 5 61 104 32 37 74 141 94 103 36 116 146 96 60 148 28 127 87 99 22 
Coste: 9362937
Temperatura: 736.0537926658366
Probabilidad de aceptación: 5.54700641080743E-17
Movimiento: NO



ITERACION 95
Solucion:    91 55 81 0 63 21 65 45 128 2 82 14 19 125 133 23 80 69 52 40 98 18 149 11 112 41 38 13 30 46 78 92 17 26 15 100 51 79 48 34 119 16 73 84 66 62 121 3 10 135 110 39 49 27 31 12 57 93 101 147 117 6 107 109 77 145 143 43 144 75 124 142 131 83 97 108 68 129 95 113 132 58 130 137 42 140 138 50 4 85 134 89 88 102 122 54 44 120 105 47 86 56 115 35 111 123 72 114 106 24 29 64 59 53 7 76 90 126 118 8 20 33 136 67 139 9 1 71 70 25 5 61 104 32 37 74 141 94 103 36 116 146 96 60 148 28 127 87 99 22 
Coste: 9362285
Temperatura: 662.4484133992529
Probabilidad de aceptación: 3.0876227472993067E-17
Movimiento: NO



ITERACION 96
Solucion:    91 55 81 0 63 21 65 45 44 2 82 14 19 125 133 23 80 69 52 40 98 18 128 11 112 41 38 13 30 46 78 92 17 26 15 100 51 79 149 34 119 16 73 84 66 62 121 3 10 135 110 48 49 27 31 12 57 93 101 147 117 6 107 109 77 145 39 43 144 75 124 142 131 83 97 108 68 129 95 113 143 58 130 137 42 140 138 50 4 85 134 89 88 102 122 132 47 54 105 120 86 56 115 35 111 123 72 114 106 24 29 64 59 53 7 76 90 126 118 8 20 33 136 67 139 9 1 71 70 25 5 61 104 32 37 74 141 94 103 36 116 146 96 60 148 28 127 87 99 22 
Coste: 9358134
Temperatura: 596.2035720593276
Probabilidad de aceptación: 7.202838383598783E-20
Movimiento: NO



ITERACION 97
Solucion:    91 55 81 0 63 21 65 45 44 2 82 14 19 125 133 23 80 69 52 40 98 18 128 11 112 41 38 13 30 46 78 92 17 26 15 100 51 79 149 34 119 16 73 84 66 62 121 3 10 135 110 54 49 27 48 31 57 93 101 12 117 6 107 109 77 145 147 43 144 75 124 142 131 83 97 108 68 129 95 113 39 143 130 137 42 140 138 50 4 85 134 89 88 102 122 58 47 60 105 132 120 56 115 35 111 123 72 114 106 24 29 86 64 59 7 76 90 126 118 8 20 33 136 67 139 9 1 71 70 25 5 61 104 32 37 74 141 94 103 36 53 146 96 116 148 28 127 87 99 22 
Coste: 9337786
Temperatura: 536.5832148533949
Probabilidad de aceptación: 9.314064486990088E-14
Movimiento: NO



ITERACION 98
Solucion:    91 55 81 0 63 21 65 45 105 2 82 14 19 125 133 23 80 69 52 40 98 44 128 11 112 41 18 13 30 46 78 92 17 26 15 100 51 79 149 34 119 16 73 84 66 62 121 3 10 135 110 54 49 27 38 48 57 93 101 31 117 6 107 109 77 145 147 43 144 75 124 142 131 83 97 108 68 129 95 113 39 143 130 137 42 140 138 50 4 85 134 89 88 102 122 58 47 60 7 12 132 56 115 35 111 123 72 114 106 24 29 86 120 64 59 76 90 126 118 8 20 33 136 67 139 9 1 71 70 25 5 61 104 32 37 74 141 94 103 36 53 146 96 116 148 28 127 87 99 22 
Coste: 9322098
Temperatura: 482.92489336805545
Probabilidad de aceptación: 6.563170998453469E-16
Movimiento: NO



ITERACION 99
Solucion:    91 55 81 0 63 21 65 45 105 2 82 14 19 125 133 23 80 69 52 40 98 44 128 11 112 41 18 13 30 46 78 92 17 26 15 100 51 79 149 34 119 16 73 84 66 62 121 3 10 135 110 54 49 27 38 48 57 93 101 31 117 6 107 109 77 145 147 43 144 75 124 142 131 83 97 108 68 129 95 113 39 143 130 137 42 140 138 50 4 85 134 89 88 102 122 58 47 60 7 116 12 56 115 35 111 123 72 114 106 24 29 132 86 120 64 59 90 126 118 8 20 33 136 67 139 9 76 71 1 70 5 61 104 32 37 74 141 94 103 36 53 25 96 146 148 28 127 87 99 22 
Coste: 9315933
Temperatura: 434.6324040312499
Probabilidad de aceptación: 4.2894464899624094E-14
Movimiento: NO



ITERACION 100
Solucion:    91 55 81 0 63 21 65 45 105 2 82 14 19 125 133 23 80 69 52 40 98 44 128 11 112 41 18 13 30 46 78 92 17 26 15 100 51 79 149 34 119 16 73 84 66 62 121 3 10 135 110 54 49 27 38 48 57 93 101 31 117 6 107 109 77 145 147 43 144 75 124 142 131 83 97 108 68 129 95 113 39 143 130 137 42 12 138 50 140 85 134 89 88 102 122 58 47 60 7 116 127 4 115 35 111 123 72 114 106 24 29 132 86 120 64 59 90 126 118 8 20 33 136 67 139 9 76 71 1 70 5 61 104 32 37 74 141 94 103 36 53 25 96 146 148 28 56 87 99 22 
Coste: 9315613
Temperatura: 391.1691636281249
Probabilidad de aceptación: 6.78544512277208E-10
Movimiento: NO



ITERACION 101
Solucion:    91 55 81 0 63 21 65 45 105 2 82 14 19 125 133 23 80 69 52 40 98 44 128 11 112 41 18 13 30 46 78 92 17 26 15 100 51 79 149 34 119 16 73 84 66 62 121 3 10 135 110 54 49 27 38 48 57 93 101 31 117 6 107 109 77 145 147 43 144 75 124 142 131 83 97 108 68 129 95 113 39 143 130 137 42 4 12 50 140 85 134 89 88 102 122 58 47 60 7 116 138 56 115 35 111 123 72 114 106 24 29 132 86 120 64 59 90 126 118 8 20 33 136 67 139 9 76 71 1 70 5 61 104 32 37 74 141 94 103 36 53 25 96 127 148 28 146 87 99 22 
Coste: 9314320
Temperatura: 352.0522472653124
Probabilidad de aceptación: 3.8977625469179974E-11
Movimiento: NO



ITERACION 102
Solucion:    91 55 81 0 63 21 65 45 105 2 82 14 19 125 133 23 80 69 52 40 98 44 128 11 112 41 18 13 30 46 78 92 17 26 15 100 51 79 149 34 119 16 73 84 66 62 121 3 10 135 110 54 49 27 38 48 57 93 101 31 117 6 107 109 77 145 147 43 144 75 124 142 131 83 97 108 68 129 95 113 39 143 130 137 42 4 115 50 140 85 134 89 88 102 122 58 47 60 7 116 12 138 99 35 111 123 72 114 106 24 29 132 86 120 64 59 56 90 126 8 20 33 136 67 139 9 76 71 1 70 5 61 104 32 118 74 141 94 103 36 53 25 96 127 148 28 146 87 37 22 
Coste: 9312406
Temperatura: 316.8470225387812
Probabilidad de aceptación: 0.015270555418543661
Movimiento: NO



ITERACION 103
Solucion:    91 55 81 0 63 21 65 45 105 2 82 14 19 125 133 23 80 69 52 40 98 44 128 11 112 41 18 13 30 46 78 92 17 26 15 100 51 79 149 34 119 16 73 84 66 62 121 3 10 135 110 54 49 27 38 48 57 93 101 31 117 6 107 109 77 145 147 43 144 75 124 142 131 83 97 108 68 129 95 113 39 143 130 137 42 4 115 50 140 85 134 89 88 102 122 58 47 60 7 116 12 138 99 90 111 123 72 114 106 24 29 132 86 120 64 59 56 35 126 8 20 33 136 67 139 9 76 71 1 70 5 61 104 32 118 74 141 94 103 36 53 25 96 127 148 28 146 87 37 22 
Coste: 9311988
Temperatura: 285.16232028490305
Probabilidad de aceptación: 0.16032754905322344
Movimiento: NO



ITERACION 104
Solucion:    91 55 81 0 63 21 65 45 105 2 82 14 19 125 133 23 80 69 52 40 98 44 128 11 112 41 18 13 30 46 78 92 17 26 15 100 51 79 149 34 119 16 73 84 66 62 121 3 10 135 110 54 49 27 38 48 57 93 101 31 117 6 107 109 77 145 147 43 144 75 124 142 131 83 111 108 68 129 95 113 39 143 130 137 42 4 115 50 140 85 134 89 88 102 122 58 47 60 7 116 12 138 99 90 22 123 72 114 106 24 29 132 86 120 64 59 56 35 97 8 20 33 136 67 139 9 76 71 1 70 5 61 104 32 126 74 141 94 103 36 53 25 96 127 148 28 146 87 37 118 
Coste: 9308963
Temperatura: 256.6460882564127
Probabilidad de aceptación: 1.0
Movimiento: SI



ITERACION 105
Solucion:    91 55 81 0 63 21 65 45 105 2 82 14 19 125 133 23 80 69 52 40 98 44 128 11 112 41 18 13 30 46 78 92 17 26 15 100 51 79 149 34 119 16 73 84 66 62 121 3 10 135 110 54 49 27 38 48 57 93 101 31 117 6 107 109 77 145 147 43 144 75 124 142 131 83 111 108 68 129 95 113 39 143 130 137 42 4 115 50 140 85 134 89 88 102 122 58 47 60 7 116 12 138 99 90 22 24 123 114 106 72 29 132 86 120 64 59 56 35 97 8 20 33 136 67 139 9 76 71 1 70 5 61 104 32 126 74 141 94 103 36 53 25 96 127 148 28 146 87 37 118 
Coste: 9308553
Temperatura: 230.98147943077146
Probabilidad de aceptación: 7.461464239941649E-81
Movimiento: NO



ITERACION 106
Solucion:    91 55 81 0 63 21 65 45 105 2 82 14 19 125 133 23 80 69 52 40 98 44 128 11 112 41 18 13 30 46 78 92 17 26 15 100 51 79 149 34 119 16 73 84 66 62 121 3 10 135 110 54 49 27 38 48 57 93 101 31 117 6 107 109 77 145 147 43 144 75 124 142 131 83 111 108 68 129 123 113 39 143 130 137 42 4 115 50 140 85 134 89 88 102 122 58 47 60 7 116 12 138 99 90 22 24 94 95 114 106 29 132 86 120 64 59 56 35 97 8 72 20 136 67 139 9 76 71 1 70 5 61 104 32 126 33 74 141 103 36 53 25 96 127 148 28 146 87 37 118 
Coste: 9302306
Temperatura: 207.8833314876943
Probabilidad de aceptación: 1.68798423380711E-70
Movimiento: NO



ITERACION 107
Solucion:    91 55 81 0 63 21 65 45 105 2 82 14 19 125 133 23 80 69 52 40 98 44 128 11 112 41 18 13 30 46 78 92 17 26 15 100 51 79 149 34 119 16 73 84 66 62 121 3 10 135 110 54 49 27 38 48 57 93 101 31 117 6 107 109 77 145 147 43 144 75 124 142 131 83 111 108 68 129 123 113 39 143 130 137 42 4 115 50 140 85 134 89 88 102 122 58 47 60 7 116 12 138 99 90 22 24 95 94 114 106 29 132 86 120 64 59 56 35 97 8 72 20 136 67 139 9 76 71 1 70 5 61 104 32 126 33 74 141 103 36 53 25 96 127 148 28 146 87 37 118 
Coste: 9301396
Temperatura: 187.09499833892488
Probabilidad de aceptación: 1.9336290773301512E-79
Movimiento: NO



ITERACION 108
Solucion:    91 55 81 0 63 21 65 45 105 2 82 14 19 125 133 23 80 69 52 114 98 44 128 11 112 41 18 13 30 46 78 40 17 26 15 100 51 79 149 34 119 16 73 84 66 92 62 3 10 135 110 54 49 27 38 48 57 93 101 31 117 6 121 107 77 145 147 43 144 75 124 142 131 83 111 108 68 129 109 113 39 143 130 137 42 4 115 50 140 85 134 89 88 102 122 58 47 60 7 116 12 138 99 90 22 24 95 94 53 106 29 132 86 120 64 59 56 35 97 8 72 20 136 123 67 139 76 71 1 70 5 61 104 32 126 33 74 141 103 9 36 25 96 127 148 28 146 87 37 118 
Coste: 9289580
Temperatura: 168.3854985050324
Probabilidad de aceptación: 3.5458849277160602E-93
Movimiento: NO



ITERACION 109
Solucion:    91 55 81 0 63 21 65 45 105 2 82 14 19 125 133 23 80 69 52 114 98 44 128 11 112 41 18 13 30 46 78 40 17 26 15 100 51 79 149 34 119 16 73 84 66 92 62 3 10 135 110 54 49 27 38 48 57 93 101 31 117 6 121 107 77 145 147 43 144 75 124 142 131 83 111 108 68 129 109 113 39 143 130 137 42 4 115 50 140 85 106 89 88 102 122 134 47 60 58 116 12 138 99 90 22 24 95 94 7 36 29 132 86 120 64 59 56 35 97 8 72 20 136 123 67 53 76 71 1 70 5 61 104 32 126 33 74 141 103 9 139 25 96 127 148 28 146 87 37 118 
Coste: 9287021
Temperatura: 151.54694865452916
Probabilidad de aceptación: 2.756777349811615E-86
Movimiento: NO



ITERACION 110
Solucion:    91 55 81 0 63 21 65 45 105 2 82 14 19 125 133 23 80 69 52 114 98 44 128 11 112 41 18 13 30 46 78 40 17 26 15 100 51 79 149 34 119 16 73 84 66 92 62 3 10 135 110 54 49 27 38 48 57 93 101 31 117 6 121 107 77 145 147 43 144 75 124 142 131 83 111 108 68 129 109 113 39 143 130 137 42 4 115 50 140 85 106 89 88 102 122 29 47 60 134 116 12 138 99 90 22 24 95 94 7 36 53 58 86 120 64 132 56 35 97 8 72 20 136 123 67 59 76 71 1 70 5 61 104 32 126 33 74 141 103 9 139 25 96 127 148 28 146 87 37 118 
Coste: 9284643
Temperatura: 136.39225378907625
Probabilidad de aceptación: 3.588102651768537E-96
Movimiento: NO



ITERACION 111
Solucion:    91 55 81 0 63 21 65 45 105 2 82 14 19 125 133 23 80 69 52 114 98 44 128 11 112 41 18 13 30 46 78 40 17 26 15 100 51 79 149 34 119 16 73 84 66 92 62 3 10 135 110 54 49 27 38 48 57 93 101 31 117 6 121 107 77 145 147 43 144 75 124 142 131 83 111 108 68 129 109 113 39 143 130 137 42 4 115 50 140 85 106 89 88 102 122 29 47 60 134 116 12 138 99 90 22 24 95 94 7 36 58 139 86 120 64 132 56 35 97 8 72 20 136 123 67 59 76 71 1 70 5 61 104 32 126 33 74 141 103 9 53 25 96 127 148 28 146 87 37 118 
Coste: 9284718
Temperatura: 122.75302841016862
Probabilidad de aceptación: 5.899149526207594E-123
Movimiento: NO



ITERACION 112
Solucion:    91 55 81 0 63 21 65 45 105 2 82 14 19 125 133 23 80 69 52 114 98 44 128 11 112 41 18 13 30 46 78 40 17 26 15 100 51 79 149 34 119 16 73 84 66 92 62 3 10 135 110 54 49 27 38 48 57 93 101 31 117 6 121 107 77 145 147 43 144 75 124 142 131 83 111 108 68 129 109 113 39 86 130 137 42 4 115 50 140 85 106 89 88 102 122 29 47 60 143 116 12 138 99 90 22 24 95 94 7 36 58 139 25 120 64 132 56 35 97 8 72 20 136 123 67 59 134 71 76 70 5 61 104 32 126 33 74 141 103 9 1 53 96 127 148 28 146 87 37 118 
Coste: 9281518
Temperatura: 110.47772556915176
Probabilidad de aceptación: 6.846142590720679E-56
Movimiento: NO



ITERACION 113
Solucion:    91 55 81 0 63 21 65 45 105 2 82 14 19 125 133 23 80 69 52 114 98 44 128 11 112 41 18 13 30 46 78 40 17 26 15 100 51 79 149 34 119 16 73 84 66 92 62 3 10 135 110 54 49 27 38 48 57 93 101 31 117 6 121 107 77 145 147 43 144 75 124 142 131 83 111 108 68 129 109 113 39 86 130 137 42 4 115 50 140 85 106 89 88 102 122 29 47 60 143 116 12 138 99 90 22 24 95 94 7 36 58 139 25 127 64 132 56 35 97 8 72 20 136 123 67 59 134 71 120 70 5 61 104 32 126 33 74 141 103 9 1 53 96 76 148 28 146 87 37 118 
Coste: 9280437
Temperatura: 99.42995301223658
Probabilidad de aceptación: 1.381899849312828E-34
Movimiento: NO



ITERACION 114
Solucion:    91 55 81 0 63 21 65 45 105 2 82 14 64 125 133 23 80 69 52 114 98 44 128 11 112 41 18 13 30 46 78 40 17 26 15 100 51 79 149 34 119 16 73 84 66 92 62 3 10 135 110 54 49 27 38 48 57 93 101 31 117 6 121 107 77 145 147 43 144 75 124 142 131 83 111 108 68 129 109 113 39 86 130 137 42 4 115 50 140 85 106 89 88 102 122 29 47 60 143 19 12 138 99 90 22 24 95 94 7 36 58 139 25 116 70 127 56 35 97 8 72 20 136 123 67 59 134 71 120 132 5 61 104 32 126 33 74 141 103 9 1 53 96 76 148 28 146 87 37 118 
Coste: 9277940
Temperatura: 89.48695771101292
Probabilidad de aceptación: 5.982658559022334E-60
Movimiento: NO



ITERACION 115
Solucion:    91 55 81 0 63 21 65 45 127 2 82 14 105 125 133 23 80 69 52 114 98 44 128 11 112 41 18 13 30 46 78 40 17 26 15 100 51 79 149 34 119 16 73 84 66 92 62 3 10 135 110 54 49 27 38 48 57 93 101 64 117 6 121 107 77 145 147 43 144 75 124 142 131 83 111 108 68 129 109 113 39 86 130 137 42 31 115 50 140 85 106 89 88 102 122 29 47 60 143 19 12 138 99 90 22 24 95 94 7 36 58 139 25 116 70 76 56 35 97 8 72 20 136 123 67 59 134 71 120 132 5 61 104 32 126 33 74 141 103 9 1 53 4 96 148 28 146 87 37 118 
Coste: 9274419
Temperatura: 80.53826193991164
Probabilidad de aceptación: 1.2726465595902168E-48
Movimiento: NO



ITERACION 116
Solucion:    91 55 81 0 63 21 65 45 56 2 82 14 105 125 133 23 80 69 52 114 98 44 128 11 112 41 18 13 30 46 78 40 17 26 15 100 51 79 149 127 119 16 73 84 66 92 62 3 10 135 110 54 49 27 38 48 57 93 101 64 117 6 121 107 77 145 147 43 144 75 124 142 131 83 111 108 68 129 109 113 39 86 130 137 42 34 115 50 140 85 106 89 88 102 122 29 47 60 143 19 12 138 99 90 22 24 95 94 7 36 58 139 25 116 70 76 31 35 97 8 72 20 136 123 67 59 134 71 120 132 5 61 104 32 126 33 74 141 103 9 1 53 4 96 148 28 146 87 37 118 
Coste: 9267641
Temperatura: 72.48443574592048
Probabilidad de aceptación: 2.48729242994368E-30
Movimiento: NO



ITERACION 117
Solucion:    91 55 81 0 63 21 65 45 56 2 82 14 105 125 133 23 80 69 52 114 98 44 128 11 112 41 18 13 30 46 78 40 17 26 15 100 51 79 149 127 119 16 73 84 66 92 62 3 10 135 110 54 49 27 38 48 57 93 101 64 117 6 121 107 77 145 147 43 144 75 124 142 131 83 111 108 68 129 109 113 39 86 130 137 42 34 115 35 140 85 106 89 88 102 122 29 47 60 143 19 12 138 99 90 22 24 95 94 7 36 58 139 25 116 70 76 31 50 97 8 72 20 136 123 67 59 134 71 120 132 5 61 104 32 126 33 74 141 103 9 1 53 4 96 148 28 146 87 37 118 
Coste: 9267651
Temperatura: 65.23599217132843
Probabilidad de aceptación: 1.9042296884049073E-19
Movimiento: NO



ITERACION 118
Solucion:    91 55 81 0 63 21 65 45 56 2 82 14 105 125 133 23 80 69 52 114 98 44 128 11 112 41 18 13 30 46 78 40 17 26 15 100 51 79 149 127 119 16 73 84 66 92 62 3 10 135 110 54 49 27 38 48 57 93 101 64 117 6 121 107 77 145 147 43 144 75 124 142 131 83 111 108 68 129 109 113 39 86 130 137 42 34 115 35 140 85 106 89 88 102 122 29 47 60 143 19 12 138 99 90 22 24 95 94 7 36 58 139 25 116 70 76 31 50 32 8 72 20 136 123 67 59 134 71 120 132 5 61 104 97 126 33 74 141 103 9 1 53 4 96 148 28 146 87 37 118 
Coste: 9266177
Temperatura: 58.71239295419559
Probabilidad de aceptación: 1.3709092682864476E-8
Movimiento: NO



ITERACION 119
Solucion:    91 55 81 0 63 21 65 45 56 2 82 14 105 125 133 23 80 69 52 114 98 44 128 11 112 41 18 13 30 46 78 40 17 26 15 100 51 79 149 127 119 16 73 84 66 92 62 3 10 135 110 54 49 27 38 48 57 93 101 64 117 6 121 107 77 145 147 43 144 75 124 142 131 83 111 108 68 129 109 113 39 86 130 137 42 34 115 35 140 85 106 89 88 102 122 29 47 60 143 19 12 138 99 90 22 24 95 94 7 36 58 139 25 116 70 76 31 50 32 118 72 20 136 123 67 59 134 71 120 132 5 61 104 97 8 33 74 141 103 9 1 53 4 96 148 28 146 87 37 126 
Coste: 9263856
Temperatura: 52.84115365877604
Probabilidad de aceptación: 1.0
Movimiento: SI



ITERACION 120
Solucion:    91 55 81 0 63 21 65 45 56 2 82 14 105 125 133 23 80 69 52 114 98 44 128 11 112 41 18 13 30 46 78 40 17 26 15 100 51 79 149 127 119 16 73 84 66 92 62 3 10 135 110 54 49 27 38 48 57 93 101 64 117 6 121 107 77 145 147 43 144 75 124 142 131 83 111 108 68 129 109 113 39 86 130 137 42 34 115 35 140 85 106 89 88 102 122 29 47 60 143 19 12 138 99 90 22 24 95 94 7 36 58 139 25 116 70 76 31 50 32 118 20 72 136 123 67 59 134 71 120 132 5 61 104 97 8 33 74 141 103 9 1 53 4 96 148 28 146 87 37 126 
Coste: 9263308
Temperatura: 47.55703829289843
Probabilidad de aceptación: 1.1637881524596548E-294
Movimiento: NO



ITERACION 121
Solucion:    91 55 81 0 63 21 65 45 56 2 82 14 105 125 133 23 80 69 52 114 98 44 128 11 112 41 18 13 30 46 78 40 17 26 15 100 51 79 149 127 119 16 73 84 66 92 62 3 10 135 110 54 49 27 38 48 57 93 101 64 117 6 121 107 77 145 147 43 144 75 124 142 131 83 111 108 68 129 109 113 39 86 130 137 42 34 115 35 140 85 106 89 88 102 122 29 47 60 143 19 12 138 99 90 22 24 95 94 7 36 58 139 25 116 70 76 31 50 32 118 20 141 136 123 67 59 134 71 120 132 5 61 104 97 8 33 72 74 103 9 1 53 4 96 148 28 146 87 37 126 
Coste: 9262223
Temperatura: 42.80133446360859
Probabilidad de aceptación: 3.623687802185581E-244
Movimiento: NO



ITERACION 122
Solucion:    91 55 81 0 63 21 65 45 56 2 82 14 105 125 133 23 80 69 52 114 98 44 128 11 112 41 18 13 30 46 78 40 17 26 15 100 51 79 149 127 119 16 73 84 66 92 62 3 10 135 110 54 49 27 38 48 57 93 101 64 117 6 121 107 77 145 147 43 144 75 124 142 131 83 111 108 68 129 109 113 39 86 130 137 42 34 115 35 140 85 106 89 88 102 122 29 47 60 143 19 12 138 99 90 22 24 136 94 7 36 58 139 25 116 70 76 31 50 32 118 20 95 141 123 67 59 134 71 120 132 5 61 104 97 8 33 72 74 103 9 1 53 4 96 148 28 146 87 37 126 
Coste: 9261991
Temperatura: 38.52120101724773
Probabilidad de aceptación: 1.299019534871695E-255
Movimiento: NO



ITERACION 123
Solucion:    91 55 81 0 63 21 65 45 56 2 82 14 105 125 133 23 80 69 52 114 98 44 128 11 112 41 18 13 30 46 78 40 17 26 15 100 51 79 149 127 119 16 73 84 66 92 62 3 10 135 110 54 49 27 38 48 57 93 101 64 117 6 121 107 77 145 147 43 144 75 124 142 131 83 111 108 68 129 109 113 39 86 130 137 42 34 115 35 140 85 106 89 88 102 122 29 47 60 143 19 12 138 99 90 22 24 136 94 7 36 58 139 25 116 70 76 31 50 32 118 20 95 141 74 67 59 134 71 120 132 5 61 104 97 8 33 72 123 103 9 1 53 4 96 148 28 146 87 37 126 
Coste: 9261673
Temperatura: 34.66908091552296
Probabilidad de aceptación: 3.984481677128975E-257
Movimiento: NO



ITERACION 124
Solucion:    91 55 81 0 63 21 65 45 56 2 82 14 105 125 133 23 80 69 52 114 98 44 128 11 112 41 18 13 30 46 78 40 17 26 15 100 51 79 149 127 119 16 73 84 66 92 67 3 10 135 110 54 49 27 38 48 57 93 101 64 117 6 121 107 77 145 147 43 144 75 124 142 131 83 111 108 68 129 62 113 39 109 130 137 42 34 115 35 140 85 106 89 88 102 122 29 47 60 143 19 12 138 99 90 22 24 136 94 7 36 58 139 25 116 70 76 31 50 32 118 20 95 141 74 53 59 134 86 120 132 5 61 104 97 8 33 72 123 71 9 103 1 4 96 148 28 146 87 37 126 
Coste: 9255518
Temperatura: 31.202172823970667
Probabilidad de aceptación: 0.0
Movimiento: NO



ITERACION 125
Solucion:    91 55 81 0 63 21 65 45 56 2 82 14 105 125 133 23 80 69 52 114 98 44 128 11 112 41 18 13 30 46 78 40 17 26 15 100 51 79 149 127 119 16 73 84 66 92 67 3 10 135 110 54 49 27 38 48 57 93 101 64 117 6 121 107 77 145 147 43 144 75 124 142 131 83 111 108 68 129 62 113 39 109 130 137 42 34 115 35 140 85 106 89 88 102 122 29 47 60 143 19 12 138 99 90 22 24 136 94 7 36 58 139 25 116 70 76 31 50 32 118 20 95 141 74 53 134 59 86 120 132 5 61 104 97 8 33 72 123 71 9 103 1 4 96 148 28 146 87 37 126 
Coste: 9254941
Temperatura: 28.0819555415736
Probabilidad de aceptación: 0.0
Movimiento: NO



ITERACION 126
Solucion:    91 55 81 0 63 21 65 45 56 2 82 14 105 125 133 23 80 69 52 114 98 44 128 11 112 41 18 13 30 46 78 40 17 26 15 100 51 79 149 127 119 16 73 84 66 92 67 3 10 135 110 54 49 27 38 48 57 93 101 64 117 6 121 107 77 145 147 43 144 75 124 142 131 83 111 108 68 129 62 113 39 109 130 137 42 34 115 35 140 85 106 89 88 102 122 29 47 60 143 19 12 138 99 90 22 24 136 94 7 36 58 139 25 116 70 76 31 50 32 118 20 95 141 74 53 134 4 86 120 132 5 61 104 97 8 33 72 123 71 9 103 59 1 96 148 28 146 87 37 126 
Coste: 9254753
Temperatura: 25.27375998741624
Probabilidad de aceptación: 8.39605009940986E-204
Movimiento: NO



ITERACION 127
Solucion:    91 55 81 0 63 21 65 45 56 2 82 14 105 125 133 23 80 69 52 114 98 44 128 11 112 41 18 13 30 46 78 40 17 26 15 100 51 79 149 127 119 16 73 84 66 92 67 3 10 135 110 54 49 27 38 48 57 93 101 64 117 6 121 107 77 145 147 43 144 75 124 142 131 83 111 108 68 129 62 113 39 109 130 137 42 34 115 35 140 85 106 89 88 102 122 29 47 60 143 19 12 138 99 90 22 24 136 94 7 36 58 139 25 116 70 76 31 50 32 118 20 95 141 74 53 134 86 96 4 132 5 61 104 97 8 33 72 123 71 9 103 59 1 120 148 28 146 87 37 126 
Coste: 9254134
Temperatura: 22.74638398867462
Probabilidad de aceptación: 2.0057944122992535E-170
Movimiento: NO



ITERACION 128
Solucion:    91 55 81 0 63 21 65 45 56 2 82 14 105 125 133 23 80 69 52 114 98 44 128 11 112 41 18 13 30 46 78 40 17 26 15 100 51 79 149 127 119 16 73 84 66 92 67 3 10 135 110 54 49 27 38 48 57 93 101 64 117 6 121 107 77 145 147 43 144 75 124 142 131 83 111 108 68 129 62 113 39 109 130 137 42 34 115 35 140 85 106 89 88 102 122 29 47 60 143 19 12 138 99 90 22 24 136 94 7 36 58 139 25 116 70 76 31 50 32 118 20 95 141 74 53 134 86 96 120 132 5 61 104 97 8 33 72 123 71 9 103 59 1 4 148 28 146 87 37 126 
Coste: 9254076
Temperatura: 20.471745589807156
Probabilidad de aceptación: 4.87981418E-315
Movimiento: NO



ITERACION 129
Solucion:    91 55 81 0 63 21 65 45 56 2 82 14 105 125 133 23 80 69 52 114 98 44 128 11 112 41 18 13 30 46 78 40 17 26 15 100 51 79 149 127 119 16 73 84 66 92 67 3 10 135 110 54 49 27 38 48 57 93 101 64 117 6 121 107 77 145 147 43 144 75 124 142 131 83 111 108 68 129 62 113 39 109 130 137 42 34 115 35 140 85 106 89 88 102 122 29 47 60 143 19 12 138 99 90 22 24 136 94 7 36 58 139 25 116 70 76 31 50 32 118 20 95 141 74 53 134 86 96 120 132 5 61 104 97 8 33 72 123 71 9 103 59 1 4 148 28 146 87 37 126 
Coste: 9254076
Temperatura: 18.424571030826442
Probabilidad de aceptación: 3.2963180351353494E-231
Movimiento: NO



ITERACION 130
Solucion:    91 55 81 0 63 21 65 45 56 2 82 14 105 125 133 23 80 69 52 114 98 44 128 11 112 41 18 13 30 46 78 40 17 26 15 100 51 79 149 127 119 16 73 84 66 92 67 3 10 135 110 54 49 27 38 48 57 93 101 64 117 6 121 107 77 145 147 43 144 75 124 142 131 83 111 108 68 129 62 113 39 109 130 137 42 34 115 35 140 85 106 89 88 102 122 29 47 60 143 19 12 138 99 90 22 24 136 94 7 36 58 139 25 116 70 76 31 50 32 118 20 95 141 74 53 134 86 96 120 132 146 61 104 97 8 33 72 123 71 9 103 59 1 4 148 28 5 87 37 126 
Coste: 9253062
Temperatura: 16.582113927743798
Probabilidad de aceptación: 1.8774068472102327E-107
Movimiento: NO



ITERACION 131
Solucion:    91 55 81 0 63 21 65 45 56 2 82 14 105 125 133 23 80 69 52 114 98 44 128 11 112 41 18 13 30 46 78 40 17 26 15 100 51 79 149 127 119 16 73 84 66 92 67 3 10 135 110 54 49 27 38 48 57 93 101 64 117 6 121 107 77 145 147 43 144 75 124 142 131 83 111 108 68 129 62 113 39 109 130 137 42 34 115 35 140 85 106 89 88 102 122 29 47 60 143 19 12 138 99 90 22 24 136 94 7 36 58 139 25 116 70 76 31 50 32 118 20 95 141 74 53 134 86 96 120 132 146 87 61 97 8 33 72 123 71 9 103 59 1 4 148 28 5 104 37 126 
Coste: 9251826
Temperatura: 14.923902534969418
Probabilidad de aceptación: 3.679535588630606E-147
Movimiento: NO



ITERACION 132
Solucion:    91 55 81 0 63 21 65 45 56 2 82 14 105 125 133 23 80 69 52 114 98 44 128 11 112 41 18 13 30 46 78 40 17 26 15 100 51 79 149 127 119 16 73 84 66 92 67 3 10 135 110 54 49 27 38 48 57 93 101 64 117 6 121 107 77 145 147 43 144 75 124 142 131 83 111 108 68 129 62 113 39 109 130 137 42 34 115 35 140 85 106 89 88 102 122 29 47 60 143 19 12 138 99 90 22 24 136 94 7 36 58 139 25 116 70 76 31 50 32 118 20 95 141 74 53 134 86 96 120 132 146 87 104 97 8 33 72 123 71 9 103 59 1 4 148 28 5 61 37 126 
Coste: 9251402
Temperatura: 13.431512281472477
Probabilidad de aceptación: 3.0575387004703527E-96
Movimiento: NO



ITERACION 133
Solucion:    91 55 81 0 63 21 65 45 56 2 82 14 105 125 133 23 80 69 52 114 98 44 128 11 112 41 18 13 30 46 78 40 17 26 15 100 51 79 149 127 119 16 73 84 66 92 67 3 10 135 110 54 49 27 38 48 57 93 101 64 117 6 121 107 77 145 147 43 144 75 124 142 131 83 111 108 68 129 62 113 39 109 130 137 42 34 115 35 140 85 106 89 88 102 122 29 47 60 143 19 12 138 99 90 22 24 136 94 7 36 58 139 25 116 70 76 31 50 32 118 20 95 141 74 53 134 86 96 120 132 146 87 104 37 8 33 72 123 71 9 103 59 1 4 148 28 5 61 97 126 
Coste: 9250855
Temperatura: 12.08836105332523
Probabilidad de aceptación: 5.3939813451575856E-34
Movimiento: NO



ITERACION 134
Solucion:    91 55 81 0 63 21 65 45 56 2 82 14 105 125 133 23 80 69 52 114 98 44 128 11 112 41 18 13 30 46 78 40 17 26 15 100 51 79 149 127 119 16 73 84 66 92 67 3 10 135 110 54 49 27 38 48 57 93 101 64 117 6 121 107 77 145 147 43 144 75 124 142 131 83 111 108 68 129 62 113 39 109 130 137 42 34 115 35 140 85 106 89 88 102 122 29 47 60 143 19 12 138 99 90 22 24 136 94 7 36 58 139 25 116 70 76 31 50 32 118 20 95 141 74 53 134 86 96 120 132 146 87 104 37 126 33 72 123 71 9 103 59 1 4 148 28 5 61 97 8 
Coste: 9249610
Temperatura: 10.879524947992707
Probabilidad de aceptación: 1.0
Movimiento: SI



ITERACION 135
Solucion:    91 55 81 0 63 21 65 45 56 2 82 14 105 125 133 23 80 69 52 114 98 44 128 11 112 41 18 13 30 46 78 40 17 26 15 100 51 79 149 127 119 16 73 84 66 92 67 3 10 135 110 54 49 27 38 48 57 93 101 64 117 6 121 107 77 145 147 43 144 75 124 142 131 83 111 108 68 129 62 113 39 109 130 137 42 34 115 35 140 85 106 89 88 102 122 29 47 60 143 19 12 138 99 90 22 24 136 94 7 36 58 139 25 116 70 76 31 50 32 118 33 95 141 74 53 134 86 96 120 132 146 87 104 37 126 20 72 123 71 9 103 59 1 4 148 28 5 61 97 8 
Coste: 9249411
Temperatura: 9.791572453193437
Probabilidad de aceptación: 0.0
Movimiento: NO



ITERACION 136
Solucion:    91 55 81 0 63 21 65 45 56 2 82 14 105 125 133 23 80 69 52 114 98 44 128 11 112 41 18 13 30 46 78 40 17 26 15 100 51 79 149 127 119 16 73 84 66 92 67 3 10 135 110 54 49 27 38 48 57 93 101 64 117 6 121 107 77 145 147 43 144 75 124 142 131 83 111 108 68 129 62 113 39 109 130 137 42 34 115 35 140 85 106 89 88 102 122 29 47 60 143 19 12 138 99 90 22 24 136 94 7 36 58 139 25 116 70 76 31 50 32 118 33 95 141 74 53 134 86 96 120 132 146 87 104 37 126 20 72 123 71 9 103 59 1 4 148 28 5 61 97 8 
Coste: 9249411
Temperatura: 8.812415207874093
Probabilidad de aceptación: 0.0
Movimiento: NO



ITERACION 137
Solucion:    91 55 81 0 63 21 65 45 56 2 82 14 105 125 133 23 80 69 52 114 98 44 128 11 112 41 18 13 30 46 78 40 17 26 15 100 51 79 149 127 119 16 73 84 66 92 67 3 10 135 110 54 49 27 38 48 57 93 101 64 117 6 121 107 77 145 147 43 144 75 124 142 131 83 111 108 68 129 62 113 39 109 130 137 42 34 115 35 140 85 106 89 88 102 122 29 47 60 143 19 12 138 99 90 22 24 136 94 7 36 58 139 25 116 70 76 31 50 32 118 33 95 141 74 53 134 86 96 120 132 146 87 104 37 126 20 72 9 123 71 103 59 1 4 148 28 5 61 97 8 
Coste: 9249367
Temperatura: 7.931173687086684
Probabilidad de aceptación: 0.0
Movimiento: NO



ITERACION 138
Solucion:    91 55 81 0 63 21 65 45 56 2 82 14 105 125 133 23 80 69 52 114 98 44 128 11 112 41 18 13 30 46 78 40 17 26 15 100 51 79 149 127 119 16 73 84 66 92 67 3 10 135 110 54 49 27 38 48 57 93 101 64 117 6 121 107 77 145 147 43 144 75 124 142 131 83 111 108 68 129 62 113 39 109 130 137 42 34 115 35 140 85 106 89 88 102 122 29 47 60 143 19 12 138 99 90 22 24 136 94 7 36 58 139 25 116 70 76 31 50 32 118 33 95 141 74 53 134 86 96 120 132 146 87 104 37 126 20 72 123 9 71 103 59 1 4 148 28 5 61 97 8 
Coste: 9249242
Temperatura: 7.138056318378015
Probabilidad de aceptación: 0.0
Movimiento: NO



ITERACION 139
Solucion:    91 55 81 0 63 21 65 45 56 2 82 14 105 125 133 23 80 69 52 114 98 44 128 11 112 41 18 13 30 46 78 40 17 26 15 100 51 79 149 127 119 16 73 84 66 92 67 3 10 135 110 54 49 27 38 48 57 93 101 64 117 6 121 107 77 145 147 43 144 75 124 142 131 83 111 108 68 129 62 113 39 109 130 137 42 34 115 35 140 85 106 89 88 102 122 29 47 60 143 19 12 138 99 90 22 24 136 94 7 36 58 139 25 116 70 76 31 50 32 118 33 95 141 71 53 134 86 96 120 132 146 87 104 37 126 20 72 123 74 9 103 59 1 4 148 28 5 61 97 8 
Coste: 9248732
Temperatura: 6.424250686540214
Probabilidad de aceptación: 0.0
Movimiento: NO



ITERACION 140
Solucion:    91 55 81 0 63 21 65 45 56 2 82 14 105 125 133 23 80 69 52 114 98 44 128 11 112 41 18 13 30 46 78 40 17 26 15 100 51 79 149 127 119 16 73 84 66 92 67 3 10 135 110 54 49 27 38 48 57 93 101 64 117 6 121 107 77 145 147 43 144 75 124 142 131 83 111 108 68 129 62 113 39 109 130 137 42 34 115 35 140 85 106 89 88 102 122 29 47 60 143 19 12 138 99 90 22 24 136 94 7 36 58 139 25 116 70 76 31 50 32 118 33 95 141 71 53 134 86 96 120 132 146 87 104 37 126 20 72 123 74 9 103 59 1 4 148 28 5 61 97 8 
Coste: 9248732
Temperatura: 5.781825617886192
Probabilidad de aceptación: 0.0
Movimiento: NO



ITERACION 141
Solucion:    91 55 81 0 63 21 65 45 56 2 82 14 105 125 133 23 80 69 52 114 98 44 128 11 112 41 18 13 30 46 78 40 17 26 15 100 51 79 149 127 119 16 73 84 66 92 67 3 10 135 110 54 49 27 38 48 57 93 101 64 117 6 121 107 77 145 147 43 144 75 124 142 131 83 111 108 68 129 62 113 39 109 130 137 42 34 115 35 140 85 106 89 88 102 122 29 47 60 143 19 12 138 99 90 22 24 136 94 7 36 58 139 25 116 70 76 31 50 32 118 33 95 141 71 53 134 86 96 120 132 146 87 104 37 126 20 72 123 74 9 103 59 1 4 148 28 5 61 97 8 
Coste: 9248732
Temperatura: 5.203643056097573
Probabilidad de aceptación: 0.0
Movimiento: NO



ITERACION 142
Solucion:    91 55 81 0 63 21 65 45 56 2 82 14 105 125 133 23 80 69 52 114 98 44 128 11 112 41 18 13 30 46 78 40 17 26 15 100 51 79 149 127 119 16 73 84 66 92 67 3 10 135 110 54 49 27 38 48 57 93 101 64 117 6 121 107 77 145 147 43 144 75 124 142 131 83 111 108 68 129 62 113 39 109 130 137 42 34 115 35 140 85 106 89 88 102 122 29 47 60 143 19 12 138 99 90 22 24 136 94 7 36 58 139 25 116 70 1 31 50 32 118 33 95 141 71 53 134 86 96 120 132 146 87 104 37 126 20 72 123 74 9 103 59 76 4 148 28 5 61 97 8 
Coste: 9248628
Temperatura: 4.683278750487816
Probabilidad de aceptación: 0.0
Movimiento: NO



ITERACION 143
Solucion:    91 55 81 0 63 21 65 45 56 2 82 14 105 125 133 23 80 69 52 114 98 44 128 11 112 41 18 13 30 46 78 40 17 26 15 100 51 79 149 127 119 16 73 84 66 92 67 3 10 135 110 54 49 27 38 48 57 93 101 64 117 6 121 107 77 145 147 43 144 75 124 142 131 83 111 108 68 129 62 113 39 109 130 137 42 34 115 35 140 85 106 89 88 102 122 29 47 60 143 19 12 138 99 90 22 24 136 94 7 36 58 139 25 116 70 1 31 50 32 118 33 95 141 71 53 134 86 96 120 132 146 87 104 37 126 20 72 123 74 9 103 59 76 4 148 28 5 61 97 8 
Coste: 9248628
Temperatura: 4.214950875439035
Probabilidad de aceptación: 0.0
Movimiento: NO



ITERACION 144
Solucion:    91 55 81 0 63 21 65 45 56 2 82 14 105 125 133 23 80 69 52 114 98 44 128 11 112 41 18 13 30 46 78 40 17 26 15 100 51 79 149 148 119 16 73 84 66 92 67 3 10 135 110 54 49 27 38 48 57 93 101 64 117 6 121 107 77 145 147 43 144 75 124 142 131 83 111 108 68 129 62 113 39 109 130 137 42 34 115 35 140 85 106 89 88 102 122 29 47 60 143 19 12 138 99 90 22 24 136 94 7 36 58 139 25 116 127 1 31 50 32 118 33 95 141 71 53 134 86 70 120 96 146 87 104 37 126 20 72 123 74 9 103 59 76 4 132 28 5 61 97 8 
Coste: 9246951
Temperatura: 3.7934557878951316
Probabilidad de aceptación: 0.0
Movimiento: NO



ITERACION 145
Solucion:    91 55 81 0 63 21 65 45 56 2 82 14 105 125 133 23 80 69 52 114 98 44 128 11 112 41 18 13 30 46 78 40 17 26 15 100 51 79 149 148 119 16 73 84 66 92 67 3 10 135 110 54 49 27 38 48 57 93 101 64 117 6 121 107 77 145 147 43 144 75 124 142 131 83 111 108 68 129 62 113 39 109 130 137 42 34 115 35 140 85 106 89 88 102 122 29 47 60 143 19 12 138 99 90 22 24 136 94 7 36 58 139 25 116 127 1 31 50 32 118 33 95 141 71 53 134 86 70 120 96 146 87 104 37 126 20 72 123 74 9 103 59 76 4 132 5 28 61 97 8 
Coste: 9246663
Temperatura: 3.4141102091056186
Probabilidad de aceptación: 0.0
Movimiento: NO



ITERACION 146
Solucion:    91 55 81 0 63 21 65 45 56 2 82 14 105 125 133 23 80 69 52 114 98 44 128 11 112 41 18 13 30 46 78 40 17 26 15 100 51 79 149 148 119 16 73 84 66 92 67 3 10 135 110 54 49 27 38 48 57 93 101 64 117 6 121 107 77 145 147 43 144 75 124 142 131 83 111 108 68 129 62 113 39 109 130 137 42 34 115 35 140 85 106 89 88 102 122 29 47 60 143 19 12 138 99 90 22 24 136 94 7 36 58 139 25 116 127 1 31 50 32 118 33 95 141 71 53 134 86 70 120 96 146 87 104 37 126 20 72 123 74 9 103 59 76 4 132 5 28 61 97 8 
Coste: 9246663
Temperatura: 3.072699188195057
Probabilidad de aceptación: 0.0
Movimiento: NO



ITERACION 147
Solucion:    91 55 81 0 63 21 65 45 56 2 82 14 105 125 133 23 80 69 52 114 98 44 128 11 112 41 18 13 30 46 78 40 17 26 15 100 51 79 149 148 119 16 73 84 66 92 67 3 10 135 110 54 49 27 38 48 57 93 101 64 117 6 121 107 77 145 147 43 144 75 124 142 131 83 111 108 68 129 62 113 39 109 130 137 42 34 115 35 140 85 106 89 88 102 122 29 47 60 143 19 12 138 99 90 22 24 136 94 7 36 58 139 25 116 127 1 31 50 32 118 33 95 141 71 53 134 86 70 120 96 146 87 104 37 126 20 72 123 74 9 103 59 76 4 132 5 28 61 97 8 
Coste: 9246663
Temperatura: 2.7654292693755513
Probabilidad de aceptación: 2.643537571580128E-263
Movimiento: NO



ITERACION 148
Solucion:    91 55 81 0 63 21 65 45 56 2 82 14 105 125 133 23 80 69 52 114 98 44 128 11 112 41 18 13 30 46 78 40 17 26 15 100 51 79 149 148 119 16 73 84 66 92 67 3 10 135 110 54 49 27 38 48 57 93 101 64 117 6 121 107 77 145 147 43 144 75 124 142 131 83 111 108 68 129 62 113 39 109 130 137 42 34 115 35 140 85 106 89 88 102 122 29 47 60 143 19 12 138 99 90 22 24 136 94 7 36 58 139 25 116 127 1 31 50 32 118 33 95 141 71 53 134 86 70 120 96 146 87 104 37 126 20 72 123 74 9 103 59 76 4 132 5 28 61 97 8 
Coste: 9246663
Temperatura: 2.488886342437996
Probabilidad de aceptación: 1.502581784570747E-130
Movimiento: NO



ITERACION 149
Solucion:    91 55 81 0 63 21 65 45 56 2 82 14 105 125 133 23 80 69 52 114 98 44 128 11 112 41 18 13 30 46 78 40 17 26 15 100 51 79 149 148 119 16 73 84 66 92 67 3 10 135 110 54 49 27 38 48 57 93 101 64 117 6 121 107 77 145 147 43 144 75 124 142 131 83 111 108 68 129 62 113 39 109 130 137 42 34 115 35 140 85 106 89 88 102 122 29 47 60 143 19 12 138 99 90 22 24 136 94 7 36 58 139 25 116 127 1 31 50 32 118 33 95 141 71 53 134 86 70 120 96 146 87 104 37 126 20 72 123 74 9 103 59 76 4 132 5 28 61 97 8 
Coste: 9246663
Temperatura: 2.2399977081941964
Probabilidad de aceptación: 1.0
Movimiento: SI



