ITERACION 0
Solucion:    101 75 44 55 66 74 90 0 26 49 22 139 96 37 115 57 85 95 56 126 68 137 147 81 58 27 82 143 113 17 127 146 73 23 128 149 129 104 4 60 130 138 51 61 87 84 134 92 94 102 24 105 25 72 50 69 65 136 48 144 125 118 76 120 3 6 46 110 7 107 53 135 108 28 32 45 89 52 30 34 29 19 2 114 35 77 99 31 100 123 39 119 63 79 36 38 97 142 103 71 20 21 93 91 98 140 14 116 112 121 106 41 133 43 132 64 13 111 109 88 145 10 141 47 40 148 15 12 8 54 1 67 131 42 86 70 5 11 18 83 117 78 16 122 59 80 33 124 9 62 
Coste: 9824596
Temperatura: 1.4727546E7
Probabilidad de aceptación: 1.0
Movimiento: SI



ITERACION 1
Solucion:    75 62 101 44 55 66 74 90 0 26 49 22 139 96 37 115 57 85 95 56 126 68 137 147 81 58 27 82 143 113 17 127 146 73 23 128 149 129 104 4 60 130 138 51 61 87 84 134 92 94 102 24 105 25 72 50 69 65 136 48 144 125 118 76 120 3 6 46 110 7 107 53 135 108 28 32 45 89 52 30 34 29 19 2 114 35 77 99 31 100 123 39 119 63 79 36 38 97 142 103 71 20 21 93 91 98 140 14 116 112 121 106 41 133 43 132 64 13 111 109 88 145 10 141 47 40 148 15 12 8 54 1 67 131 42 86 70 5 11 18 83 117 78 16 122 59 80 33 124 9 
Coste: 9815476
Temperatura: 1.32547914E7
Probabilidad de aceptación: 1.0
Movimiento: SI



ITERACION 2
Solucion:    101 75 9 62 44 55 66 74 90 0 26 49 22 139 96 37 115 57 85 95 56 126 68 137 147 81 58 27 82 143 113 17 127 146 73 23 128 149 129 104 4 60 130 138 51 61 87 84 134 92 94 102 24 105 25 72 50 69 65 136 48 144 125 118 76 120 3 6 46 110 7 107 53 135 108 28 32 45 89 52 30 34 29 19 2 114 35 77 99 31 100 123 39 119 63 79 36 38 97 142 103 71 20 21 93 91 98 140 14 116 112 121 106 41 133 43 132 64 13 111 109 88 145 10 141 47 40 148 15 12 8 54 1 67 131 42 86 70 5 11 18 83 117 78 16 122 59 80 33 124 
Coste: 9797630
Temperatura: 1.192931226E7
Probabilidad de aceptación: 1.0
Movimiento: SI



ITERACION 3
Solucion:    62 101 75 124 9 44 55 66 74 90 0 26 49 22 139 96 37 115 57 85 95 56 126 68 137 147 81 58 27 82 143 113 17 127 146 73 23 128 149 129 104 4 60 130 138 51 61 87 84 134 92 94 102 24 105 25 72 50 69 65 136 48 144 125 118 76 120 3 6 46 110 7 107 53 135 108 28 32 45 89 52 30 34 29 19 2 114 35 77 99 31 100 123 39 119 63 79 36 38 97 142 103 71 20 21 93 91 98 140 14 116 112 121 106 41 133 43 132 64 13 111 109 88 145 10 141 47 40 148 15 12 8 54 1 67 131 42 86 70 5 11 18 83 117 78 16 122 59 80 33 
Coste: 9830222
Temperatura: 1.0736381034E7
Probabilidad de aceptación: 1.0
Movimiento: SI



ITERACION 4
Solucion:    9 62 101 75 33 124 44 55 66 74 90 0 26 49 22 139 96 37 115 57 85 95 56 126 68 137 147 81 58 27 82 143 113 17 127 146 73 23 128 149 129 104 4 60 130 138 51 61 87 84 134 92 94 102 24 105 25 72 50 69 65 136 48 144 125 118 76 120 3 6 46 110 7 107 53 135 108 28 32 45 89 52 30 34 29 19 2 114 35 77 99 31 100 123 39 119 63 79 36 38 97 142 103 71 20 21 93 91 98 140 14 116 112 121 106 41 133 43 132 64 13 111 109 88 145 10 141 47 40 148 15 12 8 54 1 67 131 42 86 70 5 11 18 83 117 78 16 122 59 80 
Coste: 9843724
Temperatura: 9662742.9306
Probabilidad de aceptación: 1.0
Movimiento: SI



ITERACION 5
Solucion:    124 9 62 101 75 80 33 44 55 66 74 90 0 26 49 22 139 96 37 115 57 85 95 56 126 68 137 147 81 58 27 82 143 113 17 127 146 73 23 128 149 129 104 4 60 130 138 51 61 87 84 134 92 94 102 24 105 25 72 50 69 65 136 48 144 125 118 76 120 3 6 46 110 7 107 53 135 108 28 32 45 89 52 30 34 29 19 2 114 35 77 99 31 100 123 39 119 63 79 36 38 97 142 103 71 20 21 93 91 98 140 14 116 112 121 106 41 133 43 132 64 13 111 109 88 145 10 141 47 40 148 15 12 8 54 1 67 131 42 86 70 5 11 18 83 117 78 16 122 59 
Coste: 9855494
Temperatura: 8696468.637540001
Probabilidad de aceptación: 1.0
Movimiento: SI



ITERACION 6
Solucion:    33 124 9 62 101 75 59 80 44 55 66 74 90 0 26 49 22 139 96 37 115 57 85 95 56 126 68 137 147 81 58 27 82 143 113 17 127 146 73 23 128 149 129 104 4 60 130 138 51 61 87 84 134 92 94 102 24 105 25 72 50 69 65 136 48 144 125 118 76 120 3 6 46 110 7 107 53 135 108 28 32 45 89 52 30 34 29 19 2 114 35 77 99 31 100 123 39 119 63 79 36 38 97 142 103 71 20 21 93 91 98 140 14 116 112 121 106 41 133 43 132 64 13 111 109 88 145 10 141 47 40 148 15 12 8 54 1 67 131 42 86 70 5 11 18 83 117 78 16 122 
Coste: 9872614
Temperatura: 7826821.773786002
Probabilidad de aceptación: 1.0
Movimiento: SI



ITERACION 7
Solucion:    80 33 124 9 62 101 75 122 59 44 55 66 74 90 0 26 49 22 139 96 37 115 57 85 95 56 126 68 137 147 81 58 27 82 143 113 17 127 146 73 23 128 149 129 104 4 60 130 138 51 61 87 84 134 92 94 102 24 105 25 72 50 69 65 136 48 144 125 118 76 120 3 6 46 110 7 107 53 135 108 28 32 45 89 52 30 34 29 19 2 114 35 77 99 31 100 123 39 119 63 79 36 38 97 142 103 71 20 21 93 91 98 140 14 116 112 121 106 41 133 43 132 64 13 111 109 88 145 10 141 47 40 148 15 12 8 54 1 67 131 42 86 70 5 11 18 83 117 78 16 
Coste: 9866903
Temperatura: 7044139.596407401
Probabilidad de aceptación: 1.0
Movimiento: SI



ITERACION 8
Solucion:    59 80 33 124 9 62 101 75 16 122 44 55 66 74 90 0 26 49 22 139 96 37 115 57 85 95 56 126 68 137 147 81 58 27 82 143 113 17 127 146 73 23 128 149 129 104 4 60 130 138 51 61 87 84 134 92 94 102 24 105 25 72 50 69 65 136 48 144 125 118 76 120 3 6 46 110 7 107 53 135 108 28 32 45 89 52 30 34 29 19 2 114 35 77 99 31 100 123 39 119 63 79 36 38 97 142 103 71 20 21 93 91 98 140 14 116 112 121 106 41 133 43 132 64 13 111 109 88 145 10 141 47 40 148 15 12 8 54 1 67 131 42 86 70 5 11 18 83 117 78 
Coste: 9788922
Temperatura: 6339725.636766661
Probabilidad de aceptación: 1.0
Movimiento: SI



ITERACION 9
Solucion:    122 59 80 33 124 9 62 101 75 78 16 44 55 66 74 90 0 26 49 22 139 96 37 115 57 85 95 56 126 68 137 147 81 58 27 82 143 113 17 127 146 73 23 128 149 129 104 4 60 130 138 51 61 87 84 134 92 94 102 24 105 25 72 50 69 65 136 48 144 125 118 76 120 3 6 46 110 7 107 53 135 108 28 32 45 89 52 30 34 29 19 2 114 35 77 99 31 100 123 39 119 63 79 36 38 97 142 103 71 20 21 93 91 98 140 14 116 112 121 106 41 133 43 132 64 13 111 109 88 145 10 141 47 40 148 15 12 8 54 1 67 131 42 86 70 5 11 18 83 117 
Coste: 9803239
Temperatura: 5705753.073089995
Probabilidad de aceptación: 1.0
Movimiento: SI



ITERACION 10
Solucion:    16 122 59 80 33 124 9 62 101 75 117 78 44 55 66 74 90 0 26 49 22 139 96 37 115 57 85 95 56 126 68 137 147 81 58 27 82 143 113 17 127 146 73 23 128 149 129 104 4 60 130 138 51 61 87 84 134 92 94 102 24 105 25 72 50 69 65 136 48 144 125 118 76 120 3 6 46 110 7 107 53 135 108 28 32 45 89 52 30 34 29 19 2 114 35 77 99 31 100 123 39 119 63 79 36 38 97 142 103 71 20 21 93 91 98 140 14 116 112 121 106 41 133 43 132 64 13 111 109 88 145 10 141 47 40 148 15 12 8 54 1 67 131 42 86 70 5 11 18 83 
Coste: 9811842
Temperatura: 5135177.765780996
Probabilidad de aceptación: 1.0
Movimiento: SI



ITERACION 11
Solucion:    78 16 122 59 80 33 124 9 62 101 75 83 117 44 55 66 74 90 0 26 49 22 139 96 37 115 57 85 95 56 126 68 137 147 81 58 27 82 143 113 17 127 146 73 23 128 149 129 104 4 60 130 138 51 61 87 84 134 92 94 102 24 105 25 72 50 69 65 136 48 144 125 118 76 120 3 6 46 110 7 107 53 135 108 28 32 45 89 52 30 34 29 19 2 114 35 77 99 31 100 123 39 119 63 79 36 38 97 142 103 71 20 21 93 91 98 140 14 116 112 121 106 41 133 43 132 64 13 111 109 88 145 10 141 47 40 148 15 12 8 54 1 67 131 42 86 70 5 11 18 
Coste: 9800548
Temperatura: 4621659.989202896
Probabilidad de aceptación: 1.0
Movimiento: SI



ITERACION 12
Solucion:    117 78 16 122 59 80 33 124 9 62 101 75 18 83 44 55 66 74 90 0 26 49 22 139 96 37 115 57 85 95 56 126 68 137 147 81 58 27 82 143 113 17 127 146 73 23 128 149 129 104 4 60 130 138 51 61 87 84 134 92 94 102 24 105 25 72 50 69 65 136 48 144 125 118 76 120 3 6 46 110 7 107 53 135 108 28 32 45 89 52 30 34 29 19 2 114 35 77 99 31 100 123 39 119 63 79 36 38 97 142 103 71 20 21 93 91 98 140 14 116 112 121 106 41 133 43 132 64 13 111 109 88 145 10 141 47 40 148 15 12 8 54 1 67 131 42 86 70 5 11 
Coste: 9836666
Temperatura: 4159493.990282607
Probabilidad de aceptación: 1.0
Movimiento: SI



ITERACION 13
Solucion:    83 117 78 16 122 59 80 33 124 9 62 101 75 11 18 44 55 66 74 90 0 26 49 22 139 96 37 115 57 85 95 56 126 68 137 147 81 58 27 82 143 113 17 127 146 73 23 128 149 129 104 4 60 130 138 51 61 87 84 134 92 94 102 24 105 25 72 50 69 65 136 48 144 125 118 76 120 3 6 46 110 7 107 53 135 108 28 32 45 89 52 30 34 29 19 2 114 35 77 99 31 100 123 39 119 63 79 36 38 97 142 103 71 20 21 93 91 98 140 14 116 112 121 106 41 133 43 132 64 13 111 109 88 145 10 47 141 40 148 15 12 8 54 1 67 131 42 86 70 5 
Coste: 9819656
Temperatura: 3743544.591254346
Probabilidad de aceptación: 1.0
Movimiento: SI



ITERACION 14
Solucion:    18 83 117 78 16 122 59 80 33 124 9 62 101 75 5 11 44 55 66 74 90 0 26 49 22 139 96 37 115 57 85 95 56 126 68 137 147 81 58 27 82 143 113 17 127 146 73 23 128 149 129 104 4 60 130 138 51 61 87 84 134 92 94 102 24 105 25 72 50 69 65 136 48 144 125 118 76 120 3 6 46 110 7 107 53 135 108 28 32 45 89 52 30 34 29 19 2 114 35 77 99 31 100 123 39 119 63 79 36 38 97 142 103 71 20 21 93 91 98 140 14 116 112 121 106 41 133 43 132 64 13 111 109 88 145 10 47 141 40 148 15 12 8 54 1 67 131 42 86 70 
Coste: 9843474
Temperatura: 3369190.1321289116
Probabilidad de aceptación: 1.0
Movimiento: SI



ITERACION 15
Solucion:    11 18 83 117 78 16 122 59 80 33 124 9 62 101 75 70 5 44 55 66 74 90 0 26 49 22 139 96 37 115 57 85 95 56 126 68 137 147 81 58 27 82 143 113 17 127 146 73 23 128 149 129 104 4 60 130 138 51 61 87 84 134 92 94 102 24 105 25 72 50 69 65 136 48 144 125 118 76 120 3 6 46 110 7 107 53 135 108 28 32 45 89 52 30 34 29 19 2 114 35 77 99 31 100 123 39 119 63 79 36 38 97 142 103 71 20 21 93 91 98 140 14 116 112 121 106 41 133 43 132 64 13 111 109 88 145 10 47 141 40 148 15 12 8 54 1 67 131 42 86 
Coste: 9860411
Temperatura: 3032271.1189160203
Probabilidad de aceptación: 1.0
Movimiento: SI



ITERACION 16
Solucion:    5 11 18 83 117 78 16 122 59 80 33 124 9 62 101 75 86 70 44 55 66 74 90 0 26 49 22 139 96 37 115 57 85 95 56 126 68 137 147 81 58 27 82 143 113 17 127 146 73 23 128 149 129 104 4 60 130 138 51 61 87 84 134 92 94 102 24 105 25 72 50 69 65 136 48 144 125 118 76 120 3 6 46 110 7 107 53 135 108 28 32 45 89 52 30 34 29 19 2 114 35 77 99 31 100 123 39 119 63 79 36 38 97 142 103 71 20 21 93 91 98 140 14 116 112 121 106 41 133 43 132 64 13 111 109 88 145 10 47 141 40 148 15 12 8 54 1 67 131 42 
Coste: 9842604
Temperatura: 2729044.007024418
Probabilidad de aceptación: 1.0
Movimiento: SI



ITERACION 17
Solucion:    70 5 11 18 83 117 78 16 122 59 80 33 124 9 62 101 75 42 86 44 55 66 74 90 0 26 49 22 139 96 37 115 57 85 95 56 126 68 137 147 81 58 27 82 143 113 17 127 146 73 23 128 149 129 104 4 60 130 138 51 61 87 84 134 92 94 102 24 105 25 72 50 69 65 136 48 144 125 118 76 120 3 6 46 110 7 107 53 135 108 28 32 45 89 52 30 34 29 19 2 114 35 77 99 31 100 123 39 119 63 79 36 38 97 142 103 71 20 21 93 91 98 140 14 116 112 121 106 41 133 43 132 64 13 111 109 88 145 10 47 141 40 148 15 12 8 54 1 67 131 
Coste: 9828573
Temperatura: 2456139.6063219765
Probabilidad de aceptación: 1.0
Movimiento: SI



ITERACION 18
Solucion:    86 70 5 11 18 83 117 78 16 122 59 80 33 124 9 62 101 75 131 42 44 55 66 74 90 0 26 49 22 139 96 37 115 57 85 95 56 126 68 137 147 81 58 27 82 143 113 17 127 146 73 23 128 149 129 104 4 60 130 138 51 61 87 84 134 92 94 102 24 105 25 72 50 69 65 136 48 144 125 118 76 120 3 6 46 110 7 107 53 135 108 28 32 45 89 52 30 34 29 19 2 114 35 77 99 31 100 123 39 63 119 79 36 38 97 142 103 71 20 21 93 91 98 140 14 116 112 121 106 41 133 43 132 64 13 111 109 88 145 10 47 141 40 148 15 12 8 54 1 67 
Coste: 9836925
Temperatura: 2210525.645689779
Probabilidad de aceptación: 1.0
Movimiento: SI



ITERACION 19
Solucion:    42 86 70 5 11 18 83 117 78 16 122 59 80 33 124 9 62 101 75 67 131 44 55 66 74 90 0 26 49 22 139 96 37 115 57 85 95 56 126 68 137 147 81 58 27 82 143 113 17 127 146 73 23 128 149 129 104 4 60 130 138 51 61 87 84 134 92 94 102 24 105 25 72 50 69 65 136 48 144 125 118 76 120 3 6 46 110 7 107 53 135 108 28 32 45 89 52 30 34 29 19 2 114 35 77 99 31 100 123 39 63 119 79 36 38 97 142 103 71 20 21 93 91 98 140 14 116 112 121 106 41 133 43 132 64 13 111 109 88 145 10 47 141 40 148 15 12 8 54 1 
Coste: 9853873
Temperatura: 1989473.0811208012
Probabilidad de aceptación: 1.0
Movimiento: SI



ITERACION 20
Solucion:    131 42 86 70 5 11 18 83 117 78 16 122 59 80 33 124 9 62 101 75 1 67 44 55 66 74 90 0 26 49 22 139 96 37 115 57 85 95 56 126 68 137 147 81 58 27 82 143 113 17 127 146 73 23 128 149 129 104 4 60 130 138 51 61 87 84 134 92 94 102 24 105 25 72 50 69 65 136 48 144 125 118 76 120 3 6 46 110 7 107 53 135 108 28 32 45 89 52 30 34 29 19 2 114 35 77 99 31 100 123 39 63 119 79 36 38 97 142 103 71 20 21 93 91 98 140 14 116 112 121 106 41 133 43 132 64 13 111 109 88 145 10 47 141 40 148 15 12 8 54 
Coste: 9875837
Temperatura: 1790525.7730087212
Probabilidad de aceptación: 1.0
Movimiento: SI



ITERACION 21
Solucion:    67 131 42 86 70 5 11 18 83 117 78 16 122 59 80 33 124 9 62 101 75 54 1 44 55 66 74 90 0 26 49 22 139 96 37 115 57 85 95 56 126 68 137 147 81 58 27 82 143 113 17 127 146 73 23 128 149 129 104 4 60 130 138 51 61 87 84 134 92 94 102 24 105 25 72 50 69 65 136 48 144 125 118 76 120 3 6 46 110 7 107 53 135 108 28 32 45 89 52 30 34 29 19 114 2 35 77 99 31 100 123 39 63 119 79 36 38 97 142 71 103 20 21 93 91 98 140 14 116 112 121 106 41 133 43 132 64 13 111 109 88 145 10 47 141 40 148 15 12 8 
Coste: 9864299
Temperatura: 1611473.195707849
Probabilidad de aceptación: 1.0
Movimiento: SI



ITERACION 22
Solucion:    1 67 42 131 86 70 5 11 18 83 117 78 16 122 59 80 33 124 9 62 101 75 8 54 44 55 66 74 90 0 26 49 22 139 96 37 115 57 85 95 56 126 68 137 147 81 58 27 82 143 113 17 127 146 73 23 128 149 129 104 4 60 130 138 51 61 87 84 134 92 94 102 24 105 25 72 50 69 65 136 48 144 125 118 76 120 3 6 46 110 7 107 53 135 108 28 32 45 89 52 30 34 29 114 19 2 35 77 99 31 100 123 39 63 119 79 36 38 97 142 71 103 20 21 93 91 98 140 14 116 112 121 106 41 133 43 132 64 13 111 109 88 145 10 47 141 40 148 15 12 
Coste: 9887317
Temperatura: 1450325.876137064
Probabilidad de aceptación: 1.0
Movimiento: SI



ITERACION 23
Solucion:    54 1 67 42 131 86 70 5 11 18 83 117 78 16 122 59 80 33 124 9 62 101 75 12 8 44 55 66 74 90 0 26 49 22 139 96 37 115 57 85 95 56 126 68 137 147 81 58 27 82 143 113 17 127 146 73 23 128 149 129 104 4 60 130 138 51 61 87 84 134 92 94 102 24 105 25 72 50 69 65 136 48 144 125 118 76 120 3 6 46 110 7 107 53 135 108 28 32 45 89 52 30 34 29 114 19 2 35 77 99 31 100 123 39 63 119 79 36 38 97 71 142 103 20 21 93 91 98 140 14 116 112 121 106 41 133 43 132 64 13 111 109 88 145 10 47 141 40 148 15 
Coste: 9832875
Temperatura: 1305293.2885233576
Probabilidad de aceptación: 1.0
Movimiento: SI



ITERACION 24
Solucion:    8 54 1 67 42 131 86 70 5 11 18 83 117 78 16 122 59 80 33 124 9 62 101 75 15 12 44 55 66 74 90 0 26 49 22 139 96 37 115 57 85 95 56 126 68 137 147 81 58 27 82 143 113 17 127 146 73 23 128 149 129 104 4 60 130 138 51 61 87 84 134 92 94 102 24 105 25 72 50 69 65 136 48 144 125 118 76 120 3 6 46 110 7 107 53 135 108 28 32 45 89 52 30 34 29 114 19 2 35 77 99 31 100 123 39 63 119 79 36 38 97 71 142 103 20 21 93 91 98 140 14 116 112 121 106 41 133 43 132 64 13 111 109 88 145 10 47 141 40 148 
Coste: 9800631
Temperatura: 1174763.959671022
Probabilidad de aceptación: 1.0
Movimiento: SI



ITERACION 25
Solucion:    12 8 54 1 67 42 131 86 70 5 11 18 83 117 78 16 122 59 80 33 124 9 62 101 75 148 15 44 55 66 74 90 0 26 49 22 139 96 37 115 57 85 95 56 126 68 137 147 81 58 27 82 143 113 17 127 146 73 23 128 149 129 104 4 60 130 138 51 61 87 84 134 92 94 102 24 105 25 72 50 69 65 136 48 144 125 118 76 120 3 6 46 110 7 107 53 135 108 28 32 45 89 52 30 34 29 114 19 2 35 77 99 31 100 123 39 63 119 79 36 38 97 71 142 103 20 21 93 91 98 140 14 116 112 121 106 41 133 43 132 64 13 111 109 88 145 10 47 141 40 
Coste: 9790113
Temperatura: 1057287.5637039198
Probabilidad de aceptación: 1.0
Movimiento: SI



ITERACION 26
Solucion:    15 12 8 54 1 67 42 131 86 70 5 11 18 83 117 78 16 122 59 80 33 124 9 62 101 75 40 148 44 55 66 74 90 0 26 49 22 139 96 37 115 57 85 95 56 126 68 137 147 81 58 27 82 143 113 17 127 146 73 23 128 149 129 104 4 60 130 138 51 61 87 84 134 92 94 102 24 105 25 72 50 69 65 136 48 144 125 118 76 120 3 6 46 110 7 107 53 135 108 28 32 45 89 52 30 34 29 114 19 2 35 77 99 31 100 123 39 63 119 79 36 38 97 71 142 103 20 21 93 91 98 140 14 116 112 121 106 41 133 43 132 64 13 111 109 88 145 10 47 141 
Coste: 9780545
Temperatura: 951558.8073335278
Probabilidad de aceptación: 1.0
Movimiento: SI



ITERACION 27
Solucion:    148 15 12 8 54 1 67 42 131 86 70 5 11 18 83 117 78 16 122 59 80 33 124 9 62 101 75 141 40 44 55 66 74 90 0 26 49 22 139 96 37 115 57 85 95 56 126 68 147 137 81 58 27 82 143 113 17 127 146 73 23 128 149 129 104 4 60 130 138 51 61 87 84 134 92 94 102 24 105 25 72 50 69 65 136 48 144 125 118 76 120 3 6 46 110 7 107 53 135 108 28 32 45 89 52 30 34 29 114 19 2 35 77 99 31 100 123 39 63 119 79 36 38 97 71 142 103 20 21 93 91 98 140 14 116 112 121 106 41 133 43 132 64 13 111 109 88 145 10 47 
Coste: 9826374
Temperatura: 856402.9266001751
Probabilidad de aceptación: 1.0
Movimiento: SI



ITERACION 28
Solucion:    40 148 15 12 8 54 1 67 42 131 86 70 5 11 18 83 117 78 16 122 59 80 33 124 9 62 101 75 47 141 44 55 66 74 90 0 26 49 22 139 96 37 115 57 85 95 56 126 68 147 137 81 58 27 82 143 113 17 127 146 73 23 128 149 129 104 4 60 130 138 51 61 87 84 134 92 94 102 24 105 25 72 50 69 65 136 48 144 125 118 76 120 3 6 46 110 7 107 53 135 108 28 32 45 89 52 30 34 29 114 19 2 35 77 99 31 100 123 39 63 119 79 36 38 97 71 142 103 20 21 93 91 98 140 14 116 112 121 106 41 133 43 132 64 13 111 109 88 145 10 
Coste: 9824055
Temperatura: 770762.6339401576
Probabilidad de aceptación: 1.0
Movimiento: SI



ITERACION 29
Solucion:    141 40 148 15 12 8 54 1 67 42 131 86 70 5 11 18 83 117 78 16 122 59 80 33 124 9 62 101 75 10 47 44 55 66 74 90 0 26 49 22 139 96 37 115 57 85 95 56 126 68 147 137 81 58 27 82 143 113 17 127 146 73 23 128 149 129 104 4 60 130 138 51 61 87 84 134 92 94 102 24 105 25 72 50 69 65 136 48 144 125 118 76 120 3 6 46 110 7 107 53 135 108 28 32 45 89 52 30 34 29 114 19 2 35 77 99 31 100 123 39 63 119 79 36 38 97 71 142 103 21 20 93 98 91 140 14 116 112 121 106 41 133 43 132 64 13 109 111 88 145 
Coste: 9818187
Temperatura: 693686.3705461419
Probabilidad de aceptación: 1.0
Movimiento: SI



ITERACION 30
Solucion:    47 141 40 148 15 12 8 54 1 67 42 131 86 70 5 11 18 83 117 78 16 122 59 80 33 124 9 62 101 75 145 10 44 55 66 74 90 0 26 49 22 139 96 37 115 57 85 95 56 126 68 147 137 81 58 27 82 143 113 127 17 146 73 23 128 149 129 104 4 60 130 138 51 61 87 84 134 92 94 102 24 105 25 72 50 69 65 136 48 144 125 118 76 120 3 6 46 110 7 107 53 135 108 28 32 45 89 52 30 34 29 114 19 2 35 77 99 31 100 123 39 63 119 79 36 38 97 71 142 103 21 20 93 98 91 140 14 116 112 121 106 41 133 43 132 64 13 109 111 88 
Coste: 9832682
Temperatura: 624317.7334915277
Probabilidad de aceptación: 1.0
Movimiento: SI



ITERACION 31
Solucion:    10 47 141 40 148 15 12 8 54 1 67 42 131 86 70 5 11 18 83 117 78 16 122 59 80 33 124 9 62 101 75 88 145 44 55 66 74 90 0 26 49 22 139 96 37 115 57 85 95 56 126 68 147 137 81 58 27 82 143 113 127 17 146 73 23 128 149 129 104 4 60 130 138 51 61 87 84 134 92 94 102 24 105 25 72 50 69 65 136 48 144 125 118 76 120 3 6 46 110 7 107 53 135 108 28 32 45 89 52 30 34 29 114 19 2 35 77 99 31 100 123 39 63 119 79 36 38 97 71 142 103 21 20 93 98 91 140 14 116 112 121 106 41 133 43 132 64 13 109 111 
Coste: 9832277
Temperatura: 561885.960142375
Probabilidad de aceptación: 1.0
Movimiento: SI



ITERACION 32
Solucion:    145 10 47 141 40 148 15 12 8 54 1 67 42 131 86 70 5 11 18 83 117 78 16 122 59 80 33 124 9 62 101 75 111 88 44 55 66 74 90 0 26 49 22 139 96 37 115 57 85 95 56 126 68 147 137 81 58 27 82 143 113 127 17 146 73 23 128 149 129 104 4 60 130 138 51 61 87 84 134 92 94 102 24 105 25 72 50 69 65 136 48 144 125 118 76 120 3 6 46 110 7 107 53 135 108 28 32 45 89 52 30 34 29 114 19 2 35 77 99 31 100 123 39 63 119 79 36 38 71 97 142 103 21 20 93 98 91 140 14 116 112 121 106 41 133 43 132 64 13 109 
Coste: 9810776
Temperatura: 505697.3641281375
Probabilidad de aceptación: 1.0
Movimiento: SI



ITERACION 33
Solucion:    88 145 10 47 141 40 148 15 12 8 1 54 67 42 131 86 70 5 11 18 83 117 78 16 122 59 80 33 124 9 62 101 75 109 111 44 55 66 74 90 0 26 49 139 22 96 37 115 57 85 95 56 126 68 147 137 81 58 27 82 143 113 127 17 146 73 23 128 149 129 104 4 60 130 138 51 61 87 84 134 92 94 102 24 105 25 72 50 69 65 136 48 144 125 118 76 120 3 6 46 110 7 107 53 135 108 28 32 45 89 52 30 34 29 114 19 2 35 99 77 31 100 123 39 63 119 79 36 38 71 97 142 103 21 20 93 98 91 140 14 116 112 121 106 41 133 43 132 64 13 
Coste: 9815160
Temperatura: 455127.62771532376
Probabilidad de aceptación: 1.0
Movimiento: SI



ITERACION 34
Solucion:    111 88 145 10 47 141 40 148 15 12 8 1 54 67 42 131 86 70 5 11 18 83 117 78 16 122 59 80 33 124 9 62 101 75 13 109 44 55 66 74 90 0 26 49 139 22 96 37 115 57 85 95 56 126 68 147 137 81 58 27 82 143 113 127 17 146 73 23 128 149 129 104 4 60 130 138 51 61 87 84 134 92 94 102 24 105 25 72 50 69 65 136 48 144 125 118 76 120 3 6 46 110 7 107 53 135 108 28 32 45 89 52 30 34 29 114 19 2 35 99 77 31 100 123 39 63 119 79 36 38 71 97 142 103 21 20 93 98 91 140 14 116 112 121 106 41 133 43 132 64 
Coste: 9801566
Temperatura: 409614.8649437914
Probabilidad de aceptación: 1.0
Movimiento: SI



ITERACION 35
Solucion:    109 111 88 145 10 47 141 40 148 15 12 8 1 54 67 42 131 86 70 5 11 18 83 117 78 16 122 59 33 80 124 9 62 101 75 64 13 44 55 66 74 90 0 26 49 139 22 96 37 115 57 85 95 56 126 68 147 137 81 58 27 82 143 113 127 17 146 73 23 128 149 129 104 4 60 130 138 51 61 87 84 134 92 94 102 24 105 25 72 50 69 65 136 48 144 125 118 76 120 3 6 46 110 7 107 53 135 108 28 32 45 89 52 30 34 29 114 19 2 35 99 77 31 100 123 39 63 119 79 36 38 71 97 142 103 21 20 93 98 91 140 14 116 112 121 106 41 133 43 132 
Coste: 9839778
Temperatura: 368653.3784494123
Probabilidad de aceptación: 1.0
Movimiento: SI



ITERACION 36
Solucion:    13 109 111 88 145 10 141 47 40 148 15 12 8 1 54 67 42 131 86 70 5 11 18 83 117 78 16 122 59 33 80 124 9 62 101 75 43 64 44 55 66 74 90 0 26 49 139 22 96 115 37 57 85 95 56 126 68 147 137 81 58 27 82 143 113 127 17 146 73 23 128 149 129 104 4 60 130 138 51 61 87 84 134 92 94 102 24 105 25 72 50 69 65 136 48 144 125 118 76 120 3 6 46 110 7 107 53 135 108 28 32 45 89 52 30 34 29 114 19 2 35 99 77 31 100 123 39 63 119 79 36 38 71 97 142 103 21 20 93 98 91 140 14 116 112 121 106 41 133 132 
Coste: 9847503
Temperatura: 331788.04060447105
Probabilidad de aceptación: 0.9432197459925565
Movimiento: NO



ITERACION 37
Solucion:    64 13 109 111 88 145 10 141 47 40 148 15 12 8 1 54 42 67 131 86 70 5 11 18 83 117 78 16 122 59 33 80 124 9 62 101 75 132 43 44 55 66 74 90 0 26 49 139 22 96 115 37 57 85 95 56 126 68 147 137 81 58 27 82 143 113 127 17 146 73 23 128 149 129 104 4 60 130 138 51 61 87 84 134 92 94 102 24 105 25 72 50 69 65 136 48 144 125 118 76 120 3 6 46 110 7 107 53 135 108 28 32 45 89 52 30 34 29 114 19 2 35 99 77 31 100 123 39 63 119 79 36 38 71 97 142 103 21 20 93 98 91 140 14 116 112 121 106 41 133 
Coste: 9860011
Temperatura: 298609.23654402397
Probabilidad de aceptación: 1.0
Movimiento: SI



ITERACION 38
Solucion:    43 64 13 109 111 88 145 10 141 47 40 148 15 12 8 1 54 42 67 131 86 70 5 11 18 83 117 78 16 122 59 33 80 124 9 62 101 75 133 132 44 55 66 74 90 0 26 49 139 22 96 115 37 57 85 95 56 126 68 147 137 81 58 27 82 143 113 127 17 146 73 23 128 149 129 104 4 60 130 138 51 61 87 84 134 92 94 102 24 105 25 72 50 69 65 136 48 144 125 118 76 120 3 6 46 110 7 107 53 135 108 28 32 45 89 52 30 34 29 114 19 2 35 99 77 31 100 123 39 63 119 79 36 38 71 97 142 103 21 20 93 98 91 140 14 116 112 121 106 41 
Coste: 9811718
Temperatura: 268748.3128896216
Probabilidad de aceptación: 1.0
Movimiento: SI



ITERACION 39
Solucion:    132 43 64 13 109 111 88 145 10 141 47 40 148 15 12 8 1 54 42 67 131 86 70 5 11 18 83 117 78 16 59 122 33 80 124 9 62 101 75 41 133 44 55 66 74 90 0 26 49 139 22 96 115 37 57 85 95 56 126 68 147 137 81 58 27 82 143 113 127 17 146 73 23 128 149 129 104 4 60 130 138 51 61 87 84 134 92 94 102 24 105 25 72 50 69 65 136 48 144 125 118 76 120 3 6 46 110 7 107 53 135 108 28 32 45 89 52 30 34 29 114 19 2 35 99 77 31 100 123 39 63 119 79 36 38 71 97 142 103 21 20 93 98 91 140 14 116 112 121 106 
Coste: 9778159
Temperatura: 241873.48160065943
Probabilidad de aceptación: 1.0
Movimiento: SI



ITERACION 40
Solucion:    133 132 43 64 13 109 111 88 145 10 141 47 40 148 15 12 8 1 54 42 67 131 86 5 70 11 18 83 117 78 16 59 122 33 80 124 9 62 101 75 106 41 44 55 66 74 90 0 26 49 139 22 96 115 37 57 85 95 56 126 68 147 137 81 58 27 82 143 113 127 17 146 73 23 128 149 129 104 4 60 130 138 51 61 87 84 134 92 94 102 24 105 25 72 50 69 65 136 48 144 125 118 76 120 3 6 46 110 7 107 53 135 108 28 32 45 89 52 30 34 114 29 19 2 35 99 77 31 100 39 123 63 119 79 36 38 71 97 142 103 21 20 93 98 91 140 14 116 112 121 
Coste: 9746021
Temperatura: 217686.1334405935
Probabilidad de aceptación: 1.0
Movimiento: SI



ITERACION 41
Solucion:    41 133 132 43 64 13 109 111 88 145 10 141 47 40 148 15 12 8 1 54 42 67 131 86 5 70 11 18 83 117 78 16 59 122 33 80 124 9 62 101 75 121 106 44 55 66 74 90 0 26 49 139 22 96 115 37 57 85 95 56 126 68 147 137 81 58 27 82 143 113 127 17 146 73 23 128 149 129 104 4 60 130 138 51 61 87 84 134 92 94 102 24 105 25 72 50 69 65 136 48 144 125 118 76 120 3 6 46 110 7 107 53 135 108 28 32 45 89 52 30 114 34 29 19 2 35 99 31 77 100 39 123 63 119 79 36 38 71 97 142 103 21 20 93 98 91 140 14 116 112 
Coste: 9730988
Temperatura: 195917.52009653414
Probabilidad de aceptación: 1.0
Movimiento: SI



ITERACION 42
Solucion:    106 41 133 132 43 64 13 109 111 88 145 10 141 47 40 148 15 12 8 1 54 42 67 131 86 5 70 11 18 83 117 78 16 59 122 33 80 124 9 62 101 75 112 121 44 55 66 74 90 0 26 49 139 22 96 115 37 57 85 95 126 56 68 147 137 81 58 27 82 143 113 127 17 146 73 23 128 149 129 104 4 60 130 138 51 61 87 84 134 92 94 102 24 105 25 72 50 69 65 136 48 144 125 118 76 120 3 6 46 110 7 107 53 135 108 28 32 45 89 52 30 114 34 29 19 2 35 99 31 77 100 39 123 63 119 36 79 38 71 97 142 103 21 20 93 98 91 140 14 116 
Coste: 9804335
Temperatura: 176325.76808688074
Probabilidad de aceptación: 1.0
Movimiento: SI



ITERACION 43
Solucion:    121 106 41 133 132 43 64 13 109 111 88 145 10 141 47 40 148 15 12 8 1 54 42 67 131 86 5 70 11 18 83 117 78 16 59 122 33 80 124 9 62 101 75 116 112 44 55 66 74 90 0 26 49 139 22 96 115 37 57 85 95 126 56 68 147 137 81 58 27 82 143 113 127 17 146 73 23 128 149 129 104 4 60 130 138 51 61 87 84 134 92 94 102 24 105 25 72 50 69 65 136 48 144 125 118 76 120 3 6 46 110 7 107 53 135 108 28 32 45 89 52 30 114 34 29 19 2 35 99 31 77 100 39 123 63 119 36 79 38 71 97 142 103 21 20 93 98 91 140 14 
Coste: 9807280
Temperatura: 158693.19127819268
Probabilidad de aceptación: 1.0
Movimiento: SI



ITERACION 44
Solucion:    121 112 106 41 133 132 43 64 13 109 111 88 145 10 141 47 40 148 15 12 8 1 54 42 67 131 86 5 70 11 18 83 117 78 16 59 122 33 80 124 9 62 101 75 14 116 44 55 66 74 90 0 26 49 139 22 96 115 37 57 85 95 126 56 68 147 137 81 58 27 82 143 113 127 17 146 73 23 128 149 129 104 4 60 130 138 51 61 87 84 134 92 94 102 24 105 25 72 50 69 65 136 48 144 125 118 76 120 3 6 46 110 7 107 53 135 108 28 32 45 89 52 30 114 34 29 19 2 35 99 31 77 100 39 123 63 119 36 79 38 71 97 142 103 21 20 93 98 91 140 
Coste: 9803849
Temperatura: 142823.8721503734
Probabilidad de aceptación: 1.0
Movimiento: SI



ITERACION 45
Solucion:    116 112 121 106 41 133 132 43 64 13 109 111 88 145 10 141 47 40 148 15 12 8 1 54 42 67 131 86 5 70 11 18 83 117 78 16 59 122 33 80 124 9 62 101 75 140 14 44 55 66 74 90 0 26 49 139 22 96 115 37 57 85 95 126 56 68 147 137 81 27 58 143 82 113 127 17 146 73 23 128 149 129 104 4 60 130 138 51 61 87 84 134 92 102 94 24 105 25 50 72 69 65 136 48 144 125 118 76 120 3 6 46 110 7 107 53 135 108 28 32 45 89 52 30 114 34 29 19 2 35 99 31 77 100 39 123 63 36 119 79 38 71 97 142 103 21 20 93 98 91 
Coste: 9824640
Temperatura: 128541.48493533608
Probabilidad de aceptación: 1.0
Movimiento: SI



ITERACION 46
Solucion:    14 116 112 121 106 41 133 132 43 64 13 109 111 88 145 10 141 47 40 148 15 12 8 1 54 42 131 67 86 5 70 11 18 83 117 78 16 59 122 33 80 124 9 62 101 75 91 140 44 55 66 74 90 0 26 49 139 22 96 115 37 57 85 95 126 56 68 147 137 81 27 58 143 82 113 127 17 146 73 23 128 149 104 129 4 60 130 138 51 61 87 84 134 92 102 94 24 105 25 50 72 69 65 136 48 144 125 118 76 120 3 6 46 110 7 107 53 135 108 28 32 45 52 89 30 114 34 29 19 2 35 99 31 77 100 39 123 63 36 119 79 38 71 97 142 103 21 20 93 98 
Coste: 9823865
Temperatura: 115687.33644180247
Probabilidad de aceptación: 1.0
Movimiento: SI



ITERACION 47
Solucion:    140 14 116 112 121 106 133 41 132 43 64 13 109 111 145 88 10 141 47 40 148 15 12 8 1 54 42 131 86 67 5 11 70 18 83 117 78 16 59 122 33 80 124 9 62 101 75 98 44 91 55 66 74 90 0 26 49 139 22 96 115 37 57 85 95 126 56 68 147 137 81 27 58 143 82 113 127 17 146 73 23 128 149 104 129 4 60 130 138 51 61 87 84 134 92 102 24 94 105 25 50 72 69 65 136 48 144 125 118 76 120 3 6 46 110 7 107 53 135 108 28 32 45 52 89 30 114 34 29 19 2 35 99 31 77 100 39 123 63 36 119 79 71 38 97 142 103 21 20 93 
Coste: 9826016
Temperatura: 104118.60279762222
Probabilidad de aceptación: 1.0
Movimiento: SI



ITERACION 48
Solucion:    44 140 14 116 112 121 106 133 41 132 43 64 13 109 111 145 88 10 141 47 40 148 15 12 8 1 54 42 131 86 67 5 11 70 18 83 117 78 16 59 122 33 80 124 9 62 101 75 93 98 91 55 66 74 90 0 26 49 139 96 22 115 37 57 85 95 126 56 68 147 137 81 27 58 143 82 113 127 17 146 23 73 128 149 104 129 4 60 130 138 51 61 87 84 134 92 102 24 94 105 25 50 72 69 65 136 48 144 125 118 76 3 120 6 110 46 7 107 53 135 108 28 32 45 52 89 30 114 34 29 19 2 35 99 31 77 100 39 123 63 36 119 79 71 38 97 142 103 20 21 
Coste: 9801082
Temperatura: 93706.74251786001
Probabilidad de aceptación: 1.0
Movimiento: SI



ITERACION 49
Solucion:    98 44 140 14 116 112 121 106 133 41 132 43 64 13 109 111 145 88 10 141 47 40 148 15 12 8 1 54 42 131 86 67 5 11 70 18 83 78 117 16 59 122 33 80 124 9 62 101 75 21 93 91 55 66 74 90 0 26 49 139 96 22 115 37 57 85 95 126 56 68 147 137 81 27 58 143 82 113 127 17 146 23 73 128 149 104 129 4 60 130 138 51 61 87 84 134 92 102 24 94 105 25 50 72 69 65 136 48 144 125 118 76 3 6 120 110 46 7 107 53 135 108 28 32 45 52 89 30 114 29 34 19 2 35 99 31 77 100 39 123 63 36 119 79 71 38 97 142 103 20 
Coste: 9814951
Temperatura: 84336.06826607401
Probabilidad de aceptación: 1.0
Movimiento: SI



ITERACION 50
Solucion:    93 98 44 140 14 116 112 121 106 133 41 132 43 64 13 109 111 145 88 10 141 47 40 148 15 12 8 1 54 131 42 86 67 5 11 70 18 83 78 117 16 59 122 33 124 80 9 62 101 75 20 21 91 55 66 74 90 0 26 49 139 96 22 115 37 57 85 95 126 56 147 68 137 81 27 58 143 82 113 127 17 146 23 73 128 149 104 4 129 60 130 138 51 61 87 84 134 92 102 24 94 105 25 50 72 69 65 136 48 125 144 118 76 3 6 120 110 46 7 107 53 135 108 28 32 45 52 89 30 114 29 34 19 2 35 99 31 77 100 39 123 63 36 119 79 71 38 97 142 103 
Coste: 9858076
Temperatura: 75902.46143946661
Probabilidad de aceptación: 1.0
Movimiento: SI



ITERACION 51
Solucion:    21 93 98 44 140 14 116 112 121 106 133 132 41 43 64 13 109 111 145 88 10 141 47 40 148 15 12 8 1 54 131 42 86 67 5 11 70 18 83 78 117 16 59 122 33 124 80 9 62 101 75 103 20 91 55 66 74 90 0 26 49 139 96 22 115 37 57 85 95 126 147 56 68 137 81 27 58 143 82 113 127 17 146 23 73 128 149 104 4 129 60 130 138 51 61 87 134 84 92 102 24 94 105 25 50 72 69 65 136 48 125 144 118 76 3 6 120 110 46 7 107 53 135 108 28 32 45 52 89 30 114 29 34 19 2 35 99 31 77 100 39 123 63 36 119 79 71 97 38 142 
Coste: 9885846
Temperatura: 68312.21529551996
Probabilidad de aceptación: 1.0
Movimiento: SI



ITERACION 52
Solucion:    20 21 98 93 44 140 14 116 112 121 106 133 132 41 64 43 13 109 111 145 88 10 141 47 40 148 15 12 8 1 54 131 42 86 67 5 11 70 18 83 78 117 16 59 122 33 124 80 9 62 101 75 38 103 91 55 66 74 90 0 26 49 139 96 22 115 37 57 85 95 126 147 56 68 137 81 27 58 143 82 113 127 17 146 23 73 128 149 104 4 129 60 130 138 51 61 87 134 84 92 102 24 94 105 25 50 72 69 65 136 48 125 144 118 76 3 6 110 120 7 46 107 53 135 108 28 32 45 52 89 30 114 29 34 19 2 35 99 31 77 100 39 123 63 36 119 79 71 97 142 
Coste: 9857599
Temperatura: 61480.99376596796
Probabilidad de aceptación: 0.8226713116346247
Movimiento: NO



ITERACION 53
Solucion:    20 103 21 98 93 44 14 140 116 112 121 106 133 132 41 64 43 13 109 111 145 88 10 141 40 47 148 12 15 8 1 54 131 42 86 67 5 11 70 18 83 78 117 16 59 122 33 124 80 9 62 75 101 142 38 91 55 66 74 90 0 26 49 139 96 115 22 37 57 85 95 126 147 56 68 137 81 27 58 143 82 113 127 17 146 23 73 128 149 104 4 129 60 130 138 51 61 87 134 84 92 102 24 94 105 25 50 72 69 65 136 48 125 144 118 76 3 6 110 120 7 46 107 53 135 108 28 32 45 52 89 30 114 29 34 19 2 35 99 31 77 100 39 123 63 36 119 79 71 97 
Coste: 9837949
Temperatura: 55332.89438937117
Probabilidad de aceptación: 1.0
Movimiento: SI



ITERACION 54
Solucion:    38 20 103 21 98 93 14 44 140 116 112 121 106 133 132 41 64 43 13 111 109 145 88 10 141 40 47 148 12 15 8 1 54 131 42 86 67 5 11 70 18 83 78 117 16 59 122 33 124 80 62 9 75 101 97 142 91 55 66 74 90 0 26 49 139 96 115 22 37 57 85 95 126 147 56 68 137 81 27 58 143 82 113 127 17 146 23 73 128 149 4 104 129 60 130 138 51 61 134 87 84 92 102 24 94 105 25 50 72 65 69 136 48 125 144 118 76 3 6 110 120 7 46 107 53 135 108 28 32 45 52 89 30 114 29 34 19 2 35 99 31 77 100 39 123 63 36 119 79 71 
Coste: 9810592
Temperatura: 49799.604950434055
Probabilidad de aceptación: 1.0
Movimiento: SI



ITERACION 55
Solucion:    142 38 20 103 21 98 14 93 44 140 116 112 121 106 133 132 64 43 41 111 13 109 145 88 10 40 141 47 148 12 15 8 1 54 131 42 86 67 5 11 70 18 83 78 117 16 59 122 33 124 80 62 9 75 101 71 97 91 55 66 74 90 0 26 139 49 96 115 22 37 57 85 95 126 147 56 68 137 27 81 58 143 82 113 127 146 17 23 73 128 149 4 104 60 129 130 138 51 61 134 87 84 92 102 24 94 105 25 50 72 65 69 136 125 48 144 118 76 3 6 110 120 7 46 107 135 53 108 28 32 45 52 89 30 114 29 34 19 2 35 31 99 77 100 39 123 63 36 119 79 
Coste: 9832431
Temperatura: 44819.64445539065
Probabilidad de aceptación: 1.0
Movimiento: SI



ITERACION 56
Solucion:    97 142 38 103 20 21 98 14 93 44 140 116 112 121 106 133 132 64 43 41 111 13 109 145 88 10 40 141 47 148 12 8 15 1 131 54 42 86 67 5 11 70 18 83 78 117 16 59 122 33 124 80 62 9 75 101 79 71 91 55 66 74 90 0 26 139 49 96 115 22 37 57 85 95 126 147 56 68 137 27 58 81 143 82 113 146 127 17 23 73 128 149 4 104 60 129 130 138 51 61 134 87 84 92 24 102 94 105 25 50 72 65 69 136 125 48 144 118 76 3 6 110 120 7 46 107 135 53 108 28 32 45 52 30 89 114 29 34 19 2 31 35 77 99 100 39 63 123 36 119 
Coste: 9749172
Temperatura: 40337.68000985158
Probabilidad de aceptación: 1.0
Movimiento: SI



ITERACION 57
Solucion:    71 97 142 38 103 20 21 98 14 44 93 140 116 112 106 121 133 132 64 43 111 41 13 109 145 88 10 40 141 47 148 12 8 1 15 131 42 54 86 67 5 11 70 18 83 78 117 16 59 122 124 33 62 80 9 75 101 119 79 91 55 66 74 90 0 26 139 49 96 115 22 37 57 85 95 126 147 68 56 137 27 58 143 81 113 82 146 127 17 23 73 128 149 4 104 60 130 138 129 51 61 134 87 84 92 24 102 94 105 25 50 72 65 69 136 125 48 144 118 76 3 6 110 120 7 107 46 135 53 108 28 45 52 32 30 89 114 29 19 34 2 31 35 77 99 100 63 39 123 36 
Coste: 9739079
Temperatura: 36303.91200886643
Probabilidad de aceptación: 1.0
Movimiento: SI



ITERACION 58
Solucion:    79 71 97 142 38 103 20 21 98 14 44 93 116 140 112 121 106 133 132 64 43 111 41 13 109 145 88 10 40 141 148 47 12 8 1 131 15 42 54 86 67 5 11 70 18 83 78 117 16 59 122 124 33 62 80 9 75 101 36 119 55 91 66 74 90 0 139 26 49 96 115 22 37 57 85 95 147 126 68 56 137 27 58 143 81 113 82 146 127 17 23 73 128 149 4 60 104 130 138 129 51 61 134 87 84 24 92 102 94 105 25 50 72 65 69 136 125 48 144 118 76 3 6 110 120 7 107 46 135 53 108 28 45 52 32 30 89 114 29 19 2 31 34 35 77 99 100 63 39 123 
Coste: 9791246
Temperatura: 32673.520807979785
Probabilidad de aceptación: 1.0
Movimiento: SI



ITERACION 59
Solucion:    119 79 71 97 142 38 103 20 21 98 14 44 93 116 140 112 121 106 133 132 64 43 111 41 13 109 145 88 40 10 141 148 47 12 1 8 131 15 42 54 86 67 5 11 70 18 83 78 117 16 59 122 124 33 62 80 9 75 101 123 36 55 91 66 74 90 139 0 26 49 96 115 22 37 57 85 147 126 95 68 56 137 27 58 143 81 113 82 146 127 23 17 73 128 149 4 60 130 104 138 129 51 61 134 87 84 24 92 102 94 105 25 50 65 72 69 136 125 48 144 118 76 3 6 110 7 107 46 120 135 53 108 28 45 52 32 30 89 114 29 19 2 31 34 35 77 100 99 63 39 
Coste: 9794982
Temperatura: 29406.16872718181
Probabilidad de aceptación: 1.0
Movimiento: SI



ITERACION 60
Solucion:    36 119 79 71 97 142 38 103 20 21 14 98 44 93 140 116 112 121 106 132 64 133 43 111 13 41 109 145 88 10 40 141 148 47 12 1 131 15 42 54 8 86 67 5 11 70 18 83 78 117 16 122 59 124 33 62 80 9 75 101 39 123 55 91 66 74 90 139 0 26 49 96 115 22 37 57 147 85 126 95 68 137 56 27 58 143 113 81 146 82 23 127 17 73 128 149 4 60 130 138 104 129 61 134 51 87 84 24 92 102 94 105 25 50 65 69 72 136 125 48 144 118 76 3 6 110 107 46 7 120 135 108 28 53 45 52 32 30 89 29 114 19 2 31 35 77 100 34 99 63 
Coste: 9804288
Temperatura: 26465.55185446363
Probabilidad de aceptación: 1.0
Movimiento: SI



ITERACION 61
Solucion:    123 36 119 79 71 97 142 38 103 20 14 21 98 44 140 93 116 112 121 132 64 106 133 43 111 13 41 145 88 109 10 40 141 148 47 12 1 131 15 42 54 8 86 67 5 11 70 18 83 78 117 16 122 59 124 33 62 80 9 75 101 34 39 55 66 91 90 74 0 139 49 96 115 26 22 37 57 147 85 126 95 137 68 27 58 56 143 113 146 81 82 23 127 17 73 128 149 60 130 138 4 104 129 61 134 51 87 24 84 92 102 94 105 25 50 65 69 72 136 125 48 144 118 76 3 6 110 107 46 7 135 120 108 28 53 45 52 32 30 89 29 114 19 31 2 35 77 100 99 63 
Coste: 9773170
Temperatura: 23818.996669017266
Probabilidad de aceptación: 0.32687314486192537
Movimiento: NO



ITERACION 62
Solucion:    39 123 36 119 79 71 97 142 103 38 14 20 21 44 98 140 93 116 112 121 132 64 106 43 133 111 13 145 41 88 109 10 40 141 148 47 12 1 131 15 42 54 8 86 67 5 11 70 18 83 78 117 122 59 16 33 124 62 80 9 75 101 63 34 55 66 91 90 74 0 139 49 96 115 26 22 37 57 147 85 126 95 137 68 27 58 143 56 113 146 81 82 23 127 17 73 128 149 60 130 138 4 104 129 61 134 51 24 87 84 92 102 94 105 25 50 65 69 72 136 125 48 144 118 76 6 110 3 107 46 7 135 108 120 28 53 45 52 32 30 89 29 114 19 31 2 35 77 100 99 
Coste: 9758410
Temperatura: 21437.09700211554
Probabilidad de aceptación: 1.0
Movimiento: SI



ITERACION 63
Solucion:    34 123 39 36 119 71 79 97 103 142 14 38 20 44 21 98 140 93 116 112 121 132 64 43 106 133 111 13 145 88 41 10 109 141 40 148 12 47 1 131 15 42 8 86 54 67 5 11 70 18 83 78 122 117 59 16 33 124 62 9 80 75 101 99 63 55 66 90 91 74 0 139 49 96 26 115 22 37 57 147 85 126 95 68 137 58 27 143 113 56 146 81 82 23 127 17 73 128 60 149 130 138 4 104 129 61 134 51 24 87 84 92 102 94 105 25 50 65 69 72 136 125 144 48 118 76 6 110 3 46 107 7 108 135 120 28 53 45 52 32 30 89 29 114 31 2 19 35 77 100 
Coste: 9738397
Temperatura: 19293.387301903986
Probabilidad de aceptación: 1.0
Movimiento: SI



ITERACION 64
Solucion:    63 34 123 36 39 119 71 79 97 103 142 14 20 44 38 21 98 140 116 93 112 121 132 64 43 106 133 111 13 145 41 10 88 109 141 40 148 12 47 1 131 15 42 8 86 54 5 67 11 70 18 83 78 122 117 59 16 33 124 62 9 80 75 101 100 99 55 90 66 74 0 139 91 49 96 26 115 22 57 37 147 126 85 68 95 137 58 27 143 113 56 146 81 23 82 127 17 73 60 128 149 130 4 138 104 61 129 134 51 24 87 84 92 102 105 25 94 50 65 69 136 72 125 144 48 118 6 76 110 46 107 7 3 108 135 28 120 53 45 52 32 30 29 89 31 114 2 35 19 77 
Coste: 9733704
Temperatura: 17364.04857171359
Probabilidad de aceptación: 1.0
Movimiento: SI



ITERACION 65
Solucion:    63 99 123 36 34 39 71 119 79 97 103 142 14 20 44 38 21 98 140 116 93 112 121 132 43 64 106 111 13 133 145 41 10 109 88 141 40 148 12 47 1 131 42 8 15 86 54 5 67 11 70 18 83 78 122 59 16 117 33 124 9 80 75 101 62 77 100 55 90 66 74 139 0 49 96 91 26 115 22 57 37 147 126 68 85 95 137 58 27 143 113 56 146 81 23 82 127 17 73 60 149 128 4 138 104 130 61 129 134 51 24 84 87 92 102 105 25 50 94 69 136 65 72 125 144 48 6 118 76 110 46 107 7 108 135 3 28 120 53 45 52 32 30 29 89 31 114 35 19 2 
Coste: 9734559
Temperatura: 15627.64371454223
Probabilidad de aceptación: 1.0
Movimiento: SI



ITERACION 66
Solucion:    63 100 99 123 36 34 39 71 119 79 97 142 103 14 20 44 21 38 98 140 116 93 112 132 121 43 64 106 111 13 145 133 41 10 109 88 141 40 148 12 47 1 42 8 131 15 86 54 5 67 11 70 18 83 78 59 122 117 33 124 9 80 16 75 101 62 2 77 55 90 66 74 139 0 49 96 91 26 115 22 57 37 147 68 126 85 95 137 58 143 27 56 113 146 81 23 82 127 17 60 73 128 4 138 149 104 130 61 129 134 51 24 84 87 92 102 105 25 50 94 69 136 72 125 144 65 6 48 118 110 76 46 107 7 108 135 3 28 120 53 45 52 30 32 29 89 31 114 35 19 
Coste: 9743440
Temperatura: 14064.879343088007
Probabilidad de aceptación: 1.0
Movimiento: SI



ITERACION 67
Solucion:    63 77 100 123 99 36 34 39 71 119 97 142 79 103 14 20 44 38 21 98 140 116 93 112 132 121 43 106 64 111 145 13 133 41 10 109 88 141 40 148 12 1 47 42 8 131 15 86 54 5 67 11 70 18 83 59 78 122 117 124 33 9 80 16 75 101 62 89 2 55 90 74 66 139 49 0 91 96 26 115 22 57 37 147 68 126 85 95 137 58 143 27 56 113 146 81 23 82 127 17 60 73 128 4 138 104 149 61 130 129 134 51 24 84 92 87 105 102 25 50 69 94 136 72 125 144 65 6 48 118 110 76 46 107 7 108 135 3 28 120 53 45 52 30 32 29 31 114 35 19 
Coste: 9747571
Temperatura: 12658.391408779207
Probabilidad de aceptación: 0.19229806351730197
Movimiento: NO



ITERACION 68
Solucion:    63 2 77 123 100 99 36 34 71 39 119 97 142 103 79 14 44 20 38 98 21 116 93 140 112 132 43 106 121 111 64 145 13 133 41 10 109 88 141 40 148 12 1 47 8 42 15 131 86 54 5 67 11 70 18 83 59 78 122 124 117 9 80 33 75 16 101 62 19 89 55 90 74 139 66 49 0 91 96 26 115 22 57 37 147 68 126 85 95 137 58 143 27 56 113 146 81 23 82 127 17 60 128 4 73 104 138 61 130 149 134 129 51 24 84 92 105 87 25 50 69 94 102 136 72 125 144 65 6 48 110 118 76 46 107 108 135 7 3 28 120 45 52 53 30 32 29 31 114 35 
Coste: 9705237
Temperatura: 11392.552267901287
Probabilidad de aceptación: 1.0
Movimiento: SI



ITERACION 69
Solucion:    63 2 77 89 123 99 36 34 71 100 39 97 142 103 119 14 44 79 20 38 21 116 98 93 140 112 132 43 106 121 111 64 145 13 133 10 41 88 109 141 148 40 12 1 8 42 15 47 86 54 131 67 5 11 70 18 83 59 78 124 122 117 9 80 33 75 16 101 62 35 19 55 90 74 139 49 66 0 91 26 96 115 57 22 37 147 68 126 95 85 58 137 143 27 56 113 146 81 23 82 17 127 128 4 60 73 104 61 138 130 149 134 129 24 51 84 92 105 25 87 69 50 94 102 136 125 72 144 6 65 48 110 118 76 46 107 108 135 7 3 28 120 45 52 53 30 32 31 29 114 
Coste: 9716440
Temperatura: 10253.297041111158
Probabilidad de aceptación: 1.0
Movimiento: SI



ITERACION 70
Solucion:    63 2 77 19 123 89 99 36 34 71 100 97 142 103 119 14 44 39 79 20 38 116 98 21 93 140 112 132 106 43 121 111 64 145 13 10 133 41 88 109 141 148 40 12 8 42 15 1 86 54 47 131 67 11 5 70 18 83 59 78 122 117 9 124 80 33 75 16 101 62 29 35 55 90 74 49 139 0 91 26 66 115 96 57 22 37 147 68 126 95 85 58 143 137 27 56 113 146 23 81 82 17 127 128 4 73 60 104 61 138 130 134 149 129 24 51 84 92 25 105 69 50 94 102 136 125 72 144 87 6 65 48 110 118 76 46 107 108 135 7 3 28 45 52 120 53 30 32 31 114 
Coste: 9742378
Temperatura: 9227.967337000042
Probabilidad de aceptación: 0.4158455601793101
Movimiento: NO



ITERACION 71
Solucion:    35 63 2 77 123 89 99 36 34 19 71 97 100 142 119 14 44 103 79 20 39 38 116 98 21 93 140 132 112 106 43 121 111 145 64 13 10 133 41 88 109 141 148 40 12 42 15 8 1 86 54 47 131 67 11 70 5 18 83 59 78 122 117 9 124 80 75 33 101 16 62 114 29 55 90 74 49 139 0 91 26 115 66 96 57 22 37 147 68 126 95 58 85 143 137 27 56 113 146 23 81 82 17 128 4 127 73 60 104 61 138 130 134 149 24 51 84 129 25 92 69 105 50 94 102 136 125 72 144 87 6 65 110 118 76 48 46 108 135 107 7 3 28 45 52 120 53 30 32 31 
Coste: 9735875
Temperatura: 8305.170603300037
Probabilidad de aceptación: 1.0
Movimiento: SI



ITERACION 72
Solucion:    29 63 2 77 123 89 35 99 36 34 71 97 19 100 142 14 44 103 79 20 119 38 116 39 98 21 93 132 140 112 106 43 121 111 145 64 10 13 41 88 133 109 141 148 40 12 15 42 1 86 8 47 131 67 54 11 70 18 83 5 59 78 122 9 117 124 80 75 33 101 62 16 31 114 55 74 90 49 139 0 91 26 115 66 96 57 22 37 147 68 126 58 95 143 137 27 56 113 146 23 81 85 82 128 17 4 127 73 60 104 61 138 130 134 149 24 51 84 25 129 92 69 50 94 105 136 102 125 72 144 6 65 110 87 118 76 48 108 46 107 135 7 3 28 52 45 53 120 30 32 
Coste: 9728111
Temperatura: 7474.653542970033
Probabilidad de aceptación: 1.0
Movimiento: SI



ITERACION 73
Solucion:    114 63 29 2 123 89 77 99 36 35 34 71 97 19 142 14 44 100 103 20 79 38 116 39 98 21 119 132 93 140 106 112 121 43 145 111 10 13 41 64 88 109 133 141 148 40 15 12 1 86 42 47 131 67 54 8 11 70 18 83 5 59 122 78 9 117 124 75 80 33 62 101 16 87 31 74 55 90 139 49 0 91 26 115 96 66 57 22 37 68 147 58 95 143 137 27 56 126 113 146 23 81 85 128 17 4 127 82 73 60 61 138 104 130 134 24 149 51 84 25 92 129 69 94 50 136 102 105 125 72 6 65 144 110 118 76 48 108 46 107 135 7 3 28 52 45 53 120 30 32 
Coste: 9666990
Temperatura: 6727.18818867303
Probabilidad de aceptación: 0.30176003474946383
Movimiento: NO



ITERACION 74
Solucion:    31 63 114 2 123 89 29 77 36 99 34 71 35 97 142 14 44 100 103 20 79 38 116 39 19 21 98 132 93 140 106 112 121 43 145 111 10 13 41 64 119 88 109 141 148 40 133 15 12 86 1 42 131 67 47 54 11 70 18 8 5 59 122 78 9 117 124 75 80 33 62 83 101 87 32 16 55 74 139 49 0 91 26 115 90 96 66 57 22 37 68 58 147 143 137 27 56 95 113 146 23 81 126 85 128 17 127 4 73 60 82 138 61 130 134 104 24 149 51 84 25 92 129 94 50 69 136 102 105 72 125 6 65 144 110 76 118 108 48 107 135 46 7 3 52 45 53 28 120 30 
Coste: 9609275
Temperatura: 6054.469369805727
Probabilidad de aceptación: 1.0
Movimiento: SI



ITERACION 75
Solucion:    16 63 114 31 2 123 29 89 36 99 34 71 35 97 142 77 14 44 103 20 100 79 116 39 38 21 19 132 93 140 98 106 112 121 43 145 10 111 13 41 119 64 88 109 148 141 40 15 133 12 86 1 42 67 47 54 11 70 18 8 131 5 122 59 9 78 124 75 80 117 62 83 33 87 101 3 32 55 74 139 49 0 91 115 90 96 66 57 22 37 26 68 58 147 143 137 27 56 95 146 23 113 126 81 85 128 17 4 127 60 73 138 61 130 82 134 104 149 51 84 25 24 92 94 129 69 136 102 105 50 125 72 65 144 6 110 76 118 108 107 48 135 46 7 52 45 53 28 120 30 
Coste: 9590898
Temperatura: 5449.022432825154
Probabilidad de aceptación: 0.009970086521611259
Movimiento: NO



ITERACION 76
Solucion:    32 16 63 114 31 123 29 89 36 99 34 71 35 97 142 2 77 14 103 20 44 79 116 39 38 21 19 132 93 140 98 106 112 121 43 100 145 10 13 41 111 119 64 88 148 109 141 40 15 133 12 1 86 67 47 42 54 70 18 8 11 131 5 122 9 59 124 75 78 117 62 83 33 87 101 80 76 3 55 74 49 0 91 115 90 96 66 57 22 37 139 26 68 58 143 137 27 56 95 147 146 23 126 81 85 128 113 17 4 60 127 138 61 130 73 134 104 149 51 84 82 25 92 24 94 69 136 102 105 50 125 72 129 144 6 65 110 118 108 107 48 135 46 7 52 45 53 28 120 30 
Coste: 9598464
Temperatura: 4904.120189542639
Probabilidad de aceptación: 0.0021214821111435454
Movimiento: NO



ITERACION 77
Solucion:    3 16 63 32 114 123 29 89 36 99 34 71 35 97 142 2 31 14 77 20 103 44 116 39 79 38 21 132 19 140 98 93 106 112 121 43 145 10 13 41 111 119 64 88 148 109 141 40 15 100 133 1 12 67 47 42 54 70 18 8 86 11 131 5 122 9 124 75 59 78 62 83 33 87 101 80 76 7 117 55 74 0 49 91 90 96 66 57 22 37 115 139 26 68 58 143 137 27 95 56 146 147 126 81 85 23 128 113 17 4 60 138 61 127 130 134 104 149 51 84 73 82 25 92 94 69 136 102 105 50 125 72 24 144 6 129 65 110 118 107 48 135 108 46 52 45 53 28 120 30 
Coste: 9593958
Temperatura: 4413.708170588376
Probabilidad de aceptación: 0.030777442829715538
Movimiento: NO



ITERACION 78
Solucion:    3 16 63 117 114 123 29 89 36 99 34 71 35 97 142 32 2 14 31 77 20 103 116 44 39 38 21 132 19 140 98 79 93 106 112 43 145 10 13 41 111 119 64 88 148 121 109 141 15 40 100 1 133 67 47 42 54 70 18 8 86 12 11 131 122 9 5 124 75 78 62 59 83 87 101 80 33 76 120 7 55 74 0 49 90 91 66 57 96 37 22 115 26 139 68 58 143 137 27 95 146 56 126 81 85 147 128 23 113 17 4 138 61 127 130 134 104 149 51 84 73 82 60 25 92 94 136 69 105 102 125 72 50 144 6 24 129 65 110 107 118 135 48 46 52 45 108 28 53 30 
Coste: 9590512
Temperatura: 3972.337353529538
Probabilidad de aceptación: 0.18715099291822293
Movimiento: NO



ITERACION 79
Solucion:    3 16 7 63 117 123 114 29 89 99 34 71 35 97 36 32 2 14 142 77 31 20 116 103 39 38 21 132 19 140 44 98 79 106 93 112 145 10 13 41 111 119 64 88 148 121 43 141 15 109 40 100 1 67 47 42 54 70 18 8 86 133 12 11 122 9 131 5 124 75 78 62 83 87 101 80 59 33 76 53 120 55 74 49 90 91 66 57 96 37 0 22 26 115 139 68 143 137 27 95 146 56 126 81 85 58 128 23 147 113 4 138 17 61 127 134 130 104 51 84 149 73 82 25 92 94 136 69 105 102 125 72 50 144 6 24 60 65 129 110 107 118 48 135 52 46 45 28 108 30 
Coste: 9596171
Temperatura: 3575.1036181765844
Probabilidad de aceptación: 0.2883442157359659
Movimiento: NO



ITERACION 80
Solucion:    3 16 7 120 63 123 117 29 89 99 34 71 35 97 36 114 2 32 14 142 77 31 116 20 103 38 21 132 19 140 44 98 79 106 93 112 145 39 13 10 41 119 111 64 148 121 88 141 15 43 40 109 1 67 47 100 42 70 18 8 86 133 12 54 11 122 9 5 124 75 78 62 83 87 101 131 80 59 33 76 129 53 55 74 90 91 66 57 96 37 49 0 26 22 139 115 68 143 137 95 146 56 126 81 85 27 128 23 58 113 147 4 138 61 127 134 17 130 51 84 104 73 82 25 92 149 136 94 105 102 125 72 50 144 6 69 24 60 65 110 107 118 48 135 52 46 45 28 108 30 
Coste: 9564595
Temperatura: 3217.593256358926
Probabilidad de aceptación: 0.004114506920849548
Movimiento: NO



ITERACION 81
Solucion:    3 16 7 53 63 123 117 120 89 99 34 71 35 97 36 114 2 32 14 29 142 77 116 20 31 103 21 132 38 140 44 98 79 106 93 112 19 145 39 13 41 119 111 10 148 64 121 141 15 43 88 40 109 1 67 47 42 70 18 8 100 86 133 12 11 122 9 54 5 124 75 62 78 87 101 131 80 59 33 76 83 108 129 74 55 90 91 66 57 37 49 0 26 96 22 139 115 68 143 95 146 137 126 81 85 56 128 23 27 58 113 4 138 61 147 127 134 17 130 84 104 73 82 51 92 25 136 94 105 149 102 72 125 50 6 69 24 60 144 110 65 107 118 48 52 135 46 28 45 30 
Coste: 9568777
Temperatura: 2895.8339307230335
Probabilidad de aceptación: 0.23031294974064656
Movimiento: NO



ITERACION 82
Solucion:    3 16 129 7 63 123 117 53 89 99 34 71 35 97 36 114 120 2 14 32 29 142 116 20 77 31 21 132 103 140 44 98 38 106 93 112 79 145 19 39 13 41 111 10 148 64 121 141 15 119 43 40 109 1 67 47 42 70 18 8 88 86 100 12 11 122 9 54 133 124 5 62 78 87 101 131 75 80 33 59 76 83 45 108 74 90 91 66 57 37 55 49 26 0 22 96 139 68 143 115 95 146 126 81 85 56 128 23 137 27 113 4 138 58 61 127 147 134 17 84 104 73 82 51 92 25 136 94 105 130 102 72 125 50 6 69 24 149 60 110 144 107 118 65 52 48 46 28 135 30 
Coste: 9535541
Temperatura: 2606.25053765073
Probabilidad de aceptación: 0.1467758736093522
Movimiento: NO



ITERACION 83
Solucion:    3 16 129 108 63 123 117 53 89 7 34 71 35 97 36 99 114 2 14 32 120 142 116 29 20 77 21 132 31 140 44 98 103 38 106 112 93 145 19 39 13 41 111 10 148 64 121 141 15 79 119 40 43 1 67 109 47 42 70 8 88 86 100 12 11 122 18 9 54 124 5 62 78 87 101 133 131 75 80 33 59 83 76 130 45 90 74 66 91 37 55 49 57 26 22 0 139 96 68 115 143 95 146 126 85 56 128 23 81 137 27 4 138 113 61 127 58 134 147 84 17 73 82 104 92 51 25 136 105 94 102 72 125 50 6 69 24 149 60 110 144 107 118 65 52 48 46 28 135 30 
Coste: 9499977
Temperatura: 2345.625483885657
Probabilidad de aceptación: 6.156020396832542E-5
Movimiento: NO



ITERACION 84
Solucion:    3 16 129 45 63 123 117 53 89 108 7 71 35 34 97 99 114 2 14 36 32 120 116 142 20 29 77 132 21 140 44 98 31 38 106 112 93 103 145 19 13 39 111 41 148 64 121 141 15 79 10 40 119 1 67 43 47 42 70 8 109 86 100 12 11 122 88 9 54 124 18 5 62 87 101 78 133 75 131 80 33 59 83 76 48 90 130 74 66 37 55 49 91 26 22 0 57 139 96 68 115 143 95 146 126 56 128 23 81 137 27 4 138 85 61 113 127 58 134 84 17 73 82 104 147 92 51 136 25 105 94 72 102 125 6 69 24 149 50 110 60 144 107 118 52 65 46 28 135 30 
Coste: 9507596
Temperatura: 2111.0629354970915
Probabilidad de aceptación: 0.026581056856363455
Movimiento: NO



ITERACION 85
Solucion:    3 16 129 90 63 123 117 53 89 108 7 71 35 34 97 99 114 2 14 45 36 32 116 120 142 20 29 132 21 140 44 98 77 38 106 112 93 103 145 31 13 19 111 39 148 64 121 141 15 79 10 40 41 1 67 119 47 43 42 8 109 86 100 12 11 122 88 9 54 70 124 18 5 87 101 78 133 75 131 80 33 59 83 62 76 65 48 74 66 37 55 49 130 26 91 0 22 57 139 68 115 96 143 146 95 56 128 23 81 126 137 4 27 138 61 113 85 127 134 84 17 73 82 104 147 92 51 136 25 105 94 72 102 125 6 69 24 149 58 110 50 144 107 60 118 52 46 28 135 30 
Coste: 9498883
Temperatura: 1899.9566419473824
Probabilidad de aceptación: 1.2574461359634431E-4
Movimiento: NO



ITERACION 86
Solucion:    3 16 129 48 63 123 117 53 89 90 108 71 35 34 97 99 114 2 14 7 45 36 116 32 142 120 20 132 21 140 44 98 77 38 106 112 29 103 145 31 13 93 19 111 148 64 121 141 15 79 39 10 40 41 67 1 47 119 42 8 109 86 100 12 11 122 88 9 54 70 124 18 43 5 101 78 133 75 131 80 33 59 83 62 76 65 135 87 66 37 55 49 74 26 130 0 91 57 139 22 68 115 143 146 95 56 128 23 81 126 137 4 27 138 61 113 96 127 85 84 17 73 134 82 147 92 104 51 136 25 105 94 72 125 6 69 24 149 58 110 102 50 107 144 60 118 52 46 28 30 
Coste: 9470242
Temperatura: 1709.960977752644
Probabilidad de aceptación: 0.1577370661683502
Movimiento: NO



ITERACION 87
Solucion:    3 16 129 48 63 123 117 53 89 87 108 71 35 34 97 99 114 2 14 7 45 36 116 32 142 90 20 132 21 140 44 98 120 38 106 112 77 103 145 29 31 13 93 111 148 64 121 141 15 79 39 10 40 41 67 1 19 47 42 8 109 86 100 12 11 122 88 9 54 70 124 18 119 5 101 78 133 75 131 80 33 59 43 83 62 65 76 30 135 37 55 49 74 26 130 0 91 57 139 22 68 66 115 146 143 56 128 23 81 126 137 4 27 138 95 113 61 96 127 84 17 73 134 82 147 92 104 51 136 25 105 94 72 125 6 69 24 149 58 110 102 50 107 144 60 118 52 46 85 28 
Coste: 9460950
Temperatura: 1538.9648799773797
Probabilidad de aceptación: 1.0
Movimiento: SI



ITERACION 88
Solucion:    3 16 129 135 63 123 117 53 89 48 87 71 108 34 97 99 114 2 14 7 45 36 116 32 142 90 20 132 35 140 44 98 120 38 106 112 21 77 145 103 29 31 13 111 148 64 121 141 15 79 39 10 93 40 67 41 1 47 42 19 8 86 100 12 11 122 88 9 54 109 70 124 18 119 101 78 133 75 131 80 33 59 43 83 62 65 76 30 85 37 55 49 74 26 130 0 91 57 139 22 68 66 5 115 146 56 128 23 81 126 137 4 27 138 143 113 95 61 96 84 17 73 134 82 147 92 127 51 136 104 25 94 72 105 6 69 24 149 125 110 102 58 107 144 60 50 52 46 118 28 
Coste: 9436880
Temperatura: 1385.0683919796418
Probabilidad de aceptación: 0.09305058747503668
Movimiento: NO



ITERACION 89
Solucion:    3 16 129 135 63 123 117 53 89 48 87 71 108 34 37 99 114 2 14 7 45 36 116 32 142 90 20 132 97 140 44 98 120 38 106 112 21 77 145 103 29 31 13 111 148 64 121 141 15 79 39 10 93 40 67 41 1 47 42 35 8 86 100 12 11 122 88 9 54 109 70 124 18 19 101 78 133 75 131 80 33 59 43 83 62 65 119 76 30 85 55 49 74 26 130 0 91 57 139 22 68 66 5 115 146 56 128 23 81 126 137 4 27 138 143 113 95 61 96 84 17 73 134 82 147 92 127 51 136 104 25 94 72 105 6 69 24 149 125 110 102 58 107 144 60 50 52 46 118 28 
Coste: 9436297
Temperatura: 1246.5615527816776
Probabilidad de aceptación: 0.10066918767779717
Movimiento: NO



ITERACION 90
Solucion:    3 55 129 135 63 123 117 53 89 48 87 71 108 34 37 16 114 99 2 7 45 36 116 32 142 90 20 132 97 140 44 14 98 38 106 112 21 77 145 103 29 31 13 111 148 64 120 121 15 79 39 10 93 40 67 41 1 47 42 35 8 86 100 12 11 122 88 9 54 109 70 124 18 19 101 78 133 75 131 80 33 59 43 83 62 65 119 76 30 85 24 49 74 141 130 0 91 57 139 22 68 66 5 115 146 26 128 23 81 56 137 4 27 138 143 126 95 61 96 84 17 73 113 134 147 92 127 51 136 104 25 94 72 105 6 82 69 149 125 110 102 58 107 144 60 50 52 46 118 28 
Coste: 9423029
Temperatura: 1121.90539750351
Probabilidad de aceptación: 6.871680644661041E-19
Movimiento: NO



ITERACION 91
Solucion:    3 55 129 135 63 123 117 53 89 48 87 71 108 34 37 16 114 99 2 7 45 36 116 32 142 90 20 132 97 140 44 14 98 38 106 112 21 77 145 103 29 31 13 111 148 64 49 121 15 79 39 10 93 40 67 41 1 47 42 35 8 86 120 12 100 122 88 9 54 109 70 124 18 19 101 11 78 75 131 133 33 59 43 83 62 65 119 76 30 85 80 58 24 74 130 0 91 57 139 141 68 66 5 115 146 22 128 23 81 56 137 26 27 138 143 126 95 61 96 84 4 17 73 113 147 92 127 51 136 104 25 94 72 105 6 134 69 82 125 110 102 149 107 144 60 50 52 46 118 28 
Coste: 9414837
Temperatura: 1009.714857753159
Probabilidad de aceptación: 1.4546511836854558E-13
Movimiento: NO



ITERACION 92
Solucion:    24 3 129 135 63 123 117 53 89 48 87 71 108 34 37 16 114 99 55 7 45 36 116 32 142 90 20 132 97 140 44 14 2 98 106 112 21 77 145 103 29 31 13 111 148 38 64 121 15 79 39 10 93 40 67 41 1 47 42 35 8 86 49 12 100 122 88 9 54 109 70 124 18 19 101 11 78 120 131 75 33 59 43 83 62 65 119 76 30 85 80 58 27 133 130 74 0 57 139 91 68 66 5 115 146 141 22 128 23 81 137 56 26 138 143 126 95 61 96 84 4 17 73 113 147 92 127 51 136 104 25 94 72 105 6 134 69 82 125 110 102 149 107 144 60 50 52 46 118 28 
Coste: 9388703
Temperatura: 908.7433719778431
Probabilidad de aceptación: 4.19313870285258E-21
Movimiento: NO



ITERACION 93
Solucion:    24 3 129 135 63 123 117 53 89 48 87 71 108 34 37 16 114 99 55 7 45 36 116 32 142 90 20 132 97 140 44 14 2 98 106 112 21 77 145 103 29 31 13 111 148 38 64 121 15 79 39 10 93 40 67 41 1 47 42 35 8 86 49 12 100 122 88 9 54 109 70 124 18 19 101 11 78 120 131 75 33 59 43 83 62 65 119 76 30 85 80 133 58 27 130 74 0 57 139 91 68 66 5 115 146 141 22 128 23 81 137 56 26 138 143 126 95 61 96 84 4 17 73 113 147 92 127 51 136 104 25 94 72 105 6 134 69 82 125 110 102 149 107 144 60 50 52 46 118 28 
Coste: 9388290
Temperatura: 817.8690347800589
Probabilidad de aceptación: 7.518117385697748E-23
Movimiento: NO



ITERACION 94
Solucion:    24 3 129 135 63 123 117 53 89 48 87 71 108 34 37 16 114 99 130 7 45 36 116 55 142 90 20 132 97 140 44 14 2 98 106 112 21 77 145 103 29 31 13 111 148 32 38 64 15 121 79 10 93 40 39 41 1 47 67 35 8 42 86 12 100 122 88 9 54 109 70 124 18 19 101 11 78 120 49 131 75 59 33 83 62 65 119 76 30 85 80 133 58 27 0 43 74 57 139 91 68 66 5 115 146 141 22 128 23 81 137 56 26 138 143 126 95 61 96 84 4 17 73 113 147 92 127 51 136 104 25 94 72 105 6 134 69 82 125 110 102 149 107 144 60 50 52 46 118 28 
Coste: 9382556
Temperatura: 736.082131302053
Probabilidad de aceptación: 3.2053399378177223E-24
Movimiento: NO



ITERACION 95
Solucion:    24 3 129 135 63 123 117 53 89 48 87 71 108 34 37 16 114 99 130 7 45 36 116 55 142 90 20 132 97 140 44 14 2 98 106 112 21 77 145 103 29 31 13 111 148 32 38 64 15 121 79 10 93 40 39 41 1 47 67 35 8 42 86 12 100 122 88 9 54 109 70 124 18 19 101 11 78 120 49 131 75 59 43 83 33 65 119 76 30 85 80 133 62 27 0 125 58 57 139 91 68 66 5 115 146 141 22 128 23 81 137 74 56 138 143 126 95 61 96 84 4 17 73 26 113 92 147 51 136 104 25 127 72 105 6 134 69 82 94 110 102 149 107 144 60 50 52 46 118 28 
Coste: 9378245
Temperatura: 662.4739181718477
Probabilidad de aceptación: 2.6709249160561412E-12
Movimiento: NO



ITERACION 96
Solucion:    24 3 129 135 63 123 117 53 89 48 87 71 108 34 37 16 114 99 58 7 45 36 116 130 142 90 20 132 97 140 44 14 2 98 106 112 21 77 145 103 29 31 13 111 148 32 38 64 15 121 79 10 93 40 39 41 1 47 67 35 8 42 55 86 100 122 12 9 54 109 70 124 18 19 101 11 78 120 49 131 75 59 88 83 33 65 119 76 30 85 80 133 62 27 0 125 113 57 43 91 68 66 5 115 146 141 22 128 23 81 137 139 74 138 143 126 95 61 96 84 4 17 73 26 56 92 147 51 136 104 25 127 72 105 6 134 69 82 94 110 102 149 107 144 60 50 52 46 118 28 
Coste: 9372001
Temperatura: 596.226526354663
Probabilidad de aceptación: 1.00552049578167E-27
Movimiento: NO



ITERACION 97
Solucion:    24 3 129 135 63 123 117 53 57 48 87 71 108 34 37 16 114 99 58 7 45 36 116 89 142 90 20 132 97 140 44 14 2 98 106 112 130 21 77 103 29 31 13 111 148 32 38 64 15 121 145 10 79 93 40 39 1 47 67 35 8 42 41 55 100 122 86 9 54 109 70 124 18 19 101 11 78 120 49 131 75 12 59 83 33 65 119 76 30 85 80 133 62 27 0 88 113 149 125 91 68 66 5 115 146 141 22 128 23 81 43 137 139 138 143 126 95 61 96 84 4 17 73 26 56 92 147 51 136 104 25 127 72 105 6 134 69 74 94 82 110 102 107 144 60 50 52 46 118 28 
Coste: 9358177
Temperatura: 536.6038737191967
Probabilidad de aceptación: 2.308742582086773E-26
Movimiento: NO



ITERACION 98
Solucion:    24 3 129 135 63 123 117 53 57 48 87 71 108 34 37 16 114 99 125 7 45 36 116 89 142 90 20 132 97 140 44 14 2 98 106 112 130 21 77 103 29 31 13 111 148 32 38 64 15 121 145 58 10 79 93 40 1 47 67 35 8 42 41 55 100 122 86 9 54 109 70 124 18 19 101 11 78 120 49 131 75 12 59 83 39 33 119 76 30 85 80 133 62 27 0 88 113 149 144 65 91 66 5 115 146 141 22 128 23 81 43 137 139 68 138 143 95 61 126 84 4 17 73 26 56 92 147 51 136 104 25 127 72 105 6 134 69 74 94 82 110 102 107 96 60 50 52 46 118 28 
Coste: 9351527
Temperatura: 482.94348634727703
Probabilidad de aceptación: 1.846850761325511E-15
Movimiento: NO



ITERACION 99
Solucion:    24 3 129 135 63 123 117 53 57 48 87 71 108 34 37 16 114 99 125 7 45 36 116 89 142 90 20 132 97 140 44 14 2 98 106 112 130 21 77 103 29 31 13 111 148 32 38 64 15 121 145 58 10 79 93 40 1 47 67 35 8 42 41 55 100 122 86 9 54 109 70 124 18 19 101 11 78 120 49 131 75 12 59 83 39 33 119 76 30 85 80 133 62 27 0 88 113 149 144 96 91 66 5 115 146 141 22 128 23 81 43 137 139 65 138 143 95 61 126 84 4 17 73 26 56 92 147 51 136 104 25 127 72 105 6 134 69 74 94 82 110 102 107 68 60 50 52 46 118 28 
Coste: 9347101
Temperatura: 434.64913771254936
Probabilidad de aceptación: 4.270394734175129E-11
Movimiento: NO



ITERACION 100
Solucion:    24 3 129 135 63 123 117 53 57 48 87 71 91 34 37 16 114 99 125 7 45 36 116 89 142 108 20 132 97 140 44 14 2 98 106 112 130 21 77 103 29 31 13 111 148 32 38 64 15 121 145 58 10 79 93 40 1 47 67 35 8 42 41 55 100 122 86 9 54 109 70 124 90 19 101 11 78 120 49 131 75 12 59 83 18 39 33 76 30 85 80 133 62 27 0 88 113 149 144 119 143 96 5 115 146 141 22 128 23 81 43 137 139 65 138 66 95 61 126 84 4 17 73 26 56 92 147 51 136 104 25 127 72 105 6 134 69 74 94 82 110 102 107 68 60 50 52 46 118 28 
Coste: 9341165
Temperatura: 391.1842239412944
Probabilidad de aceptación: 7.682726650052436E-9
Movimiento: NO



ITERACION 101
Solucion:    24 3 129 135 63 123 117 53 57 48 87 71 96 34 37 16 114 99 125 7 45 36 116 89 142 91 20 132 97 140 44 14 2 98 106 112 130 21 77 103 29 31 13 111 148 32 38 64 15 121 145 58 10 79 93 40 1 47 67 35 8 42 41 55 100 122 86 9 54 109 70 124 90 19 101 11 78 120 49 131 75 12 59 83 18 39 33 76 30 85 80 133 62 27 0 88 113 149 144 119 108 143 5 115 146 141 22 128 23 81 43 137 139 65 138 66 95 61 126 84 4 17 73 26 56 92 147 51 136 104 25 127 72 105 6 134 69 74 94 82 110 102 107 68 60 50 52 46 118 28 
Coste: 9335025
Temperatura: 352.065801547165
Probabilidad de aceptación: 1.245500854963322E-8
Movimiento: NO



ITERACION 102
Solucion:    24 3 129 135 63 123 117 53 57 48 87 71 96 34 37 16 114 99 125 7 45 36 116 89 142 91 20 132 97 140 44 14 2 98 106 112 130 21 77 103 29 31 13 111 148 32 38 64 15 121 145 58 10 79 93 40 1 47 67 35 8 42 41 55 100 122 86 9 54 109 70 124 90 19 101 11 78 120 49 131 75 12 59 83 18 39 33 76 30 85 80 133 62 27 0 88 113 149 144 119 108 143 46 5 146 141 22 128 23 81 43 137 139 65 138 115 66 61 95 84 4 17 73 26 56 92 147 51 136 104 25 127 72 126 6 134 69 74 94 105 110 102 107 68 60 50 52 82 118 28 
Coste: 9329154
Temperatura: 316.8592213924485
Probabilidad de aceptación: 1.706702590036675E-4
Movimiento: NO



ITERACION 103
Solucion:    24 3 129 135 63 123 117 53 57 48 87 71 96 34 37 16 114 99 125 7 45 36 116 89 142 91 20 132 97 140 44 14 2 98 106 112 130 21 77 103 29 31 13 111 148 32 38 64 15 121 145 58 10 79 93 40 1 47 67 35 8 42 41 55 100 122 86 9 54 109 70 124 90 19 101 11 78 120 49 131 75 12 59 83 18 39 33 76 30 85 80 133 62 27 0 88 113 149 144 119 108 143 46 118 146 141 22 128 23 81 43 137 139 65 138 115 66 5 61 84 4 17 73 26 56 92 147 51 136 104 25 127 72 95 6 134 69 74 94 126 110 102 107 68 60 50 52 82 105 28 
Coste: 9324704
Temperatura: 285.17329925320365
Probabilidad de aceptación: 0.10526622524891925
Movimiento: NO



ITERACION 104
Solucion:    24 3 129 135 63 123 117 53 57 48 87 71 96 34 37 16 114 99 125 7 45 36 116 89 142 91 20 132 97 140 44 14 2 98 106 112 130 21 77 103 29 31 13 111 148 32 38 64 15 121 145 58 10 79 93 40 1 47 67 35 8 42 41 55 100 122 86 9 54 109 70 124 90 19 101 11 78 120 49 131 75 12 59 83 18 39 33 76 30 85 80 133 62 27 0 88 113 149 144 119 108 143 46 118 28 141 22 128 23 81 43 137 139 65 138 115 66 5 146 61 4 17 73 26 56 92 147 51 136 104 25 127 72 95 6 134 69 74 94 126 110 102 107 68 60 50 52 82 84 105 
Coste: 9323736
Temperatura: 256.65596932788327
Probabilidad de aceptación: 1.0
Movimiento: SI



ITERACION 105
Solucion:    24 3 129 135 63 123 117 53 57 48 87 71 96 34 37 16 114 99 125 7 45 36 116 89 142 91 20 132 97 140 44 14 2 98 106 112 130 21 77 103 29 31 13 111 148 32 38 64 15 121 145 58 10 79 93 40 1 47 67 35 8 42 41 55 100 122 86 9 54 109 70 124 90 19 101 11 78 120 49 131 75 12 59 83 18 39 33 76 30 85 141 133 62 27 0 88 113 149 144 119 108 143 46 118 28 126 80 128 23 81 43 137 139 65 138 115 66 5 146 61 22 17 73 26 56 92 147 51 136 104 25 127 72 95 6 4 134 69 94 74 110 102 107 68 60 50 52 82 84 105 
Coste: 9321203
Temperatura: 230.99037239509494
Probabilidad de aceptación: 1.2383170499859495E-5
Movimiento: NO



ITERACION 106
Solucion:    24 3 129 135 63 123 117 53 57 48 87 71 96 34 37 16 114 99 125 7 45 36 116 89 142 91 20 132 97 140 44 14 2 98 106 112 130 21 77 103 29 31 13 111 148 32 38 64 15 121 145 58 10 79 93 40 1 47 67 35 8 42 41 55 100 122 86 9 54 109 70 124 90 19 101 11 78 120 49 131 75 12 59 83 18 39 33 76 30 85 80 133 62 27 0 88 113 149 144 119 108 143 46 118 28 141 81 128 126 23 43 137 139 65 138 115 66 5 146 61 22 17 73 26 56 92 147 51 136 104 25 127 72 95 6 4 134 69 94 74 110 102 107 68 60 50 52 82 84 105 
Coste: 9318582
Temperatura: 207.89133515558544
Probabilidad de aceptación: 2.7393918626101074E-40
Movimiento: NO



ITERACION 107
Solucion:    24 3 129 135 63 123 117 53 57 48 87 71 96 34 37 16 114 99 125 7 45 36 116 89 142 91 20 132 97 140 44 14 2 98 106 112 130 21 77 103 29 31 13 111 148 32 38 64 15 121 145 58 10 79 93 40 1 47 67 35 8 42 41 55 100 122 86 9 54 109 70 124 90 19 101 11 78 120 49 131 75 12 59 83 18 39 33 76 30 85 80 133 62 27 0 88 113 149 144 119 108 143 46 118 28 141 81 23 128 126 43 137 139 65 138 115 66 5 146 61 22 17 73 26 56 92 147 51 136 104 25 127 72 95 6 4 134 69 94 74 110 102 107 68 60 50 52 82 84 105 
Coste: 9316184
Temperatura: 187.1022016400269
Probabilidad de aceptación: 2.681805485598217E-52
Movimiento: NO



ITERACION 108
Solucion:    24 3 129 135 63 123 117 53 57 48 87 71 96 34 37 16 114 99 125 7 45 36 116 89 142 91 20 132 97 140 44 14 2 98 106 112 130 21 77 103 29 31 13 111 148 32 38 64 15 121 145 58 10 79 93 40 1 47 67 35 8 42 41 55 100 122 86 9 54 109 70 124 90 19 101 11 78 120 49 131 75 12 59 83 18 39 33 76 30 85 80 133 62 27 0 88 113 149 144 119 108 143 46 118 28 141 81 23 110 126 43 137 139 65 138 115 66 5 146 61 22 17 73 128 26 92 147 51 136 104 25 127 72 95 6 4 56 134 69 94 74 102 107 68 60 50 52 82 84 105 
Coste: 9313351
Temperatura: 168.3919814760242
Probabilidad de aceptación: 2.94340294825591E-35
Movimiento: NO



ITERACION 109
Solucion:    24 3 129 135 63 123 117 53 57 48 87 71 96 34 37 16 114 126 99 7 45 36 116 89 142 91 20 132 97 140 44 14 2 125 106 112 130 21 77 103 29 31 13 111 148 98 38 64 15 121 145 58 10 79 93 40 1 47 67 35 8 42 41 32 55 122 86 9 54 109 70 124 90 19 101 11 78 120 100 131 75 12 59 83 18 39 33 76 30 85 80 133 62 27 0 88 113 149 144 119 108 143 46 118 28 141 81 23 49 147 43 110 139 65 138 115 66 5 146 61 22 17 73 128 137 92 26 51 136 104 25 127 72 95 6 4 56 134 69 94 74 102 107 68 60 50 52 82 84 105 
Coste: 9303567
Temperatura: 151.55278332842178
Probabilidad de aceptación: 1.0995311006447143E-44
Movimiento: NO



ITERACION 110
Solucion:    24 3 129 135 63 123 117 53 57 48 87 71 96 34 37 16 114 126 99 7 45 36 116 89 142 91 20 132 97 140 44 14 2 125 106 112 130 21 77 103 29 31 13 111 148 98 38 64 15 121 145 58 10 79 93 40 1 47 67 35 8 42 41 32 55 122 86 9 54 109 70 124 90 19 101 11 78 120 100 131 75 12 59 83 18 39 33 76 30 85 80 133 62 27 0 43 113 149 144 119 108 143 46 118 28 141 81 23 49 147 60 110 139 65 138 115 66 5 146 61 22 17 73 128 137 92 88 51 136 104 25 127 72 95 6 4 26 134 69 94 74 102 107 68 56 50 52 82 84 105 
Coste: 9299172
Temperatura: 136.3975049955796
Probabilidad de aceptación: 1.2219984921878254E-65
Movimiento: NO



ITERACION 111
Solucion:    24 3 129 135 63 123 117 53 57 48 87 71 96 34 37 16 114 126 99 7 45 36 116 89 142 91 20 132 97 140 44 14 2 125 106 112 130 21 77 103 29 31 13 111 148 98 38 64 15 121 145 58 10 79 93 40 1 47 67 35 8 42 41 32 55 122 86 9 54 109 70 124 90 19 101 11 78 120 100 131 75 110 59 83 18 39 33 76 30 85 80 133 62 27 0 43 113 149 144 119 108 143 46 118 28 141 81 23 49 147 60 65 139 12 138 115 66 5 146 61 22 17 73 128 137 92 88 51 136 104 25 127 72 95 6 4 26 134 69 94 74 102 107 68 56 50 52 82 84 105 
Coste: 9297624
Temperatura: 122.75775449602163
Probabilidad de aceptación: 3.743917430144624E-94
Movimiento: NO



ITERACION 112
Solucion:    24 3 129 135 63 123 117 53 57 48 87 71 96 34 37 16 114 126 99 7 45 36 116 89 142 91 20 132 97 140 44 14 2 125 106 112 130 21 77 103 29 31 13 111 148 98 38 64 15 121 145 58 10 79 93 40 1 47 67 35 8 42 41 32 55 122 86 9 54 109 70 124 90 19 101 11 78 120 100 131 75 110 59 83 18 39 33 76 30 85 80 133 62 27 0 43 113 149 144 119 108 143 46 118 28 141 81 23 49 147 60 139 65 12 138 115 66 5 146 61 22 17 73 128 137 92 88 51 136 104 25 127 72 95 6 4 26 134 69 94 74 102 107 68 56 50 52 82 84 105 
Coste: 9297603
Temperatura: 110.48197904641947
Probabilidad de aceptación: 4.634019977761396E-100
Movimiento: NO



ITERACION 113
Solucion:    24 3 129 135 63 123 117 53 57 48 87 71 96 34 37 16 114 126 99 7 45 36 116 89 142 91 20 132 97 140 44 14 2 125 106 112 130 21 77 103 29 31 13 111 148 98 38 64 15 121 145 58 10 79 93 40 1 47 67 35 8 42 41 32 55 122 86 9 54 109 70 124 90 19 101 11 78 120 100 131 75 110 59 83 18 39 33 76 30 85 80 133 62 27 0 43 113 149 144 12 108 143 46 118 28 141 81 23 49 147 60 139 65 68 138 115 66 5 146 61 22 17 73 128 137 92 88 51 136 104 25 127 72 95 6 4 26 134 69 94 74 102 107 119 56 50 52 82 84 105 
Coste: 9293837
Temperatura: 99.43378114177753
Probabilidad de aceptación: 1.3880082768820017E-53
Movimiento: NO



ITERACION 114
Solucion:    24 3 129 135 63 123 117 53 57 48 87 71 96 34 37 16 114 126 99 7 45 36 116 89 142 91 20 132 97 140 44 14 2 125 106 112 130 21 77 103 29 31 13 111 148 98 38 64 15 121 145 58 10 79 93 40 1 47 67 35 8 42 41 32 55 122 86 9 54 109 70 124 90 19 101 11 78 120 100 131 75 110 59 83 18 39 33 76 30 85 80 133 62 27 0 43 113 149 144 12 108 143 46 118 28 141 81 23 49 147 60 139 65 68 104 138 115 5 146 61 22 17 73 128 137 92 88 51 136 66 25 127 72 95 6 4 26 134 69 94 74 102 107 119 56 50 52 82 84 105 
Coste: 9292928
Temperatura: 89.49040302759978
Probabilidad de aceptación: 3.992700150857589E-32
Movimiento: NO



ITERACION 115
Solucion:    24 3 129 135 63 123 117 53 57 48 87 71 96 34 37 16 114 126 99 7 45 36 116 89 142 91 20 132 97 140 44 14 2 125 106 112 130 21 77 103 29 31 13 111 148 98 38 64 15 121 145 58 10 79 93 40 1 47 67 35 8 42 41 32 55 122 86 9 54 109 70 124 90 19 101 11 78 120 100 131 75 110 59 83 18 39 33 76 30 85 80 133 62 27 0 43 113 149 144 12 108 143 46 118 28 141 81 23 49 147 60 139 65 68 104 115 138 5 146 61 22 17 73 128 137 92 88 51 136 66 25 127 72 95 6 4 26 134 69 94 74 102 107 119 56 50 52 82 84 105 
Coste: 9291949
Temperatura: 80.5413627248398
Probabilidad de aceptación: 2.4322643660547877E-41
Movimiento: NO



ITERACION 116
Solucion:    24 3 129 135 63 123 117 53 57 48 87 71 96 34 37 16 114 126 99 7 45 36 116 89 142 91 20 132 97 140 44 14 2 125 106 112 130 21 77 103 29 31 13 111 148 98 38 64 15 121 145 58 10 79 93 40 1 47 67 35 8 42 41 32 55 122 86 9 54 109 70 124 90 19 101 11 78 120 100 131 75 110 59 83 18 39 33 76 30 85 80 133 62 27 0 43 113 149 144 12 108 143 46 118 28 141 81 23 49 147 60 139 65 68 104 115 82 5 146 61 22 17 73 128 137 92 88 51 136 66 25 127 72 95 6 4 26 134 69 94 74 102 107 119 56 50 52 138 84 105 
Coste: 9291833
Temperatura: 72.48722645235583
Probabilidad de aceptación: 4.265570065234967E-31
Movimiento: NO



ITERACION 117
Solucion:    24 3 129 135 63 123 117 53 57 48 87 71 96 34 37 16 114 126 99 7 45 36 116 89 142 91 20 132 97 140 44 14 2 125 106 112 130 21 77 103 29 31 13 111 148 98 38 64 15 121 145 58 10 79 93 40 1 47 67 35 8 42 41 32 55 122 86 9 54 109 70 124 90 5 101 11 78 120 100 131 75 110 59 83 18 39 33 76 30 85 80 133 62 27 0 43 113 149 144 12 108 143 46 118 28 141 81 23 49 147 60 139 65 68 104 115 19 82 146 61 22 17 73 128 137 92 88 51 136 66 25 127 72 95 6 4 26 134 69 94 74 102 107 119 56 50 52 138 84 105 
Coste: 9291492
Temperatura: 65.23850380712025
Probabilidad de aceptación: 2.59851974519104E-29
Movimiento: NO



ITERACION 118
Solucion:    24 3 129 135 63 123 117 53 57 48 87 71 96 34 37 16 114 126 99 7 45 36 116 89 142 91 20 132 97 140 44 14 2 125 106 112 130 21 77 103 29 31 13 111 148 98 38 64 15 121 145 58 10 79 93 40 1 47 67 35 8 42 41 32 55 122 86 9 54 109 70 124 90 5 101 11 78 120 100 131 75 110 59 83 18 39 33 76 30 85 80 133 62 27 0 43 113 149 144 12 108 143 46 118 28 141 81 23 49 147 60 139 65 68 104 115 19 82 138 61 22 17 73 128 137 92 88 51 136 66 25 127 146 95 6 4 26 134 69 94 74 102 107 119 56 50 52 72 84 105 
Coste: 9289934
Temperatura: 58.714653426408226
Probabilidad de aceptación: 1.3322176001825957E-35
Movimiento: NO



ITERACION 119
Solucion:    24 3 129 135 63 123 117 53 57 48 87 71 96 34 61 16 114 126 99 7 45 36 116 89 142 91 20 132 37 140 44 14 2 125 106 112 130 21 77 103 29 31 13 111 148 98 38 64 15 121 145 58 10 79 93 40 1 47 67 35 8 42 41 32 55 122 86 9 54 109 70 124 90 97 101 11 78 120 100 131 75 110 59 83 18 39 33 76 30 85 80 133 62 27 0 43 113 149 144 12 108 143 46 118 28 141 81 23 49 147 60 139 65 68 104 115 19 82 138 5 22 17 73 128 137 92 88 51 136 66 25 127 146 95 6 4 26 134 69 94 74 102 107 119 56 50 52 72 84 105 
Coste: 9284623
Temperatura: 52.8431880837674
Probabilidad de aceptación: 3.021715794356246E-11
Movimiento: NO



ITERACION 120
Solucion:    24 3 129 135 63 123 117 53 57 48 87 71 96 34 61 16 114 126 99 7 45 36 116 89 142 91 20 132 37 140 44 14 2 125 106 112 130 21 77 103 29 31 13 111 148 98 38 64 15 121 145 58 10 79 93 40 1 47 67 35 8 42 41 32 55 122 86 9 54 109 70 124 90 97 101 11 78 120 100 131 75 110 59 83 18 39 33 76 30 85 22 133 62 27 0 43 113 149 144 12 108 143 46 118 28 80 81 23 49 147 60 139 65 68 104 115 19 82 138 5 17 141 73 128 137 92 88 51 136 66 25 127 146 95 6 4 26 134 69 94 74 102 107 119 56 50 52 72 84 105 
Coste: 9284035
Temperatura: 47.55886927539066
Probabilidad de aceptación: 1.1479201315637673E-247
Movimiento: NO



ITERACION 121
Solucion:    24 3 129 135 63 123 117 53 57 48 87 71 96 34 61 16 114 126 99 7 45 36 116 89 142 91 20 132 37 140 44 14 2 125 106 112 130 21 77 103 29 31 13 111 148 98 38 64 15 121 145 58 10 79 93 40 1 47 67 35 8 42 41 32 55 122 86 9 54 109 70 124 90 97 101 11 78 120 100 131 75 110 59 83 18 39 33 76 30 85 141 133 62 27 0 43 113 149 144 12 108 143 46 118 28 80 81 23 49 147 60 139 65 68 104 115 19 82 138 5 17 26 22 128 137 92 88 51 136 66 25 127 146 95 6 4 73 134 69 94 74 102 107 119 56 50 52 72 84 105 
Coste: 9281785
Temperatura: 42.8029823478516
Probabilidad de aceptación: 4.037020148321054E-204
Movimiento: NO



ITERACION 122
Solucion:    24 3 129 135 63 123 117 53 57 48 87 71 96 34 61 16 114 126 99 7 45 36 116 89 142 91 20 132 37 140 44 14 2 125 106 112 130 21 77 103 29 31 13 111 148 98 38 64 15 121 145 58 10 79 93 40 1 47 67 35 8 42 41 32 55 122 86 9 54 109 70 124 90 97 101 11 78 120 100 131 75 110 59 83 18 39 33 76 30 85 141 133 62 27 0 43 113 149 144 12 108 143 46 118 28 80 81 23 49 147 60 139 65 68 104 115 19 82 138 5 17 22 26 128 137 92 88 51 136 66 25 127 146 95 6 4 73 134 69 94 74 102 107 119 56 50 52 72 84 105 
Coste: 9281646
Temperatura: 38.52268411306644
Probabilidad de aceptación: 3.4044793148015666E-224
Movimiento: NO



ITERACION 123
Solucion:    24 3 129 135 63 123 117 53 57 48 87 71 96 34 61 16 114 126 99 7 45 36 116 89 142 91 20 132 37 140 44 14 2 125 106 112 130 21 77 103 29 31 13 111 148 98 38 64 15 121 145 58 10 79 93 40 1 47 67 35 8 42 41 128 55 122 86 9 54 109 70 124 90 97 101 11 78 120 100 131 75 110 59 83 18 39 33 76 30 85 141 32 62 27 0 43 113 149 144 12 108 143 46 118 28 80 81 23 133 147 60 139 65 68 104 115 19 82 138 5 17 22 26 49 137 92 88 51 136 66 25 127 146 95 6 4 73 134 69 94 74 102 107 119 56 50 52 72 84 105 
Coste: 9276364
Temperatura: 34.670415701759794
Probabilidad de aceptación: 3.5555373324557173E-202
Movimiento: NO



ITERACION 124
Solucion:    24 3 129 135 63 123 117 53 57 48 87 71 96 34 61 16 114 126 99 7 45 36 116 89 142 91 20 132 37 140 44 14 2 125 106 112 130 21 77 103 29 31 13 111 148 98 38 64 15 121 145 58 10 79 93 40 1 47 67 35 8 42 41 128 55 122 86 9 54 109 70 124 90 97 101 11 78 120 100 131 137 110 59 83 18 39 33 76 30 85 141 32 62 27 0 43 113 149 144 12 108 143 46 118 28 80 81 23 75 147 60 139 65 68 104 115 19 82 138 5 17 22 26 133 49 92 88 51 136 66 25 127 146 95 6 4 73 134 69 94 74 102 107 119 56 50 52 72 84 105 
Coste: 9276142
Temperatura: 31.203374131583814
Probabilidad de aceptación: 5.93941752098482E-227
Movimiento: NO



ITERACION 125
Solucion:    24 3 129 135 63 123 117 53 57 48 87 71 96 34 61 16 114 126 99 7 45 36 116 89 142 91 20 132 37 140 44 14 2 125 106 112 130 21 77 103 29 31 13 111 148 98 38 64 15 121 145 58 10 79 93 40 1 47 67 35 8 42 41 128 92 122 86 9 54 109 70 124 90 97 101 11 78 120 100 131 137 110 59 83 18 39 33 76 30 85 141 32 62 27 0 43 113 149 144 12 108 143 46 118 28 80 81 23 75 147 60 139 65 68 104 115 19 82 138 5 17 22 26 133 55 107 88 51 136 66 25 127 146 95 6 4 73 134 69 94 49 74 102 119 56 50 52 72 84 105 
Coste: 9274766
Temperatura: 28.083036718425433
Probabilidad de aceptación: 3.8424524839633376E-280
Movimiento: NO



ITERACION 126
Solucion:    24 3 129 135 63 123 117 53 57 48 87 71 96 34 61 16 114 126 99 7 45 36 116 89 142 91 20 132 37 140 44 14 2 125 106 112 130 21 77 103 29 31 13 111 148 98 38 64 15 121 145 58 10 79 93 40 1 47 67 35 8 42 41 128 92 122 86 9 54 109 70 124 90 97 101 11 78 120 100 131 137 110 59 83 18 39 33 76 30 85 141 32 62 27 0 43 113 149 144 12 108 143 46 118 28 80 81 23 75 147 60 139 65 68 104 115 19 82 138 5 17 22 26 133 55 107 74 51 136 66 25 127 146 95 6 4 73 134 69 94 49 88 102 119 56 50 52 72 84 105 
Coste: 9274105
Temperatura: 25.27473304658289
Probabilidad de aceptación: 0.0
Movimiento: NO



ITERACION 127
Solucion:    24 3 129 135 63 123 117 53 57 48 87 71 96 34 61 16 114 126 99 7 45 36 116 89 142 91 20 132 37 140 44 14 2 125 106 112 130 21 77 103 29 31 13 111 148 98 38 64 15 121 145 58 10 79 93 40 1 47 67 35 8 42 41 128 92 122 86 9 54 109 70 124 90 97 101 11 78 120 100 131 137 110 59 83 18 39 33 76 30 85 141 32 62 27 0 43 113 149 144 12 108 143 46 118 28 80 81 23 75 147 60 139 65 68 104 115 19 82 138 5 17 22 26 133 55 107 74 88 51 66 25 127 146 95 6 4 73 134 69 94 136 49 102 119 56 50 52 72 84 105 
Coste: 9272616
Temperatura: 22.7472597419246
Probabilidad de aceptación: 0.0
Movimiento: NO



ITERACION 128
Solucion:    24 3 129 135 63 123 117 53 57 48 87 71 96 34 61 16 114 126 99 7 45 36 116 89 142 91 20 132 37 140 44 14 2 125 106 112 130 21 77 103 29 31 13 111 148 98 38 64 15 121 145 58 10 79 93 40 1 47 67 35 8 42 41 128 92 122 86 9 54 109 70 124 90 97 101 11 78 120 100 131 137 110 59 83 18 39 33 76 30 85 141 32 62 27 0 43 113 149 144 12 108 143 46 118 28 80 81 23 75 147 60 139 65 68 104 115 19 82 138 5 17 22 26 133 55 107 74 88 51 66 25 127 146 95 6 4 73 134 69 94 136 49 102 119 56 50 52 72 84 105 
Coste: 9272616
Temperatura: 20.47253376773214
Probabilidad de aceptación: 0.0
Movimiento: NO



ITERACION 129
Solucion:    24 3 129 135 63 123 117 53 57 48 87 71 96 34 61 16 114 126 99 7 45 36 116 89 142 91 20 132 37 140 44 14 2 125 106 112 130 21 77 103 29 31 13 111 148 98 38 64 15 121 145 58 10 79 93 40 1 47 67 35 8 42 41 128 92 122 86 9 54 109 70 124 90 97 101 11 78 120 100 131 137 110 59 83 18 39 33 76 30 85 141 32 62 27 0 43 113 149 144 66 108 143 46 118 28 80 81 23 75 147 60 139 65 12 104 115 19 82 138 5 17 22 26 133 55 107 74 88 51 68 25 127 146 95 6 4 73 134 69 94 136 49 102 119 56 50 52 72 84 105 
Coste: 9272060
Temperatura: 18.425280390958928
Probabilidad de aceptación: 1.4754427829735606E-247
Movimiento: NO



ITERACION 130
Solucion:    24 3 129 135 63 123 117 53 57 48 87 71 96 34 61 16 114 126 99 7 45 36 116 89 142 91 20 132 37 140 44 14 2 125 106 112 130 21 77 103 29 31 13 111 148 98 38 64 15 121 145 58 10 79 93 40 1 47 67 35 8 42 41 128 92 122 86 9 54 109 70 124 90 97 101 11 78 120 100 131 137 110 59 83 18 39 33 76 30 85 141 32 62 27 0 43 113 149 144 66 108 143 46 118 28 80 81 23 75 147 60 139 65 12 104 115 19 82 25 5 17 22 26 133 55 107 74 88 51 68 50 138 146 95 6 4 73 134 69 94 136 49 102 119 56 127 52 72 84 105 
Coste: 9269058
Temperatura: 16.582752351863036
Probabilidad de aceptación: 3.711442092242622E-146
Movimiento: NO



ITERACION 131
Solucion:    24 3 129 135 63 123 117 53 57 48 87 71 96 34 61 16 114 126 99 7 45 36 116 89 142 91 20 132 37 140 44 14 2 125 106 112 130 21 77 103 29 31 13 111 148 98 38 64 15 121 145 58 10 79 93 40 1 47 67 35 8 42 41 128 92 122 86 9 54 109 70 124 90 97 101 11 78 120 100 131 137 110 59 83 18 39 33 76 30 85 141 32 62 27 0 43 113 149 144 66 108 143 46 118 28 80 81 23 75 147 60 139 65 12 104 115 138 82 25 5 17 22 26 133 55 107 74 88 51 68 50 127 146 95 6 4 73 134 69 94 136 49 102 119 56 19 52 72 84 105 
Coste: 9268627
Temperatura: 14.924477116676732
Probabilidad de aceptación: 4.431494980690834E-176
Movimiento: NO



ITERACION 132
Solucion:    24 3 129 135 63 123 117 53 57 48 87 71 96 34 61 16 114 126 99 7 45 36 116 89 142 91 20 132 37 140 44 14 2 125 106 112 130 21 77 103 29 31 13 111 148 98 38 64 15 121 145 58 10 79 93 40 1 47 67 35 8 42 41 128 92 122 86 9 54 109 70 124 90 97 101 11 78 120 100 131 137 110 59 83 18 39 33 76 30 85 141 32 62 27 0 43 113 149 144 66 108 143 46 118 28 80 81 23 75 147 60 139 65 12 104 115 138 82 25 5 17 22 26 133 55 107 74 88 51 68 50 127 95 146 6 4 73 134 69 94 136 49 102 119 56 19 52 72 84 105 
Coste: 9268132
Temperatura: 13.43202940500906
Probabilidad de aceptación: 1.586840951848665E-67
Movimiento: NO



ITERACION 133
Solucion:    24 3 129 135 63 123 117 53 57 48 87 71 96 34 61 16 114 126 99 7 45 36 116 89 142 91 20 132 37 140 44 14 2 125 106 112 130 21 77 103 29 31 13 111 148 98 38 64 15 121 145 58 10 79 93 40 1 47 67 35 8 42 41 128 92 122 86 9 54 109 70 124 90 97 101 11 78 120 100 131 137 110 59 83 18 39 33 76 30 85 141 32 62 27 0 43 113 149 144 66 108 143 46 118 28 80 81 23 75 147 60 139 65 12 104 115 138 82 25 5 17 22 26 133 55 107 74 88 51 68 50 127 95 105 6 4 73 134 69 94 136 49 102 119 56 19 52 146 84 72 
Coste: 9267590
Temperatura: 12.088826464508154
Probabilidad de aceptación: 1.0
Movimiento: SI



ITERACION 134
Solucion:    24 3 129 135 63 123 117 53 57 48 87 71 96 34 6 16 114 126 99 7 45 36 116 89 142 91 20 132 37 140 44 14 2 125 106 112 130 21 77 103 29 31 13 111 148 98 38 64 15 121 145 58 10 79 93 40 1 47 67 35 8 42 41 128 92 122 86 9 54 109 70 124 90 97 101 11 78 120 100 131 137 110 59 83 18 39 33 76 30 85 141 32 62 27 0 43 113 149 144 66 108 143 46 118 28 80 81 23 75 147 60 139 65 12 104 115 138 82 61 5 17 22 26 133 55 107 74 88 51 68 50 127 95 105 72 4 73 134 69 94 136 49 102 119 56 19 52 25 84 146 
Coste: 9265882
Temperatura: 10.879943818057338
Probabilidad de aceptación: 1.0
Movimiento: SI



ITERACION 135
Solucion:    24 3 129 135 63 123 117 53 57 48 87 71 96 34 6 16 114 126 99 7 45 36 116 89 142 91 20 132 37 140 44 14 2 125 106 112 130 21 77 103 29 31 13 111 148 98 38 64 15 121 145 58 10 79 93 40 1 47 67 35 8 42 41 128 92 122 86 9 54 109 70 124 90 97 101 11 78 120 100 131 137 110 59 83 18 39 33 76 30 85 4 32 62 27 0 43 113 149 144 66 108 143 46 118 28 141 81 23 75 147 60 139 65 12 104 115 138 82 61 5 17 22 26 133 55 107 74 88 51 68 50 127 95 105 72 80 73 134 69 94 136 49 102 119 56 19 52 25 84 146 
Coste: 9265040
Temperatura: 9.791949436251604
Probabilidad de aceptación: 0.0
Movimiento: NO



ITERACION 136
Solucion:    24 3 129 135 63 123 117 53 57 48 87 71 96 34 6 16 114 126 99 7 45 36 116 89 142 91 20 132 37 140 44 14 2 125 106 112 130 21 77 103 29 31 13 111 148 98 38 64 15 121 145 58 10 79 93 40 1 47 67 35 8 42 41 128 92 122 86 9 54 109 70 124 90 97 101 11 78 120 100 131 137 110 59 83 18 39 33 76 30 85 4 32 62 27 0 43 113 149 144 66 108 143 46 118 28 141 81 23 75 147 60 139 65 12 104 115 138 82 61 5 17 22 26 133 55 107 74 88 51 68 50 127 95 105 72 80 73 134 69 94 136 49 102 119 56 19 52 25 84 146 
Coste: 9265040
Temperatura: 8.812754492626445
Probabilidad de aceptación: 0.0
Movimiento: NO



ITERACION 137
Solucion:    24 3 129 135 63 123 117 53 57 48 87 71 96 34 6 16 114 126 99 7 45 36 116 89 142 91 20 132 37 140 44 14 2 125 106 112 130 21 77 103 29 31 13 111 148 98 38 64 15 121 145 58 10 79 93 40 1 47 67 35 8 42 41 128 92 122 86 9 54 109 70 124 90 97 101 11 78 120 100 131 137 110 59 83 18 39 33 76 30 85 4 32 62 27 0 43 113 149 144 66 108 143 46 118 28 141 81 23 75 147 60 139 65 12 104 115 138 82 61 5 17 22 26 133 55 107 74 88 51 68 50 127 95 105 72 80 73 134 69 94 136 49 102 119 56 19 52 25 84 146 
Coste: 9265040
Temperatura: 7.9314790433638
Probabilidad de aceptación: 0.0
Movimiento: NO



ITERACION 138
Solucion:    24 3 129 135 63 123 117 53 57 48 87 71 96 34 6 16 114 126 69 7 45 36 116 89 142 91 20 132 37 140 44 14 2 125 106 112 130 21 77 103 29 31 13 111 148 98 38 64 15 121 145 58 10 79 93 40 1 47 67 35 8 42 41 99 128 122 86 9 54 109 70 124 90 97 101 11 78 120 100 131 137 110 59 83 18 39 33 76 30 85 4 32 62 27 0 43 113 149 144 66 108 143 46 118 28 141 81 23 75 147 60 139 65 12 104 115 138 82 61 5 17 22 26 133 55 107 74 88 51 68 50 127 95 105 72 80 73 134 56 92 94 49 102 119 136 19 52 25 84 146 
Coste: 9256505
Temperatura: 7.13833113902742
Probabilidad de aceptación: 0.0
Movimiento: NO



ITERACION 139
Solucion:    24 3 129 135 63 123 117 53 57 48 87 71 96 34 6 16 114 126 69 7 45 36 116 89 142 91 20 132 37 140 44 14 2 125 106 112 130 21 77 103 29 31 13 111 148 98 38 64 15 121 145 58 10 79 93 40 1 47 67 35 8 42 41 99 128 122 86 9 54 109 70 124 90 97 101 11 78 120 100 131 137 110 59 83 18 39 33 76 30 85 4 32 62 27 0 43 113 149 144 66 108 143 46 118 28 141 81 23 75 147 60 139 65 12 104 115 138 82 61 5 17 22 26 133 55 107 74 88 51 68 50 127 95 105 72 80 73 134 56 49 92 94 102 119 136 19 52 25 84 146 
Coste: 9255692
Temperatura: 6.424498025124678
Probabilidad de aceptación: 0.0
Movimiento: NO



ITERACION 140
Solucion:    24 3 129 135 63 123 117 53 57 48 87 71 96 34 6 16 114 126 69 7 45 36 116 89 142 91 20 132 37 140 44 14 2 125 106 112 130 21 77 103 29 31 13 111 148 98 38 64 15 121 145 58 10 79 93 40 1 47 67 35 8 42 41 99 128 122 86 9 54 109 70 124 90 97 101 11 78 120 100 131 137 110 59 83 18 39 33 76 30 85 4 32 62 27 0 43 113 149 144 66 108 143 46 118 28 141 81 23 75 147 60 139 65 12 104 115 138 82 61 5 17 22 26 133 55 107 74 88 51 68 50 127 95 105 72 80 73 134 56 49 92 94 102 119 136 19 52 25 84 146 
Coste: 9255692
Temperatura: 5.78204822261221
Probabilidad de aceptación: 0.0
Movimiento: NO



ITERACION 141
Solucion:    24 3 129 135 63 123 117 53 57 48 87 71 96 34 6 16 114 126 69 7 45 36 116 89 142 91 20 132 37 140 44 14 2 125 106 112 130 21 77 103 29 31 13 111 148 98 38 64 15 121 145 58 10 79 93 40 1 47 67 35 8 42 41 99 128 122 86 9 54 109 70 124 90 97 101 11 78 120 100 131 137 110 59 83 18 39 33 76 30 85 4 32 62 27 0 43 113 149 144 66 108 143 46 118 28 141 81 23 75 147 60 139 65 12 104 115 138 82 61 5 17 22 26 133 55 107 74 88 51 68 50 127 95 105 72 80 73 134 56 49 92 94 102 119 136 19 52 25 84 146 
Coste: 9255692
Temperatura: 5.203843400350989
Probabilidad de aceptación: 0.0
Movimiento: NO



ITERACION 142
Solucion:    24 3 129 135 63 123 117 53 57 48 87 71 96 34 6 16 114 126 69 7 45 36 116 89 142 91 20 132 37 140 44 14 2 125 106 112 130 21 77 103 29 31 13 111 148 98 38 64 15 121 145 58 10 79 93 40 1 47 67 35 8 42 41 99 128 122 86 9 54 109 70 124 90 97 101 11 78 120 100 131 137 110 59 83 18 39 33 76 30 85 4 32 62 27 0 43 113 149 144 66 108 143 46 118 28 141 81 23 75 147 60 139 65 102 104 115 138 82 61 5 17 22 26 133 55 107 74 88 12 68 50 127 95 105 72 80 73 134 56 49 92 94 51 119 136 19 52 25 84 146 
Coste: 9254955
Temperatura: 4.68345906031589
Probabilidad de aceptación: 0.0
Movimiento: NO



ITERACION 143
Solucion:    24 3 129 135 63 123 117 53 57 48 87 71 96 34 6 16 114 126 69 7 45 36 116 89 142 91 20 132 37 140 44 14 2 125 106 112 130 21 77 103 29 31 13 111 148 98 38 64 15 121 145 58 10 79 93 40 1 47 67 35 8 42 41 99 128 122 86 9 54 109 70 124 90 97 101 11 78 120 100 131 137 110 59 83 18 39 33 76 30 85 4 32 62 27 0 43 113 149 144 66 108 143 46 118 28 141 81 23 75 147 60 139 65 102 104 115 138 82 61 5 17 22 26 133 55 107 74 88 12 68 50 127 95 105 72 80 73 134 56 49 92 94 51 119 136 19 52 25 84 146 
Coste: 9254955
Temperatura: 4.2151131542843014
Probabilidad de aceptación: 0.0
Movimiento: NO



ITERACION 144
Solucion:    24 3 129 135 63 123 117 53 57 48 87 71 96 34 6 16 114 126 69 7 45 36 116 89 142 91 20 132 37 140 44 14 2 125 106 112 130 21 77 103 29 31 13 111 148 98 38 64 15 121 145 58 10 79 93 40 1 47 67 35 8 42 41 99 128 122 86 9 54 109 70 124 90 97 101 11 78 120 100 131 137 110 59 83 18 39 33 76 30 85 4 32 62 27 0 43 113 149 144 66 108 143 46 118 28 141 81 23 75 147 60 139 65 102 104 115 138 82 61 5 17 22 26 133 55 107 74 88 12 68 50 127 95 105 72 80 73 134 56 49 92 94 51 119 52 19 136 25 84 146 
Coste: 9254887
Temperatura: 3.793601838855871
Probabilidad de aceptación: 0.0
Movimiento: NO



ITERACION 145
Solucion:    24 3 129 135 63 123 117 53 57 48 87 71 96 34 6 16 114 126 69 7 45 36 116 89 142 91 20 132 37 140 44 14 2 125 106 112 130 21 77 103 29 31 13 111 148 98 38 64 15 121 145 58 10 79 93 40 1 47 67 35 8 42 41 99 128 122 86 9 54 109 70 124 90 97 101 11 78 120 100 131 137 110 59 83 18 39 33 76 30 85 4 32 62 27 0 43 113 149 144 66 108 143 46 118 28 141 81 23 75 147 60 139 65 102 104 115 138 82 61 5 17 22 26 133 55 107 74 88 12 68 50 19 95 105 72 80 73 134 56 49 92 94 51 119 52 136 127 25 84 146 
Coste: 9253900
Temperatura: 3.4142416549702843
Probabilidad de aceptación: 0.0
Movimiento: NO



ITERACION 146
Solucion:    24 3 129 135 63 123 117 53 57 48 87 71 96 34 6 16 114 126 69 7 45 36 116 89 142 91 20 132 37 140 44 14 2 125 106 112 130 21 77 103 29 31 13 111 148 98 38 64 15 121 145 58 10 79 93 40 1 47 67 35 8 42 41 99 128 122 86 9 54 109 70 124 90 97 101 11 78 120 100 131 137 110 59 83 18 39 33 76 30 85 4 32 62 27 0 43 113 149 144 66 108 143 46 118 28 141 81 23 75 147 60 139 65 102 104 115 138 82 61 5 17 22 26 133 55 107 74 88 12 68 50 127 95 105 72 80 73 134 56 49 92 94 51 119 52 136 19 25 84 146 
Coste: 9252991
Temperatura: 3.072817489473256
Probabilidad de aceptación: 0.0
Movimiento: NO



ITERACION 147
Solucion:    24 3 129 135 63 123 117 53 57 48 87 71 96 34 6 16 114 126 69 7 45 36 116 89 142 91 20 132 37 140 44 14 2 125 106 112 130 21 77 103 29 31 13 111 148 98 38 64 15 121 145 58 10 79 93 40 1 47 67 35 8 42 41 99 128 122 86 9 54 109 70 124 90 97 101 11 78 120 100 131 137 110 59 83 18 39 33 25 30 85 4 32 62 27 0 43 113 149 144 66 108 143 46 118 28 141 81 23 75 147 60 139 65 102 104 115 138 82 61 5 17 22 26 133 55 107 74 88 12 68 50 127 95 105 72 80 73 134 56 49 92 94 51 119 52 136 19 76 84 146 
Coste: 9251729
Temperatura: 2.76553574052593
Probabilidad de aceptación: 1.1689067230931993E-273
Movimiento: NO



ITERACION 148
Solucion:    24 3 129 135 63 123 117 53 57 48 87 71 96 34 84 16 114 126 69 7 45 36 116 89 142 91 20 132 37 140 44 14 2 125 106 112 130 21 77 103 29 31 13 111 148 98 38 64 15 121 145 58 10 79 93 40 1 47 67 35 8 42 41 99 128 122 86 9 54 109 70 124 90 97 101 11 78 120 100 131 137 110 59 83 18 39 33 25 30 85 4 32 62 27 0 43 113 149 144 66 108 143 46 118 28 141 81 23 75 147 60 139 65 102 104 115 138 82 61 6 17 22 26 133 55 107 74 88 12 68 50 127 95 105 5 80 73 134 56 49 92 94 51 119 52 136 19 76 72 146 
Coste: 9247899
Temperatura: 2.4889821664733374
Probabilidad de aceptación: 1.2245551061816635E-13
Movimiento: NO



ITERACION 149
Solucion:    24 3 129 135 63 123 117 53 57 48 87 71 96 34 84 16 114 126 69 7 45 36 116 89 142 91 20 132 37 140 44 14 2 125 106 112 130 21 77 103 29 31 13 111 148 98 38 64 15 121 145 58 10 79 93 40 1 47 67 35 8 42 41 99 128 122 86 9 54 109 70 124 90 97 101 11 78 120 100 131 137 110 59 83 18 39 33 25 30 85 4 32 62 27 0 43 113 149 144 66 108 143 46 118 28 141 81 23 75 147 60 139 65 102 104 115 138 82 61 6 17 22 26 133 55 107 74 88 12 68 50 127 95 105 5 80 73 134 56 49 92 94 51 119 52 136 19 76 72 146 
Coste: 9247899
Temperatura: 2.240083949826004
Probabilidad de aceptación: 1.0
Movimiento: SI



