ITERACION 0
Solucion:    58 107 13 99 64 44 144 24 8 86 5 85 109 33 10 48 41 94 142 21 122 92 59 71 139 17 14 105 134 38 19 96 73 117 103 2 149 34 115 93 112 83 116 90 108 69 27 32 77 49 53 1 56 78 146 125 57 0 84 40 74 111 135 39 52 66 35 23 114 62 25 147 123 148 79 121 143 140 132 95 118 7 113 87 28 106 104 6 51 126 128 45 98 133 81 100 68 47 89 138 145 3 75 36 30 130 60 54 4 131 110 120 91 102 88 46 119 65 29 76 141 82 18 124 11 127 55 43 50 67 9 61 80 37 72 15 129 31 22 63 20 26 12 137 16 136 97 70 101 42 
Coste: 9829664
Temperatura: 1.4764599E7
Probabilidad de aceptación: 1.0
Movimiento: SI



ITERACION 1
Solucion:    107 42 58 13 99 64 44 144 24 8 86 5 85 109 33 10 48 41 94 142 21 122 92 59 71 139 17 14 105 134 38 19 96 73 117 103 2 149 34 115 93 112 83 116 90 108 69 27 32 77 49 53 1 56 78 146 125 57 0 84 40 74 111 135 39 52 66 35 23 114 62 25 147 123 148 79 121 143 140 132 95 118 7 113 87 28 106 104 6 51 126 128 45 98 133 81 100 68 47 89 138 145 3 75 36 30 130 60 54 4 131 110 120 91 102 88 46 119 65 29 76 141 82 18 124 11 127 55 43 50 67 9 61 80 37 72 15 129 31 22 63 20 26 12 137 16 136 97 70 101 
Coste: 9808474
Temperatura: 1.32881391E7
Probabilidad de aceptación: 1.0
Movimiento: SI



ITERACION 2
Solucion:    58 107 101 42 13 99 64 44 144 24 8 86 5 85 109 33 10 48 41 94 142 21 122 92 59 71 139 17 14 105 134 38 19 96 73 117 103 2 149 34 115 93 112 83 116 90 108 69 27 32 77 49 53 1 56 78 146 125 57 0 84 40 74 111 135 39 52 66 35 23 114 62 25 147 123 148 79 121 143 140 132 95 118 7 113 87 28 106 104 6 51 126 128 45 98 133 81 100 68 47 89 138 145 3 75 36 30 130 60 54 4 131 110 120 91 102 88 46 119 65 29 76 141 82 18 124 11 127 55 43 50 67 9 61 80 37 72 15 129 31 22 63 20 26 12 137 16 136 97 70 
Coste: 9813974
Temperatura: 1.195932519E7
Probabilidad de aceptación: 1.0
Movimiento: SI



ITERACION 3
Solucion:    42 58 107 70 101 13 99 64 44 144 24 8 86 5 85 109 33 10 48 41 94 142 21 122 92 59 71 139 17 14 105 134 38 19 96 73 117 103 2 149 34 115 93 112 83 116 90 108 69 27 32 77 49 53 1 56 78 146 125 57 0 84 40 74 111 135 39 52 66 35 23 114 62 25 147 123 148 79 121 143 140 132 95 118 7 113 87 28 106 104 6 51 126 128 45 98 133 81 100 68 47 89 138 145 3 75 36 30 130 60 54 4 131 110 120 91 102 88 46 119 65 29 76 141 82 18 124 11 127 55 43 50 67 9 61 80 37 72 15 129 31 22 63 20 26 12 137 16 136 97 
Coste: 9788349
Temperatura: 1.0763392671E7
Probabilidad de aceptación: 1.0
Movimiento: SI



ITERACION 4
Solucion:    101 42 58 107 97 70 13 99 64 44 144 24 8 86 5 85 109 33 10 48 41 94 142 21 122 92 59 71 139 17 14 105 134 38 19 96 73 117 103 2 149 34 115 93 112 83 116 90 108 69 27 32 77 49 53 1 56 78 146 125 57 0 84 40 74 111 135 39 52 66 35 23 114 62 25 147 123 148 79 121 143 140 132 95 118 7 113 87 28 106 104 6 51 126 128 45 98 133 81 100 68 47 89 138 145 3 75 36 30 130 60 54 4 131 110 120 91 102 88 46 119 65 29 76 141 82 18 124 11 127 55 43 50 67 9 61 80 37 72 15 129 31 22 63 20 26 12 137 16 136 
Coste: 9787790
Temperatura: 9687053.403900001
Probabilidad de aceptación: 1.0
Movimiento: SI



ITERACION 5
Solucion:    70 101 42 58 107 136 97 13 99 64 44 144 24 8 86 5 85 109 33 10 48 41 94 142 21 122 92 59 71 139 17 14 105 134 38 19 96 73 117 103 2 149 34 115 93 112 83 116 90 108 69 27 32 77 49 53 1 56 78 146 125 57 0 84 40 74 111 135 39 52 66 35 23 114 62 25 147 123 148 79 121 143 140 132 95 118 7 113 87 28 106 104 6 51 126 128 45 98 133 81 100 68 47 89 138 145 3 75 36 30 130 60 54 4 131 110 120 91 102 88 46 119 65 29 76 141 82 18 124 11 127 55 43 50 67 9 61 80 37 72 15 129 31 22 63 20 26 12 137 16 
Coste: 9815985
Temperatura: 8718348.06351
Probabilidad de aceptación: 1.0
Movimiento: SI



ITERACION 6
Solucion:    97 70 101 42 58 107 16 136 13 99 64 44 144 24 8 86 5 85 109 33 10 48 41 94 142 21 122 92 59 71 139 17 14 105 134 38 19 96 73 117 103 2 149 34 115 93 112 83 116 90 108 69 27 32 77 49 53 1 56 78 146 125 57 0 84 40 74 111 135 39 52 66 35 23 114 62 25 147 123 79 148 121 143 140 132 95 118 7 113 87 28 106 104 6 51 126 128 45 98 133 81 100 68 47 89 138 145 3 75 36 30 130 60 54 4 131 110 120 91 102 88 46 119 65 29 76 141 82 18 124 11 127 55 43 50 67 9 61 80 37 72 15 129 31 22 63 20 26 12 137 
Coste: 9846746
Temperatura: 7846513.257159001
Probabilidad de aceptación: 1.0
Movimiento: SI



ITERACION 7
Solucion:    136 97 70 101 42 58 107 137 16 13 99 64 44 144 24 8 86 5 85 109 33 10 48 41 94 142 21 122 92 59 71 139 17 14 105 134 38 19 96 73 117 103 2 149 34 115 93 112 83 116 90 108 69 27 32 77 49 53 1 56 78 146 125 57 0 84 40 74 111 135 39 52 66 35 23 114 62 25 147 123 79 148 121 143 140 132 95 118 7 113 87 28 106 104 6 51 126 128 45 98 133 81 100 68 47 89 138 145 3 75 36 30 130 60 54 4 131 110 120 91 102 88 46 119 65 29 76 141 82 18 124 11 127 55 43 50 67 9 61 80 37 72 15 129 31 22 63 20 26 12 
Coste: 9839034
Temperatura: 7061861.931443101
Probabilidad de aceptación: 1.0
Movimiento: SI



ITERACION 8
Solucion:    16 136 97 70 101 42 58 107 12 137 13 99 64 44 144 24 8 86 5 85 109 33 10 48 41 94 142 21 122 92 59 71 139 17 14 105 134 38 19 96 73 117 103 2 149 34 115 93 112 83 116 90 108 69 27 32 77 49 53 1 56 78 146 125 57 0 84 40 74 111 135 39 52 66 35 23 114 62 25 147 123 79 148 121 143 140 132 95 118 7 113 87 28 106 104 6 51 126 128 45 98 133 81 100 68 47 89 138 145 3 75 36 30 130 60 54 4 131 110 120 91 102 88 46 119 65 29 76 141 82 18 124 11 127 55 43 50 67 9 61 80 37 72 15 129 31 22 63 20 26 
Coste: 9862376
Temperatura: 6355675.7382987905
Probabilidad de aceptación: 1.0
Movimiento: SI



ITERACION 9
Solucion:    137 16 136 97 70 101 42 58 107 26 12 13 99 64 44 144 24 8 86 5 85 109 33 10 48 41 94 142 21 122 92 59 71 139 17 14 105 134 38 19 96 73 117 103 2 149 34 115 93 112 83 116 90 108 69 27 32 77 49 53 1 56 78 146 125 57 0 84 40 74 111 135 39 52 66 35 23 114 62 25 147 123 79 148 121 143 140 132 95 118 7 113 87 28 106 104 6 51 126 128 45 98 133 81 100 68 47 89 138 145 3 75 36 30 130 60 54 4 131 110 120 91 102 88 46 119 65 29 76 141 82 18 124 11 127 55 43 50 67 9 61 80 37 72 15 129 31 22 63 20 
Coste: 9859889
Temperatura: 5720108.1644689115
Probabilidad de aceptación: 1.0
Movimiento: SI



ITERACION 10
Solucion:    12 137 16 136 97 70 101 42 58 107 20 26 13 99 64 44 144 24 8 86 5 85 109 33 10 48 41 94 142 21 122 92 59 71 139 17 14 105 134 38 19 96 73 117 103 2 149 34 115 93 112 83 116 90 108 69 27 32 77 49 53 1 56 78 146 125 57 0 84 40 74 111 135 39 52 66 35 23 114 62 25 147 123 79 148 121 143 140 132 95 118 7 113 87 28 106 104 6 51 126 128 45 98 133 81 100 68 47 89 138 145 3 75 36 30 130 60 54 4 131 110 120 91 102 88 46 119 65 29 76 141 82 18 124 11 127 55 43 50 67 9 61 80 37 72 15 129 31 22 63 
Coste: 9848416
Temperatura: 5148097.34802202
Probabilidad de aceptación: 1.0
Movimiento: SI



ITERACION 11
Solucion:    26 12 137 16 136 97 70 101 42 58 107 63 20 13 99 64 44 144 24 8 86 5 85 109 33 10 48 41 94 142 21 122 92 59 71 139 17 14 105 134 38 19 96 73 117 103 2 149 34 115 93 112 83 116 90 108 69 27 32 77 49 53 1 56 78 146 125 57 0 84 40 74 111 135 39 52 66 35 23 114 62 25 147 123 79 148 121 143 140 132 95 118 7 113 87 28 106 104 6 51 126 128 45 98 133 81 100 68 47 89 138 145 3 75 36 30 130 60 54 4 131 110 120 91 102 88 46 119 65 29 76 141 82 18 124 11 127 55 43 50 67 9 61 80 37 72 15 129 31 22 
Coste: 9814606
Temperatura: 4633287.613219818
Probabilidad de aceptación: 1.0
Movimiento: SI



ITERACION 12
Solucion:    20 26 12 137 16 136 97 70 101 42 58 107 22 63 13 99 64 44 144 24 8 86 5 85 109 33 10 48 41 94 142 21 122 92 59 71 139 17 14 105 134 38 19 96 73 117 103 2 149 34 115 93 112 83 116 90 108 69 27 32 77 49 53 1 56 78 146 125 57 0 84 40 74 111 135 39 52 66 35 23 114 62 25 147 123 79 148 121 143 140 132 95 118 7 113 87 28 106 104 6 51 126 128 45 98 133 81 100 68 47 89 138 145 3 75 36 30 130 60 54 4 131 110 120 91 102 88 46 119 65 29 76 141 82 18 124 11 127 55 43 50 67 9 61 80 37 72 15 129 31 
Coste: 9831252
Temperatura: 4169958.851897836
Probabilidad de aceptación: 1.0
Movimiento: SI



ITERACION 13
Solucion:    63 20 26 12 137 16 136 97 70 101 42 58 107 31 22 13 99 64 44 144 24 8 86 5 85 109 33 10 48 41 94 142 21 122 92 59 71 139 17 14 105 134 38 19 96 73 117 103 2 149 34 115 93 112 83 116 90 108 69 27 32 77 49 53 1 56 78 146 125 57 0 84 40 74 111 135 39 52 66 35 23 114 62 25 147 123 79 148 121 143 140 132 95 118 7 113 87 28 106 104 6 51 126 128 45 98 133 81 100 68 47 89 138 145 3 75 36 30 130 60 54 4 131 110 120 91 102 88 46 119 65 29 76 141 82 18 124 11 127 55 43 50 67 9 61 80 37 72 15 129 
Coste: 9861450
Temperatura: 3752962.9667080524
Probabilidad de aceptación: 1.0
Movimiento: SI



ITERACION 14
Solucion:    22 63 20 26 12 137 16 136 97 70 101 42 58 107 129 31 13 99 64 44 144 24 8 86 5 85 109 33 10 48 41 94 142 21 122 92 59 71 139 17 14 105 134 38 19 96 73 117 103 2 149 34 115 93 112 83 116 90 108 69 27 32 77 49 53 1 56 78 146 125 57 0 84 40 74 111 135 39 52 66 35 23 114 62 25 147 123 79 148 121 143 140 132 95 118 7 113 87 28 106 104 6 51 126 128 45 98 133 81 100 68 47 89 138 145 3 75 36 30 130 60 54 4 131 110 120 91 102 88 46 119 65 29 76 141 82 18 124 11 127 55 43 50 67 9 61 80 37 72 15 
Coste: 9833588
Temperatura: 3377666.6700372472
Probabilidad de aceptación: 1.0
Movimiento: SI



ITERACION 15
Solucion:    31 22 63 20 26 12 137 16 136 97 70 101 42 58 107 15 129 13 99 64 44 144 24 8 86 5 85 109 33 10 48 41 94 142 21 122 92 59 71 139 17 14 105 134 38 19 96 73 117 103 2 149 34 115 93 112 83 116 90 108 69 27 32 77 49 53 1 56 78 146 125 57 0 84 40 74 111 135 39 52 66 35 23 114 62 25 147 123 79 148 121 143 140 132 95 118 7 113 87 28 106 104 6 51 126 128 45 98 133 81 100 68 47 89 138 145 3 75 36 30 130 60 54 4 131 110 120 91 102 88 46 119 65 29 76 141 82 18 124 11 127 55 43 50 67 9 61 80 37 72 
Coste: 9819708
Temperatura: 3039900.0030335225
Probabilidad de aceptación: 1.0
Movimiento: SI



ITERACION 16
Solucion:    129 31 22 63 20 26 12 137 16 136 97 70 101 42 58 107 72 15 13 99 64 44 144 24 8 86 5 85 109 33 10 48 41 94 142 21 122 92 59 71 139 17 14 105 134 38 19 96 73 117 103 2 149 34 115 93 112 83 116 90 108 69 27 32 77 49 53 1 56 78 146 125 57 0 84 40 74 111 135 39 52 66 35 23 114 62 25 147 123 79 148 121 143 140 132 95 118 7 113 87 28 106 104 6 51 126 128 45 98 133 81 100 68 47 89 138 145 3 75 36 30 130 60 54 4 131 110 120 91 102 88 46 119 65 29 76 141 82 18 124 11 127 55 43 50 67 9 61 80 37 
Coste: 9847340
Temperatura: 2735910.0027301703
Probabilidad de aceptación: 1.0
Movimiento: SI



ITERACION 17
Solucion:    15 129 31 22 63 20 26 12 137 16 136 97 70 101 42 58 107 37 72 13 99 64 44 144 24 8 86 5 85 109 33 10 48 41 94 142 21 122 92 59 71 139 17 14 105 134 38 19 96 73 117 103 2 149 34 115 93 112 83 116 90 108 69 27 32 77 49 53 1 56 78 146 125 57 0 84 40 74 111 135 39 52 66 35 23 114 62 25 147 123 79 148 121 143 140 132 95 118 7 113 87 28 106 104 6 51 126 128 45 98 133 81 100 68 47 89 138 145 3 75 36 30 130 60 54 4 131 110 120 91 102 88 46 119 65 29 76 141 82 18 124 11 127 55 43 50 67 9 61 80 
Coste: 9846183
Temperatura: 2462319.0024571535
Probabilidad de aceptación: 1.0
Movimiento: SI



ITERACION 18
Solucion:    72 15 129 31 22 63 20 26 12 137 16 136 97 70 101 42 58 107 80 37 13 99 64 44 144 24 8 86 5 85 109 33 10 48 41 94 142 21 122 92 59 71 139 17 14 105 134 38 19 96 73 117 103 2 149 34 115 93 112 83 116 90 108 69 27 32 77 49 53 1 56 78 146 125 57 0 84 40 74 111 135 39 52 66 35 23 114 62 25 147 123 79 148 121 143 140 132 95 118 7 113 87 28 106 104 6 51 126 128 45 98 133 81 100 68 47 89 138 145 3 75 36 30 130 60 54 4 131 110 120 91 102 88 46 119 65 29 76 141 82 18 124 11 127 55 43 50 67 9 61 
Coste: 9820126
Temperatura: 2216087.102211438
Probabilidad de aceptación: 1.0
Movimiento: SI



ITERACION 19
Solucion:    37 72 15 129 31 22 63 20 26 12 137 16 136 97 70 101 42 58 107 61 80 13 99 64 44 144 24 8 86 5 85 109 33 10 48 41 94 142 21 122 92 59 71 139 17 14 105 134 38 19 96 73 117 103 2 149 34 115 93 112 83 116 90 108 69 27 32 77 49 53 1 56 78 146 125 57 0 84 40 74 111 135 39 52 66 35 23 114 62 25 147 123 79 148 121 143 140 132 95 118 7 113 87 28 106 104 6 51 126 128 45 98 133 81 100 68 47 89 138 145 3 75 36 30 130 60 54 4 131 110 120 91 102 88 46 119 65 29 76 141 82 18 124 11 127 55 43 50 67 9 
Coste: 9827696
Temperatura: 1994478.3919902944
Probabilidad de aceptación: 1.0
Movimiento: SI



ITERACION 20
Solucion:    80 37 72 15 129 31 22 63 20 26 12 137 16 136 97 70 101 42 58 107 9 61 13 99 64 44 144 24 8 86 5 85 109 33 10 48 41 94 142 21 122 92 59 71 139 17 14 105 134 38 19 96 73 117 103 2 149 34 115 93 112 83 116 90 108 69 27 32 77 49 53 1 56 78 146 125 57 0 84 40 74 111 135 39 52 66 35 23 114 62 25 147 123 79 148 121 143 140 132 95 118 7 113 87 28 106 104 6 51 126 128 45 98 133 81 100 68 47 89 138 145 3 75 36 30 130 60 54 4 131 110 120 91 102 88 46 119 65 29 76 141 82 18 124 11 127 55 43 50 67 
Coste: 9852510
Temperatura: 1795030.552791265
Probabilidad de aceptación: 1.0
Movimiento: SI



ITERACION 21
Solucion:    61 80 37 72 15 129 31 22 63 20 26 12 137 16 136 97 70 101 42 58 107 67 9 13 99 64 44 144 24 8 5 86 85 109 33 10 48 41 94 142 21 122 92 59 71 139 17 14 105 134 38 19 96 73 117 103 2 149 34 115 93 112 83 116 90 108 69 27 32 77 49 53 1 56 78 146 125 57 0 84 40 74 111 135 39 52 66 35 23 114 62 25 147 123 79 148 121 143 140 132 95 118 7 113 87 28 106 104 6 51 126 128 45 98 133 81 100 68 47 89 138 145 3 75 36 30 130 60 54 4 131 110 120 91 102 88 46 119 65 29 76 141 82 18 124 11 127 55 43 50 
Coste: 9868140
Temperatura: 1615527.4975121387
Probabilidad de aceptación: 1.0
Movimiento: SI



ITERACION 22
Solucion:    9 61 80 37 72 15 129 31 22 63 20 26 12 137 16 136 97 70 101 42 58 107 50 67 13 99 64 44 144 24 8 5 86 85 109 33 10 48 41 94 142 21 122 92 59 71 139 17 14 105 134 38 19 96 73 117 103 149 2 34 115 93 112 83 116 90 108 69 27 32 77 49 53 1 56 78 146 125 57 0 84 40 74 111 135 39 52 66 35 23 114 62 25 147 123 79 148 121 143 140 132 95 118 7 113 87 28 106 104 6 51 126 128 45 98 133 81 100 68 47 89 138 145 3 75 36 30 130 60 54 4 131 110 120 91 102 88 46 119 65 29 76 141 82 18 124 11 127 55 43 
Coste: 9873271
Temperatura: 1453974.7477609247
Probabilidad de aceptación: 1.0
Movimiento: SI



ITERACION 23
Solucion:    67 9 61 80 37 72 15 129 31 22 63 20 26 12 137 16 136 97 70 101 42 58 107 43 50 13 99 64 44 144 24 8 5 86 85 109 33 10 48 41 94 142 21 122 92 59 71 139 17 14 105 134 38 19 96 73 117 103 149 2 34 115 93 112 83 116 90 108 69 27 32 77 49 53 1 56 78 146 125 57 0 84 40 74 111 135 39 52 66 35 23 114 62 25 147 123 79 148 121 143 140 132 95 118 7 113 87 28 106 104 6 51 126 128 45 98 133 100 81 68 47 89 138 145 3 75 36 30 130 60 54 4 131 110 120 91 102 88 46 119 65 29 76 141 82 18 124 11 55 127 
Coste: 9888713
Temperatura: 1308577.2729848323
Probabilidad de aceptación: 1.0
Movimiento: SI



ITERACION 24
Solucion:    50 67 9 61 80 37 72 15 129 31 22 63 20 26 12 137 16 136 97 70 101 42 58 107 127 43 13 99 64 44 144 24 8 5 86 85 109 33 10 48 41 94 142 21 122 92 59 71 139 17 14 105 134 38 19 96 73 117 103 149 2 34 115 93 112 83 116 90 108 69 27 32 77 49 53 1 56 78 146 125 57 0 84 40 74 111 135 39 52 66 35 23 114 62 25 147 123 79 148 121 143 140 132 95 118 7 113 87 28 106 104 6 51 126 128 45 133 98 100 81 68 47 89 138 145 3 75 36 30 130 60 54 4 131 110 120 91 102 88 46 119 65 29 76 141 82 18 124 11 55 
Coste: 9878550
Temperatura: 1177719.545686349
Probabilidad de aceptación: 1.0
Movimiento: SI



ITERACION 25
Solucion:    43 50 67 9 61 80 37 72 15 129 31 22 63 20 26 12 137 16 136 97 70 101 42 107 58 55 127 13 99 64 44 144 24 8 5 86 85 109 33 10 48 41 94 142 21 122 92 59 71 139 17 14 105 134 38 19 96 73 117 103 149 2 34 115 93 112 83 116 90 108 69 27 32 77 49 53 1 56 78 146 125 57 0 84 40 74 111 135 39 52 66 35 23 114 62 25 147 123 79 148 121 143 140 132 95 118 7 113 87 28 106 104 6 51 126 128 45 133 98 100 81 68 47 89 138 145 3 75 36 30 130 60 54 4 131 110 120 91 102 88 46 119 65 29 76 141 82 18 124 11 
Coste: 9883927
Temperatura: 1059947.591117714
Probabilidad de aceptación: 1.0
Movimiento: SI



ITERACION 26
Solucion:    127 43 50 67 9 61 80 37 72 15 129 31 22 63 20 26 12 137 16 136 97 70 101 42 107 58 11 55 13 99 64 44 144 24 8 5 86 85 109 33 10 48 41 94 142 21 122 92 59 71 139 17 14 105 134 38 19 96 73 117 103 149 2 34 115 93 112 83 116 90 108 69 27 32 77 49 53 1 56 78 146 125 57 0 84 40 74 111 135 39 52 66 35 23 114 62 25 147 123 79 148 121 143 140 132 95 118 7 113 87 28 106 104 6 51 126 128 45 133 98 100 81 68 47 89 138 145 3 75 36 30 130 60 54 4 131 110 120 91 102 88 46 119 65 29 76 141 82 18 124 
Coste: 9868717
Temperatura: 953952.8320059427
Probabilidad de aceptación: 1.0
Movimiento: SI



ITERACION 27
Solucion:    55 127 43 50 67 9 61 80 37 72 15 129 31 22 63 20 26 12 137 16 136 97 70 101 42 107 58 124 11 13 99 64 44 144 24 8 5 86 85 109 33 10 48 41 94 142 21 122 92 59 71 139 17 14 105 134 38 19 96 73 117 103 149 2 34 115 93 112 83 116 90 108 69 27 32 77 49 53 1 56 78 146 125 57 0 84 40 74 111 135 39 52 66 35 23 114 62 25 147 123 79 148 121 143 140 132 95 118 7 113 87 28 106 104 6 51 126 128 45 133 98 100 81 68 47 89 138 145 3 75 36 30 130 60 54 4 131 110 120 91 102 88 46 119 65 29 76 141 82 18 
Coste: 9874298
Temperatura: 858557.5488053485
Probabilidad de aceptación: 1.0
Movimiento: SI



ITERACION 28
Solucion:    11 55 127 43 50 67 9 61 80 37 72 15 129 31 22 63 20 26 12 137 16 136 97 70 101 42 107 58 18 124 13 99 64 44 144 24 8 5 86 85 109 33 10 48 41 94 142 21 122 92 59 71 139 17 14 105 134 38 19 96 73 117 103 149 2 34 115 93 112 83 116 90 108 69 27 32 77 49 53 1 56 78 146 125 57 0 84 40 74 111 135 39 52 66 35 23 114 62 25 147 123 79 148 121 143 140 132 95 118 7 113 87 28 106 104 6 51 126 128 45 133 98 100 81 68 47 89 138 145 3 75 36 30 130 60 54 4 131 110 120 91 102 88 46 119 65 29 76 141 82 
Coste: 9876269
Temperatura: 772701.7939248136
Probabilidad de aceptación: 1.0
Movimiento: SI



ITERACION 29
Solucion:    124 11 55 127 43 50 67 9 61 80 37 72 15 129 31 22 63 20 26 12 137 16 136 97 70 101 42 107 58 82 18 13 99 64 44 144 24 8 5 86 85 109 33 10 48 41 94 142 21 122 92 59 71 139 17 14 105 134 38 19 96 73 117 149 103 2 34 115 93 112 83 116 90 108 69 27 32 77 49 53 1 56 78 146 125 57 0 84 40 74 111 135 39 52 66 35 23 114 62 25 147 123 79 148 121 143 140 132 95 118 7 113 87 28 106 104 6 51 126 128 45 133 98 100 81 68 47 89 138 145 3 75 36 30 130 60 54 4 131 110 120 91 102 88 46 119 65 29 76 141 
Coste: 9860287
Temperatura: 695431.6145323323
Probabilidad de aceptación: 1.0
Movimiento: SI



ITERACION 30
Solucion:    18 124 11 55 127 43 50 67 9 61 80 37 72 15 129 31 22 63 20 26 12 137 16 136 97 70 101 42 107 58 141 82 13 99 64 44 144 24 8 5 86 85 109 33 10 48 41 94 142 21 122 92 59 71 139 17 14 105 134 38 19 96 73 117 149 103 2 34 115 93 112 83 116 90 108 69 27 32 77 49 53 1 56 78 146 125 57 0 84 40 74 111 135 39 52 66 35 23 114 62 25 123 147 79 148 121 143 140 132 95 118 7 113 87 28 106 104 6 51 126 128 45 133 98 100 81 68 47 89 138 145 3 75 36 30 130 60 54 4 131 110 120 91 102 88 46 119 65 29 76 
Coste: 9872546
Temperatura: 625888.4530790991
Probabilidad de aceptación: 1.0
Movimiento: SI



ITERACION 31
Solucion:    82 18 124 11 55 127 43 50 67 9 61 80 37 72 15 129 31 22 63 20 26 12 137 16 136 97 70 101 42 107 58 76 141 13 99 64 44 144 24 8 5 86 85 109 33 10 48 41 94 142 21 122 92 59 71 139 17 14 105 134 38 19 96 73 117 149 103 2 34 115 93 112 83 116 90 108 69 27 32 77 49 53 1 56 78 146 125 57 0 84 40 74 111 135 39 52 66 35 23 114 62 25 123 147 79 148 121 143 140 132 95 118 7 113 87 28 106 104 6 51 126 128 45 133 98 100 81 68 47 89 138 145 3 75 36 30 130 60 54 4 131 110 120 91 102 88 46 119 65 29 
Coste: 9864449
Temperatura: 563299.6077711892
Probabilidad de aceptación: 1.0
Movimiento: SI



ITERACION 32
Solucion:    141 82 18 124 11 55 127 43 50 67 9 61 80 37 72 15 129 31 22 63 20 26 12 137 16 136 97 70 101 42 107 58 29 76 13 99 64 44 144 24 8 5 86 85 109 33 10 48 41 94 142 21 122 92 59 71 139 17 14 105 134 38 19 96 73 117 149 103 2 34 115 93 112 83 116 90 108 69 27 32 77 49 53 1 56 78 146 125 57 0 84 40 74 111 135 39 52 66 35 23 114 62 25 123 147 79 148 121 143 140 132 95 118 7 113 87 28 106 104 6 51 126 128 45 133 98 100 81 68 47 89 138 145 3 75 36 30 130 60 54 4 131 110 120 91 102 88 46 119 65 
Coste: 9862970
Temperatura: 506969.64699407027
Probabilidad de aceptación: 1.0
Movimiento: SI



ITERACION 33
Solucion:    76 141 82 18 124 11 55 127 43 50 67 9 61 80 37 72 15 129 31 22 63 20 26 12 137 16 136 97 70 101 42 107 58 65 29 13 99 64 44 144 24 8 5 86 85 109 33 10 48 41 94 142 21 122 92 59 71 139 17 14 105 134 38 19 96 73 117 149 103 2 34 115 93 112 83 116 90 108 69 27 32 77 53 49 1 56 78 146 125 57 0 84 40 74 111 135 39 52 66 35 23 114 62 25 123 147 79 148 121 143 140 132 95 118 7 113 87 28 106 104 6 51 126 128 45 133 98 100 81 68 47 89 138 145 3 75 36 30 130 60 54 4 131 110 120 91 102 88 46 119 
Coste: 9833154
Temperatura: 456272.6822946633
Probabilidad de aceptación: 1.0
Movimiento: SI



ITERACION 34
Solucion:    29 76 141 82 18 124 11 55 127 43 50 67 9 61 80 37 72 15 129 31 22 63 20 26 12 137 16 136 97 70 101 42 107 58 119 65 13 99 64 44 144 24 8 5 86 85 109 33 10 48 41 94 142 21 122 92 59 71 139 17 14 105 134 38 19 96 73 117 149 103 2 34 115 93 112 83 116 90 108 69 27 32 77 53 49 1 56 78 146 125 57 0 84 40 74 111 135 39 52 66 35 23 114 62 25 123 147 79 148 121 143 140 132 95 118 7 113 87 28 106 104 6 51 126 128 45 133 98 100 81 68 47 89 138 145 3 75 36 30 130 60 54 4 131 110 120 91 102 88 46 
Coste: 9837447
Temperatura: 410645.41406519694
Probabilidad de aceptación: 1.0
Movimiento: SI



ITERACION 35
Solucion:    65 29 76 141 82 18 124 11 55 127 43 50 67 9 61 80 37 72 15 129 31 22 63 20 26 12 137 16 136 97 70 101 42 107 58 46 119 13 99 64 44 144 24 8 5 86 85 109 33 10 48 41 94 142 21 122 92 59 71 139 17 14 105 134 38 19 96 73 117 149 103 2 34 115 93 112 83 116 90 108 69 27 32 77 53 49 1 56 78 146 125 57 0 84 40 74 111 135 39 52 35 66 23 114 62 25 123 147 79 148 121 143 140 132 95 118 7 113 87 28 106 104 6 51 126 128 45 133 98 100 81 68 47 89 138 145 3 75 36 30 130 60 54 4 131 110 120 91 102 88 
Coste: 9865922
Temperatura: 369580.8726586772
Probabilidad de aceptación: 1.0
Movimiento: SI



ITERACION 36
Solucion:    119 65 29 76 141 82 18 124 11 55 127 43 50 67 9 61 80 37 72 15 129 31 22 63 20 26 12 16 137 136 97 70 101 42 107 58 88 46 13 99 64 44 144 24 8 5 86 85 109 33 10 48 41 94 142 21 122 92 59 71 139 17 14 105 38 134 19 96 73 117 149 103 2 34 115 93 112 83 116 90 108 69 27 32 77 53 49 1 56 78 146 125 57 0 84 40 74 111 135 39 52 35 66 23 114 62 25 123 147 79 148 121 143 140 132 95 118 7 113 87 28 106 104 6 51 126 128 45 133 98 100 81 68 47 89 138 145 3 75 36 30 130 60 54 4 131 110 120 91 102 
Coste: 9876757
Temperatura: 332622.7853928095
Probabilidad de aceptación: 1.0
Movimiento: SI



ITERACION 37
Solucion:    46 119 65 29 76 141 82 18 124 11 55 127 43 50 67 9 61 80 37 72 15 129 31 22 63 20 26 12 16 137 136 97 70 101 42 107 58 102 88 13 99 64 44 144 24 8 5 86 85 109 33 10 48 41 94 142 21 122 92 59 71 139 17 14 105 38 134 19 96 73 117 149 103 2 34 115 93 112 83 116 90 108 69 27 32 77 53 49 1 56 78 146 125 57 0 84 40 74 111 135 39 52 35 66 23 114 62 25 123 147 79 148 121 143 140 132 95 118 7 113 87 28 106 104 6 51 126 128 45 133 98 100 81 68 47 89 138 145 3 75 36 30 130 60 54 4 131 110 120 91 
Coste: 9887180
Temperatura: 299360.50685352855
Probabilidad de aceptación: 1.0
Movimiento: SI



ITERACION 38
Solucion:    88 46 119 65 29 76 141 82 18 124 11 55 127 43 50 67 9 61 80 37 72 15 129 31 22 63 20 26 12 16 137 136 97 70 101 42 107 58 91 102 13 99 64 44 144 24 8 5 86 85 109 33 10 48 41 94 142 21 122 92 59 71 139 17 14 105 38 134 19 96 73 117 149 103 2 34 115 93 112 83 116 90 108 69 27 32 77 53 49 1 56 78 146 125 57 0 84 40 74 111 135 39 52 35 66 23 114 62 25 123 147 79 148 121 143 140 132 95 118 7 113 87 28 106 104 6 51 126 128 45 133 98 100 81 68 47 89 138 145 3 75 36 30 130 60 54 4 131 110 120 
Coste: 9908973
Temperatura: 269424.45616817573
Probabilidad de aceptación: 1.0
Movimiento: SI



ITERACION 39
Solucion:    102 88 46 119 65 29 76 141 82 18 11 124 55 127 43 50 67 9 61 80 37 72 15 129 31 22 63 20 26 12 16 137 136 97 70 101 42 107 58 120 91 13 99 64 44 144 24 8 5 86 85 109 33 10 48 41 94 142 21 122 92 59 71 139 17 14 105 38 134 19 96 73 117 149 103 2 34 115 93 112 83 116 90 108 69 27 32 77 53 49 1 56 78 146 125 57 0 40 84 74 111 135 39 52 35 66 23 114 62 25 123 147 79 148 121 143 140 132 95 118 7 113 87 28 106 104 6 51 126 128 45 133 98 100 81 68 89 47 138 145 3 75 36 30 130 60 54 4 131 110 
Coste: 9880800
Temperatura: 242482.01055135817
Probabilidad de aceptación: 1.0
Movimiento: SI



ITERACION 40
Solucion:    91 102 88 46 119 65 29 76 141 82 18 11 124 55 127 43 50 67 9 61 80 37 72 15 129 31 22 63 20 26 12 16 136 137 97 70 101 42 107 58 110 120 13 64 99 44 144 24 8 5 86 85 109 33 10 48 41 94 142 21 122 92 59 71 139 14 17 105 38 134 19 96 73 117 149 103 2 34 115 93 112 83 116 90 108 69 27 32 77 53 49 1 56 78 146 125 0 57 40 84 74 111 135 39 52 35 66 23 114 62 25 123 147 79 148 121 143 140 132 95 118 7 113 87 28 106 104 6 51 128 126 45 133 98 100 81 68 89 47 138 145 3 75 36 30 130 60 54 4 131 
Coste: 9878130
Temperatura: 218233.80949622235
Probabilidad de aceptación: 1.0
Movimiento: SI



ITERACION 41
Solucion:    120 91 102 88 46 119 65 29 76 141 82 18 11 124 55 127 43 50 67 61 9 80 37 72 15 129 31 22 63 20 26 12 16 136 137 97 70 101 42 107 58 131 110 13 64 99 44 144 24 8 5 86 85 109 33 10 48 41 94 142 21 122 92 59 71 139 14 17 105 38 134 19 96 73 117 149 103 2 34 115 93 112 83 116 90 108 69 27 32 77 53 49 1 56 78 146 125 0 57 40 84 74 111 135 39 52 35 23 66 114 62 25 123 147 79 148 121 143 140 132 95 118 7 113 87 28 106 104 6 51 128 126 45 133 98 100 81 68 89 47 138 145 3 75 36 30 130 60 54 4 
Coste: 9872899
Temperatura: 196410.42854660013
Probabilidad de aceptación: 1.0
Movimiento: SI



ITERACION 42
Solucion:    110 120 91 102 88 46 119 65 29 76 141 82 18 11 124 55 127 43 50 67 61 9 80 37 72 15 129 31 22 63 20 26 12 16 136 137 97 70 101 42 107 58 4 131 13 64 99 44 144 24 8 5 86 85 109 33 10 48 41 94 142 21 122 92 59 71 139 14 17 105 38 134 19 96 73 117 149 103 2 34 115 93 112 83 116 90 108 69 27 32 77 53 49 1 56 78 146 125 0 57 40 84 74 111 135 39 52 35 23 66 114 62 25 123 147 79 148 121 143 140 132 95 118 7 113 87 28 106 104 6 51 128 126 45 133 98 100 81 68 89 47 138 145 3 75 36 30 130 60 54 
Coste: 9869699
Temperatura: 176769.38569194012
Probabilidad de aceptación: 1.0
Movimiento: SI



ITERACION 43
Solucion:    131 110 120 91 88 102 46 119 65 29 76 141 82 18 11 124 55 127 43 50 67 61 9 80 37 72 15 129 31 22 63 20 26 12 16 136 137 97 70 101 42 107 58 54 4 13 64 99 44 144 24 8 5 86 85 109 33 10 48 41 94 142 21 122 92 59 71 139 14 17 105 38 134 19 96 117 73 149 103 2 34 115 93 112 83 116 90 108 69 27 32 77 53 1 56 49 78 146 125 0 57 40 84 74 111 135 39 52 35 23 66 114 62 25 123 147 79 148 121 143 140 132 95 118 7 113 87 28 106 104 6 51 128 126 45 133 98 100 81 68 89 47 138 145 3 75 36 30 130 60 
Coste: 9879693
Temperatura: 159092.44712274612
Probabilidad de aceptación: 1.0
Movimiento: SI



ITERACION 44
Solucion:    4 131 110 120 91 88 102 46 119 65 29 76 141 82 18 11 124 55 127 43 50 67 61 9 80 37 72 15 129 31 22 63 20 26 12 16 136 137 97 70 101 42 107 58 60 54 13 64 99 44 144 24 8 5 86 85 109 33 10 48 41 94 142 21 122 92 71 59 139 14 17 105 38 134 19 96 117 73 149 103 2 34 115 93 112 83 116 90 108 69 27 32 77 53 1 56 49 78 146 125 0 57 40 84 74 111 135 39 52 35 23 66 114 62 25 123 147 79 148 121 143 140 132 95 118 7 113 87 28 106 104 6 51 128 126 133 45 98 100 81 68 89 47 138 145 3 75 36 30 130 
Coste: 9850973
Temperatura: 143183.2024104715
Probabilidad de aceptación: 1.0
Movimiento: SI



ITERACION 45
Solucion:    54 4 131 110 120 91 88 102 46 119 65 29 76 141 82 18 11 124 55 127 43 50 67 61 9 80 37 72 15 129 31 22 63 26 20 12 16 136 137 97 70 101 42 107 58 130 60 13 64 99 44 144 24 8 5 85 86 109 33 10 48 41 94 142 21 122 92 71 59 139 14 17 105 38 134 19 96 117 149 73 103 2 34 115 93 112 83 116 90 108 69 27 32 77 53 1 56 49 78 146 125 0 57 40 84 74 111 135 39 52 35 23 66 62 114 25 123 147 79 148 121 143 140 132 95 118 7 113 87 28 106 104 6 51 128 126 133 45 98 100 81 68 89 47 138 3 145 75 36 30 
Coste: 9869213
Temperatura: 128864.88216942437
Probabilidad de aceptación: 1.0
Movimiento: SI



ITERACION 46
Solucion:    60 54 4 131 110 120 91 88 102 46 119 65 29 141 76 82 18 11 124 55 127 43 50 67 61 9 80 37 72 15 129 31 22 63 26 20 12 16 136 137 97 70 101 107 42 58 30 130 13 64 99 44 144 24 8 5 85 86 109 33 10 48 41 94 142 21 122 92 71 59 139 14 17 105 38 134 96 19 117 149 73 103 2 34 115 93 112 83 116 90 108 69 27 32 77 53 1 56 49 78 146 125 0 57 40 84 74 111 135 39 52 35 23 66 62 114 25 123 147 79 148 121 143 140 132 95 118 7 113 87 28 106 104 6 51 128 126 133 45 98 100 81 68 89 47 138 3 145 75 36 
Coste: 9873439
Temperatura: 115978.39395248193
Probabilidad de aceptación: 1.0
Movimiento: SI



ITERACION 47
Solucion:    60 130 54 4 131 110 120 91 88 102 46 119 65 29 141 76 82 18 11 124 55 127 43 50 67 61 9 80 37 72 15 129 31 22 63 26 20 12 16 136 137 97 70 101 107 42 58 36 30 13 64 99 44 144 24 5 85 8 86 109 33 10 48 41 94 142 21 122 92 71 59 139 14 17 105 38 134 96 19 117 149 73 103 2 34 115 93 112 83 116 90 108 69 27 32 77 53 1 56 49 78 146 125 0 57 40 84 74 111 135 39 52 35 23 66 62 114 25 123 147 79 148 121 143 140 132 95 118 7 113 87 28 106 104 6 51 128 126 133 45 98 100 81 89 68 47 138 3 145 75 
Coste: 9858183
Temperatura: 104380.55455723374
Probabilidad de aceptación: 1.0
Movimiento: SI



ITERACION 48
Solucion:    30 60 130 54 4 131 110 120 91 88 102 46 119 65 29 141 76 82 18 11 124 55 127 43 67 50 61 9 80 72 37 15 129 31 22 63 26 20 12 16 136 137 97 70 107 101 42 58 75 36 13 64 99 44 144 24 5 85 8 86 109 33 10 48 41 94 142 21 122 92 71 59 139 14 17 105 38 134 96 19 117 149 73 103 2 34 115 93 112 83 116 90 108 69 27 32 77 53 1 56 49 78 146 125 0 40 57 84 74 111 135 39 52 35 23 66 62 114 25 123 147 79 148 121 143 140 132 95 118 7 113 87 28 106 104 6 51 128 126 133 45 98 100 81 89 68 47 138 3 145 
Coste: 9829218
Temperatura: 93942.49910151037
Probabilidad de aceptación: 1.0
Movimiento: SI



ITERACION 49
Solucion:    36 30 60 130 54 4 131 110 120 91 88 102 46 119 29 65 141 76 82 18 11 124 55 127 43 67 50 61 9 80 72 37 15 129 31 22 63 26 20 12 16 136 137 97 70 101 107 42 58 145 75 13 64 99 44 144 5 24 85 8 86 109 33 10 48 41 94 142 21 122 92 71 59 139 14 17 105 38 134 96 19 117 149 73 103 2 34 115 93 112 83 116 90 108 69 27 32 77 1 53 56 78 49 146 125 0 40 57 84 74 111 135 39 35 52 23 62 66 114 25 123 147 79 148 121 143 140 132 95 118 7 113 28 87 106 104 6 51 128 126 133 45 98 100 81 89 68 47 138 3 
Coste: 9834013
Temperatura: 84548.24919135934
Probabilidad de aceptación: 1.0
Movimiento: SI



ITERACION 50
Solucion:    75 36 30 60 130 54 4 131 110 120 91 88 102 46 119 29 65 141 76 82 18 11 124 55 127 43 67 50 61 9 80 72 37 15 129 31 22 63 26 20 12 16 136 137 97 70 101 107 42 58 3 145 13 64 99 44 144 5 24 85 8 109 86 33 10 48 41 94 142 21 122 92 71 59 139 14 17 105 38 134 96 117 19 149 73 103 2 34 115 93 112 83 116 90 108 69 27 32 77 1 53 56 78 49 146 125 0 40 57 84 74 111 135 39 35 52 23 62 66 114 25 123 147 79 148 121 143 140 132 95 118 7 113 28 87 106 6 104 51 128 126 133 45 98 100 81 89 68 47 138 
Coste: 9869234
Temperatura: 76093.4242722234
Probabilidad de aceptación: 1.0
Movimiento: SI



ITERACION 51
Solucion:    145 75 36 30 60 130 54 4 131 110 120 91 88 102 46 119 29 65 141 76 82 18 11 124 55 127 43 67 50 61 9 80 72 37 15 129 31 22 63 26 20 12 16 136 137 97 70 101 107 42 58 138 3 13 64 99 44 144 5 24 85 8 109 86 33 10 48 41 94 142 21 92 122 71 59 139 14 17 105 38 134 96 117 19 149 73 103 2 34 115 93 112 83 116 90 108 69 27 32 77 1 53 56 78 49 146 125 0 40 57 84 74 111 135 39 35 52 23 62 66 114 25 123 147 79 148 121 143 140 132 95 118 7 113 28 87 106 6 104 51 128 126 133 98 45 100 81 89 68 47 
Coste: 9893355
Temperatura: 68484.08184500107
Probabilidad de aceptación: 1.0
Movimiento: SI



ITERACION 52
Solucion:    3 145 75 36 30 60 130 4 54 131 110 91 120 88 102 46 119 29 65 141 76 82 18 11 124 55 127 43 67 50 61 9 80 72 37 15 129 31 22 63 26 20 12 16 136 137 97 70 101 107 42 58 47 138 13 64 99 44 144 5 24 85 8 109 86 33 10 48 41 94 142 21 92 122 71 59 139 14 17 105 38 134 96 117 19 149 73 103 2 34 115 93 112 83 116 90 108 69 27 32 77 1 53 78 56 49 146 125 0 40 57 84 74 111 135 39 35 52 23 62 66 114 25 123 147 79 148 121 143 140 132 95 118 7 113 28 87 106 6 104 51 128 126 133 98 45 100 81 89 68 
Coste: 9865041
Temperatura: 61635.673660500965
Probabilidad de aceptación: 1.0
Movimiento: SI



ITERACION 53
Solucion:    138 3 145 75 36 30 60 130 4 54 131 110 91 120 88 102 46 119 29 65 141 76 82 18 11 124 55 127 43 67 50 61 9 80 72 37 15 129 31 22 63 26 20 12 16 136 137 97 70 101 107 42 58 68 47 13 64 99 44 144 5 24 85 8 109 86 33 10 48 41 94 142 21 92 122 71 59 139 14 17 105 38 134 96 117 19 149 73 2 103 34 115 93 112 83 116 90 108 27 69 32 77 1 78 53 56 49 146 125 0 40 57 84 74 111 135 39 35 52 23 66 62 114 25 123 147 79 148 121 143 140 132 95 118 7 113 28 87 6 106 104 51 128 126 133 98 45 100 81 89 
Coste: 9883429
Temperatura: 55472.10629445087
Probabilidad de aceptación: 1.0
Movimiento: SI



ITERACION 54
Solucion:    47 138 3 145 75 36 30 60 130 4 54 131 110 91 120 88 102 46 29 119 65 141 76 82 18 11 124 55 127 43 67 50 61 9 80 72 37 15 129 31 22 63 26 12 20 16 136 97 137 70 101 107 42 58 89 68 13 64 44 99 144 5 24 85 8 109 86 33 10 48 41 94 142 21 92 122 71 59 14 139 105 38 17 96 134 117 19 149 73 2 103 34 115 93 83 112 116 90 108 27 69 32 77 1 78 53 56 49 146 125 0 40 57 84 74 111 135 35 39 52 23 66 62 114 25 123 147 79 148 121 143 140 132 95 118 7 113 28 87 6 106 104 51 128 126 133 98 45 100 81 
Coste: 9856681
Temperatura: 49924.89566500578
Probabilidad de aceptación: 1.0
Movimiento: SI



ITERACION 55
Solucion:    68 47 138 3 145 75 36 30 60 130 4 131 54 110 91 120 88 102 29 46 119 65 141 76 82 18 11 124 55 127 43 67 50 61 9 80 72 37 15 129 31 22 63 26 12 20 16 136 97 137 70 101 107 42 58 81 89 13 64 44 99 144 5 24 85 8 109 86 33 10 48 41 94 142 21 92 122 71 59 14 139 105 38 17 96 134 117 19 149 73 2 103 34 115 93 83 112 116 90 108 27 69 32 77 1 78 53 56 49 146 125 0 40 57 84 74 111 135 35 39 23 52 66 62 114 25 123 147 79 148 121 143 140 132 95 118 7 113 28 87 6 106 104 51 128 126 98 133 45 100 
Coste: 9872092
Temperatura: 44932.406098505206
Probabilidad de aceptación: 1.0
Movimiento: SI



ITERACION 56
Solucion:    89 68 138 47 3 145 75 36 30 60 130 4 131 54 110 91 120 88 102 29 46 119 65 141 76 82 18 11 124 55 127 43 67 50 61 9 80 72 37 15 129 31 22 63 26 12 20 16 136 97 70 137 107 101 42 58 100 81 13 64 44 99 5 144 24 85 8 109 86 33 10 48 41 94 142 21 92 122 71 59 14 139 105 38 17 96 134 117 19 149 73 2 103 115 93 34 83 112 116 90 108 27 32 69 77 1 78 53 56 49 146 125 0 40 57 84 74 111 135 35 39 23 52 66 114 62 25 123 147 79 148 121 143 140 132 95 118 7 113 28 87 6 106 104 51 128 126 98 133 45 
Coste: 9867472
Temperatura: 40439.16548865469
Probabilidad de aceptación: 1.0
Movimiento: SI



ITERACION 57
Solucion:    81 89 68 138 47 3 145 36 75 30 60 130 4 131 54 110 91 120 88 102 29 46 119 65 141 76 82 18 11 124 55 127 43 67 50 61 9 80 72 37 15 129 31 22 63 26 12 20 16 136 70 97 137 107 101 42 58 45 100 13 64 44 99 5 144 24 85 8 109 86 33 10 48 41 94 142 21 92 122 71 59 14 139 105 38 96 17 134 117 19 149 73 2 103 115 93 34 83 116 112 90 108 27 32 69 77 1 78 53 56 49 146 125 40 0 57 84 74 111 135 35 23 39 52 66 114 62 25 123 147 79 148 121 143 140 132 95 7 113 118 28 87 6 106 104 51 128 126 98 133 
Coste: 9852136
Temperatura: 36395.24893978922
Probabilidad de aceptación: 1.0
Movimiento: SI



ITERACION 58
Solucion:    100 81 89 68 138 47 3 145 36 75 60 30 130 4 131 54 110 91 120 88 102 29 46 119 65 141 76 82 18 11 124 55 127 67 43 61 50 9 80 72 37 15 129 31 22 63 26 12 20 16 70 136 97 137 107 42 101 58 133 45 13 64 44 5 144 24 99 85 8 109 86 33 10 48 41 94 142 21 92 122 71 59 14 139 105 38 96 17 134 117 19 149 73 2 103 115 93 34 116 83 112 90 108 27 32 69 77 1 78 53 56 146 125 49 40 0 57 84 74 111 135 35 23 39 52 66 114 62 25 123 79 148 147 121 143 140 132 7 95 113 28 118 87 6 106 104 51 128 98 126 
Coste: 9824632
Temperatura: 32755.7240458103
Probabilidad de aceptación: 1.0
Movimiento: SI



ITERACION 59
Solucion:    100 45 81 89 68 138 47 3 36 145 75 60 30 130 4 131 54 110 91 120 88 102 29 46 119 65 141 76 82 18 11 124 55 127 67 43 61 50 9 80 72 37 15 129 31 22 63 26 12 20 16 70 136 97 137 107 42 101 58 126 133 64 13 44 5 144 24 99 85 8 109 86 33 10 48 94 142 41 21 122 92 71 59 14 139 105 38 96 17 134 117 19 149 2 73 103 93 34 115 116 83 112 90 108 27 32 69 77 1 78 53 56 146 125 40 49 0 57 84 74 111 135 35 23 39 52 114 62 25 66 123 79 148 147 121 143 140 132 7 113 95 28 87 118 6 106 104 51 128 98 
Coste: 9814612
Temperatura: 29480.15164122927
Probabilidad de aceptación: 1.0
Movimiento: SI



ITERACION 60
Solucion:    133 100 45 81 89 68 138 47 3 36 145 75 60 30 130 4 131 54 110 91 120 88 102 29 46 119 65 141 82 18 76 11 124 55 67 127 43 61 50 9 80 72 15 37 31 129 22 63 26 12 20 16 70 136 97 137 107 42 58 101 98 126 64 13 44 5 144 99 24 85 8 109 86 33 10 48 94 142 41 21 122 92 71 59 14 139 38 105 17 96 134 117 149 19 2 73 103 93 34 115 116 83 112 90 108 27 32 69 77 1 78 53 56 146 125 40 49 0 84 57 74 111 35 135 23 39 52 114 62 66 25 123 79 148 121 147 143 140 132 7 113 95 28 87 118 6 106 104 51 128 
Coste: 9823888
Temperatura: 26532.13647710634
Probabilidad de aceptación: 1.0
Movimiento: SI



ITERACION 61
Solucion:    126 100 133 45 89 81 138 68 47 3 36 145 75 60 30 130 131 4 54 110 91 120 102 88 29 46 119 65 141 82 18 76 11 124 55 67 127 61 43 50 9 80 72 15 37 31 129 22 63 26 12 20 16 70 136 97 137 107 42 58 101 51 98 64 13 44 5 144 99 24 85 8 109 86 33 10 48 94 142 41 21 122 92 71 59 14 139 38 105 17 96 134 117 149 2 19 73 103 93 34 115 116 83 90 108 112 27 32 69 1 77 53 78 56 146 125 40 0 49 84 74 57 111 35 135 23 39 52 114 62 66 25 123 79 121 148 147 143 140 132 113 7 95 28 118 6 87 106 104 128 
Coste: 9816113
Temperatura: 23878.92282939571
Probabilidad de aceptación: 0.6921590249249404
Movimiento: NO



ITERACION 62
Solucion:    98 126 100 133 45 89 138 81 68 47 3 36 145 75 60 30 130 131 4 54 110 91 120 102 88 29 46 119 141 65 82 18 76 11 124 55 67 61 127 50 43 80 9 72 15 37 31 129 22 63 26 12 20 16 70 136 97 137 107 42 58 101 87 51 64 13 44 5 144 99 24 85 8 109 86 33 10 48 94 142 41 21 122 92 71 59 139 38 14 17 105 96 134 117 149 2 19 103 93 34 73 116 115 83 108 90 112 27 32 69 1 53 77 56 78 125 146 40 0 49 84 74 57 111 35 135 23 39 52 114 62 66 123 25 121 148 79 147 143 140 132 113 7 95 28 118 6 106 104 128 
Coste: 9765697
Temperatura: 21491.03054645614
Probabilidad de aceptación: 0.4260324854160819
Movimiento: NO



ITERACION 63
Solucion:    51 98 126 100 133 45 89 138 81 68 47 3 36 145 75 60 30 130 131 4 54 110 91 120 102 29 46 88 141 119 65 82 18 76 11 55 124 67 61 127 50 43 80 72 9 15 37 31 129 22 63 26 12 20 16 70 136 97 137 107 42 58 101 128 87 64 13 5 44 144 99 24 8 85 109 33 86 10 48 94 142 41 21 122 92 71 59 139 38 14 17 105 96 134 117 149 2 19 103 93 34 116 115 73 83 108 90 112 27 32 69 1 53 77 56 78 125 40 146 49 0 84 74 111 57 35 135 23 52 39 114 62 66 123 25 121 148 79 147 143 140 113 132 7 95 28 118 6 106 104 
Coste: 9819419
Temperatura: 19341.927491810526
Probabilidad de aceptación: 1.0
Movimiento: SI



ITERACION 64
Solucion:    87 51 98 126 100 133 45 89 138 81 68 47 3 36 145 75 60 30 130 131 4 110 54 91 102 29 120 46 141 119 65 82 88 18 76 11 55 124 67 61 50 127 80 43 72 9 15 37 31 129 22 63 26 12 20 16 70 136 97 137 107 42 58 101 104 128 64 5 44 13 144 99 24 8 85 33 109 86 48 10 94 41 142 21 122 92 71 59 139 38 14 17 96 105 134 117 149 2 19 103 93 116 34 115 73 83 108 90 112 27 32 69 53 1 77 56 78 40 125 146 49 0 84 74 111 35 57 23 135 52 114 39 62 66 123 25 121 148 79 143 147 140 113 132 7 28 95 118 106 6 
Coste: 9821407
Temperatura: 17407.734742629473
Probabilidad de aceptación: 1.0
Movimiento: SI



ITERACION 65
Solucion:    128 87 51 98 100 126 133 45 89 138 81 68 47 3 36 145 60 75 30 130 131 110 4 91 54 102 29 46 141 119 120 65 82 18 88 76 55 11 124 67 61 50 127 80 72 43 9 15 37 31 129 63 22 26 12 20 16 70 136 97 137 107 42 58 101 6 104 5 64 44 13 144 24 8 99 85 33 109 86 48 10 94 41 142 21 122 92 71 59 139 38 14 17 96 105 134 117 149 2 19 103 93 116 34 115 73 83 90 112 27 108 32 53 69 1 77 56 40 78 125 146 49 0 84 74 111 35 23 135 57 52 114 39 62 123 66 25 148 121 79 143 147 140 113 132 28 95 7 106 118 
Coste: 9786862
Temperatura: 15666.961268366525
Probabilidad de aceptación: 1.0
Movimiento: SI



ITERACION 66
Solucion:    104 128 87 51 98 100 126 133 45 89 138 81 68 47 3 36 60 145 75 30 130 131 110 4 91 54 102 29 141 46 119 120 82 65 18 88 76 55 11 67 124 61 50 80 72 127 43 9 15 37 31 129 63 22 26 12 20 16 70 136 97 137 107 42 58 101 118 6 5 64 44 13 144 24 8 99 85 33 109 86 48 10 94 41 142 21 122 92 71 59 139 38 14 17 96 105 134 117 149 2 19 93 103 116 115 73 34 83 90 112 27 32 53 108 69 1 77 56 40 78 125 146 49 84 0 74 35 111 23 135 57 52 114 39 62 123 66 25 148 121 79 143 147 140 113 132 28 95 7 106 
Coste: 9773709
Temperatura: 14100.265141529873
Probabilidad de aceptación: 1.0
Movimiento: SI



ITERACION 67
Solucion:    6 104 128 87 51 100 98 126 133 89 45 138 81 68 3 47 60 36 75 145 130 30 131 110 91 4 54 102 29 141 46 119 82 120 65 18 88 76 55 11 67 124 61 50 80 72 127 43 9 15 37 31 129 63 22 26 12 20 16 70 136 97 137 42 107 58 101 7 118 5 64 44 13 24 8 99 144 85 109 33 86 48 94 10 41 142 21 122 71 92 59 38 139 17 14 96 105 134 117 149 2 19 93 103 116 115 73 34 83 90 112 27 32 53 108 69 1 56 40 78 77 125 146 49 84 0 74 35 23 135 111 57 52 114 39 123 66 62 25 148 121 79 143 147 140 113 132 28 95 106 
Coste: 9787572
Temperatura: 12690.238627376886
Probabilidad de aceptación: 0.273765353526989
Movimiento: NO



ITERACION 68
Solucion:    118 6 104 128 51 100 87 98 126 133 89 45 138 81 3 68 60 47 36 75 130 145 30 131 110 91 4 54 29 102 141 46 119 82 65 18 120 88 76 55 11 67 124 61 50 80 72 127 43 9 15 37 31 129 63 22 26 12 20 16 70 136 137 97 42 107 101 58 95 7 5 64 44 13 24 8 99 85 144 109 33 86 48 94 10 41 142 21 122 71 59 38 92 17 139 14 96 105 117 134 149 2 93 19 103 116 115 73 34 83 90 112 27 32 53 108 69 56 1 40 78 77 125 146 84 49 0 74 35 23 135 111 52 114 57 123 66 39 25 62 148 121 79 143 147 140 132 113 28 106 
Coste: 9796948
Temperatura: 11421.214764639199
Probabilidad de aceptación: 0.45702529748142134
Movimiento: NO



ITERACION 69
Solucion:    118 6 104 128 7 51 100 98 126 87 133 45 89 138 81 3 60 68 36 75 47 130 145 30 131 110 91 4 54 29 141 102 46 119 82 65 18 120 88 76 55 11 67 61 124 50 80 72 43 127 9 15 37 31 129 63 22 26 12 20 16 70 137 136 42 107 97 101 58 113 95 5 44 64 13 8 24 99 85 144 109 33 86 48 94 10 41 142 21 71 122 59 38 92 17 139 96 105 14 117 134 149 2 93 103 19 116 115 73 34 90 112 27 83 32 53 108 69 56 1 40 77 78 125 84 146 0 74 35 23 49 135 111 114 52 123 66 57 39 25 62 148 121 79 143 147 140 132 28 106 
Coste: 9794975
Temperatura: 10279.09328817528
Probabilidad de aceptación: 0.3301299357724476
Movimiento: NO



ITERACION 70
Solucion:    95 118 6 128 104 7 100 51 98 126 87 133 45 89 138 81 3 60 68 36 47 130 75 145 131 110 91 30 4 54 141 102 46 119 29 65 82 18 88 120 76 55 11 61 67 124 50 80 43 72 127 15 37 9 129 31 63 22 12 20 16 26 70 137 136 42 107 97 101 58 106 113 5 44 64 13 8 24 99 85 109 33 144 86 48 94 10 41 21 142 71 122 59 38 92 17 139 96 105 14 117 134 149 93 103 19 116 2 115 34 90 112 73 27 32 53 83 108 56 69 1 77 40 78 84 125 0 146 74 35 23 135 49 111 114 123 52 66 57 25 62 148 121 79 39 143 147 140 132 28 
Coste: 9771755
Temperatura: 9251.183959357752
Probabilidad de aceptación: 1.0
Movimiento: SI



ITERACION 71
Solucion:    95 113 118 6 128 104 100 7 51 126 98 133 87 45 89 81 138 3 60 68 36 130 47 75 131 145 110 91 30 4 141 54 46 119 102 65 82 18 88 29 120 76 55 11 61 67 50 80 43 124 72 127 15 37 129 9 31 63 22 12 20 16 26 70 137 42 107 136 101 97 58 147 5 106 44 64 8 24 13 85 109 99 33 144 86 48 94 41 21 10 71 122 59 38 92 142 139 96 17 105 14 117 134 93 103 149 19 116 2 34 90 112 115 27 73 32 53 83 56 69 108 77 1 40 84 78 125 0 146 74 35 23 135 49 111 123 114 52 66 25 62 57 148 121 79 143 39 140 132 28 
Coste: 9779630
Temperatura: 8326.065563421977
Probabilidad de aceptación: 0.20330064872198936
Movimiento: NO



ITERACION 72
Solucion:    95 5 118 6 128 104 100 7 113 126 51 98 133 87 45 81 138 3 60 89 68 36 130 47 75 131 145 91 110 4 141 30 46 119 102 54 65 82 18 88 29 120 55 76 11 61 67 50 43 80 124 72 15 127 37 129 9 31 63 22 12 20 26 70 16 137 42 107 136 101 97 58 132 147 106 64 44 24 13 8 85 109 99 144 86 48 33 94 41 21 10 71 59 122 38 92 139 142 96 105 14 17 117 134 93 103 149 19 116 34 90 112 2 115 27 32 73 53 56 69 108 77 1 40 84 78 125 83 0 146 74 35 135 23 49 123 111 114 66 52 25 62 148 121 79 57 143 140 39 28 
Coste: 9757220
Temperatura: 7493.459007079779
Probabilidad de aceptación: 0.5427718223589051
Movimiento: NO



ITERACION 73
Solucion:    147 95 5 118 6 128 100 7 104 126 51 113 133 98 45 81 138 3 60 89 68 87 130 36 75 47 131 145 91 110 141 30 46 119 102 4 65 54 18 82 88 120 55 29 76 61 67 50 43 11 124 72 15 127 37 80 129 9 31 63 22 12 26 20 70 16 42 107 137 101 136 58 132 39 97 106 44 24 13 64 8 85 109 144 86 48 99 33 94 41 21 10 59 71 38 122 92 139 142 96 105 14 117 134 17 93 149 103 19 34 90 112 116 2 27 32 73 115 53 56 108 77 1 69 84 78 40 125 0 83 74 35 146 135 23 123 111 114 66 52 25 62 148 121 79 49 143 140 57 28 
Coste: 9741389
Temperatura: 6744.113106371801
Probabilidad de aceptación: 0.3032976873569637
Movimiento: NO



ITERACION 74
Solucion:    97 147 95 118 5 6 100 128 7 126 51 113 133 104 98 81 138 3 60 89 68 45 130 36 75 47 131 87 91 110 145 30 46 141 119 102 65 4 54 18 82 88 55 120 29 61 67 76 43 50 124 11 15 127 37 72 129 80 9 31 63 22 26 12 70 20 42 107 137 16 101 58 132 39 28 106 136 44 13 24 64 8 85 109 86 144 48 99 33 94 21 10 59 71 38 122 41 139 92 96 142 105 14 117 134 17 93 149 19 34 90 112 103 116 27 32 2 73 53 115 108 77 56 1 69 78 84 40 125 0 74 35 83 135 23 123 111 114 66 146 25 52 62 121 148 79 143 49 140 57 
Coste: 9691988
Temperatura: 6069.701795734622
Probabilidad de aceptación: 1.0
Movimiento: SI



ITERACION 75
Solucion:    106 97 147 95 118 6 100 128 7 126 51 113 133 104 5 81 138 3 60 98 89 45 130 36 68 75 131 87 91 110 47 30 46 145 141 119 65 102 54 18 82 4 55 88 29 120 61 67 76 43 50 11 124 15 37 72 129 80 9 31 127 63 22 12 26 70 20 107 137 16 42 101 132 39 28 57 58 136 44 13 24 64 8 109 85 86 144 99 33 48 94 21 59 10 38 71 122 41 139 96 142 105 14 92 134 117 17 93 149 19 34 112 103 90 27 32 2 73 53 116 115 77 108 1 69 78 84 40 125 0 56 74 83 135 23 35 123 114 111 66 146 25 62 121 148 79 52 49 140 143 
Coste: 9688966
Temperatura: 5462.73161616116
Probabilidad de aceptación: 1.0
Movimiento: SI



ITERACION 76
Solucion:    58 97 147 95 118 106 6 100 128 7 126 113 133 104 51 5 81 138 3 60 89 45 130 98 36 75 131 87 91 110 68 47 46 30 145 119 65 102 54 18 141 82 55 4 29 120 61 67 88 43 50 11 124 15 37 76 129 72 80 9 31 127 63 12 22 26 70 107 137 16 20 42 132 39 28 101 143 57 136 44 13 64 24 109 85 86 144 99 33 8 48 94 21 59 38 10 71 41 139 122 142 105 14 96 134 117 92 93 149 17 34 112 103 90 27 32 2 73 53 19 116 115 77 1 69 78 84 40 125 0 56 74 83 135 23 35 123 114 108 111 66 25 62 121 148 79 146 49 140 52 
Coste: 9689211
Temperatura: 4916.458454545044
Probabilidad de aceptación: 1.0
Movimiento: SI



ITERACION 77
Solucion:    57 97 58 95 118 147 6 100 128 106 126 113 133 104 7 5 81 138 51 3 60 45 89 130 98 36 131 87 91 110 68 47 75 46 30 145 65 119 54 18 102 82 55 4 29 141 61 120 67 43 88 11 50 124 37 15 129 72 80 9 76 31 127 63 12 22 70 26 137 107 16 20 42 39 28 132 101 108 143 136 44 13 64 109 24 85 144 86 99 33 8 48 94 21 59 38 10 41 71 139 142 105 122 14 134 96 117 92 93 149 17 112 103 90 27 32 2 73 53 19 34 116 77 115 1 69 84 40 125 0 78 74 83 135 23 35 123 114 56 111 66 25 62 121 148 79 146 49 140 52 
Coste: 9656078
Temperatura: 4424.81260909054
Probabilidad de aceptación: 0.008925491324435902
Movimiento: NO



ITERACION 78
Solucion:    143 97 57 95 118 58 147 100 128 6 126 113 133 104 106 7 5 81 138 51 3 60 45 89 130 98 131 36 91 110 87 68 47 46 75 30 65 145 54 18 119 82 55 4 29 141 61 102 120 67 43 11 88 124 37 50 129 72 80 9 15 76 31 63 127 12 22 70 137 26 107 16 20 39 28 42 132 101 66 136 44 13 64 109 24 85 144 86 99 33 8 108 48 94 21 59 38 41 10 139 142 105 71 122 14 96 117 134 93 149 92 112 103 90 27 32 2 73 53 17 19 34 116 77 1 69 84 40 125 0 78 74 83 135 23 35 123 114 115 111 56 25 62 121 148 79 146 49 140 52 
Coste: 9628330
Temperatura: 3982.3313481814857
Probabilidad de aceptación: 0.005905220313509405
Movimiento: NO



ITERACION 79
Solucion:    136 97 57 95 118 58 143 100 147 6 126 113 133 128 104 106 5 7 81 138 3 60 45 89 51 98 131 130 91 110 36 87 68 46 47 75 65 145 54 18 119 82 55 4 29 30 141 61 102 120 43 67 11 88 37 50 129 72 80 9 124 15 76 31 63 12 22 70 137 26 107 16 127 39 28 20 42 132 66 140 44 101 64 109 24 85 144 86 99 33 8 13 108 94 48 21 38 41 59 10 139 142 105 122 14 71 117 96 134 93 149 112 103 90 27 32 2 73 53 17 19 92 34 77 1 69 84 40 125 0 116 74 83 135 23 35 123 114 78 111 115 25 62 121 56 79 148 146 49 52 
Coste: 9608854
Temperatura: 3584.0982133633374
Probabilidad de aceptación: 0.09824912662707033
Movimiento: NO



ITERACION 80
Solucion:    136 97 44 57 95 118 58 100 143 147 6 113 133 126 128 104 106 5 81 138 3 60 45 89 51 98 131 130 91 110 7 36 87 46 68 47 65 75 54 18 119 82 55 4 29 30 141 61 102 120 43 67 11 145 37 88 50 72 129 80 124 15 9 31 76 63 12 22 70 137 107 16 26 127 39 20 28 132 42 66 146 140 101 64 109 24 144 86 85 99 8 33 13 108 94 48 38 21 41 59 139 142 105 122 14 71 117 96 10 93 134 149 112 90 103 27 2 73 32 53 17 19 92 77 1 69 84 40 125 0 34 74 83 135 23 116 123 35 114 111 78 25 62 121 56 79 115 148 49 52 
Coste: 9608547
Temperatura: 3225.688392027004
Probabilidad de aceptación: 0.006341593438306204
Movimiento: NO



ITERACION 81
Solucion:    136 97 44 57 95 118 58 100 143 147 6 113 133 126 128 104 106 5 140 81 138 3 60 45 89 51 131 98 91 110 7 36 87 46 130 68 65 47 54 18 75 82 55 4 119 30 141 61 29 102 43 67 120 11 37 145 50 72 129 80 124 15 9 88 31 76 12 63 22 137 107 16 70 26 39 127 20 28 132 42 146 115 66 101 64 109 144 86 85 24 8 33 13 108 99 94 48 38 41 59 139 142 105 21 14 71 117 96 10 93 134 122 112 149 90 27 2 73 32 53 17 103 19 92 1 77 69 40 84 125 0 74 83 135 23 116 123 35 34 111 114 25 78 121 56 79 62 148 49 52 
Coste: 9580415
Temperatura: 2903.1195528243034
Probabilidad de aceptación: 0.001893897641877019
Movimiento: NO



ITERACION 82
Solucion:    136 97 66 57 95 118 58 100 44 143 6 113 133 126 128 147 104 106 5 81 138 3 60 45 89 51 131 98 91 110 7 36 87 46 140 130 68 65 54 18 75 82 55 4 119 30 141 61 47 29 102 43 67 11 120 37 50 72 129 80 124 15 9 88 31 76 12 63 22 137 107 16 70 26 39 127 20 28 132 42 146 145 49 101 64 115 109 144 85 24 8 33 86 13 108 94 48 99 38 41 59 139 105 142 14 71 117 96 21 93 10 134 112 122 149 27 2 73 90 32 53 17 19 103 1 92 69 40 84 125 0 74 77 135 23 83 123 116 35 111 34 114 25 121 78 79 56 148 62 52 
Coste: 9579298
Temperatura: 2612.8075975418733
Probabilidad de aceptación: 0.33892451353294384
Movimiento: NO



ITERACION 83
Solucion:    136 97 101 66 95 57 118 100 58 44 6 113 133 126 128 143 147 106 104 81 138 5 60 3 45 89 131 51 91 98 7 36 87 46 110 140 130 65 54 68 18 82 55 4 119 30 141 61 47 29 102 43 67 11 75 37 120 72 50 80 124 129 9 88 31 15 76 12 63 22 107 16 70 26 39 127 20 28 132 42 146 137 145 62 49 64 115 109 85 24 8 144 33 13 86 94 48 108 99 38 41 59 105 142 14 71 117 96 21 93 139 10 112 134 122 27 2 73 90 32 53 17 19 103 1 149 69 40 84 125 0 74 92 135 23 83 123 116 35 77 34 111 114 25 121 79 78 148 56 52 
Coste: 9558389
Temperatura: 2351.526837787686
Probabilidad de aceptación: 0.0026591085460687023
Movimiento: NO



ITERACION 84
Solucion:    136 97 101 66 95 57 49 118 100 58 6 44 133 126 128 143 147 106 104 81 138 113 60 3 45 5 131 51 91 98 89 7 36 46 87 110 140 65 54 130 18 82 55 4 68 30 141 61 47 29 102 43 67 119 11 75 37 72 120 80 124 50 9 88 31 129 15 76 12 63 22 107 16 70 26 127 20 28 132 39 146 42 145 137 78 64 62 115 85 24 8 109 144 13 33 86 94 48 108 99 38 41 105 59 14 71 117 96 142 93 21 139 10 112 134 27 2 73 90 122 32 53 19 103 1 17 69 40 149 84 125 0 74 135 23 83 123 116 35 77 34 92 111 114 25 121 79 148 56 52 
Coste: 9531200
Temperatura: 2116.3741540089172
Probabilidad de aceptación: 0.0074685478149616735
Movimiento: NO



ITERACION 85
Solucion:    136 97 101 66 95 57 64 118 49 100 58 6 44 126 128 143 147 106 104 81 138 113 60 133 45 3 131 5 51 91 89 7 36 46 87 110 140 65 54 130 18 82 55 98 4 30 141 61 47 29 102 43 67 68 11 75 37 72 119 80 124 50 9 88 31 129 15 76 12 120 63 22 107 16 26 70 20 127 132 28 39 146 145 42 137 79 62 78 85 24 8 109 144 13 115 86 94 48 33 108 99 41 38 105 59 71 117 96 142 93 14 21 139 112 134 27 2 73 90 10 32 53 19 103 1 17 69 122 40 84 125 0 74 135 23 83 123 116 35 77 34 149 111 92 114 25 121 148 56 52 
Coste: 9524118
Temperatura: 1904.7367386080255
Probabilidad de aceptación: 0.00718244649069924
Movimiento: NO



ITERACION 86
Solucion:    136 97 101 66 95 57 64 118 49 100 58 6 44 126 128 143 147 106 104 81 138 113 60 62 45 133 131 3 5 51 89 7 36 46 87 110 140 65 54 91 18 82 55 130 98 30 141 61 47 29 102 43 67 68 4 75 37 72 11 80 124 50 9 88 31 119 15 129 12 76 120 63 22 16 107 70 20 127 132 28 39 146 145 26 137 42 92 78 85 24 8 109 144 13 115 86 94 79 48 33 108 99 41 38 59 71 117 96 105 142 93 21 139 112 134 14 27 2 73 90 32 53 19 103 1 17 69 10 40 84 122 125 74 135 23 83 123 116 35 77 34 149 111 0 114 25 121 148 56 52 
Coste: 9518676
Temperatura: 1714.2630647472229
Probabilidad de aceptación: 0.01351587717804655
Movimiento: NO



ITERACION 87
Solucion:    136 97 101 66 95 57 78 64 118 49 100 58 6 126 128 143 147 106 104 81 44 138 60 113 45 62 131 133 3 5 89 7 36 46 87 110 140 65 54 51 18 82 55 91 130 30 141 61 47 29 102 43 67 68 4 75 37 72 98 80 124 50 9 88 31 11 15 119 12 129 76 120 63 22 16 70 20 127 132 28 39 146 145 107 137 26 42 0 92 24 8 109 144 13 85 86 94 79 48 115 33 99 108 41 59 71 117 96 105 142 93 21 139 112 134 38 14 27 2 73 90 53 19 103 1 17 69 32 40 84 122 125 74 135 23 83 123 116 35 77 34 149 111 10 114 25 121 148 56 52 
Coste: 9513065
Temperatura: 1542.8367582725007
Probabilidad de aceptación: 0.007681401829298696
Movimiento: NO



ITERACION 88
Solucion:    136 97 101 66 95 57 78 92 118 49 100 58 6 126 64 143 147 106 104 81 44 138 60 113 45 128 131 133 3 5 89 7 36 46 87 110 140 65 54 62 18 82 55 51 91 30 141 61 47 29 102 43 67 68 130 75 37 72 4 98 124 50 9 88 31 11 15 119 12 129 76 120 80 63 22 70 20 127 132 28 39 146 145 16 137 107 26 0 2 42 8 109 144 13 85 86 94 24 48 79 115 33 99 41 59 71 117 96 105 142 93 108 21 112 139 38 134 27 14 73 90 53 19 103 1 17 69 32 40 84 122 125 74 135 23 83 123 116 35 77 34 149 111 10 114 25 121 148 56 52 
Coste: 9498393
Temperatura: 1388.5530824452505
Probabilidad de aceptación: 0.03726296283345617
Movimiento: NO



ITERACION 89
Solucion:    136 97 101 66 95 57 78 42 118 92 100 49 58 126 6 143 147 106 104 81 44 138 60 113 45 64 131 133 3 128 89 7 36 46 87 110 140 65 54 62 18 5 82 55 51 30 141 61 47 29 102 43 67 91 68 75 130 37 72 4 124 50 9 88 31 11 15 119 12 129 76 120 80 63 22 70 20 127 132 28 39 146 145 16 137 98 26 0 2 56 8 109 144 13 85 86 94 24 48 79 115 33 99 41 59 71 117 96 105 142 93 108 21 112 139 38 134 27 14 73 90 53 19 103 1 17 69 32 40 84 122 125 74 107 23 83 123 116 35 77 34 149 111 135 114 25 121 148 10 52 
Coste: 9493658
Temperatura: 1249.6977742007255
Probabilidad de aceptación: 0.028872748771269913
Movimiento: NO



ITERACION 90
Solucion:    8 136 97 66 95 57 78 42 118 92 100 49 58 126 6 101 143 147 106 81 44 138 60 113 45 64 131 133 3 128 89 7 104 46 87 110 140 65 54 62 18 5 82 55 51 30 141 61 47 29 102 43 67 91 68 75 130 37 72 4 124 50 9 88 31 11 15 119 12 129 76 120 80 63 22 36 70 127 132 28 39 146 145 16 137 98 26 0 2 56 116 109 144 13 85 86 94 24 48 79 115 33 99 41 59 20 117 96 105 142 93 108 21 112 139 38 134 27 14 73 71 90 53 103 1 17 69 32 40 84 122 125 74 107 23 83 123 19 35 77 34 149 111 135 114 25 121 148 10 52 
Coste: 9477493
Temperatura: 1124.727996780653
Probabilidad de aceptación: 2.4120403113711307E-17
Movimiento: NO



ITERACION 91
Solucion:    8 109 136 66 95 57 78 42 118 92 100 49 58 126 6 97 101 147 143 81 44 138 60 113 45 64 131 133 3 128 106 89 104 46 87 110 7 65 54 62 18 5 82 55 51 30 141 61 140 29 102 43 67 91 47 75 130 37 72 4 124 50 9 68 31 11 15 88 12 129 76 120 80 63 22 119 70 36 132 127 39 28 145 146 137 98 26 0 2 56 16 148 116 144 13 86 94 24 85 79 115 33 99 41 59 20 117 48 96 142 93 108 21 112 139 38 134 27 14 73 105 71 90 103 1 17 69 32 40 53 122 125 74 107 23 84 123 83 35 77 34 149 19 135 114 25 121 111 10 52 
Coste: 9460173
Temperatura: 1012.2551971025878
Probabilidad de aceptación: 6.97161571650155E-12
Movimiento: NO



ITERACION 92
Solucion:    8 109 136 66 95 57 78 42 118 92 100 49 58 126 6 97 101 147 143 81 44 138 60 113 45 64 131 133 3 128 106 89 104 46 87 110 7 65 54 62 18 5 82 55 51 30 141 61 140 29 102 43 67 91 47 75 130 37 72 4 124 50 9 116 31 11 15 88 12 129 76 120 80 63 22 119 70 68 36 132 39 127 145 146 137 98 26 0 2 56 16 28 19 144 148 86 94 24 85 79 115 33 99 41 59 20 117 13 96 48 142 93 21 112 139 38 134 27 14 73 105 71 90 103 1 17 69 32 40 53 122 125 74 107 23 84 123 83 35 77 34 149 108 135 114 25 121 111 10 52 
Coste: 9460983
Temperatura: 911.0296773923291
Probabilidad de aceptación: 1.6439062395431267E-15
Movimiento: NO



ITERACION 93
Solucion:    8 144 136 109 95 57 78 42 118 92 100 49 58 126 6 97 101 147 66 81 44 138 60 113 45 64 131 133 3 128 143 89 104 46 106 110 7 65 54 62 18 5 82 55 51 87 141 61 30 29 102 43 67 91 47 75 130 37 72 4 124 140 9 50 31 11 15 88 12 129 76 120 80 63 22 119 116 70 68 36 39 127 145 146 137 98 26 0 2 56 16 132 28 108 19 86 94 24 85 79 115 33 99 41 59 148 20 117 96 13 142 93 21 112 139 38 134 27 14 73 105 71 48 90 1 17 69 32 40 53 122 125 74 107 23 84 123 83 35 77 103 149 34 135 114 25 121 111 10 52 
Coste: 9449784
Temperatura: 819.9267096530962
Probabilidad de aceptación: 4.19359212389735E-12
Movimiento: NO



ITERACION 94
Solucion:    19 8 144 136 95 57 78 42 118 92 100 49 58 126 6 97 101 147 109 81 44 138 60 113 45 64 131 133 3 128 66 89 104 46 106 110 7 65 54 143 18 5 82 55 51 87 141 61 30 29 102 43 67 91 47 75 130 37 72 4 124 140 9 62 31 11 15 50 12 129 76 120 80 63 22 119 88 70 68 116 39 127 36 146 137 98 26 0 2 56 16 132 28 145 48 86 108 24 85 79 115 94 33 41 59 148 20 117 96 13 142 99 21 112 139 38 134 27 14 73 105 71 93 90 1 17 69 32 40 53 122 125 74 107 23 84 123 83 35 77 103 149 34 135 114 25 121 111 10 52 
Coste: 9430272
Temperatura: 737.9340386877866
Probabilidad de aceptación: 6.0660082480627064E-21
Movimiento: NO



ITERACION 95
Solucion:    19 8 144 136 95 57 78 42 118 92 100 49 58 126 6 97 101 147 109 81 44 138 60 113 45 64 131 133 3 128 66 89 104 46 106 110 7 65 54 86 18 5 82 55 51 87 141 61 30 29 102 43 143 91 47 75 130 37 72 4 124 140 9 67 31 11 15 50 12 129 76 120 80 63 22 119 62 70 88 116 39 127 68 146 137 98 26 0 2 56 16 36 28 132 145 34 108 24 85 79 115 94 33 41 59 148 20 48 96 117 142 13 21 112 139 38 134 27 14 73 105 71 93 90 1 17 69 32 40 53 122 125 74 107 23 84 123 83 35 77 99 103 149 135 114 25 121 111 10 52 
Coste: 9423775
Temperatura: 664.1406348190079
Probabilidad de aceptación: 3.4325428253529174E-17
Movimiento: NO



ITERACION 96
Solucion:    19 8 144 136 95 108 57 42 118 92 100 49 58 126 6 97 101 147 109 81 44 78 60 113 45 64 131 133 3 128 66 89 104 46 106 110 138 65 54 86 18 5 82 55 51 87 141 61 30 29 102 43 7 91 143 75 130 37 72 4 124 140 9 67 31 11 15 47 12 129 76 120 80 63 22 119 50 70 62 88 116 127 39 146 137 98 26 0 2 56 16 68 28 36 132 145 149 24 85 79 115 94 33 41 59 148 20 48 96 117 142 34 21 112 139 38 134 27 14 73 105 71 93 13 1 90 17 69 40 53 122 125 74 107 32 84 123 83 35 23 77 103 99 135 114 25 121 111 10 52 
Coste: 9405108
Temperatura: 597.7265713371071
Probabilidad de aceptación: 1.4411356814137016E-14
Movimiento: NO



ITERACION 97
Solucion:    19 8 144 136 95 108 24 42 118 92 100 49 58 126 6 97 101 147 109 81 44 57 60 78 45 64 131 133 3 128 66 113 104 46 106 110 89 65 54 138 86 5 82 55 51 87 141 61 30 29 18 43 7 91 102 75 130 37 72 4 124 140 9 143 31 11 15 67 12 129 76 120 80 63 22 119 50 70 62 88 116 127 39 146 137 98 26 0 2 56 16 68 28 36 132 145 47 99 149 79 115 85 33 41 59 148 20 48 96 117 142 34 94 112 139 38 21 27 14 73 105 71 93 13 1 134 90 69 40 17 122 125 74 107 32 84 123 53 35 23 83 77 103 135 114 25 121 111 10 52 
Coste: 9394586
Temperatura: 537.9539142033964
Probabilidad de aceptación: 6.184328792530893E-9
Movimiento: NO



ITERACION 98
Solucion:    19 8 144 136 95 108 24 42 118 92 100 49 149 126 6 97 101 147 109 81 44 57 60 78 45 64 131 133 3 128 66 113 104 46 106 110 89 65 54 58 138 5 82 55 51 87 141 61 30 29 18 43 7 91 102 75 130 37 72 4 124 140 9 143 31 11 15 67 12 129 76 120 80 63 22 119 50 70 62 88 116 127 86 146 137 98 26 0 2 56 16 68 28 36 132 145 39 47 85 99 115 79 33 41 59 148 20 48 96 117 142 34 94 112 139 38 21 27 14 73 105 71 93 13 1 134 90 69 40 17 122 125 74 107 32 84 123 53 35 23 83 77 103 135 114 25 121 111 10 52 
Coste: 9392664
Temperatura: 484.15852278305675
Probabilidad de aceptación: 1.3991462585113596E-13
Movimiento: NO



ITERACION 99
Solucion:    19 8 144 136 95 108 24 42 118 92 100 49 149 126 6 97 101 147 109 81 44 57 60 78 45 64 131 133 3 128 66 113 104 46 106 110 89 65 54 99 138 5 82 55 51 87 141 61 30 29 18 43 7 91 102 75 58 37 72 4 124 140 9 143 31 11 15 67 12 130 76 120 80 63 22 119 50 70 62 88 116 129 127 146 137 98 26 0 2 56 16 68 28 36 132 145 39 47 85 103 115 79 33 41 59 148 20 48 96 117 142 34 94 112 86 139 38 21 14 73 105 71 93 13 1 27 134 69 90 40 17 125 74 107 32 84 123 53 35 23 83 77 122 135 114 25 121 111 10 52 
Coste: 9383028
Temperatura: 435.74267050475106
Probabilidad de aceptación: 6.575864039170955E-11
Movimiento: NO



ITERACION 100
Solucion:    19 8 144 136 95 108 24 42 118 92 100 49 115 126 6 97 101 147 109 81 44 57 60 78 45 64 131 149 3 128 66 113 104 46 106 110 89 65 54 133 138 5 82 55 51 87 141 61 30 29 18 43 7 99 102 75 58 37 72 91 124 140 9 143 31 11 15 67 12 130 76 120 80 63 22 119 50 70 62 88 116 129 127 146 137 4 98 0 2 56 16 68 28 36 132 145 39 47 85 103 121 26 33 41 59 148 20 48 96 117 142 34 94 112 79 139 38 21 14 73 105 71 93 13 1 27 134 69 90 86 40 17 74 107 125 84 123 53 35 23 83 77 32 135 114 25 122 111 10 52 
Coste: 9373703
Temperatura: 392.16840345427596
Probabilidad de aceptación: 9.698947759180993E-12
Movimiento: NO



ITERACION 101
Solucion:    19 8 144 136 95 108 24 42 118 92 100 49 115 126 6 97 101 147 109 81 44 57 60 78 45 64 131 149 3 128 66 113 104 46 106 110 89 65 54 133 138 5 82 55 51 87 141 61 30 29 18 43 7 99 102 75 58 37 72 91 124 140 9 143 31 11 15 67 12 130 76 120 80 63 22 119 50 70 62 88 116 129 127 146 137 26 4 0 2 56 16 68 28 36 132 145 39 47 85 103 121 33 98 41 59 148 20 48 96 117 142 34 94 112 79 139 38 21 14 73 105 71 93 13 1 27 134 69 90 86 40 17 74 107 125 84 123 53 35 23 83 77 32 135 114 25 122 111 10 52 
Coste: 9371113
Temperatura: 352.95156310884835
Probabilidad de aceptación: 9.174951761750294E-9
Movimiento: NO



ITERACION 102
Solucion:    19 8 144 136 95 108 24 42 118 92 100 49 115 126 6 97 101 147 109 81 44 57 60 78 45 64 131 149 3 128 66 113 104 46 106 110 89 65 54 133 138 5 82 55 51 87 141 61 30 29 18 43 7 99 102 75 58 37 72 91 124 140 9 143 31 11 15 67 12 130 76 120 80 63 22 119 50 70 62 88 116 129 127 146 137 26 4 0 2 56 16 68 28 36 132 145 39 47 85 103 121 33 10 98 59 148 20 48 96 117 142 34 94 112 79 139 38 41 21 14 105 71 93 13 1 27 134 69 90 86 73 40 74 17 107 84 123 53 35 23 83 77 125 135 32 25 114 111 122 52 
Coste: 9366978
Temperatura: 317.65640679796354
Probabilidad de aceptación: 4.287953714527742E-8
Movimiento: NO



ITERACION 103
Solucion:    19 8 144 136 95 108 24 42 118 92 100 49 115 126 6 97 101 147 109 81 44 57 60 78 45 64 131 149 3 128 66 113 104 46 106 110 89 65 54 133 138 5 82 55 51 87 141 61 30 29 18 43 7 99 102 75 58 37 72 91 124 140 9 143 31 11 15 67 12 130 76 120 80 63 22 119 50 70 62 88 116 129 127 146 137 26 4 0 2 56 16 68 28 36 132 145 39 47 85 103 121 33 98 10 59 148 20 48 96 117 142 34 94 112 79 139 38 41 21 14 105 71 93 13 1 27 134 69 90 86 73 40 74 17 107 84 123 53 35 23 83 77 125 135 32 25 114 111 122 52 
Coste: 9366552
Temperatura: 285.8907661181672
Probabilidad de aceptación: 4.6650920225077115E-8
Movimiento: NO



ITERACION 104
Solucion:    19 8 144 136 95 108 24 42 118 92 100 49 115 126 6 97 101 147 109 81 44 57 60 78 45 64 131 149 3 128 66 113 104 46 106 110 89 65 54 133 138 5 82 55 51 87 141 61 30 29 18 43 7 99 102 75 58 37 72 59 124 140 9 143 31 11 15 91 12 130 67 120 76 63 22 119 50 70 62 88 116 129 127 146 137 26 4 0 2 56 16 68 28 36 132 145 39 47 85 103 121 33 98 10 107 148 20 48 96 117 142 34 94 112 79 139 38 41 80 14 105 71 93 13 1 27 134 69 90 86 73 40 21 74 17 84 123 53 35 23 83 77 125 135 32 25 114 111 122 52 
Coste: 9361020
Temperatura: 257.3016895063505
Probabilidad de aceptación: 0.0013934979736069566
Movimiento: NO



ITERACION 105
Solucion:    19 8 144 136 95 108 24 42 118 92 100 49 115 126 6 97 101 147 109 81 44 57 60 78 45 64 131 149 3 128 66 113 104 46 106 110 89 65 54 133 138 5 82 55 51 87 141 61 30 29 18 43 7 99 102 75 58 37 72 59 124 140 9 143 31 11 15 91 12 130 67 120 76 63 22 119 50 70 62 88 116 129 127 146 137 26 4 0 2 56 16 68 28 36 132 145 39 47 85 103 121 33 98 10 107 105 20 48 96 117 142 34 94 112 79 139 38 41 80 14 148 71 93 13 1 27 134 69 90 86 73 40 21 74 17 84 123 53 35 23 83 77 125 135 32 25 114 111 122 52 
Coste: 9360738
Temperatura: 231.57152055571547
Probabilidad de aceptación: 2.0117503687857787E-51
Movimiento: NO



ITERACION 106
Solucion:    19 8 144 136 95 108 24 42 118 92 100 49 115 126 6 97 20 147 109 81 44 57 60 78 45 64 131 149 3 128 101 113 104 46 106 110 89 65 54 133 138 5 82 55 51 87 141 61 30 29 18 43 7 99 102 75 58 37 72 59 124 140 9 143 31 11 15 91 12 130 67 120 76 63 22 119 50 66 62 88 116 129 127 146 137 26 4 0 2 56 16 68 28 36 70 145 39 47 85 103 121 33 98 10 107 105 83 132 96 117 142 34 94 112 79 139 38 41 80 14 148 71 93 48 1 27 134 69 90 86 73 40 21 74 17 84 123 53 35 23 13 77 125 135 32 25 114 111 122 52 
Coste: 9355233
Temperatura: 208.41436850014392
Probabilidad de aceptación: 8.685046982711487E-60
Movimiento: NO



ITERACION 107
Solucion:    19 8 144 136 95 108 24 42 118 92 100 49 115 126 6 97 20 147 109 81 44 57 60 78 45 64 131 149 3 128 101 113 104 46 106 110 89 65 54 133 138 5 82 55 51 87 141 61 30 29 18 43 7 99 102 75 58 37 72 59 124 140 9 143 31 11 15 91 12 130 67 120 76 63 22 119 50 132 62 88 116 129 127 146 137 26 4 0 2 56 16 68 28 36 70 145 39 47 85 103 121 33 98 10 107 105 83 13 96 117 142 34 94 112 79 139 38 41 80 14 148 66 71 93 1 27 134 69 90 86 73 40 21 74 17 84 123 53 35 23 48 77 125 135 32 25 114 111 122 52 
Coste: 9353865
Temperatura: 187.57293165012953
Probabilidad de aceptación: 9.168869093283843E-86
Movimiento: NO



ITERACION 108
Solucion:    19 8 144 136 95 108 24 42 118 92 100 49 115 126 6 97 20 147 109 81 44 57 60 78 45 64 131 149 3 128 101 113 104 46 106 110 89 65 54 133 138 5 82 55 51 87 141 61 30 29 18 43 7 99 102 75 58 37 72 59 124 140 9 143 31 11 15 91 12 130 67 120 76 63 22 119 50 132 62 88 116 129 127 146 137 26 4 0 2 56 16 68 28 36 70 145 39 47 85 103 121 33 98 10 107 105 83 13 48 117 142 34 94 112 79 139 38 41 80 14 148 66 96 71 1 27 134 69 90 86 73 40 21 74 17 84 123 93 53 23 35 77 125 135 32 25 114 111 122 52 
Coste: 9352675
Temperatura: 168.81563848511658
Probabilidad de aceptación: 1.7930919959464576E-71
Movimiento: NO



ITERACION 109
Solucion:    19 8 144 136 95 108 24 42 118 92 100 49 115 126 6 97 20 147 109 81 44 57 60 78 45 64 131 149 3 128 101 113 104 46 106 110 89 65 54 133 138 5 82 55 51 87 141 61 30 29 18 43 7 99 102 75 58 37 72 59 124 140 9 143 31 11 15 91 12 130 67 120 76 63 22 119 50 132 62 88 116 129 127 146 137 26 4 0 2 56 16 68 28 36 117 145 39 47 85 103 121 33 98 10 107 105 83 13 70 34 142 48 94 112 79 139 38 41 80 14 148 66 96 71 1 27 134 69 90 86 73 40 21 74 17 84 123 93 53 23 35 77 125 135 32 25 114 111 122 52 
Coste: 9352926
Temperatura: 151.93407463660492
Probabilidad de aceptación: 9.115303557975221E-77
Movimiento: NO



ITERACION 110
Solucion:    19 8 144 136 95 108 24 42 118 92 100 49 115 126 6 97 20 147 109 81 44 57 60 78 45 64 131 149 3 128 101 113 104 46 106 110 89 65 54 133 138 5 82 55 51 87 141 61 30 29 18 43 7 99 102 75 58 37 72 59 124 140 9 143 31 11 15 91 12 130 67 120 76 63 22 119 50 132 62 88 116 129 127 146 137 26 4 0 2 56 16 68 28 36 117 142 39 145 85 103 121 33 98 10 107 105 83 13 70 34 77 47 94 112 79 139 38 41 80 14 148 66 96 71 1 27 48 69 90 86 73 40 21 74 17 84 123 93 53 23 35 134 125 135 32 25 114 111 122 52 
Coste: 9350259
Temperatura: 136.74066717294443
Probabilidad de aceptación: 5.156060749267823E-61
Movimiento: NO



ITERACION 111
Solucion:    19 8 144 136 95 108 24 42 118 92 100 49 115 126 6 97 20 147 109 81 44 57 60 78 45 64 131 149 3 128 101 113 104 46 106 110 89 65 54 133 138 5 82 55 51 87 141 61 30 29 18 43 7 99 102 75 58 37 72 59 124 140 9 143 31 11 15 91 12 130 67 120 76 63 22 119 50 132 62 88 116 129 127 146 137 26 4 0 2 56 16 68 28 36 117 142 39 47 85 103 121 33 98 10 107 105 83 13 70 34 77 48 145 112 79 139 38 41 80 14 148 66 96 71 1 27 94 69 90 86 73 40 21 74 17 84 123 93 53 23 35 134 125 135 32 25 114 111 122 52 
Coste: 9350196
Temperatura: 123.06660045564999
Probabilidad de aceptación: 7.916661653303336E-69
Movimiento: NO



ITERACION 112
Solucion:    19 8 144 136 95 108 24 42 118 92 100 49 115 126 6 97 20 147 109 81 44 57 60 78 45 64 131 149 3 128 101 113 104 46 106 110 89 65 54 133 138 5 82 55 51 87 141 61 30 29 18 43 7 99 102 75 58 37 72 59 124 140 9 143 31 11 15 91 12 130 67 120 76 63 22 119 50 132 62 88 116 129 127 146 137 26 4 0 2 56 16 68 28 36 117 142 39 47 85 103 121 33 98 10 107 105 83 13 70 34 77 48 94 112 79 139 38 41 80 14 148 66 96 71 1 145 27 69 90 86 73 40 21 74 17 84 123 93 53 23 35 134 125 135 32 25 114 111 122 52 
Coste: 9348819
Temperatura: 110.759940410085
Probabilidad de aceptación: 5.4196623760522184E-64
Movimiento: NO



ITERACION 113
Solucion:    19 8 144 136 95 108 24 42 118 92 100 49 115 126 6 97 20 147 109 81 44 57 60 78 45 64 131 149 3 128 101 113 104 46 106 110 89 65 54 133 138 5 82 55 51 87 141 61 30 29 18 43 7 99 102 75 58 37 72 59 124 140 9 143 31 11 15 112 12 130 67 120 76 63 22 119 50 132 62 88 116 129 127 146 137 26 91 0 2 56 16 68 28 36 117 142 39 47 85 4 121 33 98 10 107 105 83 13 70 34 77 48 94 38 103 139 79 41 80 14 148 66 96 71 1 145 27 69 90 86 73 40 21 74 17 84 123 93 53 23 35 134 125 135 32 25 114 111 122 52 
Coste: 9346133
Temperatura: 99.6839463690765
Probabilidad de aceptación: 2.5152610546876096E-47
Movimiento: NO



ITERACION 114
Solucion:    19 8 144 136 95 108 24 42 118 92 100 49 115 126 6 97 20 147 109 81 44 57 60 78 45 64 131 149 3 128 101 113 104 46 106 110 89 65 54 133 138 5 82 55 51 87 141 61 30 29 18 43 7 99 102 75 58 37 72 59 124 140 9 143 31 11 15 112 12 130 67 120 76 63 22 119 50 132 62 88 116 129 103 146 137 127 91 0 2 26 16 68 28 36 117 142 39 47 85 56 121 33 98 10 107 105 83 13 70 34 77 48 94 38 86 139 4 41 80 14 148 66 96 71 1 145 27 69 90 79 73 40 21 74 17 84 123 93 53 23 35 134 125 135 32 25 114 111 122 52 
Coste: 9340693
Temperatura: 89.71555173216885
Probabilidad de aceptación: 3.747824364094135E-39
Movimiento: NO



ITERACION 115
Solucion:    19 8 144 136 95 108 24 42 118 92 100 49 115 126 6 97 20 147 109 81 44 57 60 78 45 64 131 149 3 128 101 113 104 46 106 110 89 65 54 139 138 5 82 55 51 87 141 61 30 29 18 43 7 99 102 75 58 37 72 59 124 140 9 143 31 11 15 112 12 130 67 120 76 63 22 119 50 132 62 88 116 129 103 146 137 133 91 127 2 0 16 68 28 36 117 142 39 47 85 56 121 33 98 10 107 105 83 13 70 34 77 48 94 38 86 79 26 41 80 14 148 66 96 71 1 145 27 69 90 4 73 40 21 74 17 84 123 93 53 23 35 134 125 135 32 25 114 111 122 52 
Coste: 9336509
Temperatura: 80.74399655895196
Probabilidad de aceptación: 1.1419098939493587E-66
Movimiento: NO



ITERACION 116
Solucion:    19 8 144 136 95 108 24 42 118 92 100 49 115 126 6 97 20 147 109 81 44 57 60 78 45 64 131 149 3 128 101 113 104 46 106 110 89 65 54 139 138 5 82 55 51 87 141 61 30 29 18 43 7 99 102 75 58 37 72 59 124 140 9 143 31 11 15 112 12 130 67 120 76 63 22 119 50 132 62 88 116 129 103 146 137 133 91 127 2 0 16 68 28 36 117 142 39 47 85 56 121 33 98 10 107 105 83 13 70 34 77 48 94 38 86 79 122 26 80 14 148 66 96 71 1 145 27 69 90 4 73 40 21 74 17 84 123 93 53 23 35 134 125 135 32 25 114 111 41 52 
Coste: 9335441
Temperatura: 72.66959690305677
Probabilidad de aceptación: 1.690414652605988E-34
Movimiento: NO



ITERACION 117
Solucion:    19 8 144 136 95 108 24 42 118 92 100 49 115 126 6 97 20 147 109 81 44 57 60 78 45 64 131 149 3 128 101 113 104 46 106 110 89 65 54 139 138 5 82 55 51 87 141 61 30 29 18 43 7 99 102 75 58 37 72 59 124 140 9 143 31 11 15 112 12 130 67 120 76 63 22 119 50 132 62 88 116 129 103 146 137 133 91 127 2 0 16 68 28 36 117 142 39 47 85 56 121 33 26 10 107 105 83 13 70 34 77 48 94 38 86 79 122 41 80 14 148 66 96 71 1 145 27 69 90 4 73 98 40 74 17 84 123 93 53 23 35 134 125 135 32 25 21 111 114 52 
Coste: 9330918
Temperatura: 65.4026372127511
Probabilidad de aceptación: 3.9665050822816655E-17
Movimiento: NO



ITERACION 118
Solucion:    19 8 144 136 95 108 24 42 118 92 100 49 115 126 6 97 20 147 109 81 44 57 60 78 45 64 131 149 3 128 101 113 104 46 106 110 89 65 54 139 138 5 82 55 51 87 141 61 30 29 18 43 7 99 102 75 58 37 72 59 124 140 9 143 31 11 15 112 12 130 67 120 76 63 22 119 50 132 62 88 116 129 103 146 137 133 91 127 2 0 16 68 28 36 117 142 39 47 85 56 121 33 26 10 107 105 83 13 70 34 77 48 94 38 86 79 122 41 52 80 148 66 96 71 1 145 27 69 90 4 73 98 40 14 74 84 123 93 53 23 35 134 125 135 32 25 21 111 114 17 
Coste: 9328877
Temperatura: 58.86237349147599
Probabilidad de aceptación: 1.0
Movimiento: SI



ITERACION 119
Solucion:    19 8 144 136 95 108 24 42 118 92 100 49 115 126 6 97 20 147 109 81 44 57 60 78 45 64 131 149 3 128 101 113 104 46 106 110 89 65 54 139 138 5 82 55 51 87 141 61 30 29 18 43 7 99 102 75 58 37 72 59 124 140 9 143 31 11 15 112 12 130 67 120 76 63 22 119 50 132 62 88 116 129 103 146 137 133 91 127 2 0 16 68 28 36 117 142 39 47 85 56 121 33 26 10 107 105 83 13 70 34 77 48 94 38 86 79 122 41 52 17 148 66 96 71 1 145 27 69 90 4 73 98 40 14 80 84 123 93 53 23 35 134 125 135 32 25 21 111 114 74 
Coste: 9327909
Temperatura: 52.97613614232839
Probabilidad de aceptación: 1.0
Movimiento: SI



ITERACION 120
Solucion:    19 8 144 136 95 108 24 42 118 92 100 49 115 126 6 97 20 147 109 81 44 57 60 78 45 64 131 149 3 128 148 113 104 46 106 110 89 65 54 139 138 5 82 55 51 87 141 61 30 29 18 43 7 99 102 75 58 37 72 59 124 140 9 143 31 11 15 112 12 130 67 120 76 63 22 119 50 132 62 88 116 129 103 146 137 133 91 127 2 0 16 68 28 36 117 142 39 47 85 56 121 33 26 10 107 105 83 13 70 34 77 48 94 38 86 79 122 41 52 17 101 66 96 71 1 145 27 69 90 4 73 98 40 14 80 84 123 93 53 23 35 134 125 135 32 25 21 111 114 74 
Coste: 9325099
Temperatura: 47.678522528095556
Probabilidad de aceptación: 1.830493293531423E-209
Movimiento: NO



ITERACION 121
Solucion:    19 8 144 136 95 108 24 42 118 92 100 49 115 126 6 97 20 147 109 81 44 57 60 78 45 64 131 149 3 128 148 113 104 46 106 110 89 65 54 139 138 5 82 55 51 87 141 61 30 29 18 43 7 99 102 75 58 37 72 59 124 140 9 143 31 11 15 112 12 130 67 120 76 63 22 119 50 132 62 88 116 129 103 146 137 133 91 127 2 0 16 68 28 36 117 142 39 47 85 56 121 33 26 10 107 105 83 13 70 34 77 48 94 38 86 79 122 41 52 17 101 35 96 66 1 145 27 69 90 4 73 98 40 14 80 84 71 123 53 23 93 134 125 135 32 25 21 111 114 74 
Coste: 9323454
Temperatura: 42.910670275286
Probabilidad de aceptación: 1.9571599160520186E-222
Movimiento: NO



ITERACION 122
Solucion:    19 8 144 136 95 108 24 42 118 92 100 49 115 126 6 97 20 147 109 81 44 57 60 78 45 64 131 149 3 128 148 113 104 46 106 110 89 65 54 139 138 5 82 55 51 87 141 61 30 29 18 43 7 99 102 75 58 37 72 59 124 140 9 143 31 11 15 112 12 130 67 120 76 63 22 119 50 132 62 88 116 129 103 146 137 133 91 127 2 0 16 68 28 36 117 142 39 47 85 56 121 33 26 10 107 105 83 13 70 34 77 48 94 38 86 79 122 41 52 17 101 35 66 96 1 145 27 69 90 4 73 98 40 14 80 84 71 123 53 23 93 134 125 135 32 25 21 111 114 74 
Coste: 9323047
Temperatura: 38.619603247757404
Probabilidad de aceptación: 0.0
Movimiento: NO



ITERACION 123
Solucion:    19 8 144 136 95 108 24 42 118 92 100 49 115 126 6 97 20 147 109 81 44 57 60 78 45 64 131 149 3 128 148 113 104 46 106 110 89 65 54 139 138 5 82 55 51 87 141 61 30 29 18 43 7 99 102 75 58 37 72 59 124 140 9 143 31 11 15 112 12 130 67 120 76 63 22 119 50 132 62 88 116 129 103 146 137 133 91 127 2 0 16 68 28 36 117 142 39 47 85 56 121 33 26 10 107 105 83 13 70 34 77 48 94 38 86 79 122 41 52 17 101 35 66 93 1 145 27 69 90 4 73 98 40 14 80 84 71 123 96 23 53 134 125 135 32 25 21 111 114 74 
Coste: 9322389
Temperatura: 34.75764292298167
Probabilidad de aceptación: 5.7753241625295306E-276
Movimiento: NO



ITERACION 124
Solucion:    19 8 144 136 95 108 24 42 118 92 100 49 115 126 6 97 20 147 109 81 44 57 60 78 45 64 131 149 3 128 148 113 104 46 106 110 89 65 54 139 138 5 82 55 51 87 141 61 30 29 18 43 7 99 102 75 58 37 72 59 124 140 9 143 31 11 15 112 12 130 67 120 76 63 22 119 1 132 62 88 116 129 103 146 137 133 91 127 2 0 16 68 28 36 117 142 39 47 85 56 121 33 26 10 107 105 83 13 70 34 77 48 94 38 86 79 122 41 52 17 101 35 66 93 53 145 27 69 90 4 73 98 40 14 80 84 71 123 96 23 50 134 125 135 32 25 21 111 114 74 
Coste: 9320753
Temperatura: 31.2818786306835
Probabilidad de aceptación: 1.652529210714499E-230
Movimiento: NO



ITERACION 125
Solucion:    19 8 144 136 95 108 24 42 118 92 100 49 115 126 6 97 20 147 109 81 44 57 60 78 45 64 131 149 3 128 148 113 104 46 106 110 89 65 54 139 138 5 82 55 51 87 141 61 30 29 18 43 7 99 102 75 58 37 72 59 124 140 9 143 31 11 15 112 12 130 67 120 76 63 22 119 1 132 62 88 116 129 103 146 137 133 91 127 2 0 16 68 28 36 117 142 39 47 85 56 121 33 26 10 107 105 83 13 70 34 77 145 48 94 86 79 122 41 52 17 101 35 66 93 53 135 27 38 90 4 73 98 40 14 80 84 71 123 96 23 69 134 125 50 32 25 21 111 114 74 
Coste: 9319156
Temperatura: 28.153690767615153
Probabilidad de aceptación: 7.061107209449634E-161
Movimiento: NO



ITERACION 126
Solucion:    19 8 144 136 95 108 24 42 118 92 100 49 115 126 6 97 20 147 109 81 44 57 60 78 45 64 131 149 3 128 148 113 104 46 106 110 89 65 54 139 138 5 82 55 51 87 141 61 30 29 18 43 7 99 102 75 58 37 72 59 124 140 9 143 31 11 15 112 12 130 67 120 76 63 22 119 1 132 62 88 116 129 103 146 137 133 91 127 2 0 16 68 28 36 117 142 39 47 85 56 121 33 26 10 107 105 83 13 70 34 77 145 48 94 86 79 122 41 52 17 101 35 66 93 53 135 27 38 90 4 73 98 40 14 80 84 71 123 96 23 69 134 125 50 32 25 21 111 114 74 
Coste: 9319156
Temperatura: 25.33832169085364
Probabilidad de aceptación: 0.0
Movimiento: NO



ITERACION 127
Solucion:    19 8 144 136 95 108 24 42 118 92 100 49 115 126 6 97 20 147 109 81 44 57 60 78 45 64 131 149 3 128 148 113 104 46 106 110 89 65 54 139 138 5 82 55 51 87 141 61 30 29 18 43 7 99 102 75 58 37 72 59 124 140 9 143 31 11 15 112 12 130 67 120 76 63 22 119 1 132 62 88 116 129 103 146 137 133 91 127 2 0 16 68 28 36 117 142 39 47 85 56 121 33 26 10 107 105 83 13 70 34 77 38 48 94 86 79 122 41 52 17 101 35 66 93 53 135 27 145 90 4 73 98 40 14 80 84 71 123 96 23 69 134 125 50 32 25 21 111 114 74 
Coste: 9318958
Temperatura: 22.804489521768275
Probabilidad de aceptación: 0.0
Movimiento: NO



ITERACION 128
Solucion:    19 8 144 136 95 108 24 42 118 92 100 49 115 126 6 97 20 147 109 81 44 57 60 78 45 64 131 149 3 128 148 113 104 46 106 110 89 65 54 139 138 5 82 55 51 87 141 61 30 29 18 43 7 99 102 75 58 37 72 59 124 140 9 143 31 11 15 112 12 130 67 120 76 63 22 119 1 132 62 88 116 129 103 146 137 133 91 127 2 0 16 68 28 36 117 142 39 47 85 56 121 33 26 10 107 105 83 13 70 34 77 38 48 90 86 79 122 41 52 17 101 35 66 93 53 135 27 145 125 4 73 98 40 14 80 84 71 123 96 23 69 134 94 50 32 25 21 111 114 74 
Coste: 9318357
Temperatura: 20.52404056959145
Probabilidad de aceptación: 2.662089365641745E-221
Movimiento: NO



ITERACION 129
Solucion:    19 8 144 136 95 108 24 42 118 92 100 49 115 126 6 97 20 147 109 81 44 57 60 78 45 64 131 149 3 128 148 113 104 46 106 110 89 65 54 139 138 5 82 55 51 87 141 61 30 29 18 43 7 99 102 75 58 37 72 59 124 140 9 143 31 11 15 112 12 130 67 120 76 63 22 119 1 132 62 88 116 129 103 146 137 133 91 127 2 0 16 68 28 36 117 142 39 47 85 56 121 33 26 10 107 105 83 13 70 34 77 38 48 90 86 79 122 4 52 17 101 35 66 93 53 135 27 145 125 41 73 98 40 14 80 84 71 123 96 23 69 134 94 50 32 25 21 111 114 74 
Coste: 9317625
Temperatura: 18.471636512632305
Probabilidad de aceptación: 7.983657632584036E-196
Movimiento: NO



ITERACION 130
Solucion:    19 8 144 136 95 108 24 42 118 92 100 49 115 126 6 97 20 147 109 81 44 57 60 78 45 64 131 149 3 128 148 113 104 46 106 110 89 65 54 139 138 5 82 55 51 87 141 61 30 29 18 43 7 99 102 75 58 37 72 59 124 140 9 143 31 11 15 112 12 130 67 120 76 63 22 119 1 132 62 88 116 129 103 146 137 133 91 127 2 0 16 68 28 36 117 142 39 47 85 56 121 33 26 10 107 105 83 13 70 34 77 38 48 90 86 79 122 73 52 17 101 35 66 93 53 135 27 145 125 41 32 98 40 14 80 84 71 123 96 23 69 134 94 50 4 25 21 111 114 74 
Coste: 9316313
Temperatura: 16.624472861369075
Probabilidad de aceptación: 1.599588400581218E-96
Movimiento: NO



ITERACION 131
Solucion:    19 8 144 136 95 108 24 42 118 92 100 49 115 126 6 97 20 147 109 81 44 57 60 78 45 64 131 149 3 128 148 113 104 46 106 110 89 65 54 139 138 5 82 55 51 87 141 61 30 29 18 43 7 99 102 75 58 37 72 59 124 140 9 143 31 11 15 112 12 130 67 120 76 63 22 119 1 132 62 88 116 129 103 146 137 133 91 127 2 0 16 68 28 36 117 142 39 47 85 56 121 33 26 10 107 105 83 13 70 34 77 38 48 90 86 79 122 98 52 17 101 35 66 93 53 135 27 145 125 41 32 40 73 14 80 84 71 123 96 23 69 134 94 50 4 25 21 111 114 74 
Coste: 9315102
Temperatura: 14.962025575232168
Probabilidad de aceptación: 3.8021789866850027E-62
Movimiento: NO



ITERACION 132
Solucion:    19 8 144 136 95 108 24 42 118 92 100 49 115 126 6 97 20 147 109 81 44 57 60 78 45 64 131 149 3 128 148 113 104 46 106 110 89 65 54 139 138 5 82 55 51 87 141 61 30 29 18 43 7 99 102 75 58 37 72 59 124 140 9 143 31 11 15 112 12 130 67 120 76 63 22 119 1 132 62 88 116 129 103 146 137 133 91 127 2 0 16 68 28 36 117 142 39 47 85 56 121 33 26 10 107 105 83 13 70 34 77 38 48 90 86 79 122 98 52 17 101 35 66 93 53 135 27 145 125 41 32 40 21 14 80 84 71 123 96 23 69 134 94 50 4 25 73 111 114 74 
Coste: 9314232
Temperatura: 13.465823017708951
Probabilidad de aceptación: 1.0996504732392313E-45
Movimiento: NO



ITERACION 133
Solucion:    19 8 144 14 95 108 24 42 118 92 100 49 115 126 6 97 20 147 109 81 44 57 60 78 45 64 131 149 3 128 148 113 104 46 106 110 89 65 54 139 138 5 82 55 51 87 141 61 30 29 18 43 7 99 102 75 58 37 72 59 124 140 9 143 31 11 15 112 12 130 67 120 76 63 22 119 1 132 62 88 116 129 103 146 137 133 91 127 2 0 16 68 28 36 117 142 39 47 85 56 121 33 26 10 107 105 83 13 70 34 77 38 48 90 86 79 122 98 52 17 101 35 66 93 53 135 27 145 125 41 32 40 21 74 80 84 71 123 96 23 69 134 94 50 4 25 73 136 111 114 
Coste: 9308832
Temperatura: 12.119240715938057
Probabilidad de aceptación: 1.0
Movimiento: SI



ITERACION 134
Solucion:    19 8 144 14 95 108 24 42 118 92 100 49 115 126 6 97 20 147 109 81 44 57 60 78 45 64 131 149 3 128 148 113 104 46 106 110 89 65 54 139 138 5 82 55 51 87 141 61 30 29 18 43 7 99 102 75 58 37 72 59 124 140 9 143 31 11 15 112 12 130 67 120 76 63 80 119 1 132 62 88 116 129 103 146 137 133 91 127 2 0 16 68 28 36 117 142 39 47 85 56 121 33 26 10 107 105 83 13 70 34 77 38 48 90 86 79 122 22 52 17 101 35 66 93 53 135 27 145 125 41 32 40 21 74 114 84 71 123 96 23 69 134 94 50 4 25 73 136 98 111 
Coste: 9304605
Temperatura: 10.90731664434425
Probabilidad de aceptación: 1.0
Movimiento: SI



ITERACION 135
Solucion:    19 8 144 14 95 108 24 42 118 92 100 49 115 126 6 97 20 147 109 81 44 57 60 78 45 64 131 149 3 128 148 113 104 46 106 110 89 65 54 139 138 5 82 55 51 87 141 61 30 29 18 43 7 99 102 75 58 37 72 59 124 140 9 143 31 11 15 112 12 130 67 120 76 63 80 119 1 132 62 88 116 129 103 146 137 133 91 127 2 0 16 68 28 36 117 142 39 47 85 56 121 33 26 10 107 105 83 13 70 34 77 38 48 90 86 79 122 22 52 17 101 35 66 93 53 135 27 145 125 41 32 40 21 74 114 84 71 123 96 23 69 134 94 50 4 25 73 136 98 111 
Coste: 9304605
Temperatura: 9.816584979909825
Probabilidad de aceptación: 0.0
Movimiento: NO



ITERACION 136
Solucion:    19 8 144 14 95 108 24 42 118 92 100 49 115 126 6 97 20 147 109 81 44 57 60 78 45 64 131 149 3 128 148 113 104 46 106 110 89 65 54 139 138 5 82 55 51 87 141 61 71 29 18 43 7 99 102 75 58 37 72 59 124 140 9 143 31 11 15 112 12 130 67 120 76 63 80 119 1 132 62 88 116 129 103 146 137 133 91 127 2 0 16 68 28 36 117 142 39 47 85 56 121 33 26 10 107 105 83 13 70 34 77 38 48 90 86 79 122 22 52 17 101 30 66 93 53 135 27 145 125 41 32 40 21 74 114 84 35 123 96 23 69 134 94 50 4 25 73 136 98 111 
Coste: 9302244
Temperatura: 8.834926481918842
Probabilidad de aceptación: 0.0
Movimiento: NO



ITERACION 137
Solucion:    19 8 144 14 95 108 24 42 118 92 100 49 115 126 6 97 123 147 109 81 44 57 60 78 45 64 131 149 3 128 148 113 104 46 106 110 89 65 54 139 138 5 82 55 51 87 141 61 71 29 18 43 7 99 102 75 58 37 72 59 124 140 9 143 31 11 15 112 12 130 67 120 76 63 80 119 1 132 62 88 116 129 103 146 137 133 91 127 2 0 16 68 28 36 117 142 39 47 85 56 121 33 26 10 107 105 83 13 70 34 77 38 48 90 86 79 122 22 52 17 101 30 66 93 53 20 27 145 125 41 32 40 21 74 114 84 135 35 96 23 69 134 94 50 4 25 73 136 98 111 
Coste: 9298785
Temperatura: 7.951433833726958
Probabilidad de aceptación: 0.0
Movimiento: NO



ITERACION 138
Solucion:    19 8 144 14 95 108 24 42 118 92 100 49 115 126 6 97 123 147 109 81 44 57 60 78 45 64 131 149 3 128 148 113 104 46 106 110 89 65 54 139 138 5 82 55 51 87 141 61 71 29 18 43 7 99 102 75 58 37 72 59 124 140 9 143 31 11 15 112 12 130 67 120 76 63 80 119 1 132 62 88 116 129 103 146 137 133 91 127 2 0 16 68 28 36 117 142 39 47 85 56 121 33 26 10 107 105 83 13 70 34 77 38 48 90 86 79 122 22 52 17 101 30 66 93 96 53 27 145 125 41 32 40 21 74 114 84 135 35 20 23 69 134 94 50 4 25 73 136 98 111 
Coste: 9297183
Temperatura: 7.156290450354263
Probabilidad de aceptación: 0.0
Movimiento: NO



ITERACION 139
Solucion:    19 8 144 14 95 108 24 42 118 92 100 49 115 126 6 97 123 147 109 81 44 57 60 78 45 64 131 149 3 128 148 113 104 46 106 110 89 65 54 139 138 5 82 55 51 87 141 61 71 29 18 43 7 99 102 75 58 37 72 59 124 140 9 143 31 11 15 112 12 130 67 120 76 63 80 119 1 132 62 88 116 129 103 146 137 133 91 127 2 0 16 68 28 36 117 142 39 47 85 56 121 33 26 10 107 105 83 13 70 34 77 38 48 90 86 79 122 22 52 17 101 30 66 93 96 53 27 145 125 41 32 40 21 74 114 84 135 35 20 23 69 134 94 50 4 25 73 136 98 111 
Coste: 9297183
Temperatura: 6.440661405318837
Probabilidad de aceptación: 0.0
Movimiento: NO



ITERACION 140
Solucion:    19 8 144 14 95 108 24 42 118 92 100 49 115 126 6 97 123 147 109 81 44 57 60 78 45 64 131 149 3 128 148 113 104 46 106 110 89 65 54 139 138 5 82 55 51 87 141 61 71 29 18 43 7 99 102 75 58 37 72 59 124 140 9 143 31 11 15 112 12 130 67 120 76 63 80 119 1 132 62 88 116 129 103 146 137 133 91 127 2 0 16 68 28 36 117 142 39 47 85 56 121 33 26 10 107 105 83 13 70 34 77 38 48 90 86 79 122 22 52 17 101 30 66 93 96 53 27 145 125 41 32 40 21 74 114 84 135 35 20 23 50 69 94 134 4 25 73 136 98 111 
Coste: 9295589
Temperatura: 5.796595264786953
Probabilidad de aceptación: 0.0
Movimiento: NO



ITERACION 141
Solucion:    19 8 144 14 95 108 24 42 118 92 100 49 115 126 6 97 123 147 109 81 44 57 60 78 45 64 131 149 3 128 148 113 104 46 106 110 89 65 54 139 138 5 82 55 51 87 141 61 71 29 18 43 7 99 102 75 58 37 72 59 124 140 9 143 31 11 15 112 12 130 67 120 76 63 80 119 1 132 62 88 116 129 103 146 137 133 91 127 2 0 16 68 28 36 117 142 39 47 85 56 121 33 26 10 107 105 83 13 70 34 77 38 48 90 86 79 122 22 52 17 101 30 66 93 96 53 27 145 125 41 32 40 21 74 114 84 135 35 20 23 50 69 94 134 4 25 73 136 98 111 
Coste: 9295589
Temperatura: 5.216935738308258
Probabilidad de aceptación: 6.201816645575172E-283
Movimiento: NO



ITERACION 142
Solucion:    19 8 144 14 95 108 24 42 118 92 100 49 115 126 6 97 123 147 109 81 44 57 60 78 45 64 131 149 3 128 148 113 104 46 106 110 89 65 54 139 138 5 82 55 51 87 141 61 71 29 18 43 7 99 102 75 58 37 72 59 124 140 9 143 31 11 15 112 12 130 67 120 76 63 80 119 1 132 62 88 116 129 103 146 137 133 91 127 2 0 16 68 28 36 117 142 39 47 85 56 121 33 26 10 107 105 83 13 70 34 77 38 48 90 86 79 122 22 52 17 101 30 66 93 96 53 27 145 94 41 32 40 21 74 114 84 135 35 20 23 50 125 69 134 4 25 73 136 98 111 
Coste: 9295272
Temperatura: 4.695242164477433
Probabilidad de aceptación: 2.0722171471984092E-252
Movimiento: NO



ITERACION 143
Solucion:    19 8 144 14 95 108 134 42 118 92 100 49 115 126 6 97 123 147 109 81 44 57 60 78 45 64 131 149 3 128 148 113 104 46 106 110 89 65 54 139 138 5 82 55 51 87 141 61 71 29 18 43 7 99 102 75 58 37 72 59 124 140 9 143 31 11 15 24 12 130 67 120 76 63 80 119 1 132 62 88 116 129 103 146 137 133 91 127 2 0 16 68 28 36 117 142 39 47 85 56 121 33 26 10 107 105 83 13 70 34 77 38 48 90 86 79 122 22 52 17 101 30 66 93 96 53 27 145 112 41 32 40 21 74 114 84 135 35 20 23 50 125 69 94 4 25 73 136 98 111 
Coste: 9292152
Temperatura: 4.22571794802969
Probabilidad de aceptación: 0.0
Movimiento: NO



ITERACION 144
Solucion:    19 8 144 14 95 108 134 42 118 92 100 49 115 126 6 97 123 147 109 81 44 57 60 78 45 64 131 149 3 128 148 113 104 46 106 110 89 65 54 139 138 5 82 55 51 87 141 61 71 29 18 43 7 99 102 75 58 37 72 59 124 140 9 143 31 11 15 24 12 130 67 120 76 63 80 119 1 132 62 88 116 129 103 146 137 133 91 127 2 0 16 68 28 36 117 142 39 47 85 56 121 33 26 10 107 105 83 13 70 34 77 38 48 90 86 79 122 22 52 17 101 30 66 93 96 53 27 145 112 41 32 40 21 74 114 84 135 35 20 23 50 125 69 94 4 25 73 136 98 111 
Coste: 9292152
Temperatura: 3.803146153226721
Probabilidad de aceptación: 6.481362756250925E-86
Movimiento: NO



ITERACION 145
Solucion:    19 8 144 14 95 108 134 42 118 92 100 49 115 126 6 97 123 147 109 81 44 57 60 78 45 64 131 149 3 128 148 113 104 46 106 110 89 65 54 139 138 5 82 55 51 87 141 61 71 29 18 43 7 99 102 75 58 37 72 59 124 140 9 143 31 11 15 24 12 130 67 120 76 63 80 119 1 132 62 88 116 129 103 146 137 133 91 127 2 0 16 68 28 36 117 142 39 47 85 56 121 33 26 10 107 105 83 13 70 34 77 38 48 90 86 79 122 22 52 17 101 30 66 93 96 53 27 145 112 41 32 40 21 74 114 84 135 35 20 23 50 125 69 94 4 25 73 136 98 111 
Coste: 9292152
Temperatura: 3.422831537904049
Probabilidad de aceptación: 3.7901854134904095E-265
Movimiento: NO



ITERACION 146
Solucion:    19 8 144 14 95 108 134 42 118 92 100 49 115 126 6 97 123 147 109 81 44 57 60 78 45 64 131 149 3 128 148 113 104 46 106 110 89 65 54 139 138 5 82 55 51 87 141 61 71 29 18 43 7 99 102 75 58 37 72 59 124 140 9 143 31 11 15 24 12 130 67 120 76 63 80 119 1 132 62 88 116 129 103 146 137 133 91 127 2 0 16 68 28 36 117 142 39 47 85 56 121 33 26 10 107 105 83 13 70 34 77 38 48 90 86 79 122 22 52 17 101 30 66 93 96 53 27 145 112 41 32 40 21 74 114 84 135 35 20 23 50 125 69 94 4 25 73 136 98 111 
Coste: 9292152
Temperatura: 3.080548384113644
Probabilidad de aceptación: 0.0
Movimiento: NO



ITERACION 147
Solucion:    19 8 144 14 95 108 134 42 118 92 100 49 115 126 6 97 123 147 109 81 44 57 60 78 45 64 131 149 3 128 148 113 104 46 106 110 89 65 54 139 138 5 82 55 51 87 141 61 71 29 18 43 7 99 102 75 58 37 72 59 124 140 9 143 31 11 15 24 12 130 67 120 76 63 80 119 1 132 62 88 116 129 103 146 137 133 91 127 2 0 16 68 28 36 117 142 39 47 85 56 121 33 26 10 107 105 83 13 70 34 77 38 48 90 86 79 122 136 52 17 101 30 66 93 96 53 27 145 112 41 32 40 21 74 114 84 135 35 20 23 50 125 69 94 4 25 73 22 98 111 
Coste: 9292022
Temperatura: 2.7724935457022797
Probabilidad de aceptación: 1.6827635543415494E-134
Movimiento: NO



ITERACION 148
Solucion:    19 8 144 14 95 108 134 42 118 92 100 49 115 126 6 97 123 147 109 81 44 57 60 78 45 64 131 149 3 128 148 113 104 46 106 110 89 65 54 139 138 5 82 55 51 87 141 61 71 29 18 43 7 99 102 75 58 37 72 59 124 140 9 143 31 11 15 24 12 130 67 120 76 63 80 119 1 132 62 88 116 129 103 146 137 133 91 127 2 0 16 68 28 36 117 142 39 47 85 56 121 33 26 10 107 105 83 13 70 34 77 38 48 90 86 79 122 136 52 17 101 30 66 93 96 53 27 145 112 41 32 40 21 74 114 84 135 35 20 23 50 125 69 94 4 25 73 22 98 111 
Coste: 9292022
Temperatura: 2.495244191132052
Probabilidad de aceptación: 2.7764134767920426E-45
Movimiento: NO



ITERACION 149
Solucion:    19 8 144 14 95 108 134 42 118 92 100 49 115 126 6 97 123 147 109 81 44 57 60 78 45 64 131 149 3 128 148 113 104 46 106 110 89 65 54 139 138 5 82 55 51 87 141 61 71 29 18 43 7 99 102 75 58 37 72 59 124 140 9 143 31 11 15 24 12 130 67 120 76 63 80 119 1 132 62 88 116 129 103 146 137 133 91 127 2 0 16 68 28 36 117 142 39 47 85 56 121 33 26 10 107 105 83 13 70 34 77 38 48 90 86 79 122 136 52 17 101 30 66 93 96 53 27 145 112 41 32 40 21 74 114 84 135 35 20 23 50 125 69 94 4 25 73 22 98 111 
Coste: 9292022
Temperatura: 2.245719772018847
Probabilidad de aceptación: 1.0
Movimiento: SI



