ITERACION 0
Solucion:    57 84 132 34 9 40 122 94 93 76 144 10 2 110 100 1 92 74 121 77 137 111 33 22 73 26 21 95 24 59 139 8 83 67 79 108 91 128 47 146 35 114 14 41 103 3 23 136 61 70 88 15 28 30 82 134 126 143 113 63 44 98 87 135 46 27 36 0 69 119 130 80 55 6 123 89 81 117 48 109 65 51 12 64 42 118 141 72 138 102 75 145 68 16 54 5 49 120 53 105 43 127 140 124 148 52 62 38 149 17 71 60 13 56 96 37 50 107 45 86 116 129 112 125 39 90 32 115 85 78 11 20 4 66 147 31 106 29 104 25 58 97 99 101 142 133 131 19 18 7 
Coste: 9793378
Temperatura: 1.4700957E7
Probabilidad de aceptación: 1.0
Movimiento: SI



ITERACION 1
Solucion:    84 7 57 132 34 9 40 122 94 93 76 144 10 2 110 100 1 92 74 121 77 137 111 33 22 73 26 21 95 24 59 139 8 83 67 79 108 91 128 47 146 35 114 14 41 103 3 23 136 61 70 88 15 28 30 82 134 126 143 113 63 44 98 87 135 46 27 36 0 69 119 130 80 55 6 123 89 81 117 48 109 65 51 12 64 42 118 141 72 138 102 75 145 68 16 54 5 49 120 53 105 43 127 140 124 148 52 62 38 149 17 71 60 13 56 96 37 50 107 45 86 116 129 112 125 39 90 32 115 85 78 11 20 4 66 147 31 106 29 104 25 58 97 99 101 142 133 131 19 18 
Coste: 9773175
Temperatura: 1.32308613E7
Probabilidad de aceptación: 1.0
Movimiento: SI



ITERACION 2
Solucion:    57 84 18 7 132 34 9 40 122 94 93 76 144 10 2 110 100 1 92 74 121 77 137 111 33 22 73 26 21 95 24 59 139 8 83 67 79 108 91 128 47 146 35 114 14 41 103 3 23 136 61 70 88 15 28 30 82 134 126 143 113 63 44 98 87 135 46 27 36 0 69 119 130 80 55 6 123 89 81 117 48 109 65 51 12 64 42 118 141 72 138 102 75 145 68 16 54 5 49 120 53 105 43 127 140 124 148 52 62 38 149 17 71 60 13 56 96 37 50 107 45 86 116 129 112 125 39 90 32 115 85 78 11 20 4 66 147 31 106 29 104 25 58 97 99 101 142 133 131 19 
Coste: 9778926
Temperatura: 1.1907775170000002E7
Probabilidad de aceptación: 1.0
Movimiento: SI



ITERACION 3
Solucion:    7 57 84 19 18 132 34 9 40 122 94 93 76 144 10 2 110 100 1 92 74 121 77 137 111 33 22 73 26 21 95 24 59 139 8 83 67 79 108 91 128 47 146 35 114 14 41 103 3 23 136 61 70 88 15 28 30 82 134 126 143 113 63 44 98 87 135 46 27 36 0 69 119 130 80 55 6 123 89 81 117 48 109 65 51 12 64 42 118 141 72 138 102 75 145 68 16 54 5 49 120 53 105 43 127 140 124 148 52 62 38 149 17 71 60 13 56 96 37 50 107 45 86 116 129 112 125 39 90 32 115 85 78 11 20 4 66 147 31 106 29 104 25 58 97 99 101 142 133 131 
Coste: 9766733
Temperatura: 1.0716997653000003E7
Probabilidad de aceptación: 1.0
Movimiento: SI



ITERACION 4
Solucion:    18 7 57 84 131 19 132 34 9 40 122 94 93 76 144 10 2 110 100 1 92 74 121 77 137 111 33 22 73 26 21 95 24 59 139 8 83 67 79 108 91 128 47 146 35 114 14 41 103 3 23 136 61 70 88 15 28 30 82 134 126 143 113 63 44 98 87 135 46 27 36 0 69 119 130 80 55 6 123 89 81 117 48 109 65 51 12 64 42 118 141 72 138 102 75 145 68 16 54 5 49 120 53 105 43 127 140 124 148 52 62 38 149 17 71 60 13 56 96 37 50 107 45 86 116 129 112 125 39 90 32 115 85 78 11 20 4 66 147 31 106 29 104 25 58 97 99 101 142 133 
Coste: 9755626
Temperatura: 9645297.887700003
Probabilidad de aceptación: 1.0
Movimiento: SI



ITERACION 5
Solucion:    19 18 7 57 84 133 131 132 9 34 40 122 94 93 76 144 10 2 110 100 1 92 74 121 77 137 111 33 22 73 26 21 95 24 59 139 8 83 67 79 108 91 128 47 146 35 114 14 41 103 3 23 136 61 70 88 15 28 30 82 134 126 143 113 63 44 98 87 135 46 27 36 0 69 119 130 80 55 6 123 89 81 117 48 109 65 51 12 64 42 118 141 72 138 102 75 145 68 16 54 5 49 120 53 105 43 127 140 124 148 52 62 38 149 17 71 60 13 56 96 37 50 107 45 86 116 129 112 125 39 90 32 115 85 78 11 20 4 66 147 31 106 29 104 25 58 97 99 101 142 
Coste: 9774407
Temperatura: 8680768.098930003
Probabilidad de aceptación: 1.0
Movimiento: SI



ITERACION 6
Solucion:    131 19 18 7 57 84 142 133 132 9 34 40 122 94 93 76 144 10 2 110 100 1 92 74 121 77 137 111 33 22 73 26 21 95 24 59 139 8 83 67 79 108 91 128 47 146 35 114 14 41 103 3 23 136 61 70 88 15 28 30 82 134 126 143 113 63 44 98 87 135 46 27 36 0 69 119 130 80 55 6 123 89 81 117 48 109 65 51 12 64 42 118 141 72 138 102 75 145 68 16 54 5 49 120 53 105 43 127 140 124 148 52 62 38 149 17 71 60 13 56 96 37 50 107 45 86 116 129 112 125 39 90 32 115 85 78 11 20 4 66 147 31 106 29 104 25 58 97 99 101 
Coste: 9764486
Temperatura: 7812691.289037003
Probabilidad de aceptación: 1.0
Movimiento: SI



ITERACION 7
Solucion:    133 131 19 18 7 57 84 101 142 132 9 34 40 122 94 93 76 144 10 2 110 100 1 92 74 121 77 137 111 33 22 73 26 21 95 24 59 139 8 83 67 79 108 91 128 47 146 35 114 14 41 103 3 23 136 61 70 88 15 28 30 82 134 126 143 113 63 44 98 87 135 46 27 36 0 69 119 130 80 55 6 123 89 81 117 48 109 65 51 12 64 42 118 141 72 138 102 75 145 68 16 54 5 49 120 53 105 43 127 140 124 148 52 62 38 149 17 71 60 13 56 96 37 50 107 45 86 116 129 112 125 39 90 32 115 85 78 11 20 4 66 147 31 106 29 104 25 58 97 99 
Coste: 9794051
Temperatura: 7031422.160133303
Probabilidad de aceptación: 1.0
Movimiento: SI



ITERACION 8
Solucion:    142 133 131 19 18 7 57 84 99 101 132 9 34 40 122 94 93 76 144 10 2 110 100 1 92 74 121 77 137 111 33 22 73 26 21 95 24 59 139 8 83 67 79 108 91 128 47 146 35 114 14 41 103 3 23 136 61 70 88 15 28 30 82 134 126 143 113 63 44 98 87 135 46 27 36 0 69 119 130 80 55 6 123 89 81 117 48 109 65 51 12 64 42 118 141 72 138 102 75 145 68 16 54 5 49 120 53 105 43 127 140 124 148 52 62 38 149 17 71 60 13 56 96 37 50 107 45 86 116 129 112 125 90 39 32 115 85 78 11 20 4 66 147 31 106 29 104 25 58 97 
Coste: 9789162
Temperatura: 6328279.944119973
Probabilidad de aceptación: 1.0
Movimiento: SI



ITERACION 9
Solucion:    101 142 133 131 19 18 7 57 84 97 99 132 9 34 40 122 94 93 76 144 10 2 110 100 1 92 74 121 77 137 111 33 22 73 26 21 95 24 59 139 8 83 67 79 108 91 128 47 146 35 114 14 41 103 3 23 136 61 70 88 15 28 30 82 134 126 143 113 63 44 98 87 135 46 27 36 0 69 119 130 80 55 6 123 89 81 117 48 109 65 51 12 64 42 118 141 72 138 102 75 145 68 16 54 5 49 120 53 105 43 127 140 124 148 52 62 38 149 17 71 60 13 56 96 37 50 107 45 86 116 129 112 125 90 39 32 115 85 78 11 20 4 66 147 31 106 29 104 25 58 
Coste: 9819849
Temperatura: 5695451.949707976
Probabilidad de aceptación: 1.0
Movimiento: SI



ITERACION 10
Solucion:    99 101 142 133 131 19 18 7 57 84 58 97 132 9 34 40 122 94 93 76 144 10 2 110 100 1 92 74 121 77 137 111 33 22 73 26 21 95 24 59 139 8 83 67 79 108 91 128 47 146 35 114 14 41 103 3 23 136 61 70 88 15 28 30 82 134 126 143 113 63 44 98 87 135 46 27 36 0 69 119 130 80 55 6 123 89 81 117 48 109 65 51 12 64 42 118 141 72 138 102 75 145 68 16 54 5 49 120 53 105 43 127 140 124 148 52 62 38 149 17 71 60 13 56 96 37 50 107 45 86 116 129 112 125 90 39 32 115 85 78 11 20 4 66 147 31 106 29 104 25 
Coste: 9760260
Temperatura: 5125906.754737178
Probabilidad de aceptación: 1.0
Movimiento: SI



ITERACION 11
Solucion:    97 99 101 142 133 131 19 18 7 57 84 25 58 132 9 34 40 122 94 93 76 144 10 2 110 100 1 92 74 121 77 137 111 33 22 73 26 21 95 24 59 139 8 83 67 79 108 91 128 47 146 35 114 14 41 103 3 23 136 61 70 88 15 28 30 82 134 126 143 113 63 44 98 87 135 46 27 36 0 69 119 130 80 55 6 123 89 81 117 48 109 65 51 12 64 42 118 141 72 138 102 75 145 68 16 54 5 49 120 53 105 43 127 140 124 148 52 62 38 149 17 71 60 13 56 96 37 50 107 45 86 116 129 112 125 90 39 32 115 85 78 11 20 4 66 147 31 106 29 104 
Coste: 9769531
Temperatura: 4613316.07926346
Probabilidad de aceptación: 1.0
Movimiento: SI



ITERACION 12
Solucion:    58 97 99 101 142 133 131 19 18 7 57 84 104 25 132 9 34 40 122 94 93 76 144 10 2 110 100 1 92 74 121 77 137 111 33 22 73 26 21 95 24 59 139 8 83 67 79 108 91 128 47 146 35 114 14 41 103 3 23 136 61 70 88 15 28 30 82 134 126 143 113 63 44 98 87 135 46 27 36 0 69 119 130 80 55 6 123 89 81 117 48 109 65 51 12 64 42 118 141 72 138 102 75 145 68 16 54 5 49 120 53 105 43 127 140 124 148 52 62 38 149 17 71 60 13 56 96 37 50 107 45 86 116 129 112 125 90 39 32 115 85 78 11 20 4 66 147 31 106 29 
Coste: 9789294
Temperatura: 4151984.471337114
Probabilidad de aceptación: 1.0
Movimiento: SI



ITERACION 13
Solucion:    25 58 97 99 101 142 133 131 19 18 7 57 84 29 104 132 9 34 40 122 94 93 76 144 10 2 110 100 1 92 74 121 77 137 111 33 22 73 26 21 95 24 59 139 8 83 67 79 108 91 128 47 146 35 114 14 41 103 3 23 136 61 70 88 15 28 30 82 134 126 143 113 63 44 98 87 135 46 27 36 0 69 119 130 80 55 6 123 89 81 117 48 109 65 51 12 64 42 118 141 72 138 102 75 145 68 16 54 5 49 120 53 105 43 127 140 124 148 52 62 38 149 17 71 60 13 56 96 37 50 107 45 86 116 129 112 125 90 39 32 115 85 78 11 20 4 66 147 31 106 
Coste: 9772505
Temperatura: 3736786.0242034025
Probabilidad de aceptación: 1.0
Movimiento: SI



ITERACION 14
Solucion:    104 25 58 97 99 101 142 133 131 19 18 7 57 84 106 29 132 9 34 40 122 94 93 76 144 10 2 110 100 1 92 74 121 77 137 111 33 22 73 26 21 95 24 59 139 8 83 67 79 108 91 128 47 146 35 114 14 41 103 3 23 136 61 70 88 15 28 30 82 134 126 143 113 63 44 98 87 135 46 27 36 0 69 119 130 80 55 6 123 89 81 117 48 109 65 51 12 64 42 118 141 72 138 102 75 145 68 16 54 5 49 120 53 105 43 127 140 124 148 52 62 38 149 17 71 60 13 56 96 37 50 107 45 86 116 129 112 125 90 39 32 115 85 78 11 20 4 66 147 31 
Coste: 9783880
Temperatura: 3363107.421783062
Probabilidad de aceptación: 1.0
Movimiento: SI



ITERACION 15
Solucion:    29 104 25 58 97 99 101 142 133 131 19 18 7 57 84 31 106 132 9 34 40 122 94 93 76 144 10 2 110 100 1 92 74 121 77 137 111 33 22 73 26 21 95 24 59 139 8 83 67 79 108 91 128 47 146 35 114 14 41 103 3 23 136 61 70 88 15 28 30 82 134 126 143 113 63 44 98 87 135 46 27 36 0 69 119 130 80 55 6 123 89 81 117 48 109 65 51 12 64 42 118 141 72 138 102 75 145 68 16 54 5 49 120 53 105 43 127 140 124 148 52 62 38 149 17 71 60 13 56 96 37 50 107 45 86 116 129 112 125 90 39 32 115 85 78 11 20 4 66 147 
Coste: 9782130
Temperatura: 3026796.679604756
Probabilidad de aceptación: 1.0
Movimiento: SI



ITERACION 16
Solucion:    106 29 104 25 58 97 99 101 142 133 131 19 18 7 57 84 147 31 132 9 34 40 122 94 93 76 144 10 2 110 100 1 92 74 121 77 137 111 33 22 73 26 21 95 24 59 139 8 83 67 79 108 91 128 47 146 35 114 14 41 103 3 23 136 61 70 88 15 28 30 82 134 126 143 113 63 44 98 87 135 46 27 36 0 69 119 130 80 55 6 123 89 81 117 48 109 65 51 12 64 42 118 141 72 138 102 75 145 68 16 54 5 49 120 53 105 43 127 140 124 148 52 62 38 149 17 71 60 13 56 96 37 50 107 45 86 116 129 112 125 90 39 32 115 85 78 11 20 4 66 
Coste: 9777022
Temperatura: 2724117.0116442805
Probabilidad de aceptación: 1.0
Movimiento: SI



ITERACION 17
Solucion:    31 106 29 104 25 58 97 99 101 142 133 131 19 18 7 57 84 66 147 132 9 34 40 122 94 93 76 144 10 2 110 100 1 92 74 121 77 137 111 33 22 73 26 21 95 24 59 139 8 83 67 79 108 91 128 47 146 35 114 14 41 103 3 23 136 61 70 88 15 28 30 82 134 126 143 113 63 44 98 87 135 46 27 36 0 69 119 130 80 55 6 123 89 81 117 48 109 65 51 12 64 42 118 141 72 138 102 75 145 68 16 54 5 49 120 53 105 43 127 140 124 148 52 62 38 149 17 71 60 13 56 96 37 50 107 45 86 116 129 112 125 90 39 32 115 85 78 11 20 4 
Coste: 9786738
Temperatura: 2451705.3104798524
Probabilidad de aceptación: 1.0
Movimiento: SI



ITERACION 18
Solucion:    147 31 106 29 104 25 58 97 99 101 142 133 131 19 18 7 57 84 4 66 132 9 34 40 122 94 93 76 144 10 2 110 100 1 92 74 121 77 137 111 33 22 73 26 21 95 24 59 139 8 83 67 79 108 91 128 47 146 35 114 14 41 103 3 23 136 61 70 88 15 28 30 82 134 126 143 113 63 44 98 87 135 46 27 36 0 69 119 130 80 55 6 123 89 81 117 48 109 65 51 12 64 42 118 141 72 138 102 75 145 68 16 54 5 49 120 53 105 43 127 140 124 148 52 62 38 149 17 71 60 13 56 96 37 50 107 45 86 116 129 112 125 90 39 32 115 85 78 11 20 
Coste: 9759850
Temperatura: 2206534.7794318674
Probabilidad de aceptación: 1.0
Movimiento: SI



ITERACION 19
Solucion:    66 147 31 106 29 104 25 58 97 99 101 142 133 131 19 18 7 57 84 20 4 132 9 34 40 122 94 93 76 144 10 2 110 100 1 92 74 121 77 137 111 33 22 73 26 21 95 24 59 139 8 83 67 79 108 91 128 47 146 35 114 14 41 103 3 23 136 61 70 88 15 28 30 82 134 126 143 113 63 44 98 87 135 46 27 36 0 69 119 130 80 55 6 123 89 81 117 48 109 65 51 12 64 42 118 141 72 138 102 75 145 68 16 54 5 49 120 53 105 43 127 140 124 148 52 62 38 149 17 71 60 13 56 96 37 50 107 45 86 116 129 112 125 90 39 32 115 85 78 11 
Coste: 9756353
Temperatura: 1985881.3014886808
Probabilidad de aceptación: 1.0
Movimiento: SI



ITERACION 20
Solucion:    4 66 147 31 106 29 104 25 58 97 99 101 142 133 131 19 18 7 57 84 11 20 132 9 34 40 122 94 93 76 144 10 2 110 100 1 92 74 121 77 137 111 33 22 73 26 21 95 24 59 139 8 83 67 79 108 91 128 47 146 35 114 14 41 103 3 23 136 61 70 88 15 28 30 82 134 126 143 113 63 44 98 87 135 46 27 36 0 69 119 130 80 55 6 123 89 81 117 48 109 65 51 12 64 42 118 141 72 138 102 75 145 68 16 54 5 49 120 53 105 43 127 140 124 148 52 62 38 149 17 71 60 13 56 96 37 50 107 45 86 116 129 112 125 90 39 32 115 85 78 
Coste: 9782586
Temperatura: 1787293.1713398127
Probabilidad de aceptación: 1.0
Movimiento: SI



ITERACION 21
Solucion:    20 4 66 147 31 106 29 104 25 58 97 99 101 142 133 131 19 18 7 57 84 78 11 132 9 34 40 122 94 93 76 144 10 2 110 100 1 92 74 121 77 137 111 33 22 73 26 21 95 24 59 139 8 83 67 79 108 91 128 47 146 35 114 14 41 103 3 23 136 61 70 88 15 28 30 82 134 126 143 113 63 44 98 87 135 46 27 36 0 69 119 130 80 55 6 123 89 81 117 48 109 65 51 12 64 42 118 141 72 138 102 75 145 68 16 54 5 49 120 53 105 43 127 140 124 148 52 62 38 149 17 71 60 13 56 96 37 50 107 45 86 116 129 112 125 90 39 32 115 85 
Coste: 9792146
Temperatura: 1608563.8542058314
Probabilidad de aceptación: 1.0
Movimiento: SI



ITERACION 22
Solucion:    11 20 4 66 147 31 106 29 104 25 58 97 99 101 142 133 131 19 18 7 57 84 85 78 132 9 34 40 122 94 93 76 144 10 2 110 100 1 92 74 121 77 137 111 33 22 73 26 21 95 24 59 139 8 83 67 79 108 91 128 47 146 35 114 14 41 103 3 23 136 61 70 88 15 28 30 82 134 126 143 113 63 44 98 87 135 46 27 36 0 69 119 130 80 55 6 123 89 81 117 48 109 65 51 12 64 42 118 141 72 138 102 75 145 68 16 54 5 49 120 53 105 43 127 140 124 148 52 62 38 149 17 71 60 56 13 96 37 50 107 45 86 116 129 112 125 90 39 32 115 
Coste: 9801715
Temperatura: 1447707.4687852482
Probabilidad de aceptación: 1.0
Movimiento: SI



ITERACION 23
Solucion:    78 11 20 4 66 147 31 106 29 104 25 58 97 99 101 142 133 131 19 18 7 57 84 115 85 132 9 34 40 122 94 93 76 144 2 10 110 100 1 92 74 121 77 137 111 33 22 73 26 21 95 24 59 139 8 83 67 79 108 91 128 47 146 35 114 14 41 103 3 23 136 61 70 88 15 28 30 82 134 126 143 113 63 44 98 87 135 46 27 36 0 69 119 130 80 55 6 123 89 81 117 48 109 65 51 12 64 42 118 141 72 138 102 75 145 68 16 54 5 49 120 53 105 43 127 140 124 148 52 62 38 149 17 71 60 56 13 96 37 50 107 45 86 116 129 112 125 90 39 32 
Coste: 9805727
Temperatura: 1302936.7219067235
Probabilidad de aceptación: 1.0
Movimiento: SI



ITERACION 24
Solucion:    85 78 11 20 4 66 147 31 106 29 104 25 58 97 99 101 142 133 19 131 18 7 57 84 32 115 132 9 34 40 122 94 93 76 144 2 10 110 100 1 92 74 121 77 137 111 33 22 73 26 21 95 24 59 139 8 83 67 79 108 91 128 47 146 35 114 14 41 103 3 23 136 61 70 88 15 28 30 82 134 126 143 113 63 44 98 87 135 46 27 36 0 69 119 130 80 55 6 123 89 81 117 48 109 65 51 12 64 42 118 141 72 138 102 75 145 68 16 54 5 49 120 53 105 43 127 140 124 148 52 62 38 149 17 71 60 56 13 96 37 50 107 45 86 116 129 112 125 90 39 
Coste: 9826181
Temperatura: 1172643.0497160512
Probabilidad de aceptación: 1.0
Movimiento: SI



ITERACION 25
Solucion:    115 85 78 11 20 4 66 147 31 106 29 104 25 58 97 99 101 142 133 19 131 18 7 57 84 39 32 132 9 34 40 122 94 93 76 144 2 10 110 100 1 92 74 121 77 137 111 33 22 73 26 21 95 24 59 139 8 83 67 79 108 91 128 47 146 35 114 14 41 103 3 23 136 61 70 88 15 28 30 82 134 126 143 113 63 44 98 87 135 46 27 36 0 69 119 130 80 55 6 123 89 81 117 48 109 65 51 12 64 42 118 141 72 138 102 75 145 68 16 54 5 49 120 53 105 43 127 140 124 148 52 62 38 149 17 71 60 56 13 96 37 50 107 45 86 116 129 112 125 90 
Coste: 9796167
Temperatura: 1055378.7447444461
Probabilidad de aceptación: 1.0
Movimiento: SI



ITERACION 26
Solucion:    32 115 85 78 11 20 4 66 147 31 106 29 104 25 58 97 99 101 142 133 19 131 18 7 57 84 90 39 132 9 34 40 122 94 93 76 144 2 10 110 100 1 92 74 121 77 137 111 33 22 73 26 21 95 24 59 139 8 83 67 79 108 91 128 47 146 35 114 14 41 103 3 23 136 61 70 88 15 28 30 82 134 126 143 113 63 44 98 87 135 46 27 36 0 69 119 130 80 55 6 123 89 81 117 48 109 65 51 12 64 42 118 141 72 138 102 75 145 68 16 54 5 49 120 53 105 43 127 140 124 148 52 62 38 149 17 71 60 56 13 96 37 50 107 45 86 116 129 112 125 
Coste: 9815185
Temperatura: 949840.8702700016
Probabilidad de aceptación: 1.0
Movimiento: SI



ITERACION 27
Solucion:    39 32 115 85 78 11 20 4 66 147 31 106 104 29 25 58 97 99 101 142 133 19 131 18 7 57 84 125 90 132 9 34 40 122 94 93 76 144 2 10 110 100 1 92 74 121 77 137 111 33 22 73 26 21 95 24 59 139 8 83 67 79 108 91 128 47 146 35 114 14 41 103 3 23 136 61 70 88 15 28 30 82 134 126 143 113 63 44 98 87 135 46 27 36 0 69 119 130 80 55 6 123 89 81 117 48 109 65 51 12 64 42 118 141 72 138 102 75 145 68 16 54 5 49 120 53 105 43 127 140 124 148 52 62 38 149 17 71 60 56 13 96 37 50 107 45 86 116 129 112 
Coste: 9824829
Temperatura: 854856.7832430014
Probabilidad de aceptación: 1.0
Movimiento: SI



ITERACION 28
Solucion:    90 39 32 115 85 78 11 20 4 66 147 31 106 104 29 25 58 97 99 101 142 133 19 131 18 7 57 84 112 125 132 9 34 40 122 94 93 76 144 2 10 110 100 1 92 74 121 77 137 111 33 22 73 26 21 95 24 59 139 8 83 67 79 108 91 128 47 146 35 114 14 41 103 3 23 136 61 70 88 15 28 30 82 134 126 143 113 63 44 98 87 135 46 27 36 0 69 119 130 80 55 6 123 89 81 117 48 109 65 51 12 64 42 118 141 72 138 102 75 145 68 16 54 5 49 120 53 105 43 127 140 124 148 52 62 38 149 17 71 60 56 13 96 37 50 107 45 86 116 129 
Coste: 9801446
Temperatura: 769371.1049187013
Probabilidad de aceptación: 1.0
Movimiento: SI



ITERACION 29
Solucion:    125 90 39 32 115 85 78 11 20 4 66 147 31 106 104 29 25 58 97 99 101 142 133 19 131 18 7 57 84 129 112 132 9 34 40 122 94 93 76 144 2 10 110 100 1 92 74 121 77 137 111 33 22 73 26 21 95 24 59 139 8 83 67 79 108 91 128 47 146 35 114 14 41 103 3 23 136 61 70 88 15 28 30 82 134 126 143 113 63 44 98 87 135 46 27 36 0 69 119 130 80 55 6 123 89 81 117 48 109 65 51 12 64 42 118 141 72 138 102 75 145 68 16 54 5 49 120 53 105 43 127 140 124 148 52 62 38 149 17 71 60 56 13 96 37 50 107 45 86 116 
Coste: 9809996
Temperatura: 692433.9944268313
Probabilidad de aceptación: 1.0
Movimiento: SI



ITERACION 30
Solucion:    112 125 90 39 32 115 85 78 11 20 4 66 147 31 106 104 29 25 58 97 99 101 142 133 19 131 18 7 57 84 116 129 132 9 34 40 122 94 93 76 144 2 10 110 100 1 92 74 121 77 137 111 33 22 73 26 21 95 24 59 139 8 83 67 79 108 91 128 47 146 35 114 14 41 103 3 23 136 61 70 88 15 28 30 82 134 126 143 113 63 44 98 87 135 46 27 36 0 69 119 130 80 55 6 123 89 81 117 48 109 65 51 12 64 42 118 141 72 138 102 75 145 68 16 54 5 49 120 53 105 43 127 140 124 148 52 62 38 149 17 71 60 56 13 96 37 50 107 45 86 
Coste: 9835400
Temperatura: 623190.5949841482
Probabilidad de aceptación: 1.0
Movimiento: SI



ITERACION 31
Solucion:    129 112 125 90 39 32 115 85 78 11 20 4 66 147 31 106 104 29 25 58 97 99 101 142 133 19 131 18 7 57 84 86 116 132 9 34 40 122 94 93 76 144 2 10 110 100 1 92 74 121 77 137 111 33 22 73 26 21 95 24 59 139 8 83 67 79 108 91 128 47 146 35 114 14 41 103 3 23 136 61 70 88 15 28 30 82 134 126 143 113 63 44 98 87 135 46 27 36 0 69 119 130 80 55 6 123 89 81 117 48 109 65 51 12 64 42 118 141 72 138 102 75 145 68 16 54 5 49 120 53 105 43 127 140 124 148 52 62 38 149 17 71 60 56 13 96 37 50 107 45 
Coste: 9815936
Temperatura: 560871.5354857334
Probabilidad de aceptación: 1.0
Movimiento: SI



ITERACION 32
Solucion:    116 129 112 125 90 39 32 115 85 78 11 20 4 66 147 31 106 104 29 25 58 97 99 101 142 133 19 131 18 7 57 84 45 86 132 9 40 34 122 94 93 76 144 2 10 110 100 1 92 74 121 77 137 111 33 22 73 26 21 95 24 59 139 8 83 67 79 108 91 128 47 146 35 114 14 41 103 3 23 136 61 70 88 15 28 30 82 134 126 143 113 63 44 98 87 135 46 27 36 0 69 119 130 80 55 6 123 89 81 117 48 109 65 51 12 64 42 118 141 72 138 102 75 145 68 16 54 5 49 120 53 105 43 127 140 124 148 52 62 38 149 17 71 60 56 13 96 37 50 107 
Coste: 9847045
Temperatura: 504784.3819371601
Probabilidad de aceptación: 1.0
Movimiento: SI



ITERACION 33
Solucion:    86 116 129 112 125 90 39 32 115 85 78 11 20 4 66 147 31 106 104 29 25 58 97 99 101 142 133 19 131 18 7 57 84 107 45 132 9 40 34 122 94 93 76 144 2 10 110 100 1 92 74 121 77 137 111 33 22 73 26 21 95 24 59 139 8 83 67 79 108 91 128 47 146 35 114 14 41 103 3 23 136 61 70 88 15 28 30 82 134 126 143 113 63 44 98 87 135 46 27 36 0 69 119 130 80 55 6 123 89 81 117 48 109 65 51 12 64 42 118 141 72 138 102 75 145 68 16 54 5 49 120 53 105 43 127 124 140 148 52 62 38 149 17 71 60 56 13 96 37 50 
Coste: 9804545
Temperatura: 454305.9437434441
Probabilidad de aceptación: 1.0
Movimiento: SI



ITERACION 34
Solucion:    45 86 116 129 112 125 90 39 32 115 85 78 11 20 4 66 147 31 106 104 29 25 58 97 99 101 142 133 19 131 18 7 57 84 50 107 132 9 40 34 122 94 93 76 144 2 10 110 100 1 92 74 121 77 137 111 33 73 22 26 21 95 24 59 139 8 83 67 79 108 91 128 47 146 35 114 14 41 103 3 23 136 61 70 88 15 28 30 82 134 126 143 113 63 44 98 87 135 46 27 36 0 69 119 130 80 55 6 123 89 81 117 48 109 65 12 51 64 42 118 141 72 138 102 75 145 68 16 54 5 49 120 53 105 43 127 124 140 148 52 62 38 149 17 71 60 56 13 96 37 
Coste: 9779165
Temperatura: 408875.3493690997
Probabilidad de aceptación: 1.0
Movimiento: SI



ITERACION 35
Solucion:    107 45 86 116 129 112 125 90 39 32 115 85 78 11 20 4 66 147 31 106 104 29 25 58 97 99 101 142 133 19 131 18 7 57 84 37 50 132 9 40 34 122 94 93 76 144 2 10 110 100 1 92 74 121 77 137 111 33 73 22 26 21 95 24 59 139 8 83 67 79 108 91 128 47 146 35 114 14 41 103 3 23 136 61 70 88 15 28 30 82 134 126 143 113 63 44 98 87 135 46 27 36 0 69 119 130 80 55 6 123 89 81 117 48 109 65 12 51 64 42 118 141 72 138 102 75 145 68 16 54 5 49 120 53 105 43 127 124 140 148 52 62 38 149 17 71 60 56 13 96 
Coste: 9805080
Temperatura: 367987.81443218974
Probabilidad de aceptación: 1.0
Movimiento: SI



ITERACION 36
Solucion:    50 107 45 86 116 129 112 125 90 39 32 115 85 78 11 20 4 66 147 31 106 104 29 25 58 97 99 101 142 133 19 131 18 7 57 84 96 37 132 9 40 34 122 94 93 76 144 2 10 110 100 1 92 74 121 77 137 111 33 73 22 26 21 95 24 59 139 8 83 67 79 108 91 128 47 146 35 114 14 41 103 3 23 136 61 70 88 15 28 30 82 134 126 143 113 63 44 98 87 135 46 27 36 0 69 119 130 80 55 6 123 89 81 117 48 109 65 12 51 64 42 118 141 72 138 102 75 145 68 16 54 5 49 120 53 105 43 127 124 140 148 52 62 38 149 17 71 60 56 13 
Coste: 9800673
Temperatura: 331189.03298897075
Probabilidad de aceptación: 1.0
Movimiento: SI



ITERACION 37
Solucion:    37 50 107 45 86 116 129 112 125 90 39 32 115 85 78 11 20 4 66 147 31 106 104 29 25 58 97 99 101 142 19 133 131 18 7 57 84 13 96 132 9 40 34 122 94 93 76 144 2 10 110 100 1 92 74 121 77 137 111 33 73 22 26 21 95 24 59 139 8 83 67 79 108 91 128 47 146 35 114 14 41 103 3 23 136 61 70 88 15 28 30 82 134 126 143 113 63 44 98 87 135 46 27 36 0 69 119 130 80 55 6 123 89 81 117 48 109 65 12 51 64 42 118 141 72 138 102 75 145 68 16 54 5 49 120 53 105 43 127 124 140 148 52 62 38 149 17 71 60 56 
Coste: 9782191
Temperatura: 298070.12969007366
Probabilidad de aceptación: 1.0
Movimiento: SI



ITERACION 38
Solucion:    96 37 50 107 45 86 116 129 112 125 90 39 32 115 85 78 11 20 4 66 147 31 106 104 29 25 58 97 99 101 142 19 133 131 18 7 57 84 56 13 132 9 40 34 122 94 93 76 144 2 10 110 100 1 92 74 121 77 137 111 33 73 22 26 21 95 24 59 139 8 83 67 79 108 91 128 47 146 35 114 14 41 103 3 23 136 61 70 88 15 28 30 82 134 126 143 113 63 44 98 87 135 46 27 36 0 69 119 130 80 55 6 123 89 81 117 48 109 65 12 51 64 42 118 141 72 138 102 75 145 68 16 54 5 49 120 53 105 43 127 124 140 148 52 62 38 149 17 71 60 
Coste: 9793431
Temperatura: 268263.1167210663
Probabilidad de aceptación: 1.0
Movimiento: SI



ITERACION 39
Solucion:    13 96 37 50 107 45 86 116 129 112 125 90 39 32 115 85 78 11 20 4 66 147 31 106 104 29 25 58 97 99 101 142 19 133 131 18 7 57 84 60 56 132 9 40 34 122 94 93 76 144 2 10 110 100 1 92 74 121 77 137 111 33 73 22 26 21 95 24 59 139 8 83 67 79 108 91 128 47 146 35 114 14 41 103 3 23 136 61 70 88 15 28 30 82 134 126 143 113 63 44 98 87 135 46 27 0 36 69 119 130 80 55 6 123 89 81 117 48 109 65 12 51 64 42 118 141 72 138 102 75 145 68 16 54 5 49 120 53 105 43 127 124 140 148 52 62 38 149 17 71 
Coste: 9813766
Temperatura: 241436.80504895968
Probabilidad de aceptación: 1.0
Movimiento: SI



ITERACION 40
Solucion:    56 13 96 37 50 107 45 86 116 129 112 125 90 39 32 115 85 78 11 20 4 66 147 31 106 104 29 25 58 97 99 101 142 19 133 131 18 7 57 84 71 60 132 9 40 34 122 94 93 76 144 2 10 110 100 1 92 74 121 77 137 111 33 73 26 21 22 95 24 59 139 8 83 67 79 108 91 128 47 146 35 114 14 41 103 3 23 136 61 70 88 15 28 30 82 134 126 143 113 63 44 98 87 135 46 27 0 36 69 119 130 80 55 6 123 89 81 117 48 109 65 12 51 64 42 118 141 72 138 102 75 145 68 16 54 5 49 120 53 105 43 127 124 140 148 52 62 38 149 17 
Coste: 9808835
Temperatura: 217293.12454406373
Probabilidad de aceptación: 1.0
Movimiento: SI



ITERACION 41
Solucion:    60 56 13 96 37 50 107 45 86 116 129 112 125 90 39 32 115 85 78 11 20 4 66 147 31 106 104 29 25 58 97 99 101 142 19 133 131 18 7 57 84 17 71 132 9 40 34 122 94 93 76 144 2 10 110 100 1 92 74 121 77 137 111 33 73 26 21 22 95 24 59 139 8 83 67 108 79 91 128 47 146 35 114 14 41 103 3 23 136 61 70 88 15 28 30 82 134 126 143 113 63 44 98 87 135 46 27 0 36 69 119 130 80 55 6 123 89 81 117 48 109 65 12 51 64 42 118 141 72 138 102 75 145 68 16 54 5 49 120 53 105 43 127 124 140 148 52 62 38 149 
Coste: 9830865
Temperatura: 195563.81208965735
Probabilidad de aceptación: 1.0
Movimiento: SI



ITERACION 42
Solucion:    71 60 56 13 96 37 50 107 45 86 116 129 112 125 90 39 32 115 85 78 11 20 4 66 147 31 104 106 29 25 58 97 99 101 142 19 133 131 18 7 57 84 149 17 132 9 40 34 122 94 76 93 144 2 10 110 100 1 92 74 121 77 137 111 33 73 26 21 22 95 24 59 139 8 83 67 108 79 91 128 47 146 35 114 14 41 103 3 23 136 61 70 88 15 28 30 82 134 126 143 113 63 44 98 87 135 46 27 0 36 69 119 130 80 55 6 123 89 81 117 48 109 65 12 51 64 42 118 141 72 138 102 75 145 68 16 54 5 49 120 53 105 43 127 124 140 148 52 62 38 
Coste: 9798301
Temperatura: 176007.43088069162
Probabilidad de aceptación: 1.0
Movimiento: SI



ITERACION 43
Solucion:    17 71 60 56 13 96 37 50 107 45 86 116 129 112 125 90 39 32 115 85 78 11 20 4 66 147 31 104 106 29 25 58 97 99 101 142 19 133 18 131 7 57 84 38 149 132 9 40 122 34 94 76 93 144 2 10 110 100 1 92 74 121 77 137 111 33 73 26 21 22 95 24 59 139 8 83 67 108 79 91 128 47 146 35 114 14 41 103 3 23 136 61 70 88 15 28 30 82 134 126 143 113 63 44 98 87 135 46 27 0 36 69 119 130 80 55 6 123 89 81 117 48 109 65 12 51 64 42 118 141 72 138 102 75 145 68 16 54 5 49 120 53 105 43 127 124 140 148 52 62 
Coste: 9770196
Temperatura: 158406.68779262246
Probabilidad de aceptación: 1.0
Movimiento: SI



ITERACION 44
Solucion:    149 17 71 60 56 13 96 37 50 107 45 86 116 129 112 125 90 39 32 115 85 78 11 20 4 66 147 31 104 106 29 25 58 97 99 101 142 19 133 18 131 7 57 84 62 38 132 9 40 122 34 94 76 93 144 2 10 110 100 1 74 92 121 77 137 111 33 73 26 21 22 95 24 59 139 8 83 67 108 79 91 128 47 146 35 114 14 41 103 3 23 136 61 70 88 15 28 30 82 134 126 143 113 63 44 98 87 135 46 27 0 36 69 119 130 80 55 6 123 89 81 117 48 109 65 12 51 64 42 118 141 72 138 102 75 145 68 16 54 5 49 120 53 105 43 127 124 140 148 52 
Coste: 9811736
Temperatura: 142566.0190133602
Probabilidad de aceptación: 1.0
Movimiento: SI



ITERACION 45
Solucion:    38 149 17 71 60 56 13 96 37 50 107 45 116 86 129 112 125 90 39 115 32 85 78 11 20 4 66 147 31 104 106 29 25 58 97 99 101 142 19 133 18 131 7 57 84 52 62 132 9 40 122 34 94 76 93 144 2 10 110 100 1 74 92 121 77 137 111 33 73 26 21 22 95 24 59 139 8 83 67 108 79 91 128 47 146 35 114 14 41 103 3 23 136 61 70 88 15 28 30 82 134 126 143 113 63 44 98 87 135 46 27 0 69 36 119 130 80 55 6 123 89 81 117 48 109 65 12 51 64 42 118 141 72 138 102 75 145 68 16 54 5 49 120 53 105 43 127 124 140 148 
Coste: 9810377
Temperatura: 128309.41711202418
Probabilidad de aceptación: 1.0
Movimiento: SI



ITERACION 46
Solucion:    62 38 149 17 71 60 56 13 96 37 107 50 45 116 86 129 112 125 90 39 115 32 85 78 11 20 4 66 147 31 104 106 29 25 58 97 99 101 142 19 133 18 131 7 57 84 148 52 132 9 40 122 34 94 76 93 144 2 10 110 100 1 74 92 121 77 137 111 33 73 26 21 22 95 24 59 139 8 83 67 108 91 79 128 47 146 35 114 14 41 103 3 23 136 61 70 88 15 28 30 82 134 126 143 113 63 44 98 87 135 46 27 0 69 36 130 119 80 55 6 123 89 81 117 48 109 65 12 51 64 42 118 141 72 138 102 75 68 145 16 54 5 49 120 53 105 43 127 124 140 
Coste: 9847008
Temperatura: 115478.47540082177
Probabilidad de aceptación: 1.0
Movimiento: SI



ITERACION 47
Solucion:    52 62 38 149 17 71 60 56 13 96 37 107 50 45 116 86 112 129 125 90 39 115 32 85 78 11 20 4 66 147 31 104 106 29 25 58 97 99 101 142 19 133 18 131 7 57 84 140 148 132 9 40 122 34 94 76 93 144 2 110 10 100 1 74 92 121 77 137 111 33 73 26 21 22 95 24 59 139 8 83 67 108 91 79 128 146 47 35 114 14 41 103 3 23 136 61 70 88 15 28 30 82 134 126 143 113 63 44 98 87 135 46 27 0 69 36 130 119 80 55 6 123 89 81 117 48 109 65 12 51 64 42 118 141 72 138 102 75 68 145 16 54 5 49 120 53 105 43 127 124 
Coste: 9838487
Temperatura: 103930.6278607396
Probabilidad de aceptación: 1.0
Movimiento: SI



ITERACION 48
Solucion:    148 52 62 38 149 17 71 60 56 13 96 37 107 45 50 116 86 112 129 125 90 39 115 32 85 78 11 4 20 147 66 31 104 106 29 25 58 97 99 101 19 142 133 18 131 7 57 84 124 140 132 9 40 122 34 94 76 93 144 2 110 10 100 1 74 92 121 77 137 111 33 73 26 21 22 95 24 59 139 8 83 67 108 91 79 128 146 47 35 114 14 41 103 3 23 136 61 70 88 15 28 30 82 134 126 143 63 113 44 98 87 135 46 27 0 69 36 130 119 80 55 6 123 89 81 117 109 48 65 12 51 64 42 118 141 72 138 102 75 68 145 16 54 5 49 120 53 105 43 127 
Coste: 9814011
Temperatura: 93537.56507466563
Probabilidad de aceptación: 1.0
Movimiento: SI



ITERACION 49
Solucion:    140 148 52 62 38 149 17 71 60 13 56 96 37 107 45 50 116 86 112 129 125 90 39 115 32 85 78 11 4 20 147 66 31 104 106 29 25 58 97 99 101 19 142 133 18 131 7 57 84 127 124 132 9 40 122 34 94 76 93 144 2 110 10 100 1 74 92 121 77 137 111 33 73 26 21 22 95 24 59 139 8 83 67 108 91 79 128 146 47 35 114 14 41 103 3 136 23 61 70 88 15 28 30 82 134 126 143 63 113 44 98 135 87 46 27 0 69 36 130 119 80 55 6 123 89 81 117 109 48 65 12 51 64 42 118 72 141 138 102 75 68 145 16 54 5 49 120 53 105 43 
Coste: 9798565
Temperatura: 84183.80856719907
Probabilidad de aceptación: 1.0
Movimiento: SI



ITERACION 50
Solucion:    124 140 148 52 62 38 149 17 71 60 13 56 96 37 107 45 50 116 86 112 129 125 90 39 115 32 85 78 11 4 20 147 66 104 31 106 29 25 58 97 99 101 19 142 18 133 131 7 84 57 43 127 132 9 40 34 122 94 76 93 144 2 110 10 100 1 74 92 121 77 137 111 73 33 26 21 22 95 24 59 139 8 83 67 108 79 91 128 146 47 35 114 14 41 3 103 136 23 61 70 88 15 28 30 82 134 126 143 63 113 44 98 135 87 46 27 0 69 36 119 130 80 55 6 123 89 81 117 109 48 65 12 51 64 42 118 72 141 138 102 75 68 145 16 54 5 49 120 53 105 
Coste: 9807626
Temperatura: 75765.42771047917
Probabilidad de aceptación: 1.0
Movimiento: SI



ITERACION 51
Solucion:    127 124 140 148 52 62 38 149 17 71 60 13 56 96 37 107 45 50 116 86 112 129 125 90 39 115 32 85 78 11 4 20 147 66 104 31 106 29 25 58 97 99 101 19 142 18 133 131 7 84 57 105 43 132 9 40 34 122 94 76 93 144 2 110 10 100 1 74 92 121 77 137 111 73 33 26 21 22 95 24 59 139 8 83 67 108 79 91 128 146 47 114 35 14 41 3 103 136 23 61 70 88 15 28 30 82 134 126 143 63 113 44 98 135 87 46 27 0 69 119 36 130 80 55 6 123 89 81 117 109 48 12 65 64 51 42 118 72 141 138 102 75 68 145 16 54 5 49 120 53 
Coste: 9826901
Temperatura: 68188.88493943126
Probabilidad de aceptación: 1.0
Movimiento: SI



ITERACION 52
Solucion:    43 127 124 140 148 52 62 38 149 17 71 60 13 56 96 37 107 45 116 50 86 112 129 125 90 39 32 115 85 78 11 4 20 147 66 104 31 106 29 25 97 58 99 101 19 142 18 133 131 7 84 57 53 105 132 9 40 34 122 94 76 93 144 2 110 10 100 1 74 92 77 121 111 137 73 33 26 21 22 95 24 59 139 8 83 67 108 79 91 128 146 47 114 35 14 41 3 136 103 23 61 70 88 15 28 82 30 134 126 143 63 113 44 98 135 87 46 27 0 69 119 36 130 80 55 6 123 89 81 117 109 48 12 65 64 51 42 118 72 141 138 102 75 68 145 16 54 5 49 120 
Coste: 9834267
Temperatura: 61369.996445488134
Probabilidad de aceptación: 1.0
Movimiento: SI



ITERACION 53
Solucion:    105 43 127 124 140 148 52 62 38 149 17 71 60 13 56 96 37 107 45 116 50 86 112 129 125 90 39 32 115 85 11 78 4 20 147 104 31 66 106 29 25 97 58 99 101 19 142 18 133 131 7 84 57 120 53 132 9 40 34 122 94 76 93 2 144 110 10 100 1 74 92 77 121 111 137 73 26 33 21 22 95 24 59 139 8 67 83 108 79 128 91 146 114 47 35 14 41 136 3 103 23 61 70 15 88 28 82 30 134 126 143 63 113 98 44 135 87 46 27 0 69 119 36 80 130 55 6 123 89 81 117 109 48 12 65 64 51 118 42 72 141 138 102 75 68 145 16 54 5 49 
Coste: 9799627
Temperatura: 55232.99680093932
Probabilidad de aceptación: 1.0
Movimiento: SI



ITERACION 54
Solucion:    105 53 43 127 124 140 148 52 62 38 149 17 71 60 13 56 96 37 107 45 116 50 86 112 129 125 90 39 32 115 85 11 4 78 20 147 104 31 66 106 29 25 97 58 99 101 19 142 18 133 131 7 84 57 49 132 120 9 40 34 122 94 76 93 2 144 110 10 100 1 74 92 77 111 121 137 73 26 33 21 22 95 24 59 139 8 67 83 108 79 128 146 91 114 47 35 14 41 136 3 103 23 61 70 15 28 88 82 30 134 126 143 63 113 98 44 135 46 87 27 69 0 119 80 36 55 130 6 123 89 81 117 109 48 12 65 64 51 118 42 72 141 138 102 75 68 145 16 54 5 
Coste: 9817982
Temperatura: 49709.69712084539
Probabilidad de aceptación: 1.0
Movimiento: SI



ITERACION 55
Solucion:    132 105 53 43 127 124 140 148 52 62 38 149 17 71 60 13 56 96 37 107 45 116 50 86 112 129 125 90 39 32 115 85 11 4 78 20 147 104 31 66 106 29 25 97 58 99 101 19 142 18 133 131 7 84 57 5 49 120 9 40 34 122 94 76 93 2 144 110 10 100 1 74 92 77 111 121 137 73 26 21 33 22 95 24 59 139 8 67 83 108 79 128 146 91 114 47 35 14 41 136 3 103 23 61 70 15 28 82 88 30 134 126 143 63 113 98 44 135 46 87 69 27 0 119 80 36 55 130 6 123 81 89 117 109 48 12 65 64 51 118 42 72 141 138 102 75 68 145 16 54 
Coste: 9835282
Temperatura: 44738.72740876085
Probabilidad de aceptación: 1.0
Movimiento: SI



ITERACION 56
Solucion:    49 132 105 53 43 127 124 140 148 52 62 38 17 149 71 13 60 56 96 37 107 45 116 50 86 112 129 125 90 39 32 115 85 11 4 78 20 147 104 31 66 106 29 25 97 99 58 19 101 142 133 18 131 7 84 57 54 5 120 9 40 34 122 94 76 93 2 144 110 10 100 1 74 92 77 111 121 137 73 26 21 33 22 95 24 59 139 8 67 83 108 128 146 79 91 114 47 35 14 41 136 3 103 23 61 70 15 28 82 88 30 134 126 143 63 113 98 44 135 46 69 87 0 119 80 27 36 55 130 6 123 81 89 117 109 12 48 64 65 51 118 42 72 141 138 102 68 75 145 16 
Coste: 9818626
Temperatura: 40264.85466788477
Probabilidad de aceptación: 1.0
Movimiento: SI



ITERACION 57
Solucion:    5 49 132 105 53 43 127 124 140 148 52 62 38 17 149 71 13 60 56 96 37 107 45 116 50 86 112 125 129 90 39 32 115 85 11 4 20 78 147 104 31 66 106 29 25 97 99 58 19 101 142 133 18 131 7 84 57 16 54 9 120 40 34 122 94 76 93 2 144 110 10 100 1 74 92 77 111 121 137 73 26 21 33 95 22 24 59 139 8 67 83 128 108 146 79 91 114 47 35 14 41 136 3 103 23 61 70 15 28 82 88 30 134 126 143 63 113 98 44 135 46 69 87 0 119 80 27 55 36 130 6 81 123 89 117 109 12 48 64 65 51 118 42 72 141 138 102 68 145 75 
Coste: 9807168
Temperatura: 36238.36920109629
Probabilidad de aceptación: 1.0
Movimiento: SI



ITERACION 58
Solucion:    54 5 49 105 132 53 43 127 124 140 148 52 62 38 17 71 13 149 56 96 60 37 45 107 116 50 86 112 125 90 39 129 32 115 85 11 4 20 147 78 104 31 66 106 29 25 97 99 58 19 101 142 133 18 131 7 84 57 75 16 9 120 40 34 122 94 76 93 2 144 110 10 100 1 74 77 92 111 121 137 73 26 21 33 95 22 24 59 139 67 83 8 128 108 146 79 91 114 47 35 14 41 136 3 103 23 61 70 15 28 82 88 30 134 126 143 63 113 98 44 135 69 46 87 0 119 80 27 55 36 130 6 81 123 117 109 89 12 48 64 65 51 118 42 141 72 138 102 68 145 
Coste: 9859846
Temperatura: 32614.532280986663
Probabilidad de aceptación: 1.0
Movimiento: SI



ITERACION 59
Solucion:    16 54 5 49 105 53 43 132 127 124 140 148 52 62 17 71 38 13 56 96 60 37 149 45 116 107 50 112 86 125 90 39 129 32 115 85 11 4 20 147 78 104 31 66 106 29 97 25 99 19 58 101 133 18 142 131 7 84 57 145 75 9 120 40 34 94 76 122 93 2 144 110 10 100 1 74 77 111 121 137 73 92 26 21 95 33 22 24 59 139 67 83 8 128 108 146 79 91 114 47 35 14 41 136 3 103 23 61 70 15 28 82 88 30 134 126 143 63 113 98 135 44 69 46 0 87 119 80 27 55 36 130 6 81 123 117 109 89 12 64 65 48 51 118 42 141 72 138 102 68 
Coste: 9823405
Temperatura: 29353.079052888
Probabilidad de aceptación: 1.0
Movimiento: SI



ITERACION 60
Solucion:    75 16 5 54 49 105 53 43 132 127 140 124 148 52 62 17 71 38 13 56 96 60 37 149 45 116 107 50 86 112 125 90 39 129 32 115 85 11 4 147 20 104 78 31 66 106 29 97 25 99 19 58 101 133 18 131 142 7 84 57 68 145 9 120 40 34 94 76 122 2 93 110 10 144 100 1 74 77 111 121 137 73 92 26 21 95 33 24 22 59 67 139 83 8 128 108 146 79 91 114 47 35 41 14 136 3 103 23 61 70 15 82 28 88 30 134 126 143 63 98 113 135 44 69 0 46 87 119 80 55 27 36 130 81 6 123 117 109 89 12 65 64 48 51 118 42 141 138 72 102 
Coste: 9807563
Temperatura: 26417.7711475992
Probabilidad de aceptación: 1.0
Movimiento: SI



ITERACION 61
Solucion:    145 75 16 5 54 49 105 53 43 132 140 127 124 148 62 52 17 71 38 13 96 56 60 37 149 45 116 107 50 86 112 125 90 39 129 32 115 85 11 4 147 20 104 78 31 66 106 29 97 25 99 19 58 133 101 18 131 142 84 57 7 102 68 9 120 40 34 94 76 122 2 93 110 10 100 144 74 1 77 111 137 121 73 92 26 21 95 33 24 59 22 67 139 83 8 128 108 146 79 91 114 47 35 41 136 14 3 103 23 61 70 15 82 28 88 30 134 126 143 63 98 113 135 44 69 0 46 87 119 80 55 36 130 81 6 123 27 117 109 89 12 65 64 48 51 118 42 141 138 72 
Coste: 9791000
Temperatura: 23775.99403283928
Probabilidad de aceptación: 1.0
Movimiento: SI



ITERACION 62
Solucion:    68 145 75 16 5 54 105 53 49 43 132 140 127 124 148 62 52 17 71 38 13 96 56 60 37 149 45 116 107 50 86 112 125 90 39 129 32 115 85 11 4 147 104 20 78 31 66 106 29 97 25 99 19 58 133 18 101 131 84 142 7 57 48 102 9 120 40 94 76 34 122 2 93 110 100 10 144 74 1 77 137 111 121 73 92 26 21 95 33 24 59 22 67 139 83 8 128 108 146 79 91 114 47 35 41 136 14 3 103 61 23 15 70 82 28 88 30 126 134 143 63 98 113 135 44 69 0 46 119 80 55 87 36 130 81 6 123 27 117 109 89 12 65 64 51 118 42 141 138 72 
Coste: 9809211
Temperatura: 21398.394629555354
Probabilidad de aceptación: 0.46628677783909517
Movimiento: NO



ITERACION 63
Solucion:    102 68 145 75 16 5 105 54 53 49 43 132 140 127 124 148 62 17 52 71 38 13 96 56 60 37 149 45 116 107 50 86 112 125 90 39 129 32 115 85 11 147 4 104 20 78 31 66 106 29 97 25 19 99 133 18 58 131 84 101 142 7 48 72 57 9 120 40 94 76 34 122 2 93 110 100 10 144 74 1 77 137 111 73 121 92 26 21 95 33 24 59 22 67 139 83 8 128 146 108 79 91 114 35 47 136 41 14 3 103 61 15 70 82 23 28 88 30 126 143 134 98 63 135 113 44 69 0 46 119 80 55 87 130 36 81 6 123 27 117 109 89 12 65 64 51 118 141 138 42 
Coste: 9803905
Temperatura: 19258.55516659982
Probabilidad de aceptación: 1.0
Movimiento: SI



ITERACION 64
Solucion:    57 102 68 145 16 75 5 105 53 54 49 43 132 127 124 140 148 62 17 52 71 38 13 96 56 60 37 149 45 116 107 50 86 112 125 90 39 129 32 115 85 11 147 104 20 4 78 31 66 106 29 97 25 19 99 133 18 131 84 101 58 142 48 7 42 72 9 120 40 94 76 34 2 122 93 110 100 10 144 74 1 77 137 111 73 121 92 26 21 95 33 24 59 22 67 139 83 8 128 146 79 108 91 35 114 136 47 41 14 3 61 103 15 82 70 28 23 88 126 143 30 134 98 63 135 113 44 69 0 46 119 55 87 130 36 80 81 6 123 27 117 109 89 12 65 64 51 118 141 138 
Coste: 9793689
Temperatura: 17332.69964993984
Probabilidad de aceptación: 1.0
Movimiento: SI



ITERACION 65
Solucion:    72 102 57 68 145 16 75 5 105 53 54 49 43 132 127 124 148 140 62 17 52 71 38 13 96 56 37 60 149 45 116 107 50 86 112 125 90 39 129 115 32 85 11 104 20 147 4 78 31 66 106 29 97 19 25 99 133 18 131 84 101 58 142 48 7 138 42 9 120 40 76 94 34 2 122 93 110 100 10 144 74 1 77 137 111 121 73 26 92 21 95 33 24 59 22 67 139 83 8 146 128 79 108 91 35 114 136 47 41 14 3 61 103 15 82 70 28 23 126 88 30 143 134 98 63 135 113 44 69 0 46 119 55 87 130 36 80 81 6 123 117 109 27 12 65 64 51 118 141 89 
Coste: 9808541
Temperatura: 15599.429684945857
Probabilidad de aceptación: 1.0
Movimiento: SI



ITERACION 66
Solucion:    72 102 42 57 68 16 145 75 5 105 53 54 49 43 132 127 124 148 140 62 17 52 71 38 13 96 37 60 56 149 45 116 107 50 86 112 90 125 39 129 115 32 85 11 104 20 147 4 78 31 66 106 29 97 19 25 99 133 18 131 84 101 58 142 48 7 89 138 9 40 120 76 94 34 2 122 93 100 10 110 144 74 1 77 137 121 111 26 92 73 21 95 24 33 59 22 67 139 83 8 146 128 79 108 35 91 114 136 47 41 14 3 61 103 15 82 70 28 126 23 30 88 143 98 63 134 135 113 69 44 46 119 55 0 87 36 130 80 81 123 6 109 117 12 27 64 65 51 118 141 
Coste: 9796143
Temperatura: 14039.48671645127
Probabilidad de aceptación: 1.0
Movimiento: SI



ITERACION 67
Solucion:    72 138 102 42 68 57 16 145 75 5 105 53 49 54 43 132 127 124 148 140 62 17 52 71 38 13 96 37 60 56 45 116 149 107 50 86 112 90 125 39 115 129 32 85 104 20 11 147 4 78 31 106 66 97 29 19 25 133 99 18 84 101 58 131 142 48 7 27 89 9 40 120 76 94 34 2 122 100 93 10 110 144 74 1 77 121 137 26 111 92 21 95 73 24 33 59 67 22 83 139 8 146 128 79 108 35 91 114 136 47 14 41 3 61 103 15 82 70 28 126 23 30 143 88 98 63 135 134 69 113 46 119 44 55 0 36 130 80 81 123 87 109 6 117 12 64 65 51 118 141 
Coste: 9774702
Temperatura: 12635.538044806144
Probabilidad de aceptación: 0.06522454881544142
Movimiento: NO



ITERACION 68
Solucion:    72 89 138 102 68 42 16 57 145 75 5 105 49 53 54 43 132 127 124 148 140 62 17 52 71 38 13 96 37 60 56 45 116 107 149 50 86 112 90 125 39 115 129 32 85 104 20 147 11 4 78 31 106 97 66 29 19 25 133 99 84 18 101 58 131 142 48 7 118 27 9 40 120 76 94 34 2 122 100 10 93 110 144 74 77 1 121 26 137 111 92 21 95 24 33 73 59 67 22 83 139 8 146 128 79 108 35 91 114 136 14 47 41 3 61 103 15 82 70 28 126 23 30 143 88 98 63 135 69 134 46 119 44 113 55 36 0 130 81 80 123 109 6 87 117 12 64 51 65 141 
Coste: 9789624
Temperatura: 11371.98424032553
Probabilidad de aceptación: 0.3606400943286192
Movimiento: NO



ITERACION 69
Solucion:    72 27 138 102 68 89 16 42 57 145 75 105 49 5 53 54 43 132 127 124 148 62 140 17 52 71 38 13 96 37 60 45 116 56 107 149 50 112 86 90 125 39 115 129 32 85 20 104 147 4 78 11 31 106 97 66 19 29 25 133 99 84 18 101 58 131 48 142 118 65 9 7 40 76 120 94 34 2 122 100 10 93 110 144 74 77 1 121 26 111 92 21 95 137 24 33 73 59 67 22 83 8 139 128 146 79 108 35 91 136 114 14 47 41 3 61 103 82 15 70 28 23 126 143 88 98 30 63 135 69 134 46 119 44 55 36 113 130 81 80 123 0 109 6 87 117 12 64 51 141 
Coste: 9791190
Temperatura: 10234.785816292977
Probabilidad de aceptación: 0.20924005729724904
Movimiento: NO



ITERACION 70
Solucion:    72 9 138 102 27 68 16 89 42 57 145 105 49 5 53 54 43 132 75 124 127 148 62 140 17 52 71 38 13 96 37 60 45 116 107 149 56 50 112 86 90 125 39 115 129 32 20 85 104 147 4 78 11 106 97 31 19 66 29 25 99 133 84 101 18 58 131 48 142 118 51 65 7 40 76 120 94 34 122 100 2 10 93 110 74 144 77 1 121 26 111 92 21 95 24 33 73 59 67 137 22 8 83 139 128 146 108 35 91 136 79 114 14 41 47 3 61 103 82 15 28 23 70 126 143 98 88 63 135 69 30 134 46 119 44 36 55 113 130 81 80 123 0 109 6 87 117 64 12 141 
Coste: 9750030
Temperatura: 9211.30723466368
Probabilidad de aceptación: 0.38605902046993135
Movimiento: NO



ITERACION 71
Solucion:    72 9 138 102 27 68 16 65 89 42 145 105 49 57 5 53 54 43 132 75 124 127 148 62 140 17 52 71 38 13 96 37 45 116 60 107 149 56 50 112 86 90 125 115 129 39 20 32 85 104 147 4 78 106 11 97 31 19 66 29 25 99 84 133 101 18 58 131 48 142 118 12 51 7 40 76 94 34 120 122 100 2 10 93 110 74 144 77 1 121 111 26 92 21 95 24 33 73 59 67 137 22 8 83 128 146 139 35 91 136 79 108 114 14 41 47 3 61 82 15 28 23 70 126 143 98 103 63 88 135 69 30 134 46 119 36 44 113 55 130 81 80 123 109 0 6 117 87 64 141 
Coste: 9736296
Temperatura: 8290.176511197313
Probabilidad de aceptación: 0.2660751117934802
Movimiento: NO



ITERACION 72
Solucion:    72 51 138 102 9 27 16 68 65 89 42 145 105 49 5 53 54 43 132 57 75 124 127 148 62 140 17 52 38 71 13 96 37 45 116 107 60 149 50 56 112 86 90 125 115 39 20 129 85 32 104 147 4 106 78 11 97 31 19 66 25 99 29 84 133 18 58 131 48 101 142 118 87 12 7 40 76 94 34 122 100 2 10 93 120 110 74 77 144 1 121 26 111 92 21 95 24 33 73 59 67 137 8 22 83 146 128 139 35 91 136 79 108 14 114 41 47 3 61 15 28 82 23 70 143 98 126 63 103 88 135 69 30 134 46 36 119 113 55 130 44 80 81 109 123 0 6 117 64 141 
Coste: 9728554
Temperatura: 7461.158860077581
Probabilidad de aceptación: 0.11978504765267078
Movimiento: NO



ITERACION 73
Solucion:    12 72 138 51 102 27 16 9 68 65 89 42 105 145 49 5 53 43 54 132 57 75 124 127 148 62 140 17 38 52 71 13 96 37 45 116 107 60 149 50 56 112 86 90 125 115 20 39 85 32 104 147 129 106 4 78 11 97 31 19 25 99 29 84 133 66 18 58 131 48 101 142 118 141 87 40 76 94 34 122 100 2 10 93 7 120 110 74 77 144 1 26 111 121 92 21 24 33 95 73 67 59 137 8 22 146 128 139 35 91 136 83 79 14 108 114 41 47 61 3 28 15 82 23 143 98 70 63 103 88 135 69 126 30 134 36 119 113 55 46 130 80 44 109 81 123 6 117 64 0 
Coste: 9722166
Temperatura: 6715.042974069824
Probabilidad de aceptación: 1.0
Movimiento: SI



ITERACION 74
Solucion:    87 12 138 72 51 102 27 16 9 68 89 65 42 105 49 5 53 43 145 54 132 57 124 75 127 62 148 140 17 38 71 13 96 52 37 45 116 107 60 149 56 50 112 86 90 125 115 20 39 85 104 147 32 106 129 78 4 11 97 19 31 25 99 29 133 66 18 58 131 48 84 142 101 118 0 40 76 94 34 122 141 100 2 10 93 7 120 110 74 77 1 26 111 144 92 21 121 24 33 95 73 67 59 137 8 146 128 22 35 91 139 136 79 83 14 108 114 47 41 61 28 3 82 23 143 98 15 63 70 103 88 135 69 126 30 36 134 119 55 113 130 46 80 109 81 44 123 6 117 64 
Coste: 9714310
Temperatura: 6043.538676662842
Probabilidad de aceptación: 1.0
Movimiento: SI



ITERACION 75
Solucion:    40 87 12 138 72 51 27 102 16 9 68 65 42 105 49 89 53 43 145 54 132 57 124 75 127 62 148 140 17 38 5 13 71 96 52 45 37 107 116 149 56 60 112 50 86 90 125 115 39 20 104 147 85 32 106 129 78 4 11 97 19 31 25 99 133 66 18 58 29 131 48 142 84 118 0 6 101 76 94 34 122 100 2 141 10 7 120 110 74 77 93 1 26 144 111 21 92 121 24 33 95 67 59 137 8 73 128 146 22 35 91 139 136 79 14 108 83 114 41 61 47 3 28 23 143 82 15 98 63 103 88 135 69 126 30 70 36 134 55 113 130 46 119 80 109 44 123 81 117 64 
Coste: 9677535
Temperatura: 5439.184808996558
Probabilidad de aceptación: 0.11546597533978066
Movimiento: NO



ITERACION 76
Solucion:    101 87 40 12 138 72 27 51 16 9 102 65 42 68 105 49 53 43 89 145 54 132 124 57 75 127 148 62 17 140 38 5 13 96 52 45 71 37 107 149 116 56 112 60 50 86 90 125 115 39 20 104 147 85 106 32 78 129 4 97 19 11 31 25 99 133 66 18 58 131 48 142 84 118 0 29 64 76 94 34 6 122 100 2 10 7 120 141 74 110 77 93 1 26 144 21 92 111 121 33 24 67 59 137 8 95 73 128 146 22 35 91 139 79 14 108 83 114 136 61 41 3 47 23 28 143 15 98 63 103 88 135 69 126 30 70 82 36 134 55 113 130 46 119 109 80 123 44 81 117 
Coste: 9676538
Temperatura: 4895.266328096902
Probabilidad de aceptación: 1.0
Movimiento: SI



ITERACION 77
Solucion:    101 87 76 12 138 72 27 40 16 51 9 102 42 68 105 49 53 43 89 145 54 132 124 65 75 127 148 62 17 140 38 5 13 96 52 45 57 37 107 149 116 71 112 56 60 50 86 90 115 39 20 104 147 85 106 32 78 129 4 97 19 125 11 31 25 99 133 66 18 131 48 142 84 118 0 58 64 81 29 94 34 122 100 2 10 7 120 141 74 110 6 77 1 93 26 21 144 92 121 33 111 24 67 59 8 95 73 128 137 146 35 22 91 79 14 108 83 114 139 61 136 3 41 23 47 28 15 143 98 63 103 88 135 69 30 70 126 82 36 134 55 113 130 46 119 109 80 123 44 117 
Coste: 9641895
Temperatura: 4405.739695287211
Probabilidad de aceptación: 0.16918319606138676
Movimiento: NO



ITERACION 78
Solucion:    101 87 76 12 138 72 27 29 16 40 51 9 42 68 105 49 53 43 102 89 145 132 124 54 75 127 148 62 17 140 38 65 13 96 5 52 45 37 107 149 116 57 112 56 60 71 50 90 115 86 20 39 104 147 106 32 78 129 4 97 19 85 125 11 31 99 133 25 66 18 131 142 48 118 84 0 58 81 80 64 94 122 100 2 10 7 120 141 74 110 6 34 77 1 93 26 21 144 92 121 33 111 24 67 8 95 59 73 128 146 137 35 91 22 14 79 83 108 114 139 61 136 3 41 23 47 15 28 143 98 103 88 135 69 30 63 70 126 36 82 55 113 134 130 46 119 109 123 44 117 
Coste: 9627959
Temperatura: 3965.16572575849
Probabilidad de aceptación: 0.020201858655639622
Movimiento: NO



ITERACION 79
Solucion:    101 64 87 12 76 138 72 27 16 40 51 29 42 9 105 49 53 43 68 102 89 145 124 132 75 127 148 62 17 140 54 38 65 13 96 5 45 52 107 149 116 57 112 56 37 60 71 50 90 115 86 20 39 104 106 32 78 129 4 97 19 147 85 125 11 31 99 133 66 18 131 142 48 118 84 25 0 81 58 117 80 122 100 2 94 7 120 141 74 110 10 6 34 77 1 93 21 144 92 121 33 111 24 67 8 26 95 59 73 128 146 35 91 22 137 14 83 79 114 139 61 136 108 3 23 41 15 28 143 98 103 88 135 69 30 63 70 126 36 47 55 82 113 134 46 130 119 123 44 109 
Coste: 9609492
Temperatura: 3568.6491531826414
Probabilidad de aceptación: 1.0
Movimiento: SI



ITERACION 80
Solucion:    101 80 64 87 12 76 138 72 27 16 40 51 42 29 105 49 9 53 43 68 102 145 124 132 75 127 148 62 17 140 54 38 89 13 96 5 45 52 107 149 116 65 112 56 37 60 71 50 90 115 57 86 39 20 104 32 78 106 4 97 19 129 85 147 125 11 31 99 133 66 131 142 48 118 84 25 18 81 0 58 47 117 122 2 100 7 120 141 74 110 10 6 94 34 77 1 21 93 144 121 33 92 111 24 8 26 95 67 73 59 128 146 91 35 22 137 83 14 114 79 61 136 108 3 23 139 15 28 41 98 143 103 88 69 30 135 63 70 126 36 55 82 113 134 46 130 119 123 44 109 
Coste: 9609995
Temperatura: 3211.7842378643772
Probabilidad de aceptación: 2.6364626335350006E-4
Movimiento: NO



ITERACION 81
Solucion:    101 80 64 87 117 12 76 138 72 16 27 40 51 42 105 49 9 53 29 43 68 145 124 132 75 127 148 62 17 140 102 54 38 13 96 89 5 45 52 107 116 149 112 56 37 60 71 50 90 115 65 57 86 20 39 32 104 78 4 97 19 106 129 85 147 125 11 31 133 66 131 142 48 118 84 25 99 81 18 0 58 130 122 2 100 7 120 141 74 110 10 6 47 94 77 34 21 1 93 144 33 121 92 111 8 26 95 24 67 73 128 146 59 91 35 22 83 14 137 114 61 136 108 3 23 79 15 28 41 98 139 143 103 69 30 135 63 70 88 36 55 126 82 113 46 134 119 123 44 109 
Coste: 9585001
Temperatura: 2890.6058140779396
Probabilidad de aceptación: 0.004549940159156729
Movimiento: NO



ITERACION 82
Solucion:    101 80 64 87 122 117 12 76 138 16 72 27 40 42 105 49 9 53 29 43 68 145 124 132 51 127 148 62 17 140 102 54 38 13 75 96 5 45 89 52 107 116 112 56 37 60 71 50 90 115 65 149 86 57 20 39 32 104 4 78 97 19 106 85 129 125 147 11 31 133 131 66 142 118 84 25 99 81 18 0 58 130 109 48 2 7 120 141 74 100 10 6 47 94 77 34 110 21 1 144 33 121 92 111 8 26 95 93 67 24 73 146 128 59 91 22 83 14 35 137 61 136 108 3 23 114 15 79 28 98 41 139 103 143 30 69 63 135 70 36 88 55 82 126 46 113 134 123 119 44 
Coste: 9592982
Temperatura: 2601.5452326701457
Probabilidad de aceptación: 1.0
Movimiento: SI



ITERACION 83
Solucion:    101 80 64 87 122 117 12 48 138 16 76 72 40 42 105 49 27 53 29 43 9 68 145 124 132 127 51 148 17 140 102 54 38 13 75 96 5 45 62 89 52 107 112 56 37 60 71 50 90 115 116 65 86 57 20 39 32 104 4 78 97 19 106 85 129 125 149 147 11 31 131 133 142 118 84 25 66 81 99 18 0 58 109 134 130 2 120 141 74 7 10 6 47 94 77 100 34 21 110 1 33 121 92 111 8 26 95 93 67 24 73 146 128 59 91 22 83 14 144 35 61 136 108 3 23 114 137 15 79 98 28 139 103 143 30 69 63 135 70 36 88 55 41 82 46 126 113 123 119 44 
Coste: 9574999
Temperatura: 2341.390709403131
Probabilidad de aceptación: 0.018516700968311636
Movimiento: NO



ITERACION 84
Solucion:    101 80 64 87 122 117 12 130 48 138 16 72 40 76 105 49 27 53 29 43 9 68 145 124 42 132 127 148 17 140 102 54 38 13 75 96 5 45 62 51 52 107 112 56 37 60 71 50 90 115 89 65 116 57 20 86 32 104 4 78 39 19 106 85 129 125 97 147 149 11 131 133 142 118 84 25 66 81 31 99 18 0 58 134 119 2 120 141 109 74 10 6 7 94 77 47 100 34 21 110 33 121 92 111 8 26 95 1 67 93 24 146 73 128 91 22 83 14 59 35 61 136 108 3 23 144 114 15 79 98 137 28 139 103 143 69 63 135 70 36 30 88 55 41 46 126 113 123 82 44 
Coste: 9562239
Temperatura: 2107.251638462818
Probabilidad de aceptación: 0.11159224279857441
Movimiento: NO



ITERACION 85
Solucion:    101 80 64 87 122 117 12 130 48 138 16 72 2 76 105 49 27 53 29 43 9 68 145 40 124 132 127 148 17 42 102 54 140 13 75 96 38 45 5 62 51 107 112 56 37 52 71 50 90 115 60 89 65 57 20 86 32 104 4 78 39 19 106 85 129 125 97 147 116 11 131 149 142 118 84 25 66 81 31 133 99 0 58 18 134 103 120 141 119 74 10 6 109 94 77 7 47 100 34 21 33 121 110 111 8 92 95 26 67 1 93 146 24 128 91 73 22 14 59 83 35 136 108 3 23 61 114 15 79 98 137 28 139 144 143 69 63 135 70 36 30 88 55 41 46 126 113 123 82 44 
Coste: 9535322
Temperatura: 1896.5264746165362
Probabilidad de aceptación: 0.001968787333878848
Movimiento: NO



ITERACION 86
Solucion:    101 80 64 87 122 117 12 130 48 138 16 72 2 76 105 49 27 53 29 43 9 68 145 40 124 132 127 148 17 42 102 54 140 13 75 96 38 45 5 62 51 107 112 56 37 52 71 50 90 115 60 89 65 57 20 86 32 104 4 120 78 19 39 85 106 125 129 147 116 97 11 131 142 118 84 25 66 81 31 133 99 0 58 18 134 149 143 141 103 119 10 6 109 94 77 7 47 100 34 21 74 33 121 111 8 110 95 92 67 1 26 146 24 93 91 128 73 14 59 22 35 136 108 3 23 83 61 15 79 98 114 137 28 139 144 69 63 135 70 36 30 88 55 41 46 126 113 123 82 44 
Coste: 9520945
Temperatura: 1706.8738271548827
Probabilidad de aceptación: 0.0037733523406108696
Movimiento: NO



ITERACION 87
Solucion:    101 80 64 87 122 117 12 130 48 138 16 72 141 76 105 49 27 53 29 43 9 68 145 40 124 132 127 148 17 2 102 54 140 13 75 96 42 45 38 5 62 107 112 56 37 52 71 50 90 115 60 89 65 57 20 51 86 32 4 104 78 19 39 85 106 125 129 147 116 97 11 131 120 118 84 25 66 81 31 133 99 0 58 18 142 149 134 44 143 119 10 6 109 94 77 7 47 100 34 21 103 33 74 121 8 110 95 92 67 1 111 146 24 93 91 26 128 14 59 73 35 136 108 3 23 83 61 15 79 98 114 22 137 28 139 69 63 135 70 36 30 88 55 41 46 126 113 123 82 144 
Coste: 9520906
Temperatura: 1536.1864444393946
Probabilidad de aceptación: 1.0
Movimiento: SI



ITERACION 88
Solucion:    101 80 64 87 122 117 12 130 143 48 138 16 72 141 105 49 27 53 29 43 76 68 145 9 124 132 127 148 17 40 102 54 140 13 75 96 42 45 38 2 62 107 112 56 37 52 71 50 90 115 60 89 65 57 20 5 86 32 4 104 78 19 39 85 106 125 129 147 116 51 97 131 11 120 84 25 66 81 31 133 99 0 58 18 118 149 142 134 144 119 10 6 109 94 77 7 47 100 34 21 44 33 74 121 8 110 95 92 67 1 111 146 24 93 91 26 128 14 59 73 35 136 108 3 23 83 61 15 79 98 103 114 22 137 28 69 63 135 70 36 30 88 55 41 46 139 113 123 82 126 
Coste: 9511858
Temperatura: 1382.567799995455
Probabilidad de aceptación: 1.0
Movimiento: SI



ITERACION 89
Solucion:    101 80 119 64 87 122 117 130 143 12 48 138 16 72 105 49 27 53 29 43 76 68 145 9 124 132 127 148 17 141 102 54 140 13 75 96 40 45 42 38 62 2 112 56 37 52 71 50 90 115 60 89 65 57 20 107 86 32 5 4 78 19 39 85 106 125 129 147 116 51 104 131 11 120 97 25 66 81 31 133 99 0 58 18 118 149 142 134 144 28 10 6 109 94 77 7 47 100 34 21 44 33 74 121 84 110 95 92 67 1 111 146 24 93 91 26 128 14 59 8 35 136 108 3 23 83 61 15 79 98 73 114 103 22 137 69 63 135 70 36 30 88 55 41 46 139 113 123 82 126 
Coste: 9502645
Temperatura: 1244.3110199959096
Probabilidad de aceptación: 0.3632701277373345
Movimiento: NO



ITERACION 90
Solucion:    101 80 119 64 87 122 117 130 143 12 48 138 16 72 105 49 27 53 29 43 76 68 145 9 124 132 127 148 17 141 10 54 140 13 75 96 40 45 42 38 62 2 112 56 37 52 71 50 90 115 60 89 65 57 20 107 86 32 5 4 78 19 39 85 106 125 129 147 116 51 104 131 11 120 97 102 66 25 31 133 99 0 58 18 118 149 142 134 144 28 88 81 109 94 77 7 47 100 34 21 44 33 74 121 84 6 95 110 92 67 111 1 24 93 91 26 128 146 59 8 14 136 35 3 23 83 61 15 79 98 73 114 103 22 137 69 63 108 70 36 135 30 55 41 46 139 113 123 82 126 
Coste: 9491626
Temperatura: 1119.8799179963187
Probabilidad de aceptación: 1.3642094927167279E-11
Movimiento: NO



ITERACION 91
Solucion:    101 80 119 64 87 122 117 130 143 12 48 138 16 72 105 49 27 53 29 43 76 68 145 9 124 132 127 148 17 141 81 54 140 13 75 96 40 45 42 38 62 2 112 56 37 52 71 50 90 115 60 89 65 57 20 107 86 32 5 4 78 19 39 85 106 125 129 147 116 51 104 131 11 120 97 10 102 66 31 133 99 0 58 18 118 149 142 134 144 28 25 108 88 109 77 7 47 100 34 21 44 33 74 121 84 6 95 94 110 92 111 1 24 93 91 26 128 146 59 8 14 136 67 35 23 3 83 15 79 98 73 61 103 22 137 69 63 114 70 36 135 30 55 41 46 139 113 123 82 126 
Coste: 9481862
Temperatura: 1007.8919261966869
Probabilidad de aceptación: 2.872054618666738E-15
Movimiento: NO



ITERACION 92
Solucion:    101 88 119 64 87 122 117 130 143 12 48 138 16 72 105 49 27 53 80 43 76 68 145 9 124 132 127 148 17 141 81 54 140 13 75 96 40 45 42 38 62 2 112 56 37 29 52 71 90 115 60 89 65 57 20 107 86 32 5 4 78 19 39 50 85 125 106 147 116 51 104 131 11 120 97 129 10 102 66 133 31 0 58 18 118 149 142 99 144 28 134 25 94 109 77 7 47 100 34 108 44 33 74 121 84 6 21 95 110 92 111 1 24 93 91 26 128 146 59 8 14 136 67 35 23 3 83 15 79 98 73 61 103 22 137 69 63 114 70 36 135 30 55 41 46 139 113 123 82 126 
Coste: 9476690
Temperatura: 907.1027335770182
Probabilidad de aceptación: 1.2297258917347259E-17
Movimiento: NO



ITERACION 93
Solucion:    101 109 119 64 87 88 117 130 143 12 48 138 16 72 105 49 27 53 80 43 76 68 145 9 124 132 127 148 17 141 81 54 140 13 122 96 75 45 42 38 40 2 112 56 37 29 52 71 90 115 62 60 89 57 65 107 86 32 5 4 20 19 78 39 50 85 106 147 116 51 104 131 11 120 97 125 10 102 129 66 133 0 58 18 118 149 142 99 144 28 31 134 25 36 77 7 47 100 34 108 44 33 74 121 84 6 21 95 94 92 111 1 24 93 91 26 128 146 59 8 14 136 67 110 23 35 83 15 3 98 73 61 103 22 137 69 63 114 70 79 135 30 55 41 46 139 113 123 82 126 
Coste: 9465421
Temperatura: 816.3924602193164
Probabilidad de aceptación: 2.046948481197511E-17
Movimiento: NO



ITERACION 94
Solucion:    101 109 119 64 87 88 117 130 143 12 48 138 16 72 105 49 27 53 80 43 76 68 145 9 124 132 127 148 17 141 81 54 140 13 122 96 75 45 42 38 40 2 112 56 37 29 52 71 90 115 62 60 89 57 65 107 86 32 5 4 20 19 78 39 50 85 106 147 116 51 104 131 11 120 97 77 10 102 125 66 133 0 129 18 118 149 142 58 144 28 31 134 99 25 30 7 36 100 34 108 44 33 74 121 84 6 21 95 94 92 111 47 24 93 91 26 128 146 59 8 14 136 67 110 23 35 83 15 3 98 73 61 103 22 137 69 63 114 1 79 135 70 55 41 46 139 113 123 82 126 
Coste: 9462908
Temperatura: 734.7532141973848
Probabilidad de aceptación: 8.95390722958544E-14
Movimiento: NO



ITERACION 95
Solucion:    101 109 119 64 87 88 117 130 143 12 48 138 16 72 105 49 27 53 80 43 76 68 145 9 124 132 127 148 17 141 81 54 140 13 122 96 75 45 42 38 40 2 112 56 37 29 52 71 90 115 62 60 89 57 65 107 86 32 5 4 20 19 78 39 50 85 106 147 116 51 104 131 11 120 97 77 10 102 125 66 133 0 7 18 118 149 142 58 144 28 31 134 129 25 30 79 99 100 34 36 44 33 74 121 84 6 21 95 94 92 111 108 24 93 91 26 128 146 59 8 14 136 67 110 23 35 83 15 3 98 73 61 103 22 137 69 63 114 1 47 135 70 55 41 46 139 113 123 82 126 
Coste: 9459208
Temperatura: 661.2778927776463
Probabilidad de aceptación: 3.624952927927332E-21
Movimiento: NO



ITERACION 96
Solucion:    101 99 119 64 87 88 109 130 143 12 48 138 16 72 105 49 27 53 117 43 76 68 145 9 124 132 127 148 17 141 80 81 54 140 13 96 75 45 42 38 122 2 112 56 37 29 52 71 90 115 62 60 40 57 65 107 86 32 5 4 20 19 78 39 50 85 89 147 116 106 104 131 11 120 97 51 10 102 125 77 66 0 133 18 118 149 142 58 144 28 31 134 129 25 30 79 100 7 34 36 44 33 74 121 84 6 21 95 94 92 111 108 24 93 91 26 128 146 59 8 14 136 67 110 23 35 83 15 3 98 73 61 103 22 137 69 63 114 1 47 135 70 55 41 46 139 113 123 82 126 
Coste: 9447214
Temperatura: 595.1501034998818
Probabilidad de aceptación: 8.543163068098408E-20
Movimiento: NO



ITERACION 97
Solucion:    101 99 119 64 87 88 109 130 143 12 48 138 16 72 105 49 27 53 117 43 76 68 145 9 124 132 127 148 17 141 80 81 54 140 13 96 75 45 42 38 122 2 112 56 37 29 52 71 90 115 62 60 40 57 65 107 86 32 5 4 20 19 78 39 50 85 89 147 116 106 104 131 11 120 97 51 10 102 125 77 66 0 133 18 118 149 142 58 144 28 31 134 129 25 30 79 7 3 34 36 44 33 74 121 84 6 21 95 94 92 111 108 24 93 91 26 128 146 59 8 14 136 67 110 23 35 100 83 15 98 73 61 103 22 137 69 63 114 1 47 135 70 55 41 46 139 113 123 82 126 
Coste: 9446129
Temperatura: 535.6350931498936
Probabilidad de aceptación: 2.257649828557446E-15
Movimiento: NO



ITERACION 98
Solucion:    101 34 119 64 87 88 99 109 143 130 48 138 16 72 105 49 27 53 117 43 76 68 12 9 124 132 127 148 17 141 80 81 54 140 13 96 145 45 75 38 122 42 112 56 37 29 52 71 90 115 62 60 2 57 65 40 86 32 5 4 20 19 78 39 50 85 89 147 116 106 104 131 11 120 97 51 10 102 125 77 66 0 133 18 118 149 142 58 144 28 31 134 129 25 30 79 7 3 93 107 44 33 74 121 84 6 21 36 94 95 92 108 111 24 91 26 128 146 59 8 14 136 67 110 23 35 100 83 15 98 73 61 103 22 137 69 63 114 1 47 135 70 55 41 46 139 113 123 82 126 
Coste: 9434344
Temperatura: 482.07158383490423
Probabilidad de aceptación: 6.19498766783371E-16
Movimiento: NO



ITERACION 99
Solucion:    101 34 119 64 87 88 99 109 143 130 48 138 16 72 105 49 27 53 117 43 76 68 12 9 124 132 127 148 17 141 80 81 54 140 13 96 145 45 75 38 107 122 112 56 37 29 52 71 90 115 62 60 42 57 65 2 86 32 5 4 20 19 78 39 50 85 89 147 116 106 104 131 11 120 97 51 10 102 125 77 66 0 133 18 118 40 142 58 144 28 31 134 129 25 30 79 7 3 93 139 44 33 74 121 84 6 21 36 94 95 92 108 111 149 91 24 128 26 59 8 14 136 67 110 23 35 100 146 83 98 73 61 103 22 137 69 63 114 1 47 135 70 55 15 46 41 113 123 82 126 
Coste: 9424818
Temperatura: 433.8644254514138
Probabilidad de aceptación: 5.355978532198699E-12
Movimiento: NO



ITERACION 100
Solucion:    101 34 119 64 87 88 99 109 143 130 44 138 16 72 105 49 27 53 48 43 117 68 76 12 9 132 127 148 17 141 80 81 54 140 13 96 145 45 124 38 75 122 112 56 37 29 52 71 90 115 62 60 42 57 107 65 86 32 5 4 20 19 78 39 50 85 89 147 116 106 104 131 11 120 97 51 10 102 125 77 66 0 133 18 118 2 40 142 144 28 31 134 129 25 30 79 7 3 93 58 137 139 74 33 84 6 21 36 94 95 92 108 111 149 91 121 128 24 59 8 14 136 67 110 23 35 100 146 83 98 73 61 26 22 103 69 63 114 1 47 135 70 55 15 46 41 113 123 82 126 
Coste: 9417933
Temperatura: 390.4779829062724
Probabilidad de aceptación: 2.5499941843227195E-14
Movimiento: NO



ITERACION 101
Solucion:    101 34 119 64 87 88 99 109 143 139 130 138 16 44 105 49 27 53 48 43 72 68 76 117 9 132 127 148 17 141 80 81 54 140 13 96 145 45 124 38 12 122 112 56 37 29 52 71 90 115 62 60 75 57 42 107 86 32 5 4 20 19 78 39 50 85 89 147 65 116 104 106 11 120 97 51 10 102 125 77 66 0 133 18 131 118 40 142 144 28 31 134 129 25 30 79 7 3 93 2 137 103 74 33 84 6 21 36 94 95 58 108 92 149 111 91 128 121 24 8 14 136 67 110 23 35 100 146 59 98 73 61 83 22 26 69 63 114 1 47 135 70 55 15 46 41 113 123 82 126 
Coste: 9396641
Temperatura: 351.4301846156452
Probabilidad de aceptación: 1.4149486563971543E-10
Movimiento: NO



ITERACION 102
Solucion:    101 34 119 64 87 88 99 109 143 139 130 138 16 44 105 49 27 53 48 43 72 68 76 117 9 132 127 148 17 141 80 81 54 140 13 96 145 45 124 38 12 122 112 56 37 29 52 71 90 115 62 60 75 57 42 107 86 32 5 4 20 19 78 39 50 85 89 147 65 116 104 106 11 120 97 51 10 102 125 77 66 0 133 18 131 118 40 142 144 28 31 134 129 25 30 79 7 3 93 2 137 103 113 33 84 6 21 36 94 95 58 108 92 149 111 74 91 128 24 8 14 136 67 110 23 35 100 146 59 98 121 73 61 22 83 69 63 114 1 47 135 70 55 15 46 41 26 123 82 126 
Coste: 9391136
Temperatura: 316.2871661540807
Probabilidad de aceptación: 1.8379185159752117E-9
Movimiento: NO



ITERACION 103
Solucion:    101 34 119 64 87 88 99 109 143 139 130 138 16 44 105 49 27 53 48 43 72 68 76 117 9 132 127 148 17 141 80 81 54 140 13 96 145 45 124 38 12 122 112 56 37 29 52 71 90 115 62 60 75 57 42 107 86 32 5 4 20 19 78 39 50 85 89 147 65 116 104 106 11 120 97 51 10 102 125 77 66 0 133 18 131 118 40 142 144 28 31 134 129 25 30 79 7 3 93 2 137 103 113 26 84 6 21 36 94 95 58 108 92 149 111 74 91 128 33 8 14 136 67 110 23 35 100 146 59 98 121 73 24 22 61 69 63 114 1 47 135 70 55 15 46 41 83 123 82 126 
Coste: 9386108
Temperatura: 284.65844953867264
Probabilidad de aceptación: 1.6195722779210255E-5
Movimiento: NO



ITERACION 104
Solucion:    101 34 119 64 87 88 99 109 143 139 130 138 16 84 105 49 27 53 48 43 72 68 76 117 9 132 127 44 17 148 80 81 54 140 13 96 145 45 124 38 12 122 112 56 37 29 52 71 90 115 62 60 75 57 42 107 86 32 5 4 20 19 78 39 50 85 89 147 65 116 104 106 11 120 141 51 10 102 125 77 66 0 133 18 131 118 40 142 144 28 31 134 129 25 30 79 7 3 93 2 137 103 113 26 126 6 21 36 94 95 58 108 92 149 111 74 91 128 33 8 14 136 67 110 23 35 100 146 59 98 121 73 24 22 97 69 63 114 1 47 135 70 55 15 46 41 83 123 61 82 
Coste: 9377011
Temperatura: 256.1926045848054
Probabilidad de aceptación: 1.0
Movimiento: SI



ITERACION 105
Solucion:    101 34 119 64 87 88 99 109 143 139 130 138 16 84 105 49 27 53 48 43 72 68 76 117 9 132 127 44 17 148 80 6 54 140 13 96 145 45 124 38 12 122 112 56 37 29 52 71 90 115 62 60 75 57 42 107 86 32 5 4 20 19 78 39 50 85 89 147 65 116 104 106 11 120 141 51 10 102 125 77 66 0 133 18 131 118 40 142 144 28 31 134 129 25 30 79 7 3 93 2 137 103 113 26 126 1 21 36 94 95 58 108 92 149 111 74 91 128 33 8 14 81 67 136 110 35 100 146 59 98 121 73 24 22 97 23 63 69 114 47 135 70 55 15 46 41 83 123 61 82 
Coste: 9365552
Temperatura: 230.57334412632486
Probabilidad de aceptación: 1.0869572057796952E-56
Movimiento: NO



ITERACION 106
Solucion:    101 34 119 64 87 88 99 109 143 139 130 138 16 84 105 49 27 53 48 43 72 68 76 117 9 132 127 44 17 148 80 6 54 140 13 96 145 45 124 38 12 122 112 56 37 29 52 71 90 115 62 60 75 57 42 107 86 32 5 4 20 19 78 39 50 85 89 147 65 116 104 106 11 120 141 51 10 102 125 77 66 0 133 18 131 118 40 142 144 28 31 134 129 25 30 79 7 3 93 2 137 103 113 26 126 1 110 21 36 94 58 108 95 149 111 74 91 128 33 8 14 81 92 136 67 35 100 146 59 98 121 73 24 22 97 23 63 69 114 47 135 70 55 15 46 41 83 123 61 82 
Coste: 9364436
Temperatura: 207.51600971369237
Probabilidad de aceptación: 5.683377837865866E-76
Movimiento: NO



ITERACION 107
Solucion:    101 34 119 64 87 88 99 109 143 139 130 138 16 84 105 49 27 53 48 43 72 68 76 117 9 132 127 44 17 148 80 6 54 140 13 96 145 45 124 38 12 122 112 56 37 29 52 71 90 115 62 60 75 57 42 107 86 32 5 4 20 19 78 39 50 85 89 147 65 116 104 106 11 120 141 51 10 102 125 77 66 0 133 18 131 118 40 142 144 28 31 134 129 25 30 79 7 3 93 2 137 103 113 26 126 1 110 67 21 36 58 108 95 149 111 74 91 128 33 8 14 81 94 136 92 35 100 146 59 98 121 73 24 22 97 23 63 69 114 47 135 70 55 15 46 41 83 123 61 82 
Coste: 9362973
Temperatura: 186.76440874232313
Probabilidad de aceptación: 9.19741117739221E-59
Movimiento: NO



ITERACION 108
Solucion:    101 34 119 64 87 88 99 109 143 139 130 138 16 84 105 49 27 53 48 43 72 68 76 117 9 132 127 44 17 148 80 6 54 140 13 96 145 45 124 38 12 122 112 56 37 29 52 71 90 115 62 60 75 57 42 107 86 32 5 4 20 19 78 39 50 85 89 147 65 116 104 106 11 120 141 51 10 102 125 77 66 0 133 18 131 118 40 142 144 28 31 134 129 25 30 79 7 3 93 2 137 103 113 26 126 1 110 67 47 36 58 108 95 149 111 74 91 128 33 8 14 81 21 136 94 35 100 92 59 98 121 73 24 146 97 23 63 69 114 22 135 70 55 15 46 41 83 123 61 82 
Coste: 9357672
Temperatura: 168.08796786809083
Probabilidad de aceptación: 3.311713324549786E-89
Movimiento: NO



ITERACION 109
Solucion:    101 34 119 64 87 88 99 109 143 139 130 138 16 84 105 49 27 53 48 43 72 68 76 117 9 132 127 44 17 148 80 6 54 140 13 96 145 45 124 38 12 122 112 56 37 29 52 71 90 115 62 60 75 57 42 107 86 32 5 4 20 19 78 39 50 85 89 147 65 116 104 106 11 120 141 36 10 102 51 125 66 0 133 18 131 118 40 142 144 28 77 134 129 25 30 79 7 3 93 2 137 103 113 26 126 1 110 67 47 35 58 108 95 149 111 74 91 128 33 8 14 81 21 136 94 31 100 92 59 98 121 73 24 146 97 23 63 69 114 22 135 70 55 15 46 41 83 123 61 82 
Coste: 9354155
Temperatura: 151.27917108128176
Probabilidad de aceptación: 8.532516568805707E-49
Movimiento: NO



ITERACION 110
Solucion:    101 34 119 64 87 88 99 109 143 139 130 138 16 84 105 49 27 53 48 43 72 68 76 117 9 132 127 44 17 148 80 6 54 140 13 96 145 45 124 38 12 122 112 56 37 29 52 71 90 115 62 60 75 57 42 107 86 32 5 4 20 19 78 39 50 85 89 147 65 116 104 106 11 120 141 36 10 102 51 125 66 0 133 18 131 118 40 142 144 28 77 134 129 25 30 79 58 3 93 2 137 103 113 26 126 1 110 67 47 35 70 108 7 149 111 74 91 128 33 8 14 81 21 136 94 95 100 92 59 98 121 73 24 146 97 23 63 69 114 22 135 31 55 15 46 41 83 123 61 82 
Coste: 9352056
Temperatura: 136.1512539731536
Probabilidad de aceptación: 1.2789104677649962E-37
Movimiento: NO



ITERACION 111
Solucion:    101 34 119 64 87 88 99 108 143 139 130 138 16 84 105 49 27 53 109 43 48 68 76 72 9 132 127 44 17 148 80 6 54 140 13 96 117 45 124 38 12 122 112 56 37 29 52 71 90 115 145 60 75 57 42 107 86 32 5 4 20 19 78 39 50 85 89 147 65 116 104 106 11 120 141 36 10 102 62 125 66 0 51 18 131 118 40 142 144 28 77 134 129 25 30 79 133 3 93 2 137 103 113 26 126 1 110 67 47 35 70 100 58 149 111 74 91 128 33 8 14 81 21 136 94 95 7 92 59 98 121 73 24 146 97 23 63 69 114 22 135 31 55 15 46 41 83 123 61 82 
Coste: 9338416
Temperatura: 122.53612857583823
Probabilidad de aceptación: 3.4610917002599975E-81
Movimiento: NO



ITERACION 112
Solucion:    101 34 119 64 87 88 99 108 143 139 130 138 16 84 105 49 27 53 109 43 48 68 76 72 9 132 127 44 17 148 80 6 54 140 13 96 117 45 124 38 12 122 112 56 37 29 52 71 90 115 145 60 75 57 42 107 86 32 5 4 20 19 78 39 50 85 89 147 65 116 104 106 11 120 141 36 10 102 62 125 66 0 51 18 131 118 40 142 144 28 77 134 129 25 30 79 133 3 93 2 137 103 113 26 126 1 110 67 47 35 70 100 59 149 111 74 91 58 33 8 14 81 21 136 94 95 7 128 92 98 121 73 24 146 97 23 63 69 114 22 135 31 55 15 46 41 83 123 61 82 
Coste: 9336419
Temperatura: 110.28251571825442
Probabilidad de aceptación: 5.031093307495184E-28
Movimiento: NO



ITERACION 113
Solucion:    101 34 119 64 87 88 99 108 143 139 130 138 16 84 105 49 27 53 109 43 48 68 76 72 9 132 127 44 17 148 80 6 54 140 13 96 117 45 124 38 12 122 112 56 37 29 52 71 90 115 145 60 75 57 42 107 86 32 5 4 20 19 78 39 50 85 89 147 65 116 104 106 11 120 141 36 10 102 62 125 66 0 51 18 131 118 40 142 144 28 77 134 129 25 30 79 133 3 93 2 137 103 113 26 126 1 110 67 47 35 70 100 59 149 111 74 91 58 33 8 14 81 21 136 94 95 7 128 92 98 121 73 24 146 97 23 63 69 114 22 135 31 55 15 46 41 83 123 61 82 
Coste: 9336419
Temperatura: 99.25426414642898
Probabilidad de aceptación: 2.5103504298520295E-69
Movimiento: NO



ITERACION 114
Solucion:    101 34 119 64 87 88 99 108 143 139 130 138 16 84 105 49 27 53 109 43 48 68 76 72 9 132 127 44 17 148 80 6 54 140 13 96 117 45 124 38 12 122 112 56 37 29 52 71 90 115 145 60 75 57 42 107 86 32 5 4 20 19 78 39 50 85 89 147 65 116 104 106 11 120 141 36 10 102 62 125 66 0 51 18 131 118 40 142 144 28 77 134 129 25 30 79 133 3 93 2 137 103 113 26 126 1 110 67 47 35 70 100 59 149 41 74 91 111 33 8 14 81 21 136 94 95 7 128 58 98 121 73 24 146 97 23 63 69 114 22 135 31 55 15 46 92 83 123 61 82 
Coste: 9334236
Temperatura: 89.32883773178608
Probabilidad de aceptación: 2.5820827055969656E-52
Movimiento: NO



ITERACION 115
Solucion:    101 34 119 64 87 88 99 108 143 139 130 138 16 84 105 49 27 53 109 43 48 68 76 72 9 132 127 44 17 148 80 6 54 140 13 96 117 45 124 38 12 122 112 56 37 29 52 71 90 115 145 60 75 57 42 107 86 32 5 4 20 19 78 39 50 85 89 147 65 116 104 106 11 120 141 36 10 102 62 125 66 0 51 18 131 118 40 142 144 28 77 134 129 25 30 79 133 3 93 2 137 103 113 26 126 1 110 67 47 35 70 100 59 149 41 92 91 74 33 8 14 81 21 136 94 95 7 128 58 98 111 73 121 24 97 23 63 69 114 22 135 31 55 146 46 15 83 123 61 82 
Coste: 9329450
Temperatura: 80.39595395860748
Probabilidad de aceptación: 2.4157893612190506E-33
Movimiento: NO



ITERACION 116
Solucion:    101 34 119 64 87 88 99 108 143 139 130 138 16 84 105 49 27 53 109 43 48 68 76 72 9 132 127 44 17 148 80 6 54 140 13 96 117 45 124 38 12 122 112 56 37 29 52 71 90 115 145 60 75 57 42 107 86 32 5 4 20 19 78 39 50 85 89 147 65 116 104 106 11 120 141 36 10 102 62 125 66 0 51 18 131 118 91 142 144 28 77 134 129 25 30 79 133 3 93 40 137 103 113 26 126 1 110 67 47 35 70 100 59 149 41 92 121 2 33 8 14 81 21 136 94 95 7 128 58 98 111 74 73 24 97 23 63 69 114 22 135 31 55 146 46 15 83 123 61 82 
Coste: 9326293
Temperatura: 72.35635856274673
Probabilidad de aceptación: 8.541544142778511E-30
Movimiento: NO



ITERACION 117
Solucion:    101 34 119 64 87 88 99 108 143 139 130 138 16 84 105 49 27 53 109 43 48 68 76 72 9 132 127 44 17 148 80 6 54 140 13 96 117 45 124 38 12 122 112 56 37 29 52 71 90 115 145 60 75 57 42 107 86 32 5 4 20 19 78 39 50 85 89 147 65 116 104 106 11 120 141 36 10 102 62 125 66 0 51 18 131 118 91 142 144 28 77 134 129 25 30 79 133 3 93 40 137 103 113 26 126 1 110 67 47 35 70 100 59 149 41 92 121 24 33 8 14 81 21 136 94 95 7 128 58 98 111 74 2 73 97 23 63 69 114 22 135 31 55 146 46 15 83 123 61 82 
Coste: 9325326
Temperatura: 65.12072270647207
Probabilidad de aceptación: 2.187508322377762E-19
Movimiento: NO



ITERACION 118
Solucion:    101 34 119 64 87 88 99 108 143 139 130 138 16 84 105 49 27 53 109 43 48 68 76 72 9 132 127 44 17 148 80 6 54 140 13 96 117 45 124 38 12 122 112 56 37 29 52 71 90 115 145 60 75 57 42 107 86 32 5 4 20 19 78 39 50 85 89 147 65 116 104 106 11 120 141 36 10 102 62 125 66 0 51 18 131 118 91 142 144 28 77 134 129 25 30 79 133 3 93 40 137 103 113 26 126 1 110 67 47 35 70 100 59 149 41 92 121 24 73 8 14 81 21 136 94 95 7 128 58 98 111 74 2 33 97 23 63 69 114 22 135 31 55 146 46 15 83 123 61 82 
Coste: 9324430
Temperatura: 58.60865043582486
Probabilidad de aceptación: 7.159578444494728E-13
Movimiento: NO



ITERACION 119
Solucion:    101 34 119 64 87 88 99 108 143 139 130 138 16 84 105 49 27 53 109 43 48 68 76 72 9 132 127 44 17 148 80 6 54 140 13 96 117 45 124 38 12 122 112 56 37 29 52 71 90 115 145 60 75 57 42 107 86 32 5 4 20 19 78 39 50 85 89 147 65 116 104 106 11 120 8 36 10 102 62 125 66 0 51 18 131 118 91 142 144 28 77 134 129 25 30 79 133 3 93 40 137 103 113 26 126 1 110 67 47 35 70 100 59 149 41 92 121 24 73 82 14 81 21 136 94 95 7 128 58 98 111 74 2 141 97 23 63 69 114 22 135 31 55 146 46 15 83 123 33 61 
Coste: 9322095
Temperatura: 52.74778539224238
Probabilidad de aceptación: 1.0
Movimiento: SI



ITERACION 120
Solucion:    101 34 119 64 87 88 99 108 143 139 130 138 16 84 105 49 27 53 109 43 48 68 76 72 9 132 127 44 17 148 80 6 54 140 13 96 117 45 124 38 12 122 112 56 37 29 52 71 90 115 145 60 75 57 42 107 86 32 5 4 20 19 78 39 50 85 89 147 65 116 104 106 11 120 8 36 10 102 62 125 66 0 51 18 131 118 91 142 144 28 77 134 129 25 30 79 133 3 93 40 137 103 113 26 126 1 110 67 47 35 70 100 59 149 41 92 121 24 73 82 23 81 21 14 94 95 7 128 58 98 111 74 2 141 97 136 63 69 114 22 135 31 55 146 46 15 83 123 33 61 
Coste: 9320031
Temperatura: 47.47300685301814
Probabilidad de aceptación: 6.324621283505793E-269
Movimiento: NO



ITERACION 121
Solucion:    101 34 119 64 87 88 99 108 143 139 130 138 16 84 105 49 27 53 109 43 48 68 76 72 9 132 127 44 17 148 80 6 54 140 13 96 117 45 124 38 12 122 112 56 37 29 52 71 90 115 145 60 75 57 42 107 86 32 5 4 20 19 78 39 50 85 89 147 65 116 104 106 11 120 8 36 10 102 62 125 66 0 51 18 131 118 91 142 144 28 77 134 129 25 30 79 133 3 93 40 137 103 113 26 126 1 110 67 47 35 70 100 59 149 41 92 121 24 73 82 23 135 21 81 94 95 7 128 58 98 111 74 2 141 97 136 14 69 114 22 63 31 55 146 46 15 83 123 33 61 
Coste: 9319157
Temperatura: 42.725706167716325
Probabilidad de aceptación: 2.65445791450508E-210
Movimiento: NO



ITERACION 122
Solucion:    101 34 119 64 87 88 99 108 143 139 130 138 16 84 105 49 27 53 109 43 48 68 76 72 9 132 127 44 17 148 80 6 54 140 13 96 117 45 124 38 12 122 112 56 37 29 52 71 90 115 145 60 75 57 42 107 86 32 5 4 20 19 78 39 50 85 89 147 65 116 104 106 11 120 8 36 10 102 62 125 66 0 51 18 131 118 91 142 144 28 77 134 129 25 30 79 133 3 93 40 137 103 113 26 126 1 110 21 47 35 70 100 59 149 41 92 121 24 73 82 23 135 63 67 94 95 7 128 58 98 111 74 2 141 97 136 14 81 69 22 114 31 55 146 46 15 83 123 33 61 
Coste: 9317456
Temperatura: 38.453135550944694
Probabilidad de aceptación: 4.449552375119026E-274
Movimiento: NO



ITERACION 123
Solucion:    101 34 119 64 87 88 99 108 143 139 130 138 16 84 105 49 27 53 109 43 48 68 76 72 9 132 127 44 17 148 80 6 54 140 13 96 117 45 124 38 12 122 112 56 37 29 52 71 90 115 145 60 75 57 42 107 86 32 5 4 20 19 78 39 50 85 89 147 65 116 104 106 11 120 8 36 10 102 62 125 66 0 51 18 131 118 91 142 144 28 67 134 77 129 30 79 133 3 93 40 137 103 113 26 126 1 110 21 47 35 70 100 59 149 41 92 121 24 73 82 23 135 63 114 25 95 7 128 58 98 111 74 2 141 97 136 14 81 69 22 94 31 55 146 46 15 83 123 33 61 
Coste: 9313848
Temperatura: 34.60782199585022
Probabilidad de aceptación: 7.461361418542507E-219
Movimiento: NO



ITERACION 124
Solucion:    101 34 119 64 87 88 99 108 143 139 130 138 16 84 105 49 27 53 109 43 48 68 76 72 9 132 127 44 17 148 25 6 54 140 13 96 117 45 124 38 12 122 112 56 37 29 52 80 90 115 145 60 75 57 42 107 86 32 5 4 20 71 19 39 78 85 89 147 65 116 104 106 11 120 8 36 10 102 62 50 66 0 51 18 131 118 91 142 144 28 67 134 125 129 30 79 133 3 93 40 137 103 113 26 126 1 110 21 47 77 70 100 59 149 41 92 121 24 73 82 23 135 63 114 94 95 7 128 58 98 111 74 2 141 97 136 14 81 35 22 69 31 55 146 46 15 83 123 33 61 
Coste: 9305288
Temperatura: 31.1470397962652
Probabilidad de aceptación: 2.2328179892319166E-295
Movimiento: NO



ITERACION 125
Solucion:    101 34 95 64 87 88 99 108 143 139 130 138 16 84 105 49 27 53 109 43 48 68 76 119 9 132 127 44 17 148 72 6 25 140 13 96 117 45 124 38 12 122 112 56 37 29 52 54 90 115 80 60 75 57 42 107 86 32 5 4 20 71 19 39 78 85 89 147 65 116 104 106 11 120 8 36 10 102 62 50 66 0 51 18 131 118 91 142 144 28 67 134 125 129 30 79 133 3 93 40 137 103 113 26 126 1 110 21 47 77 145 100 59 149 41 92 121 24 73 82 23 135 63 114 70 94 7 128 58 98 111 74 2 141 97 136 14 81 35 22 69 31 55 146 46 15 83 123 33 61 
Coste: 9298247
Temperatura: 28.032335816638682
Probabilidad de aceptación: 4.845929803873444E-304
Movimiento: NO



ITERACION 126
Solucion:    101 34 95 64 87 88 99 108 143 139 130 138 16 84 105 49 27 53 109 43 48 68 76 119 9 132 127 44 17 148 72 6 25 140 13 96 117 45 124 38 12 122 112 56 37 29 52 54 90 115 80 60 75 57 42 107 86 32 5 4 20 71 19 39 78 85 89 147 65 116 104 106 11 120 8 36 10 102 62 50 66 0 51 18 131 118 91 142 144 28 67 134 125 129 30 79 133 3 93 40 137 103 113 26 126 1 110 21 47 77 145 100 59 149 41 92 121 24 73 82 23 135 63 114 70 94 55 128 58 98 111 74 2 141 97 136 14 81 35 22 69 31 7 146 46 15 83 123 33 61 
Coste: 9298095
Temperatura: 25.229102234974814
Probabilidad de aceptación: 8.462961683305574E-270
Movimiento: NO



ITERACION 127
Solucion:    101 34 95 64 87 88 99 108 143 139 130 138 16 84 105 49 27 53 109 43 48 68 76 119 9 132 127 44 17 148 72 6 25 140 13 96 117 45 124 38 12 122 112 56 37 29 52 54 90 115 80 60 75 57 42 107 86 32 5 4 20 71 19 39 78 85 89 147 65 116 104 106 11 120 8 36 10 102 62 50 66 0 51 18 131 118 91 142 144 28 67 134 125 129 30 79 133 3 93 40 137 103 113 26 126 1 110 21 47 77 145 100 59 149 41 92 121 24 73 82 23 135 63 114 70 94 55 146 128 98 111 74 2 141 97 136 14 81 35 22 69 58 31 7 46 15 83 123 33 61 
Coste: 9297082
Temperatura: 22.706192011477334
Probabilidad de aceptación: 1.0161236021831888E-178
Movimiento: NO



ITERACION 128
Solucion:    101 34 95 64 87 88 99 108 143 139 130 138 16 84 105 49 27 53 109 43 48 68 76 119 9 132 127 44 17 148 72 6 25 140 13 96 117 45 124 38 12 122 112 56 37 29 52 54 90 115 80 60 75 57 42 107 86 32 5 4 20 71 19 39 78 85 89 147 65 116 104 106 11 120 8 36 10 102 62 50 66 0 51 18 131 118 91 142 144 28 67 134 125 129 30 79 133 3 93 40 137 103 113 26 126 1 110 21 47 77 145 100 59 149 41 92 121 24 73 82 23 135 63 114 70 94 55 146 7 98 111 74 2 141 97 136 14 81 35 22 69 58 31 128 46 15 83 123 33 61 
Coste: 9296694
Temperatura: 20.435572810329603
Probabilidad de aceptación: 1.63956541534E-313
Movimiento: NO



ITERACION 129
Solucion:    101 34 95 64 87 88 99 108 143 139 130 138 16 84 105 49 27 53 109 43 48 68 76 119 9 132 127 44 17 148 72 6 25 140 13 96 117 45 124 38 12 122 112 56 37 29 52 54 90 115 80 60 75 57 42 107 86 32 5 4 20 71 19 39 78 85 89 147 65 116 104 106 11 120 8 36 10 102 62 50 66 0 51 18 131 118 91 142 144 28 67 134 125 129 30 79 133 3 93 40 137 103 113 26 126 1 110 21 47 77 145 100 59 149 98 92 121 24 73 82 23 135 63 114 70 94 55 146 7 41 111 74 2 141 97 136 14 81 35 22 69 58 31 128 46 15 83 123 33 61 
Coste: 9296522
Temperatura: 18.392015529296643
Probabilidad de aceptación: 6.651265064137663E-306
Movimiento: NO



ITERACION 130
Solucion:    101 34 95 64 87 88 99 108 143 139 130 138 16 84 105 49 27 53 109 43 48 68 76 119 9 132 127 44 17 148 72 6 25 140 13 96 117 45 124 38 12 122 112 56 37 29 52 54 90 115 80 60 75 57 42 107 86 32 5 4 20 71 19 39 78 85 89 147 65 116 104 106 11 120 8 36 10 102 62 50 66 0 51 18 131 118 91 142 144 28 67 134 125 129 30 79 133 3 93 40 137 103 113 26 126 1 110 21 47 77 145 100 59 149 98 92 121 24 73 82 23 135 63 114 70 94 55 146 7 41 15 74 2 141 97 136 14 81 35 22 69 58 31 128 46 111 83 123 33 61 
Coste: 9294176
Temperatura: 16.55281397636698
Probabilidad de aceptación: 8.982022214186807E-248
Movimiento: NO



ITERACION 131
Solucion:    101 34 95 64 87 88 99 108 143 139 130 138 16 84 105 49 27 53 109 43 48 68 76 119 9 132 127 44 17 148 72 6 25 140 13 96 117 45 124 38 12 122 112 56 37 29 52 54 90 115 80 60 75 57 42 107 86 32 5 4 20 71 19 39 78 85 89 147 65 116 104 106 11 120 8 36 10 102 62 50 66 0 51 18 131 118 91 142 144 28 67 134 125 129 30 79 133 3 93 40 137 103 113 26 126 1 110 21 47 77 145 100 59 149 98 92 121 24 73 82 23 135 63 114 70 94 55 146 7 41 15 123 2 141 97 136 14 81 35 22 69 58 31 128 46 111 74 83 33 61 
Coste: 9292436
Temperatura: 14.897532578730283
Probabilidad de aceptación: 2.223578800570702E-178
Movimiento: NO



ITERACION 132
Solucion:    101 34 95 64 87 88 99 108 143 139 130 138 16 84 105 49 27 53 109 43 48 68 76 119 9 132 127 44 17 148 72 6 25 140 13 96 117 45 124 38 12 122 112 56 37 29 52 54 90 115 80 60 75 57 42 107 86 32 5 4 20 71 19 39 78 85 89 147 65 116 104 106 11 120 8 36 10 102 62 50 66 0 51 18 131 118 91 142 144 28 67 134 125 129 30 79 133 3 93 40 137 103 113 26 126 1 110 21 47 77 145 100 59 149 98 92 121 24 73 82 23 135 63 114 70 94 55 146 7 41 15 123 2 141 97 136 14 81 35 22 69 58 31 128 46 111 74 83 33 61 
Coste: 9292436
Temperatura: 13.407779320857255
Probabilidad de aceptación: 2.065602585341969E-214
Movimiento: NO



ITERACION 133
Solucion:    101 34 95 64 87 88 99 108 143 139 130 138 16 84 105 49 27 53 109 43 48 68 76 119 9 132 127 44 17 148 72 6 25 140 13 96 117 45 124 38 12 122 112 56 37 29 52 54 90 115 80 60 75 57 42 107 86 32 5 4 20 71 19 39 78 85 89 147 65 116 104 106 11 120 8 36 10 102 62 50 66 0 51 18 131 118 91 142 144 28 67 134 125 129 30 79 133 3 93 40 137 103 113 26 126 1 110 21 47 77 145 100 59 149 98 92 121 24 73 82 23 135 63 114 70 94 55 146 7 41 15 123 2 141 97 136 14 81 35 22 69 58 31 128 46 111 74 83 33 61 
Coste: 9292436
Temperatura: 12.06700138877153
Probabilidad de aceptación: 3.647417442270996E-67
Movimiento: NO



ITERACION 134
Solucion:    101 34 95 64 87 88 99 108 143 139 130 138 16 84 105 49 27 53 109 43 48 68 76 119 9 132 127 44 17 148 72 6 25 140 13 96 117 45 124 38 12 122 112 56 37 29 52 54 90 115 80 60 75 57 42 107 86 32 5 4 20 71 19 39 78 85 89 147 65 116 104 106 11 120 8 36 10 102 62 50 66 0 51 18 131 118 91 142 144 28 67 134 125 129 30 79 133 3 93 40 137 103 113 26 126 1 110 21 47 77 145 100 59 149 98 92 121 24 73 82 23 135 63 114 70 94 55 146 7 41 15 123 2 141 33 136 14 81 35 22 69 58 31 128 46 111 74 83 97 61 
Coste: 9292240
Temperatura: 10.860301249894377
Probabilidad de aceptación: 1.9814100878175242E-63
Movimiento: NO



ITERACION 135
Solucion:    101 34 95 64 87 88 99 108 143 139 130 138 16 84 105 49 27 53 109 43 48 68 76 119 9 132 127 44 17 148 72 6 25 140 13 96 117 45 124 38 12 122 112 56 37 29 52 54 90 115 80 60 75 57 42 107 86 32 5 4 20 71 19 39 78 85 89 147 65 116 104 106 11 120 8 36 10 102 62 50 66 0 51 18 131 118 91 142 144 28 67 134 125 129 30 79 133 3 93 40 137 103 113 26 126 1 110 21 47 77 145 100 59 149 98 92 121 24 73 82 23 135 63 114 70 94 55 146 7 41 15 123 2 141 33 14 136 81 35 22 69 58 31 128 46 111 74 83 97 61 
Coste: 9291919
Temperatura: 9.77427112490494
Probabilidad de aceptación: 0.0
Movimiento: NO



ITERACION 136
Solucion:    101 34 95 64 87 88 99 108 143 139 130 138 16 84 105 49 27 53 109 43 48 68 76 119 9 132 127 44 17 148 72 6 25 140 13 96 117 45 124 38 12 122 112 56 37 29 52 54 90 115 80 60 75 57 42 107 86 32 5 4 20 71 19 39 78 85 89 147 65 116 104 106 11 120 8 36 10 102 62 50 66 0 51 18 131 118 91 142 144 28 67 134 125 129 30 79 133 3 93 40 137 103 113 26 126 1 110 21 47 77 145 100 59 149 98 92 121 24 73 82 23 135 63 114 70 94 55 146 7 41 15 123 2 141 33 14 136 81 35 22 69 58 31 128 46 111 74 83 97 61 
Coste: 9291919
Temperatura: 8.796844012414446
Probabilidad de aceptación: 0.0
Movimiento: NO



ITERACION 137
Solucion:    101 34 95 64 87 88 99 108 143 139 130 138 16 84 105 49 27 53 109 43 48 68 76 119 9 132 127 44 17 148 72 6 25 140 13 96 117 45 124 38 12 122 112 56 37 29 52 54 90 115 80 60 75 57 42 107 86 32 5 4 20 71 19 39 78 85 89 147 65 116 104 106 11 120 8 36 10 102 62 50 66 0 51 18 131 118 91 142 144 28 67 134 125 129 30 79 133 3 93 40 137 103 113 26 126 1 110 21 47 77 145 100 59 149 98 92 121 24 73 82 23 135 63 114 70 94 55 146 7 41 15 123 2 141 33 14 136 81 35 22 69 58 31 128 46 111 74 83 97 61 
Coste: 9291919
Temperatura: 7.917159611173002
Probabilidad de aceptación: 0.0
Movimiento: NO



ITERACION 138
Solucion:    101 34 95 64 87 88 99 108 143 139 130 138 16 84 105 49 27 53 109 43 48 68 76 119 9 132 127 44 17 148 72 6 25 140 13 96 117 45 124 38 12 122 112 56 37 29 52 54 90 115 80 60 75 57 42 107 86 32 5 4 20 71 19 39 78 85 89 147 65 116 104 106 11 120 8 36 10 102 62 50 66 0 51 18 131 118 91 142 144 28 67 134 35 129 30 79 133 3 93 40 137 103 113 26 126 1 110 21 47 77 145 100 59 149 98 92 121 24 73 82 23 135 63 125 70 94 55 146 7 41 15 123 2 141 33 14 136 81 114 22 69 58 31 128 46 111 74 83 97 61 
Coste: 9291345
Temperatura: 7.1254436500557015
Probabilidad de aceptación: 0.0
Movimiento: NO



ITERACION 139
Solucion:    101 34 95 64 87 88 99 108 143 139 130 138 16 84 105 49 27 53 109 43 48 68 76 119 9 132 127 44 17 148 72 6 25 140 13 96 117 45 124 38 12 122 112 56 37 29 52 54 90 115 80 60 75 57 42 107 86 32 5 4 20 71 19 39 78 85 89 147 65 116 104 106 11 120 8 36 10 102 62 50 66 0 51 18 131 118 91 142 144 28 67 134 35 129 30 79 133 3 93 40 137 103 113 26 126 1 110 21 47 77 145 100 59 149 98 92 121 24 73 82 23 135 63 125 70 94 55 146 7 41 15 123 2 141 33 14 136 81 114 22 69 58 31 128 46 111 74 83 97 61 
Coste: 9291345
Temperatura: 6.412899285050131
Probabilidad de aceptación: 0.0
Movimiento: NO



ITERACION 140
Solucion:    101 34 95 64 87 88 99 108 143 139 130 138 16 84 105 49 27 53 109 43 48 68 76 119 9 132 127 44 17 148 72 6 25 140 13 96 117 45 124 38 12 122 112 56 37 29 52 54 90 115 80 60 75 57 42 107 86 32 5 4 20 71 19 39 78 85 89 147 65 116 104 106 11 120 8 36 10 102 62 50 66 0 51 18 131 118 91 142 144 28 67 134 35 129 30 79 133 3 93 40 137 103 113 26 126 1 110 21 47 77 145 100 59 149 98 92 121 24 73 82 23 135 63 125 70 94 55 146 7 41 15 123 2 141 33 14 136 81 114 22 69 58 31 128 46 111 74 83 97 61 
Coste: 9291345
Temperatura: 5.7716093565451185
Probabilidad de aceptación: 0.0
Movimiento: NO



ITERACION 141
Solucion:    101 34 95 64 87 88 99 108 143 139 130 138 16 84 105 49 27 53 109 43 48 68 76 119 9 132 127 44 17 148 72 6 25 140 13 96 117 45 124 38 12 122 112 56 37 29 52 54 90 115 80 60 75 57 42 107 86 32 5 4 20 71 19 39 78 85 89 147 65 116 104 106 11 120 8 36 10 102 62 50 66 0 51 18 131 118 91 142 144 28 67 134 35 129 30 79 133 3 93 40 137 103 113 26 126 1 110 21 47 58 145 100 59 149 98 92 121 24 73 82 23 135 63 125 70 94 55 77 7 41 15 123 2 141 33 14 136 81 114 146 69 22 31 128 46 111 74 83 97 61 
Coste: 9289703
Temperatura: 5.194448420890607
Probabilidad de aceptación: 0.0
Movimiento: NO



ITERACION 142
Solucion:    101 34 95 64 87 88 99 108 143 139 130 138 16 84 105 49 27 53 109 43 48 68 76 119 9 132 127 44 17 148 72 6 25 140 13 96 117 45 124 38 12 122 112 56 37 29 52 54 90 115 80 60 75 57 42 107 86 32 5 4 20 71 19 39 78 85 89 147 65 116 104 106 11 120 8 36 10 102 62 50 66 0 51 18 131 118 91 142 144 28 67 134 35 129 30 79 133 3 93 40 137 103 113 26 126 1 110 21 47 58 145 100 59 149 98 92 121 24 73 82 23 135 63 125 70 94 55 77 7 41 15 123 2 141 33 14 136 81 114 146 69 22 31 128 46 111 74 83 97 61 
Coste: 9289703
Temperatura: 4.6750035788015465
Probabilidad de aceptación: 0.0
Movimiento: NO



ITERACION 143
Solucion:    101 34 95 64 87 88 99 108 143 139 130 138 16 84 105 49 27 53 109 43 48 68 76 119 9 132 127 44 17 148 72 6 25 140 13 96 117 45 124 38 12 122 112 56 37 29 52 54 90 115 80 60 75 57 42 107 86 32 5 4 20 71 19 39 78 85 89 147 65 116 104 106 11 120 8 36 10 102 62 50 66 0 51 18 131 118 91 142 144 28 67 134 35 129 30 79 133 3 93 40 137 103 113 26 126 1 110 21 47 58 145 100 59 149 98 92 121 24 73 82 23 135 63 125 70 94 55 77 7 41 15 123 2 141 33 14 136 81 114 146 69 22 31 128 46 111 74 83 97 61 
Coste: 9289703
Temperatura: 4.207503220921392
Probabilidad de aceptación: 0.0
Movimiento: NO



ITERACION 144
Solucion:    101 34 95 64 87 88 99 108 143 139 130 138 16 84 105 49 27 53 109 43 48 68 76 119 9 132 127 44 17 148 72 6 25 140 13 96 117 45 124 38 12 122 112 56 37 29 52 54 90 115 80 60 75 57 42 107 86 32 5 4 20 71 19 39 78 85 89 147 65 116 104 106 11 120 8 36 10 102 62 50 66 0 51 18 131 118 91 142 144 28 67 134 35 129 30 79 133 3 93 40 137 103 113 26 126 1 110 21 47 58 145 100 59 149 98 92 121 24 73 82 23 135 63 125 70 94 55 77 7 41 15 123 2 141 33 14 136 81 114 146 69 22 31 128 46 111 74 83 97 61 
Coste: 9289703
Temperatura: 3.786752898829253
Probabilidad de aceptación: 0.0
Movimiento: NO



ITERACION 145
Solucion:    101 34 95 64 87 88 99 108 143 139 130 138 16 84 105 49 27 53 109 43 48 68 76 119 9 132 127 44 17 148 72 6 25 140 13 96 117 45 124 38 12 122 112 56 37 29 52 54 90 115 80 60 75 57 42 107 86 32 5 4 20 71 19 39 78 85 89 147 65 116 104 106 11 120 8 36 10 102 62 50 66 0 51 18 131 118 91 142 144 28 67 134 35 129 30 79 133 3 93 40 137 103 113 26 126 1 110 21 47 58 145 100 59 149 98 92 121 24 73 82 23 135 63 125 70 94 55 77 7 41 15 123 2 141 33 14 136 81 114 146 69 22 31 128 46 111 74 83 97 61 
Coste: 9289703
Temperatura: 3.408077608946328
Probabilidad de aceptación: 0.0
Movimiento: NO



ITERACION 146
Solucion:    101 34 95 64 87 88 99 108 143 139 130 138 16 84 105 49 27 53 109 43 48 68 76 119 9 132 127 44 17 148 72 6 25 140 13 96 117 45 124 38 12 122 112 56 37 29 52 54 90 115 80 60 75 57 42 107 86 32 5 4 20 71 19 39 78 85 89 147 65 116 104 106 11 120 8 36 10 102 62 50 66 0 51 18 131 118 91 142 144 28 67 134 35 129 30 79 133 3 93 40 137 103 113 26 126 1 110 21 47 58 145 100 59 149 98 92 121 24 73 82 23 135 63 125 70 94 55 77 7 41 15 123 2 141 33 14 136 81 114 146 69 22 31 128 46 111 83 74 97 61 
Coste: 9289589
Temperatura: 3.067269848051695
Probabilidad de aceptación: 0.0
Movimiento: NO



ITERACION 147
Solucion:    101 34 95 64 87 88 99 108 143 139 130 138 16 84 105 49 27 53 109 43 48 68 76 119 9 132 127 44 17 148 72 6 25 140 13 96 117 45 124 38 12 122 112 56 37 29 52 54 90 115 80 60 75 57 42 107 86 32 5 4 20 71 19 39 78 85 89 147 65 116 104 106 11 120 8 36 10 102 62 50 66 0 51 18 131 118 91 142 144 28 67 134 35 129 30 79 133 3 93 40 137 103 113 26 126 1 110 21 47 58 145 100 59 149 98 92 121 24 73 82 23 135 63 125 70 94 55 77 7 41 15 123 2 141 33 14 136 81 114 146 69 22 31 128 46 111 83 74 97 61 
Coste: 9289589
Temperatura: 2.760542863246526
Probabilidad de aceptación: 0.0
Movimiento: NO



ITERACION 148
Solucion:    101 34 95 64 87 88 99 108 143 139 130 138 16 84 105 49 27 53 109 43 48 68 76 119 9 132 127 44 17 148 72 6 25 140 13 96 117 45 124 38 12 122 112 56 37 29 52 54 90 115 80 60 75 57 42 107 86 32 5 4 20 71 19 39 78 85 89 147 65 116 104 106 11 120 8 36 10 102 62 50 66 0 51 18 131 118 91 142 144 28 67 134 35 129 30 79 133 3 93 40 137 103 113 26 126 1 110 21 47 58 145 100 59 149 98 92 121 24 73 82 23 135 63 125 70 94 55 77 7 41 15 123 2 141 33 14 136 81 114 146 69 22 31 128 46 111 83 74 61 97 
Coste: 9288886
Temperatura: 2.484488576921873
Probabilidad de aceptación: 1.0
Movimiento: SI



ITERACION 149
Solucion:    101 34 95 64 87 88 99 108 143 139 130 138 16 84 105 49 27 53 109 43 48 68 76 119 9 132 127 44 17 148 72 6 25 140 13 96 117 45 124 38 12 122 112 56 37 29 52 54 90 115 80 60 75 57 42 107 86 32 5 4 20 71 19 39 78 85 89 147 65 116 104 106 11 120 8 36 10 102 62 50 66 0 51 18 131 118 91 142 144 28 67 134 35 129 30 79 133 3 93 40 137 103 113 26 126 1 110 21 47 58 145 100 59 149 98 92 121 24 73 82 23 135 63 125 70 94 55 77 7 41 15 123 2 141 33 14 136 81 114 146 69 22 31 128 46 111 83 74 61 97 
Coste: 9288886
Temperatura: 2.236039719229686
Probabilidad de aceptación: 1.0
Movimiento: SI



