ITERACION 0
Solucion:    20 7 49 13 44 24 8 36 5 35 9 33 10 48 41 42 21 22 39 17 34 38 14 46 23 3 2 15 43 12 16 40 27 32 1 19 6 25 0 11 47 29 28 18 37 4 26 31 45 30 
Coste: 55142
dlb:    00000000000000000000000000000000000000000000000000



ITERACION 1
Solucion:    20 27 7 13 44 24 49 8 5 35 9 36 10 48 33 42 21 22 39 17 34 41 38 46 23 3 2 15 43 12 16 40 14 32 1 19 6 25 0 11 47 29 28 18 37 4 26 31 45 30 
Coste: 54894
dlb:    00000000000000000000000000000000000000000000000000



ITERACION 2
Solucion:    20 27 30 7 44 24 49 8 13 5 35 36 10 48 9 42 21 22 39 17 33 41 34 46 23 3 2 15 43 12 16 40 14 32 38 1 6 25 0 11 19 29 47 18 37 28 26 31 4 45 
Coste: 54490
dlb:    00000000000000000000000000000000000000000000000000



ITERACION 3
Solucion:    20 27 30 4 44 24 49 8 13 5 35 36 10 48 9 7 42 22 39 21 33 41 34 46 23 3 2 15 43 12 16 40 14 32 38 17 1 25 0 11 19 29 47 18 37 28 26 31 6 45 
Coste: 54383
dlb:    00000000000000000000000000000000000000000000000000



ITERACION 4
Solucion:    20 27 30 4 2 24 49 8 13 5 35 36 10 48 44 9 7 22 39 21 33 41 42 34 23 3 46 15 43 12 16 40 14 32 38 17 1 25 0 11 19 29 47 18 37 28 26 31 6 45 
Coste: 54245
dlb:    00000000000000000000000000000000000000000000000000



ITERACION 5
Solucion:    20 27 30 4 2 6 49 24 13 8 35 36 10 48 44 5 9 22 39 21 33 41 42 7 23 3 34 15 43 12 16 40 14 32 38 17 1 25 0 11 19 29 47 18 37 28 26 31 46 45 
Coste: 54054
dlb:    00000000000000000000000000000000000000000000000000



ITERACION 6
Solucion:    20 27 30 4 2 6 45 24 13 8 35 36 10 48 44 5 9 22 39 21 33 41 42 7 23 3 34 15 43 12 16 40 14 32 38 17 1 49 0 11 19 29 47 18 37 28 26 31 46 25 
Coste: 53994
dlb:    00000000000000000000000000000000000000000000000000



ITERACION 7
Solucion:    20 27 30 4 2 6 45 49 24 8 35 36 10 48 44 5 9 22 39 21 33 41 42 7 23 3 34 15 43 12 16 40 14 32 38 13 1 17 0 11 19 29 47 18 37 28 26 31 46 25 
Coste: 53956
dlb:    00000000000000000000000000000000000000000000000000



ITERACION 8
Solucion:    20 27 30 4 2 6 45 49 17 24 35 36 10 48 44 5 9 22 8 21 33 41 42 7 23 3 34 15 43 39 16 40 14 32 38 13 1 12 0 11 19 29 47 18 37 28 26 31 46 25 
Coste: 53901
dlb:    00000000000000000000000000000000000000000000000000



ITERACION 9
Solucion:    20 27 30 4 2 6 45 49 17 25 35 36 10 48 44 5 9 22 8 21 33 41 42 7 23 3 34 15 43 39 16 40 14 32 38 13 1 24 12 11 19 29 47 18 37 28 26 31 46 0 
Coste: 53796
dlb:    00000000000000000000000000000000000000000000000000



ITERACION 10
Solucion:    35 20 30 4 2 27 6 49 17 25 45 36 10 48 44 5 9 22 8 21 33 41 42 7 23 3 34 15 43 39 16 40 14 32 38 13 1 24 12 11 19 29 47 18 37 28 26 31 46 0 
Coste: 53693
dlb:    00000000000000000000000000000000000000000000000000



ITERACION 11
Solucion:    35 20 30 4 2 27 6 49 17 25 45 47 36 48 44 5 9 22 8 21 33 41 42 7 23 3 34 15 43 39 16 40 14 32 38 13 1 24 12 11 19 29 10 18 37 28 26 31 46 0 
Coste: 53685
dlb:    00000000000000000000000000000000000000000000000000



ITERACION 12
Solucion:    35 20 30 4 2 27 6 49 17 25 45 36 47 48 44 5 9 22 8 21 33 41 42 7 23 3 34 15 43 39 16 40 14 32 38 13 1 24 12 11 19 29 10 18 37 28 26 31 46 0 
Coste: 53684
dlb:    00000000000000000000000000000000000000000000000000



ITERACION 13
Solucion:    35 20 30 4 48 27 6 49 17 25 45 36 47 3 44 5 9 22 8 21 33 41 2 7 23 42 34 15 43 39 16 40 14 32 38 13 1 24 12 11 19 29 10 18 37 28 26 31 46 0 
Coste: 53603
dlb:    00000000000000000000000000000000000000000000000000



ITERACION 14
Solucion:    35 20 30 4 44 27 6 49 17 25 45 36 47 3 48 5 9 22 8 21 33 41 2 7 23 42 34 15 43 39 16 40 14 32 38 13 1 24 12 11 19 29 10 18 37 28 26 31 46 0 
Coste: 53592
dlb:    00000000000000000000000000000000000000000000000000



ITERACION 15
Solucion:    35 20 30 4 44 5 6 49 17 25 45 36 47 3 48 40 9 22 8 21 33 41 2 7 23 42 34 15 43 39 16 27 14 32 38 13 1 24 12 11 19 29 10 18 37 28 26 31 46 0 
Coste: 53512
dlb:    00000000000000000000000000000000000000000000000000



ITERACION 16
Solucion:    35 20 30 4 44 5 6 49 17 25 45 36 47 3 48 40 28 9 8 21 33 41 2 7 23 22 42 15 43 39 16 27 14 32 38 13 1 24 12 11 19 29 10 18 37 34 26 31 46 0 
Coste: 53478
dlb:    00000000000000000000000000000000000000000000000000



ITERACION 17
Solucion:    35 20 30 4 44 5 6 49 17 25 45 36 47 3 48 40 28 9 8 21 33 41 2 7 23 22 42 15 43 39 16 27 14 32 38 13 1 24 12 11 19 29 10 18 37 34 26 31 46 0 
Coste: 53478
dlb:    00000000000000000100000000000000000000000000000000



ITERACION 18
Solucion:    35 20 30 4 44 5 6 49 17 25 45 36 47 3 48 40 28 9 12 21 33 41 2 7 23 22 42 15 43 8 16 27 14 32 38 39 1 24 13 11 19 29 10 18 37 34 26 31 46 0 
Coste: 53390
dlb:    00000000000000000100000000000000000000000000000000



ITERACION 19
Solucion:    35 20 30 4 44 5 6 49 17 25 45 36 47 3 48 40 28 9 12 0 33 41 2 7 23 22 42 15 43 8 16 27 14 32 38 39 1 24 13 11 19 29 10 18 37 34 26 31 46 21 
Coste: 53381
dlb:    00000000000000000100000000000000000000000000000000



ITERACION 20
Solucion:    35 20 30 4 44 33 6 49 17 25 45 36 47 3 48 40 28 9 12 0 16 41 2 7 23 22 42 15 43 8 5 27 14 32 38 39 1 24 13 11 19 29 10 18 37 34 26 31 46 21 
Coste: 53295
dlb:    00000000000000000100000000000000000000000000000000



ITERACION 21
Solucion:    35 20 30 4 44 33 6 49 17 25 45 41 47 3 48 40 28 9 12 0 16 10 2 7 23 22 42 15 43 8 5 27 14 32 38 39 1 24 13 11 19 29 36 18 37 34 26 31 46 21 
Coste: 53264
dlb:    00000000000000000100000000000000000000000000000000



ITERACION 22
Solucion:    35 20 30 4 44 33 6 49 17 25 45 41 47 3 48 40 28 9 12 0 16 10 7 2 23 22 42 15 43 8 5 27 14 32 38 39 1 24 13 11 19 29 36 18 37 34 26 31 46 21 
Coste: 53253
dlb:    00000000000000000100000000000000000000000000000000



ITERACION 23
Solucion:    35 20 30 4 44 33 6 49 17 25 45 41 47 3 48 40 28 9 12 0 16 10 7 2 23 22 42 15 43 8 5 27 14 32 38 39 1 24 13 11 19 29 36 18 37 34 26 31 46 21 
Coste: 53253
dlb:    00000000000000000100000100000000000000000000000000



ITERACION 24
Solucion:    35 20 30 4 44 33 6 49 17 25 45 41 47 3 48 40 28 9 12 0 16 10 7 2 32 22 42 15 43 8 5 27 14 23 38 39 1 24 13 11 19 29 36 18 37 34 26 31 46 21 
Coste: 53251
dlb:    00000000000000000100000100000000000000000000000000



ITERACION 25
Solucion:    35 20 22 4 44 33 6 49 17 25 45 41 47 3 48 30 28 9 12 0 16 10 7 2 32 40 42 15 43 8 5 27 14 23 38 39 1 24 13 11 19 29 36 18 37 34 26 31 46 21 
Coste: 53218
dlb:    00000000000000000100000100000000000000000000000000



ITERACION 26
Solucion:    35 20 22 4 44 33 6 49 17 25 45 41 47 3 48 30 28 9 12 0 16 10 7 2 32 40 42 15 43 8 5 27 14 23 38 39 1 24 13 11 19 29 36 18 37 34 26 31 46 21 
Coste: 53218
dlb:    00000000000000000100000100100000000000000000000000



ITERACION 27
Solucion:    35 20 22 4 44 33 6 49 17 25 45 41 47 3 48 30 28 9 12 0 16 10 7 2 32 40 42 15 43 8 5 27 14 23 38 39 1 24 13 11 19 29 36 18 37 34 26 31 46 21 
Coste: 53218
dlb:    00000000000000000100000100110000000000000000000000



ITERACION 28
Solucion:    35 20 22 4 44 33 6 49 17 25 45 41 47 3 48 30 28 9 12 0 16 10 7 2 32 40 42 15 43 8 5 27 14 23 38 39 1 24 13 11 19 29 36 18 37 34 26 31 46 21 
Coste: 53218
dlb:    00000000000000000100000100111000000000000000000000



ITERACION 29
Solucion:    35 20 22 4 44 33 6 49 17 25 45 41 47 3 48 30 28 9 8 0 16 10 7 2 32 40 42 15 43 12 5 27 14 23 38 39 1 24 13 11 19 29 36 18 37 34 26 31 46 21 
Coste: 53198
dlb:    00000000000000000100000100111000000000000000000000



ITERACION 30
Solucion:    35 20 22 4 44 33 6 49 17 25 45 41 47 3 48 30 28 9 8 0 16 10 7 2 32 40 42 15 43 12 27 5 14 23 38 39 1 24 13 11 19 29 36 18 37 34 26 31 46 21 
Coste: 53188
dlb:    00000000000000000100000100111000000000000000000000



ITERACION 31
Solucion:    35 20 22 4 44 33 6 49 17 25 45 41 47 3 48 30 28 9 8 0 16 10 7 2 32 40 42 15 43 12 27 5 14 23 38 39 1 24 13 11 19 29 36 18 37 34 26 31 46 21 
Coste: 53188
dlb:    00000000000000000100000100111001000000000000000000



ITERACION 32
Solucion:    35 20 22 4 44 33 6 49 17 25 45 41 47 3 48 30 28 9 8 0 16 10 7 2 32 40 42 15 43 12 27 5 36 23 38 39 1 24 13 11 19 29 14 18 37 34 26 31 46 21 
Coste: 53174
dlb:    00000000000000000100000100111001000000000000000000



ITERACION 33
Solucion:    35 20 22 4 44 33 6 49 17 25 45 41 47 3 48 30 28 9 8 0 16 10 7 2 32 40 42 15 43 12 27 5 36 23 38 39 1 24 13 11 19 29 14 18 37 34 26 31 46 21 
Coste: 53174
dlb:    00000000000000000100000100111001010000000000000000



ITERACION 34
Solucion:    35 20 22 4 44 33 6 49 17 25 45 41 47 3 48 30 28 9 8 0 16 10 7 2 32 40 42 15 43 12 27 5 36 23 37 39 38 24 13 11 19 29 14 18 1 34 26 31 46 21 
Coste: 53156
dlb:    00000000000000000100000100111001010000000000000000



ITERACION 35
Solucion:    35 20 22 4 44 33 6 49 17 25 45 41 47 3 48 30 28 9 8 0 16 10 7 2 32 40 42 15 43 12 27 5 36 23 37 38 39 24 13 11 19 29 14 18 1 34 26 31 46 21 
Coste: 53146
dlb:    00000000000000000100000100111001010000000000000000



ITERACION 36
Solucion:    35 20 22 4 44 33 6 49 17 25 45 41 47 3 48 30 28 9 8 0 16 10 7 2 32 40 42 15 43 12 27 5 36 23 37 38 31 24 13 11 19 29 14 18 1 34 39 26 46 21 
Coste: 53111
dlb:    00000000000000000100000100111001010000000000000000



ITERACION 37
Solucion:    35 20 22 4 44 33 6 49 17 25 45 41 47 3 48 30 28 9 8 0 16 10 7 2 32 40 42 15 43 12 27 5 36 23 37 38 31 46 24 13 19 29 14 18 1 34 39 26 11 21 
Coste: 53063
dlb:    00000000000000000100000100111001010000000000000000



ITERACION 38
Solucion:    35 20 22 4 44 33 6 49 17 25 45 41 47 3 48 30 28 9 8 0 16 10 7 2 32 40 42 15 43 12 27 5 36 23 37 38 31 46 11 13 19 29 14 18 1 34 39 24 26 21 
Coste: 53049
dlb:    00000000000000000100000100111001010000000000000000



ITERACION 39
Solucion:    35 20 22 4 44 33 6 49 17 25 45 41 47 3 48 30 28 9 8 0 16 10 7 2 32 40 42 15 43 12 27 5 36 23 37 38 31 46 11 13 19 29 14 18 1 34 39 24 26 21 
Coste: 53049
dlb:    00000000000000000100000100111001010000010000000000



ITERACION 40
Solucion:    35 20 22 4 44 33 6 49 17 25 45 41 47 3 48 30 28 9 8 0 16 10 7 2 32 40 42 15 43 12 27 5 36 23 37 38 31 46 11 13 19 29 14 18 1 34 39 24 26 21 
Coste: 53049
dlb:    00000000000000000100000100111001010000011000000000



ITERACION 41
Solucion:    35 20 22 4 44 33 6 49 17 25 45 41 47 3 48 30 28 9 8 0 16 10 7 2 32 40 42 15 43 12 27 5 36 23 37 38 31 46 11 13 19 29 14 18 1 34 39 24 26 21 
Coste: 53049
dlb:    00000000000000000100000100111001010000011100000000



ITERACION 42
Solucion:    35 20 22 4 44 33 6 49 17 25 45 41 47 3 48 30 28 9 8 0 16 10 7 2 32 40 42 15 43 12 27 5 36 23 37 38 31 46 11 13 19 29 18 14 1 34 39 24 26 21 
Coste: 53046
dlb:    00000000000000000100000100111001010000011100000000



ITERACION 43
Solucion:    35 20 22 4 44 33 6 49 17 25 45 41 47 3 48 30 28 9 8 0 16 10 7 2 32 40 42 15 43 12 27 5 36 23 37 38 31 46 11 13 19 29 18 14 1 34 39 24 26 21 
Coste: 53046
dlb:    00000000000000000100000100111001010000011101000000



ITERACION 44
Solucion:    35 20 22 4 44 33 6 49 17 25 45 41 47 3 48 30 28 9 8 0 16 10 7 2 32 40 42 15 43 12 27 5 36 23 37 38 31 46 11 13 19 29 18 14 1 34 39 24 26 21 
Coste: 53046
dlb:    00000000000000000100000100111001010000011101100000



ITERACION 45
Solucion:    35 20 22 4 44 33 6 49 17 25 45 41 47 3 48 30 28 9 8 0 16 10 7 2 32 40 42 15 43 12 27 5 36 23 37 38 31 46 11 13 19 29 18 14 1 34 39 24 26 21 
Coste: 53046
dlb:    00000000000000000100000100111001010000011101110000



ITERACION 46
Solucion:    35 20 22 4 44 33 6 49 17 25 45 41 47 3 48 30 28 9 8 0 16 10 7 2 32 40 42 15 43 12 27 5 36 23 37 38 31 46 11 13 19 29 18 14 1 34 39 24 26 21 
Coste: 53046
dlb:    00000000000000000100000100111001010000011101111000



ITERACION 47
Solucion:    35 20 22 4 44 33 6 49 17 25 45 41 47 3 48 30 28 9 8 0 16 10 7 2 32 40 42 15 43 12 27 5 36 23 37 38 31 46 11 13 19 29 18 14 1 34 39 24 26 21 
Coste: 53046
dlb:    00000000000000000100000100111001010000011101111100



ITERACION 48
Solucion:    35 20 22 4 44 33 6 49 17 25 45 41 47 3 48 30 28 9 8 0 16 10 7 2 32 40 42 15 43 12 27 5 36 23 37 38 31 46 11 13 19 29 18 14 1 34 39 24 26 21 
Coste: 53046
dlb:    00000000000000000100000100111001010000011101111110



ITERACION 49
Solucion:    35 20 22 4 44 33 6 49 17 25 45 41 47 3 48 30 28 9 8 0 16 10 7 2 32 40 42 15 43 12 27 5 36 23 37 38 31 46 11 13 19 29 18 14 1 34 39 24 26 21 
Coste: 53046
dlb:    00000000000000000100000100111001010000011101111111



ITERACION 50
Solucion:    47 20 22 4 44 33 6 49 17 25 45 41 35 3 48 30 28 9 8 0 16 10 7 2 32 40 42 15 43 12 27 5 36 23 37 38 31 46 11 13 19 29 18 14 1 34 39 24 26 21 
Coste: 53041
dlb:    00000000000000000100000100111001010000011101111111



ITERACION 51
Solucion:    47 20 22 4 44 33 6 49 17 25 45 41 35 3 48 30 28 9 8 0 16 10 7 2 32 40 42 15 43 12 27 5 36 23 37 38 31 46 11 13 19 29 18 14 1 34 39 24 26 21 
Coste: 53041
dlb:    01000000000000000100000100111001010000011101111111



ITERACION 52
Solucion:    47 20 35 22 44 4 6 49 17 25 45 41 33 3 48 30 28 9 8 0 16 10 7 2 32 40 42 15 43 12 27 5 36 23 37 38 31 46 11 13 19 29 18 14 1 34 39 24 26 21 
Coste: 52990
dlb:    01000000000000000100000100111001010000011101111111



ITERACION 53
Solucion:    47 20 35 4 44 22 6 49 17 25 45 41 33 3 48 30 28 9 8 0 16 10 7 2 32 40 42 15 43 12 27 5 36 23 37 38 31 46 11 13 19 29 18 14 1 34 39 24 26 21 
Coste: 52984
dlb:    01000000000000000100000100111001010000011101111111



ITERACION 54
Solucion:    47 20 35 4 44 22 6 49 17 25 45 41 33 3 48 30 28 9 8 0 16 10 7 2 32 40 42 15 43 12 27 5 36 23 37 38 31 46 11 13 19 29 18 14 1 34 39 24 26 21 
Coste: 52984
dlb:    01001000000000000100000100111001010000011101111111



ITERACION 55
Solucion:    47 20 35 4 44 22 6 49 17 25 45 41 33 3 48 30 28 9 8 0 16 10 7 2 32 40 42 15 43 12 27 5 36 23 37 38 31 46 11 13 19 29 18 14 1 34 39 24 26 21 
Coste: 52984
dlb:    01001100000000000100000100111001010000011101111111



ITERACION 56
Solucion:    6 20 35 4 44 22 49 47 17 25 45 41 33 3 48 30 28 9 8 0 16 10 7 2 32 40 42 15 43 12 27 5 36 23 37 38 31 46 11 13 19 29 18 14 1 34 39 24 26 21 
Coste: 52944
dlb:    01001100000000000100000100111001010000011101111111



ITERACION 57
Solucion:    6 20 35 4 44 22 49 17 47 25 45 41 33 3 48 30 28 9 8 0 16 10 7 2 32 40 42 15 43 12 27 5 36 23 37 38 31 46 11 13 19 29 18 14 1 34 39 24 26 21 
Coste: 52934
dlb:    01001100000000000100000100111001010000011101111111



ITERACION 58
Solucion:    6 20 35 4 44 22 49 17 47 25 45 41 33 3 48 30 28 9 8 0 16 10 7 2 32 40 42 15 43 12 27 5 36 23 37 38 31 46 11 13 19 29 18 14 1 34 39 24 26 21 
Coste: 52934
dlb:    01001100100000000100000100111001010000011101111111



ITERACION 59
Solucion:    6 20 35 4 44 22 49 17 47 25 45 41 33 3 48 30 28 9 8 0 16 10 7 2 32 40 42 15 43 12 27 5 36 23 37 38 31 46 11 13 19 29 18 14 1 34 39 24 26 21 
Coste: 52934
dlb:    01001100110000000100000100111001010000011101111111



ITERACION 60
Solucion:    6 20 35 4 44 22 49 17 47 25 45 41 33 3 48 30 28 9 8 0 16 10 7 2 32 40 42 15 43 12 27 5 36 23 37 38 31 46 11 13 19 29 18 14 1 34 39 24 26 21 
Coste: 52934
dlb:    01001100111000000100000100111001010000011101111111



ITERACION 61
Solucion:    6 20 35 4 44 22 49 17 47 25 45 27 33 3 48 30 28 9 8 0 16 10 7 2 32 40 42 15 43 12 41 5 36 23 37 38 31 46 11 13 19 29 18 14 1 34 39 24 26 21 
Coste: 52928
dlb:    01001100111000000100000100111001010000011101111111



ITERACION 62
Solucion:    6 33 35 4 44 22 49 17 47 25 45 27 20 3 48 30 28 9 8 0 16 10 7 2 32 40 42 15 43 12 41 5 36 23 37 38 31 46 11 13 19 29 18 14 1 34 39 24 26 21 
Coste: 52926
dlb:    00001100111000000100000100111001010000011101111111



ITERACION 63
Solucion:    6 33 35 4 44 22 49 17 47 25 45 27 20 48 3 30 28 9 8 0 16 10 7 2 32 40 42 15 43 12 41 5 36 23 37 38 31 46 11 13 19 29 18 14 1 34 39 24 26 21 
Coste: 52924
dlb:    00001100111000000100000100111001010000011101111111



ITERACION 64
Solucion:    6 33 35 3 44 22 49 17 47 25 45 27 20 48 42 30 28 9 8 0 16 10 7 2 32 40 4 15 43 12 41 5 36 23 37 38 31 46 11 13 19 29 18 14 1 34 39 24 26 21 
Coste: 52890
dlb:    00001100111000000100000100011001010000011101111111



ITERACION 65
Solucion:    6 33 35 3 44 22 49 17 47 25 45 27 20 48 42 28 30 9 8 0 16 10 7 2 32 40 4 15 43 12 41 5 36 23 37 38 31 46 11 13 19 29 18 14 1 34 39 24 26 21 
Coste: 52889
dlb:    00001100111000000100000100011001010000011101111111



ITERACION 66
Solucion:    6 33 35 3 44 22 49 17 47 25 45 27 20 48 42 28 4 9 8 0 16 10 7 2 32 40 30 15 43 12 41 5 36 23 37 38 31 46 11 13 19 29 18 14 1 34 39 24 26 21 
Coste: 52886
dlb:    00001100111000000100000100011001010000011101111111



ITERACION 67
Solucion:    6 33 35 3 44 22 49 17 47 25 45 27 20 48 42 28 4 9 8 0 16 10 7 2 32 40 30 15 43 12 41 5 36 23 37 38 31 46 11 13 19 29 18 14 1 34 39 24 26 21 
Coste: 52886
dlb:    00001100111000000100000100011001010000011101111111



ITERACION 68
Solucion:    6 33 35 3 44 22 49 17 8 25 45 27 20 48 42 28 4 9 47 0 16 10 7 2 32 40 30 15 43 12 41 5 36 23 37 38 31 46 11 13 19 29 18 14 1 34 39 24 26 21 
Coste: 52881
dlb:    00001100011000000100000100011001010000011101111111



ITERACION 69
Solucion:    6 33 35 3 44 22 49 17 0 25 45 27 20 48 42 28 4 9 8 47 16 10 7 2 32 40 30 15 43 12 41 5 36 23 37 38 31 46 11 13 19 29 18 14 1 34 39 24 26 21 
Coste: 52876
dlb:    00001100011000000100000100011001010000011101111111



ITERACION 70
Solucion:    6 33 35 3 44 22 49 17 0 25 45 27 20 48 42 28 4 9 8 47 10 16 7 2 32 40 30 15 43 12 41 5 36 23 37 38 31 46 11 13 19 29 18 14 1 34 39 24 26 21 
Coste: 52872
dlb:    00001100011000000100000100011001010000011101111111



ITERACION 71
Solucion:    6 33 35 3 44 22 49 17 0 25 45 27 20 48 42 28 4 9 8 47 10 16 7 2 32 40 30 15 43 12 41 5 36 23 37 38 31 46 11 13 19 29 18 14 1 34 39 24 26 21 
Coste: 52872
dlb:    00001100011000000100010100011001010000011101111111



ITERACION 72
Solucion:    6 33 35 3 44 22 49 17 0 25 45 27 20 48 42 28 4 9 8 47 10 16 36 2 32 40 30 15 43 12 41 5 7 23 37 38 31 46 11 13 19 29 18 14 1 34 39 24 26 21 
Coste: 52851
dlb:    00001100011000000100010100011001010000011101111111



ITERACION 73
Solucion:    6 33 35 3 44 22 49 17 0 25 45 27 20 48 42 28 4 9 8 47 10 16 36 2 32 40 30 15 43 12 41 5 7 23 37 38 31 46 11 13 19 29 18 14 1 34 39 24 26 21 
Coste: 52851
dlb:    00001100011000000100010100011001010000011101111111



ITERACION 74
Solucion:    6 33 35 3 44 22 49 17 0 25 45 27 20 48 42 28 4 9 8 47 10 16 36 32 38 40 30 15 43 12 41 5 7 23 37 2 31 46 11 13 19 29 18 14 1 34 39 24 26 21 
Coste: 52836
dlb:    00001100011000000100010000011001010000011101111111



ITERACION 75
Solucion:    6 33 35 3 44 22 49 17 0 25 45 27 20 48 42 28 4 9 8 47 10 16 36 32 38 40 30 15 43 12 41 5 7 23 37 2 31 46 11 13 19 29 18 14 1 34 39 24 26 21 
Coste: 52836
dlb:    00001100011000000100010001011001010000011101111111



ITERACION 76
Solucion:    6 33 35 3 44 22 49 17 0 25 45 27 20 48 42 28 4 9 8 47 10 16 36 32 38 40 30 15 43 12 41 5 7 23 37 2 31 46 11 13 19 29 18 14 1 34 39 24 26 21 
Coste: 52836
dlb:    00001100011000000100010001111001010000011101111111



ITERACION 77
Solucion:    6 33 35 3 44 22 49 17 0 25 45 27 20 48 42 28 4 9 8 47 10 16 36 32 38 40 30 15 43 12 41 5 7 23 37 2 31 46 11 13 19 29 18 14 1 34 39 24 26 21 
Coste: 52836
dlb:    00001100011000000100010001111001010000011101111111



ITERACION 78
Solucion:    6 33 35 3 44 22 49 17 0 25 45 27 20 48 42 28 4 9 8 47 10 16 36 32 38 40 30 15 43 12 41 5 7 23 37 2 31 46 11 13 19 29 18 14 1 34 39 24 26 21 
Coste: 52836
dlb:    00001100011000000100010001111001010000011101111111



ITERACION 79
Solucion:    6 33 35 3 44 22 49 17 0 25 45 27 20 48 42 28 4 9 8 47 10 16 36 32 38 40 30 15 43 12 41 5 7 23 37 2 31 46 11 13 19 29 18 14 1 34 39 24 26 21 
Coste: 52836
dlb:    00001100011000000100010001111101010000011101111111



ITERACION 80
Solucion:    6 33 35 3 44 22 49 17 0 25 41 27 20 48 42 28 4 9 8 47 10 16 36 32 38 40 30 15 43 12 45 5 7 23 37 2 31 46 11 13 19 29 18 14 1 34 39 24 26 21 
Coste: 52832
dlb:    00001100010000000100010001111101010000011101111111



ITERACION 81
Solucion:    6 33 35 3 44 22 49 17 0 25 41 27 20 48 42 28 4 9 8 47 10 16 36 32 38 40 30 15 43 12 45 5 7 23 37 2 31 46 11 13 19 29 18 14 1 34 39 24 26 21 
Coste: 52832
dlb:    00001100010000000100010001111101010000011101111111



ITERACION 82
Solucion:    6 33 35 3 44 22 49 17 0 25 41 27 20 48 42 28 4 9 8 47 10 16 36 32 38 40 30 15 43 12 45 5 18 23 37 2 31 46 11 13 19 29 7 14 1 34 39 24 26 21 
Coste: 52828
dlb:    00001100010000000100010001111101010000011101111111



ITERACION 83
Solucion:    6 33 35 3 44 22 49 17 0 25 41 27 20 48 42 28 4 9 8 47 10 16 36 32 38 40 30 15 43 12 45 5 18 23 37 2 31 46 11 13 19 29 7 14 1 34 39 24 26 21 
Coste: 52828
dlb:    00001100010000000100010001111101010000011101111111



ITERACION 84
Solucion:    6 33 35 3 44 22 49 17 0 25 41 27 20 48 42 28 4 9 8 47 10 16 36 32 38 40 30 15 43 12 45 5 18 23 2 37 31 46 11 13 19 29 7 14 1 34 39 24 26 21 
Coste: 52823
dlb:    00001100010000000100010001111101010000011101111111



ITERACION 85
Solucion:    6 33 35 3 44 22 49 17 0 25 41 27 20 48 42 28 4 9 8 47 10 16 36 32 38 40 30 15 43 12 45 5 18 23 2 37 31 46 11 13 19 29 7 14 1 34 39 24 26 21 
Coste: 52823
dlb:    00001100010000000100010001111101010100011101111111



ITERACION 86
Solucion:    6 33 35 3 44 22 49 17 0 25 41 27 20 48 42 28 4 9 8 47 10 16 36 32 38 40 30 15 43 12 45 5 18 23 2 37 31 46 11 13 19 29 7 14 1 34 39 24 26 21 
Coste: 52823
dlb:    00001100010000000100010001111101010110011101111111



ITERACION 87
Solucion:    6 33 35 3 44 22 49 17 0 25 41 27 20 48 42 28 4 9 8 47 10 16 36 32 38 40 30 15 43 12 45 5 18 23 2 37 31 46 11 13 19 29 7 14 1 34 39 24 26 21 
Coste: 52823
dlb:    00001100010000000100010001111101010111011101111111



ITERACION 88
Solucion:    6 33 35 3 44 22 49 17 0 25 41 27 20 48 42 28 4 9 8 47 10 16 36 32 38 40 30 15 43 12 45 5 18 23 2 37 31 46 11 13 19 29 7 14 1 34 39 24 26 21 
Coste: 52823
dlb:    00001100010000000100010001111101010111111101111111



ITERACION 89
Solucion:    6 33 35 3 44 22 49 17 0 25 41 27 20 48 42 28 4 9 8 47 10 16 36 32 38 40 30 15 43 12 45 5 18 23 2 37 31 46 11 13 19 29 7 14 1 34 39 24 26 21 
Coste: 52823
dlb:    00001100010000000100010001111101010111111101111111



ITERACION 90
Solucion:    6 33 35 3 44 22 49 17 0 25 41 27 20 48 42 28 4 9 8 47 10 16 36 32 38 40 30 15 43 12 45 5 18 23 2 37 31 46 11 13 19 29 7 14 1 34 39 24 26 21 
Coste: 52823
dlb:    00001100010000000100010001111101010111111101111111



ITERACION 91
Solucion:    6 33 35 3 44 22 49 17 0 25 41 27 20 48 42 28 4 9 8 47 10 16 36 32 38 40 30 15 43 12 45 5 18 23 2 37 31 46 11 13 19 29 7 14 1 34 39 24 26 21 
Coste: 52823
dlb:    00001100010000000100010001111101010111111101111111



ITERACION 92
Solucion:    6 33 35 3 44 22 49 17 0 25 41 27 20 48 42 28 4 9 8 47 10 16 36 32 38 40 30 15 43 12 45 5 18 23 2 37 31 46 11 13 19 29 7 14 1 34 39 24 26 21 
Coste: 52823
dlb:    00001100010000000100010001111101010111111111111111



ITERACION 93
Solucion:    6 33 35 3 44 22 49 17 0 25 41 27 20 48 42 28 4 9 8 47 10 16 36 32 38 40 30 15 43 12 45 5 18 23 2 37 31 46 11 13 19 29 7 14 1 34 39 24 26 21 
Coste: 52823
dlb:    00001100010000000100010001111101010111111111111111



ITERACION 94
Solucion:    6 33 35 3 44 22 49 17 0 25 41 27 20 48 42 28 4 9 8 47 10 16 36 32 38 40 30 15 43 12 45 5 18 23 2 37 31 46 11 13 19 29 7 14 1 34 39 24 26 21 
Coste: 52823
dlb:    00001100010000000100010001111101010111111111111111



ITERACION 95
Solucion:    6 33 35 3 44 22 49 17 0 25 41 27 20 48 42 28 4 9 8 47 10 16 36 32 38 40 30 15 43 12 45 5 18 23 2 37 31 46 11 13 19 29 7 14 1 34 39 24 26 21 
Coste: 52823
dlb:    00001100010000000100010001111101010111111111111111



ITERACION 96
Solucion:    6 33 35 3 44 22 49 17 0 25 41 27 20 48 42 28 4 9 8 47 10 16 36 32 38 40 30 15 43 12 45 5 18 23 2 37 31 46 11 13 19 29 7 14 1 34 39 24 26 21 
Coste: 52823
dlb:    00001100010000000100010001111101010111111111111111



ITERACION 97
Solucion:    6 33 35 3 44 22 49 17 0 25 41 27 20 48 42 28 4 9 8 47 10 16 36 32 38 40 30 15 43 12 45 5 18 23 2 37 31 46 11 13 19 29 7 14 1 34 39 24 26 21 
Coste: 52823
dlb:    00001100010000000100010001111101010111111111111111



ITERACION 98
Solucion:    6 33 35 3 44 22 49 17 0 25 41 27 20 48 42 28 4 9 8 47 10 16 36 32 38 40 30 15 43 12 45 5 18 23 2 37 31 46 11 13 19 29 7 14 1 34 39 24 26 21 
Coste: 52823
dlb:    00001100010000000100010001111101010111111111111111



ITERACION 99
Solucion:    6 33 35 3 44 22 49 17 0 25 41 27 20 48 42 28 4 9 8 47 10 16 36 32 38 40 30 15 43 12 45 5 18 23 2 37 31 46 11 13 19 29 7 14 1 34 39 24 26 21 
Coste: 52823
dlb:    00001100010000000100010001111101010111111111111111



ITERACION 100
Solucion:    6 33 35 3 44 22 49 17 0 25 41 27 20 48 42 28 4 9 8 47 10 16 36 32 38 40 30 15 43 12 45 5 18 23 2 37 31 46 11 13 19 29 7 14 1 34 39 24 26 21 
Coste: 52823
dlb:    10001100010000000100010001111101010111111111111111



ITERACION 101
Solucion:    6 33 35 3 44 22 49 17 0 25 41 27 20 48 42 28 4 9 8 47 10 16 36 32 38 40 30 15 43 12 45 5 18 23 2 37 31 46 11 13 19 29 7 14 1 34 39 24 26 21 
Coste: 52823
dlb:    11001100010000000100010001111101010111111111111111



ITERACION 102
Solucion:    6 33 35 3 44 22 49 17 0 25 41 27 20 48 42 28 4 9 8 47 10 16 36 32 38 40 30 15 43 12 45 5 18 23 2 37 31 46 11 13 19 29 7 14 1 34 39 24 26 21 
Coste: 52823
dlb:    11101100010000000100010001111101010111111111111111



ITERACION 103
Solucion:    6 33 35 3 44 22 49 17 0 25 41 27 20 48 42 28 4 9 8 47 10 16 36 32 38 40 30 15 43 12 45 5 18 23 2 37 31 46 11 13 19 29 7 14 1 34 39 24 26 21 
Coste: 52823
dlb:    11111100010000000100010001111101010111111111111111



ITERACION 104
Solucion:    6 33 35 3 44 22 49 17 0 25 41 27 20 48 42 28 4 9 8 47 10 16 36 32 38 40 30 15 43 12 45 5 18 23 2 37 31 46 11 13 19 29 7 14 1 34 39 24 26 21 
Coste: 52823
dlb:    11111100010000000100010001111101010111111111111111



ITERACION 105
Solucion:    6 33 35 3 44 22 49 17 0 25 41 27 20 48 42 28 4 9 8 47 10 16 36 32 38 40 30 15 43 12 45 5 18 23 2 37 31 46 11 13 19 29 7 14 1 34 39 24 26 21 
Coste: 52823
dlb:    11111100010000000100010001111101010111111111111111



ITERACION 106
Solucion:    6 33 35 3 44 22 49 17 0 25 41 27 20 48 42 28 4 9 8 47 10 16 36 32 38 40 30 15 43 12 45 5 18 23 2 37 31 46 11 13 19 29 7 14 1 34 39 24 26 21 
Coste: 52823
dlb:    11111110010000000100010001111101010111111111111111



ITERACION 107
Solucion:    6 33 35 3 44 22 49 17 0 25 41 27 20 48 42 28 4 9 8 47 10 16 36 32 38 40 30 15 43 12 45 5 18 23 2 37 31 46 11 13 19 29 7 14 1 34 39 24 26 21 
Coste: 52823
dlb:    11111111010000000100010001111101010111111111111111



ITERACION 108
Solucion:    6 33 35 3 44 22 49 17 0 25 41 27 20 48 42 28 4 9 8 47 10 16 36 32 38 40 30 15 43 12 45 5 18 23 2 37 31 46 11 13 19 29 7 14 1 34 39 24 26 21 
Coste: 52823
dlb:    11111111110000000100010001111101010111111111111111



ITERACION 109
Solucion:    6 33 35 3 44 22 49 17 0 25 41 27 20 48 42 28 4 9 8 47 10 16 36 32 38 40 30 15 43 12 45 5 18 23 2 37 31 46 11 13 19 29 7 14 1 34 39 24 26 21 
Coste: 52823
dlb:    11111111110000000100010001111101010111111111111111



ITERACION 110
Solucion:    6 33 35 3 44 22 49 17 0 25 41 27 20 48 42 28 4 9 8 47 10 16 36 32 38 40 30 15 43 12 45 5 18 23 2 37 31 46 11 13 19 29 7 14 1 34 39 24 26 21 
Coste: 52823
dlb:    11111111111000000100010001111101010111111111111111



ITERACION 111
Solucion:    6 33 35 3 44 22 49 17 0 25 41 27 20 48 42 28 4 9 8 47 10 16 36 32 38 40 30 15 43 12 45 5 18 23 2 37 31 46 11 13 19 29 7 14 1 34 39 24 26 21 
Coste: 52823
dlb:    11111111111100000100010001111101010111111111111111



ITERACION 112
Solucion:    6 33 35 3 44 22 49 17 0 25 41 27 20 48 42 28 4 9 8 47 10 16 36 32 38 40 30 15 43 12 45 5 18 23 2 37 31 46 11 13 19 29 7 14 1 34 39 24 26 21 
Coste: 52823
dlb:    11111111111110000100010001111101010111111111111111



ITERACION 113
Solucion:    6 33 35 3 44 22 49 17 0 25 41 27 20 48 42 28 4 9 8 47 10 16 36 32 38 40 30 15 43 12 45 5 18 23 2 37 31 46 11 13 19 29 7 14 1 34 39 24 26 21 
Coste: 52823
dlb:    11111111111111000100010001111101010111111111111111



ITERACION 114
Solucion:    6 33 35 3 44 22 49 17 0 25 41 27 20 48 42 28 4 9 8 47 10 16 36 32 38 40 30 15 43 12 45 5 18 23 2 37 31 46 11 13 19 29 7 14 1 34 39 24 26 21 
Coste: 52823
dlb:    11111111111111100100010001111101010111111111111111



ITERACION 115
Solucion:    6 33 35 3 44 22 49 17 0 25 41 27 20 48 42 28 4 9 8 47 10 16 36 32 38 40 30 15 43 12 45 5 18 23 2 37 31 46 11 13 19 29 7 14 1 34 39 24 26 21 
Coste: 52823
dlb:    11111111111111110100010001111101010111111111111111



ITERACION 116
Solucion:    6 33 35 3 44 22 49 17 0 25 41 27 20 48 42 28 4 9 8 47 10 16 36 32 38 40 30 15 43 12 45 5 18 23 2 37 31 46 11 13 19 29 7 14 1 34 39 24 26 21 
Coste: 52823
dlb:    11111111111111111100010001111101010111111111111111



ITERACION 117
Solucion:    6 33 35 3 44 22 49 17 0 25 41 27 20 48 42 28 4 9 8 47 10 16 36 32 38 40 30 15 43 12 45 5 18 23 2 37 31 46 11 13 19 29 7 14 1 34 39 24 26 21 
Coste: 52823
dlb:    11111111111111111100010001111101010111111111111111



ITERACION 118
Solucion:    6 33 35 3 44 22 49 17 0 25 41 27 20 48 42 28 4 9 13 47 10 16 36 32 38 40 30 15 43 12 45 5 18 23 2 37 31 46 11 8 19 29 7 14 1 34 39 24 26 21 
Coste: 52820
dlb:    11111111111111111100010001111101010111101111111111



ITERACION 119
Solucion:    6 33 35 3 44 22 49 17 0 25 41 27 20 48 42 28 4 9 13 47 10 16 36 32 38 40 30 15 43 12 45 5 18 23 2 37 31 46 11 8 19 29 7 14 1 34 39 24 26 21 
Coste: 52820
dlb:    11111111111111111101010001111101010111101111111111



ITERACION 120
Solucion:    6 33 35 3 44 22 49 17 0 25 41 27 20 48 42 28 4 9 13 47 45 16 36 32 38 40 30 15 43 12 10 5 18 23 2 37 31 46 11 8 19 29 7 14 1 34 39 24 26 21 
Coste: 52813
dlb:    11111111111111111101010001111101010111101111111111



ITERACION 121
Solucion:    6 33 35 3 44 22 49 17 0 25 41 27 20 48 42 28 4 9 13 47 45 16 36 32 38 40 30 15 43 12 10 5 18 23 2 37 31 46 11 8 19 29 7 14 1 34 39 24 26 21 
Coste: 52813
dlb:    11111111111111111101010001111101010111101111111111



ITERACION 122
Solucion:    6 33 35 3 44 22 49 17 0 25 41 27 20 48 42 28 4 9 13 47 45 16 36 32 38 40 30 15 43 12 10 5 18 23 2 37 31 46 11 8 19 29 7 14 1 34 39 24 26 21 
Coste: 52813
dlb:    11111111111111111101011001111101010111101111111111



ITERACION 123
Solucion:    6 33 35 3 44 22 49 17 0 25 41 27 20 48 42 28 4 9 13 47 45 16 36 32 38 40 30 15 43 12 10 5 18 23 2 37 31 46 11 8 19 29 7 14 1 34 39 24 26 21 
Coste: 52813
dlb:    11111111111111111101011101111101010111101111111111



ITERACION 124
Solucion:    6 33 35 3 44 22 49 17 0 25 41 27 20 48 42 28 4 9 13 47 45 16 36 32 38 40 30 15 43 12 10 5 18 23 2 37 31 46 11 8 19 29 7 14 1 34 39 24 26 21 
Coste: 52813
dlb:    11111111111111111101011111111101010111101111111111



ITERACION 125
Solucion:    6 33 35 3 44 22 49 17 0 25 41 27 20 48 42 28 4 9 13 47 45 16 36 32 38 40 30 15 43 12 10 5 18 23 2 37 31 46 11 8 19 29 7 14 1 34 39 24 26 21 
Coste: 52813
dlb:    11111111111111111101011111111101010111101111111111



ITERACION 126
Solucion:    6 33 35 3 44 22 49 17 0 25 41 27 20 48 42 28 4 9 13 47 45 16 36 32 38 40 30 15 43 12 10 5 18 23 2 37 31 46 11 8 19 29 7 14 1 34 39 24 26 21 
Coste: 52813
dlb:    11111111111111111101011111111101010111101111111111



ITERACION 127
Solucion:    6 33 35 3 44 22 49 17 0 25 41 27 20 48 42 28 4 9 13 47 45 16 36 32 38 40 30 15 43 12 10 5 18 23 2 37 31 46 11 8 19 29 7 14 1 34 39 24 26 21 
Coste: 52813
dlb:    11111111111111111101011111111101010111101111111111



ITERACION 128
Solucion:    6 33 35 3 44 22 49 17 0 25 41 27 20 48 42 28 4 9 13 47 45 16 36 32 38 40 30 15 43 12 10 5 18 23 2 37 31 46 11 8 19 29 7 14 1 34 39 24 26 21 
Coste: 52813
dlb:    11111111111111111101011111111101010111101111111111



ITERACION 129
Solucion:    6 33 35 3 44 22 49 17 0 25 41 27 20 48 42 28 4 9 13 47 45 16 36 32 38 40 30 15 43 12 10 5 18 23 2 37 31 46 11 8 19 29 7 14 1 34 39 24 26 21 
Coste: 52813
dlb:    11111111111111111101011111111101010111101111111111



ITERACION 130
Solucion:    6 33 35 3 44 22 49 17 0 25 41 27 20 48 42 28 4 9 13 47 45 16 36 32 38 40 30 15 43 12 18 5 10 23 2 37 31 46 11 8 19 29 7 14 1 34 39 24 26 21 
Coste: 52811
dlb:    11111111111111111101011111111101010111101111111111



ITERACION 131
Solucion:    6 33 35 3 44 22 49 17 0 25 41 27 20 48 42 28 4 9 13 47 45 16 36 32 38 40 30 15 43 12 18 5 10 23 2 37 31 46 11 8 19 29 7 14 1 34 39 24 26 21 
Coste: 52811
dlb:    11111111111111111101011111111101010111101111111111



ITERACION 132
Solucion:    6 33 35 3 44 22 49 17 0 25 41 27 20 48 42 28 4 9 13 47 45 16 36 32 38 40 30 15 43 12 18 10 7 23 2 37 31 46 11 8 19 29 5 14 1 34 39 24 26 21 
Coste: 52800
dlb:    11111111111111111101011111111100010111101101111111



ITERACION 133
Solucion:    6 33 35 3 44 22 49 17 0 25 41 27 20 48 42 28 4 9 13 47 45 16 36 32 38 40 30 15 43 12 18 10 7 23 2 37 31 46 11 8 19 29 5 14 1 34 39 24 26 21 
Coste: 52800
dlb:    11111111111111111101011111111100010111101101111111



ITERACION 134
Solucion:    6 33 35 3 44 22 49 17 0 25 41 27 20 48 42 28 4 9 13 47 45 16 36 32 38 40 30 15 43 12 18 10 7 2 37 23 31 46 11 8 19 29 5 14 1 34 39 24 26 21 
Coste: 52791
dlb:    11111111111111111101011111111100000011101101111111



ITERACION 135
Solucion:    6 33 35 3 44 22 49 17 0 25 41 27 20 48 42 28 4 9 13 47 45 16 36 32 38 40 30 15 43 12 18 10 7 2 37 23 31 46 11 8 19 29 5 14 1 34 39 24 26 21 
Coste: 52791
dlb:    11111111111111111101011111111100000111101101111111



ITERACION 136
Solucion:    6 33 35 3 44 22 49 17 0 25 41 27 20 48 42 28 4 9 13 47 45 16 36 32 38 40 30 15 43 12 18 10 7 2 37 23 31 46 11 8 19 29 5 14 1 34 39 24 26 21 
Coste: 52791
dlb:    11111111111111111101011111111100000111101101111111



ITERACION 137
Solucion:    6 33 35 3 44 22 49 17 0 25 41 27 20 48 42 28 4 9 13 47 45 16 36 32 38 40 30 15 43 12 18 10 7 2 37 23 31 46 11 8 19 29 5 14 1 34 39 24 26 21 
Coste: 52791
dlb:    11111111111111111101011111111100000111101101111111



ITERACION 138
Solucion:    6 33 35 3 44 22 49 17 0 25 41 27 20 48 42 28 4 9 13 47 45 16 36 32 38 40 30 15 43 12 18 10 7 2 37 23 31 46 11 8 19 29 5 14 1 34 39 24 26 21 
Coste: 52791
dlb:    11111111111111111101011111111100000111101101111111



ITERACION 139
Solucion:    6 33 35 3 44 22 49 17 0 25 41 27 20 48 42 28 4 9 13 47 45 16 36 32 38 40 30 15 43 12 18 10 7 2 37 23 31 46 11 21 19 29 5 14 1 34 39 24 26 8 
Coste: 52790
dlb:    11111111111111111101011111111100000111101101111110



ITERACION 140
Solucion:    6 33 35 3 44 22 49 17 0 25 41 27 20 48 42 28 4 9 13 47 45 16 36 32 38 40 30 15 43 12 18 10 7 2 37 23 31 46 11 21 19 29 5 14 1 34 39 24 26 8 
Coste: 52790
dlb:    11111111111111111101011111111100000111101101111110



ITERACION 141
Solucion:    6 33 35 3 44 22 49 17 0 25 41 27 20 48 42 28 4 9 13 47 45 16 36 32 38 40 30 15 43 12 18 10 7 2 37 23 31 46 11 21 19 29 5 14 1 34 39 24 26 8 
Coste: 52790
dlb:    11111111111111111101011111111100000111101101111110



ITERACION 142
Solucion:    6 33 35 3 44 22 49 17 0 25 41 27 20 48 42 28 4 9 13 47 45 16 36 32 38 40 30 15 43 12 18 10 5 2 37 23 31 46 11 21 19 29 7 14 1 34 39 24 26 8 
Coste: 52788
dlb:    11111111111111111101011111111100000111101101111110



ITERACION 143
Solucion:    6 33 35 3 44 22 49 17 0 25 41 27 20 48 42 28 4 9 13 47 45 16 36 32 38 40 30 15 43 12 18 10 5 2 37 23 31 46 11 21 19 29 7 14 1 34 39 24 26 8 
Coste: 52788
dlb:    11111111111111111101011111111100000111101101111110



ITERACION 144
Solucion:    6 33 35 3 44 22 49 17 0 25 41 27 20 48 42 28 4 9 13 47 45 16 36 32 38 40 30 15 43 12 18 10 5 2 37 23 31 46 11 21 19 29 7 14 1 34 39 24 26 8 
Coste: 52788
dlb:    11111111111111111101011111111100000111101101111110



ITERACION 145
Solucion:    6 33 35 3 44 22 49 17 0 25 41 27 20 48 42 28 4 9 13 47 45 16 36 32 38 40 30 15 43 12 18 10 5 2 37 23 31 46 11 21 19 29 7 14 1 34 39 24 26 8 
Coste: 52788
dlb:    11111111111111111101011111111100000111101101111110



ITERACION 146
Solucion:    6 33 35 3 44 22 49 17 0 25 41 27 20 48 42 28 4 9 13 47 45 16 36 32 38 40 30 15 43 12 18 10 5 2 37 23 31 46 11 21 19 29 7 14 1 34 39 24 26 8 
Coste: 52788
dlb:    11111111111111111101011111111100000111101101111110



ITERACION 147
Solucion:    6 33 35 3 44 22 49 17 0 25 41 27 20 48 42 28 4 9 13 47 45 16 36 32 38 40 30 15 43 12 18 10 5 2 37 23 31 46 11 21 19 29 7 14 1 34 39 24 26 8 
Coste: 52788
dlb:    11111111111111111101011111111100000111101101111110



ITERACION 148
Solucion:    6 33 35 3 44 22 49 17 0 25 41 27 20 48 42 28 4 9 13 47 45 16 36 32 38 40 30 15 43 12 18 10 5 2 37 23 31 46 11 21 19 29 7 14 1 34 39 24 26 8 
Coste: 52788
dlb:    11111111111111111101011111111100000111101101111110



ITERACION 149
Solucion:    6 33 35 3 44 22 49 17 0 25 41 27 20 48 42 28 4 9 13 47 45 16 36 32 38 40 30 15 43 12 18 10 5 2 37 23 31 46 11 21 19 29 7 14 1 34 39 24 8 26 
Coste: 52776
dlb:    11111111111111111101011111111100000111101101111100



ITERACION 150
Solucion:    6 33 35 3 44 22 49 17 0 25 41 27 20 48 42 28 4 9 13 47 45 16 36 32 38 40 30 15 43 12 18 10 5 2 37 23 31 46 11 21 19 29 7 14 1 34 39 24 8 26 
Coste: 52776
dlb:    11111111111111111101011111111100000111101101111100



ITERACION 151
Solucion:    6 33 35 3 44 22 49 17 0 25 41 27 20 48 42 28 4 9 13 47 45 16 36 32 38 40 30 15 43 12 18 10 5 2 37 23 31 46 11 21 19 29 7 14 1 34 39 24 8 26 
Coste: 52776
dlb:    11111111111111111101011111111100000111101101111100



ITERACION 152
Solucion:    6 33 35 3 44 22 49 17 0 25 41 27 20 48 42 28 4 9 13 47 45 16 36 32 38 40 30 15 43 12 18 10 5 2 37 23 31 46 11 21 19 29 7 14 1 34 39 24 8 26 
Coste: 52776
dlb:    11111111111111111101011111111100000111101101111100



ITERACION 153
Solucion:    6 33 35 3 44 22 49 17 0 25 41 27 20 48 42 28 4 9 13 47 45 16 36 32 38 40 30 15 43 12 18 10 5 2 37 23 31 46 11 21 19 29 7 14 1 34 39 24 8 26 
Coste: 52776
dlb:    11111111111111111101011111111100000111101101111100



ITERACION 154
Solucion:    6 33 35 3 44 22 49 17 0 25 41 27 20 48 42 28 4 9 13 47 45 16 36 32 38 40 30 15 43 12 18 10 5 2 37 23 31 46 11 21 19 29 7 14 1 34 39 24 8 26 
Coste: 52776
dlb:    11111111111111111101011111111100000111101101111100



ITERACION 155
Solucion:    6 33 35 3 44 22 49 17 0 25 41 27 20 48 42 28 4 9 13 47 45 16 36 32 38 40 30 15 43 12 18 10 5 2 37 23 31 46 11 21 19 29 7 14 1 34 39 24 8 26 
Coste: 52776
dlb:    11111111111111111101011111111100000111101101111100



ITERACION 156
Solucion:    6 33 35 3 44 22 49 17 0 25 41 27 20 48 42 28 4 9 13 47 45 16 36 32 38 40 30 15 43 12 18 10 5 2 37 23 31 46 11 21 19 29 7 14 1 34 39 24 8 26 
Coste: 52776
dlb:    11111111111111111101011111111100000111101101111100



ITERACION 157
Solucion:    6 33 35 3 44 22 49 17 0 25 41 27 20 48 42 28 4 9 13 47 45 16 36 32 38 40 30 15 43 12 18 10 5 2 37 23 31 46 11 21 19 29 7 14 1 34 39 24 8 26 
Coste: 52776
dlb:    11111111111111111101011111111100000111101101111100



ITERACION 158
Solucion:    6 33 35 3 44 22 49 17 0 25 41 27 20 48 42 28 4 9 13 47 45 16 36 32 38 40 30 15 43 12 18 10 5 2 37 23 31 46 11 21 19 29 7 14 1 34 39 24 8 26 
Coste: 52776
dlb:    11111111111111111101011111111100000111101101111100



ITERACION 159
Solucion:    6 33 35 3 44 22 49 17 0 25 41 27 20 48 42 28 4 9 13 47 45 16 36 32 38 40 30 15 43 12 18 10 5 2 37 23 31 46 11 21 19 29 7 14 1 34 39 24 8 26 
Coste: 52776
dlb:    11111111111111111101011111111100000111101101111100



ITERACION 160
Solucion:    6 33 35 3 44 22 49 17 0 25 41 27 20 48 42 28 4 9 13 47 45 16 36 32 38 40 30 15 43 12 18 10 5 2 37 23 31 46 11 21 19 29 7 14 1 34 39 24 8 26 
Coste: 52776
dlb:    11111111111111111101011111111100000111101101111100



ITERACION 161
Solucion:    6 33 35 3 44 22 49 17 0 25 41 27 20 48 42 28 4 9 13 47 45 16 36 32 38 40 30 15 43 12 18 10 5 2 37 23 31 46 11 21 19 29 7 14 1 34 39 24 8 26 
Coste: 52776
dlb:    11111111111111111101011111111100000111101101111100



ITERACION 162
Solucion:    6 33 35 3 44 22 49 17 0 25 41 27 20 48 42 28 4 9 13 47 45 16 36 32 38 40 30 15 43 12 18 10 5 2 37 23 31 46 11 21 19 29 7 14 1 34 39 24 8 26 
Coste: 52776
dlb:    11111111111111111101011111111100000111101101111100



ITERACION 163
Solucion:    6 33 35 3 44 22 49 17 0 25 41 27 20 48 42 28 4 9 13 47 45 16 36 32 38 40 30 15 43 12 18 10 5 2 37 23 31 46 11 21 19 29 7 14 1 34 39 24 8 26 
Coste: 52776
dlb:    11111111111111111101011111111100000111101101111100



ITERACION 164
Solucion:    6 33 35 3 44 22 49 17 0 25 41 27 20 48 42 28 4 9 13 47 45 16 36 32 38 40 30 15 43 12 18 10 5 2 37 23 31 46 11 21 19 29 7 14 1 34 39 24 8 26 
Coste: 52776
dlb:    11111111111111111101011111111100000111101101111100



ITERACION 165
Solucion:    6 33 35 3 44 22 49 17 0 25 41 27 20 48 42 28 4 9 13 47 45 16 36 32 38 40 30 15 43 12 18 10 5 2 37 23 31 46 11 21 19 29 7 14 1 34 39 24 8 26 
Coste: 52776
dlb:    11111111111111111101011111111100000111101101111100



ITERACION 166
Solucion:    6 33 35 3 44 22 49 17 0 25 41 27 20 48 42 28 4 9 13 47 45 16 36 32 38 40 30 15 43 12 18 10 5 2 37 23 31 46 11 21 19 29 7 14 1 34 39 24 8 26 
Coste: 52776
dlb:    11111111111111111101011111111100000111101101111100



ITERACION 167
Solucion:    6 33 35 3 44 22 49 17 0 25 41 27 20 48 42 28 4 9 13 47 45 16 36 32 38 40 30 15 43 12 18 10 5 2 37 23 31 46 11 21 19 29 7 14 1 34 39 24 8 26 
Coste: 52776
dlb:    11111111111111111101011111111100000111101101111100



ITERACION 168
Solucion:    6 33 35 3 44 22 49 17 0 25 41 27 20 48 42 28 4 13 9 47 45 16 36 32 38 40 30 15 43 12 18 10 5 2 37 23 31 46 11 21 19 29 7 14 1 34 39 24 8 26 
Coste: 52769
dlb:    11111111111111111001011111111100000111101101111100



ITERACION 169
Solucion:    6 33 35 3 44 22 49 17 0 25 41 27 20 48 42 28 4 13 9 47 45 16 36 32 38 40 30 15 43 12 18 10 5 2 37 23 31 46 11 21 19 29 7 14 1 34 39 24 8 26 
Coste: 52769
dlb:    11111111111111111001011111111100000111101101111100



ITERACION 170
Solucion:    45 6 35 3 44 22 49 17 0 25 33 27 20 48 42 28 4 13 9 47 16 41 36 32 38 40 30 15 43 12 18 10 5 2 37 23 31 46 11 21 19 29 7 14 1 34 39 24 8 26 
Coste: 52709
dlb:    00111111110111111001001111111100000111101101111100



ITERACION 171
Solucion:    45 6 35 3 44 22 49 17 0 25 33 27 20 48 42 28 4 13 9 47 16 41 36 32 38 40 30 15 43 12 18 10 5 2 37 23 31 46 11 21 19 29 7 14 1 34 39 24 8 26 
Coste: 52709
dlb:    00111111110111111001011111111100000111101101111100



ITERACION 172
Solucion:    45 6 35 3 44 22 49 17 0 25 33 27 20 48 42 28 4 13 9 47 16 41 36 32 38 40 30 15 43 12 18 10 5 2 37 23 31 46 11 21 19 29 7 14 1 34 39 24 8 26 
Coste: 52709
dlb:    00111111110111111001011111111100000111101101111100



ITERACION 173
Solucion:    45 6 35 3 44 22 49 17 0 25 33 27 20 48 42 28 4 13 9 47 16 41 36 32 38 40 30 15 43 12 18 10 5 2 37 23 31 46 11 21 19 29 7 14 1 34 39 24 8 26 
Coste: 52709
dlb:    00111111110111111001011111111100000111101101111100



ITERACION 174
Solucion:    45 6 35 3 44 22 49 17 0 25 33 27 20 48 42 28 4 13 9 47 16 41 36 32 38 40 30 15 43 12 18 10 5 2 37 23 31 46 11 21 19 29 7 14 1 34 39 24 8 26 
Coste: 52709
dlb:    00111111110111111001011111111100000111101101111100



ITERACION 175
Solucion:    45 6 35 3 44 22 49 17 0 25 33 27 20 48 42 28 4 13 9 47 16 41 36 32 38 40 30 15 43 12 18 10 5 2 37 23 31 46 11 21 19 29 7 14 1 34 39 24 8 26 
Coste: 52709
dlb:    00111111110111111001011111111100000111101101111100



ITERACION 176
Solucion:    45 6 35 3 44 22 49 17 0 25 33 27 20 48 42 28 4 13 9 47 16 41 36 32 38 40 30 15 43 12 18 10 5 2 37 23 31 46 11 21 19 29 7 14 1 34 39 24 8 26 
Coste: 52709
dlb:    00111111110111111001011111111100000111101101111100



ITERACION 177
Solucion:    45 6 35 3 44 22 49 17 0 25 33 27 20 48 42 28 4 13 9 47 16 41 36 32 38 40 30 15 43 12 18 10 5 2 37 23 31 46 11 21 19 29 7 14 1 34 39 24 8 26 
Coste: 52709
dlb:    00111111110111111001011111111100000111101101111100



ITERACION 178
Solucion:    45 6 35 3 44 22 49 17 0 25 33 27 20 48 42 28 4 13 9 47 16 41 36 32 38 40 30 15 43 12 18 10 5 2 37 23 31 46 11 21 19 29 7 14 1 34 39 24 8 26 
Coste: 52709
dlb:    00111111110111111001011111111100000111101101111100



ITERACION 179
Solucion:    45 6 35 3 44 22 49 17 0 25 33 27 20 48 42 28 4 13 9 47 16 41 36 32 38 40 30 15 43 12 18 10 5 2 37 23 31 46 11 21 19 29 7 14 1 34 39 24 8 26 
Coste: 52709
dlb:    00111111110111111001011111111100000111101101111100



ITERACION 180
Solucion:    45 6 35 3 44 22 49 17 0 25 33 27 20 48 42 28 4 13 9 47 16 41 36 32 38 40 30 15 43 12 18 10 5 2 37 23 31 46 11 21 19 29 7 14 1 34 39 24 8 26 
Coste: 52709
dlb:    00111111110111111001011111111110000111101101111100



ITERACION 181
Solucion:    45 6 35 3 44 22 49 17 0 25 33 27 20 48 42 28 4 13 9 47 16 41 36 32 38 40 30 15 43 12 18 10 5 2 37 23 31 46 11 21 19 29 7 14 1 34 39 24 8 26 
Coste: 52709
dlb:    00111111110111111001011111111111000111101101111100



ITERACION 182
Solucion:    45 6 35 3 44 22 49 17 0 25 33 27 20 48 42 28 4 13 9 47 16 41 36 32 38 40 30 15 43 12 18 10 5 2 37 23 31 46 11 21 19 29 7 14 1 34 39 24 8 26 
Coste: 52709
dlb:    00111111110111111001011111111111100111101101111100



ITERACION 183
Solucion:    45 6 35 3 44 22 49 17 0 25 33 27 20 48 42 28 4 13 9 47 16 41 36 32 38 40 30 15 43 12 18 10 5 2 37 23 31 46 11 21 19 29 7 14 1 34 39 24 8 26 
Coste: 52709
dlb:    00111111110111111001011111111111110111101101111100



ITERACION 184
Solucion:    45 6 35 3 44 22 49 17 0 25 33 27 20 48 42 28 4 13 9 47 16 41 36 32 38 40 30 15 43 12 18 10 5 2 37 23 31 46 11 21 19 29 7 14 1 34 39 24 8 26 
Coste: 52709
dlb:    00111111110111111001011111111111111111101101111100



ITERACION 185
Solucion:    45 6 35 3 44 22 49 17 0 25 33 27 20 48 42 28 4 13 9 47 16 41 36 32 38 40 30 15 43 12 18 10 5 2 37 23 31 46 11 21 19 29 7 14 1 34 39 24 8 26 
Coste: 52709
dlb:    00111111110111111001011111111111111111101101111100



ITERACION 186
Solucion:    45 6 35 3 44 22 49 17 0 25 33 27 20 48 42 28 4 13 9 47 16 41 36 32 38 40 30 15 43 12 18 10 5 2 37 23 31 46 11 21 19 29 7 14 1 34 39 24 8 26 
Coste: 52709
dlb:    00111111110111111001011111111111111111101101111100



ITERACION 187
Solucion:    45 6 35 3 44 22 49 17 0 25 33 27 20 48 42 28 4 13 9 47 16 41 36 32 38 40 30 15 43 12 18 10 5 2 37 23 31 46 11 21 19 29 7 14 1 34 39 24 8 26 
Coste: 52709
dlb:    00111111110111111001011111111111111111101101111100



ITERACION 188
Solucion:    45 6 35 3 44 22 49 17 0 25 33 27 20 48 42 28 4 13 9 47 16 41 36 32 38 40 30 15 43 12 18 10 5 2 37 23 31 46 11 21 19 29 7 14 1 34 39 24 8 26 
Coste: 52709
dlb:    00111111110111111001011111111111111111101101111100



ITERACION 189
Solucion:    45 6 35 3 44 22 49 17 0 25 33 27 20 48 42 28 4 13 9 47 16 41 36 32 38 40 30 15 43 21 18 10 5 2 37 23 31 46 11 24 19 29 7 14 1 34 39 12 8 26 
Coste: 52683
dlb:    00111111110111111001011111111011111111101101111000



ITERACION 190
Solucion:    45 6 35 3 44 22 49 17 0 25 33 27 20 48 42 28 4 13 9 47 16 41 36 32 38 40 30 15 43 21 18 10 5 2 37 23 31 46 11 24 19 29 7 14 1 34 39 12 8 26 
Coste: 52683
dlb:    00111111110111111001011111111011111111101101111000



ITERACION 191
Solucion:    45 6 35 3 44 22 49 17 0 25 33 27 20 48 42 28 4 13 9 47 16 41 36 32 38 40 30 15 43 21 18 10 5 2 37 23 31 46 11 24 19 29 7 14 1 34 39 12 8 26 
Coste: 52683
dlb:    00111111110111111001011111111011111111101101111000



ITERACION 192
Solucion:    45 6 35 3 44 22 49 17 0 25 33 27 20 48 42 28 4 13 9 47 16 41 36 32 38 40 30 15 43 21 18 10 5 2 37 23 31 46 11 24 19 29 7 14 1 34 39 12 8 26 
Coste: 52683
dlb:    00111111110111111001011111111011111111101111111000



ITERACION 193
Solucion:    45 6 35 3 44 22 49 17 0 25 33 27 20 48 42 28 4 13 9 47 16 41 36 32 38 40 30 15 43 21 18 10 5 2 37 23 31 46 11 24 19 29 7 14 1 34 39 12 8 26 
Coste: 52683
dlb:    00111111110111111001011111111011111111101111111000



ITERACION 194
Solucion:    45 6 35 3 44 22 49 17 0 25 33 27 20 48 42 28 4 13 9 47 16 41 36 32 38 40 30 15 43 21 18 10 5 2 37 23 31 46 11 24 19 29 7 14 1 34 39 12 8 26 
Coste: 52683
dlb:    00111111110111111001011111111011111111101111111000



ITERACION 195
Solucion:    45 6 35 3 44 22 49 17 0 25 33 27 20 48 42 28 4 13 9 47 16 41 36 32 38 40 30 15 43 21 18 10 5 2 37 23 31 46 11 24 19 29 7 14 1 34 39 12 8 26 
Coste: 52683
dlb:    00111111110111111001011111111011111111101111111000



ITERACION 196
Solucion:    45 6 35 3 44 22 49 17 0 25 33 27 20 48 42 28 4 13 9 47 16 41 36 32 38 40 30 15 43 21 18 10 5 2 37 23 31 46 11 24 19 29 7 14 1 34 39 12 8 26 
Coste: 52683
dlb:    00111111110111111001011111111011111111101111111000



ITERACION 197
Solucion:    45 6 35 3 44 22 49 17 0 25 33 27 20 48 42 28 4 13 9 47 16 41 36 32 38 40 30 15 43 21 18 10 5 2 37 23 31 12 11 24 19 29 7 14 1 34 39 46 8 26 
Coste: 52682
dlb:    00111111110111111001011111111011111110101111111000



ITERACION 198
Solucion:    45 6 35 3 44 22 49 17 0 25 33 27 20 48 42 28 4 13 9 47 16 41 36 32 38 40 30 15 43 21 18 10 5 2 37 23 31 12 8 24 19 29 7 14 1 34 39 46 11 26 
Coste: 52680
dlb:    00111111110111111001011111111011111110001111111000



ITERACION 199
Solucion:    45 6 35 3 44 22 49 17 0 25 33 27 20 48 42 28 4 13 9 47 16 41 36 32 38 40 30 15 43 21 18 10 5 2 37 23 31 12 8 24 19 29 7 14 1 34 39 46 11 26 
Coste: 52680
dlb:    00111111110111111001011111111011111110001111111001



ITERACION 200
Solucion:    45 6 35 3 44 22 49 17 0 25 33 27 20 48 42 28 4 13 9 47 16 41 36 32 38 40 30 15 43 21 18 10 5 2 37 23 31 12 8 24 19 29 7 14 1 34 39 46 11 26 
Coste: 52680
dlb:    10111111110111111001011111111011111110001111111001



ITERACION 201
Solucion:    45 6 35 3 44 22 49 17 0 25 33 27 20 48 42 28 4 13 9 47 16 41 36 32 38 40 30 15 43 21 18 10 5 2 37 23 31 12 8 24 19 29 7 14 1 34 39 46 11 26 
Coste: 52680
dlb:    11111111110111111001011111111011111110001111111001



ITERACION 202
Solucion:    45 6 35 3 44 22 49 17 0 25 33 27 20 48 42 28 4 13 9 47 16 41 36 32 38 40 30 15 43 21 18 10 5 2 37 23 31 12 8 24 19 29 7 14 1 34 39 46 11 26 
Coste: 52680
dlb:    11111111110111111001011111111011111110001111111001



ITERACION 203
Solucion:    45 6 35 3 44 22 49 17 0 25 33 27 20 48 42 28 4 13 9 47 16 41 36 32 38 40 30 15 43 21 18 10 5 2 37 23 31 12 8 24 19 29 7 14 1 34 39 46 11 26 
Coste: 52680
dlb:    11111111110111111001011111111011111110001111111001



ITERACION 204
Solucion:    45 6 35 3 44 22 49 17 0 25 33 27 20 48 42 28 4 13 9 47 16 41 36 32 38 40 30 15 43 21 18 10 5 2 37 23 31 12 8 24 19 29 7 14 1 34 39 46 11 26 
Coste: 52680
dlb:    11111111110111111001011111111011111110001111111001



ITERACION 205
Solucion:    45 6 35 3 44 22 49 17 0 25 33 27 20 48 42 28 4 13 9 47 16 41 36 32 38 40 30 15 43 21 18 10 5 2 37 23 31 12 8 24 19 29 7 14 1 34 39 46 11 26 
Coste: 52680
dlb:    11111111110111111001011111111011111110001111111001



ITERACION 206
Solucion:    45 6 35 3 44 22 49 17 0 25 33 27 20 48 42 28 4 13 9 47 16 41 36 32 38 40 30 15 43 21 18 10 5 2 37 23 31 12 8 24 19 29 7 14 1 34 39 46 11 26 
Coste: 52680
dlb:    11111111110111111001011111111011111110001111111001



ITERACION 207
Solucion:    45 6 35 3 44 22 49 17 0 25 33 27 20 48 42 28 4 13 9 47 16 41 36 32 38 40 30 15 43 21 18 10 5 2 37 23 31 12 8 24 19 29 7 14 1 34 39 46 11 26 
Coste: 52680
dlb:    11111111110111111001011111111011111110001111111001



ITERACION 208
Solucion:    45 6 35 3 44 22 49 17 0 25 33 27 20 48 42 28 4 13 9 47 16 41 36 32 38 40 30 15 43 21 18 10 5 2 37 23 31 12 8 24 19 29 7 14 1 34 39 46 11 26 
Coste: 52680
dlb:    11111111110111111001011111111011111110001111111001



ITERACION 209
Solucion:    45 6 35 3 44 22 49 17 0 25 33 27 20 48 42 28 4 13 9 47 16 41 36 32 38 40 30 15 43 21 18 10 5 2 37 23 31 12 8 24 19 29 7 14 1 34 39 46 11 26 
Coste: 52680
dlb:    11111111110111111001011111111011111110001111111001



ITERACION 210
Solucion:    45 6 35 3 44 22 49 17 0 25 33 27 20 48 42 28 4 13 9 47 16 41 36 32 38 40 30 15 43 21 18 10 5 2 37 23 31 12 8 24 19 29 7 14 1 34 39 46 11 26 
Coste: 52680
dlb:    11111111111111111001011111111011111110001111111001



ITERACION 211
Solucion:    45 6 35 3 44 22 49 17 0 25 33 27 20 48 42 28 4 13 9 47 16 41 36 32 38 40 30 15 43 21 18 10 5 2 37 23 31 12 8 24 19 29 7 14 1 34 39 46 11 26 
Coste: 52680
dlb:    11111111111111111001011111111011111110001111111001



ITERACION 212
Solucion:    45 6 35 3 44 22 49 17 0 25 33 27 20 48 42 28 4 13 9 47 16 41 36 32 38 40 30 15 43 21 18 10 5 2 37 23 31 12 8 24 19 29 7 14 1 34 39 46 11 26 
Coste: 52680
dlb:    11111111111111111001011111111011111110001111111001



ITERACION 213
Solucion:    45 6 35 3 44 22 49 17 0 25 33 27 20 48 42 28 4 13 9 47 16 41 36 32 38 40 30 15 43 21 18 10 5 2 37 23 31 12 8 24 19 29 7 14 1 34 39 46 11 26 
Coste: 52680
dlb:    11111111111111111001011111111011111110001111111001



ITERACION 214
Solucion:    45 6 35 3 44 22 49 17 0 25 33 27 20 48 42 28 4 13 9 47 16 41 36 32 38 40 30 15 43 21 18 10 5 2 37 23 31 12 8 24 19 29 7 14 1 34 39 46 11 26 
Coste: 52680
dlb:    11111111111111111001011111111011111110001111111001



ITERACION 215
Solucion:    45 6 35 3 44 22 49 17 0 25 33 27 20 48 42 28 4 13 9 47 16 41 36 32 38 40 30 15 43 21 18 10 5 2 37 23 31 12 8 24 19 29 7 14 1 34 39 46 11 26 
Coste: 52680
dlb:    11111111111111111001011111111011111110001111111001



ITERACION 216
Solucion:    45 6 35 3 44 22 49 17 0 25 33 27 20 48 42 28 4 13 9 47 16 41 36 32 38 40 30 15 43 21 18 10 5 2 37 23 31 12 8 24 19 29 7 14 1 34 39 46 11 26 
Coste: 52680
dlb:    11111111111111111001011111111011111110001111111001



ITERACION 217
Solucion:    45 6 35 3 44 22 49 17 0 25 33 27 20 48 42 28 4 13 9 47 16 41 36 32 38 40 30 15 43 21 18 10 5 2 37 23 31 12 8 24 19 29 7 14 1 34 39 46 11 26 
Coste: 52680
dlb:    11111111111111111101011111111011111110001111111001



ITERACION 218
Solucion:    45 6 35 3 44 22 49 17 0 25 33 27 20 48 42 28 4 13 9 47 16 41 36 32 38 40 30 15 43 21 18 10 5 2 37 23 31 12 8 24 19 29 7 14 1 34 39 46 11 26 
Coste: 52680
dlb:    11111111111111111111011111111011111110001111111001



ITERACION 219
Solucion:    45 6 35 3 44 22 49 17 0 25 33 27 20 48 42 28 4 13 9 47 16 41 36 32 38 40 30 15 43 21 18 10 5 2 37 23 31 12 8 24 19 29 7 14 1 34 39 46 11 26 
Coste: 52680
dlb:    11111111111111111111011111111011111110001111111001



ITERACION 220
Solucion:    45 6 35 3 44 22 49 17 0 25 33 27 20 48 42 28 4 13 9 47 16 41 36 32 38 40 30 15 43 21 18 10 5 2 37 23 31 12 8 24 19 29 7 14 1 34 39 46 11 26 
Coste: 52680
dlb:    11111111111111111111111111111011111110001111111001



ITERACION 221
Solucion:    45 6 35 3 44 22 49 17 0 25 33 27 20 48 42 28 4 13 9 47 16 41 36 32 38 40 30 15 43 21 18 10 5 2 37 23 31 12 8 24 19 29 7 14 1 34 39 46 11 26 
Coste: 52680
dlb:    11111111111111111111111111111011111110001111111001



ITERACION 222
Solucion:    45 6 35 3 44 22 49 17 0 25 33 27 20 48 42 28 4 13 9 47 16 41 36 32 38 40 30 15 43 21 18 10 5 2 37 23 31 12 8 24 19 29 7 14 1 34 39 46 11 26 
Coste: 52680
dlb:    11111111111111111111111111111011111110001111111001



ITERACION 223
Solucion:    45 6 35 3 44 22 49 17 0 25 33 27 20 48 42 28 4 13 9 47 16 41 36 32 38 40 30 15 43 21 18 10 5 2 37 23 31 12 8 24 19 29 7 14 1 34 39 46 11 26 
Coste: 52680
dlb:    11111111111111111111111111111011111110001111111001



ITERACION 224
Solucion:    45 6 35 3 44 22 49 17 0 25 33 27 20 48 42 28 4 13 9 47 16 41 36 32 38 40 30 15 43 21 18 10 5 2 37 23 31 12 8 24 19 29 7 14 1 34 39 46 11 26 
Coste: 52680
dlb:    11111111111111111111111111111011111110001111111001



ITERACION 225
Solucion:    45 6 35 3 44 22 49 17 0 25 33 27 20 48 42 28 4 13 9 47 16 41 36 32 38 40 30 15 43 21 18 10 5 2 37 23 31 12 8 24 19 29 7 14 1 34 39 46 11 26 
Coste: 52680
dlb:    11111111111111111111111111111011111110001111111001



ITERACION 226
Solucion:    45 6 35 3 44 22 49 17 0 25 33 27 20 48 42 28 4 13 9 47 16 41 36 32 38 40 30 15 43 21 18 10 5 2 37 23 31 12 8 24 19 29 7 14 1 34 39 46 11 26 
Coste: 52680
dlb:    11111111111111111111111111111011111110001111111001



ITERACION 227
Solucion:    45 6 35 3 44 22 49 17 0 25 33 27 20 48 42 28 4 13 9 47 16 41 36 32 38 40 30 15 43 21 18 10 5 2 37 23 31 12 8 24 19 29 7 14 1 34 39 46 11 26 
Coste: 52680
dlb:    11111111111111111111111111111011111110001111111001



ITERACION 228
Solucion:    45 6 35 3 44 22 49 17 0 25 33 27 20 48 42 28 4 13 9 47 16 41 36 32 38 40 30 15 43 21 18 10 5 2 37 23 31 12 8 24 19 29 7 14 1 34 39 46 11 26 
Coste: 52680
dlb:    11111111111111111111111111111011111110001111111001



ITERACION 229
Solucion:    45 6 35 3 44 22 49 17 0 25 33 27 20 48 42 28 4 13 9 47 16 41 36 32 38 40 30 15 43 21 18 10 5 2 37 23 31 12 8 24 19 29 7 14 1 34 39 46 11 26 
Coste: 52680
dlb:    11111111111111111111111111111111111110001111111001



ITERACION 230
Solucion:    45 6 35 3 44 22 49 17 0 25 33 27 20 48 42 28 4 13 9 47 16 41 36 32 38 40 30 15 43 21 18 10 5 2 37 23 31 12 8 24 19 29 7 14 1 34 39 46 11 26 
Coste: 52680
dlb:    11111111111111111111111111111111111110001111111001



ITERACION 231
Solucion:    45 6 35 3 44 22 49 17 0 25 33 27 20 48 42 28 4 13 9 47 16 41 36 32 38 40 30 15 43 21 18 10 5 2 37 23 31 12 8 24 19 29 7 14 1 34 39 46 11 26 
Coste: 52680
dlb:    11111111111111111111111111111111111110001111111001



ITERACION 232
Solucion:    45 6 35 3 44 22 49 17 0 25 33 27 20 48 42 28 4 13 9 47 16 41 36 32 38 40 30 15 43 21 18 10 5 2 37 23 31 12 8 24 19 29 7 14 1 34 39 46 11 26 
Coste: 52680
dlb:    11111111111111111111111111111111111110001111111001



ITERACION 233
Solucion:    45 6 35 3 44 22 49 17 0 25 33 27 20 48 42 28 4 13 9 47 16 41 36 32 38 40 30 15 43 21 18 10 5 2 37 23 31 12 8 24 19 29 7 14 1 34 39 46 11 26 
Coste: 52680
dlb:    11111111111111111111111111111111111110001111111001



ITERACION 234
Solucion:    45 6 35 3 44 22 49 17 0 25 33 27 20 48 42 28 4 13 9 47 16 41 36 32 38 40 30 15 43 21 18 10 5 2 37 23 31 12 8 24 19 29 7 14 1 34 39 46 11 26 
Coste: 52680
dlb:    11111111111111111111111111111111111110001111111001



ITERACION 235
Solucion:    45 6 35 3 44 22 49 17 0 25 33 27 20 48 42 28 4 13 9 47 16 41 36 32 38 40 30 15 43 21 18 10 5 2 37 23 31 12 8 24 19 29 7 14 1 34 39 46 11 26 
Coste: 52680
dlb:    11111111111111111111111111111111111110001111111001



ITERACION 236
Solucion:    45 6 35 3 44 22 49 17 0 25 33 27 20 48 42 28 4 13 9 47 16 41 36 32 38 40 30 15 43 21 18 10 5 2 37 23 31 12 8 24 19 29 7 14 1 34 39 46 11 26 
Coste: 52680
dlb:    11111111111111111111111111111111111110001111111001



ITERACION 237
Solucion:    45 6 35 3 44 22 49 17 0 25 33 27 20 48 42 28 4 13 9 47 16 41 36 32 38 40 30 15 12 21 18 10 5 2 37 23 31 43 8 24 19 29 7 14 1 34 39 46 11 26 
Coste: 52670
dlb:    11111111111111111111111111110111111110001111111001



ITERACION 238
Solucion:    45 6 35 3 44 22 49 17 0 25 33 27 20 48 42 28 4 13 9 47 16 41 36 32 38 40 30 15 12 21 18 10 5 2 37 23 31 43 11 8 19 29 7 14 1 34 39 46 24 26 
Coste: 52664
dlb:    11111111111111111111111111110111111110001111111001



ITERACION 239
Solucion:    45 6 35 3 44 22 49 17 0 25 33 27 20 48 42 28 4 13 9 47 16 41 36 32 38 40 30 15 12 21 18 10 5 2 37 23 31 43 11 8 19 29 7 14 1 34 39 46 24 26 
Coste: 52664
dlb:    11111111111111111111111111110111111110011111111001



ITERACION 240
Solucion:    45 6 35 3 44 22 49 17 0 25 33 27 20 48 42 28 4 13 9 47 16 41 36 32 38 40 30 15 12 21 18 10 5 2 37 23 31 43 11 8 19 29 7 14 1 34 39 46 24 26 
Coste: 52664
dlb:    11111111111111111111111111110111111110011111111001



ITERACION 241
Solucion:    45 6 35 3 44 22 49 17 0 25 33 27 20 48 42 28 4 13 9 47 16 41 36 32 38 40 30 15 12 21 18 10 5 2 37 23 31 43 11 8 19 29 7 14 1 34 39 46 24 26 
Coste: 52664
dlb:    11111111111111111111111111110111111110011111111001



ITERACION 242
Solucion:    45 6 35 3 44 22 49 17 0 25 33 27 20 48 42 28 4 13 9 47 16 41 36 32 38 40 30 15 12 21 18 10 5 2 37 23 31 43 11 8 19 29 7 14 1 34 39 46 24 26 
Coste: 52664
dlb:    11111111111111111111111111110111111110011111111001



ITERACION 243
Solucion:    45 6 35 3 44 22 49 17 0 25 33 27 20 48 42 28 4 13 9 47 16 41 36 32 38 40 30 15 12 21 18 10 5 2 37 23 31 43 11 8 19 29 7 14 1 34 39 46 24 26 
Coste: 52664
dlb:    11111111111111111111111111110111111110011111111001



ITERACION 244
Solucion:    45 6 35 3 44 22 49 17 0 25 33 27 20 48 42 28 4 13 9 47 16 41 36 32 38 40 30 15 12 21 18 10 5 2 37 23 31 43 11 8 19 29 7 14 1 34 39 46 24 26 
Coste: 52664
dlb:    11111111111111111111111111110111111110011111111001



ITERACION 245
Solucion:    45 6 35 3 44 22 49 17 0 25 33 27 20 48 42 28 4 13 9 47 16 41 36 32 38 40 30 15 12 21 18 10 5 2 37 23 31 43 11 8 19 29 7 14 1 34 39 46 24 26 
Coste: 52664
dlb:    11111111111111111111111111110111111110011111111001



ITERACION 246
Solucion:    45 6 35 3 44 22 49 17 0 25 33 27 20 48 42 28 4 13 9 47 16 41 36 32 38 40 30 15 12 21 18 10 5 2 37 23 31 43 11 8 19 29 7 14 1 34 39 46 24 26 
Coste: 52664
dlb:    11111111111111111111111111110111111110011111111001



ITERACION 247
Solucion:    45 6 35 3 44 22 49 17 0 25 33 27 20 48 42 28 4 13 9 47 16 41 36 32 38 40 30 15 12 21 18 10 5 2 37 23 31 43 11 8 19 29 7 14 1 34 39 46 24 26 
Coste: 52664
dlb:    11111111111111111111111111110111111110011111111101



ITERACION 248
Solucion:    45 6 35 3 44 22 49 17 0 25 33 27 20 48 42 28 4 13 9 47 16 41 36 32 38 40 30 15 12 21 18 10 5 2 37 23 31 43 11 8 19 29 7 14 1 34 39 46 24 26 
Coste: 52664
dlb:    11111111111111111111111111110111111110011111111111



ITERACION 249
Solucion:    45 6 35 3 44 22 49 17 0 25 33 27 20 48 42 28 4 13 9 47 16 41 36 32 38 40 30 15 12 21 18 10 5 2 37 23 31 43 11 8 19 29 7 14 1 34 39 46 24 26 
Coste: 52664
dlb:    11111111111111111111111111110111111110011111111111



ITERACION 250
Solucion:    45 6 35 3 44 22 49 17 0 25 33 27 20 48 42 28 4 13 9 47 16 41 36 32 38 40 30 15 12 21 18 10 5 2 37 23 31 43 11 8 19 29 7 14 1 34 39 46 24 26 
Coste: 52664
dlb:    11111111111111111111111111110111111110011111111111



ITERACION 251
Solucion:    45 6 35 3 44 22 49 17 0 25 33 27 20 48 42 28 4 13 9 47 16 41 36 32 38 40 30 15 12 21 18 10 5 2 37 23 31 43 11 8 19 29 7 14 1 34 39 46 24 26 
Coste: 52664
dlb:    11111111111111111111111111110111111110011111111111



ITERACION 252
Solucion:    45 6 35 3 44 22 49 17 0 25 33 27 20 48 42 28 4 13 9 47 16 41 36 32 38 40 30 15 12 21 18 10 5 2 37 23 31 43 11 8 19 29 7 14 1 34 39 46 24 26 
Coste: 52664
dlb:    11111111111111111111111111110111111110011111111111



ITERACION 253
Solucion:    45 6 35 3 44 22 49 17 0 25 33 27 20 48 42 28 4 13 9 47 16 41 36 32 38 40 30 15 12 21 18 10 5 2 37 23 31 43 11 8 19 29 7 14 1 34 39 46 24 26 
Coste: 52664
dlb:    11111111111111111111111111110111111110011111111111



ITERACION 254
Solucion:    45 6 35 3 44 22 49 17 0 25 33 27 20 48 42 28 4 13 9 47 16 41 36 32 38 40 30 15 12 21 18 10 5 2 37 23 31 43 11 8 19 29 7 14 1 34 39 46 24 26 
Coste: 52664
dlb:    11111111111111111111111111110111111110011111111111



ITERACION 255
Solucion:    45 6 35 3 44 22 49 17 0 25 33 27 20 48 42 28 4 13 9 47 16 41 36 32 38 40 30 15 12 21 18 10 5 2 37 23 31 43 11 8 19 29 7 14 1 34 39 46 24 26 
Coste: 52664
dlb:    11111111111111111111111111110111111110011111111111



ITERACION 256
Solucion:    45 6 35 3 44 22 49 17 0 25 33 27 20 48 42 28 4 13 9 47 16 41 36 32 38 40 30 15 12 21 18 10 5 2 37 23 31 43 11 8 19 29 7 14 1 34 39 46 24 26 
Coste: 52664
dlb:    11111111111111111111111111110111111110011111111111



ITERACION 257
Solucion:    45 6 35 3 44 22 49 17 0 25 33 27 20 48 42 28 4 13 9 47 16 41 36 32 38 40 30 15 12 21 18 10 5 2 37 23 31 43 11 8 19 29 7 14 1 34 39 46 24 26 
Coste: 52664
dlb:    11111111111111111111111111110111111110011111111111



ITERACION 258
Solucion:    45 6 35 3 44 22 49 17 0 25 33 27 20 48 42 28 4 13 9 47 16 41 36 32 38 40 30 15 12 21 18 10 5 2 37 23 31 43 11 8 19 29 7 14 1 34 39 46 24 26 
Coste: 52664
dlb:    11111111111111111111111111110111111110011111111111



ITERACION 259
Solucion:    45 6 35 3 44 22 49 17 0 25 33 27 20 48 42 28 4 13 9 47 16 41 36 32 38 40 30 15 12 21 18 10 5 2 37 23 31 43 11 8 19 29 7 14 1 34 39 46 24 26 
Coste: 52664
dlb:    11111111111111111111111111110111111110011111111111



ITERACION 260
Solucion:    45 6 35 3 44 22 49 17 0 25 33 27 20 48 42 28 4 13 9 47 16 41 36 32 38 40 30 15 12 21 18 10 5 2 37 23 31 43 11 8 19 29 7 14 1 34 39 46 24 26 
Coste: 52664
dlb:    11111111111111111111111111110111111110011111111111



ITERACION 261
Solucion:    45 6 35 3 44 22 49 17 0 25 33 27 20 48 42 28 4 13 9 47 16 41 36 32 38 40 30 15 12 21 18 10 5 2 37 23 31 43 11 8 19 29 7 14 1 34 39 46 24 26 
Coste: 52664
dlb:    11111111111111111111111111110111111110011111111111



ITERACION 262
Solucion:    45 6 35 3 44 22 49 17 0 25 33 27 20 48 42 28 4 13 9 47 16 41 36 32 38 40 30 15 12 21 18 10 5 2 37 23 31 43 11 8 19 29 7 14 1 34 39 46 24 26 
Coste: 52664
dlb:    11111111111111111111111111110111111110011111111111



ITERACION 263
Solucion:    45 6 35 3 44 22 49 17 0 25 33 27 20 48 42 28 4 13 9 47 16 41 36 32 38 40 30 15 12 21 18 10 5 2 37 23 31 43 11 8 19 29 7 14 1 34 39 46 24 26 
Coste: 52664
dlb:    11111111111111111111111111110111111110011111111111



ITERACION 264
Solucion:    45 6 35 3 44 22 49 17 0 25 33 27 20 48 42 28 4 13 9 47 16 41 36 32 38 40 30 15 12 21 18 10 5 2 37 23 31 43 11 8 19 29 7 14 1 34 39 46 24 26 
Coste: 52664
dlb:    11111111111111111111111111110111111110011111111111



ITERACION 265
Solucion:    45 6 35 3 44 22 49 17 0 25 33 27 20 48 42 28 4 13 9 47 16 41 36 32 38 40 30 15 12 21 18 10 5 2 37 23 31 43 11 8 19 29 7 14 1 34 39 46 24 26 
Coste: 52664
dlb:    11111111111111111111111111110111111110011111111111



ITERACION 266
Solucion:    45 6 35 3 44 22 49 17 0 25 33 27 20 48 42 28 4 13 9 47 16 41 36 32 38 40 30 15 12 21 18 10 5 2 37 23 31 43 11 8 19 29 7 14 1 34 39 46 24 26 
Coste: 52664
dlb:    11111111111111111111111111110111111110011111111111



ITERACION 267
Solucion:    45 6 35 3 44 22 49 17 0 25 33 27 20 48 42 28 4 13 9 47 16 41 36 32 38 40 30 15 12 21 18 10 5 2 37 23 31 43 11 8 19 29 7 14 1 34 39 46 24 26 
Coste: 52664
dlb:    11111111111111111111111111110111111110011111111111



ITERACION 268
Solucion:    45 6 35 3 44 22 49 17 0 25 33 27 20 48 42 28 4 13 9 47 16 41 36 32 38 40 30 15 12 21 18 10 5 2 37 23 31 43 11 8 19 29 7 14 1 34 39 46 24 26 
Coste: 52664
dlb:    11111111111111111111111111110111111110011111111111



ITERACION 269
Solucion:    45 6 35 3 44 22 49 17 0 25 33 27 20 48 42 28 4 13 9 47 16 41 36 32 38 40 30 15 12 21 18 10 5 2 37 23 31 43 11 8 19 29 7 14 1 34 39 46 24 26 
Coste: 52664
dlb:    11111111111111111111111111110111111110011111111111



ITERACION 270
Solucion:    45 6 35 3 44 22 49 17 0 25 33 27 20 48 42 28 4 13 9 47 16 41 36 32 38 40 30 15 12 21 18 10 5 2 37 23 31 43 11 8 19 29 7 14 1 34 39 46 24 26 
Coste: 52664
dlb:    11111111111111111111111111110111111110011111111111



ITERACION 271
Solucion:    45 6 35 3 44 22 49 17 0 25 33 27 20 48 42 28 4 13 9 47 16 41 36 32 38 40 30 15 12 21 18 10 5 2 37 23 31 43 11 8 19 29 7 14 1 34 39 46 24 26 
Coste: 52664
dlb:    11111111111111111111111111110111111110011111111111



ITERACION 272
Solucion:    45 6 35 3 44 22 49 17 0 25 33 27 20 48 42 28 4 13 9 47 16 41 36 32 38 40 30 15 12 21 18 10 5 2 37 23 31 43 11 8 19 29 7 14 1 34 39 46 24 26 
Coste: 52664
dlb:    11111111111111111111111111110111111110011111111111



ITERACION 273
Solucion:    45 6 35 3 44 22 49 17 0 25 33 27 20 48 42 28 4 13 9 47 16 41 36 32 38 40 30 15 12 21 18 10 5 2 37 23 31 43 11 8 19 29 7 14 1 34 39 46 24 26 
Coste: 52664
dlb:    11111111111111111111111111110111111110011111111111



ITERACION 274
Solucion:    45 6 35 3 44 22 49 17 0 25 33 27 20 48 42 28 4 13 9 47 16 41 36 32 38 40 30 15 12 21 18 10 5 2 37 23 31 43 11 8 19 29 7 14 1 34 39 46 24 26 
Coste: 52664
dlb:    11111111111111111111111111110111111110011111111111



ITERACION 275
Solucion:    45 6 35 3 44 22 49 17 0 25 33 27 20 48 42 28 4 13 9 47 16 41 36 32 38 40 30 15 12 21 18 10 5 2 37 23 31 43 11 8 19 29 7 14 1 34 39 46 24 26 
Coste: 52664
dlb:    11111111111111111111111111110111111110011111111111



ITERACION 276
Solucion:    45 6 35 3 44 22 49 17 0 25 33 27 20 48 42 28 4 13 9 47 16 41 36 32 38 40 30 15 12 21 18 10 5 2 37 23 31 43 11 8 19 29 7 14 1 34 39 46 24 26 
Coste: 52664
dlb:    11111111111111111111111111110111111110011111111111



ITERACION 277
Solucion:    45 6 35 3 44 22 49 17 0 25 33 27 20 48 42 28 4 13 9 47 16 41 36 32 38 40 30 15 12 21 18 10 5 2 37 23 31 43 11 8 19 29 7 14 1 34 39 46 24 26 
Coste: 52664
dlb:    11111111111111111111111111110111111110011111111111



ITERACION 278
Solucion:    45 6 35 3 44 22 49 17 0 25 33 27 20 48 42 28 4 13 9 47 16 41 36 32 38 40 30 15 12 21 18 10 5 2 37 23 31 43 11 8 19 29 7 14 1 34 39 46 24 26 
Coste: 52664
dlb:    11111111111111111111111111111111111110011111111111



ITERACION 279
Solucion:    45 6 35 3 44 22 49 17 0 25 33 27 20 48 42 28 4 13 9 47 16 41 36 32 38 40 30 15 12 21 18 10 5 2 37 23 31 43 11 8 19 29 7 14 1 34 39 46 24 26 
Coste: 52664
dlb:    11111111111111111111111111111111111110011111111111



ITERACION 280
Solucion:    45 6 35 3 44 22 49 17 0 25 33 27 20 48 42 28 4 13 9 47 16 41 36 32 38 40 30 15 12 21 18 10 5 2 37 23 31 43 11 8 19 29 7 14 1 34 39 46 24 26 
Coste: 52664
dlb:    11111111111111111111111111111111111110011111111111



ITERACION 281
Solucion:    45 6 35 3 44 22 49 17 0 25 33 27 20 48 42 28 4 13 9 47 16 41 36 32 38 40 30 15 12 21 18 10 5 2 37 23 31 43 11 8 19 29 7 14 1 34 39 46 24 26 
Coste: 52664
dlb:    11111111111111111111111111111111111110011111111111



ITERACION 282
Solucion:    45 6 35 3 44 22 49 17 0 25 33 27 20 48 42 28 4 13 9 47 16 41 36 32 38 40 30 15 12 21 18 10 5 2 37 23 31 43 11 8 19 29 7 14 1 34 39 46 24 26 
Coste: 52664
dlb:    11111111111111111111111111111111111110011111111111



ITERACION 283
Solucion:    45 6 35 3 44 22 49 17 0 25 33 27 20 48 42 28 4 13 9 47 16 41 36 32 38 40 30 15 12 21 18 10 5 2 37 23 31 43 11 8 19 29 7 14 1 34 39 46 24 26 
Coste: 52664
dlb:    11111111111111111111111111111111111110011111111111



ITERACION 284
Solucion:    45 6 35 3 44 22 49 17 0 25 33 27 20 48 42 28 4 13 9 47 16 41 36 32 38 40 30 15 12 21 18 10 5 2 37 23 31 43 11 8 19 29 7 14 1 34 39 46 24 26 
Coste: 52664
dlb:    11111111111111111111111111111111111110011111111111



ITERACION 285
Solucion:    45 6 35 3 44 22 49 17 0 25 33 27 20 48 42 28 4 13 9 47 16 41 36 32 38 40 30 15 12 21 18 10 5 2 37 23 31 43 11 8 19 29 7 14 1 34 39 46 24 26 
Coste: 52664
dlb:    11111111111111111111111111111111111110011111111111



ITERACION 286
Solucion:    45 6 35 3 44 22 49 17 0 25 33 27 20 48 42 28 4 13 9 47 16 41 36 32 38 40 30 15 12 21 18 10 5 2 37 23 31 43 11 8 19 29 7 14 1 34 39 46 24 26 
Coste: 52664
dlb:    11111111111111111111111111111111111110011111111111



ITERACION 287
Solucion:    45 6 35 3 44 22 49 17 0 25 33 27 20 48 42 28 4 13 9 47 16 41 36 32 38 40 30 15 12 21 18 10 5 2 37 23 31 43 11 8 19 29 7 14 1 34 39 46 24 26 
Coste: 52664
dlb:    11111111111111111111111111111111111111011111111111



ITERACION 288
Solucion:    45 6 35 3 44 22 49 17 0 25 33 27 20 48 42 28 4 13 9 47 16 41 36 32 38 40 30 15 12 21 18 10 5 2 37 23 31 43 11 8 19 29 7 14 1 34 39 46 24 26 
Coste: 52664
dlb:    11111111111111111111111111111111111111111111111111



ITERACION 289
Solucion:    45 6 35 3 44 22 49 17 0 25 33 27 20 48 42 28 4 13 9 47 16 41 36 32 38 40 30 15 12 21 18 10 5 2 37 23 31 43 11 8 19 29 7 14 1 34 39 46 24 26 
Coste: 52664
dlb:    11111111111111111111111111111111111111111111111111



ITERACION 290
Solucion:    45 6 35 3 44 22 49 17 0 25 33 27 20 48 42 28 4 13 9 47 16 41 36 32 38 40 30 15 12 21 18 10 5 2 37 23 31 43 11 8 19 29 7 14 1 34 39 46 24 26 
Coste: 52664
dlb:    11111111111111111111111111111111111111111111111111



ITERACION 291
Solucion:    45 6 35 3 44 22 49 17 0 25 33 27 20 48 42 28 4 13 9 47 16 41 36 32 38 40 30 15 12 21 18 10 5 2 37 23 31 43 11 8 19 29 7 14 1 34 39 46 24 26 
Coste: 52664
dlb:    11111111111111111111111111111111111111111111111111



ITERACION 292
Solucion:    45 6 35 3 44 22 49 17 0 25 33 27 20 48 42 28 4 13 9 47 16 41 36 32 38 40 30 15 12 21 18 10 5 2 37 23 31 43 11 8 19 29 7 14 1 34 39 46 24 26 
Coste: 52664
dlb:    11111111111111111111111111111111111111111111111111



ITERACION 293
Solucion:    45 6 35 3 44 22 49 17 0 25 33 27 20 48 42 28 4 13 9 47 16 41 36 32 38 40 30 15 12 21 18 10 5 2 37 23 31 43 11 8 19 29 7 14 1 34 39 46 24 26 
Coste: 52664
dlb:    11111111111111111111111111111111111111111111111111



ITERACION 294
Solucion:    45 6 35 3 44 22 49 17 0 25 33 27 20 48 42 28 4 13 9 47 16 41 36 32 38 40 30 15 12 21 18 10 5 2 37 23 31 43 11 8 19 29 7 14 1 34 39 46 24 26 
Coste: 52664
dlb:    11111111111111111111111111111111111111111111111111



ITERACION 295
Solucion:    45 6 35 3 44 22 49 17 0 25 33 27 20 48 42 28 4 13 9 47 16 41 36 32 38 40 30 15 12 21 18 10 5 2 37 23 31 43 11 8 19 29 7 14 1 34 39 46 24 26 
Coste: 52664
dlb:    11111111111111111111111111111111111111111111111111



ITERACION 296
Solucion:    45 6 35 3 44 22 49 17 0 25 33 27 20 48 42 28 4 13 9 47 16 41 36 32 38 40 30 15 12 21 18 10 5 2 37 23 31 43 11 8 19 29 7 14 1 34 39 46 24 26 
Coste: 52664
dlb:    11111111111111111111111111111111111111111111111111



ITERACION 297
Solucion:    45 6 35 3 44 22 49 17 0 25 33 27 20 48 42 28 4 13 9 47 16 41 36 32 38 40 30 15 12 21 18 10 5 2 37 23 31 43 11 8 19 29 7 14 1 34 39 46 24 26 
Coste: 52664
dlb:    11111111111111111111111111111111111111111111111111



ITERACION 298
Solucion:    45 6 35 3 44 22 49 17 0 25 33 27 20 48 42 28 4 13 9 47 16 41 36 32 38 40 30 15 12 21 18 10 5 2 37 23 31 43 11 8 19 29 7 14 1 34 39 46 24 26 
Coste: 52664
dlb:    11111111111111111111111111111111111111111111111111



ITERACION 299
Solucion:    45 6 35 3 44 22 49 17 0 25 33 27 20 48 42 28 4 13 9 47 16 41 36 32 38 40 30 15 12 21 18 10 5 2 37 23 31 43 11 8 19 29 7 14 1 34 39 46 24 26 
Coste: 52664
dlb:    11111111111111111111111111111111111111111111111111



