ITERACION 0
Solucion:    25 32 9 40 22 44 43 26 10 2 34 1 42 24 21 27 37 11 33 23 45 39 8 17 29 41 28 47 46 35 14 3 36 20 38 15 30 13 48 19 5 6 31 12 18 0 16 4 49 7 
Coste: 55993
dlb:    00000000000000000000000000000000000000000000000000



ITERACION 1
Solucion:    25 49 9 40 22 32 44 43 26 2 10 1 42 24 21 27 37 34 33 23 45 39 8 17 29 41 28 47 46 11 35 14 36 20 38 3 15 13 48 19 30 6 5 31 18 0 16 4 12 7 
Coste: 55144
dlb:    00000000000000000000000000000000000000000000000000



ITERACION 2
Solucion:    25 49 31 9 22 32 44 43 26 2 10 40 42 24 21 27 37 34 1 23 45 33 8 39 29 41 28 47 46 11 35 14 36 20 38 3 15 13 48 19 17 6 30 5 18 0 16 4 12 7 
Coste: 54787
dlb:    00000000000000000000000000000000000000000000000000



ITERACION 3
Solucion:    25 49 9 0 22 32 44 43 26 2 10 40 31 42 21 27 24 34 1 23 45 33 8 39 29 41 28 37 46 11 35 14 36 20 38 3 15 13 48 19 17 6 30 47 18 5 16 4 12 7 
Coste: 54571
dlb:    00000000000000000000000000000000000000000000000000



ITERACION 4
Solucion:    25 49 22 0 37 32 44 43 26 2 10 40 31 9 42 27 24 34 1 23 45 33 8 21 29 41 28 39 46 11 35 14 36 20 38 3 15 13 48 19 17 6 30 47 18 5 16 4 12 7 
Coste: 54417
dlb:    00000000000000000000000000000000000000000000000000



ITERACION 5
Solucion:    25 49 22 0 37 13 32 43 26 44 10 40 31 9 42 27 24 34 1 23 45 33 8 21 29 41 2 39 46 11 35 14 36 20 38 28 15 3 48 19 17 6 30 47 18 5 16 4 12 7 
Coste: 54304
dlb:    00000000000000000000000000000000000000000000000000



ITERACION 6
Solucion:    25 49 22 0 37 13 43 32 26 44 10 40 31 9 42 27 24 34 1 23 45 33 8 21 29 41 2 39 46 11 35 14 36 20 38 28 15 3 48 19 17 6 30 47 18 5 16 4 12 7 
Coste: 54285
dlb:    00000000000000000000000000000000000000000000000000



ITERACION 7
Solucion:    25 49 22 0 37 13 43 15 26 32 10 40 31 9 42 27 24 34 1 23 45 33 8 21 29 41 2 39 46 11 35 14 36 20 38 28 44 3 48 19 17 6 30 47 18 5 16 4 12 7 
Coste: 54225
dlb:    00000000000000000000000000000000000000000000000000



ITERACION 8
Solucion:    25 49 22 0 37 13 43 15 12 26 10 40 31 9 42 27 32 34 1 24 45 33 8 21 29 41 2 39 46 11 35 14 36 20 38 23 44 3 48 19 17 6 30 47 18 5 16 4 28 7 
Coste: 54146
dlb:    00000000000000000000000000000000000000000000000000



ITERACION 9
Solucion:    25 49 22 0 37 13 43 15 12 28 10 40 31 9 42 27 32 34 1 26 45 33 8 21 29 41 2 39 46 11 35 14 36 20 38 23 44 3 48 19 17 6 30 47 18 5 16 4 24 7 
Coste: 54121
dlb:    00000000000000000000000000000000000000000000000000



ITERACION 10
Solucion:    25 49 22 10 37 13 43 15 12 28 17 40 31 9 42 27 32 34 1 26 0 33 8 21 29 41 2 39 46 11 35 14 36 20 38 23 44 3 48 19 45 6 30 47 18 5 16 4 24 7 
Coste: 54052
dlb:    00000000000000000000000000000000000000000000000000



ITERACION 11
Solucion:    25 49 40 22 37 13 43 15 12 28 17 8 31 9 42 27 32 34 1 26 0 10 33 21 29 41 2 39 46 11 35 14 36 20 38 23 44 3 48 19 45 6 30 47 18 5 16 4 24 7 
Coste: 53983
dlb:    00000000000000000000000000000000000000000000000000



ITERACION 12
Solucion:    25 49 31 22 37 13 43 15 12 28 17 8 21 9 42 27 32 34 1 26 0 10 33 40 29 41 2 39 46 11 35 14 36 20 38 23 44 3 48 19 45 6 30 47 18 5 16 4 24 7 
Coste: 53945
dlb:    00000000000000000000000000000000000000000000000000



ITERACION 13
Solucion:    25 49 9 22 37 13 43 15 12 28 17 8 21 41 42 31 32 34 1 26 0 10 33 27 29 40 2 39 46 11 35 14 36 20 38 23 44 3 48 19 45 6 30 47 18 5 16 4 24 7 
Coste: 53867
dlb:    00000000000000000000000000000000000000000000000000



ITERACION 14
Solucion:    25 49 9 22 37 13 43 15 12 28 17 8 21 41 40 31 32 34 1 26 0 10 33 27 29 42 2 39 46 11 35 14 36 20 38 23 44 3 48 19 45 6 30 47 18 5 16 4 24 7 
Coste: 53845
dlb:    00000000000000000000000000000000000000000000000000



ITERACION 15
Solucion:    25 49 9 22 31 13 43 15 12 28 17 8 21 41 40 5 32 34 1 26 0 10 33 27 29 42 2 37 46 11 35 14 36 20 38 23 44 3 39 19 45 6 30 47 18 48 16 4 24 7 
Coste: 53753
dlb:    00000000000000000000000000000000000000000000000000



ITERACION 16
Solucion:    25 49 9 22 31 13 43 15 12 32 17 8 21 41 40 28 37 34 1 26 0 10 33 27 29 42 2 5 46 11 35 14 36 20 38 23 44 3 39 19 45 6 30 47 18 48 16 4 24 7 
Coste: 53705
dlb:    00000000000000000000000000000000000000000000000000



ITERACION 17
Solucion:    25 49 9 22 31 13 43 15 12 32 17 8 21 41 40 28 37 34 1 26 0 10 33 27 29 42 2 5 46 11 35 14 36 20 38 23 44 3 39 19 45 6 30 47 18 48 16 4 24 7 
Coste: 53705
dlb:    00000000000000000100000000000000000000000000000000



ITERACION 18
Solucion:    25 49 9 22 31 13 43 15 12 1 17 8 21 41 40 28 37 32 39 26 0 10 33 27 29 42 2 5 46 11 35 14 36 20 38 23 44 3 34 19 45 6 30 47 18 48 16 4 24 7 
Coste: 53682
dlb:    00000000000000000000000000000000000000000000000000



ITERACION 19
Solucion:    25 49 9 22 31 13 43 15 12 1 17 8 21 41 40 28 37 32 39 24 0 10 33 27 29 42 2 5 46 11 35 14 36 20 38 23 44 3 34 19 45 6 30 47 18 48 16 4 26 7 
Coste: 53650
dlb:    00000000000000000000000000000000000000000000000000



ITERACION 20
Solucion:    25 49 9 22 31 13 43 15 12 1 0 8 21 41 40 28 37 32 39 24 17 10 33 27 29 42 2 5 46 11 35 14 36 20 38 23 44 3 34 19 45 6 30 47 18 48 16 4 26 7 
Coste: 53627
dlb:    00000000000000000000000000000000000000000000000000



ITERACION 21
Solucion:    25 49 9 22 31 13 43 15 12 1 0 8 21 41 40 28 37 32 39 24 17 14 10 27 29 42 2 5 46 11 35 33 36 20 38 23 44 3 34 19 45 6 30 47 18 48 16 4 26 7 
Coste: 53587
dlb:    00000000000000000000000000000000000000000000000000



ITERACION 22
Solucion:    25 49 9 22 31 13 43 15 12 1 0 8 21 41 40 28 37 32 39 24 17 14 20 27 29 42 2 5 46 11 35 33 36 10 38 23 44 3 34 19 45 6 30 47 18 48 16 4 26 7 
Coste: 53585
dlb:    00000000000000000000000000000000000000000000000000



ITERACION 23
Solucion:    25 49 9 22 31 13 43 15 12 1 0 8 21 41 40 28 37 32 39 24 17 14 20 48 29 42 2 5 46 11 35 33 36 27 38 23 44 3 34 19 45 6 30 47 18 10 16 4 26 7 
Coste: 53542
dlb:    00000000000000000000000000000000000000000000000000



ITERACION 24
Solucion:    25 49 9 22 31 13 43 15 12 1 0 8 21 41 40 28 37 32 39 24 17 14 20 48 38 42 2 5 46 11 35 33 29 27 36 23 44 3 34 19 45 6 30 47 18 10 16 4 26 7 
Coste: 53516
dlb:    00000000000000000000000000000000000000000000000000



ITERACION 25
Solucion:    25 49 9 22 31 13 43 15 12 1 0 8 21 41 40 28 37 32 39 24 17 14 20 48 38 23 2 5 46 11 35 33 29 27 42 36 44 3 34 19 45 6 30 47 18 10 16 4 26 7 
Coste: 53460
dlb:    00000000000000000000000000000000000000000000000000



ITERACION 26
Solucion:    25 49 9 22 31 13 43 15 12 1 0 8 21 41 40 28 37 32 39 24 17 14 20 48 38 23 2 5 46 11 35 33 29 27 42 36 44 3 34 19 45 6 30 47 18 10 16 4 26 7 
Coste: 53460
dlb:    00000000000000000000000000100000000000000000000000



ITERACION 27
Solucion:    25 49 9 22 31 13 43 15 12 1 0 8 21 41 40 28 37 5 39 24 17 14 20 48 38 23 2 18 46 11 35 33 29 27 42 36 44 32 34 19 45 6 30 47 3 10 16 4 26 7 
Coste: 53428
dlb:    00000000000000000000000000100000000000000000000000



ITERACION 28
Solucion:    25 49 9 22 31 13 43 15 12 1 0 8 21 41 40 28 37 46 39 24 17 14 20 48 38 23 2 18 5 11 35 33 29 27 42 36 44 32 34 19 45 6 30 47 3 10 16 4 26 7 
Coste: 53420
dlb:    00000000000000000000000000100000000000000000000000



ITERACION 29
Solucion:    25 49 9 22 31 13 43 15 12 1 0 8 21 41 40 28 37 46 39 24 17 14 20 48 38 23 2 18 5 11 35 33 29 27 42 36 44 32 34 19 45 6 30 47 3 10 16 4 26 7 
Coste: 53420
dlb:    00000000000000000000000000100100000000000000000000



ITERACION 30
Solucion:    25 49 9 22 31 13 43 15 12 1 0 8 21 41 40 28 37 46 39 24 17 14 20 48 38 23 2 18 5 11 47 35 29 27 42 36 44 32 34 19 45 6 30 33 3 10 16 4 26 7 
Coste: 53412
dlb:    00000000000000000000000000100100000000000000000000



ITERACION 31
Solucion:    25 49 9 22 31 13 43 15 12 1 0 8 21 41 40 28 37 46 39 24 17 14 20 48 38 23 2 18 5 11 47 30 29 27 42 36 44 32 34 19 45 6 35 33 3 10 16 4 26 7 
Coste: 53400
dlb:    00000000000000000000000000100100000000000000000000



ITERACION 32
Solucion:    25 49 9 22 31 13 43 15 12 1 0 8 21 29 40 28 37 46 39 24 17 14 20 48 38 23 2 18 5 11 47 30 33 41 42 36 44 32 34 19 45 6 35 27 3 10 16 4 26 7 
Coste: 53382
dlb:    00000000000000000000000000100100000000000000000000



ITERACION 33
Solucion:    25 49 9 22 31 13 43 15 12 1 0 8 21 29 40 28 37 46 39 24 17 14 20 48 38 23 2 18 5 11 47 30 33 27 42 36 44 32 34 19 45 6 35 41 3 10 16 4 26 7 
Coste: 53364
dlb:    00000000000000000000000000100100000000000000000000



ITERACION 34
Solucion:    25 49 9 22 31 13 43 15 12 1 0 8 21 29 40 28 37 46 39 24 17 14 20 48 38 23 2 18 5 11 47 30 33 27 36 42 44 32 34 19 45 6 35 41 3 10 16 4 26 7 
Coste: 53351
dlb:    00000000000000000000000000100100000000000000000000



ITERACION 35
Solucion:    25 49 9 22 31 13 43 15 12 1 0 8 21 29 40 28 37 46 39 24 17 14 20 48 38 23 2 18 5 11 47 30 33 27 36 10 44 32 34 19 45 6 35 41 42 3 16 4 26 7 
Coste: 53327
dlb:    00000000000000000000000000100100000000000000000000



ITERACION 36
Solucion:    25 49 9 22 31 13 43 15 12 1 0 8 21 29 40 28 37 46 39 24 17 14 20 48 38 23 2 18 5 11 47 30 33 27 36 10 44 32 34 19 45 6 35 41 42 3 16 4 26 7 
Coste: 53327
dlb:    00000000000000000000000000100100000010000000000000



ITERACION 37
Solucion:    25 49 9 22 31 13 43 15 12 1 0 8 21 29 40 28 37 46 39 24 17 14 20 48 38 23 2 18 5 11 47 30 33 27 36 10 44 4 34 19 45 6 35 41 42 3 16 32 26 7 
Coste: 53317
dlb:    00000000000000000000000000100100000010000000000000



ITERACION 38
Solucion:    25 49 9 22 31 13 43 15 12 1 0 8 21 29 40 28 37 34 39 24 17 14 20 48 38 23 2 46 5 11 47 30 33 27 36 10 44 4 18 19 45 6 35 41 42 3 16 32 26 7 
Coste: 53256
dlb:    00000000000000000000000000100100000010000000000000



ITERACION 39
Solucion:    25 49 9 22 31 13 43 15 12 1 0 8 21 29 40 28 37 34 39 24 17 14 20 48 38 23 2 46 5 11 47 30 33 27 36 10 44 4 18 19 45 6 35 41 42 3 16 32 26 7 
Coste: 53256
dlb:    00000000000000000000000000100100000010010000000000



ITERACION 40
Solucion:    25 49 9 22 31 13 43 15 12 1 0 8 21 29 40 28 37 34 39 24 17 14 20 48 38 23 2 46 5 11 47 30 33 27 36 10 44 4 18 19 45 6 35 41 42 3 16 32 26 7 
Coste: 53256
dlb:    00000000000000000000000000100100000010011000000000



ITERACION 41
Solucion:    25 49 9 22 31 13 43 15 12 1 0 8 21 29 40 28 37 34 39 24 17 14 20 48 38 23 2 46 5 11 6 30 47 27 36 10 44 4 18 19 45 33 35 41 42 3 16 32 26 7 
Coste: 53230
dlb:    00000000000000000000000000100100000010011000000000



ITERACION 42
Solucion:    25 49 9 22 31 13 43 15 12 1 0 8 21 29 40 28 37 34 39 24 17 14 20 48 38 23 2 46 5 11 6 30 47 27 36 10 44 4 18 19 45 33 35 41 42 3 16 32 26 7 
Coste: 53230
dlb:    00000000000000000000000000100100000010011010000000



ITERACION 43
Solucion:    25 49 9 22 31 13 43 15 12 1 0 8 21 29 40 28 37 34 39 24 17 14 20 48 38 23 2 46 5 11 6 30 47 27 36 10 44 4 18 19 45 33 35 41 42 3 16 32 26 7 
Coste: 53230
dlb:    00000000000000000000000000100100000010011011000000



ITERACION 44
Solucion:    25 49 9 22 31 13 43 15 12 1 0 8 21 29 40 28 37 34 39 24 17 14 20 48 38 23 2 46 5 11 6 30 47 27 42 10 44 4 18 19 45 33 35 41 36 3 16 32 26 7 
Coste: 53217
dlb:    00000000000000000000000000100100000010011011000000



ITERACION 45
Solucion:    25 49 9 22 31 13 43 15 12 1 0 8 21 29 40 28 37 34 39 24 17 14 20 48 38 23 2 46 5 11 6 30 47 27 42 10 44 4 18 19 45 33 35 41 36 16 3 32 26 7 
Coste: 53205
dlb:    00000000000000000000000000100100000010011011000000



ITERACION 46
Solucion:    25 49 9 22 31 13 43 15 12 1 0 8 21 29 40 28 37 34 39 24 17 14 20 48 38 23 2 46 5 11 6 30 47 27 42 10 44 4 18 19 45 33 35 41 36 16 3 32 26 7 
Coste: 53205
dlb:    00000000000000000000000000100100000010011011001000



ITERACION 47
Solucion:    25 49 9 22 31 13 43 15 12 1 0 8 21 29 40 28 37 34 39 24 17 14 20 48 38 23 2 46 5 11 6 30 47 27 42 10 44 4 18 19 45 33 35 41 36 16 3 7 26 32 
Coste: 53193
dlb:    00000000000000000000000000100100000010011011001000



ITERACION 48
Solucion:    25 49 9 22 31 13 43 15 12 1 0 8 21 29 40 28 37 34 39 24 17 14 20 48 38 23 2 46 5 11 6 30 47 27 42 10 44 4 18 19 45 33 35 41 36 16 3 7 32 26 
Coste: 53166
dlb:    00000000000000000000000000100100000010011011001000



ITERACION 49
Solucion:    25 49 9 22 31 13 43 15 12 1 0 8 21 29 40 28 37 34 39 24 17 14 20 48 38 23 2 46 5 11 6 30 47 27 42 10 44 4 18 19 45 33 35 41 36 16 3 7 32 26 
Coste: 53166
dlb:    00000000000000000000000000100100000010011011001001



ITERACION 50
Solucion:    25 49 9 22 31 13 43 15 12 1 0 8 21 29 40 28 37 34 39 24 17 14 20 48 38 23 2 46 5 11 6 30 47 27 42 10 44 4 18 19 45 33 35 41 36 16 3 7 32 26 
Coste: 53166
dlb:    10000000000000000000000000100100000010011011001001



ITERACION 51
Solucion:    25 21 9 22 31 49 43 15 12 1 0 8 13 29 40 28 37 34 39 24 17 14 20 48 38 23 2 46 5 11 6 30 47 27 42 10 44 4 18 19 45 33 35 41 36 16 3 7 32 26 
Coste: 53140
dlb:    10000000000000000000000000100100000010011011001001



ITERACION 52
Solucion:    25 21 13 9 31 22 43 15 12 1 0 8 49 29 40 28 37 34 39 24 17 14 20 48 38 23 2 46 5 11 6 30 47 27 42 10 44 4 18 19 45 33 35 41 36 16 3 7 32 26 
Coste: 53113
dlb:    10000000000000000000000000100100000010011011001001



ITERACION 53
Solucion:    25 21 13 9 31 22 43 15 12 1 0 8 49 29 40 28 37 34 39 24 17 14 20 48 38 23 2 46 5 11 6 30 47 27 42 10 44 4 18 19 45 33 35 41 36 16 3 7 32 26 
Coste: 53113
dlb:    10010000000000000000000000100100000010011011001001



ITERACION 54
Solucion:    25 21 13 9 28 31 43 15 12 1 0 8 49 29 40 22 37 34 39 24 17 14 20 48 38 23 2 46 5 11 6 30 47 27 42 10 44 4 18 19 45 33 35 41 36 16 3 7 32 26 
Coste: 53070
dlb:    10010000000000000000000000100100000010011011001001



ITERACION 55
Solucion:    25 21 13 9 28 22 43 15 12 1 0 8 49 29 40 31 37 34 39 24 17 14 20 48 38 23 2 46 5 11 6 30 47 27 42 10 44 4 18 19 45 33 35 41 36 16 3 7 32 26 
Coste: 53053
dlb:    10010000000000000000000000100100000010011011001001



ITERACION 56
Solucion:    25 21 13 9 28 22 34 15 12 1 0 8 49 29 40 31 37 43 39 24 17 14 20 48 38 23 2 46 5 11 6 30 47 27 42 10 44 4 18 19 45 33 35 41 36 16 3 7 32 26 
Coste: 53037
dlb:    10010000000000000000000000100100000010011011001001



ITERACION 57
Solucion:    25 21 13 9 28 22 34 43 12 1 0 8 49 29 40 31 37 15 39 24 17 14 20 48 38 23 2 46 5 11 6 30 47 27 42 10 44 4 18 19 45 33 35 41 36 16 3 7 32 26 
Coste: 53030
dlb:    10010000000000000000000000100100000010011011001001



ITERACION 58
Solucion:    25 21 13 9 28 22 12 43 34 1 0 8 49 29 40 31 37 15 39 24 17 14 20 48 38 23 2 46 5 11 6 30 47 27 42 10 44 4 18 19 45 33 35 41 36 16 3 7 32 26 
Coste: 53008
dlb:    10010000000000000000000000100100000010011011001001



ITERACION 59
Solucion:    25 21 13 9 28 22 12 43 34 24 0 8 49 29 40 31 37 15 39 1 17 14 20 48 38 23 2 46 5 11 6 30 47 27 42 10 44 4 18 19 45 33 35 41 36 16 3 7 32 26 
Coste: 53004
dlb:    10010000000000000000000000100100000010011011001001



ITERACION 60
Solucion:    25 21 13 9 28 22 12 43 34 24 0 8 49 29 40 31 37 15 39 1 17 14 20 48 38 23 2 46 5 11 6 30 47 27 42 10 44 4 18 19 45 33 35 41 36 16 3 7 32 26 
Coste: 53004
dlb:    10010000001000000000000000100100000010011011001001



ITERACION 61
Solucion:    25 21 13 9 28 22 12 43 34 24 0 49 8 29 40 31 37 15 39 1 17 14 20 48 38 23 2 46 5 11 6 30 47 27 42 10 44 4 18 19 45 33 35 41 36 16 3 7 32 26 
Coste: 53001
dlb:    10010000001000000000000000100100000010011011001001



ITERACION 62
Solucion:    25 21 13 9 28 22 12 43 34 24 0 49 8 29 40 31 37 15 39 1 17 14 20 48 38 23 2 46 5 11 6 30 47 27 42 10 44 4 18 19 45 33 35 41 36 16 3 7 32 26 
Coste: 53001
dlb:    10010000001010000000000000100100000010011011001001



ITERACION 63
Solucion:    25 21 13 9 28 22 12 43 34 24 0 49 8 29 40 31 37 15 39 1 17 14 20 48 38 23 2 46 5 11 6 30 47 27 42 10 44 4 18 19 45 33 35 41 36 16 3 7 32 26 
Coste: 53001
dlb:    10010000001011000000000000100100000010011011001001



ITERACION 64
Solucion:    25 21 13 9 28 22 12 43 34 24 0 49 8 29 40 31 37 15 39 1 17 14 20 48 38 23 2 46 5 11 6 30 47 27 42 10 44 4 18 19 45 33 35 41 36 16 3 7 32 26 
Coste: 53001
dlb:    10010000001011100000000000100100000010011011001001



ITERACION 65
Solucion:    25 21 13 9 28 22 12 43 34 24 0 49 8 29 40 31 37 15 39 1 17 14 20 48 38 23 2 46 5 11 6 30 47 27 42 10 44 4 18 19 45 33 35 41 36 16 3 7 32 26 
Coste: 53001
dlb:    10010000001011110000000000100100000010011011001001



ITERACION 66
Solucion:    25 21 13 9 28 22 12 43 34 24 0 49 8 29 40 31 37 15 39 1 17 14 20 48 38 23 2 46 5 11 6 30 47 27 42 10 44 4 18 19 45 33 35 41 36 16 3 7 32 26 
Coste: 53001
dlb:    10010000001011111000000000100100000010011011001001



ITERACION 67
Solucion:    25 21 13 9 28 22 12 43 34 24 0 49 8 29 40 31 37 15 39 1 17 14 20 48 38 23 2 46 5 11 6 30 47 27 42 10 44 4 18 19 45 33 35 41 36 16 3 7 32 26 
Coste: 53001
dlb:    10010000001011111100000000100100000010011011001001



ITERACION 68
Solucion:    25 21 13 9 28 22 12 43 34 24 0 49 8 29 40 31 37 15 39 1 17 14 20 48 38 23 2 46 5 11 6 30 47 27 42 10 44 4 18 19 45 33 35 41 36 16 3 7 32 26 
Coste: 53001
dlb:    10010000001011111110000000100100000010011011001001



ITERACION 69
Solucion:    25 21 13 9 28 22 12 43 34 24 0 49 8 29 40 31 37 15 39 1 17 14 20 48 38 23 2 46 5 11 6 30 47 27 42 10 44 4 18 19 45 33 35 41 36 16 3 7 32 26 
Coste: 53001
dlb:    10010000001011111111000000100100000010011011001001



ITERACION 70
Solucion:    25 21 13 9 28 22 12 43 34 24 0 49 8 29 40 31 37 15 39 1 17 14 20 48 38 23 2 46 5 11 6 30 47 27 42 10 44 4 18 19 45 33 35 41 36 16 3 7 32 26 
Coste: 53001
dlb:    10010000001011111111100000100100000010011011001001



ITERACION 71
Solucion:    25 21 13 9 28 22 12 43 34 24 0 49 8 29 40 31 37 15 39 1 17 14 20 48 38 23 2 46 5 11 6 30 47 27 42 10 44 4 18 19 45 33 35 41 36 16 3 7 32 26 
Coste: 53001
dlb:    10010000001011111111110000100100000010011011001001



ITERACION 72
Solucion:    25 21 13 9 28 22 12 43 34 24 0 49 8 29 40 31 37 15 39 1 17 14 30 48 38 23 2 46 5 11 6 20 47 27 42 10 44 4 18 19 45 33 35 41 36 16 3 7 32 26 
Coste: 52999
dlb:    10010000001011111111110000100100000010011011001001



ITERACION 73
Solucion:    25 21 13 9 28 22 12 43 34 24 0 49 8 29 40 31 37 15 39 1 17 14 30 48 38 23 2 46 5 11 6 20 47 27 42 10 44 4 18 19 45 33 35 41 36 16 3 7 32 26 
Coste: 52999
dlb:    10010000001011111111110100100100000010011011001001



ITERACION 74
Solucion:    25 21 13 9 28 22 12 43 34 24 0 49 8 29 40 31 37 15 39 1 17 14 30 48 38 23 2 46 5 11 6 20 47 27 42 10 44 4 18 19 45 33 35 41 36 16 3 7 32 26 
Coste: 52999
dlb:    10010000001011111111110110100100000010011011001001



ITERACION 75
Solucion:    25 21 13 9 28 22 12 43 34 24 0 49 8 29 40 31 37 15 39 1 17 14 30 48 38 23 2 46 5 11 6 20 47 27 42 10 44 4 18 19 45 33 35 41 36 16 3 7 32 26 
Coste: 52999
dlb:    10010000001011111111110111100100000010011011001001



ITERACION 76
Solucion:    25 21 13 9 28 22 12 43 34 24 0 49 8 29 40 31 37 15 39 1 17 14 30 48 38 23 2 46 5 11 6 20 47 27 42 10 44 4 18 19 45 33 35 41 36 16 3 7 32 26 
Coste: 52999
dlb:    10010000001011111111110111100100000010011011001001



ITERACION 77
Solucion:    25 21 13 9 28 22 12 43 34 24 0 49 8 29 40 31 37 15 39 1 17 14 30 48 38 23 2 46 5 11 6 20 47 27 42 10 44 4 18 19 45 33 35 41 36 16 3 7 32 26 
Coste: 52999
dlb:    10010000001011111111110111110100000010011011001001



ITERACION 78
Solucion:    25 21 13 9 28 22 12 43 34 24 0 49 8 29 40 31 37 15 39 1 17 14 30 48 38 23 2 46 5 11 6 20 47 27 42 10 44 4 18 19 45 33 35 41 36 16 3 7 32 26 
Coste: 52999
dlb:    10010000001011111111110111111100000010011011001001



ITERACION 79
Solucion:    25 21 13 9 28 22 12 43 34 24 0 49 8 29 40 31 37 15 39 1 17 14 30 48 38 23 2 46 5 11 6 20 47 27 42 10 44 4 18 19 45 33 35 41 36 16 3 7 32 26 
Coste: 52999
dlb:    10010000001011111111110111111100000010011011001001



ITERACION 80
Solucion:    25 21 13 9 28 22 12 43 34 24 0 49 8 29 40 31 37 15 39 1 17 14 30 48 38 23 2 46 5 11 6 20 47 27 42 10 44 4 18 19 45 33 35 41 36 16 3 7 32 26 
Coste: 52999
dlb:    10010000001011111111110111111110000010011011001001



ITERACION 81
Solucion:    25 21 13 9 28 22 12 43 34 24 0 49 8 29 40 31 37 15 39 1 17 14 30 48 38 23 2 46 5 11 6 47 20 27 42 10 44 4 18 19 45 33 35 41 36 16 3 7 32 26 
Coste: 52990
dlb:    10010000001011111111110111111110000010011011001001



ITERACION 82
Solucion:    25 21 13 9 28 22 12 43 34 24 0 49 8 29 40 31 37 15 39 1 17 14 30 48 38 23 2 46 5 11 6 47 20 27 42 10 44 4 18 19 45 33 35 41 36 16 3 7 32 26 
Coste: 52990
dlb:    10010000001011111111110111111110100010011011001001



ITERACION 83
Solucion:    25 21 13 9 28 22 12 43 34 24 0 49 8 29 40 31 37 15 39 1 17 14 30 48 38 23 2 46 5 11 6 47 20 27 42 10 44 4 18 19 45 33 35 41 36 16 3 7 32 26 
Coste: 52990
dlb:    10010000001011111111110111111110110010011011001001



ITERACION 84
Solucion:    25 21 13 9 28 22 12 43 34 24 0 49 8 29 40 31 37 15 39 1 17 14 30 48 38 23 2 46 5 11 6 47 20 27 10 42 44 4 18 19 45 33 35 41 36 16 3 7 32 26 
Coste: 52983
dlb:    10010000001011111111110111111110110010011011001001



ITERACION 85
Solucion:    25 21 13 9 28 22 12 43 34 24 0 49 8 29 40 31 37 15 39 1 17 14 30 48 38 23 2 46 5 11 6 47 20 27 10 42 44 4 18 19 45 33 35 41 36 16 3 7 32 26 
Coste: 52983
dlb:    10010000001011111111110111111110110110011011001001



ITERACION 86
Solucion:    25 21 13 9 28 22 12 43 34 24 0 49 8 29 40 31 37 15 39 1 17 14 30 48 38 23 2 46 5 11 6 47 20 27 10 42 44 4 18 19 45 33 35 41 36 16 3 7 32 26 
Coste: 52983
dlb:    10010000001011111111110111111110110110011011001001



ITERACION 87
Solucion:    25 21 13 9 28 22 12 43 34 24 0 49 8 29 40 31 37 15 39 1 17 14 30 48 38 23 2 46 5 11 6 47 20 27 10 42 44 7 18 19 45 33 35 41 36 16 3 4 32 26 
Coste: 52977
dlb:    10010000001011111111110111111110110110011011001001



ITERACION 88
Solucion:    25 21 13 9 28 22 12 43 34 24 0 49 8 29 40 31 37 15 39 1 17 14 30 48 38 23 2 46 5 11 6 47 20 27 10 42 44 7 18 19 45 33 35 41 36 16 3 4 32 26 
Coste: 52977
dlb:    10010000001011111111110111111110110110111011001001



ITERACION 89
Solucion:    25 21 13 9 28 22 12 43 34 24 0 49 8 29 40 31 37 15 39 1 17 14 30 48 38 23 2 46 5 11 6 47 20 27 10 42 44 7 18 19 45 33 35 41 36 16 3 4 32 26 
Coste: 52977
dlb:    10010000001011111111110111111110110110111011001001



ITERACION 90
Solucion:    25 21 13 9 28 22 12 43 34 24 0 49 8 29 40 31 37 15 39 1 17 14 30 48 38 23 2 46 5 11 6 47 20 27 10 42 44 7 18 19 45 33 35 41 36 16 3 4 32 26 
Coste: 52977
dlb:    10010000001011111111110111111110110110111011001001



ITERACION 91
Solucion:    25 21 13 9 28 22 12 43 34 24 0 49 8 29 40 31 37 15 39 1 17 14 30 48 38 23 2 46 5 11 6 47 20 27 10 42 44 7 18 19 45 33 35 41 36 16 3 4 32 26 
Coste: 52977
dlb:    10010000001011111111110111111110110110111111001001



ITERACION 92
Solucion:    25 21 13 9 28 22 12 43 34 24 0 49 8 29 40 31 37 15 39 1 17 14 30 48 38 23 2 46 5 11 6 47 20 27 10 42 44 7 18 19 45 33 35 41 36 16 3 4 32 26 
Coste: 52977
dlb:    10010000001011111111110111111110110110111111001001



ITERACION 93
Solucion:    25 21 13 9 28 22 12 43 34 24 0 49 8 29 40 31 37 15 39 1 17 14 30 48 38 23 2 46 5 11 6 47 20 27 10 42 44 7 18 19 45 33 35 41 36 16 3 4 32 26 
Coste: 52977
dlb:    10010000001011111111110111111110110110111111001001



ITERACION 94
Solucion:    25 21 13 9 28 22 12 43 34 24 0 49 8 29 40 31 37 15 39 1 17 14 30 48 38 23 2 46 5 11 6 47 20 27 10 42 44 7 18 19 45 33 35 41 36 16 3 4 32 26 
Coste: 52977
dlb:    10010000001011111111110111111110110110111111101001



ITERACION 95
Solucion:    25 21 13 9 28 22 12 43 34 24 0 49 8 29 40 31 37 15 39 1 17 14 30 48 38 23 2 46 5 11 6 47 20 27 10 42 44 7 18 19 45 33 35 41 36 16 3 4 32 26 
Coste: 52977
dlb:    10010000001011111111110111111110110110111111111001



ITERACION 96
Solucion:    25 21 13 9 28 22 12 43 34 24 0 49 8 29 40 31 37 15 39 1 17 14 30 48 38 23 2 46 5 11 6 47 20 27 10 42 44 7 18 19 45 33 35 41 36 16 3 4 32 26 
Coste: 52977
dlb:    10010000001011111111110111111110110110111111111001



ITERACION 97
Solucion:    25 21 13 9 28 22 12 43 34 24 0 49 8 29 40 31 37 15 39 1 17 14 30 48 38 23 2 46 5 11 6 47 20 27 10 42 44 7 18 19 45 33 35 41 36 16 3 4 32 26 
Coste: 52977
dlb:    10010000001011111111110111111110110110111111111101



ITERACION 98
Solucion:    25 21 13 9 28 22 12 43 34 24 0 49 8 29 40 31 37 15 39 1 17 14 30 48 38 23 2 46 5 11 6 47 20 27 10 42 44 7 18 19 45 33 35 41 36 16 3 4 32 26 
Coste: 52977
dlb:    10010000001011111111110111111110110110111111111111



ITERACION 99
Solucion:    25 21 13 9 28 22 12 43 34 24 0 49 8 29 40 31 37 15 39 1 17 14 30 48 38 23 2 46 5 11 6 47 20 27 10 42 44 7 18 19 45 33 35 41 36 16 3 4 32 26 
Coste: 52977
dlb:    10010000001011111111110111111110110110111111111111



ITERACION 100
Solucion:    25 21 13 9 28 22 12 43 34 24 0 49 8 29 40 31 37 15 39 1 17 14 30 48 38 23 2 46 5 11 6 47 20 27 10 42 44 7 18 19 45 33 35 41 36 16 3 4 32 26 
Coste: 52977
dlb:    10010000001011111111110111111110110110111111111111



ITERACION 101
Solucion:    25 21 13 9 28 22 12 43 34 24 0 49 8 29 40 31 37 15 39 1 17 14 30 48 38 23 2 46 5 11 6 47 20 27 10 42 44 7 18 19 45 33 35 41 36 16 3 4 32 26 
Coste: 52977
dlb:    11010000001011111111110111111110110110111111111111



ITERACION 102
Solucion:    25 21 13 9 28 22 12 43 34 24 0 49 8 29 40 31 37 15 39 1 17 14 30 48 38 23 2 46 5 11 6 47 20 27 10 42 44 7 18 19 45 33 35 41 36 16 3 4 32 26 
Coste: 52977
dlb:    11110000001011111111110111111110110110111111111111



ITERACION 103
Solucion:    25 21 13 9 28 22 12 43 34 24 0 49 8 29 40 31 37 15 39 1 17 14 30 48 38 23 2 46 5 11 6 47 20 27 10 42 44 7 18 19 45 33 35 41 36 16 3 4 32 26 
Coste: 52977
dlb:    11110000001011111111110111111110110110111111111111



ITERACION 104
Solucion:    25 21 13 9 28 22 12 43 34 24 0 49 8 29 40 31 37 15 39 1 17 14 30 48 38 23 2 46 5 11 6 47 20 27 10 42 44 7 18 19 45 33 35 41 36 16 3 4 32 26 
Coste: 52977
dlb:    11111000001011111111110111111110110110111111111111



ITERACION 105
Solucion:    25 21 13 9 28 22 12 43 34 24 0 49 8 29 40 31 37 15 39 1 17 14 30 48 38 23 2 46 5 11 6 47 20 27 10 42 44 7 18 19 45 33 35 41 36 16 3 4 32 26 
Coste: 52977
dlb:    11111100001011111111110111111110110110111111111111



ITERACION 106
Solucion:    25 21 13 9 28 22 12 43 34 24 0 49 8 29 40 31 37 15 39 1 17 14 30 48 38 23 2 46 5 11 6 47 20 27 10 42 44 7 18 19 45 33 35 41 36 16 3 4 32 26 
Coste: 52977
dlb:    11111110001011111111110111111110110110111111111111



ITERACION 107
Solucion:    25 21 13 9 28 22 12 43 34 24 0 49 8 29 40 31 37 15 39 1 17 14 30 48 38 23 2 46 5 11 6 47 20 27 10 42 44 7 18 19 45 33 35 41 36 16 3 4 32 26 
Coste: 52977
dlb:    11111111001011111111110111111110110110111111111111



ITERACION 108
Solucion:    25 21 13 9 28 22 12 43 34 24 0 49 8 29 40 31 37 15 39 1 17 14 30 48 38 23 2 46 5 11 6 47 20 27 10 42 44 7 18 19 45 33 35 41 36 16 3 4 32 26 
Coste: 52977
dlb:    11111111101011111111110111111110110110111111111111



ITERACION 109
Solucion:    25 21 13 9 28 22 12 43 34 24 0 49 8 29 40 31 37 15 39 1 17 14 30 48 38 23 2 46 5 11 6 47 20 27 10 42 44 7 18 19 45 33 35 41 36 16 3 4 32 26 
Coste: 52977
dlb:    11111111111011111111110111111110110110111111111111



ITERACION 110
Solucion:    25 21 13 9 28 22 12 43 34 24 0 49 8 29 40 31 37 15 39 1 17 14 30 48 38 23 2 46 5 11 6 47 20 27 10 42 44 7 18 19 45 33 35 41 36 16 3 4 32 26 
Coste: 52977
dlb:    11111111111011111111110111111110110110111111111111



ITERACION 111
Solucion:    25 21 13 9 28 22 12 43 34 24 0 30 49 29 40 31 37 15 39 1 17 14 8 48 38 23 2 46 5 11 6 47 20 27 10 42 44 7 18 19 45 33 35 41 36 16 3 4 32 26 
Coste: 52960
dlb:    11111111111001111111110111111110110110111111111111



ITERACION 112
Solucion:    25 21 13 9 28 22 12 43 34 24 0 30 49 29 40 31 37 15 39 1 17 14 8 48 38 23 2 46 5 11 6 47 20 27 10 42 44 7 18 19 45 33 35 41 36 16 3 4 32 26 
Coste: 52960
dlb:    11111111111011111111110111111110110110111111111111



ITERACION 113
Solucion:    25 21 13 9 28 22 12 43 34 24 0 30 49 29 40 31 37 15 39 1 17 14 8 48 38 23 2 46 5 11 6 47 20 27 10 42 44 7 18 19 45 33 35 41 36 16 3 4 32 26 
Coste: 52960
dlb:    11111111111011111111110111111110110110111111111111



ITERACION 114
Solucion:    25 21 13 9 28 22 12 43 34 24 0 30 49 29 40 31 37 15 39 1 17 14 8 48 38 23 2 46 5 11 6 47 20 27 10 42 44 7 18 19 45 33 35 41 36 16 3 4 32 26 
Coste: 52960
dlb:    11111111111011111111110111111110110110111111111111



ITERACION 115
Solucion:    25 21 13 9 28 22 12 43 34 24 0 30 49 29 40 31 37 15 39 1 17 14 8 48 38 23 2 46 5 11 6 47 20 27 10 42 44 7 18 19 45 33 35 41 36 16 3 4 32 26 
Coste: 52960
dlb:    11111111111011111111110111111110110110111111111111



ITERACION 116
Solucion:    25 21 13 9 28 22 12 43 34 24 0 30 49 29 40 31 37 15 39 1 17 14 8 48 38 23 2 46 5 11 6 47 20 27 10 42 44 7 18 19 45 33 35 41 36 16 3 4 32 26 
Coste: 52960
dlb:    11111111111011111111110111111110110110111111111111



ITERACION 117
Solucion:    25 21 13 9 28 22 12 43 34 24 0 30 49 29 40 31 37 15 39 1 17 14 8 48 38 23 2 46 5 11 6 47 20 27 10 42 44 7 18 19 45 33 35 41 36 16 3 4 32 26 
Coste: 52960
dlb:    11111111111011111111110111111110110110111111111111



ITERACION 118
Solucion:    25 21 13 9 28 22 12 43 34 24 0 30 49 29 40 31 37 15 39 1 17 14 8 48 38 23 2 46 5 11 6 47 20 27 10 42 44 7 18 19 45 33 35 41 36 16 3 4 32 26 
Coste: 52960
dlb:    11111111111011111111110111111110110110111111111111



ITERACION 119
Solucion:    25 21 13 9 28 22 12 43 34 24 0 30 49 29 40 31 37 15 39 1 17 14 8 48 38 23 2 46 5 11 6 47 20 27 10 42 44 7 18 19 45 33 35 41 36 16 3 4 32 26 
Coste: 52960
dlb:    11111111111011111111110111111110110110111111111111



ITERACION 120
Solucion:    25 21 13 9 28 22 12 43 34 24 0 30 49 29 40 31 37 15 39 1 17 14 8 48 38 23 2 46 5 11 6 47 20 27 10 42 44 7 18 19 45 33 35 41 36 16 3 4 32 26 
Coste: 52960
dlb:    11111111111011111111110111111110110110111111111111



ITERACION 121
Solucion:    25 21 13 9 28 22 12 43 34 24 0 30 49 29 40 31 37 15 39 1 17 14 8 48 38 23 2 46 5 11 6 47 20 27 10 42 44 7 18 19 45 33 35 41 36 16 3 4 32 26 
Coste: 52960
dlb:    11111111111011111111110111111110110110111111111111



ITERACION 122
Solucion:    25 21 13 9 28 22 12 43 34 24 0 30 49 29 40 31 37 15 39 1 17 8 14 48 38 23 2 46 5 11 6 47 20 27 10 42 44 7 18 19 45 33 35 41 36 16 3 4 32 26 
Coste: 52942
dlb:    11111111111011111111100111111110110110111111111111



ITERACION 123
Solucion:    25 21 13 9 28 22 12 43 34 24 0 30 49 29 40 31 37 15 39 1 17 8 14 48 38 23 2 46 5 11 6 47 20 27 10 42 44 7 18 19 45 33 35 41 36 16 3 4 32 26 
Coste: 52942
dlb:    11111111111011111111100111111110110110111111111111



ITERACION 124
Solucion:    25 21 13 9 28 22 12 43 34 24 0 30 49 29 40 31 37 15 39 1 17 8 14 48 38 23 2 46 5 11 6 47 20 27 10 42 44 7 18 19 45 33 35 41 36 16 3 4 32 26 
Coste: 52942
dlb:    11111111111011111111100111111110110110111111111111



ITERACION 125
Solucion:    25 21 13 9 28 22 12 43 34 24 0 30 49 29 40 31 37 15 39 1 17 8 14 48 38 23 2 46 5 11 6 47 20 27 10 42 44 7 18 19 45 33 35 41 36 16 3 4 32 26 
Coste: 52942
dlb:    11111111111011111111100111111110110110111111111111



ITERACION 126
Solucion:    25 21 13 9 28 22 12 43 34 24 0 30 49 29 40 31 37 15 39 1 17 8 14 48 38 23 2 46 5 11 6 47 20 27 10 42 44 7 18 19 45 33 35 41 36 16 3 4 32 26 
Coste: 52942
dlb:    11111111111011111111100111111110110110111111111111



ITERACION 127
Solucion:    25 21 13 9 28 22 12 43 34 24 0 30 49 29 40 31 37 15 39 1 17 8 14 48 38 23 2 46 5 11 6 47 20 27 10 42 44 7 18 19 45 33 35 41 36 16 3 4 32 26 
Coste: 52942
dlb:    11111111111011111111100111111110110110111111111111



ITERACION 128
Solucion:    25 21 13 9 28 22 12 43 34 24 0 30 49 29 40 31 37 15 39 1 17 8 14 48 38 23 2 46 5 11 6 47 20 27 10 42 44 7 18 19 45 33 35 41 36 16 3 4 32 26 
Coste: 52942
dlb:    11111111111011111111100111111110110110111111111111



ITERACION 129
Solucion:    25 21 13 9 28 22 12 43 34 24 0 30 49 29 40 31 37 15 39 1 17 8 14 48 38 23 2 46 5 11 6 47 20 27 10 42 44 7 18 19 45 33 35 41 36 16 3 4 32 26 
Coste: 52942
dlb:    11111111111011111111100111111110110110111111111111



ITERACION 130
Solucion:    25 21 13 9 28 22 12 43 34 24 0 30 49 29 40 31 37 15 39 1 17 8 14 48 38 23 2 46 5 11 6 47 20 27 10 42 44 7 18 19 45 33 35 41 36 16 3 4 32 26 
Coste: 52942
dlb:    11111111111011111111100111111110110110111111111111



ITERACION 131
Solucion:    25 21 13 9 28 22 12 43 34 24 0 30 49 29 40 31 37 15 39 1 47 8 14 48 38 23 2 46 5 11 17 6 20 27 10 42 44 7 18 19 45 33 35 41 36 16 3 4 32 26 
Coste: 52935
dlb:    11111111111011111111000111111100110110111111111111



ITERACION 132
Solucion:    25 21 13 9 28 22 12 43 34 24 0 30 49 29 40 31 37 15 39 1 47 8 14 48 38 23 2 46 5 11 17 6 20 27 10 42 44 7 18 19 45 33 35 41 36 16 3 4 32 26 
Coste: 52935
dlb:    11111111111011111111000111111100110110111111111111



ITERACION 133
Solucion:    25 21 13 9 28 22 12 43 34 24 0 30 49 29 40 31 37 15 39 1 47 8 14 48 38 23 2 46 5 11 17 6 20 27 10 42 44 7 18 19 45 33 35 41 36 16 3 4 32 26 
Coste: 52935
dlb:    11111111111011111111000111111100110110111111111111



ITERACION 134
Solucion:    25 21 13 9 28 22 12 43 34 24 0 30 49 29 40 31 37 15 39 1 47 8 14 48 38 23 2 46 5 11 17 6 20 27 10 42 44 7 18 19 45 33 35 41 36 16 3 4 32 26 
Coste: 52935
dlb:    11111111111011111111000111111100111110111111111111



ITERACION 135
Solucion:    25 21 13 9 28 22 12 43 34 24 0 30 49 29 40 31 37 15 39 1 47 8 14 48 38 23 2 46 5 11 17 6 20 27 10 42 44 7 18 19 45 33 35 41 36 16 3 4 32 26 
Coste: 52935
dlb:    11111111111011111111000111111100111110111111111111



ITERACION 136
Solucion:    25 21 13 9 28 22 12 43 34 24 0 30 49 29 40 31 37 15 39 1 47 8 14 48 38 23 2 46 5 11 17 6 20 27 10 42 44 7 18 19 45 33 35 41 36 16 3 4 32 26 
Coste: 52935
dlb:    11111111111011111111000111111100111110111111111111



ITERACION 137
Solucion:    25 21 13 9 28 22 12 43 34 24 0 30 49 29 40 31 37 15 39 1 47 8 14 48 38 23 2 46 5 11 17 6 20 27 10 42 44 7 18 19 45 33 35 41 36 16 3 4 32 26 
Coste: 52935
dlb:    11111111111011111111000111111100111111111111111111



ITERACION 138
Solucion:    25 21 13 9 28 22 12 43 34 24 0 30 49 29 40 31 37 15 39 1 47 8 14 48 38 23 2 46 5 11 17 6 20 27 10 42 44 7 18 19 45 33 35 41 36 16 3 4 32 26 
Coste: 52935
dlb:    11111111111011111111000111111100111111111111111111



ITERACION 139
Solucion:    25 21 13 9 28 22 12 43 34 24 0 30 49 29 40 31 37 15 39 1 47 8 14 48 38 23 2 46 5 11 17 6 20 27 10 42 44 7 18 19 45 33 35 41 36 16 3 4 32 26 
Coste: 52935
dlb:    11111111111011111111000111111100111111111111111111



ITERACION 140
Solucion:    25 21 13 9 28 22 12 43 34 24 0 30 49 29 40 31 37 15 39 1 47 8 14 48 38 23 2 46 5 11 17 6 20 27 10 42 44 7 18 19 45 33 35 41 36 16 3 4 32 26 
Coste: 52935
dlb:    11111111111011111111000111111100111111111111111111



ITERACION 141
Solucion:    25 21 13 9 28 22 12 43 34 24 0 30 49 29 40 31 37 15 39 1 47 8 14 48 38 23 2 46 5 11 17 6 20 27 10 42 44 7 18 19 45 33 35 41 36 16 3 4 32 26 
Coste: 52935
dlb:    11111111111011111111000111111100111111111111111111



ITERACION 142
Solucion:    25 21 13 9 28 22 12 43 34 24 0 30 49 29 40 31 37 15 39 1 47 8 14 48 38 23 2 46 5 11 17 6 20 27 10 42 44 7 18 19 45 33 35 41 36 16 3 4 32 26 
Coste: 52935
dlb:    11111111111011111111000111111100111111111111111111



ITERACION 143
Solucion:    25 21 13 9 28 22 12 43 34 24 0 30 49 29 40 31 37 15 39 1 47 8 14 48 38 23 2 46 5 11 17 6 20 27 10 42 44 7 18 19 45 33 35 41 36 16 3 4 32 26 
Coste: 52935
dlb:    11111111111011111111000111111100111111111111111111



ITERACION 144
Solucion:    25 21 13 9 28 22 12 43 34 24 0 30 49 29 40 31 37 15 39 1 47 8 14 48 38 23 2 46 5 11 17 6 20 27 10 42 44 7 18 19 45 33 35 41 36 16 3 4 32 26 
Coste: 52935
dlb:    11111111111011111111000111111100111111111111111111



ITERACION 145
Solucion:    25 21 13 9 28 22 12 43 34 24 0 30 49 29 40 31 37 15 39 1 47 8 14 48 38 23 2 46 5 11 17 6 20 27 10 42 44 7 18 19 45 33 35 41 36 16 3 4 32 26 
Coste: 52935
dlb:    11111111111011111111000111111100111111111111111111



ITERACION 146
Solucion:    25 21 13 9 28 22 12 43 34 24 0 30 49 29 40 31 37 15 39 1 47 8 14 48 38 23 2 46 5 11 17 6 20 27 10 42 44 7 18 19 45 33 35 41 36 16 3 4 32 26 
Coste: 52935
dlb:    11111111111011111111000111111100111111111111111111



ITERACION 147
Solucion:    25 21 13 9 28 22 12 43 34 24 0 30 49 29 40 31 37 15 39 1 47 8 14 48 38 23 2 46 5 11 17 6 20 27 10 42 44 7 18 19 45 33 35 41 36 16 3 4 32 26 
Coste: 52935
dlb:    11111111111011111111000111111100111111111111111111



ITERACION 148
Solucion:    25 21 13 9 28 22 12 43 34 24 0 30 49 29 40 31 37 15 39 1 47 8 14 48 38 23 2 46 5 11 17 6 20 27 10 42 44 7 18 19 45 33 35 41 36 16 3 4 32 26 
Coste: 52935
dlb:    11111111111011111111000111111100111111111111111111



ITERACION 149
Solucion:    25 21 13 9 28 22 12 43 34 24 0 30 49 29 40 31 37 15 39 1 47 8 14 48 38 23 2 46 5 11 17 6 20 27 10 42 44 7 18 19 45 33 35 41 36 16 3 4 32 26 
Coste: 52935
dlb:    11111111111011111111000111111100111111111111111111



ITERACION 150
Solucion:    25 21 13 9 28 22 12 43 34 24 0 30 49 29 40 31 37 15 39 1 47 8 14 48 38 23 2 46 5 11 17 6 20 27 10 42 44 7 18 19 45 33 35 41 36 16 3 4 32 26 
Coste: 52935
dlb:    11111111111011111111000111111100111111111111111111



ITERACION 151
Solucion:    25 21 13 9 28 22 12 43 34 24 0 30 49 29 40 31 37 15 39 1 47 8 14 48 38 23 2 46 5 11 17 6 20 27 10 42 44 7 18 19 45 33 35 41 36 16 3 4 32 26 
Coste: 52935
dlb:    11111111111011111111000111111100111111111111111111



ITERACION 152
Solucion:    25 21 13 9 28 22 12 43 34 24 0 30 49 29 40 31 37 15 39 1 47 8 14 48 38 23 2 46 5 11 17 6 20 27 10 42 44 7 18 19 45 33 35 41 36 16 3 4 32 26 
Coste: 52935
dlb:    11111111111011111111000111111100111111111111111111



ITERACION 153
Solucion:    25 21 13 9 28 22 12 43 34 24 0 30 49 29 40 31 37 15 39 1 47 8 14 48 38 23 2 46 5 11 17 6 20 27 10 42 44 7 18 19 45 33 35 41 36 16 3 4 32 26 
Coste: 52935
dlb:    11111111111011111111000111111100111111111111111111



ITERACION 154
Solucion:    25 21 13 9 28 22 12 43 34 24 0 30 49 29 40 31 37 15 39 1 47 8 14 48 38 23 2 46 5 11 17 6 20 27 10 42 44 7 18 19 45 33 35 41 36 16 3 4 32 26 
Coste: 52935
dlb:    11111111111011111111000111111100111111111111111111



ITERACION 155
Solucion:    25 21 13 9 28 22 12 43 34 24 0 30 49 29 40 31 37 15 39 1 47 8 14 48 38 23 2 46 5 11 17 6 20 27 10 42 44 7 18 19 45 33 35 41 36 16 3 4 32 26 
Coste: 52935
dlb:    11111111111011111111000111111100111111111111111111



ITERACION 156
Solucion:    25 21 13 9 28 22 12 43 34 24 0 30 49 29 40 31 37 15 39 1 47 8 14 48 38 23 2 46 5 11 17 6 20 27 10 42 44 7 18 19 45 33 35 41 36 16 3 4 32 26 
Coste: 52935
dlb:    11111111111011111111000111111100111111111111111111



ITERACION 157
Solucion:    25 21 13 9 28 22 12 43 34 24 0 30 49 29 40 31 37 15 39 1 47 8 14 48 38 23 2 46 5 11 17 6 20 27 10 42 44 7 18 19 45 33 35 41 36 16 3 4 32 26 
Coste: 52935
dlb:    11111111111011111111000111111100111111111111111111



ITERACION 158
Solucion:    25 21 13 9 28 22 12 43 34 24 0 30 49 29 40 31 37 15 39 1 47 8 14 48 38 23 2 46 5 11 17 6 20 27 10 42 44 7 18 19 45 33 35 41 36 16 3 4 32 26 
Coste: 52935
dlb:    11111111111011111111000111111100111111111111111111



ITERACION 159
Solucion:    25 21 13 9 28 22 12 43 34 24 0 30 49 29 40 31 37 15 39 1 47 8 14 48 38 23 2 46 5 11 17 6 20 27 10 42 44 7 18 19 45 33 35 41 36 16 3 4 32 26 
Coste: 52935
dlb:    11111111111011111111000111111100111111111111111111



ITERACION 160
Solucion:    25 21 13 9 28 22 12 43 34 24 0 30 49 29 40 31 37 15 39 1 47 8 14 48 38 23 2 46 5 11 17 6 20 27 10 42 44 7 18 19 45 33 35 41 36 16 3 4 32 26 
Coste: 52935
dlb:    11111111111011111111000111111100111111111111111111



ITERACION 161
Solucion:    25 21 13 9 28 22 12 43 34 24 0 30 49 29 40 31 37 15 39 1 47 8 14 48 38 23 2 46 5 11 17 6 20 27 10 42 44 7 18 19 45 33 35 41 36 16 3 4 32 26 
Coste: 52935
dlb:    11111111111111111111000111111100111111111111111111



ITERACION 162
Solucion:    25 21 13 9 28 22 12 43 34 24 0 30 49 29 40 31 37 15 39 1 47 8 14 48 38 23 2 46 5 11 17 6 20 27 10 42 44 7 18 19 45 33 35 41 36 16 3 4 32 26 
Coste: 52935
dlb:    11111111111111111111000111111100111111111111111111



ITERACION 163
Solucion:    25 21 13 9 28 22 12 43 34 24 0 30 49 29 40 31 37 15 39 1 47 8 14 48 38 23 2 46 5 11 17 6 20 27 10 42 44 7 18 19 45 33 35 41 36 16 3 4 32 26 
Coste: 52935
dlb:    11111111111111111111000111111100111111111111111111



ITERACION 164
Solucion:    25 21 13 9 28 22 12 43 34 24 0 30 49 29 40 31 37 15 39 1 47 8 14 48 38 23 2 46 5 11 17 6 20 27 10 42 44 7 18 19 45 33 35 41 36 16 3 4 32 26 
Coste: 52935
dlb:    11111111111111111111000111111100111111111111111111



ITERACION 165
Solucion:    25 21 13 9 28 22 12 43 34 24 0 30 49 29 40 31 37 15 39 1 47 8 14 48 38 23 2 46 5 11 17 6 20 27 10 42 44 7 18 19 45 33 35 41 36 16 3 4 32 26 
Coste: 52935
dlb:    11111111111111111111000111111100111111111111111111



ITERACION 166
Solucion:    25 21 13 9 28 22 12 43 34 24 0 30 49 29 40 31 37 15 39 1 47 8 14 48 38 23 2 46 5 11 17 6 20 27 10 42 44 7 18 19 45 33 35 41 36 16 3 4 32 26 
Coste: 52935
dlb:    11111111111111111111000111111100111111111111111111



ITERACION 167
Solucion:    25 21 13 9 28 22 12 43 34 24 0 30 49 29 40 31 37 15 39 1 47 8 14 48 38 23 2 46 5 11 17 6 20 27 10 42 44 7 18 19 45 33 35 41 36 16 3 4 32 26 
Coste: 52935
dlb:    11111111111111111111000111111100111111111111111111



ITERACION 168
Solucion:    25 21 13 9 28 22 12 43 34 24 0 30 49 29 40 31 37 15 39 1 47 8 14 48 38 23 2 46 5 11 17 6 20 27 10 42 44 7 18 19 45 33 35 41 36 16 3 4 32 26 
Coste: 52935
dlb:    11111111111111111111000111111100111111111111111111



ITERACION 169
Solucion:    25 21 13 9 28 22 12 43 34 24 0 30 49 29 40 31 37 15 39 1 47 8 14 48 38 23 2 46 5 11 17 6 20 27 10 42 44 7 18 19 45 33 35 41 36 16 3 4 32 26 
Coste: 52935
dlb:    11111111111111111111000111111100111111111111111111



ITERACION 170
Solucion:    25 21 13 9 28 22 12 43 34 24 0 30 49 29 40 31 37 15 39 1 8 47 14 48 38 23 2 46 5 11 17 6 20 27 10 42 44 7 18 19 45 33 35 41 36 16 3 4 32 26 
Coste: 52930
dlb:    11111111111111111111000111111100111111111111111111



ITERACION 171
Solucion:    25 21 13 9 28 22 12 43 34 24 0 30 49 29 40 31 37 15 39 1 8 47 14 48 38 23 2 46 5 11 17 6 20 27 10 42 44 7 18 19 45 33 35 41 36 16 3 4 32 26 
Coste: 52930
dlb:    11111111111111111111010111111100111111111111111111



ITERACION 172
Solucion:    25 21 13 9 28 22 12 43 34 24 0 30 49 29 40 31 37 15 39 1 8 47 14 48 38 23 2 46 5 11 17 6 20 27 10 42 44 7 18 19 45 33 35 41 36 16 3 4 32 26 
Coste: 52930
dlb:    11111111111111111111011111111100111111111111111111



ITERACION 173
Solucion:    25 21 13 9 28 22 12 43 34 24 0 30 49 29 40 31 37 15 39 1 8 47 14 48 38 23 2 46 5 11 17 6 20 27 10 42 44 7 18 19 45 33 35 41 36 16 3 4 32 26 
Coste: 52930
dlb:    11111111111111111111011111111100111111111111111111



ITERACION 174
Solucion:    25 21 13 9 28 22 12 43 34 24 0 30 49 29 40 31 37 15 39 1 8 47 14 48 38 23 2 46 5 11 17 6 20 27 10 42 44 7 18 19 45 33 35 41 36 16 3 4 32 26 
Coste: 52930
dlb:    11111111111111111111011111111100111111111111111111



ITERACION 175
Solucion:    25 21 13 9 28 22 12 43 34 24 0 30 49 29 40 31 37 15 39 1 8 47 14 48 38 23 2 46 5 11 17 6 20 27 10 42 44 7 18 19 45 33 35 41 36 16 3 4 32 26 
Coste: 52930
dlb:    11111111111111111111011111111100111111111111111111



ITERACION 176
Solucion:    25 21 13 9 28 22 12 43 34 24 0 30 49 29 40 31 37 15 39 1 8 47 14 48 38 23 2 46 5 11 17 6 20 27 10 42 44 7 18 19 45 33 35 41 36 16 3 4 32 26 
Coste: 52930
dlb:    11111111111111111111011111111100111111111111111111



ITERACION 177
Solucion:    25 21 13 9 28 22 12 43 34 24 0 30 49 29 40 31 37 15 39 1 8 47 14 48 38 23 2 46 5 11 17 6 20 27 10 42 44 7 18 19 45 33 35 41 36 16 3 4 32 26 
Coste: 52930
dlb:    11111111111111111111011111111100111111111111111111



ITERACION 178
Solucion:    25 21 13 9 28 22 12 43 34 24 0 30 49 29 40 31 37 15 39 1 8 47 14 48 38 23 2 46 5 11 17 6 20 27 10 42 44 7 18 19 45 33 35 41 36 16 3 4 32 26 
Coste: 52930
dlb:    11111111111111111111011111111100111111111111111111



ITERACION 179
Solucion:    25 21 13 9 28 22 12 43 34 24 0 30 49 29 40 31 37 15 39 1 8 47 14 48 38 23 2 46 5 11 17 6 20 27 10 42 44 7 18 19 45 33 35 41 36 16 3 4 32 26 
Coste: 52930
dlb:    11111111111111111111011111111100111111111111111111



ITERACION 180
Solucion:    25 21 13 9 28 22 12 43 34 24 0 30 49 29 40 31 37 15 39 1 8 47 14 48 38 23 2 46 5 11 17 6 20 27 10 42 44 7 18 19 45 33 35 41 36 16 3 4 32 26 
Coste: 52930
dlb:    11111111111111111111011111111110111111111111111111



ITERACION 181
Solucion:    25 21 13 9 28 22 12 43 34 24 0 30 49 29 40 31 37 15 39 1 8 47 14 48 38 23 2 46 5 11 17 6 20 27 10 42 44 7 18 19 45 33 35 41 36 16 3 4 32 26 
Coste: 52930
dlb:    11111111111111111111011111111111111111111111111111



ITERACION 182
Solucion:    25 21 13 9 28 22 12 43 34 24 0 30 49 29 40 31 37 15 39 1 8 47 14 48 38 23 2 46 5 11 17 6 20 27 10 42 44 7 18 19 45 33 35 41 36 16 3 4 32 26 
Coste: 52930
dlb:    11111111111111111111011111111111111111111111111111



ITERACION 183
Solucion:    25 21 13 9 28 22 12 43 34 24 0 30 49 29 40 31 37 15 39 1 8 47 14 48 38 23 2 46 5 11 17 6 20 27 10 42 44 7 18 19 45 33 35 41 36 16 3 4 32 26 
Coste: 52930
dlb:    11111111111111111111011111111111111111111111111111



ITERACION 184
Solucion:    25 21 13 9 28 22 12 43 34 24 0 30 49 29 40 31 37 15 39 1 8 47 14 48 38 23 2 46 5 11 17 6 20 27 10 42 44 7 18 19 45 33 35 41 36 16 3 4 32 26 
Coste: 52930
dlb:    11111111111111111111011111111111111111111111111111



ITERACION 185
Solucion:    25 21 13 9 28 22 12 43 34 24 0 30 49 29 40 31 37 15 39 1 8 47 14 48 38 23 2 46 5 11 17 6 20 27 10 42 44 7 18 19 45 33 35 41 36 16 3 4 32 26 
Coste: 52930
dlb:    11111111111111111111011111111111111111111111111111



ITERACION 186
Solucion:    25 21 13 9 28 22 12 43 34 24 0 30 49 29 40 31 37 15 39 1 8 47 14 48 38 23 2 46 5 11 17 6 20 27 10 42 44 7 18 19 45 33 35 41 36 16 3 4 32 26 
Coste: 52930
dlb:    11111111111111111111011111111111111111111111111111



ITERACION 187
Solucion:    25 21 13 9 28 22 12 43 34 24 0 30 49 29 40 31 37 15 39 1 8 47 14 48 38 23 2 46 5 11 17 6 20 27 10 42 44 7 18 19 45 33 35 41 36 16 3 4 32 26 
Coste: 52930
dlb:    11111111111111111111011111111111111111111111111111



ITERACION 188
Solucion:    25 21 13 9 28 22 12 43 34 24 0 30 49 29 40 31 37 15 39 1 8 47 14 48 38 23 2 46 5 11 17 6 20 27 10 42 44 7 18 19 45 33 35 41 36 16 3 4 32 26 
Coste: 52930
dlb:    11111111111111111111011111111111111111111111111111



ITERACION 189
Solucion:    25 21 13 9 28 22 12 43 34 24 0 30 49 29 40 31 37 15 39 1 8 47 14 48 38 23 2 46 5 11 17 6 20 27 10 42 44 7 18 19 45 33 35 41 36 16 3 4 32 26 
Coste: 52930
dlb:    11111111111111111111011111111111111111111111111111



ITERACION 190
Solucion:    25 21 13 9 28 22 12 43 34 24 0 30 49 29 40 31 37 15 39 1 8 47 14 48 38 23 2 46 5 11 17 6 20 27 10 42 44 7 18 19 45 33 35 41 36 16 3 4 32 26 
Coste: 52930
dlb:    11111111111111111111011111111111111111111111111111



ITERACION 191
Solucion:    25 21 13 9 28 22 12 43 34 24 0 30 49 29 40 31 37 15 39 1 8 47 14 48 38 23 2 46 5 11 17 6 20 27 10 42 44 7 18 19 45 33 35 41 36 16 3 4 32 26 
Coste: 52930
dlb:    11111111111111111111011111111111111111111111111111



ITERACION 192
Solucion:    25 21 13 9 28 22 12 43 34 24 0 30 49 29 40 31 37 15 39 1 8 47 14 48 38 23 2 46 5 11 17 6 20 27 10 42 44 7 18 19 45 33 35 41 36 16 3 4 32 26 
Coste: 52930
dlb:    11111111111111111111011111111111111111111111111111



ITERACION 193
Solucion:    25 21 13 9 28 22 12 43 34 24 0 30 49 29 40 31 37 15 39 1 8 47 14 48 38 23 2 46 5 11 17 6 20 27 10 42 44 7 18 19 45 33 35 41 36 16 3 4 32 26 
Coste: 52930
dlb:    11111111111111111111011111111111111111111111111111



ITERACION 194
Solucion:    25 21 13 9 28 22 12 43 34 24 0 30 49 29 40 31 37 15 39 1 8 47 14 48 38 23 2 46 5 11 17 6 20 27 10 42 44 7 18 19 45 33 35 41 36 16 3 4 32 26 
Coste: 52930
dlb:    11111111111111111111011111111111111111111111111111



ITERACION 195
Solucion:    25 21 13 9 28 22 12 43 34 24 0 30 49 29 40 31 37 15 39 1 8 47 14 48 38 23 2 46 5 11 17 6 20 27 10 42 44 7 18 19 45 33 35 41 36 16 3 4 32 26 
Coste: 52930
dlb:    11111111111111111111011111111111111111111111111111



ITERACION 196
Solucion:    25 21 13 9 28 22 12 43 34 24 0 30 49 29 40 31 37 15 39 1 8 47 14 48 38 23 2 46 5 11 17 6 20 27 10 42 44 7 18 19 45 33 35 41 36 16 3 4 32 26 
Coste: 52930
dlb:    11111111111111111111011111111111111111111111111111



ITERACION 197
Solucion:    25 21 13 9 28 22 12 43 34 24 0 30 49 29 40 31 37 15 39 1 8 47 14 48 38 23 2 46 5 11 17 6 20 27 10 42 44 7 18 19 45 33 35 41 36 16 3 4 32 26 
Coste: 52930
dlb:    11111111111111111111011111111111111111111111111111



ITERACION 198
Solucion:    25 21 13 9 28 22 12 43 34 24 0 30 49 29 40 31 37 15 39 1 8 47 14 48 38 23 2 46 5 11 17 6 20 27 10 42 44 7 18 19 45 33 35 41 36 16 3 4 32 26 
Coste: 52930
dlb:    11111111111111111111011111111111111111111111111111



ITERACION 199
Solucion:    25 21 13 9 28 22 12 43 34 24 0 30 49 29 40 31 37 15 39 1 8 47 14 48 38 23 2 46 5 11 17 6 20 27 10 42 44 7 18 19 45 33 35 41 36 16 3 4 32 26 
Coste: 52930
dlb:    11111111111111111111011111111111111111111111111111



ITERACION 200
Solucion:    25 21 13 9 28 22 12 43 34 24 0 30 49 29 40 31 37 15 39 1 8 47 14 48 38 23 2 46 5 11 17 6 20 27 10 42 44 7 18 19 45 33 35 41 36 16 3 4 32 26 
Coste: 52930
dlb:    11111111111111111111011111111111111111111111111111



ITERACION 201
Solucion:    25 21 13 9 28 22 12 43 34 24 0 30 49 29 40 31 37 15 39 1 8 47 14 48 38 23 2 46 5 11 17 6 20 27 10 42 44 7 18 19 45 33 35 41 36 16 3 4 32 26 
Coste: 52930
dlb:    11111111111111111111011111111111111111111111111111



ITERACION 202
Solucion:    25 21 13 9 28 22 12 43 34 24 0 30 49 29 40 31 37 15 39 1 8 47 14 48 38 23 2 46 5 11 17 6 20 27 10 42 44 7 18 19 45 33 35 41 36 16 3 4 32 26 
Coste: 52930
dlb:    11111111111111111111011111111111111111111111111111



ITERACION 203
Solucion:    25 21 13 9 28 22 12 43 34 24 0 30 49 29 40 31 37 15 39 1 8 47 14 48 38 23 2 46 5 11 17 6 20 27 10 42 44 7 18 19 45 33 35 41 36 16 3 4 32 26 
Coste: 52930
dlb:    11111111111111111111011111111111111111111111111111



ITERACION 204
Solucion:    25 21 13 9 28 22 12 43 34 24 0 30 49 29 40 31 37 15 39 1 8 47 14 48 38 23 2 46 5 11 17 6 20 27 10 42 44 7 18 19 45 33 35 41 36 16 3 4 32 26 
Coste: 52930
dlb:    11111111111111111111011111111111111111111111111111



ITERACION 205
Solucion:    25 21 13 9 28 22 12 43 34 24 0 30 49 29 40 31 37 15 39 1 8 47 14 48 38 23 2 46 5 11 17 6 20 27 10 42 44 7 18 19 45 33 35 41 36 16 3 4 32 26 
Coste: 52930
dlb:    11111111111111111111011111111111111111111111111111



ITERACION 206
Solucion:    25 21 13 9 28 22 12 43 34 24 0 30 49 29 40 31 37 15 39 1 8 47 14 48 38 23 2 46 5 11 17 6 20 27 10 42 44 7 18 19 45 33 35 41 36 16 3 4 32 26 
Coste: 52930
dlb:    11111111111111111111011111111111111111111111111111



ITERACION 207
Solucion:    25 21 13 9 28 22 12 43 34 24 0 30 49 29 40 31 37 15 39 1 8 47 14 48 38 23 2 46 5 11 17 6 20 27 10 42 44 7 18 19 45 33 35 41 36 16 3 4 32 26 
Coste: 52930
dlb:    11111111111111111111011111111111111111111111111111



ITERACION 208
Solucion:    25 21 13 9 28 22 12 43 34 24 0 30 49 29 40 31 37 15 39 1 8 47 14 48 38 23 2 46 5 11 17 6 20 27 10 42 44 7 18 19 45 33 35 41 36 16 3 4 32 26 
Coste: 52930
dlb:    11111111111111111111011111111111111111111111111111



ITERACION 209
Solucion:    25 21 13 9 28 22 12 43 34 24 0 30 49 29 40 31 37 15 39 1 8 47 14 48 38 23 2 46 5 11 17 6 20 27 10 42 44 7 18 19 45 33 35 41 36 16 3 4 32 26 
Coste: 52930
dlb:    11111111111111111111011111111111111111111111111111



ITERACION 210
Solucion:    25 21 13 9 28 22 12 43 34 24 0 30 49 29 40 31 37 15 39 1 8 47 14 48 38 23 2 46 5 11 17 6 20 27 10 42 44 7 18 19 45 33 35 41 36 16 3 4 32 26 
Coste: 52930
dlb:    11111111111111111111011111111111111111111111111111



ITERACION 211
Solucion:    25 21 13 9 28 22 12 43 34 24 0 30 49 29 40 31 37 15 39 1 8 47 14 48 38 23 2 46 5 11 17 6 20 27 10 42 44 7 18 19 45 33 35 41 36 16 3 4 32 26 
Coste: 52930
dlb:    11111111111111111111011111111111111111111111111111



ITERACION 212
Solucion:    25 21 13 9 28 22 12 43 34 24 0 30 49 29 40 31 37 15 39 1 8 47 14 48 38 23 2 46 5 11 17 6 20 27 10 42 44 7 18 19 45 33 35 41 36 16 3 4 32 26 
Coste: 52930
dlb:    11111111111111111111011111111111111111111111111111



ITERACION 213
Solucion:    25 21 13 9 28 22 12 43 34 24 0 30 49 29 40 31 37 15 39 1 8 47 14 48 38 23 2 46 5 11 17 6 20 27 10 42 44 7 18 19 45 33 35 41 36 16 3 4 32 26 
Coste: 52930
dlb:    11111111111111111111011111111111111111111111111111



ITERACION 214
Solucion:    25 21 13 9 28 22 12 43 34 24 0 30 49 29 40 31 37 15 39 1 8 47 14 48 38 23 2 46 5 11 17 6 20 27 10 42 44 7 18 19 45 33 35 41 36 16 3 4 32 26 
Coste: 52930
dlb:    11111111111111111111011111111111111111111111111111



ITERACION 215
Solucion:    25 21 13 9 28 22 12 43 34 24 0 30 49 29 40 31 37 15 39 1 8 47 14 48 38 23 2 46 5 11 17 6 20 27 10 42 44 7 18 19 45 33 35 41 36 16 3 4 32 26 
Coste: 52930
dlb:    11111111111111111111011111111111111111111111111111



ITERACION 216
Solucion:    25 21 13 9 28 22 12 43 34 24 0 30 49 29 40 31 37 15 39 1 8 47 14 48 38 23 2 46 5 11 17 6 20 27 10 42 44 7 18 19 45 33 35 41 36 16 3 4 32 26 
Coste: 52930
dlb:    11111111111111111111011111111111111111111111111111



ITERACION 217
Solucion:    25 21 13 9 28 22 12 43 34 24 0 30 49 29 40 31 37 15 39 1 8 47 14 48 38 23 2 46 5 11 17 6 20 27 10 42 44 7 18 19 45 33 35 41 36 16 3 4 32 26 
Coste: 52930
dlb:    11111111111111111111011111111111111111111111111111



ITERACION 218
Solucion:    25 21 13 9 28 22 12 43 34 24 0 30 49 29 40 31 37 15 39 1 8 47 14 48 38 23 2 46 5 11 17 6 20 27 10 42 44 7 18 19 45 33 35 41 36 16 3 4 32 26 
Coste: 52930
dlb:    11111111111111111111011111111111111111111111111111



ITERACION 219
Solucion:    25 21 13 9 28 22 12 43 34 24 0 30 49 29 40 31 37 15 39 1 8 47 14 48 38 23 2 46 5 11 17 6 20 27 10 42 44 7 18 19 45 33 35 41 36 16 3 4 32 26 
Coste: 52930
dlb:    11111111111111111111011111111111111111111111111111



ITERACION 220
Solucion:    25 21 13 9 28 22 12 43 34 24 0 30 49 29 40 31 37 15 39 1 8 47 14 48 38 23 2 46 5 11 17 6 20 27 10 42 44 7 18 19 45 33 35 41 36 16 3 4 32 26 
Coste: 52930
dlb:    11111111111111111111111111111111111111111111111111



ITERACION 221
Solucion:    25 21 13 9 28 22 12 43 34 24 0 30 49 29 40 31 37 15 39 1 8 47 14 48 38 23 2 46 5 11 17 6 20 27 10 42 44 7 18 19 45 33 35 41 36 16 3 4 32 26 
Coste: 52930
dlb:    11111111111111111111111111111111111111111111111111



ITERACION 222
Solucion:    25 21 13 9 28 22 12 43 34 24 0 30 49 29 40 31 37 15 39 1 8 47 14 48 38 23 2 46 5 11 17 6 20 27 10 42 44 7 18 19 45 33 35 41 36 16 3 4 32 26 
Coste: 52930
dlb:    11111111111111111111111111111111111111111111111111



ITERACION 223
Solucion:    25 21 13 9 28 22 12 43 34 24 0 30 49 29 40 31 37 15 39 1 8 47 14 48 38 23 2 46 5 11 17 6 20 27 10 42 44 7 18 19 45 33 35 41 36 16 3 4 32 26 
Coste: 52930
dlb:    11111111111111111111111111111111111111111111111111



ITERACION 224
Solucion:    25 21 13 9 28 22 12 43 34 24 0 30 49 29 40 31 37 15 39 1 8 47 14 48 38 23 2 46 5 11 17 6 20 27 10 42 44 7 18 19 45 33 35 41 36 16 3 4 32 26 
Coste: 52930
dlb:    11111111111111111111111111111111111111111111111111



ITERACION 225
Solucion:    25 21 13 9 28 22 12 43 34 24 0 30 49 29 40 31 37 15 39 1 8 47 14 48 38 23 2 46 5 11 17 6 20 27 10 42 44 7 18 19 45 33 35 41 36 16 3 4 32 26 
Coste: 52930
dlb:    11111111111111111111111111111111111111111111111111



ITERACION 226
Solucion:    25 21 13 9 28 22 12 43 34 24 0 30 49 29 40 31 37 15 39 1 8 47 14 48 38 23 2 46 5 11 17 6 20 27 10 42 44 7 18 19 45 33 35 41 36 16 3 4 32 26 
Coste: 52930
dlb:    11111111111111111111111111111111111111111111111111



ITERACION 227
Solucion:    25 21 13 9 28 22 12 43 34 24 0 30 49 29 40 31 37 15 39 1 8 47 14 48 38 23 2 46 5 11 17 6 20 27 10 42 44 7 18 19 45 33 35 41 36 16 3 4 32 26 
Coste: 52930
dlb:    11111111111111111111111111111111111111111111111111



ITERACION 228
Solucion:    25 21 13 9 28 22 12 43 34 24 0 30 49 29 40 31 37 15 39 1 8 47 14 48 38 23 2 46 5 11 17 6 20 27 10 42 44 7 18 19 45 33 35 41 36 16 3 4 32 26 
Coste: 52930
dlb:    11111111111111111111111111111111111111111111111111



ITERACION 229
Solucion:    25 21 13 9 28 22 12 43 34 24 0 30 49 29 40 31 37 15 39 1 8 47 14 48 38 23 2 46 5 11 17 6 20 27 10 42 44 7 18 19 45 33 35 41 36 16 3 4 32 26 
Coste: 52930
dlb:    11111111111111111111111111111111111111111111111111



ITERACION 230
Solucion:    25 21 13 9 28 22 12 43 34 24 0 30 49 29 40 31 37 15 39 1 8 47 14 48 38 23 2 46 5 11 17 6 20 27 10 42 44 7 18 19 45 33 35 41 36 16 3 4 32 26 
Coste: 52930
dlb:    11111111111111111111111111111111111111111111111111



ITERACION 231
Solucion:    25 21 13 9 28 22 12 43 34 24 0 30 49 29 40 31 37 15 39 1 8 47 14 48 38 23 2 46 5 11 17 6 20 27 10 42 44 7 18 19 45 33 35 41 36 16 3 4 32 26 
Coste: 52930
dlb:    11111111111111111111111111111111111111111111111111



ITERACION 232
Solucion:    25 21 13 9 28 22 12 43 34 24 0 30 49 29 40 31 37 15 39 1 8 47 14 48 38 23 2 46 5 11 17 6 20 27 10 42 44 7 18 19 45 33 35 41 36 16 3 4 32 26 
Coste: 52930
dlb:    11111111111111111111111111111111111111111111111111



ITERACION 233
Solucion:    25 21 13 9 28 22 12 43 34 24 0 30 49 29 40 31 37 15 39 1 8 47 14 48 38 23 2 46 5 11 17 6 20 27 10 42 44 7 18 19 45 33 35 41 36 16 3 4 32 26 
Coste: 52930
dlb:    11111111111111111111111111111111111111111111111111



ITERACION 234
Solucion:    25 21 13 9 28 22 12 43 34 24 0 30 49 29 40 31 37 15 39 1 8 47 14 48 38 23 2 46 5 11 17 6 20 27 10 42 44 7 18 19 45 33 35 41 36 16 3 4 32 26 
Coste: 52930
dlb:    11111111111111111111111111111111111111111111111111



ITERACION 235
Solucion:    25 21 13 9 28 22 12 43 34 24 0 30 49 29 40 31 37 15 39 1 8 47 14 48 38 23 2 46 5 11 17 6 20 27 10 42 44 7 18 19 45 33 35 41 36 16 3 4 32 26 
Coste: 52930
dlb:    11111111111111111111111111111111111111111111111111



ITERACION 236
Solucion:    25 21 13 9 28 22 12 43 34 24 0 30 49 29 40 31 37 15 39 1 8 47 14 48 38 23 2 46 5 11 17 6 20 27 10 42 44 7 18 19 45 33 35 41 36 16 3 4 32 26 
Coste: 52930
dlb:    11111111111111111111111111111111111111111111111111



ITERACION 237
Solucion:    25 21 13 9 28 22 12 43 34 24 0 30 49 29 40 31 37 15 39 1 8 47 14 48 38 23 2 46 5 11 17 6 20 27 10 42 44 7 18 19 45 33 35 41 36 16 3 4 32 26 
Coste: 52930
dlb:    11111111111111111111111111111111111111111111111111



ITERACION 238
Solucion:    25 21 13 9 28 22 12 43 34 24 0 30 49 29 40 31 37 15 39 1 8 47 14 48 38 23 2 46 5 11 17 6 20 27 10 42 44 7 18 19 45 33 35 41 36 16 3 4 32 26 
Coste: 52930
dlb:    11111111111111111111111111111111111111111111111111



ITERACION 239
Solucion:    25 21 13 9 28 22 12 43 34 24 0 30 49 29 40 31 37 15 39 1 8 47 14 48 38 23 2 46 5 11 17 6 20 27 10 42 44 7 18 19 45 33 35 41 36 16 3 4 32 26 
Coste: 52930
dlb:    11111111111111111111111111111111111111111111111111



ITERACION 240
Solucion:    25 21 13 9 28 22 12 43 34 24 0 30 49 29 40 31 37 15 39 1 8 47 14 48 38 23 2 46 5 11 17 6 20 27 10 42 44 7 18 19 45 33 35 41 36 16 3 4 32 26 
Coste: 52930
dlb:    11111111111111111111111111111111111111111111111111



ITERACION 241
Solucion:    25 21 13 9 28 22 12 43 34 24 0 30 49 29 40 31 37 15 39 1 8 47 14 48 38 23 2 46 5 11 17 6 20 27 10 42 44 7 18 19 45 33 35 41 36 16 3 4 32 26 
Coste: 52930
dlb:    11111111111111111111111111111111111111111111111111



ITERACION 242
Solucion:    25 21 13 9 28 22 12 43 34 24 0 30 49 29 40 31 37 15 39 1 8 47 14 48 38 23 2 46 5 11 17 6 20 27 10 42 44 7 18 19 45 33 35 41 36 16 3 4 32 26 
Coste: 52930
dlb:    11111111111111111111111111111111111111111111111111



ITERACION 243
Solucion:    25 21 13 9 28 22 12 43 34 24 0 30 49 29 40 31 37 15 39 1 8 47 14 48 38 23 2 46 5 11 17 6 20 27 10 42 44 7 18 19 45 33 35 41 36 16 3 4 32 26 
Coste: 52930
dlb:    11111111111111111111111111111111111111111111111111



ITERACION 244
Solucion:    25 21 13 9 28 22 12 43 34 24 0 30 49 29 40 31 37 15 39 1 8 47 14 48 38 23 2 46 5 11 17 6 20 27 10 42 44 7 18 19 45 33 35 41 36 16 3 4 32 26 
Coste: 52930
dlb:    11111111111111111111111111111111111111111111111111



ITERACION 245
Solucion:    25 21 13 9 28 22 12 43 34 24 0 30 49 29 40 31 37 15 39 1 8 47 14 48 38 23 2 46 5 11 17 6 20 27 10 42 44 7 18 19 45 33 35 41 36 16 3 4 32 26 
Coste: 52930
dlb:    11111111111111111111111111111111111111111111111111



ITERACION 246
Solucion:    25 21 13 9 28 22 12 43 34 24 0 30 49 29 40 31 37 15 39 1 8 47 14 48 38 23 2 46 5 11 17 6 20 27 10 42 44 7 18 19 45 33 35 41 36 16 3 4 32 26 
Coste: 52930
dlb:    11111111111111111111111111111111111111111111111111



ITERACION 247
Solucion:    25 21 13 9 28 22 12 43 34 24 0 30 49 29 40 31 37 15 39 1 8 47 14 48 38 23 2 46 5 11 17 6 20 27 10 42 44 7 18 19 45 33 35 41 36 16 3 4 32 26 
Coste: 52930
dlb:    11111111111111111111111111111111111111111111111111



ITERACION 248
Solucion:    25 21 13 9 28 22 12 43 34 24 0 30 49 29 40 31 37 15 39 1 8 47 14 48 38 23 2 46 5 11 17 6 20 27 10 42 44 7 18 19 45 33 35 41 36 16 3 4 32 26 
Coste: 52930
dlb:    11111111111111111111111111111111111111111111111111



ITERACION 249
Solucion:    25 21 13 9 28 22 12 43 34 24 0 30 49 29 40 31 37 15 39 1 8 47 14 48 38 23 2 46 5 11 17 6 20 27 10 42 44 7 18 19 45 33 35 41 36 16 3 4 32 26 
Coste: 52930
dlb:    11111111111111111111111111111111111111111111111111



