ITERACION 0
Solucion:    35 31 7 22 47 28 42 6 2 32 13 40 3 12 38 4 8 29 15 26 36 48 27 37 17 34 21 24 0 9 1 5 10 43 49 30 44 41 33 14 45 19 39 11 23 46 16 20 25 18 
Coste: 55757
dlb:    00000000000000000000000000000000000000000000000000



ITERACION 1
Solucion:    35 18 31 22 47 7 42 6 28 32 2 40 3 13 38 12 4 8 15 26 29 48 27 37 17 36 21 34 0 9 24 5 10 43 49 30 44 41 33 14 45 19 39 11 23 46 16 20 25 1 
Coste: 55363
dlb:    00000000000000000000000000000000000000000000000000



ITERACION 2
Solucion:    35 18 1 22 31 47 42 6 28 32 2 40 3 13 38 12 4 8 15 26 29 48 27 37 17 36 21 34 0 9 24 5 10 43 49 30 44 41 33 14 45 19 39 11 23 46 16 20 25 7 
Coste: 55301
dlb:    00000000000000000000000000000000000000000000000000



ITERACION 3
Solucion:    35 18 1 37 22 47 42 6 28 32 2 31 40 3 38 13 12 4 15 26 29 8 27 48 17 36 21 34 0 9 24 5 10 43 49 30 44 41 33 14 45 19 39 11 23 46 16 20 25 7 
Coste: 54999
dlb:    00000000000000000000000000000000000000000000000000



ITERACION 4
Solucion:    35 18 1 37 22 47 42 6 28 32 2 31 40 3 38 13 12 4 15 26 29 8 27 48 17 36 21 34 0 9 24 5 10 43 49 30 44 41 33 14 45 19 39 11 23 46 16 20 25 7 
Coste: 54999
dlb:    00001000000000000000000000000000000000000000000000



ITERACION 5
Solucion:    47 18 1 37 22 44 42 6 28 32 2 31 40 35 38 3 13 4 15 26 29 8 27 48 17 36 21 34 12 9 0 5 24 10 49 43 30 41 33 14 45 19 39 11 23 46 16 20 25 7 
Coste: 54611
dlb:    00001000000000000000000000000000000000000000000000



ITERACION 6
Solucion:    47 18 1 37 22 44 4 6 28 32 2 31 40 35 38 3 13 42 15 26 29 8 27 48 17 36 21 34 12 9 0 5 24 10 49 43 30 41 33 14 45 19 39 11 23 46 16 20 25 7 
Coste: 54605
dlb:    00001000000000000000000000000000000000000000000000



ITERACION 7
Solucion:    47 18 1 37 22 44 4 30 6 32 2 31 40 35 38 3 28 42 15 13 29 8 27 48 17 36 21 34 12 9 0 5 24 10 49 43 26 41 33 14 45 19 39 11 23 46 16 20 25 7 
Coste: 54549
dlb:    00001000000000000000000000000000000000000000000000



ITERACION 8
Solucion:    47 18 1 37 22 44 4 30 25 6 2 31 40 35 38 3 28 42 15 13 29 8 27 48 17 36 21 34 12 9 0 5 24 10 49 43 26 41 33 14 45 19 39 11 23 46 16 20 32 7 
Coste: 54518
dlb:    00001000000000000000000000000000000000000000000000



ITERACION 9
Solucion:    47 18 1 37 22 44 4 30 6 25 2 31 40 35 38 3 28 42 15 13 29 8 27 48 17 36 21 34 12 9 0 5 24 10 49 43 26 41 33 14 45 19 39 11 23 46 16 20 32 7 
Coste: 54501
dlb:    00001000000000000000000000000000000000000000000000



ITERACION 10
Solucion:    47 2 1 37 22 44 4 30 6 25 0 31 40 35 38 3 28 42 15 13 18 8 27 48 17 36 21 34 12 9 29 5 24 10 49 43 26 41 33 14 45 19 39 11 23 46 16 20 32 7 
Coste: 54459
dlb:    00001000000000000000000000000000000000000000000000



ITERACION 11
Solucion:    47 2 1 37 22 44 4 30 6 25 0 24 40 35 38 3 28 42 15 13 18 31 27 48 17 36 21 8 12 9 34 5 29 10 49 43 26 41 33 14 45 19 39 11 23 46 16 20 32 7 
Coste: 54420
dlb:    00001000000000000000000000000000000000000000000000



ITERACION 12
Solucion:    47 2 1 37 22 44 4 30 6 25 0 24 40 35 38 3 28 42 15 13 18 31 27 48 17 36 21 8 12 9 34 5 29 10 49 43 26 41 33 14 45 19 39 11 23 46 16 20 32 7 
Coste: 54420
dlb:    00001000000010000000000000000000000000000000000000



ITERACION 13
Solucion:    47 35 1 37 22 44 4 30 6 25 0 24 40 45 38 3 28 42 15 13 18 31 27 2 48 36 21 17 12 9 8 5 29 10 34 43 26 41 33 49 14 19 39 11 23 46 16 20 32 7 
Coste: 54250
dlb:    00001000000010000000000000000000000000000000000000



ITERACION 14
Solucion:    47 35 1 37 22 44 4 30 6 25 0 24 40 45 34 3 38 42 15 13 18 31 27 2 48 36 21 28 12 9 8 5 29 10 17 43 26 41 33 49 14 19 39 11 23 46 16 20 32 7 
Coste: 54230
dlb:    00001000000010000000000000000000000000000000000000



ITERACION 15
Solucion:    47 35 1 37 22 44 4 3 6 25 0 24 40 45 30 43 34 42 15 13 18 31 27 2 38 36 21 28 12 9 8 5 29 10 17 48 26 41 33 49 14 19 39 11 23 46 16 20 32 7 
Coste: 54175
dlb:    00001000000010000000000000000000000000000000000000



ITERACION 16
Solucion:    47 34 1 37 22 44 35 4 6 25 0 24 40 45 30 43 28 3 15 13 18 31 27 2 38 36 42 21 12 9 8 5 29 10 17 48 26 41 33 49 14 19 39 11 23 46 16 20 32 7 
Coste: 54075
dlb:    00001000000010000000000000000000000000000000000000



ITERACION 17
Solucion:    47 34 1 37 22 44 35 4 6 25 0 24 40 45 30 43 3 28 15 13 18 31 27 2 38 36 42 21 12 9 8 5 29 10 17 48 26 41 33 49 14 19 39 11 23 46 16 20 32 7 
Coste: 54070
dlb:    00001000000010000000000000000000000000000000000000



ITERACION 18
Solucion:    47 34 1 37 22 44 35 4 6 25 0 24 40 45 30 43 3 28 9 13 18 31 27 2 38 36 42 15 12 21 8 5 29 10 17 48 26 41 33 49 14 19 39 11 23 46 16 20 32 7 
Coste: 54014
dlb:    00001000000010000000000000000000000000000000000000



ITERACION 19
Solucion:    47 34 1 37 22 44 35 4 13 25 0 24 40 45 30 43 3 28 9 21 18 31 27 2 38 36 42 15 6 12 8 5 29 10 17 48 26 41 33 49 14 19 39 11 23 46 16 20 32 7 
Coste: 53929
dlb:    00001000000010000000000000000000000000000000000000



ITERACION 20
Solucion:    47 34 1 37 22 44 35 4 13 25 0 24 40 45 30 43 3 28 9 21 29 31 27 2 38 36 42 15 6 12 18 5 8 10 17 48 26 41 33 49 14 19 39 11 23 46 16 20 32 7 
Coste: 53911
dlb:    00001000000010000000000000000000000000000000000000



ITERACION 21
Solucion:    47 34 1 37 22 44 35 4 13 25 0 31 40 24 30 43 3 28 9 21 45 29 27 2 38 36 42 15 6 12 18 5 8 10 17 48 26 41 33 49 14 19 39 11 23 46 16 20 32 7 
Coste: 53852
dlb:    00001000000010000000000000000000000000000000000000



ITERACION 22
Solucion:    47 34 1 37 22 44 35 4 13 25 0 31 40 24 27 43 3 28 9 21 45 29 30 2 38 36 42 15 6 12 18 5 8 10 17 48 26 41 33 49 14 19 39 11 23 46 16 20 32 7 
Coste: 53825
dlb:    00001000000010000000000000000000000000000000000000



ITERACION 23
Solucion:    47 34 1 37 22 44 35 4 13 25 0 31 40 24 27 43 3 28 9 21 45 29 30 2 38 36 42 15 6 12 18 5 8 10 17 48 26 41 33 49 14 19 39 11 23 46 16 20 32 7 
Coste: 53825
dlb:    00001000000010000000000100000000000000000000000000



ITERACION 24
Solucion:    47 34 1 37 22 44 35 4 13 25 0 31 40 24 27 43 3 28 9 21 45 29 30 2 48 38 42 15 6 12 18 5 8 10 17 36 26 41 33 49 14 19 39 11 23 46 16 20 32 7 
Coste: 53766
dlb:    00001000000010000000000100000000000000000000000000



ITERACION 25
Solucion:    47 34 1 37 22 44 35 4 13 25 0 31 40 24 27 43 3 28 9 21 45 29 30 2 48 38 42 15 6 12 18 5 8 10 17 36 26 41 33 49 14 19 39 11 23 46 16 20 32 7 
Coste: 53766
dlb:    00001000000010000000000101000000000000000000000000



ITERACION 26
Solucion:    47 34 1 37 22 44 35 4 13 25 0 31 40 24 27 43 42 28 9 21 45 29 30 2 48 38 20 15 6 12 18 5 8 10 17 36 26 41 33 49 14 19 39 11 23 46 16 3 32 7 
Coste: 53755
dlb:    00001000000010000000000101000000000000000000000000



ITERACION 27
Solucion:    47 34 1 37 22 44 35 4 13 25 0 31 40 24 15 43 42 28 9 21 45 29 30 2 48 38 27 49 6 12 18 5 8 10 17 36 26 41 33 20 14 19 39 11 23 46 16 3 32 7 
Coste: 53695
dlb:    00001000000010000000000101000000000000000000000000



ITERACION 28
Solucion:    47 34 1 37 22 44 35 4 13 25 0 31 40 24 15 43 42 28 9 21 45 29 30 2 48 38 27 49 20 12 18 5 8 10 17 36 26 41 33 6 14 19 39 11 23 46 16 3 32 7 
Coste: 53631
dlb:    00001000000010000000000101000000000000000000000000



ITERACION 29
Solucion:    47 34 1 37 22 44 35 4 13 25 0 31 40 24 15 43 42 28 9 21 45 29 30 2 48 38 27 49 20 12 18 5 8 10 17 36 26 41 33 6 14 19 39 11 23 46 16 3 32 7 
Coste: 53631
dlb:    00001000000010000000000101000100000000000000000000



ITERACION 30
Solucion:    47 34 1 37 22 44 35 4 13 25 0 31 40 24 15 43 42 28 9 21 45 29 30 2 48 38 27 49 20 12 39 5 8 10 17 36 26 41 33 6 18 14 19 11 23 46 16 3 32 7 
Coste: 53593
dlb:    00001000000010000000000101000100000000000000000000



ITERACION 31
Solucion:    47 34 1 37 22 44 35 4 13 25 0 31 40 24 15 43 42 28 9 21 45 29 30 2 48 38 27 49 20 12 39 8 5 10 17 36 26 41 33 6 18 14 19 11 23 46 16 3 32 7 
Coste: 53592
dlb:    00001000000010000000000101000100000000000000000000



ITERACION 32
Solucion:    47 34 1 37 22 44 35 4 13 25 0 31 40 24 15 43 42 28 9 21 45 29 30 5 48 38 27 49 20 12 39 8 10 2 17 36 26 41 33 6 18 14 19 11 23 46 16 3 32 7 
Coste: 53568
dlb:    00001000000010000000000001000100000000000000000000



ITERACION 33
Solucion:    47 34 1 37 22 44 35 4 13 25 0 31 40 24 15 43 42 28 9 21 45 29 30 5 48 38 27 49 20 12 39 8 10 46 17 36 26 41 33 6 18 14 19 2 23 11 16 3 32 7 
Coste: 53559
dlb:    00001000000010000000000001000100000000000000000000



ITERACION 34
Solucion:    47 34 1 37 22 44 35 4 13 25 0 31 40 24 15 43 42 28 9 21 45 29 30 5 48 38 27 49 20 12 39 8 10 46 17 36 26 41 33 6 18 14 19 2 23 11 16 3 32 7 
Coste: 53559
dlb:    00001000000010000000000001000100001000000000000000



ITERACION 35
Solucion:    47 34 1 37 22 44 35 4 13 25 0 31 40 24 15 43 42 28 9 21 45 29 30 5 48 38 27 49 20 12 39 8 10 46 17 11 26 41 33 6 18 14 19 2 23 36 16 3 32 7 
Coste: 53549
dlb:    00001000000010000000000001000100001000000000000000



ITERACION 36
Solucion:    47 34 1 37 22 44 35 4 13 25 0 31 40 24 15 43 42 28 9 21 45 29 30 5 48 38 27 49 20 12 39 8 10 46 17 11 41 26 33 6 18 14 19 2 23 36 16 3 32 7 
Coste: 53524
dlb:    00001000000010000000000001000100001000000000000000



ITERACION 37
Solucion:    47 34 1 37 22 44 35 4 13 25 0 31 40 24 15 43 42 28 9 21 45 29 30 5 48 38 27 49 20 12 39 8 10 46 17 11 41 3 26 6 18 14 19 2 23 36 16 33 32 7 
Coste: 53492
dlb:    00001000000010000000000001000100001000000000000000



ITERACION 38
Solucion:    47 34 1 37 22 44 35 4 13 25 0 31 40 24 15 43 42 28 9 21 45 29 30 5 48 38 27 49 20 12 39 8 10 46 17 11 41 3 7 6 18 14 19 2 23 36 16 33 32 26 
Coste: 53468
dlb:    00001000000010000000000001000100001000000000000000



ITERACION 39
Solucion:    47 34 1 37 22 44 35 4 13 25 0 31 40 24 15 43 42 28 9 21 45 29 30 5 48 38 27 49 20 12 39 8 10 46 17 11 41 3 7 6 18 14 19 2 23 36 16 33 32 26 
Coste: 53468
dlb:    00001000000010000000000001000100001000010000000000



ITERACION 40
Solucion:    47 34 1 37 22 44 35 4 13 25 0 31 40 24 15 43 42 28 9 21 45 29 30 5 48 38 27 49 20 12 39 8 10 46 17 11 41 3 7 6 18 14 19 2 23 36 16 33 32 26 
Coste: 53468
dlb:    00001000000010000000000001000100001000011000000000



ITERACION 41
Solucion:    47 34 1 37 22 44 35 4 13 25 0 31 40 24 15 43 42 28 9 21 45 29 30 5 48 38 27 49 20 12 39 8 10 46 17 11 41 3 7 6 18 19 14 2 23 36 16 33 32 26 
Coste: 53466
dlb:    00001000000010000000000001000100001000011000000000



ITERACION 42
Solucion:    47 34 1 37 22 44 35 4 13 25 0 31 40 24 15 43 42 28 9 21 45 29 30 5 48 38 27 49 20 12 39 8 10 46 17 11 41 3 7 6 14 19 18 2 23 36 16 33 32 26 
Coste: 53464
dlb:    00001000000010000000000001000100001000010000000000



ITERACION 43
Solucion:    47 34 1 37 22 44 35 4 13 25 0 31 40 24 15 43 42 28 9 21 45 29 30 5 48 38 27 49 20 12 39 8 2 10 17 46 41 3 7 6 14 19 18 11 23 36 16 33 32 26 
Coste: 53432
dlb:    00001000000010000000000001000100001000010000000000



ITERACION 44
Solucion:    47 34 1 37 22 44 35 4 13 25 0 31 40 24 15 43 42 28 9 21 45 29 30 5 48 38 27 49 20 12 39 8 2 10 17 46 41 3 7 6 14 19 18 11 23 36 16 33 32 26 
Coste: 53432
dlb:    00001000000010000000000001000100001000010000100000



ITERACION 45
Solucion:    47 34 1 37 22 44 35 4 13 25 0 31 40 24 15 43 42 28 9 21 45 29 30 5 48 38 27 49 20 12 39 8 2 10 17 36 41 3 7 6 14 19 18 11 46 23 16 33 32 26 
Coste: 53428
dlb:    00001000000010000000000001000100001000010000000000



ITERACION 46
Solucion:    47 34 1 37 22 44 35 4 13 25 0 31 40 24 15 43 42 28 9 21 45 29 30 5 48 38 27 49 20 12 39 8 2 10 17 36 41 3 7 6 14 19 18 11 46 23 16 33 32 26 
Coste: 53428
dlb:    00001000000010000000000001000100001000010000001000



ITERACION 47
Solucion:    47 34 1 37 22 44 35 4 13 25 0 31 40 24 15 43 42 28 9 21 45 29 30 5 48 38 27 49 20 12 39 8 2 10 17 36 41 3 7 6 14 19 18 11 46 23 16 33 32 26 
Coste: 53428
dlb:    00001000000010000000000001000100001000010000001100



ITERACION 48
Solucion:    47 34 1 37 22 44 35 4 13 25 0 31 40 24 15 43 42 28 9 21 45 29 30 5 48 38 27 49 20 12 39 8 2 10 17 36 41 3 7 6 14 19 18 11 46 23 16 33 32 26 
Coste: 53428
dlb:    00001000000010000000000001000100001000010000001110



ITERACION 49
Solucion:    47 34 1 37 22 44 35 4 13 25 0 31 40 24 15 43 42 28 9 21 45 29 30 5 48 38 27 49 20 12 39 8 2 10 17 36 41 3 7 6 14 19 18 11 46 23 16 33 32 26 
Coste: 53428
dlb:    00001000000010000000000001000100001000010000001111



ITERACION 50
Solucion:    45 34 1 37 22 44 35 4 13 25 47 31 40 24 15 43 42 28 9 21 0 29 30 5 48 38 27 49 20 12 39 8 2 10 17 36 41 3 7 6 14 19 18 11 46 23 16 33 32 26 
Coste: 53381
dlb:    00001000000010000000000001000100001000010000001111



ITERACION 51
Solucion:    45 34 1 37 22 44 35 4 13 25 47 31 40 24 15 43 42 28 9 21 0 29 30 5 48 38 27 49 20 12 39 8 2 10 17 36 41 3 7 6 14 19 18 11 46 23 16 33 32 26 
Coste: 53381
dlb:    01001000000010000000000001000100001000010000001111



ITERACION 52
Solucion:    45 34 24 1 22 44 35 4 13 25 47 31 40 37 15 43 42 28 9 21 0 29 30 5 48 38 27 49 20 12 39 8 2 10 17 36 41 3 7 6 14 19 18 11 46 23 16 33 32 26 
Coste: 53349
dlb:    01001000000010000000000001000100001000010000001111



ITERACION 53
Solucion:    45 34 24 1 22 44 35 4 13 25 47 31 40 37 15 43 42 28 9 21 0 29 30 5 48 38 27 49 20 12 39 8 2 10 17 36 41 3 7 6 14 19 18 11 46 23 16 33 32 26 
Coste: 53349
dlb:    01011000000010000000000001000100001000010000001111



ITERACION 54
Solucion:    45 34 24 1 22 44 35 4 13 25 47 31 40 37 15 43 42 28 9 21 0 29 30 5 48 38 27 49 20 12 39 8 2 10 17 36 41 3 7 6 14 19 18 11 46 23 16 33 32 26 
Coste: 53349
dlb:    01011000000010000000000001000100001000010000001111



ITERACION 55
Solucion:    45 34 24 1 22 44 35 4 13 25 47 31 40 37 15 43 42 28 9 21 0 29 30 5 48 38 27 49 20 12 39 8 2 10 17 36 41 3 7 6 14 19 18 11 46 23 16 33 32 26 
Coste: 53349
dlb:    01011100000010000000000001000100001000010000001111



ITERACION 56
Solucion:    45 34 24 1 22 44 28 4 13 25 47 31 40 37 15 43 42 35 9 21 0 29 30 5 48 38 27 49 20 12 39 8 2 10 17 36 41 3 7 6 14 19 18 11 46 23 16 33 32 26 
Coste: 53341
dlb:    01011100000010000000000001000100001000010000001111



ITERACION 57
Solucion:    45 34 24 1 22 44 4 28 13 25 47 31 40 37 15 43 42 35 9 21 0 29 30 5 48 38 27 49 20 12 39 8 2 10 17 36 41 3 7 6 14 19 18 11 46 23 16 33 32 26 
Coste: 53339
dlb:    01011100000010000000000001000100001000010000001111



ITERACION 58
Solucion:    45 34 24 1 22 44 4 28 13 25 47 31 40 37 15 43 42 35 9 21 0 29 30 5 48 38 27 49 20 12 39 8 2 10 17 36 41 3 7 6 14 19 18 11 46 23 16 33 32 26 
Coste: 53339
dlb:    01011100100010000000000001000100001000010000001111



ITERACION 59
Solucion:    45 34 24 1 22 44 4 28 13 25 47 31 40 37 15 43 42 35 9 21 0 29 30 5 48 38 27 49 20 12 39 8 2 10 17 36 41 3 7 6 14 19 18 11 46 23 16 33 32 26 
Coste: 53339
dlb:    01011100110010000000000001000100001000010000001111



ITERACION 60
Solucion:    45 34 24 1 22 44 4 28 13 25 0 31 40 37 15 43 42 35 9 21 47 29 30 5 48 38 27 49 20 12 39 8 2 10 17 36 41 3 7 6 14 19 18 11 46 23 16 33 32 26 
Coste: 53324
dlb:    01011100110010000000000001000100001000010000001111



ITERACION 61
Solucion:    45 34 24 1 22 44 4 28 13 25 0 31 40 37 15 43 42 35 9 21 47 29 30 5 48 38 27 49 20 12 39 8 2 10 17 36 41 3 7 6 14 19 18 11 46 23 16 33 32 26 
Coste: 53324
dlb:    01011100110110000000000001000100001000010000001111



ITERACION 62
Solucion:    45 34 24 1 22 44 4 28 13 25 0 31 40 37 15 43 42 35 9 21 47 29 30 5 48 38 27 49 20 12 39 8 2 10 17 36 41 3 7 6 14 19 18 11 46 23 16 33 32 26 
Coste: 53324
dlb:    01011100110110000000000001000100001000010000001111



ITERACION 63
Solucion:    45 34 24 1 22 44 4 28 13 25 0 31 40 37 15 43 42 35 9 21 47 29 30 5 48 38 27 49 20 12 39 8 2 10 17 36 41 3 7 6 14 19 18 11 46 23 16 33 32 26 
Coste: 53324
dlb:    01011100110111000000000001000100001000010000001111



ITERACION 64
Solucion:    45 34 24 1 22 44 4 28 13 25 0 31 40 37 43 15 42 35 9 21 47 29 30 5 48 38 27 49 20 12 39 8 2 10 17 36 41 3 7 6 14 19 18 11 46 23 16 33 32 26 
Coste: 53321
dlb:    01011100110111000000000001000100001000010000001111



ITERACION 65
Solucion:    45 34 24 1 22 44 4 28 13 25 0 31 40 37 43 35 42 15 9 21 47 29 30 5 48 38 27 49 20 12 39 8 2 10 17 36 41 3 7 6 14 19 18 11 46 23 16 33 32 26 
Coste: 53309
dlb:    01011100110111000000000001000100001000010000001111



ITERACION 66
Solucion:    45 34 24 1 22 44 4 28 13 25 0 31 40 37 43 35 15 42 9 21 47 29 30 5 48 38 27 49 20 12 39 8 2 10 17 36 41 3 7 6 14 19 18 11 46 23 16 33 32 26 
Coste: 53305
dlb:    01011100110111000000000001000100001000010000001111



ITERACION 67
Solucion:    45 34 24 1 22 44 4 28 13 25 0 31 40 37 43 35 15 20 9 21 47 29 30 5 48 38 27 49 42 12 39 8 2 10 17 36 41 3 7 6 14 19 18 11 46 23 16 33 32 26 
Coste: 53297
dlb:    01011100110111000000000001000100001000010000001111



ITERACION 68
Solucion:    45 34 24 1 22 44 4 28 13 25 0 31 40 37 43 35 15 20 9 21 47 29 30 5 48 38 27 49 42 12 39 8 2 10 17 36 41 3 7 6 14 19 18 11 46 23 16 33 32 26 
Coste: 53297
dlb:    01011100110111000010000001000100001000010000001111



ITERACION 69
Solucion:    45 34 24 1 22 44 4 28 13 25 0 31 40 37 43 35 15 20 9 21 47 29 30 5 48 38 27 49 42 12 39 8 2 10 17 36 41 3 7 6 14 19 18 11 46 23 16 33 32 26 
Coste: 53297
dlb:    01011100110111000011000001000100001000010000001111



ITERACION 70
Solucion:    45 34 47 1 22 44 4 28 13 25 0 31 40 37 43 35 15 20 9 21 29 24 30 5 48 38 27 49 42 12 39 8 2 10 17 36 41 3 7 6 14 19 18 11 46 23 16 33 32 26 
Coste: 53289
dlb:    01011100110111000011000001000100001000010000001111



ITERACION 71
Solucion:    45 34 47 1 22 44 4 28 13 25 0 31 40 37 43 35 15 20 9 21 29 24 30 5 48 38 27 49 42 12 39 8 2 10 17 36 41 3 7 6 14 19 18 11 46 23 16 33 32 26 
Coste: 53289
dlb:    01011100110111000011010001000100001000010000001111



ITERACION 72
Solucion:    45 34 47 1 22 44 4 28 13 25 0 31 30 37 43 35 15 20 9 21 29 24 40 5 48 38 27 49 42 12 39 8 2 10 17 36 41 3 7 6 14 19 18 11 46 23 16 33 32 26 
Coste: 53283
dlb:    01011100110101000011010001000100001000010000001111



ITERACION 73
Solucion:    45 34 47 1 22 44 4 28 13 25 0 31 30 5 43 35 15 20 9 21 29 24 40 37 48 38 27 49 42 12 39 8 2 10 17 36 41 3 7 6 14 19 18 11 46 23 16 33 32 26 
Coste: 53275
dlb:    01011100110100000011010001000100001000010000001111



ITERACION 74
Solucion:    45 34 47 1 22 44 4 28 13 25 0 31 30 5 43 35 15 20 9 21 29 24 40 37 48 38 27 49 42 12 39 8 2 10 17 36 41 3 7 6 14 19 18 11 46 23 16 33 32 26 
Coste: 53275
dlb:    01011100110100000011010011000100001000010000001111



ITERACION 75
Solucion:    45 34 47 1 22 44 4 28 13 25 0 31 30 5 43 35 15 20 9 21 29 24 40 37 48 38 27 49 42 12 39 8 2 10 17 36 41 3 7 6 14 19 18 11 46 23 16 33 32 26 
Coste: 53275
dlb:    01011100110100000011010011000100001000010000001111



ITERACION 76
Solucion:    45 34 47 1 22 44 4 28 13 25 0 31 30 5 27 35 15 20 9 21 29 24 40 37 48 38 43 49 42 12 39 8 2 10 17 36 41 3 7 6 14 19 18 11 46 23 16 33 32 26 
Coste: 53266
dlb:    01011100110100000011010011000100001000010000001111



ITERACION 77
Solucion:    45 34 47 1 22 44 4 28 13 25 0 31 30 5 27 35 15 20 9 21 29 24 40 37 48 38 43 49 42 12 39 8 2 10 17 36 41 3 7 6 14 19 18 11 46 23 16 33 32 26 
Coste: 53266
dlb:    01011100110100000011010011010100001000010000001111



ITERACION 78
Solucion:    45 34 47 1 22 44 4 28 13 25 0 31 30 5 27 35 15 20 9 21 29 24 40 37 48 38 43 49 42 12 39 8 2 10 17 36 41 3 7 6 14 19 18 11 46 23 16 33 32 26 
Coste: 53266
dlb:    01011100110100000011010011011100001000010000001111



ITERACION 79
Solucion:    45 34 47 1 22 44 4 28 13 25 0 31 30 5 27 35 15 20 9 21 29 24 40 37 48 38 43 49 42 12 39 8 2 10 17 36 41 3 7 6 14 19 18 11 46 23 16 33 32 26 
Coste: 53266
dlb:    01011100110100000011010011011100001000010000001111



ITERACION 80
Solucion:    45 34 47 1 22 44 4 28 13 25 0 31 30 5 27 35 15 20 9 21 29 24 40 37 48 38 43 49 42 12 39 8 2 10 17 36 41 3 7 6 14 19 18 11 46 23 16 33 32 26 
Coste: 53266
dlb:    01011100110100000011010011011110001000010000001111



ITERACION 81
Solucion:    45 34 47 1 22 44 4 28 13 25 0 31 30 5 27 35 15 20 9 21 29 24 40 37 48 38 43 49 42 12 39 10 2 8 17 36 41 3 7 6 14 19 18 11 46 23 16 33 32 26 
Coste: 53264
dlb:    01011100110100000011010011011110001000010000001111



ITERACION 82
Solucion:    45 34 47 1 22 44 4 28 13 25 0 31 30 5 27 35 15 20 9 21 29 24 40 37 48 38 43 49 42 12 39 10 8 2 17 36 41 3 7 6 14 19 18 11 46 23 16 33 32 26 
Coste: 53254
dlb:    01011100110100000011010011011110001000010000001111



ITERACION 83
Solucion:    45 34 47 1 22 44 4 28 13 25 0 31 30 5 27 35 15 20 9 21 29 24 40 37 48 38 43 49 42 12 39 10 8 2 17 36 41 3 7 6 14 19 18 11 46 23 16 33 32 26 
Coste: 53254
dlb:    01011100110100000011010011011110011000010000001111



ITERACION 84
Solucion:    45 34 47 1 22 44 4 28 13 25 0 31 30 5 27 35 15 20 9 21 29 24 40 37 48 38 43 49 42 12 39 10 8 2 17 36 41 3 7 6 14 19 18 11 46 23 16 33 32 26 
Coste: 53254
dlb:    01011100110100000011010011011110011000010000001111



ITERACION 85
Solucion:    45 34 47 1 22 44 4 28 13 25 0 31 30 5 27 35 15 20 9 21 29 24 40 37 48 38 43 49 42 12 39 10 8 2 17 36 41 3 7 6 14 19 18 11 46 23 16 33 32 26 
Coste: 53254
dlb:    01011100110100000011010011011110011100010000001111



ITERACION 86
Solucion:    45 34 47 1 22 44 4 28 13 25 0 31 30 5 27 35 15 20 9 21 29 24 40 37 48 38 43 49 42 12 39 10 8 2 17 36 41 3 7 6 14 19 18 11 46 23 16 33 32 26 
Coste: 53254
dlb:    01011100110100000011010011011110011110010000001111



ITERACION 87
Solucion:    45 34 47 1 22 44 4 28 13 25 0 31 30 5 27 35 15 20 9 21 29 24 40 37 48 38 43 49 42 12 39 10 8 2 17 36 41 3 7 6 14 19 18 11 46 23 16 33 32 26 
Coste: 53254
dlb:    01011100110100000011010011011110011111010000001111



ITERACION 88
Solucion:    45 34 47 1 22 44 4 28 13 25 0 31 30 5 27 35 15 20 9 21 29 24 40 37 48 38 43 49 42 12 39 10 8 2 17 36 41 3 7 6 14 19 18 11 46 23 16 33 32 26 
Coste: 53254
dlb:    01011100110100000011010011011110011111110000001111



ITERACION 89
Solucion:    45 34 47 1 22 44 4 28 13 25 0 31 30 5 27 35 15 20 9 21 29 24 40 37 48 38 43 49 42 12 39 10 8 2 17 36 41 3 7 6 14 19 18 11 46 23 16 33 32 26 
Coste: 53254
dlb:    01011100110100000011010011011110011111110000001111



ITERACION 90
Solucion:    45 34 47 1 22 44 4 28 13 25 0 31 30 5 27 35 15 20 9 21 29 24 40 37 48 38 43 49 42 12 39 10 8 2 17 36 41 3 7 6 19 14 18 11 46 23 16 33 32 26 
Coste: 53250
dlb:    01011100110100000011010011011110011111110000001111



ITERACION 91
Solucion:    45 34 47 1 22 44 4 28 13 25 0 31 30 5 27 35 15 20 9 21 29 24 40 37 48 38 43 49 42 12 39 10 8 2 17 36 41 3 7 6 19 14 18 11 46 23 16 33 32 26 
Coste: 53250
dlb:    01011100110100000011010011011110011111110100001111



ITERACION 92
Solucion:    45 34 47 1 22 44 4 28 13 25 0 31 30 5 27 35 15 20 9 21 29 24 40 37 48 38 43 49 42 12 39 10 8 2 17 36 41 3 7 6 19 14 18 11 46 23 16 33 32 26 
Coste: 53250
dlb:    01011100110100000011010011011110011111110110001111



ITERACION 93
Solucion:    45 34 47 1 22 44 4 28 13 25 0 31 30 5 27 35 15 20 9 21 29 24 40 37 48 38 43 49 42 12 39 10 8 2 17 36 41 3 7 6 19 14 18 11 46 23 16 33 32 26 
Coste: 53250
dlb:    01011100110100000011010011011110011111110111001111



ITERACION 94
Solucion:    45 34 47 1 22 44 4 28 13 25 0 31 30 5 27 35 15 20 9 21 29 24 40 37 48 38 43 49 42 12 39 10 8 2 17 36 41 3 7 6 19 14 18 11 46 23 16 33 32 26 
Coste: 53250
dlb:    01011100110100000011010011011110011111110111101111



ITERACION 95
Solucion:    45 34 47 1 22 44 4 28 13 25 0 31 30 5 27 35 15 20 9 21 29 24 40 37 48 38 43 49 42 12 39 10 8 2 23 17 41 3 7 6 19 14 18 11 46 36 16 33 32 26 
Coste: 53245
dlb:    01011100110100000011010011011110010011110111101111



ITERACION 96
Solucion:    45 34 47 1 22 44 4 28 13 25 0 31 30 5 27 35 15 20 9 21 29 24 40 37 48 38 43 49 42 12 39 10 8 2 23 17 41 3 7 6 19 14 18 11 46 36 16 33 32 26 
Coste: 53245
dlb:    01011100110100000011010011011110010011110111101111



ITERACION 97
Solucion:    45 34 47 1 22 44 4 28 13 25 0 31 30 5 27 35 15 20 9 21 29 24 40 37 48 38 43 49 42 12 39 10 8 2 23 17 41 3 7 6 19 14 18 11 46 36 16 33 32 26 
Coste: 53245
dlb:    01011100110100000011010011011110010011110111101111



ITERACION 98
Solucion:    45 34 47 1 22 44 4 28 13 25 0 31 30 5 27 35 15 20 9 21 29 24 40 37 48 38 43 49 42 12 39 10 8 2 23 17 41 3 7 6 19 14 18 11 46 36 16 33 32 26 
Coste: 53245
dlb:    01011100110100000011010011011110010011110111101111



ITERACION 99
Solucion:    45 34 47 1 22 44 4 28 13 25 0 31 30 5 27 35 15 20 9 21 29 24 40 37 48 38 43 49 42 12 39 10 8 2 23 17 41 3 7 6 19 14 18 11 46 36 16 33 32 26 
Coste: 53245
dlb:    01011100110100000011010011011110010011110111101111



ITERACION 100
Solucion:    45 34 47 1 22 44 4 28 13 25 0 31 30 5 27 35 15 20 9 21 29 24 40 37 48 38 43 49 42 12 39 10 8 2 23 17 41 3 7 6 19 14 18 11 46 36 16 33 32 26 
Coste: 53245
dlb:    11011100110100000011010011011110010011110111101111



ITERACION 101
Solucion:    45 34 47 1 22 44 4 28 13 25 0 31 30 5 27 35 15 20 9 21 29 24 40 37 48 38 43 49 42 12 39 10 8 2 23 17 41 3 7 6 19 14 18 11 46 36 16 33 32 26 
Coste: 53245
dlb:    11011100110100000011010011011110010011110111101111



ITERACION 102
Solucion:    45 34 47 1 22 44 4 28 13 25 0 31 30 5 27 35 15 20 9 21 29 24 40 37 48 38 43 49 42 12 39 10 8 2 23 17 41 3 7 6 19 14 18 11 46 36 16 33 32 26 
Coste: 53245
dlb:    11111100110100000011010011011110010011110111101111



ITERACION 103
Solucion:    45 34 47 1 22 44 4 28 13 25 0 31 30 5 27 35 15 20 9 21 29 24 40 37 48 38 43 49 42 12 39 10 8 2 23 17 41 3 7 6 19 14 18 11 46 36 16 33 32 26 
Coste: 53245
dlb:    11111100110100000011010011011110010011110111101111



ITERACION 104
Solucion:    45 34 47 1 22 44 4 28 13 25 0 31 30 5 27 35 15 20 9 21 29 24 40 37 48 38 43 49 42 12 39 10 8 2 23 17 41 3 7 6 19 14 18 11 46 36 16 33 32 26 
Coste: 53245
dlb:    11111100110100000011010011011110010011110111101111



ITERACION 105
Solucion:    45 34 47 1 22 44 4 28 13 25 0 31 30 5 27 35 15 20 9 21 29 24 40 37 48 38 43 49 42 12 39 10 8 2 23 17 41 3 7 6 19 14 18 11 46 36 16 33 32 26 
Coste: 53245
dlb:    11111100110100000011010011011110010011110111101111



ITERACION 106
Solucion:    45 34 47 1 22 44 4 28 13 25 0 31 30 5 27 35 15 20 9 21 29 24 40 37 48 38 43 49 42 12 39 10 8 2 23 17 41 3 7 6 19 14 18 11 46 36 16 33 32 26 
Coste: 53245
dlb:    11111110110100000011010011011110010011110111101111



ITERACION 107
Solucion:    45 34 47 1 22 44 4 28 13 25 0 31 30 5 27 35 15 20 9 21 29 24 40 37 48 38 43 49 42 12 39 10 8 2 23 17 41 3 7 6 19 14 18 11 46 36 16 33 32 26 
Coste: 53245
dlb:    11111111110100000011010011011110010011110111101111



ITERACION 108
Solucion:    45 34 47 1 22 44 4 28 13 25 0 31 30 5 27 35 15 20 9 21 29 24 40 37 48 38 43 49 42 12 39 10 8 2 23 17 41 3 7 6 19 14 18 11 46 36 16 33 32 26 
Coste: 53245
dlb:    11111111110100000011010011011110010011110111101111



ITERACION 109
Solucion:    45 34 47 1 22 44 4 28 13 25 0 31 30 5 27 35 15 20 9 21 29 24 40 37 48 38 43 49 42 12 39 10 8 2 23 17 41 3 7 6 19 14 18 11 46 36 16 33 32 26 
Coste: 53245
dlb:    11111111110100000011010011011110010011110111101111



ITERACION 110
Solucion:    45 34 47 1 22 44 4 28 13 25 0 31 30 5 27 35 15 20 9 21 29 24 40 37 48 38 43 49 42 12 39 10 8 2 23 17 41 3 7 6 19 14 18 11 46 36 16 33 32 26 
Coste: 53245
dlb:    11111111111100000011010011011110010011110111101111



ITERACION 111
Solucion:    45 34 47 1 22 44 4 28 13 25 0 31 30 5 27 35 15 20 9 21 29 24 40 37 48 38 43 49 42 12 39 10 8 2 23 17 41 3 7 6 19 14 18 11 46 36 16 33 32 26 
Coste: 53245
dlb:    11111111111100000011010011011110010011110111101111



ITERACION 112
Solucion:    45 34 47 1 22 44 4 28 13 25 0 31 24 5 27 35 15 20 9 21 29 30 40 37 48 38 43 49 42 12 39 10 8 2 23 17 41 3 7 6 19 14 18 11 46 36 16 33 32 26 
Coste: 53241
dlb:    11111111111100000011000011011110010011110111101111



ITERACION 113
Solucion:    45 34 47 1 22 44 4 28 13 25 0 31 24 5 27 35 15 20 9 21 29 30 40 37 48 38 43 49 42 12 39 10 8 2 23 17 41 3 7 6 19 14 18 11 46 36 16 33 32 26 
Coste: 53241
dlb:    11111111111101000011000011011110010011110111101111



ITERACION 114
Solucion:    45 34 47 1 22 27 4 28 13 25 0 31 24 5 44 35 15 20 9 21 29 30 40 37 48 38 43 49 42 12 39 10 8 2 23 17 41 3 7 6 19 14 18 11 46 36 16 33 32 26 
Coste: 53235
dlb:    11111011111101000011000011011110010011110111101111



ITERACION 115
Solucion:    45 34 47 1 22 35 4 28 13 25 0 31 24 5 44 27 15 20 9 21 29 30 40 37 48 38 43 49 42 12 39 10 8 2 23 17 41 3 7 6 19 14 18 11 46 36 16 33 32 26 
Coste: 53232
dlb:    11111011111101000011000011011110010011110111101111



ITERACION 116
Solucion:    45 34 47 1 22 35 4 28 13 25 0 31 24 5 44 27 15 20 9 21 29 30 40 37 48 38 43 49 42 12 39 10 8 2 23 17 41 3 7 6 19 14 18 11 46 36 16 33 32 26 
Coste: 53232
dlb:    11111011111101001011000011011110010011110111101111



ITERACION 117
Solucion:    45 34 47 1 22 35 4 28 13 25 0 31 24 5 44 27 15 20 9 21 29 30 40 37 48 38 43 49 42 12 39 10 8 2 23 17 41 3 7 6 19 14 18 11 46 36 16 33 32 26 
Coste: 53232
dlb:    11111011111101001111000011011110010011110111101111



ITERACION 118
Solucion:    45 34 47 1 22 35 4 28 13 25 0 31 24 5 44 27 15 20 9 21 29 30 40 37 48 38 43 49 42 12 39 10 8 2 23 17 41 3 7 6 19 14 18 11 46 36 16 33 32 26 
Coste: 53232
dlb:    11111011111101001111000011011110010011110111101111



ITERACION 119
Solucion:    45 34 47 1 22 35 4 28 13 25 0 31 24 5 44 27 15 20 9 21 29 30 40 37 48 38 43 49 42 12 39 10 8 2 23 17 41 3 7 6 19 14 18 11 46 36 16 33 32 26 
Coste: 53232
dlb:    11111011111101001111000011011110010011110111101111



ITERACION 120
Solucion:    45 34 47 1 22 35 4 28 13 25 0 31 29 5 44 27 15 20 9 21 24 30 40 37 48 38 43 49 42 12 39 10 8 2 23 17 41 3 7 6 19 14 18 11 46 36 16 33 32 26 
Coste: 53222
dlb:    11111011111101001111000011011110010011110111101111



ITERACION 121
Solucion:    45 34 47 1 22 35 4 28 13 25 0 31 29 5 44 27 15 20 9 21 24 30 40 37 48 38 43 49 42 12 39 10 8 2 23 17 41 3 7 6 19 14 18 11 46 36 16 33 32 26 
Coste: 53222
dlb:    11111011111101001111010011011110010011110111101111



ITERACION 122
Solucion:    45 34 47 1 22 35 4 28 13 25 0 31 29 5 44 27 15 20 9 21 24 30 40 37 48 38 43 49 42 12 39 10 8 2 23 17 41 3 7 6 19 14 18 11 46 36 16 33 32 26 
Coste: 53222
dlb:    11111011111101001111011011011110010011110111101111



ITERACION 123
Solucion:    45 34 47 1 22 35 4 28 13 25 0 31 29 5 44 27 15 20 9 21 24 30 40 37 48 38 43 49 42 12 39 10 8 2 23 17 41 3 7 6 19 14 18 11 46 36 16 33 32 26 
Coste: 53222
dlb:    11111011111101001111011111011110010011110111101111



ITERACION 124
Solucion:    45 34 47 1 22 35 4 28 13 25 0 31 29 5 44 27 15 20 9 21 24 30 40 37 48 38 43 49 42 12 39 10 8 2 23 17 41 3 7 6 19 14 18 11 46 36 16 33 32 26 
Coste: 53222
dlb:    11111011111101001111011111011110010011110111101111



ITERACION 125
Solucion:    45 34 47 1 22 35 4 28 13 25 0 31 29 5 44 27 15 20 9 21 24 30 40 37 48 38 43 49 42 12 39 10 8 2 23 17 41 3 7 6 19 14 18 11 46 36 16 33 32 26 
Coste: 53222
dlb:    11111011111101001111011111011110010011110111101111



ITERACION 126
Solucion:    45 34 47 1 22 35 4 28 13 25 0 31 29 5 44 27 15 20 9 21 24 30 40 37 48 38 43 49 42 12 39 10 8 2 23 17 41 3 7 6 19 14 18 11 46 36 16 33 32 26 
Coste: 53222
dlb:    11111011111101001111011111111110010011110111101111



ITERACION 127
Solucion:    45 34 47 1 22 35 4 28 13 25 0 31 29 5 44 27 15 20 9 21 24 30 40 37 48 38 43 49 42 12 39 10 8 2 23 17 41 3 7 6 19 14 18 11 46 36 16 33 32 26 
Coste: 53222
dlb:    11111011111101001111011111111110010011110111101111



ITERACION 128
Solucion:    45 34 47 1 22 35 4 28 13 25 0 31 29 5 44 27 15 20 9 21 24 30 40 37 48 38 43 49 42 12 39 10 8 2 23 17 41 3 7 6 19 14 18 11 46 36 16 33 32 26 
Coste: 53222
dlb:    11111011111101001111011111111110010011110111101111



ITERACION 129
Solucion:    45 34 47 1 22 35 4 28 13 25 0 31 29 5 44 27 15 20 9 21 24 30 40 37 48 38 43 49 42 12 39 10 8 2 23 17 41 3 7 6 19 14 18 11 46 36 16 33 32 26 
Coste: 53222
dlb:    11111011111101001111011111111110010011110111101111



ITERACION 130
Solucion:    45 34 47 1 22 35 4 28 13 25 0 31 29 5 44 27 15 20 9 21 24 30 40 37 48 38 43 49 42 12 39 10 8 2 23 17 41 3 7 6 19 14 18 11 46 36 16 33 32 26 
Coste: 53222
dlb:    11111011111101001111011111111110010011110111101111



ITERACION 131
Solucion:    45 34 47 1 22 35 4 28 13 25 0 31 29 5 44 27 15 20 9 21 24 30 40 37 48 38 43 49 42 12 39 14 10 2 23 17 41 3 7 6 19 8 18 11 46 36 16 33 32 26 
Coste: 53216
dlb:    11111011111101001111011111111110010011110011101111



ITERACION 132
Solucion:    45 34 47 1 22 35 4 28 13 25 0 31 29 5 44 27 15 20 9 21 24 30 40 37 48 38 43 49 42 12 39 14 10 2 23 17 41 3 7 6 19 8 18 11 46 36 16 33 32 26 
Coste: 53216
dlb:    11111011111101001111011111111110110011110011101111



ITERACION 133
Solucion:    45 34 47 1 22 35 4 28 13 25 0 31 29 5 44 27 15 20 9 21 24 30 40 37 48 38 43 49 42 12 39 14 10 2 23 17 41 3 7 6 19 8 18 11 46 36 16 33 32 26 
Coste: 53216
dlb:    11111011111101001111011111111110110011110011101111



ITERACION 134
Solucion:    45 34 47 1 22 35 4 28 13 25 0 31 29 5 44 27 15 20 9 21 24 30 40 37 48 38 43 49 42 12 39 14 10 2 23 17 41 3 7 6 19 8 18 11 46 36 16 33 32 26 
Coste: 53216
dlb:    11111011111101001111011111111110111011110011101111



ITERACION 135
Solucion:    45 34 47 1 22 35 4 28 13 25 0 31 29 5 44 27 15 20 9 21 24 30 40 37 48 38 43 49 42 12 39 14 10 2 23 36 41 3 7 6 19 8 18 11 46 17 16 33 32 26 
Coste: 53207
dlb:    11111011111101001111011111111110111011110011101111



ITERACION 136
Solucion:    45 34 47 1 22 35 4 28 13 25 0 31 29 5 44 27 15 20 9 21 24 30 40 37 48 38 43 49 42 12 39 14 10 2 23 36 41 3 7 6 19 8 18 11 46 17 16 33 32 26 
Coste: 53207
dlb:    11111011111101001111011111111110111011110011101111



ITERACION 137
Solucion:    45 34 47 1 22 35 4 28 13 25 0 31 29 5 44 27 15 20 9 21 24 30 40 37 48 38 43 49 42 12 39 14 10 2 23 36 41 3 7 6 19 8 18 11 46 17 16 33 32 26 
Coste: 53207
dlb:    11111011111101001111011111111110111011110011101111



ITERACION 138
Solucion:    45 34 47 1 22 35 4 28 13 25 0 31 29 5 44 27 15 20 9 21 24 30 40 37 48 38 43 49 42 12 39 14 10 2 23 36 41 3 7 6 19 8 18 11 46 17 16 33 32 26 
Coste: 53207
dlb:    11111011111101001111011111111110111011110011101111



ITERACION 139
Solucion:    45 34 47 1 22 35 4 28 13 25 0 31 29 5 44 27 15 20 9 21 24 30 40 37 48 38 43 49 42 12 39 14 10 2 23 36 41 3 7 6 19 8 18 11 46 17 16 33 32 26 
Coste: 53207
dlb:    11111011111101001111011111111110111011110011101111



ITERACION 140
Solucion:    45 34 47 1 22 35 4 28 13 25 0 31 29 5 44 27 15 20 9 21 24 30 40 37 48 38 43 49 42 12 39 14 10 2 23 36 41 3 7 6 19 8 18 11 46 17 16 33 32 26 
Coste: 53207
dlb:    11111011111101001111011111111110111011111011101111



ITERACION 141
Solucion:    45 34 47 1 22 35 4 28 13 25 0 31 29 5 44 27 15 20 9 21 24 30 40 37 48 38 43 49 42 12 39 14 10 2 23 36 41 3 7 6 19 18 8 11 46 17 16 33 32 26 
Coste: 53202
dlb:    11111011111101001111011111111110111011111001101111



ITERACION 142
Solucion:    45 34 47 1 22 35 4 28 13 25 0 31 29 5 44 27 15 20 9 21 24 30 40 37 48 38 43 49 42 12 39 14 10 2 23 36 41 3 7 6 19 18 8 11 46 17 16 33 32 26 
Coste: 53202
dlb:    11111011111101001111011111111110111011111011101111



ITERACION 143
Solucion:    45 34 47 1 22 35 4 28 13 25 0 31 29 5 44 27 15 20 9 21 24 30 40 37 48 38 43 49 42 12 39 14 10 2 23 36 41 3 7 6 19 18 8 11 46 17 16 33 32 26 
Coste: 53202
dlb:    11111011111101001111011111111110111011111011101111



ITERACION 144
Solucion:    45 34 47 1 22 35 4 28 13 25 0 31 29 5 44 27 15 20 9 21 24 30 40 37 48 38 43 49 42 12 39 14 10 2 23 36 41 3 7 6 19 18 8 11 46 17 16 33 32 26 
Coste: 53202
dlb:    11111011111101001111011111111110111011111011101111



ITERACION 145
Solucion:    45 34 47 1 22 35 4 28 13 25 0 31 29 5 44 27 15 20 9 21 24 30 40 37 48 38 43 49 42 12 39 14 10 2 23 36 41 3 7 6 19 18 8 11 46 16 17 33 32 26 
Coste: 53199
dlb:    11111011111101001111011111111110111011111011100111



ITERACION 146
Solucion:    45 34 47 1 22 35 4 28 13 25 0 31 29 5 44 27 15 20 9 21 24 30 40 37 48 38 43 49 42 12 39 14 10 2 23 36 41 3 7 6 19 18 8 11 46 16 17 33 32 26 
Coste: 53199
dlb:    11111011111101001111011111111110111011111011101111



ITERACION 147
Solucion:    45 34 47 1 22 35 4 28 13 25 0 31 29 5 44 27 15 20 9 21 24 30 40 37 48 38 43 49 42 12 39 14 10 2 23 36 41 3 7 6 19 18 8 11 46 16 17 33 32 26 
Coste: 53199
dlb:    11111011111101001111011111111110111011111011101111



ITERACION 148
Solucion:    45 34 47 1 22 35 4 28 13 25 0 31 29 5 44 27 15 20 9 21 24 30 40 37 48 38 43 49 42 12 39 14 10 2 23 36 41 3 7 6 19 18 8 11 46 16 17 33 32 26 
Coste: 53199
dlb:    11111011111101001111011111111110111011111011101111



ITERACION 149
Solucion:    45 34 47 1 22 35 4 28 13 25 0 31 29 5 44 27 15 20 9 21 24 30 40 37 48 38 43 49 42 12 39 14 10 2 23 36 41 3 7 6 19 18 8 11 46 16 17 33 32 26 
Coste: 53199
dlb:    11111011111101001111011111111110111011111011101111



ITERACION 150
Solucion:    45 34 47 1 22 35 4 28 13 25 0 31 29 5 44 27 15 20 9 21 24 30 40 37 48 38 43 49 42 12 39 14 10 2 23 36 41 3 7 6 19 18 8 11 46 16 17 33 32 26 
Coste: 53199
dlb:    11111011111101001111011111111110111011111011101111



ITERACION 151
Solucion:    45 34 47 1 22 35 4 28 13 25 0 31 29 5 44 27 15 20 9 21 24 30 40 37 48 38 43 49 42 12 39 14 10 2 23 36 41 3 7 6 19 18 8 11 46 16 17 33 32 26 
Coste: 53199
dlb:    11111011111101001111011111111110111011111011101111



ITERACION 152
Solucion:    45 34 47 1 22 35 4 28 13 25 0 31 29 5 44 27 15 20 9 21 24 30 40 37 48 38 43 49 42 12 39 14 10 2 23 36 41 3 7 6 19 18 8 11 46 16 17 33 32 26 
Coste: 53199
dlb:    11111011111101001111011111111110111011111011101111



ITERACION 153
Solucion:    45 34 47 1 22 35 4 28 13 25 0 31 29 5 44 27 15 20 9 21 24 30 40 37 48 38 43 49 42 12 39 14 10 2 23 36 41 3 7 6 19 18 8 11 46 16 17 33 32 26 
Coste: 53199
dlb:    11111011111101001111011111111110111011111011101111



ITERACION 154
Solucion:    45 34 47 1 22 35 4 28 13 25 0 31 29 5 44 27 15 20 9 21 24 30 40 37 48 38 43 49 42 12 39 14 10 2 23 36 41 3 7 6 19 18 8 11 46 16 17 33 32 26 
Coste: 53199
dlb:    11111011111101001111011111111110111011111011101111



ITERACION 155
Solucion:    45 34 47 1 22 35 4 28 13 25 0 31 29 5 44 27 15 20 9 21 24 30 40 37 48 38 43 49 42 12 39 14 10 2 23 36 41 3 7 6 19 18 8 11 46 16 17 33 32 26 
Coste: 53199
dlb:    11111111111101001111011111111110111011111011101111



ITERACION 156
Solucion:    45 34 47 1 22 35 4 28 13 25 0 31 29 5 44 27 15 20 9 21 24 30 40 37 48 38 43 49 42 12 39 14 10 2 23 36 41 3 7 6 19 18 8 11 46 16 17 33 32 26 
Coste: 53199
dlb:    11111111111101001111011111111110111011111011101111



ITERACION 157
Solucion:    45 34 47 1 22 35 4 28 13 25 0 31 29 5 44 27 15 20 9 21 24 30 40 37 48 38 43 49 42 12 39 14 10 2 23 36 41 3 7 6 19 18 8 11 46 16 17 33 32 26 
Coste: 53199
dlb:    11111111111101001111011111111110111011111011101111



ITERACION 158
Solucion:    45 34 47 1 22 35 4 28 13 25 0 31 29 5 44 27 15 20 9 21 24 30 40 37 48 38 43 49 42 12 39 14 10 2 23 36 41 3 7 6 19 18 8 11 46 16 17 33 32 26 
Coste: 53199
dlb:    11111111111101001111011111111110111011111011101111



ITERACION 159
Solucion:    45 34 47 1 22 35 4 28 13 25 0 31 29 5 44 27 15 20 9 21 24 30 40 37 48 38 43 49 42 12 39 14 10 2 23 36 41 3 7 6 19 18 8 11 46 16 17 33 32 26 
Coste: 53199
dlb:    11111111111101001111011111111110111011111011101111



ITERACION 160
Solucion:    45 34 47 1 22 35 4 28 13 25 0 31 29 5 44 27 15 20 9 21 24 30 40 37 48 38 43 49 42 12 39 14 10 2 23 36 41 3 7 6 19 18 8 11 46 16 17 33 32 26 
Coste: 53199
dlb:    11111111111101001111011111111110111011111011101111



ITERACION 161
Solucion:    45 34 47 1 22 35 4 28 13 25 0 31 29 5 44 27 15 20 9 21 24 30 40 37 48 38 43 49 42 12 39 14 10 2 23 36 41 3 7 6 19 18 8 11 46 16 17 33 32 26 
Coste: 53199
dlb:    11111111111101001111011111111110111011111011101111



ITERACION 162
Solucion:    45 34 47 1 22 35 4 28 13 25 0 29 31 5 44 27 15 20 9 21 24 30 40 37 48 38 43 49 42 12 39 14 10 2 23 36 41 3 7 6 19 18 8 11 46 16 17 33 32 26 
Coste: 53196
dlb:    11111111111001001111011111111110111011111011101111



ITERACION 163
Solucion:    45 34 47 1 22 35 4 28 13 25 0 29 31 5 44 27 15 20 9 21 24 30 40 37 48 38 43 49 42 12 39 14 10 2 23 36 41 3 7 6 19 18 8 11 46 16 17 33 32 26 
Coste: 53196
dlb:    11111111111001001111011111111110111011111011101111



ITERACION 164
Solucion:    45 34 47 1 44 35 4 28 13 25 0 29 31 22 5 27 15 20 9 21 24 30 40 37 48 38 43 49 42 12 39 14 10 2 23 36 41 3 7 6 19 18 8 11 46 16 17 33 32 26 
Coste: 53190
dlb:    11110111111000001111011111111110111011111011101111



ITERACION 165
Solucion:    45 34 47 1 44 35 4 28 13 25 0 29 31 22 5 27 15 20 9 21 24 30 40 37 48 38 43 49 42 12 39 14 10 2 23 36 41 3 7 6 19 18 8 11 46 16 17 33 32 26 
Coste: 53190
dlb:    11110111111000011111011111111110111011111011101111



ITERACION 166
Solucion:    45 34 47 1 44 35 4 28 13 25 0 29 31 22 5 27 15 20 9 21 24 30 40 37 48 38 43 49 42 12 39 14 10 2 23 36 41 3 7 6 19 18 8 11 46 16 17 33 32 26 
Coste: 53190
dlb:    11110111111000011111011111111110111011111011101111



ITERACION 167
Solucion:    45 34 47 1 44 35 4 28 13 25 0 29 31 22 5 27 15 20 9 21 24 30 40 37 48 38 43 49 42 12 39 14 10 2 23 36 41 3 7 6 19 18 8 11 46 16 17 33 32 26 
Coste: 53190
dlb:    11110111111000011111011111111110111011111011101111



ITERACION 168
Solucion:    45 34 47 1 44 35 4 28 13 25 0 29 31 22 5 27 15 20 9 21 24 30 40 37 48 38 43 49 42 12 39 14 10 2 23 36 41 3 7 6 19 18 8 11 46 16 17 33 32 26 
Coste: 53190
dlb:    11110111111000011111011111111110111011111011101111



ITERACION 169
Solucion:    45 34 47 1 44 35 4 28 13 25 0 29 31 22 5 27 15 20 9 21 24 30 40 37 48 38 43 49 42 12 39 14 10 2 23 36 41 3 7 6 19 18 8 11 46 16 17 33 32 26 
Coste: 53190
dlb:    11110111111000011111011111111110111011111011101111



ITERACION 170
Solucion:    45 34 47 1 44 35 4 28 13 25 0 29 31 22 5 27 15 20 9 21 24 30 40 37 48 38 43 49 42 12 39 14 10 2 23 36 41 3 7 6 19 18 8 11 46 16 17 33 32 26 
Coste: 53190
dlb:    11110111111000011111111111111110111011111011101111



ITERACION 171
Solucion:    45 34 47 1 44 35 4 28 13 25 0 29 31 22 5 27 15 20 9 21 24 30 40 37 48 38 43 49 42 12 39 14 10 2 23 36 41 3 7 6 19 18 8 11 46 16 17 33 32 26 
Coste: 53190
dlb:    11110111111000011111111111111110111011111011101111



ITERACION 172
Solucion:    45 34 47 1 44 35 4 28 13 25 0 29 31 22 5 27 15 20 9 21 24 30 40 37 48 38 43 49 42 12 39 14 10 2 23 36 41 3 7 6 19 18 8 11 46 16 17 33 32 26 
Coste: 53190
dlb:    11110111111000011111111111111110111011111011101111



ITERACION 173
Solucion:    45 34 47 1 44 35 4 28 13 25 0 29 31 22 5 27 15 20 9 21 24 30 40 37 48 38 43 49 42 12 39 14 10 2 23 36 41 3 7 6 19 18 8 11 46 16 17 33 32 26 
Coste: 53190
dlb:    11110111111000011111111111111110111011111011101111



ITERACION 174
Solucion:    45 34 47 1 44 35 4 28 13 25 0 29 31 22 5 27 15 20 9 21 24 30 40 37 48 38 43 49 42 12 39 14 10 2 23 36 41 3 7 6 19 18 8 11 46 16 17 33 32 26 
Coste: 53190
dlb:    11110111111000011111111111111110111011111011101111



ITERACION 175
Solucion:    45 34 47 1 44 35 4 28 13 25 0 29 31 22 5 27 15 20 9 21 24 30 40 37 48 38 43 49 42 12 39 14 10 2 23 36 41 3 7 6 19 18 8 11 46 16 17 33 32 26 
Coste: 53190
dlb:    11110111111000011111111111111110111011111011101111



ITERACION 176
Solucion:    45 34 47 1 44 35 4 28 13 25 0 29 31 22 5 27 15 20 9 21 24 30 40 37 48 38 43 49 42 12 39 14 10 2 23 36 41 3 7 6 19 18 8 11 46 16 17 33 32 26 
Coste: 53190
dlb:    11110111111000011111111111111110111011111011101111



ITERACION 177
Solucion:    45 34 47 1 44 35 4 28 13 25 0 29 31 22 5 27 15 20 9 21 24 30 40 37 48 38 43 49 42 12 39 14 10 2 23 36 41 3 7 6 19 18 8 11 46 16 17 33 32 26 
Coste: 53190
dlb:    11110111111000011111111111111110111011111011101111



ITERACION 178
Solucion:    45 34 47 1 44 35 4 28 13 25 0 29 31 22 5 27 15 20 9 21 24 30 40 37 48 38 43 49 42 12 39 14 10 2 23 36 41 3 7 6 19 18 8 11 46 16 17 33 32 26 
Coste: 53190
dlb:    11110111111000011111111111111110111011111011101111



ITERACION 179
Solucion:    45 34 47 1 44 35 4 28 13 25 0 29 31 22 5 27 15 20 9 21 24 30 40 37 48 38 43 49 42 12 39 14 10 2 23 36 41 3 7 6 19 18 8 11 46 16 17 33 32 26 
Coste: 53190
dlb:    11110111111000011111111111111110111011111011101111



ITERACION 180
Solucion:    45 34 47 1 44 35 4 28 13 25 0 29 31 22 5 27 15 20 9 21 24 30 40 37 48 38 43 49 42 12 39 14 10 2 23 36 41 3 7 6 19 18 8 11 46 16 17 33 32 26 
Coste: 53190
dlb:    11110111111000011111111111111110111011111011101111



ITERACION 181
Solucion:    45 34 47 1 44 35 4 28 13 25 0 29 31 22 5 27 15 20 9 21 24 30 40 37 48 38 43 49 42 12 39 11 10 2 23 36 41 3 7 6 19 14 8 18 46 16 17 33 32 26 
Coste: 53182
dlb:    11110111111000011111111111111110111011111010101111



ITERACION 182
Solucion:    45 34 47 1 44 35 4 28 13 25 0 29 31 22 5 27 15 20 9 21 24 30 40 37 48 38 43 49 42 12 39 11 10 2 23 36 41 3 7 6 19 14 8 18 46 16 17 33 32 26 
Coste: 53182
dlb:    11110111111000011111111111111110111011111010101111



ITERACION 183
Solucion:    45 34 47 1 44 35 4 28 13 25 0 29 31 22 5 27 15 20 9 21 24 30 40 37 48 38 43 49 42 12 39 11 10 2 23 36 41 3 7 6 19 14 8 18 46 16 17 33 32 26 
Coste: 53182
dlb:    11110111111000011111111111111110111011111010101111



ITERACION 184
Solucion:    45 34 47 1 44 35 4 28 13 25 0 29 31 22 5 27 15 20 9 21 24 30 40 37 48 38 43 49 42 12 39 11 10 2 23 36 41 3 7 6 19 14 8 18 46 16 17 33 32 26 
Coste: 53182
dlb:    11110111111000011111111111111110111011111010101111



ITERACION 185
Solucion:    45 34 47 1 44 35 4 28 13 25 0 29 31 22 5 27 15 20 9 21 24 30 40 37 48 38 43 49 42 12 39 11 10 2 23 36 41 3 7 6 19 14 8 18 46 16 17 33 32 26 
Coste: 53182
dlb:    11110111111000011111111111111110111111111010101111



ITERACION 186
Solucion:    45 34 47 1 44 35 4 28 13 25 0 29 31 22 5 27 15 20 9 21 24 30 40 37 48 38 43 49 42 12 39 11 10 2 23 36 41 3 7 6 19 14 8 18 46 16 17 33 32 26 
Coste: 53182
dlb:    11110111111000011111111111111110111111111010101111



ITERACION 187
Solucion:    45 34 47 1 44 35 4 28 13 25 0 29 31 22 5 27 15 20 9 21 24 30 40 37 48 38 43 49 42 12 39 11 10 2 23 36 41 3 7 6 19 14 8 18 46 16 17 33 32 26 
Coste: 53182
dlb:    11110111111000011111111111111110111111111010101111



ITERACION 188
Solucion:    45 34 47 1 44 35 4 28 13 25 0 29 31 22 5 27 15 20 9 21 24 30 40 37 48 38 43 49 42 12 39 11 10 2 23 36 41 3 7 6 19 14 8 18 46 16 17 33 32 26 
Coste: 53182
dlb:    11110111111000011111111111111110111111111010101111



ITERACION 189
Solucion:    45 34 47 1 44 35 4 28 13 25 0 29 31 22 5 27 15 20 9 21 24 30 40 37 48 38 43 49 42 12 39 11 10 2 23 36 41 3 7 6 19 14 8 18 46 16 17 33 32 26 
Coste: 53182
dlb:    11110111111000011111111111111110111111111010101111



ITERACION 190
Solucion:    45 34 47 1 44 35 4 28 13 25 0 29 31 22 5 27 15 20 9 21 24 30 40 37 48 38 43 49 42 12 39 11 10 2 23 36 41 3 7 6 19 14 8 18 46 16 17 33 32 26 
Coste: 53182
dlb:    11110111111000011111111111111110111111111010101111



ITERACION 191
Solucion:    45 34 47 1 44 35 4 28 13 25 0 29 31 22 5 27 15 20 9 21 24 30 40 37 48 38 43 49 42 12 39 11 10 2 23 36 41 3 7 6 19 14 8 18 46 16 17 33 32 26 
Coste: 53182
dlb:    11110111111000011111111111111110111111111110101111



ITERACION 192
Solucion:    45 34 47 1 44 35 4 28 13 25 0 29 31 22 5 27 15 20 9 21 24 30 40 37 48 38 43 49 42 12 39 11 10 2 23 36 41 3 7 6 19 14 8 18 46 16 17 33 32 26 
Coste: 53182
dlb:    11110111111000011111111111111110111111111110101111



ITERACION 193
Solucion:    45 34 47 1 44 35 4 28 13 25 0 29 31 22 5 27 15 20 9 21 24 30 40 37 48 38 43 49 42 12 39 11 10 2 23 36 41 3 7 6 19 14 8 18 46 16 17 33 32 26 
Coste: 53182
dlb:    11110111111000011111111111111110111111111111101111



ITERACION 194
Solucion:    45 34 47 1 44 35 4 28 13 25 0 29 31 22 5 27 15 20 9 21 24 30 40 37 48 38 43 49 42 12 39 11 10 2 23 36 41 3 7 6 19 14 8 18 46 16 17 33 32 26 
Coste: 53182
dlb:    11110111111000011111111111111110111111111111101111



ITERACION 195
Solucion:    45 34 47 1 44 35 4 28 13 25 0 29 31 22 5 27 15 20 9 21 24 30 40 37 48 38 43 49 42 12 39 11 10 2 23 36 41 3 7 6 19 14 8 18 46 16 17 33 32 26 
Coste: 53182
dlb:    11110111111000011111111111111110111111111111111111



ITERACION 196
Solucion:    45 34 47 1 44 35 4 28 13 25 0 29 31 22 5 27 15 20 9 21 24 30 40 37 48 38 43 49 42 12 39 11 10 2 23 36 41 3 7 6 19 14 8 18 46 16 17 33 32 26 
Coste: 53182
dlb:    11110111111000011111111111111110111111111111111111



ITERACION 197
Solucion:    45 34 47 1 44 35 4 28 13 25 0 29 31 22 5 27 15 20 9 21 24 30 40 37 48 38 43 49 42 12 39 11 10 2 23 36 41 3 7 6 19 14 8 18 46 16 17 33 32 26 
Coste: 53182
dlb:    11110111111000011111111111111110111111111111111111



ITERACION 198
Solucion:    45 34 47 1 44 35 4 28 13 25 0 29 31 22 5 27 15 20 9 21 24 30 40 37 48 38 43 49 42 12 39 11 10 2 23 36 41 3 7 6 19 14 8 18 46 16 17 33 32 26 
Coste: 53182
dlb:    11110111111000011111111111111110111111111111111111



ITERACION 199
Solucion:    45 34 47 1 44 35 4 28 13 25 0 29 31 22 5 27 15 20 9 21 24 30 40 37 48 38 43 49 42 12 39 11 10 2 23 36 41 3 7 6 19 14 8 18 46 16 17 33 32 26 
Coste: 53182
dlb:    11110111111000011111111111111110111111111111111111



ITERACION 200
Solucion:    45 34 47 1 44 35 4 28 13 25 0 29 31 22 5 27 15 20 9 21 24 30 40 37 48 38 43 49 42 12 39 11 10 2 23 36 41 3 7 6 19 14 8 18 46 16 17 33 32 26 
Coste: 53182
dlb:    11110111111000011111111111111110111111111111111111



ITERACION 201
Solucion:    45 34 47 1 44 35 4 28 13 25 0 29 31 22 5 27 15 20 9 21 24 30 40 37 48 38 43 49 42 12 39 11 10 2 23 36 41 3 7 6 19 14 8 18 46 16 17 33 32 26 
Coste: 53182
dlb:    11110111111000011111111111111110111111111111111111



ITERACION 202
Solucion:    45 34 47 1 44 35 4 28 13 25 0 29 31 22 5 27 15 20 9 21 24 30 40 37 48 38 43 49 42 12 39 11 10 2 23 36 41 3 7 6 19 14 8 18 46 16 17 33 32 26 
Coste: 53182
dlb:    11110111111000011111111111111110111111111111111111



ITERACION 203
Solucion:    45 34 47 1 44 35 4 28 13 25 0 29 31 22 5 27 15 20 9 21 24 30 40 37 48 38 43 49 42 12 39 11 10 2 23 36 41 3 7 6 19 14 8 18 46 16 17 33 32 26 
Coste: 53182
dlb:    11110111111000011111111111111110111111111111111111



ITERACION 204
Solucion:    45 34 47 1 44 35 4 28 13 25 0 29 31 22 5 27 15 20 9 21 24 30 40 37 48 38 43 49 42 12 39 11 10 2 23 36 41 3 7 6 19 14 8 18 46 16 17 33 32 26 
Coste: 53182
dlb:    11111111111000011111111111111110111111111111111111



ITERACION 205
Solucion:    45 34 47 1 44 35 4 28 13 25 0 29 31 22 5 27 15 20 9 21 24 30 40 37 48 38 43 49 42 12 39 11 10 2 23 36 41 3 7 6 19 14 8 18 46 16 17 33 32 26 
Coste: 53182
dlb:    11111111111000011111111111111110111111111111111111



ITERACION 206
Solucion:    45 34 47 1 44 35 4 28 13 25 0 29 31 22 5 27 15 20 9 21 24 30 40 37 48 38 43 49 42 12 39 11 10 2 23 36 41 3 7 6 19 14 8 18 46 16 17 33 32 26 
Coste: 53182
dlb:    11111111111000011111111111111110111111111111111111



ITERACION 207
Solucion:    45 34 47 1 44 35 4 28 13 25 0 29 31 22 5 27 15 20 9 21 24 30 40 37 48 38 43 49 42 12 39 11 10 2 23 36 41 3 7 6 19 14 8 18 46 16 17 33 32 26 
Coste: 53182
dlb:    11111111111000011111111111111110111111111111111111



ITERACION 208
Solucion:    45 34 47 1 44 35 4 28 13 25 0 29 31 22 5 27 15 20 9 21 24 30 40 37 48 38 43 49 42 12 39 11 10 2 23 36 41 3 7 6 19 14 8 18 46 16 17 33 32 26 
Coste: 53182
dlb:    11111111111000011111111111111110111111111111111111



ITERACION 209
Solucion:    45 34 47 1 44 35 4 28 13 25 0 29 31 22 5 27 15 20 9 21 24 30 40 37 48 38 43 49 42 12 39 11 10 2 23 36 41 3 7 6 19 14 8 18 46 16 17 33 32 26 
Coste: 53182
dlb:    11111111111000011111111111111110111111111111111111



ITERACION 210
Solucion:    45 34 47 1 44 35 4 28 13 25 0 29 31 22 5 27 15 20 9 21 24 30 40 37 48 38 43 49 42 12 39 11 10 2 23 36 41 3 7 6 19 14 8 18 46 16 17 33 32 26 
Coste: 53182
dlb:    11111111111000011111111111111110111111111111111111



ITERACION 211
Solucion:    45 34 47 1 44 35 4 28 13 25 0 29 31 22 5 27 15 20 9 21 24 30 40 37 48 38 43 49 42 12 39 11 10 2 23 36 41 3 7 6 19 14 8 18 46 16 17 33 32 26 
Coste: 53182
dlb:    11111111111100011111111111111110111111111111111111



ITERACION 212
Solucion:    45 34 47 1 44 35 4 28 13 25 0 29 31 22 5 27 15 20 9 21 24 30 40 37 48 38 43 49 42 12 39 11 10 2 23 36 41 3 7 6 19 14 8 18 46 16 17 33 32 26 
Coste: 53182
dlb:    11111111111110011111111111111110111111111111111111



ITERACION 213
Solucion:    45 34 47 1 44 35 4 28 13 25 0 29 31 22 5 27 15 20 9 21 24 30 40 37 48 38 43 49 42 12 39 11 10 2 23 36 41 3 7 6 19 14 8 18 46 16 17 33 32 26 
Coste: 53182
dlb:    11111111111111011111111111111110111111111111111111



ITERACION 214
Solucion:    45 34 47 1 44 35 4 28 13 25 0 29 31 22 5 27 15 20 9 21 24 30 40 37 48 38 43 49 42 12 39 11 10 2 23 36 41 3 7 6 19 14 8 18 46 16 17 33 32 26 
Coste: 53182
dlb:    11111111111111111111111111111110111111111111111111



ITERACION 215
Solucion:    45 34 47 1 44 35 4 28 13 25 0 29 31 22 5 27 15 20 9 21 24 30 40 37 48 38 43 49 42 12 39 11 10 2 23 36 41 3 7 6 19 14 8 18 46 16 17 33 32 26 
Coste: 53182
dlb:    11111111111111111111111111111110111111111111111111



ITERACION 216
Solucion:    45 34 47 1 44 35 4 28 13 25 0 29 31 22 5 27 15 20 9 21 24 30 40 37 48 38 43 49 42 12 39 11 10 2 23 36 41 3 7 6 19 14 8 18 46 16 17 33 32 26 
Coste: 53182
dlb:    11111111111111111111111111111110111111111111111111



ITERACION 217
Solucion:    45 34 47 1 44 35 4 28 13 25 0 29 31 22 5 27 15 20 9 21 24 30 40 37 48 38 43 49 42 12 39 11 10 2 23 36 41 3 7 6 19 14 8 18 46 16 17 33 32 26 
Coste: 53182
dlb:    11111111111111111111111111111110111111111111111111



ITERACION 218
Solucion:    45 34 47 1 44 35 4 28 13 25 0 29 31 22 5 27 15 20 9 21 24 30 40 37 48 38 43 49 42 12 39 11 10 2 23 36 41 3 7 6 19 14 8 18 46 16 17 33 32 26 
Coste: 53182
dlb:    11111111111111111111111111111110111111111111111111



ITERACION 219
Solucion:    45 34 47 1 44 35 4 28 13 25 0 29 31 22 5 27 15 20 9 21 24 30 40 37 48 38 43 49 42 12 39 11 10 2 23 36 41 3 7 6 19 14 8 18 46 16 17 33 32 26 
Coste: 53182
dlb:    11111111111111111111111111111110111111111111111111



ITERACION 220
Solucion:    45 34 47 1 44 35 4 28 13 25 0 29 31 22 5 27 15 20 9 21 24 30 40 37 48 38 43 49 42 12 39 11 10 2 23 36 41 3 7 6 19 14 8 18 46 16 17 33 32 26 
Coste: 53182
dlb:    11111111111111111111111111111110111111111111111111



ITERACION 221
Solucion:    45 34 47 1 44 35 4 28 13 25 0 29 31 22 5 27 15 20 9 21 24 30 40 37 48 38 43 49 42 12 39 11 10 2 23 36 41 3 7 6 19 14 8 18 46 16 17 33 32 26 
Coste: 53182
dlb:    11111111111111111111111111111110111111111111111111



ITERACION 222
Solucion:    45 34 47 1 44 35 4 28 13 25 0 29 31 22 5 27 15 20 9 21 24 30 40 37 48 38 43 49 42 12 39 11 10 2 23 36 41 3 7 6 19 14 8 18 46 16 17 33 32 26 
Coste: 53182
dlb:    11111111111111111111111111111110111111111111111111



ITERACION 223
Solucion:    45 34 47 1 44 35 4 28 13 25 0 29 31 22 5 27 15 20 9 21 24 30 40 37 48 38 43 49 42 12 39 11 10 2 23 36 41 3 7 6 19 14 8 18 46 16 17 33 32 26 
Coste: 53182
dlb:    11111111111111111111111111111110111111111111111111



ITERACION 224
Solucion:    45 34 47 1 44 35 4 28 13 25 0 29 31 22 5 27 15 20 9 21 24 30 40 37 48 38 43 49 42 12 39 11 10 2 23 36 41 3 7 6 19 14 8 18 46 16 17 33 32 26 
Coste: 53182
dlb:    11111111111111111111111111111110111111111111111111



ITERACION 225
Solucion:    45 34 47 1 44 35 4 28 13 25 0 29 31 22 5 27 15 20 9 21 24 30 40 37 48 38 43 49 42 12 39 11 10 2 23 36 41 3 7 6 19 14 8 18 46 16 17 33 32 26 
Coste: 53182
dlb:    11111111111111111111111111111110111111111111111111



ITERACION 226
Solucion:    45 34 47 1 44 35 4 28 13 25 0 29 31 22 5 27 15 20 9 21 24 30 40 37 48 38 43 49 42 12 39 11 10 2 23 36 41 3 7 6 19 14 8 18 46 16 17 33 32 26 
Coste: 53182
dlb:    11111111111111111111111111111110111111111111111111



ITERACION 227
Solucion:    45 34 47 1 44 35 4 28 13 25 0 29 31 22 5 27 15 20 9 21 24 30 40 37 48 38 43 49 42 12 39 11 10 2 23 36 41 3 7 6 19 14 8 18 46 16 17 33 32 26 
Coste: 53182
dlb:    11111111111111111111111111111110111111111111111111



ITERACION 228
Solucion:    45 34 47 1 44 35 4 28 13 25 0 29 31 22 5 27 15 20 9 21 24 30 40 37 48 38 43 49 42 12 39 11 10 2 23 36 41 3 7 6 19 14 8 18 46 16 17 33 32 26 
Coste: 53182
dlb:    11111111111111111111111111111110111111111111111111



ITERACION 229
Solucion:    45 34 47 1 44 35 4 28 13 25 0 29 31 22 5 27 15 20 9 21 24 30 40 37 48 38 43 49 42 12 39 11 10 2 23 36 41 3 7 6 19 14 8 18 46 16 17 33 32 26 
Coste: 53182
dlb:    11111111111111111111111111111110111111111111111111



ITERACION 230
Solucion:    45 34 47 1 44 35 4 28 13 25 0 29 31 22 5 27 15 20 9 21 24 30 40 37 48 38 43 49 42 12 39 11 10 2 23 36 41 3 7 6 19 14 8 18 46 16 17 33 32 26 
Coste: 53182
dlb:    11111111111111111111111111111110111111111111111111



ITERACION 231
Solucion:    45 34 47 1 44 35 4 28 13 25 0 29 31 22 5 27 15 20 9 21 24 30 40 37 48 38 43 49 42 12 11 39 10 2 23 36 41 3 7 6 19 14 8 18 46 16 17 33 32 26 
Coste: 53153
dlb:    11111111111111111111111111111100111111111111111111



ITERACION 232
Solucion:    45 34 47 1 44 35 4 28 13 25 0 29 31 22 5 27 15 20 9 21 24 30 40 37 48 38 43 49 42 12 11 39 10 2 23 36 41 3 7 6 19 14 8 18 46 16 17 33 32 26 
Coste: 53153
dlb:    11111111111111111111111111111100111111111111111111



ITERACION 233
Solucion:    45 34 47 1 44 35 4 28 13 25 0 29 31 22 5 27 15 20 9 21 24 30 40 37 48 38 43 49 42 12 11 39 10 2 23 36 41 3 7 6 19 14 8 18 46 16 17 33 32 26 
Coste: 53153
dlb:    11111111111111111111111111111100111111111111111111



ITERACION 234
Solucion:    45 34 47 1 44 35 4 28 13 25 0 29 31 22 5 27 15 20 9 21 24 30 40 37 48 38 43 49 42 12 11 39 10 2 23 36 41 3 7 6 19 14 8 18 46 16 17 33 32 26 
Coste: 53153
dlb:    11111111111111111111111111111100111111111111111111



ITERACION 235
Solucion:    45 34 47 1 44 35 4 28 13 25 0 29 31 22 5 27 15 20 9 21 24 30 40 37 48 38 43 49 42 12 11 39 10 2 23 36 41 3 7 6 19 14 8 18 46 16 17 33 32 26 
Coste: 53153
dlb:    11111111111111111111111111111100111111111111111111



ITERACION 236
Solucion:    45 34 47 1 44 35 4 28 13 25 0 29 31 22 5 27 15 20 9 21 24 30 40 37 48 38 43 49 42 12 11 39 10 2 23 36 41 3 7 6 19 14 8 18 46 16 17 33 32 26 
Coste: 53153
dlb:    11111111111111111111111111111100111111111111111111



ITERACION 237
Solucion:    45 34 47 1 44 35 4 28 13 25 0 29 31 22 5 27 15 20 9 21 24 30 40 37 48 38 43 49 42 12 11 39 10 2 23 36 41 3 7 6 19 14 8 18 46 16 17 33 32 26 
Coste: 53153
dlb:    11111111111111111111111111111100111111111111111111



ITERACION 238
Solucion:    45 34 47 1 44 35 4 28 13 25 0 29 31 22 5 27 15 20 9 21 24 30 40 37 48 38 43 49 42 12 11 39 10 2 23 36 41 3 7 6 19 14 8 18 46 16 17 33 32 26 
Coste: 53153
dlb:    11111111111111111111111111111100111111111111111111



ITERACION 239
Solucion:    45 34 47 1 44 35 4 28 13 25 0 29 31 22 5 27 15 20 9 21 24 30 40 37 48 38 43 49 42 12 11 39 10 2 23 36 41 3 7 6 19 14 8 18 46 16 17 33 32 26 
Coste: 53153
dlb:    11111111111111111111111111111100111111111111111111



ITERACION 240
Solucion:    45 34 47 1 44 35 4 28 13 25 0 29 31 22 5 27 15 20 9 21 24 30 40 37 48 38 43 49 42 12 11 39 10 2 23 36 41 3 7 6 19 14 8 18 46 16 17 33 32 26 
Coste: 53153
dlb:    11111111111111111111111111111100111111111111111111



ITERACION 241
Solucion:    45 34 47 1 44 35 4 28 13 25 0 29 31 22 5 27 15 20 9 21 24 30 40 37 48 38 43 49 42 12 11 39 10 2 23 36 41 3 7 6 19 14 8 18 46 16 17 33 32 26 
Coste: 53153
dlb:    11111111111111111111111111111100111111111111111111



ITERACION 242
Solucion:    45 34 47 1 44 35 4 28 13 25 0 29 31 22 5 27 15 20 9 21 24 30 40 37 48 38 43 49 42 12 11 39 10 2 23 36 41 3 7 6 19 14 8 18 46 16 17 33 32 26 
Coste: 53153
dlb:    11111111111111111111111111111100111111111111111111



ITERACION 243
Solucion:    45 34 47 1 44 35 4 28 13 25 0 29 31 22 5 27 15 20 9 21 24 30 40 37 48 38 43 49 42 12 11 39 10 2 23 36 41 3 7 6 19 14 8 18 46 16 17 33 32 26 
Coste: 53153
dlb:    11111111111111111111111111111100111111111111111111



ITERACION 244
Solucion:    45 34 47 1 44 35 4 28 13 25 0 29 31 22 5 27 15 20 9 21 24 30 40 37 48 38 43 49 42 12 11 39 10 2 23 36 41 3 7 6 19 14 8 18 46 16 17 33 32 26 
Coste: 53153
dlb:    11111111111111111111111111111100111111111111111111



ITERACION 245
Solucion:    45 34 47 1 44 35 4 28 13 25 0 29 31 22 5 27 15 20 9 21 24 30 40 37 48 38 43 49 42 12 11 39 10 2 23 36 41 3 7 6 19 14 8 18 46 16 17 33 32 26 
Coste: 53153
dlb:    11111111111111111111111111111100111111111111111111



ITERACION 246
Solucion:    45 34 47 1 44 35 4 28 13 25 0 29 31 22 5 27 15 20 9 21 24 30 40 37 48 38 43 49 42 12 11 39 10 2 23 36 41 3 7 6 19 14 8 18 46 16 17 33 32 26 
Coste: 53153
dlb:    11111111111111111111111111111100111111111111111111



ITERACION 247
Solucion:    45 34 47 1 44 35 4 28 13 25 0 29 31 22 5 27 15 20 9 21 24 30 40 37 48 38 43 49 42 12 11 39 10 2 23 36 41 3 7 6 19 14 8 18 46 16 17 33 32 26 
Coste: 53153
dlb:    11111111111111111111111111111100111111111111111111



ITERACION 248
Solucion:    45 34 47 1 44 35 4 28 13 25 0 29 31 22 5 27 15 20 9 21 24 30 40 37 48 38 43 49 42 12 11 39 10 2 23 36 41 3 7 6 19 14 8 18 46 16 17 33 32 26 
Coste: 53153
dlb:    11111111111111111111111111111100111111111111111111



ITERACION 249
Solucion:    45 34 47 1 44 35 4 28 13 25 0 29 31 22 5 27 15 20 9 21 24 30 40 37 48 38 43 49 42 12 11 39 10 2 23 36 41 3 7 6 19 14 8 18 46 16 17 33 32 26 
Coste: 53153
dlb:    11111111111111111111111111111100111111111111111111



ITERACION 250
Solucion:    45 34 47 1 44 35 4 28 13 25 0 29 31 22 5 27 15 20 9 21 24 30 40 37 48 38 43 49 42 12 11 39 10 2 23 36 41 3 7 6 19 14 8 18 46 16 17 33 32 26 
Coste: 53153
dlb:    11111111111111111111111111111100111111111111111111



ITERACION 251
Solucion:    45 34 47 1 44 35 4 28 13 25 0 29 31 22 5 27 15 20 9 21 24 30 40 37 48 38 43 49 42 12 11 39 10 2 23 36 41 3 7 6 19 14 8 18 46 16 17 33 32 26 
Coste: 53153
dlb:    11111111111111111111111111111100111111111111111111



ITERACION 252
Solucion:    45 34 47 1 44 35 4 28 13 25 0 29 31 22 5 27 15 20 9 21 24 30 40 37 48 38 43 49 42 12 11 39 10 2 23 36 41 3 7 6 19 14 8 18 46 16 17 33 32 26 
Coste: 53153
dlb:    11111111111111111111111111111100111111111111111111



ITERACION 253
Solucion:    45 34 47 1 44 35 4 28 13 25 0 29 31 22 5 27 15 20 9 21 24 30 40 37 48 38 43 49 42 12 11 39 10 2 23 36 41 3 7 6 19 14 8 18 46 16 17 33 32 26 
Coste: 53153
dlb:    11111111111111111111111111111100111111111111111111



ITERACION 254
Solucion:    45 34 47 1 44 35 4 28 13 25 0 29 31 22 5 27 15 20 9 21 24 30 40 37 48 38 43 49 42 12 11 39 10 2 23 36 41 3 7 6 19 14 8 18 46 16 17 33 32 26 
Coste: 53153
dlb:    11111111111111111111111111111100111111111111111111



ITERACION 255
Solucion:    45 34 47 1 44 35 4 28 13 25 0 29 31 22 5 27 15 20 9 21 24 30 40 37 48 38 43 49 42 12 11 39 10 2 23 36 41 3 7 6 19 14 8 18 46 16 17 33 32 26 
Coste: 53153
dlb:    11111111111111111111111111111100111111111111111111



ITERACION 256
Solucion:    45 34 47 1 44 35 4 28 13 25 0 29 31 22 5 27 15 20 9 21 24 30 40 37 48 38 43 49 42 12 11 39 10 2 23 36 41 3 7 6 19 14 8 18 46 16 17 33 32 26 
Coste: 53153
dlb:    11111111111111111111111111111100111111111111111111



ITERACION 257
Solucion:    45 34 47 1 44 35 4 28 13 25 0 29 31 22 5 27 15 20 9 21 24 30 40 37 48 38 43 49 42 12 11 39 10 2 23 36 41 3 7 6 19 14 8 18 46 16 17 33 32 26 
Coste: 53153
dlb:    11111111111111111111111111111100111111111111111111



ITERACION 258
Solucion:    45 34 47 1 44 35 4 28 13 25 0 29 31 22 5 27 15 20 9 21 24 30 40 37 48 38 43 49 42 12 11 39 10 2 23 36 41 3 7 6 19 14 8 18 46 16 17 33 32 26 
Coste: 53153
dlb:    11111111111111111111111111111100111111111111111111



ITERACION 259
Solucion:    45 34 47 1 44 35 4 28 13 25 0 29 31 22 5 27 15 20 9 21 24 30 40 37 48 38 43 49 42 12 11 39 10 2 23 36 41 3 7 6 19 14 8 18 46 16 17 33 32 26 
Coste: 53153
dlb:    11111111111111111111111111111100111111111111111111



ITERACION 260
Solucion:    45 34 47 1 44 35 4 28 13 25 0 29 31 22 5 27 15 20 9 21 24 30 40 37 48 38 43 49 42 12 11 39 10 2 23 36 41 3 7 6 19 14 8 18 46 16 17 33 32 26 
Coste: 53153
dlb:    11111111111111111111111111111100111111111111111111



ITERACION 261
Solucion:    45 34 47 1 44 35 4 28 13 25 0 29 31 22 5 27 15 20 9 21 24 30 40 37 48 38 43 49 42 12 11 39 10 2 23 36 41 3 7 6 19 14 8 18 46 16 17 33 32 26 
Coste: 53153
dlb:    11111111111111111111111111111100111111111111111111



ITERACION 262
Solucion:    45 34 47 1 44 35 4 28 13 25 0 29 31 22 5 27 15 20 9 21 24 30 40 37 48 38 43 49 42 12 11 39 10 2 23 36 41 3 7 6 19 14 8 18 46 16 17 33 32 26 
Coste: 53153
dlb:    11111111111111111111111111111100111111111111111111



ITERACION 263
Solucion:    45 34 47 1 44 35 4 28 13 25 0 29 31 22 5 27 15 20 9 21 24 30 40 37 48 38 43 49 42 12 11 39 10 2 23 36 41 3 7 6 19 14 8 18 46 16 17 33 32 26 
Coste: 53153
dlb:    11111111111111111111111111111100111111111111111111



ITERACION 264
Solucion:    45 34 47 1 44 35 4 28 13 25 0 29 31 22 5 27 15 20 9 21 24 30 40 37 48 38 43 49 42 12 11 39 10 2 23 36 41 3 7 6 19 14 8 18 46 16 17 33 32 26 
Coste: 53153
dlb:    11111111111111111111111111111100111111111111111111



ITERACION 265
Solucion:    45 34 47 1 44 35 4 28 13 25 0 29 31 22 5 27 15 20 9 21 24 30 40 37 48 38 43 49 42 12 11 39 10 2 23 36 41 3 7 6 19 14 8 18 46 16 17 33 32 26 
Coste: 53153
dlb:    11111111111111111111111111111100111111111111111111



ITERACION 266
Solucion:    45 34 47 1 44 35 4 28 13 25 0 29 31 22 5 27 15 20 9 21 24 30 40 37 48 38 43 49 42 12 11 39 10 2 23 36 41 3 7 6 19 14 8 18 46 16 17 33 32 26 
Coste: 53153
dlb:    11111111111111111111111111111100111111111111111111



ITERACION 267
Solucion:    45 34 47 1 44 35 4 28 13 25 0 29 31 22 5 27 15 20 9 21 24 30 40 37 48 38 43 49 42 12 11 39 10 2 23 36 41 3 7 6 19 14 8 18 46 16 17 33 32 26 
Coste: 53153
dlb:    11111111111111111111111111111100111111111111111111



ITERACION 268
Solucion:    45 34 47 1 44 35 4 28 13 25 0 29 31 22 5 27 15 20 9 21 24 30 40 37 48 38 43 49 42 12 11 39 10 2 23 36 41 3 7 6 19 14 8 18 46 16 17 33 32 26 
Coste: 53153
dlb:    11111111111111111111111111111100111111111111111111



ITERACION 269
Solucion:    45 34 47 1 44 35 4 28 13 25 0 29 31 22 5 27 15 20 9 21 24 30 40 37 48 38 43 49 42 12 11 39 10 2 23 36 41 3 7 6 19 14 8 18 46 16 17 33 32 26 
Coste: 53153
dlb:    11111111111111111111111111111100111111111111111111



ITERACION 270
Solucion:    45 34 47 1 44 35 4 28 13 25 0 29 31 22 5 27 15 20 9 21 24 30 40 37 48 38 43 49 42 12 11 39 10 2 23 36 41 3 7 6 19 14 8 18 46 16 17 33 32 26 
Coste: 53153
dlb:    11111111111111111111111111111100111111111111111111



ITERACION 271
Solucion:    45 34 47 1 44 35 4 28 13 25 0 29 31 22 5 27 15 20 9 21 24 30 40 37 48 38 43 49 42 12 11 39 10 2 23 36 41 3 7 6 19 14 8 18 46 16 17 33 32 26 
Coste: 53153
dlb:    11111111111111111111111111111100111111111111111111



ITERACION 272
Solucion:    45 34 47 1 44 35 4 28 13 25 0 29 31 22 5 27 15 20 9 21 24 30 40 37 48 38 43 49 42 12 11 39 10 2 23 36 41 3 7 6 19 14 8 18 46 16 17 33 32 26 
Coste: 53153
dlb:    11111111111111111111111111111100111111111111111111



ITERACION 273
Solucion:    45 34 47 1 44 35 4 28 13 25 0 29 31 22 5 27 15 20 9 21 24 30 40 37 48 38 43 49 42 12 11 39 10 2 23 36 41 3 7 6 19 14 8 18 46 16 17 33 32 26 
Coste: 53153
dlb:    11111111111111111111111111111100111111111111111111



ITERACION 274
Solucion:    45 34 47 1 44 35 4 28 13 25 0 29 31 22 5 27 15 20 9 21 24 30 40 37 48 38 43 49 42 12 11 39 10 2 23 36 41 3 7 6 19 14 8 18 46 16 17 33 32 26 
Coste: 53153
dlb:    11111111111111111111111111111100111111111111111111



ITERACION 275
Solucion:    45 34 47 1 44 35 4 28 13 25 0 29 31 22 5 27 15 20 9 21 24 30 40 37 48 38 43 49 42 12 11 39 10 2 23 36 41 3 7 6 19 14 8 18 46 16 17 33 32 26 
Coste: 53153
dlb:    11111111111111111111111111111100111111111111111111



ITERACION 276
Solucion:    45 34 47 1 44 35 4 28 13 25 0 29 31 22 5 27 15 20 9 21 24 30 40 37 48 38 43 49 42 12 11 39 10 2 23 36 41 3 7 6 19 14 8 18 46 16 17 33 32 26 
Coste: 53153
dlb:    11111111111111111111111111111100111111111111111111



ITERACION 277
Solucion:    45 34 47 1 44 35 4 28 13 25 0 29 31 22 5 27 15 20 9 21 24 30 40 37 48 38 43 49 42 12 11 39 10 2 23 36 41 3 7 6 19 14 8 18 46 16 17 33 32 26 
Coste: 53153
dlb:    11111111111111111111111111111100111111111111111111



ITERACION 278
Solucion:    45 34 47 1 44 35 4 28 13 25 0 29 31 22 5 27 15 20 9 21 24 30 40 37 48 38 43 49 42 12 11 39 10 2 23 36 41 3 7 6 19 14 8 18 46 16 17 33 32 26 
Coste: 53153
dlb:    11111111111111111111111111111100111111111111111111



ITERACION 279
Solucion:    45 34 47 1 44 35 4 28 13 25 0 29 31 22 5 27 15 20 9 21 24 30 40 37 48 38 43 49 42 12 11 39 10 2 23 36 41 3 7 6 19 14 8 18 46 16 17 33 32 26 
Coste: 53153
dlb:    11111111111111111111111111111100111111111111111111



ITERACION 280
Solucion:    45 34 47 1 44 35 4 28 13 25 0 29 31 22 5 27 15 20 9 21 24 30 40 37 48 38 43 49 42 12 11 39 10 2 23 36 41 3 7 6 19 14 8 18 46 16 17 33 32 26 
Coste: 53153
dlb:    11111111111111111111111111111110111111111111111111



ITERACION 281
Solucion:    45 34 47 1 44 35 4 28 13 25 0 29 31 22 5 27 15 20 9 21 24 30 40 37 48 38 43 49 42 12 11 39 10 2 23 36 41 3 7 6 19 14 8 18 46 16 17 33 32 26 
Coste: 53153
dlb:    11111111111111111111111111111111111111111111111111



ITERACION 282
Solucion:    45 34 47 1 44 35 4 28 13 25 0 29 31 22 5 27 15 20 9 21 24 30 40 37 48 38 43 49 42 12 11 39 10 2 23 36 41 3 7 6 19 14 8 18 46 16 17 33 32 26 
Coste: 53153
dlb:    11111111111111111111111111111111111111111111111111



ITERACION 283
Solucion:    45 34 47 1 44 35 4 28 13 25 0 29 31 22 5 27 15 20 9 21 24 30 40 37 48 38 43 49 42 12 11 39 10 2 23 36 41 3 7 6 19 14 8 18 46 16 17 33 32 26 
Coste: 53153
dlb:    11111111111111111111111111111111111111111111111111



ITERACION 284
Solucion:    45 34 47 1 44 35 4 28 13 25 0 29 31 22 5 27 15 20 9 21 24 30 40 37 48 38 43 49 42 12 11 39 10 2 23 36 41 3 7 6 19 14 8 18 46 16 17 33 32 26 
Coste: 53153
dlb:    11111111111111111111111111111111111111111111111111



ITERACION 285
Solucion:    45 34 47 1 44 35 4 28 13 25 0 29 31 22 5 27 15 20 9 21 24 30 40 37 48 38 43 49 42 12 11 39 10 2 23 36 41 3 7 6 19 14 8 18 46 16 17 33 32 26 
Coste: 53153
dlb:    11111111111111111111111111111111111111111111111111



ITERACION 286
Solucion:    45 34 47 1 44 35 4 28 13 25 0 29 31 22 5 27 15 20 9 21 24 30 40 37 48 38 43 49 42 12 11 39 10 2 23 36 41 3 7 6 19 14 8 18 46 16 17 33 32 26 
Coste: 53153
dlb:    11111111111111111111111111111111111111111111111111



ITERACION 287
Solucion:    45 34 47 1 44 35 4 28 13 25 0 29 31 22 5 27 15 20 9 21 24 30 40 37 48 38 43 49 42 12 11 39 10 2 23 36 41 3 7 6 19 14 8 18 46 16 17 33 32 26 
Coste: 53153
dlb:    11111111111111111111111111111111111111111111111111



ITERACION 288
Solucion:    45 34 47 1 44 35 4 28 13 25 0 29 31 22 5 27 15 20 9 21 24 30 40 37 48 38 43 49 42 12 11 39 10 2 23 36 41 3 7 6 19 14 8 18 46 16 17 33 32 26 
Coste: 53153
dlb:    11111111111111111111111111111111111111111111111111



ITERACION 289
Solucion:    45 34 47 1 44 35 4 28 13 25 0 29 31 22 5 27 15 20 9 21 24 30 40 37 48 38 43 49 42 12 11 39 10 2 23 36 41 3 7 6 19 14 8 18 46 16 17 33 32 26 
Coste: 53153
dlb:    11111111111111111111111111111111111111111111111111



ITERACION 290
Solucion:    45 34 47 1 44 35 4 28 13 25 0 29 31 22 5 27 15 20 9 21 24 30 40 37 48 38 43 49 42 12 11 39 10 2 23 36 41 3 7 6 19 14 8 18 46 16 17 33 32 26 
Coste: 53153
dlb:    11111111111111111111111111111111111111111111111111



ITERACION 291
Solucion:    45 34 47 1 44 35 4 28 13 25 0 29 31 22 5 27 15 20 9 21 24 30 40 37 48 38 43 49 42 12 11 39 10 2 23 36 41 3 7 6 19 14 8 18 46 16 17 33 32 26 
Coste: 53153
dlb:    11111111111111111111111111111111111111111111111111



ITERACION 292
Solucion:    45 34 47 1 44 35 4 28 13 25 0 29 31 22 5 27 15 20 9 21 24 30 40 37 48 38 43 49 42 12 11 39 10 2 23 36 41 3 7 6 19 14 8 18 46 16 17 33 32 26 
Coste: 53153
dlb:    11111111111111111111111111111111111111111111111111



ITERACION 293
Solucion:    45 34 47 1 44 35 4 28 13 25 0 29 31 22 5 27 15 20 9 21 24 30 40 37 48 38 43 49 42 12 11 39 10 2 23 36 41 3 7 6 19 14 8 18 46 16 17 33 32 26 
Coste: 53153
dlb:    11111111111111111111111111111111111111111111111111



ITERACION 294
Solucion:    45 34 47 1 44 35 4 28 13 25 0 29 31 22 5 27 15 20 9 21 24 30 40 37 48 38 43 49 42 12 11 39 10 2 23 36 41 3 7 6 19 14 8 18 46 16 17 33 32 26 
Coste: 53153
dlb:    11111111111111111111111111111111111111111111111111



ITERACION 295
Solucion:    45 34 47 1 44 35 4 28 13 25 0 29 31 22 5 27 15 20 9 21 24 30 40 37 48 38 43 49 42 12 11 39 10 2 23 36 41 3 7 6 19 14 8 18 46 16 17 33 32 26 
Coste: 53153
dlb:    11111111111111111111111111111111111111111111111111



ITERACION 296
Solucion:    45 34 47 1 44 35 4 28 13 25 0 29 31 22 5 27 15 20 9 21 24 30 40 37 48 38 43 49 42 12 11 39 10 2 23 36 41 3 7 6 19 14 8 18 46 16 17 33 32 26 
Coste: 53153
dlb:    11111111111111111111111111111111111111111111111111



ITERACION 297
Solucion:    45 34 47 1 44 35 4 28 13 25 0 29 31 22 5 27 15 20 9 21 24 30 40 37 48 38 43 49 42 12 11 39 10 2 23 36 41 3 7 6 19 14 8 18 46 16 17 33 32 26 
Coste: 53153
dlb:    11111111111111111111111111111111111111111111111111



ITERACION 298
Solucion:    45 34 47 1 44 35 4 28 13 25 0 29 31 22 5 27 15 20 9 21 24 30 40 37 48 38 43 49 42 12 11 39 10 2 23 36 41 3 7 6 19 14 8 18 46 16 17 33 32 26 
Coste: 53153
dlb:    11111111111111111111111111111111111111111111111111



ITERACION 299
Solucion:    45 34 47 1 44 35 4 28 13 25 0 29 31 22 5 27 15 20 9 21 24 30 40 37 48 38 43 49 42 12 11 39 10 2 23 36 41 3 7 6 19 14 8 18 46 16 17 33 32 26 
Coste: 53153
dlb:    11111111111111111111111111111111111111111111111111



