ITERACION 0
Solucion:    2 44 5 16 24 40 25 26 49 22 39 46 37 15 7 35 45 6 0 47 31 8 27 32 43 13 17 23 28 29 4 10 30 38 18 11 34 42 1 19 36 48 20 3 14 21 41 12 33 9 
Coste: 55760
dlb:    00000000000000000000000000000000000000000000000000



ITERACION 1
Solucion:    2 18 44 16 5 40 25 26 49 22 24 46 37 15 39 35 7 6 45 47 31 8 27 32 43 13 17 0 28 29 4 10 23 38 30 11 34 42 1 19 36 48 20 3 14 21 41 12 33 9 
Coste: 55454
dlb:    00000000000000000000000000000000000000000000000000



ITERACION 2
Solucion:    2 18 43 16 5 44 25 26 49 22 24 46 40 15 39 35 37 6 45 47 31 8 27 32 7 13 17 0 28 29 4 10 23 38 30 11 34 42 1 19 36 48 20 3 14 21 41 12 33 9 
Coste: 55352
dlb:    00000000000000000000000000000000000000000000000000



ITERACION 3
Solucion:    2 18 43 23 16 44 25 26 5 22 24 46 40 15 49 39 35 6 45 47 37 8 31 27 7 13 17 0 28 29 32 10 4 38 30 11 34 42 1 19 36 48 20 3 14 21 41 12 33 9 
Coste: 55020
dlb:    00000000000000000000000000000000000000000000000000



ITERACION 4
Solucion:    2 18 43 23 12 16 25 26 44 22 24 46 40 15 49 5 35 6 45 47 37 8 31 27 39 13 17 7 28 29 32 0 4 38 30 10 34 42 11 19 36 48 20 3 14 21 41 1 33 9 
Coste: 54776
dlb:    00000000000000000000000000000000000000000000000000



ITERACION 5
Solucion:    2 18 43 23 12 1 16 26 44 22 24 46 40 15 49 5 35 6 45 47 37 8 31 25 39 27 13 17 28 29 32 0 4 38 30 10 34 42 11 19 36 48 20 3 14 21 41 7 33 9 
Coste: 54577
dlb:    00000000000000000000000000000000000000000000000000



ITERACION 6
Solucion:    2 18 43 23 12 1 5 26 16 22 24 46 40 15 49 44 35 6 45 47 37 8 31 25 39 27 13 17 28 29 32 0 4 38 30 10 34 42 11 19 36 48 20 3 14 21 41 7 33 9 
Coste: 54531
dlb:    00000000000000000000000000000000000000000000000000



ITERACION 7
Solucion:    2 18 43 23 12 1 5 11 26 16 24 46 40 15 49 44 35 22 45 47 37 8 31 25 39 27 13 17 28 29 32 0 4 38 30 10 6 42 34 19 36 48 20 3 14 21 41 7 33 9 
Coste: 54396
dlb:    00000000000000000000000000000000000000000000000000



ITERACION 8
Solucion:    2 18 43 23 12 1 5 11 19 26 24 46 40 15 49 44 35 22 45 47 37 8 31 25 39 27 13 17 28 29 32 0 4 38 30 10 16 42 6 34 36 48 20 3 14 21 41 7 33 9 
Coste: 54266
dlb:    00000000000000000000000000000000000000000000000000



ITERACION 9
Solucion:    2 18 43 23 12 1 5 11 19 34 24 46 40 15 49 44 35 22 45 47 37 8 31 25 39 27 13 17 28 29 32 0 4 38 30 10 16 42 6 26 36 48 20 3 14 21 41 7 33 9 
Coste: 54246
dlb:    00000000000000000000000000000000000000000000000000



ITERACION 10
Solucion:    24 2 43 23 12 1 5 11 19 34 0 46 40 15 49 44 35 22 45 47 37 8 31 25 39 27 13 17 28 29 32 18 4 38 30 10 16 42 6 26 36 48 20 3 14 21 41 7 33 9 
Coste: 54196
dlb:    00000000000000000000000000000000000000000000000000



ITERACION 11
Solucion:    24 46 43 23 12 1 5 11 19 34 0 18 40 15 49 44 35 22 45 47 37 8 31 25 39 27 13 17 28 29 32 2 4 38 30 10 16 42 6 26 36 48 20 3 14 21 41 7 33 9 
Coste: 54187
dlb:    00000000000000000000000000000000000000000000000000



ITERACION 12
Solucion:    24 46 43 23 12 1 5 11 19 34 0 18 2 40 49 44 35 22 45 47 15 8 37 31 25 27 39 17 28 29 32 13 4 38 30 10 16 42 6 26 36 48 20 3 14 21 41 7 33 9 
Coste: 54094
dlb:    00000000000000000000000000000000000000000000000000



ITERACION 13
Solucion:    24 46 43 23 12 1 5 11 19 34 0 18 2 13 49 44 35 22 45 47 15 8 37 40 31 27 39 17 28 29 32 25 4 38 30 10 16 42 6 26 36 48 20 3 14 21 41 7 33 9 
Coste: 54062
dlb:    00000000000000000000000000000000000000000000000000



ITERACION 14
Solucion:    24 46 43 23 12 1 5 11 19 34 0 18 2 13 31 44 35 22 45 47 15 8 37 40 49 27 39 17 28 29 32 25 4 38 30 10 16 42 6 26 36 48 20 3 14 21 41 7 33 9 
Coste: 54031
dlb:    00000000000000000000000000000000000000000000000000



ITERACION 15
Solucion:    24 46 43 23 12 1 5 11 19 34 0 18 2 13 44 14 35 22 45 47 15 8 37 40 49 31 27 39 28 29 32 17 4 38 30 10 16 42 6 26 25 48 36 3 20 21 41 7 33 9 
Coste: 53783
dlb:    00000000000000000000000000000000000000000000000000



ITERACION 16
Solucion:    24 46 43 23 12 1 5 11 19 34 0 18 2 13 44 14 31 22 45 47 15 8 37 40 49 35 27 39 28 29 32 17 4 38 30 10 16 42 6 26 25 48 36 3 20 21 41 7 33 9 
Coste: 53757
dlb:    00000000000000000000000000000000000000000000000000



ITERACION 17
Solucion:    24 46 43 23 12 1 22 11 19 34 0 18 2 13 44 14 31 39 45 47 15 8 37 40 49 35 27 5 28 29 32 17 4 38 30 10 16 42 6 26 25 48 36 3 20 21 41 7 33 9 
Coste: 53735
dlb:    00000000000000000000000000000000000000000000000000



ITERACION 18
Solucion:    24 46 43 23 12 1 22 11 19 45 0 18 2 13 44 14 31 39 5 34 15 8 37 40 49 35 47 27 28 29 32 17 4 38 30 10 16 42 6 26 25 48 36 3 20 21 41 7 33 9 
Coste: 53662
dlb:    00000000000000000000000000000000000000000000000000



ITERACION 19
Solucion:    24 46 43 23 12 1 22 11 19 34 0 18 2 13 44 14 31 39 5 45 15 8 37 40 49 35 47 27 28 29 32 17 4 38 30 10 16 42 6 26 25 48 36 3 20 21 41 7 33 9 
Coste: 53659
dlb:    00000000000000000000000000000000000000000000000000



ITERACION 20
Solucion:    24 46 43 23 12 1 22 11 19 34 0 18 2 13 44 14 31 39 5 45 8 15 37 40 49 35 47 27 28 29 32 17 4 38 30 10 16 42 6 26 25 48 36 3 20 21 41 7 33 9 
Coste: 53646
dlb:    00000000000000000000000000000000000000000000000000



ITERACION 21
Solucion:    24 46 43 23 12 1 22 11 19 34 0 18 2 13 15 14 31 39 5 45 8 44 37 40 49 35 47 27 28 29 32 17 4 38 30 10 16 42 6 26 25 48 36 3 20 21 41 7 33 9 
Coste: 53642
dlb:    00000000000000000000000000000000000000000000000000



ITERACION 22
Solucion:    24 46 43 23 12 1 22 11 19 34 0 18 2 13 15 14 31 39 5 45 8 44 37 40 49 35 47 27 28 29 32 17 4 38 30 10 16 42 6 26 25 48 36 3 20 21 41 7 33 9 
Coste: 53642
dlb:    00000000000000000000001000000000000000000000000000



ITERACION 23
Solucion:    24 46 43 23 12 1 22 11 19 34 0 18 2 40 13 14 31 39 5 45 8 15 37 30 49 35 47 27 28 29 32 17 4 44 38 10 16 42 6 26 25 48 36 3 20 21 41 7 33 9 
Coste: 53611
dlb:    00000000000000000000001000000000000000000000000000



ITERACION 24
Solucion:    24 46 43 23 12 1 22 11 19 34 0 18 2 40 49 14 31 39 5 45 8 15 37 13 30 35 47 27 28 29 32 17 4 44 38 10 16 42 6 26 25 48 36 3 20 21 41 7 33 9 
Coste: 53606
dlb:    00000000000000000000001000000000000000000000000000



ITERACION 25
Solucion:    24 46 43 23 12 1 22 11 19 34 0 18 2 40 49 14 31 39 5 45 8 15 37 13 30 10 47 27 28 29 32 17 4 44 38 35 16 42 6 26 25 48 36 3 20 21 41 7 33 9 
Coste: 53588
dlb:    00000000000000000000001000000000000000000000000000



ITERACION 26
Solucion:    24 46 43 23 12 1 22 11 19 34 0 18 2 40 49 14 31 39 5 45 8 15 37 13 30 10 9 27 28 29 32 17 4 44 38 35 16 42 6 26 25 48 36 3 20 21 41 47 7 33 
Coste: 53558
dlb:    00000000000000000000001000000000000000000000000000



ITERACION 27
Solucion:    24 46 43 23 12 1 22 11 19 34 0 18 2 40 49 14 31 39 5 45 8 15 37 13 30 10 9 7 27 29 32 17 4 44 38 35 28 42 6 26 25 48 36 3 20 21 41 47 16 33 
Coste: 53509
dlb:    00000000000000000000001000000000000000000000000000



ITERACION 28
Solucion:    24 46 43 23 12 1 22 11 19 34 0 18 2 40 49 14 31 39 5 45 8 15 37 13 30 10 9 7 16 29 32 17 4 44 38 35 28 42 6 26 25 48 36 3 20 21 41 47 27 33 
Coste: 53487
dlb:    00000000000000000000001000000000000000000000000000



ITERACION 29
Solucion:    24 46 43 23 12 1 22 11 19 34 0 18 2 40 49 14 31 39 5 29 8 15 37 13 30 10 9 7 16 26 32 17 4 44 38 35 28 42 6 45 25 48 36 3 20 21 41 47 27 33 
Coste: 53482
dlb:    00000000000000000000001000000000000000000000000000



ITERACION 30
Solucion:    24 46 43 23 12 1 22 11 19 34 0 18 2 40 49 14 31 39 5 29 8 15 37 32 30 10 9 7 16 26 17 13 4 44 38 35 28 42 6 45 25 48 36 3 20 21 41 47 27 33 
Coste: 53440
dlb:    00000000000000000000001000000000000000000000000000



ITERACION 31
Solucion:    24 46 43 23 12 1 22 11 19 34 0 18 2 40 49 14 31 39 5 29 8 15 37 32 30 10 9 7 16 26 17 33 4 44 38 35 28 42 6 45 25 48 36 3 20 21 41 47 27 13 
Coste: 53437
dlb:    00000000000000000000001000000000000000000000000000



ITERACION 32
Solucion:    24 46 43 23 12 1 22 11 19 34 0 18 2 40 49 14 31 39 5 29 8 15 37 4 30 10 9 7 16 26 17 33 48 44 38 35 28 42 6 45 25 32 36 3 20 21 41 47 27 13 
Coste: 53409
dlb:    00000000000000000000001000000000000000000000000000



ITERACION 33
Solucion:    24 46 43 23 12 1 22 11 19 34 0 18 2 40 49 14 31 39 5 29 8 15 37 44 30 10 9 7 16 26 17 33 48 38 4 35 28 42 6 45 25 32 36 3 20 21 41 47 27 13 
Coste: 53385
dlb:    00000000000000000000001000000000000000000000000000



ITERACION 34
Solucion:    24 46 43 23 12 1 22 11 19 34 0 18 2 40 49 14 31 39 5 29 8 15 37 44 30 10 9 7 16 26 17 33 48 38 20 35 28 42 6 45 25 32 36 3 4 21 41 47 27 13 
Coste: 53378
dlb:    00000000000000000000001000000000000000000000000000



ITERACION 35
Solucion:    24 46 43 23 12 1 22 11 19 34 0 18 2 40 49 14 31 39 5 29 8 15 37 44 30 10 9 7 16 26 17 33 48 38 20 35 28 42 6 45 25 32 36 3 4 21 41 47 27 13 
Coste: 53378
dlb:    00000000000000000000001000000000000100000000000000



ITERACION 36
Solucion:    24 46 43 23 12 1 22 11 19 34 0 18 2 40 49 14 31 39 5 29 8 15 37 44 30 10 28 7 16 26 17 33 48 38 20 35 9 42 6 45 25 32 36 3 4 21 41 47 27 13 
Coste: 53371
dlb:    00000000000000000000001000000000000100000000000000



ITERACION 37
Solucion:    24 46 43 23 12 1 22 11 19 34 0 18 2 40 49 14 31 39 5 29 8 15 37 44 30 10 42 7 28 26 17 33 48 38 20 35 9 13 16 45 25 32 36 3 4 6 41 21 27 47 
Coste: 53262
dlb:    00000000000000000000001000000000000100000000000000



ITERACION 38
Solucion:    24 46 43 23 12 1 22 11 19 34 0 18 2 40 49 14 31 39 5 29 8 15 37 44 30 10 42 7 28 26 17 33 48 38 20 35 9 13 16 45 25 32 36 3 4 6 41 21 27 47 
Coste: 53262
dlb:    00000000000000000000001000000000000100100000000000



ITERACION 39
Solucion:    24 46 43 23 12 1 22 11 19 34 0 18 2 40 49 14 31 39 5 29 8 15 37 44 30 10 42 7 28 26 17 33 48 38 20 35 9 13 16 45 25 32 36 3 4 6 41 21 27 47 
Coste: 53262
dlb:    00000000000000000000001000000000000100110000000000



ITERACION 40
Solucion:    24 46 43 23 12 1 22 11 19 34 0 18 2 40 49 14 31 39 5 29 8 15 37 44 30 10 42 7 28 26 17 33 48 38 20 35 9 13 16 45 25 32 36 3 4 6 41 21 27 47 
Coste: 53262
dlb:    00000000000000000000001000000000000100111000000000



ITERACION 41
Solucion:    24 46 43 23 12 1 22 11 19 34 0 18 2 40 49 14 31 39 5 29 8 15 37 44 30 10 42 7 28 26 17 33 32 38 20 35 9 13 16 45 25 48 36 3 4 6 41 21 27 47 
Coste: 53244
dlb:    00000000000000000000001000000000000100111000000000



ITERACION 42
Solucion:    24 46 43 23 12 1 22 11 19 34 0 18 2 40 49 14 31 39 5 29 8 15 37 44 30 10 42 7 28 26 17 33 36 38 20 35 9 13 16 45 25 48 32 3 4 6 41 21 27 47 
Coste: 53241
dlb:    00000000000000000000001000000000000100111000000000



ITERACION 43
Solucion:    24 46 43 23 12 1 22 11 19 34 0 18 2 40 49 14 31 39 5 29 8 15 37 44 30 10 42 7 28 26 17 33 3 38 20 35 9 13 16 45 25 48 32 36 4 6 41 21 27 47 
Coste: 53239
dlb:    00000000000000000000001000000000000100111000000000



ITERACION 44
Solucion:    24 46 43 23 12 1 22 11 19 34 0 18 2 40 49 14 31 39 5 29 8 15 37 44 30 10 42 7 28 26 17 4 3 38 20 35 9 13 16 45 25 48 32 36 33 6 41 21 27 47 
Coste: 53229
dlb:    00000000000000000000001000000000000100111000000000



ITERACION 45
Solucion:    24 46 43 23 12 1 22 11 19 34 0 18 2 40 49 14 31 39 5 29 8 15 37 44 30 10 42 7 28 26 17 4 3 38 20 35 9 13 16 45 25 48 32 36 33 6 41 21 27 47 
Coste: 53229
dlb:    00000000000000000000001000000000000100111000010000



ITERACION 46
Solucion:    24 46 43 23 12 1 22 11 19 34 0 18 2 40 49 14 31 39 5 29 8 15 37 44 30 10 42 7 28 26 17 4 3 38 20 35 9 13 16 45 25 48 32 36 33 6 41 21 27 47 
Coste: 53229
dlb:    00000000000000000000001000000000000100111000011000



ITERACION 47
Solucion:    24 46 43 23 12 1 22 11 19 34 0 18 2 40 49 14 31 39 5 29 8 15 37 44 30 10 42 7 28 26 17 4 3 38 20 35 9 13 16 45 25 48 32 36 33 6 41 27 21 47 
Coste: 53227
dlb:    00000000000000000000001000000000000100111000011000



ITERACION 48
Solucion:    24 46 43 23 12 1 22 11 19 34 0 18 2 40 49 14 31 39 5 29 8 15 37 44 30 10 42 7 28 26 17 4 3 38 20 35 9 13 16 45 25 48 32 36 33 6 41 27 47 21 
Coste: 53207
dlb:    00000000000000000000001000000000000100111000011000



ITERACION 49
Solucion:    24 46 43 23 12 1 22 11 19 34 0 18 2 40 49 14 31 39 5 29 8 15 37 44 30 10 42 7 28 26 17 4 3 38 20 35 9 13 16 45 25 48 32 36 33 6 41 27 47 21 
Coste: 53207
dlb:    00000000000000000000001000000000000100111000011001



ITERACION 50
Solucion:    24 46 43 23 12 1 22 11 19 34 0 18 2 40 49 14 31 39 5 29 8 15 37 44 30 10 42 7 28 26 17 4 3 38 20 35 9 13 16 45 25 48 32 36 33 6 41 27 47 21 
Coste: 53207
dlb:    10000000000000000000001000000000000100111000011001



ITERACION 51
Solucion:    24 15 43 23 12 1 22 11 19 34 0 18 2 40 49 14 31 39 5 29 8 46 37 44 30 10 42 7 28 26 17 4 3 38 20 35 9 13 16 45 25 48 32 36 33 6 41 27 47 21 
Coste: 53191
dlb:    10000000000000000000001000000000000100111000011001



ITERACION 52
Solucion:    24 15 2 23 12 1 22 11 19 34 0 43 18 40 49 14 31 39 5 29 8 46 37 44 30 10 42 7 28 26 17 4 3 38 20 35 9 13 16 45 25 48 32 36 33 6 41 27 47 21 
Coste: 53184
dlb:    10000000000000000000001000000000000100111000011001



ITERACION 53
Solucion:    24 15 2 23 12 1 22 11 19 34 0 43 18 40 49 14 31 39 5 29 8 46 37 44 30 10 42 7 28 26 17 4 3 38 20 35 9 13 16 45 25 48 32 36 33 6 41 27 47 21 
Coste: 53184
dlb:    10010000000000000000001000000000000100111000011001



ITERACION 54
Solucion:    24 15 2 23 49 1 22 11 19 34 0 43 18 40 12 14 31 39 5 29 8 46 37 44 30 10 42 7 28 26 17 4 3 38 20 35 9 13 16 45 25 48 32 36 33 6 41 27 47 21 
Coste: 53183
dlb:    10010000000000000000001000000000000100111000011001



ITERACION 55
Solucion:    24 15 2 23 49 22 1 11 19 34 0 43 18 40 12 14 31 39 5 29 8 46 37 44 30 10 42 7 28 26 17 4 3 38 20 35 9 13 16 45 25 48 32 36 33 6 41 27 47 21 
Coste: 53169
dlb:    10010000000000000000001000000000000100111000011001



ITERACION 56
Solucion:    24 15 2 23 49 22 1 11 19 34 0 43 18 40 12 14 31 39 5 29 8 46 37 44 30 10 42 7 28 26 17 4 3 38 20 35 9 13 16 45 25 48 32 36 33 6 41 27 47 21 
Coste: 53169
dlb:    10010010000000000000001000000000000100111000011001



ITERACION 57
Solucion:    24 15 2 23 49 22 1 5 19 34 0 43 18 40 12 14 31 39 11 29 8 46 37 44 30 10 42 7 28 26 17 4 3 38 20 35 9 13 16 45 25 48 32 36 33 6 41 27 47 21 
Coste: 53165
dlb:    10010010000000000000001000000000000100111000011001



ITERACION 58
Solucion:    24 15 2 23 49 22 1 5 19 34 0 43 18 40 12 14 31 39 11 29 8 46 37 44 30 10 42 7 28 26 17 4 3 38 20 35 9 13 16 45 25 48 32 36 33 6 41 27 47 21 
Coste: 53165
dlb:    10010010100000000000001000000000000100111000011001



ITERACION 59
Solucion:    24 15 2 23 49 22 1 5 19 34 0 43 18 40 12 14 31 39 11 29 8 46 37 44 30 10 42 7 28 26 17 4 3 38 20 35 9 13 16 45 25 48 32 36 33 6 41 27 47 21 
Coste: 53165
dlb:    10010010110000000000001000000000000100111000011001



ITERACION 60
Solucion:    24 15 2 23 49 22 1 5 19 34 0 43 18 40 12 14 31 39 11 29 8 46 37 44 30 10 42 7 28 26 17 4 3 38 20 35 9 13 16 45 25 48 32 36 33 6 41 27 47 21 
Coste: 53165
dlb:    10010010111000000000001000000000000100111000011001



ITERACION 61
Solucion:    24 15 2 23 49 22 1 5 19 34 0 43 18 40 12 14 31 39 11 29 8 46 37 44 30 10 42 7 28 26 17 4 3 38 20 35 9 13 16 45 25 48 32 36 33 6 41 27 47 21 
Coste: 53165
dlb:    10010010111100000000001000000000000100111000011001



ITERACION 62
Solucion:    24 15 2 23 49 22 1 5 19 34 0 43 18 40 12 14 31 39 11 29 8 46 37 44 30 10 42 7 28 26 17 4 3 38 20 35 9 13 16 45 25 48 32 36 33 6 41 27 47 21 
Coste: 53165
dlb:    10010010111110000000001000000000000100111000011001



ITERACION 63
Solucion:    24 15 2 23 49 22 1 5 19 34 0 43 18 40 12 14 31 39 11 29 8 46 37 44 30 10 42 7 28 26 17 4 3 38 20 35 9 13 16 45 25 48 32 36 33 6 41 27 47 21 
Coste: 53165
dlb:    10010010111111000000001000000000000100111000011001



ITERACION 64
Solucion:    24 15 2 12 49 22 1 5 19 34 0 43 18 40 23 14 31 39 11 29 8 46 37 44 30 10 42 7 28 26 17 4 3 38 20 35 9 13 16 45 25 48 32 36 33 6 41 27 47 21 
Coste: 53149
dlb:    10000010111111000000001000000000000100111000011001



ITERACION 65
Solucion:    24 15 2 12 49 22 1 5 19 34 0 43 18 40 23 14 31 39 11 29 8 46 37 44 30 10 42 7 28 26 17 4 3 38 20 35 9 13 16 45 25 48 32 36 33 6 41 27 47 21 
Coste: 53149
dlb:    10000010111111010000001000000000000100111000011001



ITERACION 66
Solucion:    24 15 2 12 49 22 1 5 19 34 0 43 18 40 23 14 31 39 11 29 8 46 37 44 30 10 42 7 28 26 17 4 3 38 20 35 9 13 16 45 25 48 32 36 33 6 41 27 47 21 
Coste: 53149
dlb:    10000010111111011000001000000000000100111000011001



ITERACION 67
Solucion:    24 15 2 12 49 22 1 5 19 34 0 43 18 40 23 14 31 39 11 29 8 46 37 44 30 10 42 7 28 26 17 4 3 38 20 35 9 13 16 45 25 48 32 36 33 6 41 27 47 21 
Coste: 53149
dlb:    10000010111111011100001000000000000100111000011001



ITERACION 68
Solucion:    24 15 2 12 49 22 1 5 19 34 0 43 18 40 23 14 31 39 11 29 8 46 37 44 30 10 42 7 28 26 17 4 3 38 20 35 9 13 16 45 25 48 32 36 33 6 41 27 47 21 
Coste: 53149
dlb:    10000010111111011110001000000000000100111000011001



ITERACION 69
Solucion:    24 15 2 12 49 22 1 5 19 34 0 43 18 40 23 14 31 39 11 28 8 46 37 44 30 10 42 7 29 26 17 4 3 38 20 35 9 13 16 45 25 48 32 36 33 6 41 27 47 21 
Coste: 53139
dlb:    10000010111111011110001000000000000100111000011001



ITERACION 70
Solucion:    24 15 2 12 49 22 1 5 19 34 0 43 18 40 23 14 31 39 11 28 8 46 37 44 30 10 42 7 29 26 17 4 3 38 20 35 9 13 16 45 25 48 32 36 33 6 41 27 47 21 
Coste: 53139
dlb:    10000010111111011110101000000000000100111000011001



ITERACION 71
Solucion:    24 15 2 12 49 22 1 5 19 34 0 43 18 40 23 14 31 39 11 28 8 46 37 44 30 10 42 7 29 26 17 4 3 38 20 35 9 13 16 45 25 48 32 36 33 6 41 27 47 21 
Coste: 53139
dlb:    10000010111111011110111000000000000100111000011001



ITERACION 72
Solucion:    24 15 2 12 49 22 1 5 19 34 0 43 18 40 23 14 31 39 11 28 8 46 37 44 30 10 42 7 29 26 17 4 3 38 20 35 9 13 16 45 25 48 32 36 33 6 41 27 47 21 
Coste: 53139
dlb:    10000010111111011110111000000000000100111000011001



ITERACION 73
Solucion:    24 15 2 12 49 22 1 5 19 34 0 43 18 40 23 14 31 39 11 28 8 46 37 44 30 10 42 7 29 26 17 4 3 38 20 35 9 13 16 45 25 48 32 36 33 6 41 27 47 21 
Coste: 53139
dlb:    10000010111111011110111100000000000100111000011001



ITERACION 74
Solucion:    24 15 2 12 49 22 1 5 19 34 0 43 18 40 23 14 31 39 11 28 8 46 37 44 38 10 42 7 29 26 17 4 3 30 20 35 9 13 16 45 25 48 32 36 33 6 41 27 47 21 
Coste: 53131
dlb:    10000010111111011110111100000000000100111000011001



ITERACION 75
Solucion:    24 15 2 12 49 22 1 5 19 34 0 43 18 40 23 14 31 39 11 28 8 46 37 44 38 10 42 7 29 26 17 4 3 30 20 35 9 13 16 45 25 48 32 36 33 6 41 27 47 21 
Coste: 53131
dlb:    10000010111111011110111101000000000100111000011001



ITERACION 76
Solucion:    24 15 2 12 49 22 1 5 19 34 0 43 18 40 23 14 31 39 11 28 8 46 37 44 38 10 7 42 29 26 17 4 3 30 20 35 9 13 16 45 25 48 32 36 33 6 41 27 47 21 
Coste: 53123
dlb:    10000010111111011110111101000000000100111000011001



ITERACION 77
Solucion:    24 15 2 12 49 22 1 5 19 34 0 43 18 40 23 14 31 39 11 28 8 46 37 44 38 10 7 13 29 26 17 4 3 30 20 35 42 9 16 45 25 48 32 36 33 6 41 27 47 21 
Coste: 53088
dlb:    10000010111111011110111101000000000100111000011001



ITERACION 78
Solucion:    24 15 2 12 49 22 1 5 19 34 0 43 18 40 23 14 31 39 11 28 8 46 37 44 38 10 7 13 29 26 17 4 3 30 20 35 42 9 16 45 25 48 32 36 33 6 41 27 47 21 
Coste: 53088
dlb:    10000010111111011110111101001000000100111000011001



ITERACION 79
Solucion:    24 15 2 12 49 22 1 5 19 34 0 43 18 40 23 14 31 39 11 28 8 46 37 44 38 10 7 13 29 26 17 4 3 30 20 35 42 9 16 45 25 48 32 36 33 6 41 27 47 21 
Coste: 53088
dlb:    10000010111111011110111101001100000100111000011001



ITERACION 80
Solucion:    24 15 2 12 49 22 1 5 19 34 0 43 18 40 23 14 31 39 11 28 8 46 37 44 38 10 7 13 29 26 17 4 3 30 20 35 42 9 16 45 25 48 32 36 33 6 41 27 47 21 
Coste: 53088
dlb:    10000010111111011110111101001110000100111000011001



ITERACION 81
Solucion:    24 15 2 12 49 22 1 5 19 34 0 43 18 40 23 14 31 39 11 28 8 46 37 44 38 10 7 13 29 26 17 4 3 30 20 35 42 9 16 45 25 48 32 36 33 6 41 27 47 21 
Coste: 53088
dlb:    10000010111111011110111101001111000100111000011001



ITERACION 82
Solucion:    24 15 2 12 49 22 1 5 19 34 0 43 18 40 23 14 31 39 11 28 8 46 37 44 38 10 7 13 29 26 17 4 3 30 20 35 42 9 16 45 25 48 32 36 33 6 41 27 47 21 
Coste: 53088
dlb:    10000010111111011110111101001111100100111000011001



ITERACION 83
Solucion:    24 15 2 12 49 22 1 5 19 34 0 43 18 40 23 14 31 39 11 28 8 46 37 44 38 10 7 13 29 26 17 4 3 30 20 35 42 9 16 45 25 48 32 36 33 6 41 27 47 21 
Coste: 53088
dlb:    10000010111111011110111101001111110100111000011001



ITERACION 84
Solucion:    24 15 2 12 49 22 1 5 19 34 0 43 18 40 23 14 31 39 11 28 8 46 37 44 38 10 7 13 29 26 17 4 3 30 20 35 42 9 16 45 25 48 32 36 33 6 41 27 47 21 
Coste: 53088
dlb:    10000010111111011110111101001111111100111000011001



ITERACION 85
Solucion:    24 15 2 12 49 22 1 5 19 34 0 43 18 40 23 14 31 39 11 28 8 46 37 44 38 10 7 13 29 26 17 4 3 30 20 35 42 9 16 45 25 48 32 36 33 6 41 27 47 21 
Coste: 53088
dlb:    10000010111111011110111101001111111100111000011001



ITERACION 86
Solucion:    24 15 2 12 49 22 1 5 19 34 0 43 18 40 23 14 31 39 11 28 8 46 37 44 38 10 7 13 29 26 17 4 3 30 20 35 42 9 16 45 25 48 32 36 33 6 41 27 47 21 
Coste: 53088
dlb:    10000010111111011110111101001111111110111000011001



ITERACION 87
Solucion:    24 15 2 12 49 22 1 5 19 34 0 43 18 40 23 14 31 39 11 28 8 46 37 44 38 10 7 13 29 26 17 4 3 30 20 35 42 9 16 45 25 48 32 36 33 6 41 27 47 21 
Coste: 53088
dlb:    10000010111111011110111101001111111111111000011001



ITERACION 88
Solucion:    24 15 2 12 49 22 1 5 19 34 0 43 18 40 23 14 31 39 11 28 8 46 37 44 38 10 7 13 29 26 17 4 3 30 20 35 42 9 16 45 25 48 32 36 33 6 41 27 47 21 
Coste: 53088
dlb:    10000010111111011110111101001111111111111000011001



ITERACION 89
Solucion:    24 15 2 12 49 22 1 5 19 34 0 43 18 40 23 14 31 39 11 28 8 46 37 44 38 10 7 13 29 26 17 4 3 30 20 35 42 9 16 45 25 48 32 36 33 6 41 27 47 21 
Coste: 53088
dlb:    10000010111111011110111101001111111111111000011001



ITERACION 90
Solucion:    24 15 2 12 49 22 1 5 19 34 0 43 18 40 23 14 31 39 11 28 8 46 37 44 38 10 7 13 29 26 17 4 3 30 20 35 42 9 16 45 25 48 32 36 33 6 41 27 47 21 
Coste: 53088
dlb:    10000010111111011110111101001111111111111000011001



ITERACION 91
Solucion:    24 15 2 12 49 22 1 5 19 34 0 43 18 40 23 14 31 39 11 28 8 46 37 44 38 10 7 13 29 26 17 4 3 30 20 35 42 9 16 45 25 48 32 36 33 6 41 27 47 21 
Coste: 53088
dlb:    10000010111111011110111101001111111111111100011001



ITERACION 92
Solucion:    24 15 2 12 49 22 1 5 19 34 0 43 18 40 23 14 31 39 11 28 8 46 37 44 38 10 7 13 29 26 17 4 3 30 20 35 42 9 16 45 25 48 32 36 33 6 41 27 47 21 
Coste: 53088
dlb:    10000010111111011110111101001111111111111110011001



ITERACION 93
Solucion:    24 15 2 12 49 22 1 5 19 34 0 43 18 40 23 14 31 39 11 28 8 46 37 44 38 10 7 13 29 26 17 4 3 30 20 35 42 9 16 45 25 48 32 36 33 6 41 27 47 21 
Coste: 53088
dlb:    10000010111111011110111101001111111111111111011001



ITERACION 94
Solucion:    24 15 2 12 49 22 1 5 19 34 0 43 18 40 23 14 31 39 11 28 8 46 37 44 38 10 7 13 29 26 17 4 3 30 20 35 42 9 16 45 25 48 32 36 33 6 41 27 47 21 
Coste: 53088
dlb:    10000010111111011110111101001111111111111111111001



ITERACION 95
Solucion:    24 15 2 12 49 22 1 5 19 34 0 43 18 40 23 14 31 39 11 28 8 46 37 44 38 10 7 13 29 26 17 4 3 30 20 35 42 9 16 45 25 48 32 36 33 6 41 27 47 21 
Coste: 53088
dlb:    10000010111111011110111101001111111111111111111001



ITERACION 96
Solucion:    24 15 2 12 49 22 1 5 19 34 0 43 18 40 23 14 31 39 11 28 8 46 37 44 38 10 7 13 29 26 17 4 3 30 20 35 42 9 16 45 25 48 32 36 33 6 41 27 47 21 
Coste: 53088
dlb:    10000010111111011110111101001111111111111111111001



ITERACION 97
Solucion:    24 15 2 12 49 22 1 5 19 34 0 43 18 40 23 14 31 39 11 28 8 46 37 44 38 10 7 13 29 26 17 4 3 30 20 35 42 9 16 45 25 48 32 36 33 6 41 27 47 21 
Coste: 53088
dlb:    10000010111111011110111101001111111111111111111101



ITERACION 98
Solucion:    24 15 2 12 49 22 1 5 19 34 0 43 18 40 23 14 31 39 11 28 8 46 37 44 38 10 7 13 29 26 17 4 3 30 20 35 42 9 16 45 25 48 32 36 33 6 41 27 47 21 
Coste: 53088
dlb:    10000010111111011110111101001111111111111111111111



ITERACION 99
Solucion:    24 15 2 12 49 22 1 5 19 34 0 43 18 40 23 14 31 39 11 28 8 46 37 44 38 10 7 13 29 26 17 4 3 30 20 35 42 9 16 45 25 48 32 36 33 6 41 27 47 21 
Coste: 53088
dlb:    10000010111111011110111101001111111111111111111111



ITERACION 100
Solucion:    24 15 2 12 49 22 1 5 19 34 0 43 18 40 23 14 31 39 11 28 8 46 37 44 38 10 7 13 29 26 17 4 3 30 20 35 42 9 16 45 25 48 32 36 33 6 41 27 47 21 
Coste: 53088
dlb:    10000010111111011110111101001111111111111111111111



ITERACION 101
Solucion:    24 15 2 12 49 22 1 5 19 34 0 43 18 40 23 14 31 39 11 28 8 46 37 44 38 10 7 13 29 26 17 4 3 30 20 35 42 9 16 45 25 48 32 36 33 6 41 27 47 21 
Coste: 53088
dlb:    11000010111111011110111101001111111111111111111111



ITERACION 102
Solucion:    24 15 2 12 49 22 1 5 19 34 0 43 18 40 23 14 31 39 11 28 8 46 37 44 38 10 7 13 29 26 17 4 3 30 20 35 42 9 16 45 25 48 32 36 33 6 41 27 47 21 
Coste: 53088
dlb:    11100010111111011110111101001111111111111111111111



ITERACION 103
Solucion:    24 15 2 12 49 22 1 5 19 34 0 43 18 40 23 14 31 39 11 28 8 46 37 44 38 10 7 13 29 26 17 4 3 30 20 35 42 9 16 45 25 48 32 36 33 6 41 27 47 21 
Coste: 53088
dlb:    11110010111111011110111101001111111111111111111111



ITERACION 104
Solucion:    24 15 2 12 49 22 1 5 19 34 0 43 18 40 23 14 31 39 11 28 8 46 37 44 38 10 7 13 29 26 17 4 3 30 20 35 42 9 16 45 25 48 32 36 33 6 41 27 47 21 
Coste: 53088
dlb:    11111010111111011110111101001111111111111111111111



ITERACION 105
Solucion:    24 15 2 12 49 22 1 5 19 34 0 43 18 40 23 14 31 39 11 28 8 46 37 44 38 10 7 13 29 26 17 4 3 30 20 35 42 9 16 45 25 48 32 36 33 6 41 27 47 21 
Coste: 53088
dlb:    11111110111111011110111101001111111111111111111111



ITERACION 106
Solucion:    24 15 2 12 49 22 1 5 19 34 0 43 18 40 23 14 31 39 11 28 8 46 37 44 38 10 7 13 29 26 17 4 3 30 20 35 42 9 16 45 25 48 32 36 33 6 41 27 47 21 
Coste: 53088
dlb:    11111110111111011110111101001111111111111111111111



ITERACION 107
Solucion:    24 15 2 12 49 22 1 5 19 34 0 43 18 40 23 14 31 39 11 28 8 46 37 44 38 10 7 13 29 26 17 4 3 30 20 35 42 9 16 45 25 48 32 36 33 6 41 27 47 21 
Coste: 53088
dlb:    11111111111111011110111101001111111111111111111111



ITERACION 108
Solucion:    24 15 2 12 49 22 1 5 19 34 0 43 18 40 23 14 31 39 11 28 8 46 37 44 38 10 7 13 29 26 17 4 3 30 20 35 42 9 16 45 25 48 32 36 33 6 41 27 47 21 
Coste: 53088
dlb:    11111111111111011110111101001111111111111111111111



ITERACION 109
Solucion:    24 15 2 12 49 22 1 5 19 34 0 43 18 40 23 14 31 39 11 28 8 46 37 44 38 10 7 13 29 26 17 4 3 30 20 35 42 9 16 45 25 48 32 36 33 6 41 27 47 21 
Coste: 53088
dlb:    11111111111111011110111101001111111111111111111111



ITERACION 110
Solucion:    24 15 2 12 49 22 1 5 19 34 0 43 18 40 23 14 31 39 11 28 8 46 37 44 38 10 7 13 29 26 17 4 3 30 20 35 42 9 16 45 25 48 32 36 33 6 41 27 47 21 
Coste: 53088
dlb:    11111111111111011110111101001111111111111111111111



ITERACION 111
Solucion:    24 15 2 12 49 22 1 5 19 34 0 43 18 40 23 14 31 39 11 28 8 46 37 44 38 10 7 13 29 26 17 4 3 30 20 35 42 9 16 45 25 48 32 36 33 6 41 27 47 21 
Coste: 53088
dlb:    11111111111111011110111101001111111111111111111111



ITERACION 112
Solucion:    24 15 2 12 49 22 1 5 19 34 0 43 18 40 23 14 31 39 11 28 8 46 37 44 38 10 7 13 29 26 17 4 3 30 20 35 42 9 16 45 25 48 32 36 33 6 41 27 47 21 
Coste: 53088
dlb:    11111111111111011110111101001111111111111111111111



ITERACION 113
Solucion:    24 15 2 12 49 22 1 5 19 34 0 43 18 40 23 14 31 39 11 28 8 46 37 44 38 10 7 13 29 26 17 4 3 30 20 35 42 9 16 45 25 48 32 36 33 6 41 27 47 21 
Coste: 53088
dlb:    11111111111111011110111101001111111111111111111111



ITERACION 114
Solucion:    24 15 2 12 49 22 1 5 19 34 0 43 18 40 23 14 31 39 11 28 8 46 37 44 38 10 7 13 29 26 17 4 3 30 20 35 42 9 16 45 25 48 32 36 33 6 41 27 47 21 
Coste: 53088
dlb:    11111111111111111110111101001111111111111111111111



ITERACION 115
Solucion:    24 15 2 12 49 22 1 5 19 34 0 43 18 40 23 14 31 39 11 28 8 46 37 44 38 10 7 13 29 26 17 4 3 30 20 35 42 9 16 45 25 48 32 36 33 6 41 27 47 21 
Coste: 53088
dlb:    11111111111111111110111101001111111111111111111111



ITERACION 116
Solucion:    24 15 2 12 49 22 1 5 19 34 0 43 18 40 23 14 31 39 11 28 8 46 37 44 38 10 7 13 29 26 17 4 3 30 20 35 42 9 16 45 25 48 32 36 33 6 41 27 47 21 
Coste: 53088
dlb:    11111111111111111110111101001111111111111111111111



ITERACION 117
Solucion:    24 15 2 12 49 22 1 5 19 34 0 43 18 40 23 14 31 39 11 28 8 46 37 44 38 10 7 13 29 26 17 4 3 30 20 35 42 9 16 45 25 48 32 36 33 6 41 27 47 21 
Coste: 53088
dlb:    11111111111111111110111101001111111111111111111111



ITERACION 118
Solucion:    24 15 2 12 49 22 1 5 19 34 0 43 18 40 23 14 31 39 11 28 8 46 37 44 38 10 7 13 29 26 17 4 3 30 20 35 42 9 16 45 25 48 32 36 33 6 41 27 47 21 
Coste: 53088
dlb:    11111111111111111110111101001111111111111111111111



ITERACION 119
Solucion:    24 15 2 12 49 22 1 5 19 34 0 43 18 40 23 14 31 39 11 28 8 46 37 44 38 10 7 13 29 26 17 4 3 30 20 35 42 9 16 45 25 48 32 36 33 6 41 27 47 21 
Coste: 53088
dlb:    11111111111111111111111101001111111111111111111111



ITERACION 120
Solucion:    24 15 2 12 49 22 1 5 19 34 0 43 18 40 23 14 31 39 11 28 8 46 37 44 38 10 7 13 29 26 17 4 3 30 20 35 42 9 16 45 25 48 32 36 33 6 41 27 47 21 
Coste: 53088
dlb:    11111111111111111111111101001111111111111111111111



ITERACION 121
Solucion:    24 15 2 12 49 22 1 5 19 34 0 43 18 40 23 14 31 39 11 28 8 46 37 44 38 10 7 13 29 26 17 4 3 30 20 35 42 9 16 45 25 48 32 36 33 6 41 27 47 21 
Coste: 53088
dlb:    11111111111111111111111101001111111111111111111111



ITERACION 122
Solucion:    24 15 2 12 49 22 1 5 19 34 0 43 18 40 23 14 31 39 11 28 8 46 37 44 38 10 7 13 29 26 17 4 3 30 20 35 42 9 16 45 25 48 32 36 33 6 41 27 47 21 
Coste: 53088
dlb:    11111111111111111111111101001111111111111111111111



ITERACION 123
Solucion:    24 15 2 12 49 22 1 5 19 34 0 43 18 40 23 14 31 39 11 28 8 46 37 44 38 10 7 13 29 26 17 4 3 30 20 35 42 9 16 45 25 48 32 36 33 6 41 27 47 21 
Coste: 53088
dlb:    11111111111111111111111101001111111111111111111111



ITERACION 124
Solucion:    24 15 2 12 49 22 1 5 19 34 0 43 18 40 23 14 31 39 11 28 8 46 37 44 38 10 7 13 29 26 17 4 3 30 20 35 42 9 16 45 25 48 32 36 33 6 41 27 47 21 
Coste: 53088
dlb:    11111111111111111111111111001111111111111111111111



ITERACION 125
Solucion:    24 15 2 12 49 22 1 5 19 34 0 43 18 40 23 14 31 39 11 28 8 46 37 44 38 10 7 13 29 26 17 4 3 30 20 35 42 9 16 45 25 48 32 36 33 6 41 27 47 21 
Coste: 53088
dlb:    11111111111111111111111111001111111111111111111111



ITERACION 126
Solucion:    24 15 2 12 49 22 1 5 19 34 0 43 18 40 23 14 31 39 11 28 8 46 37 44 38 7 10 13 29 26 17 4 3 30 20 35 42 9 16 45 25 48 32 36 33 6 41 27 47 21 
Coste: 53081
dlb:    11111111111111111111111110001111111111111111111111



ITERACION 127
Solucion:    24 15 2 12 49 22 1 5 19 34 0 43 18 40 23 14 31 39 11 28 8 46 37 44 38 7 10 13 29 26 17 4 3 30 20 35 42 9 16 45 25 48 32 36 33 6 41 27 47 21 
Coste: 53081
dlb:    11111111111111111111111110011111111111111111111111



ITERACION 128
Solucion:    24 15 2 12 49 22 1 5 19 34 0 43 18 40 23 14 31 39 11 28 8 46 37 44 38 7 10 13 29 26 17 4 3 30 20 35 42 9 16 45 25 48 32 36 33 6 41 27 47 21 
Coste: 53081
dlb:    11111111111111111111111110011111111111111111111111



ITERACION 129
Solucion:    24 15 2 12 49 22 1 5 19 34 0 43 18 40 23 14 31 39 11 28 8 46 37 44 38 7 10 13 29 26 17 4 3 30 20 35 42 9 16 45 25 48 32 36 33 6 41 27 47 21 
Coste: 53081
dlb:    11111111111111111111111110011111111111111111111111



ITERACION 130
Solucion:    24 15 2 12 49 22 1 5 19 34 0 43 18 40 23 14 31 39 11 28 8 46 37 44 38 7 10 13 29 26 17 4 3 30 20 35 42 9 16 45 25 48 32 36 33 6 41 27 47 21 
Coste: 53081
dlb:    11111111111111111111111110011111111111111111111111



ITERACION 131
Solucion:    24 15 2 12 49 22 1 5 19 34 0 43 18 40 23 14 31 39 11 28 8 46 37 44 38 7 10 13 29 26 17 4 3 30 20 35 42 9 16 45 25 48 32 36 33 6 41 27 47 21 
Coste: 53081
dlb:    11111111111111111111111110011111111111111111111111



ITERACION 132
Solucion:    24 15 2 12 49 22 1 5 19 34 0 43 18 40 23 14 31 39 11 28 8 46 37 44 38 7 10 13 29 26 17 4 3 30 20 35 42 9 16 45 25 48 32 36 33 6 41 27 47 21 
Coste: 53081
dlb:    11111111111111111111111110011111111111111111111111



ITERACION 133
Solucion:    24 15 2 12 49 22 1 5 19 34 0 43 18 40 23 14 31 39 11 28 8 46 37 44 38 7 10 13 29 26 17 4 3 30 20 35 42 9 16 45 25 48 32 36 33 6 41 27 47 21 
Coste: 53081
dlb:    11111111111111111111111110011111111111111111111111



ITERACION 134
Solucion:    24 15 2 12 49 22 1 5 19 34 0 43 18 40 23 14 31 39 11 28 8 46 37 44 38 7 10 13 29 26 17 4 3 30 20 35 42 9 16 45 25 48 32 36 33 6 41 27 47 21 
Coste: 53081
dlb:    11111111111111111111111110011111111111111111111111



ITERACION 135
Solucion:    24 15 2 12 49 22 1 5 19 34 0 43 18 40 23 14 31 39 11 28 8 46 37 44 38 7 10 13 29 26 17 4 3 30 20 35 42 9 16 45 25 48 32 36 33 6 41 27 47 21 
Coste: 53081
dlb:    11111111111111111111111110011111111111111111111111



ITERACION 136
Solucion:    24 15 2 12 49 22 1 5 19 34 0 43 18 40 23 14 31 39 11 28 8 46 37 44 38 7 10 13 29 26 17 4 3 30 20 35 42 9 16 45 25 48 32 36 33 6 41 27 47 21 
Coste: 53081
dlb:    11111111111111111111111110011111111111111111111111



ITERACION 137
Solucion:    24 15 2 12 49 22 1 5 19 34 0 43 18 40 23 14 31 39 11 28 8 46 37 44 38 7 10 13 29 26 17 4 3 30 20 35 42 9 16 45 25 48 32 36 33 6 41 27 47 21 
Coste: 53081
dlb:    11111111111111111111111110011111111111111111111111



ITERACION 138
Solucion:    24 15 2 12 49 22 1 5 19 34 0 43 18 40 23 14 31 39 11 28 8 46 37 44 38 7 10 13 29 26 17 4 3 30 20 35 42 9 16 45 25 48 32 36 33 6 41 27 47 21 
Coste: 53081
dlb:    11111111111111111111111110011111111111111111111111



ITERACION 139
Solucion:    24 15 2 12 49 22 1 5 19 34 0 43 18 40 23 14 31 39 11 28 8 46 37 44 38 7 10 13 29 26 17 4 3 30 20 35 42 9 16 45 25 48 32 36 33 6 41 27 47 21 
Coste: 53081
dlb:    11111111111111111111111110011111111111111111111111



ITERACION 140
Solucion:    24 15 2 12 49 22 1 5 19 34 0 43 18 40 23 14 31 39 11 28 8 46 37 44 38 7 10 13 29 26 17 4 3 30 20 35 42 9 16 45 25 48 32 36 33 6 41 27 47 21 
Coste: 53081
dlb:    11111111111111111111111110011111111111111111111111



ITERACION 141
Solucion:    24 15 2 12 49 22 1 5 19 34 0 43 18 40 23 14 31 39 11 28 8 46 37 44 38 7 10 13 29 26 17 4 3 30 20 35 42 9 16 45 25 48 32 36 33 6 41 27 47 21 
Coste: 53081
dlb:    11111111111111111111111110011111111111111111111111



ITERACION 142
Solucion:    24 15 2 12 49 22 1 5 19 34 0 43 18 40 23 14 31 39 11 28 8 46 37 44 38 7 10 13 29 26 17 4 3 30 20 35 42 9 16 45 25 48 32 36 33 6 41 27 47 21 
Coste: 53081
dlb:    11111111111111111111111110011111111111111111111111



ITERACION 143
Solucion:    24 15 2 12 49 22 1 5 19 34 0 43 18 40 23 14 31 39 11 28 8 46 37 44 38 7 10 13 29 26 17 4 3 30 20 35 42 9 16 45 25 48 32 36 33 6 41 27 47 21 
Coste: 53081
dlb:    11111111111111111111111110011111111111111111111111



ITERACION 144
Solucion:    24 15 2 12 49 22 1 5 19 34 0 43 18 40 23 14 31 39 11 28 8 46 37 44 38 7 10 13 29 26 17 4 3 30 20 35 42 9 16 45 25 48 32 36 33 6 41 27 47 21 
Coste: 53081
dlb:    11111111111111111111111110011111111111111111111111



ITERACION 145
Solucion:    24 15 2 12 49 22 1 5 19 34 0 43 18 40 23 14 31 39 11 28 8 46 37 44 38 7 10 13 29 26 17 4 3 30 20 35 42 9 16 45 25 48 32 36 33 6 41 27 47 21 
Coste: 53081
dlb:    11111111111111111111111110011111111111111111111111



ITERACION 146
Solucion:    24 15 2 12 49 22 1 5 19 34 0 43 18 40 23 14 31 39 11 28 8 46 37 44 38 7 10 13 29 26 17 4 3 30 20 35 42 9 16 45 25 48 32 36 33 6 41 27 47 21 
Coste: 53081
dlb:    11111111111111111111111110011111111111111111111111



ITERACION 147
Solucion:    24 15 2 12 49 22 1 5 19 34 0 43 18 40 23 14 31 39 11 28 8 46 37 44 38 7 10 13 29 26 17 4 3 30 20 35 42 9 16 45 25 48 32 36 33 6 41 27 47 21 
Coste: 53081
dlb:    11111111111111111111111110011111111111111111111111



ITERACION 148
Solucion:    24 15 2 12 49 22 1 5 19 34 0 43 18 40 23 14 31 39 11 28 8 46 37 44 38 7 10 13 29 26 17 4 3 30 20 35 42 9 16 45 25 48 32 36 33 6 41 27 47 21 
Coste: 53081
dlb:    11111111111111111111111110011111111111111111111111



ITERACION 149
Solucion:    24 15 2 12 49 22 1 5 19 34 0 43 18 40 23 14 31 39 11 28 8 46 37 44 38 7 10 13 29 26 17 4 3 30 20 35 42 9 16 45 25 48 32 36 33 6 41 27 47 21 
Coste: 53081
dlb:    11111111111111111111111110011111111111111111111111



ITERACION 150
Solucion:    24 15 2 12 49 22 1 5 19 34 0 43 18 40 23 14 31 39 11 28 8 46 37 44 38 7 10 13 29 26 17 4 3 30 20 35 42 9 16 45 25 48 32 36 33 6 41 27 47 21 
Coste: 53081
dlb:    11111111111111111111111110011111111111111111111111



ITERACION 151
Solucion:    24 15 2 12 49 22 1 5 19 34 0 43 18 40 23 14 31 39 11 28 8 46 37 44 38 7 10 13 29 26 17 4 3 30 20 35 42 9 16 45 25 48 32 36 33 6 41 27 47 21 
Coste: 53081
dlb:    11111111111111111111111110011111111111111111111111



ITERACION 152
Solucion:    24 15 2 12 49 22 1 5 19 34 0 43 18 40 23 14 31 39 11 28 8 46 37 44 38 7 10 13 29 26 17 4 3 30 20 35 42 9 16 45 25 48 32 36 33 6 41 27 47 21 
Coste: 53081
dlb:    11111111111111111111111110011111111111111111111111



ITERACION 153
Solucion:    24 15 2 12 49 22 1 5 19 34 0 43 18 40 23 14 31 39 11 28 8 46 37 44 38 7 10 13 29 26 17 4 3 30 20 35 42 9 16 45 25 48 32 36 33 6 41 27 47 21 
Coste: 53081
dlb:    11111111111111111111111110011111111111111111111111



ITERACION 154
Solucion:    24 15 2 12 49 22 1 5 19 34 0 43 18 40 23 14 31 39 11 28 8 46 37 44 38 7 10 13 29 26 17 4 3 30 20 35 42 9 16 45 25 48 32 36 33 6 41 27 47 21 
Coste: 53081
dlb:    11111111111111111111111110011111111111111111111111



ITERACION 155
Solucion:    24 15 2 12 49 22 1 5 19 34 0 43 18 40 23 14 31 39 11 28 8 46 37 44 38 7 10 13 29 26 17 4 3 30 20 35 42 9 16 45 25 48 32 36 33 6 41 27 47 21 
Coste: 53081
dlb:    11111111111111111111111110011111111111111111111111



ITERACION 156
Solucion:    24 15 2 12 49 22 1 5 19 34 0 43 18 40 23 14 31 39 11 28 8 46 37 44 38 7 10 13 29 26 17 4 3 30 20 35 42 9 16 45 25 48 32 36 33 6 41 27 47 21 
Coste: 53081
dlb:    11111111111111111111111110011111111111111111111111



ITERACION 157
Solucion:    24 15 2 12 49 22 1 5 19 34 0 43 18 40 23 14 31 39 11 28 8 46 37 44 38 7 10 13 29 26 17 4 3 30 20 35 42 9 16 45 25 48 32 36 33 6 41 27 47 21 
Coste: 53081
dlb:    11111111111111111111111110011111111111111111111111



ITERACION 158
Solucion:    24 15 2 12 49 22 1 5 19 34 0 43 18 40 23 14 31 39 11 28 8 46 37 44 38 7 10 13 29 26 17 4 3 30 20 35 42 9 16 45 25 48 32 36 33 6 41 27 47 21 
Coste: 53081
dlb:    11111111111111111111111110011111111111111111111111



ITERACION 159
Solucion:    24 15 2 12 49 22 1 5 19 34 0 43 18 40 23 14 31 39 11 28 8 46 37 44 38 7 10 13 29 26 17 4 3 30 20 35 42 9 16 45 25 48 32 36 33 6 41 27 47 21 
Coste: 53081
dlb:    11111111111111111111111110011111111111111111111111



ITERACION 160
Solucion:    24 15 2 12 49 22 1 5 19 34 0 43 18 40 23 14 31 39 11 28 8 46 37 44 38 7 10 13 29 26 17 4 3 30 20 35 42 9 16 45 25 48 32 36 33 6 41 27 47 21 
Coste: 53081
dlb:    11111111111111111111111110011111111111111111111111



ITERACION 161
Solucion:    24 15 2 12 49 22 1 5 19 34 0 43 18 40 23 14 31 39 11 28 8 46 37 44 38 7 10 13 29 26 17 4 3 30 20 35 42 9 16 45 25 48 32 36 33 6 41 27 47 21 
Coste: 53081
dlb:    11111111111111111111111110011111111111111111111111



ITERACION 162
Solucion:    24 15 2 12 49 22 1 5 19 34 0 43 18 40 23 14 31 39 11 28 8 46 37 44 38 7 10 13 29 26 17 4 3 30 20 35 42 9 16 45 25 48 32 36 33 6 41 27 47 21 
Coste: 53081
dlb:    11111111111111111111111110011111111111111111111111



ITERACION 163
Solucion:    24 15 2 12 49 22 1 5 19 34 0 43 18 40 23 14 31 39 11 28 8 46 37 44 38 7 10 13 29 26 17 4 3 30 20 35 42 9 16 45 25 48 32 36 33 6 41 27 47 21 
Coste: 53081
dlb:    11111111111111111111111110011111111111111111111111



ITERACION 164
Solucion:    24 15 2 12 49 22 1 5 19 34 0 43 18 40 23 14 31 39 11 28 8 46 37 44 38 7 10 13 29 26 17 4 3 30 20 35 42 9 16 45 25 48 32 36 33 6 41 27 47 21 
Coste: 53081
dlb:    11111111111111111111111110011111111111111111111111



ITERACION 165
Solucion:    24 15 2 12 49 22 1 5 19 34 0 43 18 40 23 14 31 39 11 28 8 46 37 44 38 7 10 13 29 26 17 4 3 30 20 35 42 9 16 45 25 48 32 36 33 6 41 27 47 21 
Coste: 53081
dlb:    11111111111111111111111110011111111111111111111111



ITERACION 166
Solucion:    24 15 2 12 49 22 1 5 19 34 0 43 18 40 23 14 31 39 11 28 8 46 37 44 38 7 10 13 29 26 17 4 3 30 20 35 42 9 16 45 25 48 32 36 33 6 41 27 47 21 
Coste: 53081
dlb:    11111111111111111111111110011111111111111111111111



ITERACION 167
Solucion:    24 15 2 12 49 22 1 5 19 34 0 43 18 40 23 14 31 39 11 28 8 46 37 44 38 7 10 13 29 26 17 4 3 30 20 35 42 9 16 45 25 48 32 36 33 6 41 27 47 21 
Coste: 53081
dlb:    11111111111111111111111110011111111111111111111111



ITERACION 168
Solucion:    24 15 2 12 49 22 1 5 19 34 0 43 18 40 23 14 31 39 11 28 8 46 37 44 38 7 10 13 29 26 17 4 3 30 20 35 42 9 16 45 25 48 32 36 33 6 41 27 47 21 
Coste: 53081
dlb:    11111111111111111111111110011111111111111111111111



ITERACION 169
Solucion:    24 15 2 12 49 22 1 5 19 34 0 43 18 40 23 14 31 39 11 28 8 46 37 44 38 7 10 13 29 26 17 4 3 30 20 35 42 9 16 45 25 48 32 36 33 6 41 27 47 21 
Coste: 53081
dlb:    11111111111111111111111110011111111111111111111111



ITERACION 170
Solucion:    24 15 2 12 49 22 1 5 19 34 0 43 18 40 23 14 31 39 11 28 8 46 37 44 38 7 10 13 29 26 17 4 3 30 20 35 42 9 16 45 25 48 32 36 33 6 41 27 47 21 
Coste: 53081
dlb:    11111111111111111111111110011111111111111111111111



ITERACION 171
Solucion:    24 15 2 12 49 22 1 5 19 34 0 43 18 40 23 14 31 39 11 28 8 46 37 44 38 7 10 13 29 26 17 4 3 30 20 35 42 9 16 45 25 48 32 36 33 6 41 27 47 21 
Coste: 53081
dlb:    11111111111111111111111110011111111111111111111111



ITERACION 172
Solucion:    24 15 2 12 49 22 1 5 19 34 0 43 18 40 23 14 31 39 11 28 8 46 37 44 38 7 10 13 29 26 17 4 3 30 20 35 42 9 16 45 25 48 32 36 33 6 41 27 47 21 
Coste: 53081
dlb:    11111111111111111111111110011111111111111111111111



ITERACION 173
Solucion:    24 15 2 12 49 22 1 5 19 34 0 43 18 40 23 14 31 39 11 28 8 46 37 44 38 7 10 13 29 26 17 4 3 30 20 35 42 9 16 45 25 48 32 36 33 6 41 27 47 21 
Coste: 53081
dlb:    11111111111111111111111110011111111111111111111111



ITERACION 174
Solucion:    24 15 2 12 49 22 1 5 19 34 0 43 18 40 23 14 31 39 11 28 8 46 37 44 38 7 10 13 29 26 17 4 3 30 20 35 42 9 16 45 25 48 32 36 33 6 41 27 47 21 
Coste: 53081
dlb:    11111111111111111111111110011111111111111111111111



ITERACION 175
Solucion:    24 15 2 12 49 22 1 5 19 34 0 43 18 40 23 14 31 39 11 28 8 46 37 44 38 7 10 13 29 26 17 4 3 30 20 35 42 9 16 45 25 48 32 36 33 6 41 27 47 21 
Coste: 53081
dlb:    11111111111111111111111111011111111111111111111111



ITERACION 176
Solucion:    24 15 2 12 49 22 1 5 19 34 0 43 18 40 23 14 31 39 11 28 8 46 37 44 38 7 10 13 29 26 17 4 3 30 20 35 42 9 16 45 25 48 32 36 33 6 41 27 47 21 
Coste: 53081
dlb:    11111111111111111111111111111111111111111111111111



ITERACION 177
Solucion:    24 15 2 12 49 22 1 5 19 34 0 43 18 40 23 14 31 39 11 28 8 46 37 44 38 7 10 13 29 26 17 4 3 30 20 35 42 9 16 45 25 48 32 36 33 6 41 27 47 21 
Coste: 53081
dlb:    11111111111111111111111111111111111111111111111111



ITERACION 178
Solucion:    24 15 2 12 49 22 1 5 19 34 0 43 18 40 23 14 31 39 11 28 8 46 37 44 38 7 10 13 29 26 17 4 3 30 20 35 42 9 16 45 25 48 32 36 33 6 41 27 47 21 
Coste: 53081
dlb:    11111111111111111111111111111111111111111111111111



ITERACION 179
Solucion:    24 15 2 12 49 22 1 5 19 34 0 43 18 40 23 14 31 39 11 28 8 46 37 44 38 7 10 13 29 26 17 4 3 30 20 35 42 9 16 45 25 48 32 36 33 6 41 27 47 21 
Coste: 53081
dlb:    11111111111111111111111111111111111111111111111111



ITERACION 180
Solucion:    24 15 2 12 49 22 1 5 19 34 0 43 18 40 23 14 31 39 11 28 8 46 37 44 38 7 10 13 29 26 17 4 3 30 20 35 42 9 16 45 25 48 32 36 33 6 41 27 47 21 
Coste: 53081
dlb:    11111111111111111111111111111111111111111111111111



ITERACION 181
Solucion:    24 15 2 12 49 22 1 5 19 34 0 43 18 40 23 14 31 39 11 28 8 46 37 44 38 7 10 13 29 26 17 4 3 30 20 35 42 9 16 45 25 48 32 36 33 6 41 27 47 21 
Coste: 53081
dlb:    11111111111111111111111111111111111111111111111111



ITERACION 182
Solucion:    24 15 2 12 49 22 1 5 19 34 0 43 18 40 23 14 31 39 11 28 8 46 37 44 38 7 10 13 29 26 17 4 3 30 20 35 42 9 16 45 25 48 32 36 33 6 41 27 47 21 
Coste: 53081
dlb:    11111111111111111111111111111111111111111111111111



ITERACION 183
Solucion:    24 15 2 12 49 22 1 5 19 34 0 43 18 40 23 14 31 39 11 28 8 46 37 44 38 7 10 13 29 26 17 4 3 30 20 35 42 9 16 45 25 48 32 36 33 6 41 27 47 21 
Coste: 53081
dlb:    11111111111111111111111111111111111111111111111111



ITERACION 184
Solucion:    24 15 2 12 49 22 1 5 19 34 0 43 18 40 23 14 31 39 11 28 8 46 37 44 38 7 10 13 29 26 17 4 3 30 20 35 42 9 16 45 25 48 32 36 33 6 41 27 47 21 
Coste: 53081
dlb:    11111111111111111111111111111111111111111111111111



ITERACION 185
Solucion:    24 15 2 12 49 22 1 5 19 34 0 43 18 40 23 14 31 39 11 28 8 46 37 44 38 7 10 13 29 26 17 4 3 30 20 35 42 9 16 45 25 48 32 36 33 6 41 27 47 21 
Coste: 53081
dlb:    11111111111111111111111111111111111111111111111111



ITERACION 186
Solucion:    24 15 2 12 49 22 1 5 19 34 0 43 18 40 23 14 31 39 11 28 8 46 37 44 38 7 10 13 29 26 17 4 3 30 20 35 42 9 16 45 25 48 32 36 33 6 41 27 47 21 
Coste: 53081
dlb:    11111111111111111111111111111111111111111111111111



ITERACION 187
Solucion:    24 15 2 12 49 22 1 5 19 34 0 43 18 40 23 14 31 39 11 28 8 46 37 44 38 7 10 13 29 26 17 4 3 30 20 35 42 9 16 45 25 48 32 36 33 6 41 27 47 21 
Coste: 53081
dlb:    11111111111111111111111111111111111111111111111111



ITERACION 188
Solucion:    24 15 2 12 49 22 1 5 19 34 0 43 18 40 23 14 31 39 11 28 8 46 37 44 38 7 10 13 29 26 17 4 3 30 20 35 42 9 16 45 25 48 32 36 33 6 41 27 47 21 
Coste: 53081
dlb:    11111111111111111111111111111111111111111111111111



ITERACION 189
Solucion:    24 15 2 12 49 22 1 5 19 34 0 43 18 40 23 14 31 39 11 28 8 46 37 44 38 7 10 13 29 26 17 4 3 30 20 35 42 9 16 45 25 48 32 36 33 6 41 27 47 21 
Coste: 53081
dlb:    11111111111111111111111111111111111111111111111111



ITERACION 190
Solucion:    24 15 2 12 49 22 1 5 19 34 0 43 18 40 23 14 31 39 11 28 8 46 37 44 38 7 10 13 29 26 17 4 3 30 20 35 42 9 16 45 25 48 32 36 33 6 41 27 47 21 
Coste: 53081
dlb:    11111111111111111111111111111111111111111111111111



ITERACION 191
Solucion:    24 15 2 12 49 22 1 5 19 34 0 43 18 40 23 14 31 39 11 28 8 46 37 44 38 7 10 13 29 26 17 4 3 30 20 35 42 9 16 45 25 48 32 36 33 6 41 27 47 21 
Coste: 53081
dlb:    11111111111111111111111111111111111111111111111111



ITERACION 192
Solucion:    24 15 2 12 49 22 1 5 19 34 0 43 18 40 23 14 31 39 11 28 8 46 37 44 38 7 10 13 29 26 17 4 3 30 20 35 42 9 16 45 25 48 32 36 33 6 41 27 47 21 
Coste: 53081
dlb:    11111111111111111111111111111111111111111111111111



ITERACION 193
Solucion:    24 15 2 12 49 22 1 5 19 34 0 43 18 40 23 14 31 39 11 28 8 46 37 44 38 7 10 13 29 26 17 4 3 30 20 35 42 9 16 45 25 48 32 36 33 6 41 27 47 21 
Coste: 53081
dlb:    11111111111111111111111111111111111111111111111111



ITERACION 194
Solucion:    24 15 2 12 49 22 1 5 19 34 0 43 18 40 23 14 31 39 11 28 8 46 37 44 38 7 10 13 29 26 17 4 3 30 20 35 42 9 16 45 25 48 32 36 33 6 41 27 47 21 
Coste: 53081
dlb:    11111111111111111111111111111111111111111111111111



ITERACION 195
Solucion:    24 15 2 12 49 22 1 5 19 34 0 43 18 40 23 14 31 39 11 28 8 46 37 44 38 7 10 13 29 26 17 4 3 30 20 35 42 9 16 45 25 48 32 36 33 6 41 27 47 21 
Coste: 53081
dlb:    11111111111111111111111111111111111111111111111111



ITERACION 196
Solucion:    24 15 2 12 49 22 1 5 19 34 0 43 18 40 23 14 31 39 11 28 8 46 37 44 38 7 10 13 29 26 17 4 3 30 20 35 42 9 16 45 25 48 32 36 33 6 41 27 47 21 
Coste: 53081
dlb:    11111111111111111111111111111111111111111111111111



ITERACION 197
Solucion:    24 15 2 12 49 22 1 5 19 34 0 43 18 40 23 14 31 39 11 28 8 46 37 44 38 7 10 13 29 26 17 4 3 30 20 35 42 9 16 45 25 48 32 36 33 6 41 27 47 21 
Coste: 53081
dlb:    11111111111111111111111111111111111111111111111111



ITERACION 198
Solucion:    24 15 2 12 49 22 1 5 19 34 0 43 18 40 23 14 31 39 11 28 8 46 37 44 38 7 10 13 29 26 17 4 3 30 20 35 42 9 16 45 25 48 32 36 33 6 41 27 47 21 
Coste: 53081
dlb:    11111111111111111111111111111111111111111111111111



ITERACION 199
Solucion:    24 15 2 12 49 22 1 5 19 34 0 43 18 40 23 14 31 39 11 28 8 46 37 44 38 7 10 13 29 26 17 4 3 30 20 35 42 9 16 45 25 48 32 36 33 6 41 27 47 21 
Coste: 53081
dlb:    11111111111111111111111111111111111111111111111111



