ITERACION 0
Solucion:    48 14 18 26 36 8 20 22 35 47 6 5 3 33 23 15 32 4 29 9 40 19 44 7 39 41 37 0 2 1 27 38 46 11 16 24 21 25 45 12 10 17 49 30 31 43 28 13 34 42 
Coste: 54936
dlb:    00000000000000000000000000000000000000000000000000



ITERACION 1
Solucion:    14 7 48 18 26 8 20 22 35 47 36 5 3 6 23 15 32 4 29 9 40 19 44 33 39 41 37 0 2 1 27 38 46 11 16 24 21 25 45 12 10 17 49 30 31 43 28 13 34 42 
Coste: 54751
dlb:    00000000000000000000000000000000000000000000000000



ITERACION 2
Solucion:    14 7 2 48 18 8 20 22 26 47 36 5 3 35 23 15 32 4 29 9 6 19 40 44 39 41 37 0 33 1 27 38 46 11 16 24 21 25 45 12 10 17 49 30 31 43 28 13 34 42 
Coste: 54429
dlb:    00000000000000000000000000000000000000000000000000



ITERACION 3
Solucion:    14 7 2 23 48 8 20 22 26 47 36 5 18 3 35 15 32 4 29 9 6 19 40 44 39 41 37 0 33 1 27 38 46 11 16 24 21 25 45 12 10 17 49 30 31 43 28 13 34 42 
Coste: 54380
dlb:    00000000000000000000000000000000000000000000000000



ITERACION 4
Solucion:    14 7 2 23 12 48 8 20 26 47 36 5 18 22 35 15 3 32 4 9 6 19 29 44 40 41 37 0 39 1 33 38 27 46 16 24 21 25 45 11 10 17 49 30 31 43 28 13 34 42 
Coste: 53867
dlb:    00000000000000000000000000000000000000000000000000



ITERACION 5
Solucion:    14 7 2 48 23 42 8 12 26 47 36 5 20 18 35 15 3 32 4 9 6 19 29 44 40 41 37 0 39 22 33 38 27 46 16 24 21 25 45 11 10 17 49 1 31 30 28 13 34 43 
Coste: 53725
dlb:    00000000000000000000000000000000000000000000000000



ITERACION 6
Solucion:    14 7 2 48 8 42 16 23 26 47 36 5 20 18 35 15 3 12 4 32 6 19 29 44 40 41 37 9 39 0 33 38 27 46 22 24 21 25 45 11 10 17 49 1 31 30 28 13 34 43 
Coste: 53491
dlb:    00000000000000000000000000000000000000000000000000



ITERACION 7
Solucion:    14 7 2 48 23 42 16 43 26 47 36 5 20 18 35 15 3 12 4 32 6 19 29 44 40 41 37 9 39 0 33 38 27 46 22 24 21 25 45 11 10 17 49 1 31 30 28 13 34 8 
Coste: 53431
dlb:    00000000000000000000000000000000000000000000000000



ITERACION 8
Solucion:    14 7 2 48 23 42 16 43 4 26 36 5 20 18 35 15 3 12 47 32 6 19 29 44 40 41 37 9 39 0 33 38 27 46 22 24 21 25 45 11 10 17 49 1 31 30 28 13 34 8 
Coste: 53396
dlb:    00000000000000000000000000000000000000000000000000



ITERACION 9
Solucion:    14 7 2 48 23 42 16 43 4 26 36 5 20 18 35 15 3 12 47 32 6 19 29 44 40 41 37 9 39 0 33 38 27 46 22 24 21 25 45 11 10 17 49 1 31 30 28 13 34 8 
Coste: 53396
dlb:    00000000010000000000000000000000000000000000000000



ITERACION 10
Solucion:    36 7 2 48 23 42 16 43 4 26 10 5 20 18 35 15 3 12 47 32 14 19 29 44 40 41 37 9 39 0 33 38 27 46 22 24 21 25 45 11 6 17 49 1 31 30 28 13 34 8 
Coste: 53350
dlb:    00000000010000000000000000000000000000000000000000



ITERACION 11
Solucion:    36 7 2 5 23 42 16 43 4 26 48 46 20 18 10 15 3 12 47 32 14 19 29 44 40 35 37 9 39 0 33 38 27 41 22 24 21 25 45 11 6 17 49 1 31 30 28 13 34 8 
Coste: 53286
dlb:    00000000010000000000000000000000000000000000000000



ITERACION 12
Solucion:    36 7 2 5 23 42 16 43 4 26 48 46 41 20 18 15 3 12 47 32 14 19 29 44 40 35 37 9 39 0 33 10 27 38 22 24 21 25 45 11 6 17 49 1 31 30 28 13 34 8 
Coste: 53254
dlb:    00000000010000000000000000000000000000000000000000



ITERACION 13
Solucion:    36 7 2 5 23 42 16 43 4 26 48 46 41 20 18 15 3 12 47 32 14 19 29 44 40 35 37 9 39 0 33 10 27 38 22 24 21 25 45 11 6 17 49 1 31 30 28 13 34 8 
Coste: 53254
dlb:    00000000010001000000000000000000000000000000000000



ITERACION 14
Solucion:    18 7 36 5 2 23 16 43 4 26 48 46 41 20 15 42 3 12 47 32 14 19 29 44 40 35 37 9 39 0 33 10 27 38 22 24 21 25 45 11 6 17 49 1 31 30 28 13 34 8 
Coste: 53135
dlb:    00000000010001000000000000000000000000000000000000



ITERACION 15
Solucion:    18 7 36 5 2 23 16 43 4 26 48 46 41 20 15 10 3 12 47 32 14 19 29 42 40 44 37 9 39 0 33 35 27 38 22 24 21 25 45 11 6 17 49 1 31 30 28 13 34 8 
Coste: 53068
dlb:    00000000010001000000000000000000000000000000000000



ITERACION 16
Solucion:    18 7 36 5 2 23 16 43 4 26 48 46 41 20 15 10 44 3 47 32 14 19 29 12 40 42 37 9 39 0 33 35 27 38 22 24 21 25 45 11 6 17 49 1 31 30 28 13 34 8 
Coste: 53008
dlb:    00000000010001000000000000000000000000000000000000



ITERACION 17
Solucion:    18 7 36 5 2 23 16 3 4 26 48 46 41 20 15 10 44 43 47 32 14 19 29 12 40 42 37 9 39 0 33 35 27 38 22 24 21 25 45 11 6 17 49 1 31 30 28 13 34 8 
Coste: 52984
dlb:    00000000010001000000000000000000000000000000000000



ITERACION 18
Solucion:    18 7 36 5 2 23 16 3 4 26 48 46 41 20 15 10 44 43 32 47 14 19 29 12 40 42 37 9 39 0 33 35 27 38 22 24 21 25 45 11 6 17 49 1 31 30 28 13 34 8 
Coste: 52970
dlb:    00000000010001000000000000000000000000000000000000



ITERACION 19
Solucion:    18 7 36 5 2 23 16 3 4 26 48 46 41 20 15 10 44 43 32 8 14 19 29 12 40 42 37 9 39 0 33 35 27 38 22 24 21 25 47 11 6 17 49 1 31 30 28 13 34 45 
Coste: 52911
dlb:    00000000010001000000000000000000000000000000000000



ITERACION 20
Solucion:    18 7 36 5 2 23 16 3 4 26 48 46 41 20 15 10 44 43 32 8 33 14 29 12 40 42 37 9 39 0 19 35 27 38 22 24 21 25 47 11 6 17 49 1 31 30 28 13 34 45 
Coste: 52867
dlb:    00000000010001000000000000000000000000000000000000



ITERACION 21
Solucion:    18 7 36 5 2 23 16 3 4 26 14 46 41 20 15 10 44 43 32 8 33 48 29 12 40 42 37 9 39 0 19 35 27 38 22 24 21 25 47 11 6 17 49 1 31 30 28 13 34 45 
Coste: 52855
dlb:    00000000010001000000000000000000000000000000000000



ITERACION 22
Solucion:    18 7 36 5 2 23 16 3 4 26 14 46 41 20 15 10 44 43 32 8 33 48 38 12 40 42 37 9 39 0 19 35 27 29 22 24 21 25 47 11 6 17 49 1 31 30 28 13 34 45 
Coste: 52815
dlb:    00000000010001000000000000000000000000000000000000



ITERACION 23
Solucion:    18 7 36 5 2 23 16 3 4 26 14 46 41 20 12 10 44 43 32 8 33 48 38 15 40 42 37 9 39 0 19 35 27 29 22 24 21 25 47 11 6 17 49 1 31 30 28 13 34 45 
Coste: 52805
dlb:    00000000010001000000000000000000000000000000000000



ITERACION 24
Solucion:    18 7 36 5 2 23 16 3 4 26 14 46 41 20 12 10 44 43 32 8 33 48 38 15 40 42 37 9 39 0 19 35 27 29 22 24 21 25 47 11 6 17 49 1 31 30 28 13 34 45 
Coste: 52805
dlb:    00000000010001000000000010000000000000000000000000



ITERACION 25
Solucion:    18 7 36 5 2 23 16 3 4 26 14 46 41 20 12 10 44 43 32 8 33 48 38 15 40 37 42 9 39 0 19 35 27 29 22 24 21 25 47 11 6 17 49 1 31 30 28 13 34 45 
Coste: 52797
dlb:    00000000010001000000000010000000000000000000000000



ITERACION 26
Solucion:    18 7 36 5 2 23 16 3 4 26 14 46 41 20 12 10 44 43 32 8 33 48 38 15 40 37 30 9 39 0 19 35 27 29 22 24 21 25 47 11 6 17 49 1 31 42 28 13 34 45 
Coste: 52794
dlb:    00000000010001000000000010000000000000000000000000



ITERACION 27
Solucion:    18 7 36 5 2 23 16 3 4 26 14 46 41 20 12 10 44 43 32 8 33 48 38 15 40 37 30 11 39 0 19 35 27 29 22 24 9 21 47 25 6 17 49 1 31 42 28 13 34 45 
Coste: 52763
dlb:    00000000010001000000000010000000000000000000000000



ITERACION 28
Solucion:    18 7 36 5 2 23 16 3 4 26 14 46 41 20 12 10 39 43 32 8 33 48 38 15 40 37 44 11 47 0 19 35 27 29 22 30 24 9 21 25 6 17 49 1 31 42 28 13 34 45 
Coste: 52712
dlb:    00000000010001000000000010000000000000000000000000



ITERACION 29
Solucion:    18 7 36 5 2 23 16 3 4 26 14 46 41 20 12 10 39 43 32 8 33 48 38 15 40 37 44 11 47 0 19 35 27 29 22 30 24 9 21 25 6 17 49 1 31 42 28 13 34 45 
Coste: 52712
dlb:    00000000010001000000000010000100000000000000000000



ITERACION 30
Solucion:    18 7 36 5 2 23 16 3 4 26 14 46 41 20 12 10 39 43 32 8 33 48 38 15 40 37 44 11 47 0 6 35 27 29 22 30 24 9 21 25 19 17 49 1 31 42 28 13 34 45 
Coste: 52670
dlb:    00000000010001000000000010000100000000000000000000



ITERACION 31
Solucion:    18 7 36 5 2 23 16 3 4 26 14 46 41 20 12 10 39 43 32 8 33 48 38 15 40 37 44 11 47 0 6 17 27 29 22 30 24 9 21 25 19 35 49 1 31 42 28 13 34 45 
Coste: 52663
dlb:    00000000010001000000000010000100000000000000000000



ITERACION 32
Solucion:    18 7 36 5 2 23 16 3 4 26 14 46 41 20 12 10 39 43 32 8 33 48 38 15 40 37 44 11 47 0 6 17 49 29 22 30 24 9 21 25 19 35 27 1 31 42 28 13 34 45 
Coste: 52643
dlb:    00000000010001000000000010000100000000000000000000



ITERACION 33
Solucion:    18 7 36 5 2 23 16 3 4 26 14 46 41 20 12 10 39 43 32 8 33 48 38 15 40 37 44 11 47 0 6 17 29 49 22 30 24 9 21 25 19 35 27 1 31 42 28 13 34 45 
Coste: 52641
dlb:    00000000010001000000000010000100000000000000000000



ITERACION 34
Solucion:    18 7 36 5 2 23 16 3 4 26 14 46 41 20 12 10 39 43 32 8 33 48 38 15 40 37 44 11 47 0 6 17 29 49 42 30 24 9 21 25 19 35 27 1 22 31 28 13 34 45 
Coste: 52606
dlb:    00000000010001000000000010000100000000000000000000



ITERACION 35
Solucion:    18 7 36 5 2 23 16 3 4 26 14 46 41 20 12 10 39 43 32 8 33 48 38 15 40 37 44 11 47 0 6 17 29 49 42 30 24 9 21 25 19 35 27 1 22 31 28 13 34 45 
Coste: 52606
dlb:    00000000010001000000000010000100000100000000000000



ITERACION 36
Solucion:    18 7 36 5 2 23 16 3 4 26 14 46 41 20 12 10 39 43 32 8 33 48 38 15 40 37 44 11 47 0 6 17 29 49 42 30 31 9 21 25 19 35 27 1 22 24 28 13 34 45 
Coste: 52602
dlb:    00000000010001000000000010000100000100000000000000



ITERACION 37
Solucion:    18 7 36 5 2 23 16 3 4 26 14 46 41 20 12 10 39 43 32 8 33 48 38 15 40 37 9 11 47 0 6 17 29 49 42 30 31 24 21 25 19 35 27 1 22 44 28 13 34 45 
Coste: 52590
dlb:    00000000010001000000000010000100000100000000000000



ITERACION 38
Solucion:    18 7 36 5 2 23 16 3 4 26 14 46 41 20 12 10 39 43 32 8 33 48 38 15 40 37 9 11 21 0 6 17 29 49 42 30 31 24 47 25 19 35 27 1 22 44 28 13 34 45 
Coste: 52588
dlb:    00000000010001000000000010000100000100000000000000



ITERACION 39
Solucion:    18 7 36 5 2 23 16 3 4 26 14 46 41 20 12 10 39 43 32 8 33 48 38 15 40 37 9 11 21 0 6 17 29 49 42 30 31 24 47 25 19 35 27 1 22 44 28 13 34 45 
Coste: 52588
dlb:    00000000010001000000000010000100000100010000000000



ITERACION 40
Solucion:    18 7 36 5 2 23 16 3 4 26 14 46 41 20 12 10 39 43 32 8 33 48 38 15 40 37 9 11 21 0 6 17 29 49 42 30 31 24 47 25 19 35 27 1 22 44 28 13 34 45 
Coste: 52588
dlb:    00000000010001000000000010000100000100011000000000



ITERACION 41
Solucion:    18 7 36 5 2 23 16 3 4 26 14 46 41 20 12 10 39 43 32 8 33 48 38 15 40 37 9 11 21 0 6 17 35 49 42 30 31 24 47 25 19 29 27 1 22 44 28 13 34 45 
Coste: 52574
dlb:    00000000010001000000000010000100000100011000000000



ITERACION 42
Solucion:    18 7 36 5 2 23 16 3 4 26 14 46 41 20 12 10 39 43 32 8 33 48 38 15 40 37 9 11 21 0 6 17 35 49 42 30 31 24 47 25 19 29 27 1 22 44 28 13 34 45 
Coste: 52574
dlb:    00000000010001000000000010000100000100011010000000



ITERACION 43
Solucion:    18 7 36 5 2 23 16 3 4 26 14 46 41 20 12 10 39 43 32 8 33 48 38 15 40 37 9 11 21 0 6 17 35 49 42 30 31 24 47 25 19 29 27 1 22 44 28 13 34 45 
Coste: 52574
dlb:    00000000010001000000000010000100000100011011000000



ITERACION 44
Solucion:    18 7 36 5 2 23 16 3 4 26 14 46 41 20 12 10 39 43 32 8 33 48 38 15 40 37 9 11 21 0 6 17 35 49 42 30 31 24 47 25 19 29 27 1 22 44 28 13 34 45 
Coste: 52574
dlb:    00000000010001000000000010000100000100011011100000



ITERACION 45
Solucion:    18 7 36 5 2 23 16 3 4 26 14 46 41 20 12 10 39 43 32 8 33 48 38 15 40 37 9 11 21 0 6 17 35 49 42 30 31 24 47 25 19 29 27 1 22 44 28 13 34 45 
Coste: 52574
dlb:    00000000010001000000000010000100000100011011110000



ITERACION 46
Solucion:    18 7 36 5 2 23 16 3 4 26 14 46 41 20 12 10 39 43 32 8 33 48 38 15 40 37 9 11 21 0 6 17 35 49 42 30 31 24 47 25 19 29 27 1 22 44 28 13 34 45 
Coste: 52574
dlb:    00000000010001000000000010000100000100011011111000



ITERACION 47
Solucion:    18 7 36 5 2 23 16 3 4 26 14 46 41 20 12 10 39 43 32 8 33 48 38 15 40 37 9 11 21 0 6 17 35 49 42 30 31 24 47 25 19 29 27 1 22 44 28 34 13 45 
Coste: 52555
dlb:    00000000010001000000000010000100000100011011111000



ITERACION 48
Solucion:    18 7 36 5 2 23 16 3 4 26 14 46 41 20 12 10 39 43 32 8 33 48 38 15 40 37 9 11 21 0 6 17 35 49 42 30 31 24 47 25 19 29 27 1 22 44 28 34 13 45 
Coste: 52555
dlb:    00000000010001000000000010000100000100011011111010



ITERACION 49
Solucion:    18 7 36 5 2 23 16 3 4 26 14 46 41 20 12 10 39 43 32 8 33 48 38 15 40 37 9 11 21 0 6 17 35 49 42 30 31 24 47 25 19 29 27 1 22 44 28 34 13 45 
Coste: 52555
dlb:    00000000010001000000000010000100000100011011111011



ITERACION 50
Solucion:    18 7 36 5 2 23 16 3 4 26 14 46 41 20 12 10 39 43 32 8 33 48 38 15 40 37 9 11 21 0 6 17 35 49 42 30 31 24 47 25 19 29 27 1 22 44 28 34 13 45 
Coste: 52555
dlb:    10000000010001000000000010000100000100011011111011



ITERACION 51
Solucion:    18 7 36 5 2 23 16 3 4 26 14 46 41 20 12 10 39 43 32 8 33 48 38 15 40 37 9 11 21 0 6 17 35 49 42 30 31 24 47 25 19 29 27 1 22 44 28 34 13 45 
Coste: 52555
dlb:    11000000010001000000000010000100000100011011111011



ITERACION 52
Solucion:    18 7 46 5 2 23 16 3 4 26 14 36 41 20 12 10 39 43 32 8 33 48 38 15 40 37 9 11 21 0 6 17 35 49 42 30 31 24 47 25 19 29 27 1 22 44 28 34 13 45 
Coste: 52553
dlb:    11000000010001000000000010000100000100011011111011



ITERACION 53
Solucion:    18 7 46 5 2 23 16 3 4 26 14 36 41 20 12 10 39 43 32 8 33 48 38 15 40 37 9 11 21 0 6 17 35 49 42 30 31 24 47 25 19 29 27 1 22 44 28 34 13 45 
Coste: 52553
dlb:    11010000010001000000000010000100000100011011111011



ITERACION 54
Solucion:    18 7 46 5 2 23 16 3 4 26 14 36 41 20 12 10 39 43 32 8 33 48 38 15 40 37 9 11 21 0 6 17 35 49 42 30 31 24 47 25 19 29 27 1 22 44 28 34 13 45 
Coste: 52553
dlb:    11011000010001000000000010000100000100011011111011



ITERACION 55
Solucion:    18 7 46 5 2 16 23 3 4 26 14 36 41 20 12 10 39 43 32 8 33 48 38 15 40 37 9 11 21 0 6 17 35 49 42 30 31 24 47 25 19 29 27 1 22 44 28 34 13 45 
Coste: 52531
dlb:    11011000010001000000000010000100000100011011111011



ITERACION 56
Solucion:    18 7 46 5 2 16 23 3 4 26 14 36 41 20 12 10 39 43 32 8 33 48 38 15 40 37 9 11 21 0 6 17 35 49 42 30 31 24 47 25 19 29 27 1 22 44 28 34 13 45 
Coste: 52531
dlb:    11011010010001000000000010000100000100011011111011



ITERACION 57
Solucion:    18 7 46 5 2 16 23 39 4 26 14 36 41 20 12 10 3 43 32 8 33 48 38 15 40 37 9 11 21 0 6 17 35 49 42 30 31 24 47 25 19 29 27 1 22 44 28 34 13 45 
Coste: 52519
dlb:    11011010010001000000000010000100000100011011111011



ITERACION 58
Solucion:    18 7 46 5 2 16 23 39 32 26 14 36 41 20 12 10 3 43 4 8 33 48 38 15 40 37 9 11 21 0 6 17 35 49 42 30 31 24 47 25 19 29 27 1 22 44 28 34 13 45 
Coste: 52509
dlb:    11011010010001000000000010000100000100011011111011



ITERACION 59
Solucion:    18 7 46 5 2 16 23 39 32 26 14 36 41 20 12 10 3 43 4 8 33 48 38 15 40 37 9 11 21 0 6 17 35 49 42 30 31 24 47 25 19 29 27 1 22 44 28 34 13 45 
Coste: 52509
dlb:    11011010010001000000000010000100000100011011111011



ITERACION 60
Solucion:    18 7 46 5 2 16 23 39 32 26 14 36 41 20 12 10 3 43 4 8 33 48 38 15 40 37 9 11 21 0 6 17 35 49 42 30 31 24 47 25 19 29 27 1 22 44 28 34 13 45 
Coste: 52509
dlb:    11011010011001000000000010000100000100011011111011



ITERACION 61
Solucion:    18 7 46 5 2 16 23 39 32 26 14 41 36 20 12 10 3 43 4 8 33 48 38 15 40 37 9 11 21 0 6 17 35 49 42 30 31 24 47 25 19 29 27 1 22 44 28 34 13 45 
Coste: 52498
dlb:    11011010011001000000000010000100000100011011111011



ITERACION 62
Solucion:    18 7 46 5 2 16 23 39 32 26 14 41 36 20 12 10 3 43 4 8 33 48 38 15 40 37 9 11 21 0 6 17 35 49 42 30 31 24 47 25 19 29 27 1 22 44 28 34 13 45 
Coste: 52498
dlb:    11011010011011000000000010000100000100011011111011



ITERACION 63
Solucion:    18 7 46 5 2 16 23 39 32 26 14 41 36 20 12 10 3 43 4 8 33 48 38 15 40 37 9 11 21 0 6 17 35 49 42 30 31 24 47 25 19 29 27 1 22 44 28 34 13 45 
Coste: 52498
dlb:    11011010011011000000000010000100000100011011111011



ITERACION 64
Solucion:    18 7 46 5 12 2 23 39 32 26 14 41 36 16 10 20 3 43 4 8 33 48 38 15 40 37 9 11 21 0 6 17 35 49 42 30 31 24 47 25 19 29 27 1 22 44 28 34 13 45 
Coste: 52464
dlb:    11010010011010000000000010000100000100011011111011



ITERACION 65
Solucion:    18 7 46 5 12 2 23 39 32 26 14 41 36 16 10 20 3 43 4 8 33 48 38 15 40 37 9 11 21 0 6 17 35 49 42 30 31 24 47 25 19 29 27 1 22 44 28 34 13 45 
Coste: 52464
dlb:    11010010011010010000000010000100000100011011111011



ITERACION 66
Solucion:    18 7 46 5 12 2 23 39 32 26 14 41 36 16 10 20 3 43 4 8 33 48 38 15 40 37 9 11 21 0 6 17 35 49 42 30 31 24 47 25 19 29 27 1 22 44 28 34 13 45 
Coste: 52464
dlb:    11010010011010011000000010000100000100011011111011



ITERACION 67
Solucion:    18 7 46 5 12 2 23 39 32 26 14 41 36 16 10 20 3 43 4 8 33 48 38 15 40 37 9 11 21 0 6 17 35 49 42 30 31 24 47 25 19 29 27 1 22 44 28 34 13 45 
Coste: 52464
dlb:    11010010011010011100000010000100000100011011111011



ITERACION 68
Solucion:    18 7 46 5 12 2 23 39 32 26 14 41 36 16 10 20 3 43 4 8 33 48 38 15 40 37 9 11 21 0 6 17 35 49 42 30 31 24 47 25 19 29 27 1 22 44 28 34 13 45 
Coste: 52464
dlb:    11010010011010011110000010000100000100011011111011



ITERACION 69
Solucion:    18 7 46 5 12 2 23 39 32 26 14 41 36 16 10 20 3 43 4 21 33 48 38 15 40 37 9 11 8 0 6 17 35 49 42 30 31 24 47 25 19 29 27 1 22 44 28 34 13 45 
Coste: 52458
dlb:    11010010011010011110000010000100000100011011111011



ITERACION 70
Solucion:    18 7 46 5 12 2 23 39 32 26 14 41 36 16 10 20 3 43 4 21 33 48 38 15 40 37 9 11 8 0 6 17 35 49 42 30 31 24 47 25 19 29 27 1 22 44 28 34 13 45 
Coste: 52458
dlb:    11010010011010011110100010000100000100011011111011



ITERACION 71
Solucion:    18 7 46 5 12 2 23 39 32 26 14 41 36 16 10 20 3 43 4 21 33 48 38 15 40 37 9 11 8 0 6 17 35 49 42 30 31 24 47 25 19 29 27 1 22 44 28 34 13 45 
Coste: 52458
dlb:    11010010011010011110110010000100000100011011111011



ITERACION 72
Solucion:    18 7 46 5 12 2 23 39 32 26 14 41 36 16 10 20 3 43 4 21 33 48 38 15 40 37 9 11 8 0 6 17 35 49 42 30 31 24 47 25 19 29 27 1 22 44 28 34 13 45 
Coste: 52458
dlb:    11010010011010011110111010000100000100011011111011



ITERACION 73
Solucion:    18 7 46 5 12 2 23 39 32 26 14 41 36 16 15 20 3 43 4 21 33 48 38 49 40 37 9 11 8 0 6 17 35 10 42 30 31 24 47 25 19 29 27 1 22 44 28 34 13 45 
Coste: 52447
dlb:    11010010011010011110111010000100000100011011111011



ITERACION 74
Solucion:    18 7 46 5 12 2 23 39 32 26 14 41 36 16 15 20 3 43 4 21 33 48 38 49 40 37 9 11 8 0 6 17 35 10 42 30 31 24 47 25 19 29 27 1 22 44 28 34 13 45 
Coste: 52447
dlb:    11010010011010011110111010000100000100011011111011



ITERACION 75
Solucion:    18 7 46 5 12 2 23 39 32 26 14 41 36 16 15 20 3 43 4 21 33 48 38 49 40 37 9 11 8 0 6 17 35 10 42 30 31 24 47 25 19 29 27 1 22 44 28 34 13 45 
Coste: 52447
dlb:    11010010011010011110111011000100000100011011111011



ITERACION 76
Solucion:    18 7 46 5 12 2 23 39 32 26 14 41 36 16 15 20 3 43 4 21 33 48 38 49 40 37 9 11 8 0 6 17 35 10 42 30 31 24 47 25 19 29 27 1 22 44 28 34 13 45 
Coste: 52447
dlb:    11010010011010011110111011100100000100011011111011



ITERACION 77
Solucion:    18 7 46 5 12 2 23 39 32 26 14 41 36 16 15 20 3 43 4 21 33 48 38 49 40 37 9 11 8 0 6 17 35 10 42 30 31 24 47 25 19 29 27 1 22 44 28 34 13 45 
Coste: 52447
dlb:    11010010011010011110111011110100000100011011111011



ITERACION 78
Solucion:    18 7 46 5 12 2 23 39 32 26 14 41 36 16 15 20 3 43 4 21 33 48 38 49 40 37 9 11 8 0 6 17 35 10 42 30 31 24 47 25 19 29 27 1 22 44 28 34 13 45 
Coste: 52447
dlb:    11010010011010011110111011111100000100011011111011



ITERACION 79
Solucion:    18 7 46 5 12 2 23 39 32 26 14 41 36 16 15 20 3 43 4 21 33 48 38 49 40 37 9 11 8 0 6 17 35 10 42 30 31 24 47 25 19 29 27 1 22 44 28 34 13 45 
Coste: 52447
dlb:    11010010011010011110111011111100000100011011111011



ITERACION 80
Solucion:    18 7 46 5 12 2 23 39 32 26 14 41 36 16 15 20 3 43 4 21 33 48 38 49 40 37 9 11 8 0 6 17 35 10 42 30 31 24 47 25 19 29 27 1 22 44 28 34 13 45 
Coste: 52447
dlb:    11010010011010011110111011111110000100011011111011



ITERACION 81
Solucion:    18 7 46 5 12 2 23 39 32 26 14 41 36 16 15 20 3 43 4 21 33 48 38 49 40 37 9 11 8 0 6 17 35 10 42 30 31 24 47 25 19 29 27 1 22 44 28 34 13 45 
Coste: 52447
dlb:    11010010011010011110111011111111000100011011111011



ITERACION 82
Solucion:    18 7 46 5 12 2 23 39 32 26 14 41 36 16 15 20 3 43 4 21 33 48 38 49 40 37 9 11 8 0 6 17 10 35 42 30 31 24 47 25 19 29 27 1 22 44 28 34 13 45 
Coste: 52443
dlb:    11010010011010011110111011111111000100011011111011



ITERACION 83
Solucion:    18 7 46 5 12 2 23 39 32 26 14 41 36 16 15 20 3 43 4 21 33 48 38 49 40 37 9 11 8 0 6 17 10 35 42 30 31 24 47 25 19 29 27 1 22 44 28 34 13 45 
Coste: 52443
dlb:    11010010011010011110111011111111010100011011111011



ITERACION 84
Solucion:    18 7 46 5 12 2 23 39 32 26 14 41 36 16 15 20 3 43 4 21 33 48 38 49 40 37 9 11 8 0 6 17 10 35 42 30 31 24 47 25 19 29 27 1 22 44 28 34 13 45 
Coste: 52443
dlb:    11010010011010011110111011111111011100011011111011



ITERACION 85
Solucion:    18 7 46 5 12 2 23 39 32 26 14 41 36 16 15 20 3 43 4 21 33 48 38 49 40 37 9 11 8 0 6 17 10 35 42 30 31 24 47 25 19 29 27 1 22 44 28 34 13 45 
Coste: 52443
dlb:    11010010011010011110111011111111011100011011111011



ITERACION 86
Solucion:    18 7 46 5 12 2 23 39 32 26 14 41 36 16 15 20 3 43 4 21 33 48 38 49 40 37 9 11 8 0 6 17 10 35 42 30 31 24 47 25 19 29 27 1 22 44 28 34 13 45 
Coste: 52443
dlb:    11010010011010011110111011111111011110011011111011



ITERACION 87
Solucion:    18 7 46 5 12 2 23 39 32 26 14 41 36 16 15 20 3 43 4 21 33 48 38 49 40 37 9 11 8 0 6 17 10 35 42 30 31 24 47 25 19 29 27 1 22 44 28 34 13 45 
Coste: 52443
dlb:    11010010011010011110111011111111011111011011111011



ITERACION 88
Solucion:    18 7 46 5 12 2 23 39 32 26 14 41 36 16 15 20 3 43 4 21 33 48 38 49 40 37 9 11 8 0 6 17 10 35 42 30 31 24 47 25 19 29 27 1 22 44 28 34 13 45 
Coste: 52443
dlb:    11010010011010011110111011111111011111111011111011



ITERACION 89
Solucion:    18 7 46 5 12 2 23 39 32 26 14 41 36 16 15 20 3 43 4 21 33 48 38 49 40 37 9 11 8 0 6 17 10 35 42 30 31 24 47 25 19 29 27 1 22 44 28 34 13 45 
Coste: 52443
dlb:    11010010011010011110111011111111011111111011111011



ITERACION 90
Solucion:    18 7 46 5 12 2 23 39 32 26 14 41 36 16 15 20 3 43 4 21 33 48 38 49 40 37 9 11 8 0 6 17 10 35 42 30 31 24 47 25 19 29 27 1 22 44 28 34 13 45 
Coste: 52443
dlb:    11010010011010011110111011111111011111111011111011



ITERACION 91
Solucion:    18 7 46 5 12 2 23 39 32 26 14 41 36 16 15 20 3 43 4 21 33 48 38 49 40 37 9 11 8 0 6 17 10 35 42 30 31 24 47 25 19 29 27 1 22 44 28 34 13 45 
Coste: 52443
dlb:    11010010011010011110111011111111011111111111111011



ITERACION 92
Solucion:    18 7 46 5 12 2 23 39 32 26 14 41 36 16 15 20 3 43 4 21 33 48 38 49 40 37 9 11 8 0 6 17 10 35 42 30 31 24 47 25 19 29 27 1 22 44 28 34 13 45 
Coste: 52443
dlb:    11010010011010011110111011111111011111111111111011



ITERACION 93
Solucion:    18 7 46 5 12 2 23 39 32 26 14 41 36 16 15 20 3 43 4 21 33 48 38 49 40 37 9 11 8 0 6 17 10 35 42 30 31 24 47 25 19 29 27 1 22 44 28 34 13 45 
Coste: 52443
dlb:    11010010011010011110111011111111011111111111111011



ITERACION 94
Solucion:    18 7 46 5 12 2 23 39 32 26 14 41 36 16 15 20 3 43 4 21 33 48 38 49 40 37 9 11 8 0 6 17 10 35 42 30 31 24 47 25 19 29 27 1 22 44 28 34 13 45 
Coste: 52443
dlb:    11010010011010011110111011111111011111111111111011



ITERACION 95
Solucion:    18 7 46 5 12 2 23 39 32 26 14 41 36 16 15 20 3 43 4 21 33 48 38 49 40 37 9 11 8 0 6 17 10 35 42 30 31 24 47 25 19 29 27 1 22 44 28 34 13 45 
Coste: 52443
dlb:    11010010011010011110111011111111011111111111111011



ITERACION 96
Solucion:    18 7 46 5 12 2 23 39 32 26 14 41 36 16 15 20 3 43 4 21 33 48 38 49 40 37 9 11 8 0 6 17 10 35 42 30 31 24 47 25 19 29 27 1 22 44 28 34 13 45 
Coste: 52443
dlb:    11010010011010011110111011111111011111111111111011



ITERACION 97
Solucion:    18 7 46 5 12 2 23 39 32 26 14 41 36 16 15 20 3 43 4 21 33 48 38 49 40 37 9 11 8 0 6 17 10 35 42 30 31 24 47 25 19 29 27 1 22 44 28 34 13 45 
Coste: 52443
dlb:    11010010011010011110111011111111011111111111111111



ITERACION 98
Solucion:    18 7 46 5 12 2 23 39 32 26 14 41 36 16 15 20 3 43 4 21 33 48 38 49 40 37 9 11 8 0 6 17 10 35 42 30 31 24 47 25 19 29 27 1 22 44 28 34 13 45 
Coste: 52443
dlb:    11010010011010011110111011111111011111111111111111



ITERACION 99
Solucion:    18 7 46 5 12 2 23 39 32 26 14 41 36 16 15 20 3 43 4 21 33 48 38 49 40 37 9 11 8 0 6 17 10 35 42 30 31 24 47 25 19 29 27 1 22 44 28 34 13 45 
Coste: 52443
dlb:    11010010011010011110111011111111011111111111111111



ITERACION 100
Solucion:    18 7 46 5 12 2 23 39 32 26 14 41 36 16 15 20 3 43 4 21 33 48 38 49 40 37 9 11 8 0 6 17 10 35 42 30 31 24 47 25 19 29 27 1 22 44 28 34 13 45 
Coste: 52443
dlb:    11010010011010011110111011111111011111111111111111



ITERACION 101
Solucion:    18 7 46 5 12 2 23 39 32 26 14 41 36 16 15 20 3 43 4 21 33 48 38 49 40 37 9 11 8 0 6 17 10 35 42 30 31 24 47 25 19 29 27 1 22 44 28 34 13 45 
Coste: 52443
dlb:    11010010011010011110111011111111011111111111111111



ITERACION 102
Solucion:    18 46 7 5 12 2 23 39 32 26 14 41 36 16 15 20 3 43 4 21 33 48 38 49 40 37 9 11 8 0 6 17 10 35 42 30 31 24 47 25 19 29 27 1 22 44 28 34 13 45 
Coste: 52441
dlb:    10010010011010011110111011111111011111111111111111



ITERACION 103
Solucion:    18 46 7 5 12 2 23 39 32 26 14 41 36 16 15 20 3 43 4 21 33 48 38 49 40 37 9 11 8 0 6 17 10 35 42 30 31 24 47 25 19 29 27 1 22 44 28 34 13 45 
Coste: 52441
dlb:    10010010011010011110111011111111011111111111111111



ITERACION 104
Solucion:    18 46 7 5 12 2 23 39 32 26 14 41 36 16 15 20 3 43 4 21 33 48 38 49 40 37 9 11 8 0 6 17 10 35 42 30 31 24 47 25 19 29 27 1 22 44 28 34 13 45 
Coste: 52441
dlb:    10011010011010011110111011111111011111111111111111



ITERACION 105
Solucion:    18 46 7 5 12 15 23 39 32 26 14 41 36 16 2 20 3 43 4 21 33 48 38 49 40 37 9 11 8 0 6 17 10 35 42 30 31 24 47 25 19 29 27 1 22 44 28 34 13 45 
Coste: 52437
dlb:    10011010011010011110111011111111011111111111111111



ITERACION 106
Solucion:    18 46 7 5 12 15 23 39 32 26 14 41 36 16 2 20 3 43 4 21 33 48 38 49 40 37 9 11 8 0 6 17 10 35 42 30 31 24 47 25 19 29 27 1 22 44 28 34 13 45 
Coste: 52437
dlb:    10011010011010011110111011111111011111111111111111



ITERACION 107
Solucion:    18 46 7 5 12 15 23 39 32 26 14 41 36 16 2 20 3 43 4 21 33 48 38 49 40 37 9 11 8 0 6 17 10 35 42 30 31 24 47 25 19 29 27 1 22 44 28 34 13 45 
Coste: 52437
dlb:    10011011011010011110111011111111011111111111111111



ITERACION 108
Solucion:    18 46 7 5 12 15 23 39 32 26 14 41 36 16 2 20 3 43 4 21 33 48 38 49 40 37 9 11 8 0 6 17 10 35 42 30 31 24 47 25 19 29 27 1 22 44 28 34 13 45 
Coste: 52437
dlb:    10011011111010011110111011111111011111111111111111



ITERACION 109
Solucion:    18 46 7 5 12 15 23 39 32 26 14 41 36 16 2 20 3 43 4 21 33 48 38 49 40 37 9 11 8 0 6 17 10 35 42 30 31 24 47 25 19 29 27 1 22 44 28 34 13 45 
Coste: 52437
dlb:    10011011111010011110111011111111011111111111111111



ITERACION 110
Solucion:    18 46 7 5 12 15 23 39 32 26 14 41 36 16 2 20 3 43 4 21 33 48 38 49 40 37 9 11 8 0 6 17 10 35 42 30 31 24 47 25 19 29 27 1 22 44 28 34 13 45 
Coste: 52437
dlb:    10011011111010011110111011111111011111111111111111



ITERACION 111
Solucion:    18 46 7 5 12 15 23 39 32 26 14 41 36 16 2 20 3 43 4 21 33 48 38 49 40 37 9 11 8 0 6 17 10 35 42 30 31 24 47 25 19 29 27 1 22 44 28 34 13 45 
Coste: 52437
dlb:    10011011111110011110111011111111011111111111111111



ITERACION 112
Solucion:    18 46 7 5 12 15 23 39 32 26 14 41 36 16 2 20 3 43 4 21 33 48 38 49 40 37 9 11 8 0 6 17 10 35 42 30 31 24 47 25 19 29 27 1 22 44 28 34 13 45 
Coste: 52437
dlb:    10011011111110011110111011111111011111111111111111



ITERACION 113
Solucion:    18 46 7 5 12 15 23 39 32 26 14 41 36 16 2 20 3 43 4 21 33 48 38 49 40 37 9 11 8 0 6 17 10 35 42 30 31 24 47 25 19 29 27 1 22 44 28 34 13 45 
Coste: 52437
dlb:    10011011111111011110111011111111011111111111111111



ITERACION 114
Solucion:    18 46 7 5 12 15 23 39 32 26 14 41 36 16 2 20 3 43 4 21 33 48 38 49 40 37 9 11 8 0 6 17 10 35 42 30 31 24 47 25 19 29 27 1 22 44 28 34 13 45 
Coste: 52437
dlb:    10011011111111111110111011111111011111111111111111



ITERACION 115
Solucion:    18 46 7 5 12 15 23 39 32 26 14 41 36 16 2 20 3 43 4 21 33 48 38 49 40 37 9 11 8 0 6 17 10 35 42 30 31 24 47 25 19 29 27 1 22 44 28 34 13 45 
Coste: 52437
dlb:    10011011111111111110111011111111011111111111111111



ITERACION 116
Solucion:    18 46 7 5 12 15 23 39 32 26 14 41 36 16 2 20 3 43 4 21 33 48 38 49 40 37 9 11 8 0 6 17 10 35 42 30 31 24 47 25 19 29 27 1 22 44 28 34 13 45 
Coste: 52437
dlb:    10011011111111111110111011111111011111111111111111



ITERACION 117
Solucion:    18 46 7 5 12 15 23 39 32 26 14 41 36 16 2 20 3 43 4 21 33 48 38 49 40 37 9 11 8 0 6 17 10 35 42 30 31 24 47 25 19 29 27 1 22 44 28 34 13 45 
Coste: 52437
dlb:    10011011111111111110111011111111011111111111111111



ITERACION 118
Solucion:    18 46 7 5 12 15 23 39 32 26 14 41 36 16 2 20 3 43 4 21 33 48 38 49 40 37 9 11 8 0 6 17 10 35 42 30 31 24 47 25 19 29 27 1 22 44 28 34 13 45 
Coste: 52437
dlb:    10011011111111111110111011111111011111111111111111



ITERACION 119
Solucion:    18 46 7 5 12 15 23 39 32 26 14 41 36 16 2 20 3 43 4 21 33 48 38 49 40 37 9 11 8 0 6 17 10 35 42 30 31 24 47 25 19 29 27 1 22 44 28 34 13 45 
Coste: 52437
dlb:    10011011111111111111111011111111011111111111111111



ITERACION 120
Solucion:    18 46 7 5 12 15 23 39 32 26 14 41 36 16 2 20 3 43 4 21 33 48 38 49 40 37 9 11 8 0 6 17 10 35 42 30 31 24 47 25 19 29 27 1 22 44 28 34 13 45 
Coste: 52437
dlb:    10011011111111111111111011111111011111111111111111



ITERACION 121
Solucion:    18 46 7 5 12 15 23 39 32 26 14 41 36 16 2 20 3 43 4 21 33 48 38 49 40 37 9 11 8 0 6 17 10 35 42 30 31 24 47 25 19 29 27 1 22 44 28 34 13 45 
Coste: 52437
dlb:    10011011111111111111111011111111011111111111111111



ITERACION 122
Solucion:    18 46 7 5 12 15 23 39 32 26 14 41 36 16 2 20 3 43 4 21 33 48 38 49 40 37 9 11 8 0 6 17 10 35 42 30 31 24 47 25 19 29 27 1 22 44 28 34 13 45 
Coste: 52437
dlb:    10011011111111111111111011111111011111111111111111



ITERACION 123
Solucion:    18 46 7 5 12 15 23 39 32 26 14 41 36 16 2 20 3 43 4 21 33 48 38 49 40 37 9 11 8 0 6 17 10 35 42 30 31 24 47 25 19 29 27 1 22 44 28 34 13 45 
Coste: 52437
dlb:    10011011111111111111111111111111011111111111111111



ITERACION 124
Solucion:    18 46 7 5 12 15 23 39 32 26 14 41 36 16 2 20 3 43 4 21 33 48 38 49 40 37 9 11 8 0 6 17 10 35 42 30 31 24 47 25 19 29 27 1 22 44 28 34 13 45 
Coste: 52437
dlb:    10011011111111111111111111111111011111111111111111



ITERACION 125
Solucion:    18 46 7 5 12 15 23 39 32 26 14 41 36 16 2 20 3 43 4 21 33 48 38 49 40 37 9 11 8 0 6 17 10 35 42 30 31 24 47 25 19 29 27 1 22 44 28 34 13 45 
Coste: 52437
dlb:    10011011111111111111111111111111011111111111111111



ITERACION 126
Solucion:    18 46 7 5 12 15 23 39 32 26 14 41 36 16 2 20 3 43 4 21 33 48 38 49 40 37 9 11 8 0 6 17 10 35 42 30 31 24 47 25 19 29 27 1 22 44 28 34 13 45 
Coste: 52437
dlb:    10011011111111111111111111111111011111111111111111



ITERACION 127
Solucion:    18 46 7 5 12 15 23 39 32 26 14 41 36 16 2 20 3 43 4 21 33 48 38 49 40 37 9 11 8 0 6 17 10 35 42 30 31 24 47 25 19 29 27 1 22 44 28 34 13 45 
Coste: 52437
dlb:    10011011111111111111111111111111011111111111111111



ITERACION 128
Solucion:    18 46 7 5 12 15 23 39 32 26 14 41 36 16 2 20 3 43 4 21 33 48 38 49 40 37 9 11 8 0 6 17 10 35 42 30 31 24 47 25 19 29 27 1 22 44 28 34 13 45 
Coste: 52437
dlb:    10011011111111111111111111111111011111111111111111



ITERACION 129
Solucion:    18 46 7 5 12 15 23 39 32 26 14 41 36 16 2 20 3 43 4 21 33 48 38 49 40 37 9 11 8 0 6 17 10 35 42 30 31 24 47 25 19 29 27 1 22 44 28 34 13 45 
Coste: 52437
dlb:    10011011111111111111111111111111011111111111111111



ITERACION 130
Solucion:    18 46 7 5 12 15 23 39 32 26 14 41 36 16 2 20 3 43 4 21 33 48 38 49 40 37 9 11 8 0 6 17 10 35 42 30 31 24 47 25 19 29 27 1 22 44 28 34 13 45 
Coste: 52437
dlb:    10011011111111111111111111111111011111111111111111



ITERACION 131
Solucion:    18 46 7 5 12 15 23 39 32 26 14 41 36 16 2 20 3 43 4 21 33 48 38 49 40 37 9 11 8 0 6 17 10 35 42 30 31 24 47 25 19 29 27 1 22 44 28 34 13 45 
Coste: 52437
dlb:    10011011111111111111111111111111011111111111111111



ITERACION 132
Solucion:    18 46 7 5 12 15 23 39 32 26 14 41 36 16 2 20 3 43 4 21 33 48 38 49 40 37 9 11 8 0 6 17 10 35 42 30 31 24 47 25 19 29 27 1 22 44 28 34 13 45 
Coste: 52437
dlb:    10011011111111111111111111111111111111111111111111



ITERACION 133
Solucion:    18 46 7 5 12 15 23 39 32 26 14 41 36 16 2 20 3 43 4 21 33 48 38 49 40 37 9 11 8 0 6 17 10 35 42 30 31 24 47 25 19 29 27 1 22 44 28 34 13 45 
Coste: 52437
dlb:    10011011111111111111111111111111111111111111111111



ITERACION 134
Solucion:    18 46 7 5 12 15 23 39 32 26 14 41 36 16 2 20 3 43 4 21 33 48 38 49 40 37 9 11 8 0 6 17 10 35 42 30 31 24 47 25 19 29 27 1 22 44 28 34 13 45 
Coste: 52437
dlb:    10011011111111111111111111111111111111111111111111



ITERACION 135
Solucion:    18 46 7 5 12 15 23 39 32 26 14 41 36 16 2 20 3 43 4 21 33 48 38 49 40 37 9 11 8 0 6 17 10 35 42 30 31 24 47 25 19 29 27 1 22 44 28 34 13 45 
Coste: 52437
dlb:    10011011111111111111111111111111111111111111111111



ITERACION 136
Solucion:    18 46 7 5 12 15 23 39 32 26 14 41 36 16 2 20 3 43 4 21 33 48 38 49 40 37 9 11 8 0 6 17 10 35 42 30 31 24 47 25 19 29 27 1 22 44 28 34 13 45 
Coste: 52437
dlb:    10011011111111111111111111111111111111111111111111



ITERACION 137
Solucion:    18 46 7 5 12 15 23 39 32 26 14 41 36 16 2 20 3 43 4 21 33 48 38 49 40 37 9 11 8 0 6 17 10 35 42 30 31 24 47 25 19 29 27 1 22 44 28 34 13 45 
Coste: 52437
dlb:    10011011111111111111111111111111111111111111111111



ITERACION 138
Solucion:    18 46 7 5 12 15 23 39 32 26 14 41 36 16 2 20 3 43 4 21 33 48 38 49 40 37 9 11 8 0 6 17 10 35 42 30 31 24 47 25 19 29 27 1 22 44 28 34 13 45 
Coste: 52437
dlb:    10011011111111111111111111111111111111111111111111



ITERACION 139
Solucion:    18 46 7 5 12 15 23 39 32 26 14 41 36 16 2 20 3 43 4 21 33 48 38 49 40 37 9 11 8 0 6 17 10 35 42 30 31 24 47 25 19 29 27 1 22 44 28 34 13 45 
Coste: 52437
dlb:    10011011111111111111111111111111111111111111111111



ITERACION 140
Solucion:    18 46 7 5 12 15 23 39 32 26 14 41 36 16 2 20 3 43 4 21 33 48 38 49 40 37 9 11 8 0 6 17 10 35 42 30 31 24 47 25 19 29 27 1 22 44 28 34 13 45 
Coste: 52437
dlb:    10011011111111111111111111111111111111111111111111



ITERACION 141
Solucion:    18 46 7 5 12 15 23 39 32 26 14 41 36 16 2 20 3 43 4 21 33 48 38 49 40 37 9 11 8 0 6 17 10 35 42 30 31 24 47 25 19 29 27 1 22 44 28 34 13 45 
Coste: 52437
dlb:    10011011111111111111111111111111111111111111111111



ITERACION 142
Solucion:    18 46 7 5 12 15 23 39 32 26 14 41 36 16 2 20 3 43 4 21 33 48 38 49 40 37 9 11 8 0 6 17 10 35 42 30 31 24 47 25 19 29 27 1 22 44 28 34 13 45 
Coste: 52437
dlb:    10011011111111111111111111111111111111111111111111



ITERACION 143
Solucion:    18 46 7 5 12 15 23 39 32 26 14 41 36 16 2 20 3 43 4 21 33 48 38 49 40 37 9 11 8 0 6 17 10 35 42 30 31 24 47 25 19 29 27 1 22 44 28 34 13 45 
Coste: 52437
dlb:    10011011111111111111111111111111111111111111111111



ITERACION 144
Solucion:    18 46 7 5 12 15 23 39 32 26 14 41 36 16 2 20 3 43 4 21 33 48 38 49 40 37 9 11 8 0 6 17 10 35 42 30 31 24 47 25 19 29 27 1 22 44 28 34 13 45 
Coste: 52437
dlb:    10011011111111111111111111111111111111111111111111



ITERACION 145
Solucion:    18 46 7 5 12 15 23 39 32 26 14 41 36 16 2 20 3 43 4 21 33 48 38 49 40 37 9 11 8 0 6 17 10 35 42 30 31 24 47 25 19 29 27 1 22 44 28 34 13 45 
Coste: 52437
dlb:    10011011111111111111111111111111111111111111111111



ITERACION 146
Solucion:    18 46 7 5 12 15 23 39 32 26 14 41 36 16 2 20 3 43 4 21 33 48 38 49 40 37 9 11 8 0 6 17 10 35 42 30 31 24 47 25 19 29 27 1 22 44 28 34 13 45 
Coste: 52437
dlb:    10011011111111111111111111111111111111111111111111



ITERACION 147
Solucion:    18 46 7 5 12 15 23 39 32 26 14 41 36 16 2 20 3 43 4 21 33 48 38 49 40 37 9 11 8 0 6 17 10 35 42 30 31 24 47 25 19 29 27 1 22 44 28 34 13 45 
Coste: 52437
dlb:    10011011111111111111111111111111111111111111111111



ITERACION 148
Solucion:    18 46 7 5 12 15 23 39 32 26 14 41 36 16 2 20 3 43 4 21 33 48 38 49 40 37 9 11 8 0 6 17 10 35 42 30 31 24 47 25 19 29 27 1 22 44 28 34 13 45 
Coste: 52437
dlb:    10011011111111111111111111111111111111111111111111



ITERACION 149
Solucion:    18 46 7 5 12 15 23 39 32 26 14 41 36 16 2 20 3 43 4 21 33 48 38 49 40 37 9 11 8 0 6 17 10 35 42 30 31 24 47 25 19 29 27 1 22 44 28 34 13 45 
Coste: 52437
dlb:    10011011111111111111111111111111111111111111111111



ITERACION 150
Solucion:    18 46 7 5 12 15 23 39 32 26 14 41 36 16 2 20 3 43 4 21 33 48 38 49 40 37 9 11 8 0 6 17 10 35 42 30 31 24 47 25 19 29 27 1 22 44 28 34 13 45 
Coste: 52437
dlb:    10011011111111111111111111111111111111111111111111



ITERACION 151
Solucion:    18 46 7 5 12 15 23 39 32 26 14 41 36 16 2 20 3 43 4 21 33 48 38 49 40 37 9 11 8 0 6 17 10 35 42 30 31 24 47 25 19 29 27 1 22 44 28 34 13 45 
Coste: 52437
dlb:    11011011111111111111111111111111111111111111111111



ITERACION 152
Solucion:    18 46 7 5 12 15 23 39 32 26 14 41 36 16 2 20 3 43 4 21 33 48 38 49 40 37 9 11 8 0 6 17 10 35 42 30 31 24 47 25 19 29 27 1 22 44 28 34 13 45 
Coste: 52437
dlb:    11111011111111111111111111111111111111111111111111



ITERACION 153
Solucion:    18 46 7 5 12 15 23 39 32 26 14 41 36 16 2 20 3 43 4 21 33 48 38 49 40 37 9 11 8 0 6 17 10 35 42 30 31 24 47 25 19 29 27 1 22 44 28 34 13 45 
Coste: 52437
dlb:    11111011111111111111111111111111111111111111111111



ITERACION 154
Solucion:    18 46 7 5 12 15 23 39 32 26 14 41 36 16 2 20 3 43 4 21 33 48 38 49 40 37 9 11 8 0 6 17 10 35 42 30 31 24 47 25 19 29 27 1 22 44 28 34 13 45 
Coste: 52437
dlb:    11111011111111111111111111111111111111111111111111



ITERACION 155
Solucion:    18 46 7 5 12 15 23 39 32 26 14 41 36 16 2 20 3 43 4 21 33 48 38 49 40 37 9 11 8 0 6 17 10 35 42 30 31 24 47 25 19 29 27 1 22 44 28 34 13 45 
Coste: 52437
dlb:    11111111111111111111111111111111111111111111111111



ITERACION 156
Solucion:    18 46 7 5 12 15 23 39 32 26 14 41 36 16 2 20 3 43 4 21 33 48 38 49 40 37 9 11 8 0 6 17 10 35 42 30 31 24 47 25 19 29 27 1 22 44 28 34 13 45 
Coste: 52437
dlb:    11111111111111111111111111111111111111111111111111



ITERACION 157
Solucion:    18 46 7 5 12 15 23 39 32 26 14 41 36 16 2 20 3 43 4 21 33 48 38 49 40 37 9 11 8 0 6 17 10 35 42 30 31 24 47 25 19 29 27 1 22 44 28 34 13 45 
Coste: 52437
dlb:    11111111111111111111111111111111111111111111111111



ITERACION 158
Solucion:    18 46 7 5 12 15 23 39 32 26 14 41 36 16 2 20 3 43 4 21 33 48 38 49 40 37 9 11 8 0 6 17 10 35 42 30 31 24 47 25 19 29 27 1 22 44 28 34 13 45 
Coste: 52437
dlb:    11111111111111111111111111111111111111111111111111



ITERACION 159
Solucion:    18 46 7 5 12 15 23 39 32 26 14 41 36 16 2 20 3 43 4 21 33 48 38 49 40 37 9 11 8 0 6 17 10 35 42 30 31 24 47 25 19 29 27 1 22 44 28 34 13 45 
Coste: 52437
dlb:    11111111111111111111111111111111111111111111111111



ITERACION 160
Solucion:    18 46 7 5 12 15 23 39 32 26 14 41 36 16 2 20 3 43 4 21 33 48 38 49 40 37 9 11 8 0 6 17 10 35 42 30 31 24 47 25 19 29 27 1 22 44 28 34 13 45 
Coste: 52437
dlb:    11111111111111111111111111111111111111111111111111



ITERACION 161
Solucion:    18 46 7 5 12 15 23 39 32 26 14 41 36 16 2 20 3 43 4 21 33 48 38 49 40 37 9 11 8 0 6 17 10 35 42 30 31 24 47 25 19 29 27 1 22 44 28 34 13 45 
Coste: 52437
dlb:    11111111111111111111111111111111111111111111111111



ITERACION 162
Solucion:    18 46 7 5 12 15 23 39 32 26 14 41 36 16 2 20 3 43 4 21 33 48 38 49 40 37 9 11 8 0 6 17 10 35 42 30 31 24 47 25 19 29 27 1 22 44 28 34 13 45 
Coste: 52437
dlb:    11111111111111111111111111111111111111111111111111



ITERACION 163
Solucion:    18 46 7 5 12 15 23 39 32 26 14 41 36 16 2 20 3 43 4 21 33 48 38 49 40 37 9 11 8 0 6 17 10 35 42 30 31 24 47 25 19 29 27 1 22 44 28 34 13 45 
Coste: 52437
dlb:    11111111111111111111111111111111111111111111111111



ITERACION 164
Solucion:    18 46 7 5 12 15 23 39 32 26 14 41 36 16 2 20 3 43 4 21 33 48 38 49 40 37 9 11 8 0 6 17 10 35 42 30 31 24 47 25 19 29 27 1 22 44 28 34 13 45 
Coste: 52437
dlb:    11111111111111111111111111111111111111111111111111



ITERACION 165
Solucion:    18 46 7 5 12 15 23 39 32 26 14 41 36 16 2 20 3 43 4 21 33 48 38 49 40 37 9 11 8 0 6 17 10 35 42 30 31 24 47 25 19 29 27 1 22 44 28 34 13 45 
Coste: 52437
dlb:    11111111111111111111111111111111111111111111111111



ITERACION 166
Solucion:    18 46 7 5 12 15 23 39 32 26 14 41 36 16 2 20 3 43 4 21 33 48 38 49 40 37 9 11 8 0 6 17 10 35 42 30 31 24 47 25 19 29 27 1 22 44 28 34 13 45 
Coste: 52437
dlb:    11111111111111111111111111111111111111111111111111



ITERACION 167
Solucion:    18 46 7 5 12 15 23 39 32 26 14 41 36 16 2 20 3 43 4 21 33 48 38 49 40 37 9 11 8 0 6 17 10 35 42 30 31 24 47 25 19 29 27 1 22 44 28 34 13 45 
Coste: 52437
dlb:    11111111111111111111111111111111111111111111111111



ITERACION 168
Solucion:    18 46 7 5 12 15 23 39 32 26 14 41 36 16 2 20 3 43 4 21 33 48 38 49 40 37 9 11 8 0 6 17 10 35 42 30 31 24 47 25 19 29 27 1 22 44 28 34 13 45 
Coste: 52437
dlb:    11111111111111111111111111111111111111111111111111



ITERACION 169
Solucion:    18 46 7 5 12 15 23 39 32 26 14 41 36 16 2 20 3 43 4 21 33 48 38 49 40 37 9 11 8 0 6 17 10 35 42 30 31 24 47 25 19 29 27 1 22 44 28 34 13 45 
Coste: 52437
dlb:    11111111111111111111111111111111111111111111111111



ITERACION 170
Solucion:    18 46 7 5 12 15 23 39 32 26 14 41 36 16 2 20 3 43 4 21 33 48 38 49 40 37 9 11 8 0 6 17 10 35 42 30 31 24 47 25 19 29 27 1 22 44 28 34 13 45 
Coste: 52437
dlb:    11111111111111111111111111111111111111111111111111



ITERACION 171
Solucion:    18 46 7 5 12 15 23 39 32 26 14 41 36 16 2 20 3 43 4 21 33 48 38 49 40 37 9 11 8 0 6 17 10 35 42 30 31 24 47 25 19 29 27 1 22 44 28 34 13 45 
Coste: 52437
dlb:    11111111111111111111111111111111111111111111111111



ITERACION 172
Solucion:    18 46 7 5 12 15 23 39 32 26 14 41 36 16 2 20 3 43 4 21 33 48 38 49 40 37 9 11 8 0 6 17 10 35 42 30 31 24 47 25 19 29 27 1 22 44 28 34 13 45 
Coste: 52437
dlb:    11111111111111111111111111111111111111111111111111



ITERACION 173
Solucion:    18 46 7 5 12 15 23 39 32 26 14 41 36 16 2 20 3 43 4 21 33 48 38 49 40 37 9 11 8 0 6 17 10 35 42 30 31 24 47 25 19 29 27 1 22 44 28 34 13 45 
Coste: 52437
dlb:    11111111111111111111111111111111111111111111111111



ITERACION 174
Solucion:    18 46 7 5 12 15 23 39 32 26 14 41 36 16 2 20 3 43 4 21 33 48 38 49 40 37 9 11 8 0 6 17 10 35 42 30 31 24 47 25 19 29 27 1 22 44 28 34 13 45 
Coste: 52437
dlb:    11111111111111111111111111111111111111111111111111



ITERACION 175
Solucion:    18 46 7 5 12 15 23 39 32 26 14 41 36 16 2 20 3 43 4 21 33 48 38 49 40 37 9 11 8 0 6 17 10 35 42 30 31 24 47 25 19 29 27 1 22 44 28 34 13 45 
Coste: 52437
dlb:    11111111111111111111111111111111111111111111111111



ITERACION 176
Solucion:    18 46 7 5 12 15 23 39 32 26 14 41 36 16 2 20 3 43 4 21 33 48 38 49 40 37 9 11 8 0 6 17 10 35 42 30 31 24 47 25 19 29 27 1 22 44 28 34 13 45 
Coste: 52437
dlb:    11111111111111111111111111111111111111111111111111



ITERACION 177
Solucion:    18 46 7 5 12 15 23 39 32 26 14 41 36 16 2 20 3 43 4 21 33 48 38 49 40 37 9 11 8 0 6 17 10 35 42 30 31 24 47 25 19 29 27 1 22 44 28 34 13 45 
Coste: 52437
dlb:    11111111111111111111111111111111111111111111111111



ITERACION 178
Solucion:    18 46 7 5 12 15 23 39 32 26 14 41 36 16 2 20 3 43 4 21 33 48 38 49 40 37 9 11 8 0 6 17 10 35 42 30 31 24 47 25 19 29 27 1 22 44 28 34 13 45 
Coste: 52437
dlb:    11111111111111111111111111111111111111111111111111



ITERACION 179
Solucion:    18 46 7 5 12 15 23 39 32 26 14 41 36 16 2 20 3 43 4 21 33 48 38 49 40 37 9 11 8 0 6 17 10 35 42 30 31 24 47 25 19 29 27 1 22 44 28 34 13 45 
Coste: 52437
dlb:    11111111111111111111111111111111111111111111111111



ITERACION 180
Solucion:    18 46 7 5 12 15 23 39 32 26 14 41 36 16 2 20 3 43 4 21 33 48 38 49 40 37 9 11 8 0 6 17 10 35 42 30 31 24 47 25 19 29 27 1 22 44 28 34 13 45 
Coste: 52437
dlb:    11111111111111111111111111111111111111111111111111



ITERACION 181
Solucion:    18 46 7 5 12 15 23 39 32 26 14 41 36 16 2 20 3 43 4 21 33 48 38 49 40 37 9 11 8 0 6 17 10 35 42 30 31 24 47 25 19 29 27 1 22 44 28 34 13 45 
Coste: 52437
dlb:    11111111111111111111111111111111111111111111111111



ITERACION 182
Solucion:    18 46 7 5 12 15 23 39 32 26 14 41 36 16 2 20 3 43 4 21 33 48 38 49 40 37 9 11 8 0 6 17 10 35 42 30 31 24 47 25 19 29 27 1 22 44 28 34 13 45 
Coste: 52437
dlb:    11111111111111111111111111111111111111111111111111



ITERACION 183
Solucion:    18 46 7 5 12 15 23 39 32 26 14 41 36 16 2 20 3 43 4 21 33 48 38 49 40 37 9 11 8 0 6 17 10 35 42 30 31 24 47 25 19 29 27 1 22 44 28 34 13 45 
Coste: 52437
dlb:    11111111111111111111111111111111111111111111111111



ITERACION 184
Solucion:    18 46 7 5 12 15 23 39 32 26 14 41 36 16 2 20 3 43 4 21 33 48 38 49 40 37 9 11 8 0 6 17 10 35 42 30 31 24 47 25 19 29 27 1 22 44 28 34 13 45 
Coste: 52437
dlb:    11111111111111111111111111111111111111111111111111



ITERACION 185
Solucion:    18 46 7 5 12 15 23 39 32 26 14 41 36 16 2 20 3 43 4 21 33 48 38 49 40 37 9 11 8 0 6 17 10 35 42 30 31 24 47 25 19 29 27 1 22 44 28 34 13 45 
Coste: 52437
dlb:    11111111111111111111111111111111111111111111111111



ITERACION 186
Solucion:    18 46 7 5 12 15 23 39 32 26 14 41 36 16 2 20 3 43 4 21 33 48 38 49 40 37 9 11 8 0 6 17 10 35 42 30 31 24 47 25 19 29 27 1 22 44 28 34 13 45 
Coste: 52437
dlb:    11111111111111111111111111111111111111111111111111



ITERACION 187
Solucion:    18 46 7 5 12 15 23 39 32 26 14 41 36 16 2 20 3 43 4 21 33 48 38 49 40 37 9 11 8 0 6 17 10 35 42 30 31 24 47 25 19 29 27 1 22 44 28 34 13 45 
Coste: 52437
dlb:    11111111111111111111111111111111111111111111111111



ITERACION 188
Solucion:    18 46 7 5 12 15 23 39 32 26 14 41 36 16 2 20 3 43 4 21 33 48 38 49 40 37 9 11 8 0 6 17 10 35 42 30 31 24 47 25 19 29 27 1 22 44 28 34 13 45 
Coste: 52437
dlb:    11111111111111111111111111111111111111111111111111



ITERACION 189
Solucion:    18 46 7 5 12 15 23 39 32 26 14 41 36 16 2 20 3 43 4 21 33 48 38 49 40 37 9 11 8 0 6 17 10 35 42 30 31 24 47 25 19 29 27 1 22 44 28 34 13 45 
Coste: 52437
dlb:    11111111111111111111111111111111111111111111111111



ITERACION 190
Solucion:    18 46 7 5 12 15 23 39 32 26 14 41 36 16 2 20 3 43 4 21 33 48 38 49 40 37 9 11 8 0 6 17 10 35 42 30 31 24 47 25 19 29 27 1 22 44 28 34 13 45 
Coste: 52437
dlb:    11111111111111111111111111111111111111111111111111



ITERACION 191
Solucion:    18 46 7 5 12 15 23 39 32 26 14 41 36 16 2 20 3 43 4 21 33 48 38 49 40 37 9 11 8 0 6 17 10 35 42 30 31 24 47 25 19 29 27 1 22 44 28 34 13 45 
Coste: 52437
dlb:    11111111111111111111111111111111111111111111111111



ITERACION 192
Solucion:    18 46 7 5 12 15 23 39 32 26 14 41 36 16 2 20 3 43 4 21 33 48 38 49 40 37 9 11 8 0 6 17 10 35 42 30 31 24 47 25 19 29 27 1 22 44 28 34 13 45 
Coste: 52437
dlb:    11111111111111111111111111111111111111111111111111



ITERACION 193
Solucion:    18 46 7 5 12 15 23 39 32 26 14 41 36 16 2 20 3 43 4 21 33 48 38 49 40 37 9 11 8 0 6 17 10 35 42 30 31 24 47 25 19 29 27 1 22 44 28 34 13 45 
Coste: 52437
dlb:    11111111111111111111111111111111111111111111111111



ITERACION 194
Solucion:    18 46 7 5 12 15 23 39 32 26 14 41 36 16 2 20 3 43 4 21 33 48 38 49 40 37 9 11 8 0 6 17 10 35 42 30 31 24 47 25 19 29 27 1 22 44 28 34 13 45 
Coste: 52437
dlb:    11111111111111111111111111111111111111111111111111



ITERACION 195
Solucion:    18 46 7 5 12 15 23 39 32 26 14 41 36 16 2 20 3 43 4 21 33 48 38 49 40 37 9 11 8 0 6 17 10 35 42 30 31 24 47 25 19 29 27 1 22 44 28 34 13 45 
Coste: 52437
dlb:    11111111111111111111111111111111111111111111111111



ITERACION 196
Solucion:    18 46 7 5 12 15 23 39 32 26 14 41 36 16 2 20 3 43 4 21 33 48 38 49 40 37 9 11 8 0 6 17 10 35 42 30 31 24 47 25 19 29 27 1 22 44 28 34 13 45 
Coste: 52437
dlb:    11111111111111111111111111111111111111111111111111



ITERACION 197
Solucion:    18 46 7 5 12 15 23 39 32 26 14 41 36 16 2 20 3 43 4 21 33 48 38 49 40 37 9 11 8 0 6 17 10 35 42 30 31 24 47 25 19 29 27 1 22 44 28 34 13 45 
Coste: 52437
dlb:    11111111111111111111111111111111111111111111111111



ITERACION 198
Solucion:    18 46 7 5 12 15 23 39 32 26 14 41 36 16 2 20 3 43 4 21 33 48 38 49 40 37 9 11 8 0 6 17 10 35 42 30 31 24 47 25 19 29 27 1 22 44 28 34 13 45 
Coste: 52437
dlb:    11111111111111111111111111111111111111111111111111



ITERACION 199
Solucion:    18 46 7 5 12 15 23 39 32 26 14 41 36 16 2 20 3 43 4 21 33 48 38 49 40 37 9 11 8 0 6 17 10 35 42 30 31 24 47 25 19 29 27 1 22 44 28 34 13 45 
Coste: 52437
dlb:    11111111111111111111111111111111111111111111111111



