ITERACION 0
Solucion:    0 13 9 14 4 8 6 15 5 3 10 18 11 12 1 2 19 17 16 7 
Coste: 7682
dlb:    00000000000000000000



ITERACION 1
Solucion:    0 17 9 13 14 4 6 15 8 5 10 18 11 12 1 2 19 3 16 7 
Coste: 7546
dlb:    00000000000000000000



ITERACION 2
Solucion:    0 17 6 13 9 4 14 15 8 5 10 18 11 12 1 2 19 3 16 7 
Coste: 7528
dlb:    00000000000000000000



ITERACION 3
Solucion:    0 17 6 15 9 13 14 4 8 5 10 18 11 12 1 2 19 3 16 7 
Coste: 7502
dlb:    00000000000000000000



ITERACION 4
Solucion:    0 17 6 15 18 13 9 4 8 5 10 14 11 12 1 2 19 3 16 7 
Coste: 7466
dlb:    00000000000000000000



ITERACION 5
Solucion:    0 17 6 15 18 11 9 4 8 5 10 13 14 12 1 2 19 3 16 7 
Coste: 7451
dlb:    00000000000000000000



ITERACION 6
Solucion:    0 17 6 15 18 11 10 4 8 5 9 13 14 12 1 2 19 3 16 7 
Coste: 7437
dlb:    00000000000000000000



ITERACION 7
Solucion:    0 17 6 15 18 11 10 5 8 4 9 13 14 12 1 2 19 3 16 7 
Coste: 7433
dlb:    00000000000000000000



ITERACION 8
Solucion:    8 17 6 15 18 11 10 5 0 4 9 13 14 12 1 2 19 3 16 7 
Coste: 7428
dlb:    00000000000000000000



ITERACION 9
Solucion:    8 17 6 15 18 4 10 5 0 11 9 13 14 12 1 2 19 3 16 7 
Coste: 7427
dlb:    00000000000000000000



ITERACION 10
Solucion:    8 17 6 15 18 4 10 5 0 11 9 13 14 12 1 2 19 3 16 7 
Coste: 7427
dlb:    00000000001000000000



ITERACION 11
Solucion:    8 17 6 15 18 4 10 5 0 11 9 13 14 12 1 2 19 3 16 7 
Coste: 7427
dlb:    00000000001100000000



ITERACION 12
Solucion:    8 17 6 15 18 4 10 5 0 11 9 13 2 12 1 14 19 3 16 7 
Coste: 7425
dlb:    00000000001100000000



ITERACION 13
Solucion:    8 17 6 15 18 4 10 5 0 11 9 13 2 12 1 14 19 3 16 7 
Coste: 7425
dlb:    00000000001101000000



ITERACION 14
Solucion:    8 17 6 15 18 4 10 5 0 11 9 1 2 12 13 14 19 3 16 7 
Coste: 7421
dlb:    00000000001001000000



ITERACION 15
Solucion:    8 17 6 15 18 4 10 5 0 11 9 1 2 12 13 14 19 3 16 7 
Coste: 7421
dlb:    00000000001001010000



ITERACION 16
Solucion:    19 17 6 15 18 4 10 5 0 11 9 1 2 12 13 14 3 8 16 7 
Coste: 7408
dlb:    00000000001001010000



ITERACION 17
Solucion:    19 17 6 15 18 4 10 5 0 11 9 1 2 12 13 14 3 8 16 7 
Coste: 7408
dlb:    00000000001001010100



ITERACION 18
Solucion:    19 16 17 15 18 4 10 5 0 11 9 1 2 12 13 14 3 8 6 7 
Coste: 7393
dlb:    00000000001001010100



ITERACION 19
Solucion:    19 16 17 15 18 4 10 5 0 11 9 1 2 12 13 14 3 8 6 7 
Coste: 7393
dlb:    00000000001001010101



ITERACION 20
Solucion:    19 16 17 15 18 4 10 5 0 11 9 1 2 12 13 14 3 8 6 7 
Coste: 7393
dlb:    10000000001001010101



ITERACION 21
Solucion:    19 0 17 16 18 4 10 5 15 11 9 1 2 12 13 14 3 8 6 7 
Coste: 7385
dlb:    10000000001001010101



ITERACION 22
Solucion:    19 0 17 16 18 4 10 5 15 11 9 1 2 12 13 14 3 8 6 7 
Coste: 7385
dlb:    10100000001001010101



ITERACION 23
Solucion:    19 0 17 16 18 4 10 5 15 11 9 1 2 12 13 14 3 8 6 7 
Coste: 7385
dlb:    10110000001001010101



ITERACION 24
Solucion:    19 0 17 16 18 4 10 5 15 11 9 1 2 12 13 14 3 8 6 7 
Coste: 7385
dlb:    10111000001001010101



ITERACION 25
Solucion:    19 0 17 16 18 4 10 5 15 11 9 1 2 12 13 14 3 8 6 7 
Coste: 7385
dlb:    10111100001001010101



ITERACION 26
Solucion:    19 0 17 16 18 4 10 5 15 11 9 1 2 12 13 14 3 8 6 7 
Coste: 7385
dlb:    10111110001001010101



ITERACION 27
Solucion:    19 0 17 16 18 4 10 5 15 11 9 1 2 12 13 14 3 8 6 7 
Coste: 7385
dlb:    10111111001001010101



ITERACION 28
Solucion:    19 0 17 16 18 4 10 5 15 11 9 1 2 12 13 14 3 8 6 7 
Coste: 7385
dlb:    10111111101001010101



ITERACION 29
Solucion:    19 0 17 16 18 4 10 5 15 11 9 1 2 12 13 14 3 8 6 7 
Coste: 7385
dlb:    10111111111001010101



ITERACION 30
Solucion:    19 0 17 16 18 4 10 5 15 11 9 1 2 12 13 14 3 8 6 7 
Coste: 7385
dlb:    10111111111001010101



ITERACION 31
Solucion:    19 0 17 16 18 4 10 5 15 11 9 1 2 12 13 14 3 8 6 7 
Coste: 7385
dlb:    10111111111101010101



ITERACION 32
Solucion:    19 0 17 16 18 4 10 5 15 11 9 1 2 12 13 14 3 8 6 7 
Coste: 7385
dlb:    10111111111111010101



ITERACION 33
Solucion:    19 0 17 16 18 4 10 5 15 11 9 1 2 12 13 14 3 8 6 7 
Coste: 7385
dlb:    10111111111111010101



ITERACION 34
Solucion:    19 0 17 16 18 4 10 5 15 11 9 1 2 12 13 14 3 8 6 7 
Coste: 7385
dlb:    10111111111111110101



ITERACION 35
Solucion:    19 0 17 16 18 4 10 5 15 11 9 1 2 12 13 14 3 8 6 7 
Coste: 7385
dlb:    10111111111111110101



ITERACION 36
Solucion:    19 0 17 16 18 4 10 5 15 11 9 1 2 12 13 14 3 8 6 7 
Coste: 7385
dlb:    10111111111111111101



ITERACION 37
Solucion:    19 0 17 16 18 4 10 5 15 11 9 1 2 12 13 14 3 8 6 7 
Coste: 7385
dlb:    10111111111111111101



ITERACION 38
Solucion:    19 0 17 16 18 4 10 5 15 11 9 1 2 12 13 14 3 8 6 7 
Coste: 7385
dlb:    10111111111111111111



ITERACION 39
Solucion:    19 0 17 16 18 4 10 5 15 11 9 1 2 12 13 14 3 8 6 7 
Coste: 7385
dlb:    10111111111111111111



ITERACION 40
Solucion:    19 0 17 16 18 4 10 5 15 11 9 1 2 12 13 14 3 8 6 7 
Coste: 7385
dlb:    10111111111111111111



ITERACION 41
Solucion:    19 0 17 16 18 4 10 5 15 11 9 1 2 12 13 14 3 8 6 7 
Coste: 7385
dlb:    11111111111111111111



ITERACION 42
Solucion:    19 0 17 16 18 4 10 5 15 11 9 1 2 12 13 14 3 8 6 7 
Coste: 7385
dlb:    11111111111111111111



ITERACION 43
Solucion:    19 0 17 16 18 4 10 5 15 11 9 1 2 12 13 14 3 8 6 7 
Coste: 7385
dlb:    11111111111111111111



ITERACION 44
Solucion:    19 0 17 16 18 4 10 5 15 11 9 1 2 12 13 14 3 8 6 7 
Coste: 7385
dlb:    11111111111111111111



ITERACION 45
Solucion:    19 0 17 16 18 4 10 5 15 11 9 1 2 12 13 14 3 8 6 7 
Coste: 7385
dlb:    11111111111111111111



ITERACION 46
Solucion:    19 0 17 16 18 4 10 5 15 11 9 1 2 12 13 14 3 8 6 7 
Coste: 7385
dlb:    11111111111111111111



ITERACION 47
Solucion:    19 0 17 16 18 4 10 5 15 11 9 1 2 12 13 14 3 8 6 7 
Coste: 7385
dlb:    11111111111111111111



ITERACION 48
Solucion:    19 0 17 16 18 4 10 5 15 11 9 1 2 12 13 14 3 8 6 7 
Coste: 7385
dlb:    11111111111111111111



ITERACION 49
Solucion:    19 0 17 16 18 4 10 5 15 11 9 1 2 12 13 14 3 8 6 7 
Coste: 7385
dlb:    11111111111111111111



ITERACION 50
Solucion:    19 0 17 16 18 4 10 5 15 11 9 1 2 12 13 14 3 8 6 7 
Coste: 7385
dlb:    11111111111111111111



ITERACION 51
Solucion:    19 0 17 16 18 4 10 5 15 11 9 1 2 12 13 14 3 8 6 7 
Coste: 7385
dlb:    11111111111111111111



ITERACION 52
Solucion:    19 0 17 16 18 4 10 5 15 11 9 1 2 12 13 14 3 8 6 7 
Coste: 7385
dlb:    11111111111111111111



ITERACION 53
Solucion:    19 0 17 16 18 4 10 5 15 11 9 1 2 12 13 14 3 8 6 7 
Coste: 7385
dlb:    11111111111111111111



ITERACION 54
Solucion:    19 0 17 16 18 4 10 5 15 11 9 1 2 12 13 14 3 8 6 7 
Coste: 7385
dlb:    11111111111111111111



ITERACION 55
Solucion:    19 0 17 16 18 4 10 5 15 11 9 1 2 12 13 14 3 8 6 7 
Coste: 7385
dlb:    11111111111111111111



ITERACION 56
Solucion:    19 0 17 16 18 4 10 5 15 11 9 1 2 12 13 14 3 8 6 7 
Coste: 7385
dlb:    11111111111111111111



ITERACION 57
Solucion:    19 0 17 16 18 4 10 5 15 11 9 1 2 12 13 14 3 8 6 7 
Coste: 7385
dlb:    11111111111111111111



ITERACION 58
Solucion:    19 0 17 16 18 4 10 5 15 11 9 1 2 12 13 14 3 8 6 7 
Coste: 7385
dlb:    11111111111111111111



ITERACION 59
Solucion:    19 0 17 16 18 4 10 5 15 11 9 1 2 12 13 14 3 8 6 7 
Coste: 7385
dlb:    11111111111111111111



