ITERACION 0
Solucion:    15 1 17 12 16 6 18 2 3 0 13 10 8 14 19 5 11 7 4 9 
Coste: 7834
Temperatura: 11682.0
Probabilidad de aceptación: 1.0
Movimiento: SI



ITERACION 1
Solucion:    1 9 15 17 12 16 6 18 2 3 0 13 10 8 14 19 5 11 7 4 
Coste: 7803
Temperatura: 10513.800000000001
Probabilidad de aceptación: 1.0
Movimiento: SI



ITERACION 2
Solucion:    15 1 4 9 17 12 16 6 18 2 3 0 13 10 8 14 19 5 11 7 
Coste: 7745
Temperatura: 9462.420000000002
Probabilidad de aceptación: 1.0
Movimiento: SI



ITERACION 3
Solucion:    9 15 1 7 4 17 12 16 6 18 2 3 0 13 10 8 14 19 5 11 
Coste: 7783
Temperatura: 8516.178000000002
Probabilidad de aceptación: 1.0
Movimiento: SI



ITERACION 4
Solucion:    4 9 15 1 11 7 17 12 16 6 18 2 3 0 13 10 8 14 19 5 
Coste: 7752
Temperatura: 7664.560200000002
Probabilidad de aceptación: 1.0
Movimiento: SI



ITERACION 5
Solucion:    7 4 9 15 1 5 11 17 12 16 6 18 2 3 0 13 10 8 14 19 
Coste: 7646
Temperatura: 6898.104180000002
Probabilidad de aceptación: 1.0
Movimiento: SI



ITERACION 6
Solucion:    11 7 4 9 15 1 19 5 17 12 16 6 18 2 3 0 13 10 8 14 
Coste: 7834
Temperatura: 6208.293762000002
Probabilidad de aceptación: 1.0
Movimiento: SI



ITERACION 7
Solucion:    5 11 7 4 9 15 1 14 19 17 12 16 6 18 2 3 0 13 10 8 
Coste: 7802
Temperatura: 5587.464385800002
Probabilidad de aceptación: 1.0
Movimiento: SI



ITERACION 8
Solucion:    19 5 11 7 4 9 15 1 8 14 17 12 16 6 18 2 3 0 13 10 
Coste: 7791
Temperatura: 5028.717947220001
Probabilidad de aceptación: 1.0
Movimiento: SI



ITERACION 9
Solucion:    14 19 5 11 7 4 9 15 1 10 8 17 12 16 6 18 2 3 0 13 
Coste: 7845
Temperatura: 4525.846152498001
Probabilidad de aceptación: 1.0
Movimiento: SI



ITERACION 10
Solucion:    8 14 19 5 11 7 4 9 15 1 13 10 17 12 16 6 18 2 3 0 
Coste: 7837
Temperatura: 4073.261537248201
Probabilidad de aceptación: 1.0
Movimiento: SI



ITERACION 11
Solucion:    10 8 14 19 5 11 7 4 9 15 1 0 13 17 12 16 6 18 2 3 
Coste: 7933
Temperatura: 3665.935383523381
Probabilidad de aceptación: 1.0
Movimiento: SI



ITERACION 12
Solucion:    13 10 8 14 19 5 11 7 4 9 15 1 3 0 17 12 16 6 18 2 
Coste: 7828
Temperatura: 3299.341845171043
Probabilidad de aceptación: 1.0
Movimiento: SI



ITERACION 13
Solucion:    0 13 10 8 14 19 5 11 7 4 9 15 1 2 3 17 12 16 6 18 
Coste: 7734
Temperatura: 2969.407660653939
Probabilidad de aceptación: 1.0
Movimiento: SI



ITERACION 14
Solucion:    3 0 13 10 8 14 19 5 11 7 4 9 15 1 18 2 17 12 16 6 
Coste: 7885
Temperatura: 2672.466894588545
Probabilidad de aceptación: 1.0
Movimiento: SI



ITERACION 15
Solucion:    2 3 0 13 10 8 14 19 5 11 7 4 9 15 1 6 18 17 12 16 
Coste: 7861
Temperatura: 2405.220205129691
Probabilidad de aceptación: 1.0
Movimiento: SI



ITERACION 16
Solucion:    18 2 3 0 13 10 8 14 19 5 11 7 4 9 15 1 16 6 17 12 
Coste: 7737
Temperatura: 2164.698184616722
Probabilidad de aceptación: 1.0
Movimiento: SI



ITERACION 17
Solucion:    6 18 2 3 0 13 10 8 14 19 5 11 7 4 9 15 1 12 16 17 
Coste: 7853
Temperatura: 1948.2283661550498
Probabilidad de aceptación: 1.0
Movimiento: SI



ITERACION 18
Solucion:    16 6 18 2 3 0 13 10 8 14 19 5 11 7 4 9 15 1 17 12 
Coste: 7746
Temperatura: 1753.405529539545
Probabilidad de aceptación: 1.0
Movimiento: SI



ITERACION 19
Solucion:    12 16 6 18 2 3 0 13 10 8 14 19 5 11 7 4 9 15 1 17 
Coste: 7895
Temperatura: 1578.0649765855903
Probabilidad de aceptación: 1.0
Movimiento: SI



ITERACION 20
Solucion:    17 12 16 6 18 2 3 0 13 10 8 14 19 5 11 7 4 9 15 1 
Coste: 7934
Temperatura: 1420.2584789270313
Probabilidad de aceptación: 1.0
Movimiento: SI



ITERACION 21
Solucion:    12 1 17 16 6 18 2 3 0 13 10 8 14 19 5 11 7 4 9 15 
Coste: 7752
Temperatura: 1278.2326310343283
Probabilidad de aceptación: 1.0
Movimiento: SI



ITERACION 22
Solucion:    17 12 15 1 16 6 18 2 3 0 13 10 8 14 19 5 11 7 4 9 
Coste: 7812
Temperatura: 1150.4093679308955
Probabilidad de aceptación: 1.0
Movimiento: SI



ITERACION 23
Solucion:    1 17 12 9 15 16 6 18 2 3 0 13 8 10 14 19 5 11 7 4 
Coste: 7788
Temperatura: 1035.368431137806
Probabilidad de aceptación: 1.0
Movimiento: SI



ITERACION 24
Solucion:    15 1 17 12 4 9 16 6 18 2 3 0 13 8 10 14 19 5 11 7 
Coste: 7725
Temperatura: 931.8315880240255
Probabilidad de aceptación: 1.0
Movimiento: SI



ITERACION 25
Solucion:    9 15 1 17 12 7 4 16 6 18 2 3 0 13 8 10 14 19 5 11 
Coste: 7763
Temperatura: 838.6484292216229
Probabilidad de aceptación: 1.0
Movimiento: SI



ITERACION 26
Solucion:    4 9 15 1 17 12 11 7 16 6 18 2 3 0 13 8 10 14 19 5 
Coste: 7687
Temperatura: 754.7835862994606
Probabilidad de aceptación: 1.0
Movimiento: SI



ITERACION 27
Solucion:    7 4 9 15 1 17 12 5 11 16 6 18 2 3 0 13 8 10 14 19 
Coste: 7707
Temperatura: 679.3052276695146
Probabilidad de aceptación: 1.0
Movimiento: SI



ITERACION 28
Solucion:    11 7 4 9 1 15 17 12 19 5 16 6 18 2 3 0 13 8 10 14 
Coste: 7823
Temperatura: 611.3747049025632
Probabilidad de aceptación: 1.0
Movimiento: SI



ITERACION 29
Solucion:    5 11 7 4 9 1 15 17 12 10 19 16 6 18 2 3 0 13 8 14 
Coste: 7811
Temperatura: 550.2372344123069
Probabilidad de aceptación: 0.8901961331042628
Movimiento: NO



ITERACION 30
Solucion:    19 5 11 7 4 9 1 17 12 10 14 15 16 6 18 2 3 0 13 8 
Coste: 7716
Temperatura: 495.2135109710762
Probabilidad de aceptación: 1.0
Movimiento: SI



ITERACION 31
Solucion:    15 19 5 11 4 7 9 1 17 12 10 8 14 16 6 18 2 0 3 13 
Coste: 7773
Temperatura: 445.6921598739686
Probabilidad de aceptación: 1.0
Movimiento: SI



ITERACION 32
Solucion:    14 15 19 5 11 4 9 7 1 17 12 10 13 8 16 6 18 2 0 3 
Coste: 7750
Temperatura: 401.12294388657176
Probabilidad de aceptación: 1.0
Movimiento: SI



ITERACION 33
Solucion:    14 8 15 5 19 11 4 9 7 1 17 12 10 3 13 16 6 18 2 0 
Coste: 7860
Temperatura: 361.0106494979146
Probabilidad de aceptación: 1.0
Movimiento: SI



ITERACION 34
Solucion:    13 14 8 15 5 19 11 4 7 9 1 17 12 10 0 3 16 6 18 2 
Coste: 7752
Temperatura: 324.9095845481231
Probabilidad de aceptación: 1.0
Movimiento: SI



ITERACION 35
Solucion:    3 13 14 8 15 5 19 11 7 4 9 1 17 12 10 2 0 16 6 18 
Coste: 7675
Temperatura: 292.4186260933108
Probabilidad de aceptación: 1.0
Movimiento: SI



ITERACION 36
Solucion:    0 3 13 14 8 15 5 19 11 7 4 9 1 17 12 2 18 10 16 6 
Coste: 7735
Temperatura: 263.17676348397976
Probabilidad de aceptación: 1.0
Movimiento: SI



ITERACION 37
Solucion:    10 0 3 13 14 8 15 5 19 11 7 4 9 1 17 12 2 6 18 16 
Coste: 7776
Temperatura: 236.85908713558177
Probabilidad de aceptación: 1.0
Movimiento: SI



ITERACION 38
Solucion:    18 10 0 3 13 14 8 15 5 19 11 7 4 9 1 12 17 2 16 6 
Coste: 7846
Temperatura: 213.1731784220236
Probabilidad de aceptación: 1.0
Movimiento: SI



ITERACION 39
Solucion:    6 18 10 0 3 13 14 8 15 5 19 11 7 4 9 1 12 2 17 16 
Coste: 7840
Temperatura: 191.85586057982124
Probabilidad de aceptación: 1.0
Movimiento: SI



