ITERACION 0
Solucion:    19 1 17 16 6 18 12 3 0 13 10 8 14 2 5 11 7 4 9 15 
Coste: 7688
dlb:    00000000000000000000



ITERACION 1
Solucion:    19 4 17 1 6 18 16 3 0 13 10 8 14 12 5 11 7 2 9 15 
Coste: 7642
dlb:    00000000000000000000



ITERACION 2
Solucion:    19 4 2 1 6 18 17 3 16 13 10 8 14 0 5 11 7 12 9 15 
Coste: 7611
dlb:    00000000000000000000



ITERACION 3
Solucion:    19 4 1 11 6 18 17 3 2 13 10 8 14 0 5 16 7 12 9 15 
Coste: 7596
dlb:    00000000000000000000



ITERACION 4
Solucion:    19 4 1 6 11 18 17 3 2 13 10 8 14 0 5 16 7 12 9 15 
Coste: 7594
dlb:    00000000000000000000



ITERACION 5
Solucion:    19 4 1 6 11 10 17 3 2 18 13 8 14 0 5 16 7 12 9 15 
Coste: 7572
dlb:    00000000000000000000



ITERACION 6
Solucion:    19 4 1 6 11 10 13 3 2 18 17 8 14 0 5 16 7 12 9 15 
Coste: 7566
dlb:    00000000000000000000



ITERACION 7
Solucion:    19 4 1 3 11 10 13 5 2 6 17 8 14 0 18 16 7 12 9 15 
Coste: 7545
dlb:    00000000000000000000



ITERACION 8
Solucion:    19 4 1 3 11 10 13 5 2 6 17 8 14 0 18 16 7 12 9 15 
Coste: 7545
dlb:    00000000100000000000



ITERACION 9
Solucion:    19 4 1 6 11 10 13 3 2 5 17 8 14 0 18 16 7 12 9 15 
Coste: 7534
dlb:    00000000100000000000



ITERACION 10
Solucion:    19 4 1 6 11 10 13 17 2 5 0 3 8 14 18 16 7 12 9 15 
Coste: 7476
dlb:    00000000100000000000



ITERACION 11
Solucion:    19 4 1 6 11 10 13 17 2 5 0 15 3 14 18 16 7 12 9 8 
Coste: 7448
dlb:    00000000100000000000



ITERACION 12
Solucion:    19 4 1 6 11 10 13 17 2 5 0 15 14 3 18 16 7 12 9 8 
Coste: 7437
dlb:    00000000100000000000



ITERACION 13
Solucion:    19 4 1 6 11 10 13 17 2 5 0 15 14 3 18 16 7 12 9 8 
Coste: 7437
dlb:    00000000100001000000



ITERACION 14
Solucion:    19 4 1 6 11 10 13 17 2 5 18 15 14 3 7 0 16 12 9 8 
Coste: 7407
dlb:    00000000100001000000



ITERACION 15
Solucion:    19 4 1 6 11 10 13 17 2 5 18 15 14 3 7 0 16 12 9 8 
Coste: 7407
dlb:    00000000100001010000



ITERACION 16
Solucion:    16 19 1 6 11 10 13 17 4 5 18 15 14 3 7 0 2 12 9 8 
Coste: 7389
dlb:    00000000000001010000



ITERACION 17
Solucion:    16 19 1 6 11 10 13 17 4 5 18 15 14 3 7 0 2 12 9 8 
Coste: 7389
dlb:    00000000000001010100



ITERACION 18
Solucion:    16 19 1 6 11 10 13 17 4 5 18 15 14 3 7 0 2 12 9 8 
Coste: 7389
dlb:    00000000000001010110



ITERACION 19
Solucion:    16 19 1 6 11 10 13 17 4 5 18 15 14 3 7 0 2 12 9 8 
Coste: 7389
dlb:    00000000000001010111



ITERACION 20
Solucion:    19 16 1 6 11 10 13 17 4 5 18 15 14 3 7 0 2 12 9 8 
Coste: 7386
dlb:    00000000000001010111



ITERACION 21
Solucion:    19 16 1 6 11 10 13 17 4 5 18 15 14 3 7 0 2 12 9 8 
Coste: 7386
dlb:    01000000000001010111



ITERACION 22
Solucion:    19 16 1 6 11 10 13 17 4 5 18 15 14 3 7 0 2 12 9 8 
Coste: 7386
dlb:    01100000000001010111



ITERACION 23
Solucion:    19 16 1 10 11 6 13 17 4 5 18 15 14 3 7 0 2 12 9 8 
Coste: 7380
dlb:    01100000000001010111



ITERACION 24
Solucion:    19 16 1 10 11 6 13 17 4 5 18 15 14 3 7 0 2 12 9 8 
Coste: 7380
dlb:    01101000000001010111



ITERACION 25
Solucion:    19 16 1 10 11 6 13 17 4 5 18 15 14 3 7 0 2 12 9 8 
Coste: 7380
dlb:    01101100000001010111



ITERACION 26
Solucion:    19 16 1 10 11 6 13 17 4 5 18 15 14 3 7 0 2 12 9 8 
Coste: 7380
dlb:    01101110000001010111



ITERACION 27
Solucion:    19 16 1 10 11 6 13 18 4 5 17 15 14 3 7 0 2 12 9 8 
Coste: 7378
dlb:    01101110000001010111



ITERACION 28
Solucion:    19 16 1 10 11 6 13 18 4 5 17 15 14 3 7 0 2 12 9 8 
Coste: 7378
dlb:    01101110100001010111



ITERACION 29
Solucion:    19 16 1 10 11 6 13 18 4 5 17 15 14 3 7 0 2 12 9 8 
Coste: 7378
dlb:    01101110110001010111



ITERACION 30
Solucion:    19 16 1 10 11 6 13 18 4 5 17 15 14 3 7 0 2 12 9 8 
Coste: 7378
dlb:    01101110111001010111



ITERACION 31
Solucion:    19 16 1 10 11 6 13 18 4 5 17 15 14 3 7 0 2 12 9 8 
Coste: 7378
dlb:    01101110111101010111



ITERACION 32
Solucion:    19 16 1 10 11 6 13 18 4 5 17 15 14 3 7 0 2 12 9 8 
Coste: 7378
dlb:    01101110111111010111



ITERACION 33
Solucion:    19 16 1 10 11 6 13 18 4 5 17 15 14 3 7 0 2 12 9 8 
Coste: 7378
dlb:    01101110111111010111



ITERACION 34
Solucion:    19 16 1 10 11 6 13 18 4 5 17 15 14 3 7 0 2 12 9 8 
Coste: 7378
dlb:    01101110111111110111



ITERACION 35
Solucion:    19 16 1 10 11 6 13 18 4 5 17 15 14 3 7 0 2 12 9 8 
Coste: 7378
dlb:    01101110111111110111



ITERACION 36
Solucion:    19 16 1 10 11 6 13 18 4 5 17 15 14 3 7 0 2 12 9 8 
Coste: 7378
dlb:    01101110111111111111



ITERACION 37
Solucion:    19 16 1 10 11 6 13 18 4 5 17 15 14 3 7 0 2 12 9 8 
Coste: 7378
dlb:    01101110111111111111



ITERACION 38
Solucion:    19 16 1 10 11 6 13 18 4 5 17 15 14 3 7 0 2 12 9 8 
Coste: 7378
dlb:    01101110111111111111



ITERACION 39
Solucion:    19 16 1 10 11 6 13 18 4 5 17 15 14 3 7 0 2 12 9 8 
Coste: 7378
dlb:    01101110111111111111



ITERACION 40
Solucion:    19 16 1 10 11 6 13 18 4 5 17 15 14 3 7 0 2 12 9 8 
Coste: 7378
dlb:    11101110111111111111



ITERACION 41
Solucion:    19 16 1 10 11 6 13 18 4 5 17 15 14 3 7 0 2 12 9 8 
Coste: 7378
dlb:    11101110111111111111



ITERACION 42
Solucion:    19 16 1 10 11 6 13 18 4 5 17 15 14 3 7 0 2 12 9 8 
Coste: 7378
dlb:    11101110111111111111



ITERACION 43
Solucion:    19 16 1 10 11 6 13 18 4 5 17 15 14 3 7 0 2 12 9 8 
Coste: 7378
dlb:    11111110111111111111



ITERACION 44
Solucion:    19 16 1 10 11 6 13 18 4 5 17 15 14 3 7 0 2 12 9 8 
Coste: 7378
dlb:    11111110111111111111



ITERACION 45
Solucion:    19 16 1 10 11 6 13 18 4 5 17 15 14 3 7 0 2 12 9 8 
Coste: 7378
dlb:    11111110111111111111



ITERACION 46
Solucion:    19 16 1 10 11 6 13 18 4 5 17 15 14 3 7 0 2 12 9 8 
Coste: 7378
dlb:    11111110111111111111



ITERACION 47
Solucion:    19 16 1 10 11 6 13 18 4 5 17 15 14 3 7 0 2 12 9 8 
Coste: 7378
dlb:    11111111111111111111



ITERACION 48
Solucion:    19 16 1 10 11 6 13 18 4 5 17 15 14 3 7 0 2 12 9 8 
Coste: 7378
dlb:    11111111111111111111



ITERACION 49
Solucion:    19 16 1 10 11 6 13 18 4 5 17 15 14 3 7 0 2 12 9 8 
Coste: 7378
dlb:    11111111111111111111



ITERACION 50
Solucion:    19 16 1 10 11 6 13 18 4 5 17 15 14 3 7 0 2 12 9 8 
Coste: 7378
dlb:    11111111111111111111



ITERACION 51
Solucion:    19 16 1 10 11 6 13 18 4 5 17 15 14 3 7 0 2 12 9 8 
Coste: 7378
dlb:    11111111111111111111



ITERACION 52
Solucion:    19 16 1 10 11 6 13 18 4 5 17 15 14 3 7 0 2 12 9 8 
Coste: 7378
dlb:    11111111111111111111



ITERACION 53
Solucion:    19 16 1 10 11 6 13 18 4 5 17 15 14 3 7 0 2 12 9 8 
Coste: 7378
dlb:    11111111111111111111



ITERACION 54
Solucion:    19 16 1 10 11 6 13 18 4 5 17 15 14 3 7 0 2 12 9 8 
Coste: 7378
dlb:    11111111111111111111



ITERACION 55
Solucion:    19 16 1 10 11 6 13 18 4 5 17 15 14 3 7 0 2 12 9 8 
Coste: 7378
dlb:    11111111111111111111



ITERACION 56
Solucion:    19 16 1 10 11 6 13 18 4 5 17 15 14 3 7 0 2 12 9 8 
Coste: 7378
dlb:    11111111111111111111



ITERACION 57
Solucion:    19 16 1 10 11 6 13 18 4 5 17 15 14 3 7 0 2 12 9 8 
Coste: 7378
dlb:    11111111111111111111



ITERACION 58
Solucion:    19 16 1 10 11 6 13 18 4 5 17 15 14 3 7 0 2 12 9 8 
Coste: 7378
dlb:    11111111111111111111



ITERACION 59
Solucion:    19 16 1 10 11 6 13 18 4 5 17 15 14 3 7 0 2 12 9 8 
Coste: 7378
dlb:    11111111111111111111



