ITERACION 0
Solucion:    5 4 14 19 10 2 13 6 0 11 1 17 16 15 9 8 3 18 7 12 
Coste: 7697
dlb:    00000000000000000000



ITERACION 1
Solucion:    5 7 14 19 10 2 4 6 0 11 1 17 16 15 9 8 3 13 18 12 
Coste: 7645
dlb:    00000000000000000000



ITERACION 2
Solucion:    14 7 13 19 10 2 4 6 5 11 1 17 16 15 9 8 3 0 18 12 
Coste: 7627
dlb:    00000000000000000000



ITERACION 3
Solucion:    14 7 13 6 10 19 2 4 5 11 1 17 16 15 9 8 3 0 18 12 
Coste: 7608
dlb:    00000000000000000000



ITERACION 4
Solucion:    14 7 13 10 6 19 2 4 5 11 1 17 16 15 9 8 3 0 18 12 
Coste: 7606
dlb:    00000000000000000000



ITERACION 5
Solucion:    14 7 13 19 6 15 2 4 5 11 10 1 16 17 9 8 3 0 18 12 
Coste: 7578
dlb:    00000000000000000000



ITERACION 6
Solucion:    14 7 13 2 6 19 11 4 5 15 10 1 16 17 9 8 3 0 18 12 
Coste: 7567
dlb:    00000000000000000000



ITERACION 7
Solucion:    14 7 13 2 6 19 11 15 5 4 10 1 16 17 9 8 3 0 18 12 
Coste: 7563
dlb:    00000000000000000000



ITERACION 8
Solucion:    14 7 13 2 6 19 11 15 5 4 10 1 16 17 9 8 3 0 18 12 
Coste: 7563
dlb:    00000000100000000000



ITERACION 9
Solucion:    14 7 13 2 6 19 11 15 5 17 10 1 4 16 9 8 3 0 18 12 
Coste: 7527
dlb:    00000000100000000000



ITERACION 10
Solucion:    14 7 13 10 6 19 11 15 5 17 9 2 4 1 16 8 3 0 18 12 
Coste: 7515
dlb:    00000000100000000000



ITERACION 11
Solucion:    14 7 13 10 6 19 11 15 5 17 9 18 4 2 16 1 3 8 0 12 
Coste: 7464
dlb:    00000000100000000000



ITERACION 12
Solucion:    14 7 13 10 6 4 11 15 5 17 9 18 16 19 2 1 3 8 0 12 
Coste: 7445
dlb:    00000000100000000000



ITERACION 13
Solucion:    14 7 13 10 6 4 11 15 5 17 9 18 16 19 2 1 3 8 0 12 
Coste: 7445
dlb:    00000000100001000000



ITERACION 14
Solucion:    14 7 13 10 6 4 11 15 5 17 9 18 16 19 1 2 3 8 0 12 
Coste: 7442
dlb:    00000000100001000000



ITERACION 15
Solucion:    14 7 13 10 6 4 11 15 5 17 9 18 16 19 1 2 3 8 0 12 
Coste: 7442
dlb:    00000000100001010000



ITERACION 16
Solucion:    14 7 13 10 6 4 11 15 5 17 9 18 16 19 1 2 3 8 0 12 
Coste: 7442
dlb:    00000000100001011000



ITERACION 17
Solucion:    14 7 13 10 6 4 11 15 5 17 9 18 16 19 1 2 3 8 0 12 
Coste: 7442
dlb:    00000000100001011100



ITERACION 18
Solucion:    14 7 0 13 6 4 11 10 5 17 9 15 16 19 1 2 3 8 18 12 
Coste: 7401
dlb:    00000000100001011100



ITERACION 19
Solucion:    14 7 0 13 6 4 11 10 5 17 9 15 16 19 1 2 3 8 18 12 
Coste: 7401
dlb:    00000000100001011101



ITERACION 20
Solucion:    7 14 0 13 6 4 11 10 5 17 9 15 16 19 1 2 3 8 18 12 
Coste: 7394
dlb:    00000000100001011101



ITERACION 21
Solucion:    7 14 0 13 6 4 11 10 5 17 9 15 16 19 1 2 3 8 18 12 
Coste: 7394
dlb:    01000000100001011101



ITERACION 22
Solucion:    7 14 5 13 6 4 11 10 0 17 9 15 16 19 1 2 3 8 18 12 
Coste: 7392
dlb:    01000000000001011101



ITERACION 23
Solucion:    7 14 13 5 6 4 11 10 0 17 9 15 16 19 1 2 3 8 18 12 
Coste: 7390
dlb:    01000000000001011101



ITERACION 24
Solucion:    7 14 13 5 6 4 11 10 0 17 9 15 16 19 1 2 3 8 18 12 
Coste: 7390
dlb:    01001000000001011101



ITERACION 25
Solucion:    7 14 13 5 6 15 11 10 0 4 9 17 16 19 1 2 3 8 18 12 
Coste: 7376
dlb:    01001000000001011101



ITERACION 26
Solucion:    7 14 13 5 6 15 11 10 0 4 9 17 16 19 1 2 3 8 18 12 
Coste: 7376
dlb:    01001010000001011101



ITERACION 27
Solucion:    7 14 13 5 6 15 11 17 0 10 9 4 16 19 1 2 3 8 18 12 
Coste: 7348
dlb:    01001010000001011101



ITERACION 28
Solucion:    7 14 13 5 6 15 11 17 0 10 9 4 16 19 1 2 3 8 18 12 
Coste: 7348
dlb:    01001010100001011101



ITERACION 29
Solucion:    7 14 13 5 6 15 11 17 0 10 9 4 16 19 1 2 3 8 18 12 
Coste: 7348
dlb:    01001010110001011101



ITERACION 30
Solucion:    7 14 13 5 6 15 11 17 0 10 9 4 16 19 1 2 3 8 18 12 
Coste: 7348
dlb:    01001010111001011101



ITERACION 31
Solucion:    7 14 13 5 6 15 11 17 0 10 9 4 16 19 1 2 3 8 18 12 
Coste: 7348
dlb:    01001010111101011101



ITERACION 32
Solucion:    7 14 13 5 6 15 11 17 0 10 9 4 1 19 16 2 3 8 18 12 
Coste: 7346
dlb:    01001010111101011101



ITERACION 33
Solucion:    7 14 13 5 6 15 11 17 0 10 9 4 1 19 16 2 3 8 18 12 
Coste: 7346
dlb:    01001010111101011101



ITERACION 34
Solucion:    7 14 13 5 6 15 11 17 0 10 9 16 1 19 4 2 3 8 18 12 
Coste: 7344
dlb:    01001010111001011101



ITERACION 35
Solucion:    7 14 13 5 6 15 11 17 0 10 9 16 1 19 4 2 3 8 18 12 
Coste: 7344
dlb:    01001010111001011101



ITERACION 36
Solucion:    7 14 13 5 6 15 11 17 0 10 9 16 1 19 4 2 3 8 18 12 
Coste: 7344
dlb:    01001010111001011101



ITERACION 37
Solucion:    7 14 13 5 6 15 11 17 0 10 9 16 1 19 4 2 3 8 18 12 
Coste: 7344
dlb:    01001010111001011101



ITERACION 38
Solucion:    7 14 13 5 6 15 11 17 0 10 9 16 1 19 4 2 3 8 18 12 
Coste: 7344
dlb:    01001010111001011111



ITERACION 39
Solucion:    7 14 13 5 6 15 11 17 0 10 9 16 1 19 4 2 3 8 18 12 
Coste: 7344
dlb:    01001010111001011111



ITERACION 40
Solucion:    7 14 13 5 6 15 11 17 0 10 9 16 1 19 4 2 3 8 18 12 
Coste: 7344
dlb:    11001010111001011111



ITERACION 41
Solucion:    7 14 13 5 6 15 11 17 0 10 9 16 1 19 4 2 3 8 18 12 
Coste: 7344
dlb:    11001010111001011111



ITERACION 42
Solucion:    7 14 18 5 6 13 11 17 0 10 9 16 1 19 4 2 3 8 15 12 
Coste: 7334
dlb:    11001010111001011101



ITERACION 43
Solucion:    7 14 18 13 6 5 11 17 0 10 9 16 1 19 4 2 3 8 15 12 
Coste: 7332
dlb:    11001010111001011101



ITERACION 44
Solucion:    7 14 18 13 6 5 11 17 0 10 9 16 1 19 4 2 3 8 15 12 
Coste: 7332
dlb:    11001010111001011101



ITERACION 45
Solucion:    7 14 18 13 6 5 11 17 0 10 9 16 1 19 4 2 3 8 15 12 
Coste: 7332
dlb:    11001110111001011101



ITERACION 46
Solucion:    7 14 18 13 6 5 11 17 0 10 9 16 1 19 4 2 3 8 15 12 
Coste: 7332
dlb:    11001110111001011101



ITERACION 47
Solucion:    7 14 18 13 6 5 11 17 0 10 9 16 1 19 4 2 3 8 15 12 
Coste: 7332
dlb:    11001111111001011101



ITERACION 48
Solucion:    7 14 18 13 6 5 11 17 0 10 9 16 1 19 4 2 3 8 15 12 
Coste: 7332
dlb:    11001111111001011101



ITERACION 49
Solucion:    7 14 18 13 6 5 11 17 0 10 9 16 1 19 4 2 3 8 15 12 
Coste: 7332
dlb:    11001111111001011101



ITERACION 50
Solucion:    7 14 18 13 6 5 11 17 0 10 9 16 1 19 4 2 3 8 15 12 
Coste: 7332
dlb:    11001111111001011101



ITERACION 51
Solucion:    7 14 18 13 6 5 11 17 0 10 9 16 1 19 4 2 3 8 15 12 
Coste: 7332
dlb:    11001111111101011101



ITERACION 52
Solucion:    7 14 18 13 6 5 11 17 0 10 9 16 1 19 4 2 3 8 15 12 
Coste: 7332
dlb:    11001111111111011101



ITERACION 53
Solucion:    7 14 18 13 6 5 11 17 0 10 9 16 1 19 4 2 3 8 15 12 
Coste: 7332
dlb:    11001111111111011101



ITERACION 54
Solucion:    7 14 18 13 6 5 11 17 0 10 9 16 1 19 4 2 3 8 15 12 
Coste: 7332
dlb:    11001111111111111101



ITERACION 55
Solucion:    7 14 18 13 6 5 11 17 0 10 9 16 1 19 4 2 3 8 15 12 
Coste: 7332
dlb:    11001111111111111101



ITERACION 56
Solucion:    7 14 18 13 6 5 11 17 0 10 9 16 1 19 4 2 3 8 15 12 
Coste: 7332
dlb:    11001111111111111101



ITERACION 57
Solucion:    7 14 18 13 6 5 11 17 0 10 9 16 1 19 4 2 3 8 15 12 
Coste: 7332
dlb:    11001111111111111101



ITERACION 58
Solucion:    7 14 18 13 6 5 11 17 0 10 9 16 1 19 4 2 3 8 15 12 
Coste: 7332
dlb:    11001111111111111111



ITERACION 59
Solucion:    7 14 18 13 6 5 11 17 0 10 9 16 1 19 4 2 3 8 15 12 
Coste: 7332
dlb:    11001111111111111111



ITERACION 60
Solucion:    7 14 18 13 6 5 11 17 0 10 9 16 1 19 4 2 3 8 15 12 
Coste: 7332
dlb:    11001111111111111111



ITERACION 61
Solucion:    7 14 18 13 6 5 11 17 0 10 9 16 1 19 4 2 3 8 15 12 
Coste: 7332
dlb:    11001111111111111111



ITERACION 62
Solucion:    7 14 18 13 6 5 11 17 0 10 9 16 1 19 4 2 3 8 15 12 
Coste: 7332
dlb:    11101111111111111111



ITERACION 63
Solucion:    7 14 18 13 6 5 11 17 0 10 9 16 1 19 4 2 3 8 15 12 
Coste: 7332
dlb:    11111111111111111111



ITERACION 64
Solucion:    7 14 18 13 6 5 11 17 0 10 9 16 1 19 4 2 3 8 15 12 
Coste: 7332
dlb:    11111111111111111111



ITERACION 65
Solucion:    7 14 18 13 6 5 11 17 0 10 9 16 1 19 4 2 3 8 15 12 
Coste: 7332
dlb:    11111111111111111111



ITERACION 66
Solucion:    7 14 18 13 6 5 11 17 0 10 9 16 1 19 4 2 3 8 15 12 
Coste: 7332
dlb:    11111111111111111111



ITERACION 67
Solucion:    7 14 18 13 6 5 11 17 0 10 9 16 1 19 4 2 3 8 15 12 
Coste: 7332
dlb:    11111111111111111111



ITERACION 68
Solucion:    7 14 18 13 6 5 11 17 0 10 9 16 1 19 4 2 3 8 15 12 
Coste: 7332
dlb:    11111111111111111111



ITERACION 69
Solucion:    7 14 18 13 6 5 11 17 0 10 9 16 1 19 4 2 3 8 15 12 
Coste: 7332
dlb:    11111111111111111111



ITERACION 70
Solucion:    7 14 18 13 6 5 11 17 0 10 9 16 1 19 4 2 3 8 15 12 
Coste: 7332
dlb:    11111111111111111111



ITERACION 71
Solucion:    7 14 18 13 6 5 11 17 0 10 9 16 1 19 4 2 3 8 15 12 
Coste: 7332
dlb:    11111111111111111111



ITERACION 72
Solucion:    7 14 18 13 6 5 11 17 0 10 9 16 1 19 4 2 3 8 15 12 
Coste: 7332
dlb:    11111111111111111111



ITERACION 73
Solucion:    7 14 18 13 6 5 11 17 0 10 9 16 1 19 4 2 3 8 15 12 
Coste: 7332
dlb:    11111111111111111111



ITERACION 74
Solucion:    7 14 18 13 6 5 11 17 0 10 9 16 1 19 4 2 3 8 15 12 
Coste: 7332
dlb:    11111111111111111111



ITERACION 75
Solucion:    7 14 18 13 6 5 11 17 0 10 9 16 1 19 4 2 3 8 15 12 
Coste: 7332
dlb:    11111111111111111111



ITERACION 76
Solucion:    7 14 18 13 6 5 11 17 0 10 9 16 1 19 4 2 3 8 15 12 
Coste: 7332
dlb:    11111111111111111111



ITERACION 77
Solucion:    7 14 18 13 6 5 11 17 0 10 9 16 1 19 4 2 3 8 15 12 
Coste: 7332
dlb:    11111111111111111111



ITERACION 78
Solucion:    7 14 18 13 6 5 11 17 0 10 9 16 1 19 4 2 3 8 15 12 
Coste: 7332
dlb:    11111111111111111111



ITERACION 79
Solucion:    7 14 18 13 6 5 11 17 0 10 9 16 1 19 4 2 3 8 15 12 
Coste: 7332
dlb:    11111111111111111111



