ITERACION 0
Solucion:    11 15 6 4 10 19 9 17 5 12 18 2 1 7 3 0 8 13 14 16 
Coste: 7766
dlb:    00000000000000000000



ITERACION 1
Solucion:    15 14 6 4 11 19 9 17 5 12 18 2 1 7 10 0 8 3 13 16 
Coste: 7681
dlb:    00000000000000000000



ITERACION 2
Solucion:    15 14 10 4 11 19 9 17 5 12 6 2 1 7 18 0 8 3 13 16 
Coste: 7660
dlb:    00000000000000000000



ITERACION 3
Solucion:    15 14 10 6 11 19 9 4 5 17 12 2 1 7 18 0 8 3 13 16 
Coste: 7628
dlb:    00000000000000000000



ITERACION 4
Solucion:    15 14 10 6 17 19 9 4 5 11 12 2 1 7 18 0 8 3 13 16 
Coste: 7624
dlb:    00000000000000000000



ITERACION 5
Solucion:    15 14 10 6 17 1 9 4 5 11 12 2 19 7 18 0 8 3 13 16 
Coste: 7602
dlb:    00000000000000000000



ITERACION 6
Solucion:    15 14 10 6 17 1 9 4 5 11 12 2 19 7 18 0 8 3 13 16 
Coste: 7602
dlb:    00000010000000000000



ITERACION 7
Solucion:    15 14 10 6 17 1 9 7 5 11 12 2 4 19 18 0 8 3 13 16 
Coste: 7589
dlb:    00000010000000000000



ITERACION 8
Solucion:    5 14 10 6 17 1 9 7 15 11 12 2 4 19 18 0 8 3 13 16 
Coste: 7581
dlb:    00000010000000000000



ITERACION 9
Solucion:    5 14 10 6 17 11 9 7 15 18 12 2 4 19 1 0 8 3 13 16 
Coste: 7566
dlb:    00000010000000000000



ITERACION 10
Solucion:    5 14 10 6 17 11 9 7 15 18 1 12 2 19 4 0 8 3 13 16 
Coste: 7545
dlb:    00000010000000000000



ITERACION 11
Solucion:    5 14 10 6 17 11 9 7 15 18 1 0 12 19 4 2 8 3 13 16 
Coste: 7541
dlb:    00000010000000000000



ITERACION 12
Solucion:    5 14 10 6 17 11 9 7 15 18 1 0 16 19 4 12 8 3 13 2 
Coste: 7533
dlb:    00000010000000000000



ITERACION 13
Solucion:    5 14 10 6 17 11 9 7 15 18 1 0 16 19 4 12 8 3 13 2 
Coste: 7533
dlb:    00000010000001000000



ITERACION 14
Solucion:    5 14 10 6 17 11 9 7 15 18 4 0 16 19 1 12 8 3 13 2 
Coste: 7529
dlb:    00000010000001000000



ITERACION 15
Solucion:    5 14 10 6 17 11 9 7 15 18 4 0 16 19 1 12 8 3 13 2 
Coste: 7529
dlb:    00000010000001010000



ITERACION 16
Solucion:    5 14 10 6 17 11 9 7 15 18 4 0 16 19 1 12 3 8 13 2 
Coste: 7528
dlb:    00000010000001010000



ITERACION 17
Solucion:    5 14 10 6 17 11 9 7 15 18 4 0 16 19 1 12 3 8 13 2 
Coste: 7528
dlb:    00000010000001010100



ITERACION 18
Solucion:    5 13 14 10 6 11 9 17 15 18 4 0 16 19 1 12 3 8 7 2 
Coste: 7502
dlb:    00000010000001010100



ITERACION 19
Solucion:    5 13 14 10 6 11 9 17 15 18 4 0 16 19 1 12 3 8 7 2 
Coste: 7502
dlb:    00000010000001010101



ITERACION 20
Solucion:    7 13 14 10 6 11 9 17 15 18 4 0 16 19 1 12 3 8 5 2 
Coste: 7498
dlb:    00000010000001010101



ITERACION 21
Solucion:    7 5 13 10 6 11 9 17 15 18 4 0 16 19 1 12 3 8 14 2 
Coste: 7491
dlb:    00000010000001010101



ITERACION 22
Solucion:    7 5 14 10 6 11 9 17 15 18 4 0 16 19 1 12 3 8 13 2 
Coste: 7486
dlb:    00000010000001010101



ITERACION 23
Solucion:    7 5 14 10 6 11 9 17 15 18 4 0 16 19 1 12 3 8 13 2 
Coste: 7486
dlb:    00010010000001010101



ITERACION 24
Solucion:    7 5 14 10 6 11 9 17 15 18 4 0 16 19 1 12 3 8 13 2 
Coste: 7486
dlb:    00011010000001010101



ITERACION 25
Solucion:    7 5 14 10 6 11 9 17 15 18 4 0 16 19 1 12 3 8 13 2 
Coste: 7486
dlb:    00011110000001010101



ITERACION 26
Solucion:    7 5 14 10 6 11 9 17 15 18 4 0 16 19 1 12 3 8 13 2 
Coste: 7486
dlb:    00011110000001010101



ITERACION 27
Solucion:    7 5 14 10 6 11 9 17 15 18 4 0 16 19 1 12 3 8 13 2 
Coste: 7486
dlb:    00011111000001010101



ITERACION 28
Solucion:    7 5 15 10 6 11 9 17 14 18 4 0 16 19 1 12 3 8 13 2 
Coste: 7481
dlb:    00011111000001010101



ITERACION 29
Solucion:    7 5 15 10 6 11 9 17 14 18 4 0 16 19 1 12 3 8 13 2 
Coste: 7481
dlb:    00011111010001010101



ITERACION 30
Solucion:    7 5 15 10 6 11 9 17 14 18 0 4 16 19 1 12 3 8 13 2 
Coste: 7479
dlb:    00011111010001010101



ITERACION 31
Solucion:    7 5 15 10 6 11 9 17 14 18 0 4 16 19 1 12 3 8 13 2 
Coste: 7479
dlb:    00011111010101010101



ITERACION 32
Solucion:    7 5 15 10 6 11 9 17 14 18 0 4 2 19 1 16 3 8 13 12 
Coste: 7467
dlb:    00011111010101000100



ITERACION 33
Solucion:    7 5 15 10 6 11 9 17 14 18 0 4 2 19 1 16 3 8 13 12 
Coste: 7467
dlb:    00011111010101000100



ITERACION 34
Solucion:    7 5 15 10 6 11 9 17 14 18 0 4 2 19 1 16 3 8 13 12 
Coste: 7467
dlb:    00011111010101100100



ITERACION 35
Solucion:    7 5 15 10 6 11 9 17 14 18 0 4 2 19 1 16 3 8 13 12 
Coste: 7467
dlb:    00011111010101110100



ITERACION 36
Solucion:    7 5 15 10 6 11 9 17 14 18 0 4 2 19 1 16 3 8 13 12 
Coste: 7467
dlb:    00011111010101111100



ITERACION 37
Solucion:    7 5 15 10 6 11 9 17 14 18 0 4 2 19 1 16 3 8 13 12 
Coste: 7467
dlb:    00011111010101111100



ITERACION 38
Solucion:    7 5 15 10 6 11 9 17 14 18 0 4 2 19 1 16 3 8 13 12 
Coste: 7467
dlb:    00011111010101111110



ITERACION 39
Solucion:    7 5 15 10 6 11 9 17 14 18 0 4 2 19 1 16 3 8 13 12 
Coste: 7467
dlb:    00011111010101111111



ITERACION 40
Solucion:    7 5 15 10 6 11 9 17 14 18 0 4 2 19 1 16 3 8 13 12 
Coste: 7467
dlb:    10011111010101111111



ITERACION 41
Solucion:    7 5 15 10 6 11 9 17 14 18 0 4 2 19 1 16 3 8 13 12 
Coste: 7467
dlb:    11011111010101111111



ITERACION 42
Solucion:    7 5 6 10 15 11 9 17 14 18 0 4 2 19 1 16 3 8 13 12 
Coste: 7464
dlb:    11010111010101111111



ITERACION 43
Solucion:    7 5 6 10 15 11 9 17 14 18 0 4 2 19 1 16 3 8 13 12 
Coste: 7464
dlb:    11010111010101111111



ITERACION 44
Solucion:    7 5 6 10 15 11 9 17 14 18 0 4 2 19 1 16 3 8 13 12 
Coste: 7464
dlb:    11011111010101111111



ITERACION 45
Solucion:    7 5 6 10 15 11 9 17 14 18 0 4 2 19 1 16 3 8 13 12 
Coste: 7464
dlb:    11011111010101111111



ITERACION 46
Solucion:    7 5 6 10 15 11 9 17 14 18 0 4 2 19 1 16 3 8 13 12 
Coste: 7464
dlb:    11011111010101111111



ITERACION 47
Solucion:    7 5 6 10 15 11 9 17 14 18 0 4 2 19 1 16 3 8 13 12 
Coste: 7464
dlb:    11011111010101111111



ITERACION 48
Solucion:    7 5 6 10 15 11 9 17 14 18 0 4 2 19 1 16 3 8 13 12 
Coste: 7464
dlb:    11011111110101111111



ITERACION 49
Solucion:    7 5 6 10 15 11 9 17 14 18 0 4 2 19 1 16 3 8 13 12 
Coste: 7464
dlb:    11011111110101111111



ITERACION 50
Solucion:    7 5 6 10 15 0 11 17 14 18 9 4 2 19 1 16 3 8 13 12 
Coste: 7442
dlb:    11011001110101111111



ITERACION 51
Solucion:    7 5 6 10 15 0 11 17 14 18 9 4 2 19 1 16 3 8 13 12 
Coste: 7442
dlb:    11011001110101111111



ITERACION 52
Solucion:    7 5 6 10 15 0 11 17 14 18 9 4 2 19 1 16 3 8 13 12 
Coste: 7442
dlb:    11011001110111111111



ITERACION 53
Solucion:    7 5 6 10 15 0 11 17 14 18 9 4 2 19 1 16 3 8 13 12 
Coste: 7442
dlb:    11011001110111111111



ITERACION 54
Solucion:    7 5 6 10 15 0 11 17 14 18 9 4 2 19 1 16 3 8 13 12 
Coste: 7442
dlb:    11011001110111111111



ITERACION 55
Solucion:    7 5 6 10 15 0 11 17 14 18 9 4 2 19 1 16 3 8 13 12 
Coste: 7442
dlb:    11011001110111111111



ITERACION 56
Solucion:    7 5 6 10 15 0 11 17 14 18 9 4 2 19 1 16 3 8 13 12 
Coste: 7442
dlb:    11011001110111111111



ITERACION 57
Solucion:    7 5 6 10 15 0 11 17 14 18 9 4 2 19 1 16 3 8 13 12 
Coste: 7442
dlb:    11011001110111111111



ITERACION 58
Solucion:    7 5 6 10 15 0 11 17 14 18 9 4 2 19 1 16 3 8 13 12 
Coste: 7442
dlb:    11011001110111111111



ITERACION 59
Solucion:    7 5 6 10 15 0 11 17 14 18 9 4 2 19 1 16 3 8 13 12 
Coste: 7442
dlb:    11011001110111111111



ITERACION 60
Solucion:    7 5 6 10 15 0 11 17 14 18 9 4 2 19 1 16 3 8 13 12 
Coste: 7442
dlb:    11011001110111111111



ITERACION 61
Solucion:    7 5 6 10 15 0 11 17 14 18 9 4 2 19 1 16 3 8 13 12 
Coste: 7442
dlb:    11011001110111111111



ITERACION 62
Solucion:    7 5 6 10 15 0 11 17 14 18 9 4 2 19 1 16 3 8 13 12 
Coste: 7442
dlb:    11111001110111111111



ITERACION 63
Solucion:    7 5 6 10 15 0 11 17 14 18 9 4 2 19 1 16 3 8 13 12 
Coste: 7442
dlb:    11111001110111111111



ITERACION 64
Solucion:    7 5 6 10 15 0 11 17 14 18 9 4 2 19 1 16 3 8 13 12 
Coste: 7442
dlb:    11111001110111111111



ITERACION 65
Solucion:    7 5 6 0 15 17 11 10 14 18 9 4 2 19 1 16 3 8 13 12 
Coste: 7425
dlb:    11101000110111111111



ITERACION 66
Solucion:    7 5 6 0 15 17 18 10 14 11 9 4 2 19 1 16 3 8 13 12 
Coste: 7414
dlb:    11101000100111111111



ITERACION 67
Solucion:    7 5 6 0 15 17 18 10 14 11 9 4 2 19 1 16 3 8 13 12 
Coste: 7414
dlb:    11101001100111111111



ITERACION 68
Solucion:    7 5 6 0 15 17 18 10 14 11 9 4 2 19 1 16 3 8 13 12 
Coste: 7414
dlb:    11101001100111111111



ITERACION 69
Solucion:    7 5 6 0 15 17 18 10 14 11 9 4 2 19 1 16 3 8 13 12 
Coste: 7414
dlb:    11101001110111111111



ITERACION 70
Solucion:    7 5 6 0 15 17 18 10 14 11 9 4 2 19 1 16 3 8 13 12 
Coste: 7414
dlb:    11101001111111111111



ITERACION 71
Solucion:    7 5 6 0 15 17 18 10 14 11 9 4 2 19 1 16 3 8 13 12 
Coste: 7414
dlb:    11101001111111111111



ITERACION 72
Solucion:    7 5 6 0 15 17 18 10 14 11 9 4 2 19 1 16 3 8 13 12 
Coste: 7414
dlb:    11101001111111111111



ITERACION 73
Solucion:    7 5 6 0 15 17 18 10 14 11 9 4 2 19 1 16 3 8 13 12 
Coste: 7414
dlb:    11101001111111111111



ITERACION 74
Solucion:    7 5 6 0 15 17 18 10 14 11 9 4 2 19 1 16 3 8 13 12 
Coste: 7414
dlb:    11101001111111111111



ITERACION 75
Solucion:    7 5 6 0 15 17 18 10 14 11 9 4 2 19 1 16 3 8 13 12 
Coste: 7414
dlb:    11101001111111111111



ITERACION 76
Solucion:    7 5 6 0 15 17 18 10 14 11 9 4 2 19 1 16 3 8 13 12 
Coste: 7414
dlb:    11101001111111111111



ITERACION 77
Solucion:    7 5 6 0 15 17 18 10 14 11 9 4 2 19 1 16 3 8 13 12 
Coste: 7414
dlb:    11101001111111111111



ITERACION 78
Solucion:    7 5 6 0 15 17 18 10 14 11 9 4 2 19 1 16 3 8 13 12 
Coste: 7414
dlb:    11101001111111111111



ITERACION 79
Solucion:    7 5 6 0 15 17 18 10 14 11 9 4 2 19 1 16 3 8 13 12 
Coste: 7414
dlb:    11101001111111111111



ITERACION 80
Solucion:    7 5 6 0 15 17 18 10 14 11 9 4 2 19 1 16 3 8 13 12 
Coste: 7414
dlb:    11101001111111111111



ITERACION 81
Solucion:    7 5 6 0 15 17 18 10 14 11 9 4 2 19 1 16 3 8 13 12 
Coste: 7414
dlb:    11101001111111111111



ITERACION 82
Solucion:    7 5 6 0 15 17 18 10 14 11 9 4 2 19 1 16 3 8 13 12 
Coste: 7414
dlb:    11101001111111111111



ITERACION 83
Solucion:    7 5 6 0 15 17 18 10 14 11 9 4 2 19 1 16 3 8 13 12 
Coste: 7414
dlb:    11111001111111111111



ITERACION 84
Solucion:    7 5 6 0 15 17 18 10 14 11 9 4 2 19 1 16 3 8 13 12 
Coste: 7414
dlb:    11111001111111111111



ITERACION 85
Solucion:    7 5 6 0 15 17 18 10 14 11 9 4 2 19 1 16 3 8 13 12 
Coste: 7414
dlb:    11111101111111111111



ITERACION 86
Solucion:    7 5 6 0 15 17 18 10 14 11 9 4 2 19 1 16 3 8 13 12 
Coste: 7414
dlb:    11111111111111111111



ITERACION 87
Solucion:    7 5 6 0 15 17 18 10 14 11 9 4 2 19 1 16 3 8 13 12 
Coste: 7414
dlb:    11111111111111111111



ITERACION 88
Solucion:    7 5 6 0 15 17 18 10 14 11 9 4 2 19 1 16 3 8 13 12 
Coste: 7414
dlb:    11111111111111111111



ITERACION 89
Solucion:    7 5 6 0 15 17 18 10 14 11 9 4 2 19 1 16 3 8 13 12 
Coste: 7414
dlb:    11111111111111111111



ITERACION 90
Solucion:    7 5 6 0 15 17 18 10 14 11 9 4 2 19 1 16 3 8 13 12 
Coste: 7414
dlb:    11111111111111111111



ITERACION 91
Solucion:    7 5 6 0 15 17 18 10 14 11 9 4 2 19 1 16 3 8 13 12 
Coste: 7414
dlb:    11111111111111111111



ITERACION 92
Solucion:    7 5 6 0 15 17 18 10 14 11 9 4 2 19 1 16 3 8 13 12 
Coste: 7414
dlb:    11111111111111111111



ITERACION 93
Solucion:    7 5 6 0 15 17 18 10 14 11 9 4 2 19 1 16 3 8 13 12 
Coste: 7414
dlb:    11111111111111111111



ITERACION 94
Solucion:    7 5 6 0 15 17 18 10 14 11 9 4 2 19 1 16 3 8 13 12 
Coste: 7414
dlb:    11111111111111111111



ITERACION 95
Solucion:    7 5 6 0 15 17 18 10 14 11 9 4 2 19 1 16 3 8 13 12 
Coste: 7414
dlb:    11111111111111111111



ITERACION 96
Solucion:    7 5 6 0 15 17 18 10 14 11 9 4 2 19 1 16 3 8 13 12 
Coste: 7414
dlb:    11111111111111111111



ITERACION 97
Solucion:    7 5 6 0 15 17 18 10 14 11 9 4 2 19 1 16 3 8 13 12 
Coste: 7414
dlb:    11111111111111111111



ITERACION 98
Solucion:    7 5 6 0 15 17 18 10 14 11 9 4 2 19 1 16 3 8 13 12 
Coste: 7414
dlb:    11111111111111111111



ITERACION 99
Solucion:    7 5 6 0 15 17 18 10 14 11 9 4 2 19 1 16 3 8 13 12 
Coste: 7414
dlb:    11111111111111111111



