ITERACION 0
Solucion:    1 14 19 16 6 10 8 5 4 12 13 3 15 2 18 9 17 11 0 7 
Coste: 7818
dlb:    00000000000000000000



ITERACION 1
Solucion:    14 11 1 19 6 10 8 5 4 16 13 3 15 2 18 12 9 17 0 7 
Coste: 7749
dlb:    00000000000000000000



ITERACION 2
Solucion:    14 1 17 19 6 10 8 11 4 5 13 3 15 2 18 12 9 16 0 7 
Coste: 7727
dlb:    00000000000000000000



ITERACION 3
Solucion:    19 1 17 6 14 10 8 11 4 5 13 3 15 2 18 12 9 16 0 7 
Coste: 7695
dlb:    00000000000000000000



ITERACION 4
Solucion:    19 1 17 6 5 14 10 11 4 8 13 3 15 2 18 12 9 16 0 7 
Coste: 7659
dlb:    00000000000000000000



ITERACION 5
Solucion:    19 1 17 6 5 0 10 14 4 11 13 3 15 8 18 12 2 16 9 7 
Coste: 7588
dlb:    00000000000000000000



ITERACION 6
Solucion:    19 1 17 6 5 0 11 14 4 10 13 3 15 8 18 12 2 16 9 7 
Coste: 7582
dlb:    00000000000000000000



ITERACION 7
Solucion:    19 1 17 6 5 0 11 18 4 10 14 3 15 8 13 12 2 16 9 7 
Coste: 7559
dlb:    00000000000000000000



ITERACION 8
Solucion:    19 1 17 6 5 0 11 18 4 10 14 3 15 8 13 12 2 16 9 7 
Coste: 7559
dlb:    00000000100000000000



ITERACION 9
Solucion:    19 1 17 6 5 0 11 10 4 18 14 3 15 8 13 12 2 16 9 7 
Coste: 7549
dlb:    00000000100000000000



ITERACION 10
Solucion:    19 1 17 6 5 0 11 10 4 18 15 3 14 8 13 12 2 16 9 7 
Coste: 7507
dlb:    00000000100000000000



ITERACION 11
Solucion:    19 1 17 6 5 0 11 10 4 18 15 12 14 3 13 8 2 16 9 7 
Coste: 7498
dlb:    00000000100000000000



ITERACION 12
Solucion:    19 1 17 6 5 0 11 10 4 18 15 12 14 3 13 8 2 16 9 7 
Coste: 7498
dlb:    00000000100010000000



ITERACION 13
Solucion:    19 1 17 6 5 0 11 10 4 18 15 12 14 3 13 8 2 16 9 7 
Coste: 7498
dlb:    00000000100011000000



ITERACION 14
Solucion:    19 1 17 6 5 0 11 10 4 18 13 12 14 3 15 8 2 16 9 7 
Coste: 7490
dlb:    00000000100011000000



ITERACION 15
Solucion:    19 1 17 6 5 0 11 10 4 18 13 12 14 3 15 8 2 16 9 7 
Coste: 7490
dlb:    00000000100011010000



ITERACION 16
Solucion:    19 1 17 6 5 0 11 10 4 18 13 12 14 3 15 8 16 2 9 7 
Coste: 7487
dlb:    00000000100011010000



ITERACION 17
Solucion:    19 1 17 6 5 0 11 10 4 18 13 12 14 3 15 8 16 2 9 7 
Coste: 7487
dlb:    00000000100011010100



ITERACION 18
Solucion:    19 1 17 6 5 0 11 10 4 18 13 12 14 3 15 8 16 2 9 7 
Coste: 7487
dlb:    00000000100011010110



ITERACION 19
Solucion:    19 1 17 6 5 0 11 10 4 18 13 12 14 3 15 8 16 2 9 7 
Coste: 7487
dlb:    00000000100011010111



ITERACION 20
Solucion:    19 1 17 6 5 0 11 10 4 18 13 12 14 3 15 8 16 2 9 7 
Coste: 7487
dlb:    10000000100011010111



ITERACION 21
Solucion:    19 1 17 6 5 0 11 10 4 18 13 12 14 3 15 8 16 2 9 7 
Coste: 7487
dlb:    11000000100011010111



ITERACION 22
Solucion:    19 1 17 6 5 0 11 10 4 18 13 12 14 3 15 8 16 2 9 7 
Coste: 7487
dlb:    11100000100011010111



ITERACION 23
Solucion:    19 1 17 16 6 0 11 10 4 18 13 5 14 3 15 8 12 2 9 7 
Coste: 7456
dlb:    11100000100011010111



ITERACION 24
Solucion:    19 1 17 16 11 0 6 10 4 18 13 5 14 3 15 8 12 2 9 7 
Coste: 7454
dlb:    11100000100011010111



ITERACION 25
Solucion:    19 1 17 16 11 0 6 10 4 18 13 5 14 3 15 8 12 2 9 7 
Coste: 7454
dlb:    11100100100011010111



ITERACION 26
Solucion:    19 1 17 16 11 0 10 6 4 18 13 5 14 3 15 8 12 2 9 7 
Coste: 7446
dlb:    11100100100011010111



ITERACION 27
Solucion:    19 1 17 16 11 0 10 6 4 18 13 5 14 3 15 8 12 2 9 7 
Coste: 7446
dlb:    11100101100011010111



ITERACION 28
Solucion:    19 1 17 16 11 0 10 6 4 18 13 5 14 3 15 8 12 2 9 7 
Coste: 7446
dlb:    11100101100011010111



ITERACION 29
Solucion:    19 1 17 16 11 0 10 6 4 18 13 5 14 3 15 8 12 2 9 7 
Coste: 7446
dlb:    11100101110011010111



ITERACION 30
Solucion:    19 1 17 16 11 0 10 6 4 18 13 5 14 3 15 8 12 2 9 7 
Coste: 7446
dlb:    11100101111011010111



ITERACION 31
Solucion:    19 1 17 16 11 0 10 6 4 18 13 5 14 3 15 8 12 2 9 7 
Coste: 7446
dlb:    11100101111111010111



ITERACION 32
Solucion:    19 1 17 16 11 0 10 6 4 18 13 5 14 3 15 8 12 2 9 7 
Coste: 7446
dlb:    11100101111111010111



ITERACION 33
Solucion:    19 1 17 16 11 0 10 6 4 18 13 5 14 3 15 8 12 2 9 7 
Coste: 7446
dlb:    11100101111111010111



ITERACION 34
Solucion:    19 1 17 16 11 0 10 6 4 18 13 5 14 3 15 8 12 2 9 7 
Coste: 7446
dlb:    11100101111111110111



ITERACION 35
Solucion:    19 1 17 16 11 0 10 6 4 18 13 5 14 3 15 8 12 2 9 7 
Coste: 7446
dlb:    11100101111111110111



ITERACION 36
Solucion:    19 1 17 16 11 0 10 6 4 18 13 5 14 3 15 8 2 12 9 7 
Coste: 7445
dlb:    11100101111111110011



ITERACION 37
Solucion:    19 1 17 16 11 0 10 6 4 18 13 5 14 3 15 8 2 12 9 7 
Coste: 7445
dlb:    11100101111111110111



ITERACION 38
Solucion:    19 1 17 16 11 0 10 6 4 18 13 5 14 3 15 8 2 12 9 7 
Coste: 7445
dlb:    11100101111111110111



ITERACION 39
Solucion:    19 1 17 16 11 0 10 6 4 18 13 5 14 3 15 8 2 12 9 7 
Coste: 7445
dlb:    11100101111111110111



ITERACION 40
Solucion:    19 1 17 16 11 0 10 6 4 18 13 5 14 3 15 8 2 12 9 7 
Coste: 7445
dlb:    11100101111111110111



ITERACION 41
Solucion:    19 1 17 16 11 0 10 6 4 18 13 5 14 3 15 8 2 12 9 7 
Coste: 7445
dlb:    11100101111111110111



ITERACION 42
Solucion:    19 1 17 16 11 0 10 6 4 18 13 5 14 3 15 8 2 12 9 7 
Coste: 7445
dlb:    11100101111111110111



ITERACION 43
Solucion:    19 1 17 16 11 0 10 6 4 18 13 5 14 3 15 8 2 12 9 7 
Coste: 7445
dlb:    11110101111111110111



ITERACION 44
Solucion:    19 1 17 16 11 0 10 6 4 18 13 5 14 3 15 8 2 12 9 7 
Coste: 7445
dlb:    11111101111111110111



ITERACION 45
Solucion:    19 1 17 16 11 0 10 6 4 18 13 5 14 3 15 8 2 12 9 7 
Coste: 7445
dlb:    11111101111111110111



ITERACION 46
Solucion:    19 1 10 16 11 0 17 6 4 18 13 5 14 3 15 8 2 12 9 7 
Coste: 7443
dlb:    11011101111111110111



ITERACION 47
Solucion:    19 1 10 16 11 0 17 6 4 18 13 5 14 3 15 8 2 12 9 7 
Coste: 7443
dlb:    11011101111111110111



ITERACION 48
Solucion:    19 1 10 16 11 0 17 6 4 18 13 5 14 3 15 8 2 12 9 7 
Coste: 7443
dlb:    11011101111111110111



ITERACION 49
Solucion:    19 1 10 16 11 0 17 6 4 18 13 5 14 3 15 8 2 12 9 7 
Coste: 7443
dlb:    11011101111111110111



ITERACION 50
Solucion:    19 1 10 16 11 0 17 6 4 18 13 5 14 3 15 8 2 12 9 7 
Coste: 7443
dlb:    11011101111111110111



ITERACION 51
Solucion:    19 1 10 16 11 0 17 6 4 18 13 5 14 3 15 8 2 12 9 7 
Coste: 7443
dlb:    11011101111111110111



ITERACION 52
Solucion:    19 1 10 16 11 0 17 6 4 18 13 5 14 3 15 8 2 12 9 7 
Coste: 7443
dlb:    11011101111111110111



ITERACION 53
Solucion:    19 1 10 16 11 0 17 6 4 18 13 5 14 3 15 8 2 12 9 7 
Coste: 7443
dlb:    11011101111111110111



ITERACION 54
Solucion:    19 1 10 16 11 0 17 6 4 18 13 5 14 3 15 8 2 12 9 7 
Coste: 7443
dlb:    11011101111111110111



ITERACION 55
Solucion:    19 1 10 16 11 0 17 6 4 18 13 5 14 3 15 8 2 12 9 7 
Coste: 7443
dlb:    11011101111111110111



ITERACION 56
Solucion:    2 1 10 16 11 0 17 6 4 18 13 5 14 3 15 8 19 12 9 7 
Coste: 7441
dlb:    01011101111111110111



ITERACION 57
Solucion:    2 1 10 16 11 0 17 6 4 18 13 5 14 3 15 8 19 12 9 7 
Coste: 7441
dlb:    01011101111111110111



ITERACION 58
Solucion:    2 1 10 16 11 0 17 6 4 18 13 5 14 3 15 8 19 12 9 7 
Coste: 7441
dlb:    01011101111111110111



ITERACION 59
Solucion:    2 1 10 16 11 0 17 6 4 18 13 5 14 3 15 8 19 12 9 7 
Coste: 7441
dlb:    01011101111111110111



ITERACION 60
Solucion:    2 1 10 16 11 0 17 6 4 18 13 5 14 3 15 8 19 12 9 7 
Coste: 7441
dlb:    11011101111111110111



ITERACION 61
Solucion:    2 1 10 16 11 0 17 6 4 18 13 5 14 3 15 8 19 12 9 7 
Coste: 7441
dlb:    11011101111111110111



ITERACION 62
Solucion:    2 1 10 16 11 0 17 6 4 18 13 5 14 3 15 8 19 12 9 7 
Coste: 7441
dlb:    11111101111111110111



ITERACION 63
Solucion:    2 1 10 16 11 0 17 6 4 18 13 5 14 3 15 8 19 12 9 7 
Coste: 7441
dlb:    11111101111111110111



ITERACION 64
Solucion:    2 1 10 16 11 0 17 6 4 18 13 5 14 3 15 8 19 12 9 7 
Coste: 7441
dlb:    11111101111111110111



ITERACION 65
Solucion:    2 1 10 16 11 0 17 6 4 18 13 5 14 3 15 8 19 12 9 7 
Coste: 7441
dlb:    11111101111111110111



ITERACION 66
Solucion:    2 1 10 16 11 0 17 6 4 18 13 5 14 3 15 8 19 12 9 7 
Coste: 7441
dlb:    11111111111111110111



ITERACION 67
Solucion:    2 1 10 16 11 0 17 6 4 18 13 5 14 3 15 8 19 12 9 7 
Coste: 7441
dlb:    11111111111111110111



ITERACION 68
Solucion:    2 1 10 16 11 0 17 6 4 18 13 5 14 3 15 8 19 12 9 7 
Coste: 7441
dlb:    11111111111111110111



ITERACION 69
Solucion:    2 1 10 16 11 0 17 6 4 18 13 5 14 3 15 8 19 12 9 7 
Coste: 7441
dlb:    11111111111111110111



ITERACION 70
Solucion:    2 1 10 16 11 0 17 6 4 18 13 5 14 3 15 8 19 12 9 7 
Coste: 7441
dlb:    11111111111111110111



ITERACION 71
Solucion:    2 1 10 16 11 0 17 6 4 18 13 5 14 3 15 8 19 12 9 7 
Coste: 7441
dlb:    11111111111111110111



ITERACION 72
Solucion:    2 1 10 16 11 0 17 6 4 18 13 5 14 3 15 8 19 12 9 7 
Coste: 7441
dlb:    11111111111111110111



ITERACION 73
Solucion:    2 1 10 16 11 0 17 6 4 18 13 5 14 3 15 8 19 12 9 7 
Coste: 7441
dlb:    11111111111111110111



ITERACION 74
Solucion:    2 1 10 16 11 0 17 6 4 18 13 5 14 3 15 8 19 12 9 7 
Coste: 7441
dlb:    11111111111111110111



ITERACION 75
Solucion:    2 1 10 16 11 0 17 6 4 18 13 5 14 3 15 8 19 12 9 7 
Coste: 7441
dlb:    11111111111111110111



ITERACION 76
Solucion:    2 1 10 16 11 0 17 6 4 18 13 5 14 3 15 8 19 12 9 7 
Coste: 7441
dlb:    11111111111111111111



ITERACION 77
Solucion:    2 1 10 16 11 0 17 6 4 18 13 5 14 3 15 8 19 12 9 7 
Coste: 7441
dlb:    11111111111111111111



ITERACION 78
Solucion:    2 1 10 16 11 0 17 6 4 18 13 5 14 3 15 8 19 12 9 7 
Coste: 7441
dlb:    11111111111111111111



ITERACION 79
Solucion:    2 1 10 16 11 0 17 6 4 18 13 5 14 3 15 8 19 12 9 7 
Coste: 7441
dlb:    11111111111111111111



