ITERACION 0
Solucion:    56 55 83 66 26 30 111 90 41 59 87 80 94 34 109 69 7 53 108 125 95 98 85 2 43 82 4 116 9 102 33 25 15 11 72 110 52 91 51 115 123 10 8 104 38 117 46 20 113 42 5 19 114 61 16 74 97 92 93 107 12 68 78 37 13 6 67 73 22 100 58 45 75 54 28 121 44 27 47 50 49 48 63 120 71 64 101 32 24 81 31 1 106 62 79 57 103 39 127 60 40 14 18 29 124 23 88 36 65 122 35 77 99 0 105 17 3 96 118 84 89 70 76 126 21 86 112 119 
Coste: 337
Temperatura: 522.0
Probabilidad de aceptación: 1.0
Movimiento: SI



ITERACION 1
Solucion:    55 119 56 83 66 26 30 111 90 41 59 87 80 94 34 109 69 7 53 108 125 95 98 85 2 43 82 4 116 9 102 33 25 15 11 72 110 52 91 51 115 123 10 8 104 38 117 46 20 113 42 5 19 114 61 16 74 97 92 93 107 12 68 78 37 13 6 67 73 22 100 58 45 75 54 28 121 44 27 47 50 49 48 63 120 71 64 101 32 24 81 31 1 106 62 79 57 103 39 127 60 40 14 18 29 124 23 88 36 65 122 35 77 99 0 105 17 3 96 118 84 89 70 76 126 21 86 112 
Coste: 334
Temperatura: 469.8
Probabilidad de aceptación: 1.0
Movimiento: SI



ITERACION 2
Solucion:    56 55 112 119 83 66 26 30 111 90 41 59 87 80 94 34 109 69 7 53 108 125 95 98 85 2 43 82 4 116 9 102 33 25 15 11 72 110 52 91 51 115 123 10 8 104 38 117 46 20 113 42 5 19 114 61 16 74 97 92 93 107 12 68 78 37 13 6 67 73 22 100 58 45 75 54 28 121 44 27 47 50 49 48 63 120 71 64 101 32 24 81 31 1 106 62 79 57 103 39 127 60 40 14 18 29 124 23 88 36 65 122 35 77 99 0 105 17 3 96 118 84 89 70 76 126 21 86 
Coste: 307
Temperatura: 422.82
Probabilidad de aceptación: 1.0
Movimiento: SI



ITERACION 3
Solucion:    119 56 55 86 112 83 66 26 30 111 90 41 59 87 80 94 34 109 69 7 53 108 125 95 98 85 2 43 82 4 116 9 102 33 25 15 11 72 110 52 91 51 115 123 10 8 104 38 117 46 20 113 42 5 19 114 61 16 74 97 92 93 107 12 68 78 37 13 6 67 73 22 100 58 45 75 54 28 121 44 27 47 50 49 48 63 120 71 64 101 32 24 81 31 1 106 62 79 57 103 39 127 60 40 14 18 29 124 23 88 36 65 122 35 77 99 0 105 17 3 96 118 84 89 70 76 126 21 
Coste: 341
Temperatura: 380.538
Probabilidad de aceptación: 1.0
Movimiento: SI



ITERACION 4
Solucion:    112 119 56 55 21 86 83 66 26 30 111 90 41 59 87 80 94 34 109 69 7 53 108 125 95 98 85 2 43 82 4 116 9 102 33 25 15 11 72 110 52 91 51 115 123 10 8 104 38 117 46 20 113 42 5 19 114 61 16 74 97 92 93 107 12 68 78 37 13 6 67 73 22 100 58 45 75 54 28 121 44 27 47 50 49 48 63 120 71 64 101 32 24 81 31 1 106 62 79 57 103 39 127 60 40 14 18 29 124 23 88 36 65 122 35 77 99 0 105 17 3 96 118 84 89 70 76 126 
Coste: 344
Temperatura: 342.48420000000004
Probabilidad de aceptación: 1.0
Movimiento: SI



ITERACION 5
Solucion:    86 112 119 56 55 126 21 83 66 26 30 111 90 41 59 87 80 94 34 109 69 7 53 108 125 95 98 85 2 43 82 4 116 9 102 33 25 15 11 72 110 52 91 51 115 123 10 8 104 38 117 46 20 113 42 5 19 114 61 16 74 97 92 93 107 12 68 78 37 13 6 67 73 22 100 58 45 75 54 28 121 44 27 47 50 49 48 63 120 71 64 101 32 24 81 31 1 106 62 79 57 103 39 127 60 40 14 18 29 124 23 88 36 65 122 35 77 99 0 105 17 3 96 118 84 89 70 76 
Coste: 325
Temperatura: 308.23578000000003
Probabilidad de aceptación: 1.0
Movimiento: SI



ITERACION 6
Solucion:    21 86 112 119 56 55 76 126 83 66 26 30 111 90 41 59 87 80 94 34 109 69 7 53 108 125 95 98 85 2 43 82 4 116 9 102 33 25 15 11 72 110 52 91 51 115 123 10 8 104 38 117 46 20 113 42 5 19 114 61 16 74 97 92 93 107 12 68 78 37 13 6 67 73 22 100 58 45 75 54 28 121 44 27 47 50 49 48 63 120 71 64 101 32 24 81 31 1 106 62 79 57 103 39 127 60 40 14 18 29 124 23 88 36 65 122 35 77 99 0 105 17 3 96 118 84 89 70 
Coste: 324
Temperatura: 277.41220200000004
Probabilidad de aceptación: 1.0
Movimiento: SI



ITERACION 7
Solucion:    126 21 86 112 119 56 55 70 76 83 66 26 30 111 90 41 59 87 80 94 34 109 69 7 53 108 125 95 98 85 2 43 82 4 116 9 102 33 25 15 11 72 110 52 91 51 115 123 10 8 104 38 117 46 20 113 42 5 19 114 61 16 74 97 92 107 93 12 68 78 37 13 6 67 73 22 100 58 45 75 54 28 121 44 27 47 50 49 48 63 120 71 64 101 32 24 81 31 1 106 62 79 57 103 39 127 60 40 14 18 29 124 23 88 36 65 122 35 77 99 0 105 17 3 96 118 84 89 
Coste: 310
Temperatura: 249.67098180000005
Probabilidad de aceptación: 1.0
Movimiento: SI



ITERACION 8
Solucion:    76 126 21 86 112 119 56 55 89 70 83 66 26 30 111 90 41 59 87 80 94 34 109 69 7 53 108 125 95 98 85 2 43 82 4 9 116 102 33 25 15 11 72 110 52 91 51 115 123 10 8 104 38 117 46 20 113 42 5 19 114 61 16 74 97 92 107 93 12 68 78 37 13 6 67 73 22 100 45 58 75 54 28 121 44 27 47 50 49 48 63 120 71 64 101 32 24 81 31 1 106 62 79 57 103 39 127 60 40 14 18 29 124 23 88 36 65 122 35 77 99 0 105 17 3 96 118 84 
Coste: 334
Temperatura: 224.70388362000006
Probabilidad de aceptación: 1.0
Movimiento: SI



ITERACION 9
Solucion:    70 76 126 21 86 112 119 56 55 84 89 83 66 26 30 111 90 41 59 87 80 94 34 109 69 7 53 108 125 95 98 85 2 43 82 4 9 116 102 33 25 15 11 72 110 52 91 51 115 123 10 8 104 38 117 46 20 113 42 5 19 114 61 16 74 97 92 107 93 12 68 78 37 13 6 67 73 22 100 45 58 75 54 28 121 44 27 47 50 49 48 63 120 71 64 101 32 24 81 31 1 106 62 79 57 103 39 127 60 40 14 18 29 124 23 88 36 65 122 35 77 99 0 105 17 3 96 118 
Coste: 315
Temperatura: 202.23349525800006
Probabilidad de aceptación: 1.0
Movimiento: SI



ITERACION 10
Solucion:    89 70 76 126 21 86 112 119 56 55 118 84 83 66 26 30 111 90 41 59 87 80 94 34 109 69 7 53 108 125 95 98 85 2 43 82 4 9 116 102 33 25 15 11 72 110 52 91 51 115 123 10 8 104 38 117 46 20 113 42 5 19 114 61 16 74 97 92 107 93 12 68 78 37 13 6 67 73 22 100 45 58 75 54 28 121 44 27 47 50 49 48 63 120 71 64 101 32 24 81 31 1 106 62 79 57 103 39 127 60 40 14 18 29 124 23 88 36 65 122 35 77 99 0 105 17 3 96 
Coste: 335
Temperatura: 182.01014573220007
Probabilidad de aceptación: 1.0
Movimiento: SI



ITERACION 11
Solucion:    84 89 70 76 126 21 86 112 119 56 55 96 118 83 66 26 30 111 90 41 59 87 80 94 34 109 69 7 53 108 125 95 98 85 2 43 82 4 9 116 102 33 25 15 11 72 110 52 91 51 115 123 10 8 104 38 117 46 20 113 42 5 19 114 61 16 74 97 92 107 93 12 68 78 37 13 6 67 73 22 100 45 58 75 54 28 121 44 27 47 50 49 48 63 120 71 64 101 32 24 81 31 1 106 62 79 57 103 39 127 60 40 14 18 29 124 23 88 36 65 122 35 77 99 0 105 17 3 
Coste: 340
Temperatura: 163.80913115898008
Probabilidad de aceptación: 1.0
Movimiento: SI



ITERACION 12
Solucion:    118 84 89 70 76 126 21 86 112 119 56 55 3 96 83 66 26 30 111 90 41 59 87 80 94 34 109 69 7 53 108 125 95 98 85 2 43 82 4 9 116 102 33 25 15 11 110 72 52 91 51 115 123 10 8 104 38 117 46 20 113 42 5 19 114 61 16 74 97 92 107 93 12 68 78 37 13 6 67 73 22 100 45 58 75 54 28 121 44 27 47 50 49 48 63 120 71 64 101 32 24 81 31 1 106 62 79 57 103 39 127 60 40 14 18 29 124 23 88 36 65 122 35 77 99 0 105 17 
Coste: 326
Temperatura: 147.42821804308207
Probabilidad de aceptación: 1.0
Movimiento: SI



ITERACION 13
Solucion:    96 118 84 89 70 76 126 21 86 112 119 56 55 17 3 83 66 26 30 111 90 41 59 87 80 94 34 109 69 7 53 108 125 95 98 85 2 43 82 4 9 116 102 33 25 15 11 110 72 52 91 51 115 123 10 8 104 38 117 46 20 113 42 5 19 114 61 16 74 97 92 107 93 12 68 78 37 13 6 67 73 22 100 45 58 75 54 28 121 44 27 47 50 49 48 63 120 71 64 101 32 24 81 31 1 106 62 79 57 103 39 127 60 40 14 18 29 124 23 88 36 65 122 35 77 99 0 105 
Coste: 336
Temperatura: 132.68539623877388
Probabilidad de aceptación: 1.0
Movimiento: SI



ITERACION 14
Solucion:    3 96 118 84 89 70 76 126 21 86 112 119 56 55 105 17 83 66 26 30 111 90 41 59 87 80 94 109 34 69 7 53 108 125 95 98 85 2 43 82 4 9 116 102 33 25 15 11 110 72 91 52 51 115 123 10 8 104 38 117 46 20 113 42 5 19 114 61 16 74 97 92 107 93 12 68 78 37 13 6 67 73 22 100 45 58 75 54 28 121 44 27 47 50 49 48 63 120 71 64 101 32 24 81 31 1 106 62 79 57 103 39 127 60 40 14 18 29 124 23 88 36 65 122 35 77 99 0 
Coste: 333
Temperatura: 119.41685661489649
Probabilidad de aceptación: 1.0
Movimiento: SI



ITERACION 15
Solucion:    17 3 96 118 84 89 70 76 126 21 86 112 119 56 55 0 105 83 66 26 30 111 90 41 59 87 80 94 109 34 69 7 53 108 125 95 98 85 2 43 82 4 9 116 102 33 25 15 11 110 72 91 52 51 115 123 10 8 104 38 117 46 20 113 42 5 19 114 61 16 74 97 92 107 93 12 68 78 37 13 6 67 73 22 100 45 58 75 54 28 121 44 27 47 50 49 48 63 120 71 64 101 32 24 81 31 1 106 62 79 57 103 39 127 60 40 14 18 29 124 23 88 65 36 122 35 77 99 
Coste: 322
Temperatura: 107.47517095340685
Probabilidad de aceptación: 1.0
Movimiento: SI



ITERACION 16
Solucion:    105 17 3 96 118 84 89 70 76 126 21 86 112 119 56 55 99 0 83 66 26 30 111 90 41 59 87 80 94 109 34 69 7 53 108 125 95 98 85 2 43 82 4 9 116 102 33 25 15 11 110 72 91 52 51 115 123 10 8 104 38 117 46 20 113 42 5 19 114 61 16 74 97 92 107 93 12 68 78 37 13 6 67 73 22 100 45 58 75 54 28 121 44 27 47 50 49 48 63 120 71 64 101 32 24 81 31 1 106 62 79 57 103 39 127 60 40 14 18 29 124 23 88 65 36 122 35 77 
Coste: 333
Temperatura: 96.72765385806616
Probabilidad de aceptación: 1.0
Movimiento: SI



ITERACION 17
Solucion:    0 105 17 3 96 118 84 89 70 76 126 21 86 112 119 56 55 77 99 83 66 26 30 111 90 41 59 87 80 94 109 34 69 7 53 108 125 95 98 85 2 43 82 4 9 116 102 33 25 15 11 110 72 91 52 51 115 123 10 8 104 38 117 46 20 113 42 5 19 114 61 16 74 97 92 107 93 12 68 78 37 13 6 67 73 22 100 45 58 75 54 28 121 44 27 47 50 49 48 63 120 71 64 101 32 24 81 31 1 106 62 79 57 103 39 127 60 40 14 18 29 124 23 88 65 36 122 35 
Coste: 316
Temperatura: 87.05488847225955
Probabilidad de aceptación: 1.0
Movimiento: SI



ITERACION 18
Solucion:    99 0 105 17 3 96 118 84 89 70 76 126 21 86 112 119 56 55 35 77 83 66 26 30 111 90 41 59 87 80 94 109 34 69 7 53 108 125 95 98 85 2 43 82 4 9 116 102 33 25 15 11 110 72 91 52 51 115 123 10 8 104 38 117 46 20 113 42 5 19 114 61 16 74 97 92 107 93 12 68 78 37 13 6 67 73 22 100 45 58 75 54 28 121 44 27 47 50 49 48 63 120 71 64 101 32 24 81 31 1 106 62 79 57 103 39 127 60 40 14 18 29 124 23 88 65 36 122 
Coste: 337
Temperatura: 78.3493996250336
Probabilidad de aceptación: 1.0
Movimiento: SI



ITERACION 19
Solucion:    77 99 0 105 17 3 96 118 84 89 70 76 126 21 86 112 119 56 55 122 35 83 66 26 30 111 90 41 59 87 80 94 109 34 69 7 53 108 125 95 98 85 2 43 82 4 9 116 102 33 25 15 11 110 72 91 52 51 115 123 10 8 104 38 117 46 20 113 42 5 19 114 61 16 74 97 92 107 93 12 68 78 37 13 6 67 73 22 100 45 58 75 54 28 121 44 27 47 50 49 48 63 120 71 64 101 32 24 81 31 1 106 62 79 57 103 39 127 60 40 14 18 29 124 23 88 65 36 
Coste: 337
Temperatura: 70.51445966253024
Probabilidad de aceptación: 1.0
Movimiento: SI



ITERACION 20
Solucion:    35 77 99 0 105 17 3 96 118 84 89 70 76 126 21 86 112 119 56 55 36 122 83 66 26 30 111 90 41 59 87 80 94 109 34 69 7 53 108 125 95 98 85 2 43 82 4 9 116 102 33 25 15 11 110 72 91 52 51 115 123 10 8 104 38 46 117 20 113 42 5 19 114 61 16 74 97 92 107 93 12 68 78 37 13 6 67 73 22 100 45 58 75 54 28 121 44 27 47 50 49 48 63 120 71 64 101 32 24 81 31 1 106 62 79 57 103 39 127 60 40 14 18 29 124 23 88 65 
Coste: 339
Temperatura: 63.46301369627722
Probabilidad de aceptación: 1.0
Movimiento: SI



ITERACION 21
Solucion:    122 35 77 99 0 105 17 3 96 118 84 89 70 76 126 21 86 112 119 56 55 65 36 83 66 26 30 111 90 41 59 87 80 94 109 69 34 7 53 108 125 95 98 85 2 43 82 4 9 116 102 33 25 15 11 110 72 91 52 51 115 123 10 8 104 38 46 117 20 113 42 5 19 114 61 16 74 97 92 107 93 12 68 78 37 13 6 67 73 22 100 45 58 75 54 28 121 44 27 47 50 49 48 63 120 71 64 101 32 24 81 31 1 106 62 79 57 103 39 127 60 40 14 18 29 124 23 88 
Coste: 347
Temperatura: 57.1167123266495
Probabilidad de aceptación: 1.0
Movimiento: SI



ITERACION 22
Solucion:    36 122 35 77 99 0 105 17 3 96 118 84 89 70 76 126 21 86 112 119 56 55 88 65 83 66 26 30 111 90 41 59 87 80 94 109 69 34 7 53 108 125 95 98 85 2 43 82 4 9 116 102 33 25 15 11 110 72 91 52 51 115 123 10 8 104 38 46 117 20 113 42 5 19 114 61 16 74 97 92 107 93 12 68 78 37 13 67 6 73 22 100 45 75 58 54 28 121 44 27 47 50 49 48 63 120 71 64 101 32 24 81 31 1 106 62 79 57 103 39 127 60 40 14 18 29 124 23 
Coste: 320
Temperatura: 51.40504109398455
Probabilidad de aceptación: 1.0
Movimiento: SI



ITERACION 23
Solucion:    65 36 122 35 77 99 0 105 17 3 96 118 84 89 70 76 126 21 86 112 119 56 55 23 88 83 66 26 30 111 90 41 59 87 80 94 109 69 34 7 53 108 125 95 98 85 2 43 82 4 9 116 33 102 25 15 11 110 72 91 52 51 115 123 10 8 104 38 46 117 20 113 42 5 19 114 61 16 74 92 97 107 93 12 68 78 37 13 67 6 73 22 100 45 75 58 54 28 121 44 27 47 50 49 48 63 120 71 64 101 32 24 81 31 1 106 62 79 57 103 39 127 60 40 14 18 29 124 
Coste: 309
Temperatura: 46.264536984586094
Probabilidad de aceptación: 1.0
Movimiento: SI



ITERACION 24
Solucion:    88 65 36 122 35 77 99 0 105 17 3 96 118 84 89 70 76 126 21 86 112 119 56 55 124 23 83 66 26 30 111 90 41 59 87 80 94 109 69 34 7 53 108 125 95 98 85 2 43 82 4 9 116 33 102 25 15 11 110 72 91 52 51 115 123 10 8 104 38 46 20 117 113 42 5 19 114 61 16 74 92 97 107 93 12 68 37 78 13 67 6 73 22 100 45 75 58 54 28 121 44 27 47 50 49 48 63 120 71 64 101 32 24 81 31 1 106 62 79 57 103 39 127 60 40 14 18 29 
Coste: 337
Temperatura: 41.63808328612748
Probabilidad de aceptación: 1.0
Movimiento: SI



ITERACION 25
Solucion:    23 88 65 36 122 35 77 99 0 105 17 3 96 118 84 70 89 76 126 21 86 112 119 56 55 29 124 83 66 26 30 111 90 41 59 87 80 94 109 69 34 7 53 108 125 95 98 85 2 43 82 4 9 116 33 102 25 15 11 110 72 91 52 51 115 123 10 8 104 38 46 20 117 113 42 5 19 114 61 16 74 92 97 107 93 12 68 37 78 13 67 6 73 22 100 45 75 58 54 28 121 44 27 47 50 49 48 63 120 71 64 101 32 24 81 31 1 106 62 79 57 103 39 127 60 40 14 18 
Coste: 334
Temperatura: 37.47427495751474
Probabilidad de aceptación: 1.0
Movimiento: SI



ITERACION 26
Solucion:    124 23 88 65 36 122 35 77 99 0 105 17 3 96 118 84 70 89 76 126 21 86 112 119 56 55 18 29 83 66 26 30 111 90 41 59 87 80 94 109 69 34 7 53 108 125 95 98 85 2 43 82 4 9 116 33 102 25 15 11 110 72 91 52 51 115 123 10 8 104 38 46 20 117 113 42 5 19 114 61 16 74 92 97 107 93 12 68 37 78 13 67 6 73 22 100 45 75 58 54 28 121 44 27 47 50 49 48 63 120 71 64 101 32 24 81 31 1 106 62 79 57 103 39 127 60 40 14 
Coste: 331
Temperatura: 33.72684746176326
Probabilidad de aceptación: 1.0
Movimiento: SI



ITERACION 27
Solucion:    29 124 23 88 65 36 122 35 77 99 0 105 17 3 96 118 84 70 89 76 126 21 86 112 119 56 55 14 18 83 66 26 30 111 90 41 59 87 80 94 109 69 34 7 53 108 125 95 98 85 2 43 82 4 9 116 33 102 25 15 11 110 72 91 52 51 115 123 10 8 38 104 46 20 117 113 42 5 19 114 61 16 74 92 97 107 93 12 68 37 78 13 67 6 73 22 100 45 75 58 54 28 121 44 27 47 50 49 48 63 120 71 64 101 32 24 31 81 1 106 62 79 57 103 39 127 60 40 
Coste: 334
Temperatura: 30.354162715586938
Probabilidad de aceptación: 1.0
Movimiento: SI



ITERACION 28
Solucion:    18 29 124 23 88 65 36 122 35 77 99 0 105 17 3 96 118 84 70 89 76 126 21 86 112 119 56 14 40 55 83 66 26 30 111 90 41 59 87 80 94 109 69 34 7 53 108 125 95 98 85 2 82 43 4 9 116 33 102 25 15 11 110 72 91 52 51 115 123 10 8 38 104 46 20 117 113 42 5 19 114 61 16 74 92 97 107 93 12 68 37 78 13 67 6 73 22 100 45 75 58 54 28 121 44 27 47 50 49 48 63 120 71 64 101 32 24 31 81 1 106 62 79 57 103 39 127 60 
Coste: 334
Temperatura: 27.318746444028246
Probabilidad de aceptación: 1.0
Movimiento: SI



ITERACION 29
Solucion:    55 18 29 124 23 88 65 36 122 35 77 99 0 105 17 3 96 118 84 70 89 76 126 21 86 112 119 56 14 60 40 83 66 26 30 111 90 41 59 87 80 94 69 109 34 7 53 108 125 95 98 85 2 82 43 4 9 116 33 102 25 15 11 110 72 91 52 51 115 123 10 8 38 104 46 20 117 113 42 5 19 114 61 16 74 92 97 107 93 12 68 37 78 13 67 6 73 22 100 45 75 58 54 28 121 44 27 47 50 49 48 63 120 71 64 101 32 24 31 81 1 106 62 79 57 103 39 127 
Coste: 343
Temperatura: 24.58687179962542
Probabilidad de aceptación: 1.0
Movimiento: SI



ITERACION 30
Solucion:    40 55 18 29 124 23 88 65 36 122 35 77 99 0 105 17 3 96 118 84 89 70 76 21 126 86 112 119 56 14 127 60 83 66 26 30 111 41 90 59 87 80 69 94 109 34 7 53 108 125 95 98 85 2 82 43 4 9 116 33 102 25 15 11 110 72 52 91 51 115 123 10 38 8 104 46 20 117 113 42 5 19 114 61 16 74 92 97 107 93 12 68 37 78 13 67 6 73 22 100 45 75 58 54 28 121 44 27 47 50 49 48 63 120 64 71 101 32 24 81 1 31 106 62 79 57 103 39 
Coste: 333
Temperatura: 22.12818461966288
Probabilidad de aceptación: 1.0
Movimiento: SI



ITERACION 31
Solucion:    60 40 55 18 29 124 23 88 65 36 122 35 77 99 0 105 17 3 96 118 84 89 70 76 21 126 86 112 119 56 14 39 127 83 66 26 30 111 41 90 59 87 80 69 94 109 7 34 53 108 125 95 98 85 2 82 43 4 9 116 33 102 25 15 11 110 72 52 91 51 115 123 10 38 8 104 46 20 117 113 42 5 19 114 61 16 74 92 97 107 93 12 68 37 78 13 67 6 73 22 100 45 75 58 54 28 121 44 27 47 50 49 48 63 120 64 71 101 32 24 81 1 31 106 62 79 57 103 
Coste: 349
Temperatura: 19.915366157696592
Probabilidad de aceptación: 1.0
Movimiento: SI



ITERACION 32
Solucion:    127 60 55 40 18 29 124 23 88 65 36 122 35 77 99 0 105 17 96 3 118 84 89 70 76 21 126 86 112 119 56 39 103 14 83 66 26 30 111 41 90 59 87 69 80 109 94 7 53 34 108 125 95 85 98 2 43 4 82 9 116 33 102 25 15 11 110 52 72 91 51 115 123 10 38 8 104 46 117 113 20 42 5 19 61 114 16 74 92 97 107 93 12 68 37 78 13 67 6 73 100 22 45 75 58 54 28 44 121 47 27 50 49 48 63 120 64 71 101 32 24 81 1 31 106 62 79 57 
Coste: 328
Temperatura: 17.923829541926935
Probabilidad de aceptación: 1.0
Movimiento: SI



ITERACION 33
Solucion:    14 127 60 55 40 18 29 124 23 88 65 36 122 35 77 99 0 105 17 96 3 118 84 89 70 76 21 126 86 112 119 56 103 57 39 83 66 26 30 111 41 90 59 87 69 80 94 109 7 53 34 108 125 95 85 98 2 43 4 82 9 116 33 102 25 15 11 110 52 72 91 51 115 123 38 10 104 8 46 117 20 113 42 5 19 61 16 114 74 92 97 107 93 68 12 37 78 13 67 6 73 100 22 45 75 58 54 28 44 121 47 27 50 49 48 63 120 64 71 101 32 24 81 1 31 106 62 79 
Coste: 326
Temperatura: 16.131446587734242
Probabilidad de aceptación: 1.0
Movimiento: SI



ITERACION 34
Solucion:    39 14 60 127 40 55 18 29 124 88 65 23 36 122 35 77 0 99 105 17 96 3 84 118 89 70 76 21 126 86 112 119 56 103 62 57 66 83 30 26 111 90 41 59 87 69 80 94 109 7 53 34 108 125 95 85 98 2 43 4 82 9 116 33 102 25 15 11 110 52 72 91 51 115 123 38 10 104 8 46 117 20 113 42 5 19 61 16 114 74 92 97 107 93 68 12 37 78 13 67 6 73 100 22 45 75 58 54 28 44 121 47 27 50 49 63 48 64 71 101 120 32 24 81 1 31 106 79 
Coste: 316
Temperatura: 14.518301928960819
Probabilidad de aceptación: 0.5763566484889233
Movimiento: NO



ITERACION 35
Solucion:    57 39 14 60 127 40 55 18 29 88 124 65 23 36 122 35 77 0 99 105 17 96 3 84 89 70 76 118 21 126 86 112 119 56 103 79 62 66 83 26 30 90 41 111 59 87 69 80 94 109 7 53 34 108 125 95 85 98 2 4 82 9 43 116 33 25 15 11 102 52 110 72 91 51 115 123 38 10 104 8 46 117 20 113 42 5 61 19 16 114 74 92 97 93 107 68 12 37 78 13 6 67 73 100 22 45 75 58 28 54 44 121 47 27 50 49 63 48 64 71 120 101 32 24 81 1 31 106 
Coste: 330
Temperatura: 13.066471736064736
Probabilidad de aceptación: 1.0
Movimiento: SI



ITERACION 36
Solucion:    62 57 39 14 60 127 40 55 18 29 88 124 65 23 36 122 35 77 0 99 105 17 96 3 84 89 70 76 118 21 126 86 119 112 56 103 106 79 66 26 83 30 90 41 111 59 87 69 80 94 109 7 53 34 108 125 95 85 98 2 4 82 9 43 116 33 25 15 11 102 52 110 72 91 51 115 123 38 10 104 8 46 117 20 113 42 5 61 19 16 114 74 92 93 97 107 68 12 37 78 13 6 67 73 100 22 45 75 58 28 44 54 121 47 27 50 49 63 48 64 71 120 101 32 24 81 1 31 
Coste: 318
Temperatura: 11.759824562458263
Probabilidad de aceptación: 1.0
Movimiento: SI



ITERACION 37
Solucion:    79 62 57 39 14 60 127 40 55 18 29 88 124 65 23 36 122 35 77 0 99 105 17 96 3 84 89 70 76 118 21 126 86 119 112 56 103 31 106 66 26 83 90 30 41 111 59 87 69 80 94 109 7 53 34 108 125 95 85 98 2 4 82 9 43 116 33 25 11 15 102 52 110 72 91 51 115 123 38 10 104 8 46 117 20 113 42 5 61 19 16 114 74 92 93 97 107 68 12 37 78 13 6 67 73 100 22 45 75 58 28 44 54 121 47 27 50 49 63 48 64 71 120 101 32 24 81 1 
Coste: 325
Temperatura: 10.583842106212437
Probabilidad de aceptación: 1.0
Movimiento: SI



ITERACION 38
Solucion:    106 79 62 57 39 14 60 127 40 55 18 29 88 124 65 23 36 122 35 77 0 99 105 17 96 3 84 89 70 76 118 21 126 86 119 112 56 103 1 31 66 26 83 90 30 41 111 59 87 69 80 94 109 7 53 34 108 125 95 85 98 2 4 82 9 43 116 33 11 25 15 102 110 52 72 91 51 115 123 38 10 104 8 46 117 20 113 5 42 61 19 16 114 74 92 93 97 107 68 12 37 78 13 6 67 73 100 22 45 75 58 28 44 54 121 47 27 50 49 63 48 64 71 120 101 32 24 81 
Coste: 323
Temperatura: 9.525457895591193
Probabilidad de aceptación: 1.0
Movimiento: SI



ITERACION 39
Solucion:    106 31 79 62 57 39 14 60 127 40 55 18 29 124 65 88 36 23 122 77 35 0 99 105 96 17 3 84 89 70 76 118 126 21 86 119 112 56 103 81 1 66 26 83 90 30 41 111 59 69 87 80 94 109 7 53 34 125 108 95 85 98 2 4 9 43 82 116 33 11 15 25 102 52 110 72 51 91 115 123 38 10 104 8 46 117 20 113 5 42 61 19 16 114 92 74 93 97 107 68 12 37 78 13 6 67 73 100 45 22 58 75 28 44 54 121 47 27 50 49 63 48 64 71 120 101 32 24 
Coste: 316
Temperatura: 8.572912106032074
Probabilidad de aceptación: 1.0
Movimiento: SI



ITERACION 40
Solucion:    1 106 31 79 62 57 39 14 60 127 40 55 18 29 124 65 88 36 23 122 77 35 0 99 105 96 17 3 84 89 70 76 118 126 86 21 119 112 56 81 24 66 103 26 83 90 30 111 41 59 69 87 80 94 109 7 53 34 125 108 95 85 98 2 4 9 43 82 33 116 11 15 25 102 52 110 51 72 91 115 123 38 10 104 8 46 117 20 113 5 42 61 19 16 114 92 74 93 97 107 68 12 37 78 13 6 67 73 100 45 22 58 28 75 44 54 121 47 27 50 49 63 48 64 71 120 101 32 
Coste: 311
Temperatura: 7.715620895428867
Probabilidad de aceptación: 1.0
Movimiento: SI



ITERACION 41
Solucion:    66 1 106 31 79 62 57 14 39 60 40 127 55 18 29 124 65 88 36 23 122 77 35 0 99 105 96 17 3 84 89 76 70 118 126 86 21 119 112 56 81 32 103 24 26 83 90 30 111 41 59 69 87 80 94 109 7 53 34 125 95 108 85 98 2 9 4 82 43 33 11 116 15 25 102 52 51 110 72 91 115 123 10 38 104 8 46 117 20 113 5 42 19 61 16 114 92 74 93 97 68 107 12 37 78 13 6 67 73 100 22 45 58 28 75 44 54 121 47 27 50 49 63 48 64 71 120 101 
Coste: 327
Temperatura: 6.944058805885981
Probabilidad de aceptación: 1.0
Movimiento: SI



ITERACION 42
Solucion:    103 1 66 31 106 79 62 57 14 39 60 127 40 55 18 29 124 65 88 36 23 122 77 35 0 99 105 96 3 17 84 76 70 89 118 86 126 21 119 56 81 112 120 32 24 26 83 90 111 30 41 69 59 87 80 109 7 94 53 34 125 95 108 85 2 9 98 4 43 33 11 116 15 82 25 102 51 52 110 91 72 115 123 38 10 8 46 104 117 20 5 113 42 19 61 16 114 74 92 97 68 93 107 12 37 13 78 6 67 73 100 22 45 58 28 44 75 54 121 47 27 50 49 63 64 71 48 101 
Coste: 293
Temperatura: 6.249652925297383
Probabilidad de aceptación: 0.2780175369168012
Movimiento: NO



ITERACION 43
Solucion:    32 103 1 66 31 106 79 62 57 14 39 60 127 40 55 18 29 124 65 88 36 23 122 77 35 0 99 105 96 3 17 84 76 70 89 118 86 126 21 119 56 81 112 101 120 24 26 90 83 111 30 41 59 69 87 80 109 7 94 53 34 125 95 108 85 9 2 98 43 4 11 33 15 116 25 82 51 102 110 91 52 72 115 123 38 10 8 46 104 117 20 5 113 42 19 61 16 114 74 92 97 68 93 107 12 37 13 78 6 67 73 100 45 22 58 28 44 75 54 121 47 27 50 49 63 64 71 48 
Coste: 297
Temperatura: 5.624687632767645
Probabilidad de aceptación: 1.0
Movimiento: SI



ITERACION 44
Solucion:    120 32 103 1 66 31 106 79 62 57 14 39 60 127 40 55 18 29 124 65 88 36 23 122 77 35 0 99 105 96 17 3 84 76 70 89 118 86 126 21 119 56 81 112 48 101 26 24 90 83 111 30 41 59 69 87 80 109 7 94 53 34 125 95 108 85 9 2 43 98 11 4 15 33 25 116 82 51 110 91 102 52 72 115 123 38 10 8 46 104 117 20 5 42 113 19 61 16 114 74 92 97 68 93 107 12 37 13 78 6 67 73 100 45 22 58 28 44 75 54 121 47 27 50 49 63 64 71 
Coste: 302
Temperatura: 5.062218869490881
Probabilidad de aceptación: 1.0
Movimiento: SI



ITERACION 45
Solucion:    101 120 32 103 66 1 31 106 79 62 57 14 39 60 127 40 55 18 29 124 65 88 36 23 122 77 35 0 99 105 96 17 84 3 76 70 89 118 86 21 126 119 81 56 112 71 26 48 24 90 83 111 30 41 59 69 87 80 109 7 94 53 34 125 95 108 85 9 43 2 98 11 15 4 33 25 116 82 51 110 91 102 52 72 115 123 10 8 38 46 104 117 20 42 5 113 19 61 16 114 74 92 97 68 93 107 12 37 13 78 6 67 73 100 45 22 58 28 44 75 54 121 47 27 50 49 63 64 
Coste: 300
Temperatura: 4.555996982541793
Probabilidad de aceptación: 1.0
Movimiento: SI



ITERACION 46
Solucion:    101 120 32 103 26 66 1 31 106 79 57 62 39 14 127 60 55 40 18 29 124 65 88 23 36 77 122 35 99 105 96 0 84 17 76 70 89 3 118 86 21 119 126 81 112 71 64 56 48 90 83 111 30 41 59 69 87 80 109 7 24 53 94 125 95 34 85 108 9 43 98 2 11 15 33 4 25 116 51 82 110 91 102 52 115 123 72 10 38 46 8 117 20 104 5 42 113 19 61 114 16 92 74 97 68 93 107 12 37 13 78 6 67 73 100 45 22 58 28 44 54 121 47 75 27 49 63 50 
Coste: 297
Temperatura: 4.100397284287614
Probabilidad de aceptación: 1.0
Movimiento: SI



ITERACION 47
Solucion:    56 101 120 32 103 26 66 31 106 1 57 62 79 39 14 127 60 55 40 29 124 18 65 88 23 36 77 35 122 105 96 99 84 0 76 70 17 89 3 118 21 119 86 126 81 112 64 50 71 48 90 111 83 41 59 30 69 87 109 7 80 53 24 125 95 34 94 85 9 43 98 108 2 15 11 33 4 25 51 116 110 82 102 52 91 115 72 123 38 10 46 8 117 104 5 20 42 113 61 19 114 16 92 74 97 68 93 107 37 13 12 6 78 67 73 45 100 22 58 44 54 28 47 121 27 49 63 75 
Coste: 294
Temperatura: 3.690357555858853
Probabilidad de aceptación: 1.0
Movimiento: SI



ITERACION 48
Solucion:    71 56 101 120 32 103 26 66 31 106 1 57 62 79 39 14 127 60 55 40 29 124 18 65 88 23 36 77 35 122 96 105 84 99 76 0 70 17 89 118 3 119 21 86 126 81 112 64 75 50 48 90 83 111 41 59 30 69 87 109 7 80 53 24 125 34 95 94 9 85 43 98 2 108 15 11 33 4 25 51 116 110 82 102 52 91 115 123 72 38 10 46 8 117 104 5 20 42 113 61 19 114 16 92 74 97 68 93 107 37 13 12 6 78 67 73 45 100 22 58 44 54 28 47 121 27 49 63 
Coste: 284
Temperatura: 3.3213218002729676
Probabilidad de aceptación: 1.0
Movimiento: SI



ITERACION 49
Solucion:    50 71 56 101 32 120 103 26 66 31 106 1 57 62 79 39 14 127 60 55 40 29 124 18 65 88 23 36 77 35 96 122 105 84 99 0 76 70 17 118 89 119 3 21 86 126 81 112 64 63 75 48 83 90 111 41 59 30 69 87 109 80 7 53 24 34 125 95 9 94 43 85 2 98 15 108 11 33 4 25 51 116 110 82 102 52 115 91 123 72 38 10 46 117 8 104 5 20 42 113 61 19 114 16 92 74 97 68 93 107 37 13 12 6 78 67 73 45 100 22 58 44 54 28 47 121 27 49 
Coste: 281
Temperatura: 2.989189620245671
Probabilidad de aceptación: 1.0
Movimiento: SI



ITERACION 50
Solucion:    75 50 71 56 32 101 120 103 26 31 106 1 57 62 79 39 14 127 60 55 40 29 124 66 18 65 23 36 77 88 35 96 105 122 99 0 76 84 70 17 118 89 3 119 21 126 86 112 81 64 49 63 83 48 111 41 59 30 69 90 109 87 7 80 53 24 34 125 9 95 43 94 2 85 15 108 11 98 33 25 51 4 110 116 102 52 82 115 91 72 123 38 46 10 8 117 104 5 42 20 61 113 19 114 92 74 16 68 97 93 37 13 107 12 6 78 67 73 45 100 22 44 58 54 47 28 121 27 
Coste: 282
Temperatura: 2.690270658221104
Probabilidad de aceptación: 1.0
Movimiento: SI



ITERACION 51
Solucion:    63 75 50 71 32 56 101 120 103 26 31 106 1 62 57 39 79 14 127 60 55 40 29 124 66 18 65 23 36 77 35 88 96 105 122 99 0 76 84 17 70 89 3 118 119 21 86 126 112 81 64 27 83 49 48 111 41 59 30 69 90 87 109 7 80 24 53 34 9 125 43 95 2 94 15 85 11 108 33 25 98 51 4 110 116 102 82 115 52 91 72 123 38 10 46 8 117 104 5 42 20 61 113 19 114 92 74 16 68 97 93 37 13 107 12 6 78 67 73 45 100 22 44 58 54 47 28 121 
Coste: 286
Temperatura: 2.4212435923989934
Probabilidad de aceptación: 1.0
Movimiento: SI



ITERACION 52
Solucion:    63 75 50 71 32 56 101 120 103 26 31 83 106 1 62 57 39 79 14 60 127 55 40 29 124 18 65 23 36 77 35 88 96 105 122 99 0 76 84 17 70 66 89 3 119 21 118 86 126 112 81 27 54 64 49 111 41 48 30 69 59 90 109 87 7 24 53 34 9 125 43 80 2 95 15 85 11 108 33 25 94 98 4 110 51 116 102 82 52 91 115 72 123 38 10 8 46 104 5 42 20 61 113 117 19 92 74 16 68 97 93 37 13 107 12 6 78 67 73 45 100 22 44 58 114 47 28 121 
Coste: 280
Temperatura: 2.1791192331590943
Probabilidad de aceptación: 0.01608112556659178
Movimiento: NO



ITERACION 53
Solucion:    64 63 75 50 71 32 56 101 120 103 26 31 83 1 106 57 62 39 79 14 60 127 55 40 29 124 18 65 23 36 77 35 88 96 105 122 99 0 76 84 17 70 66 89 3 119 118 86 21 126 112 81 54 121 27 49 111 41 48 30 69 59 90 109 87 7 24 53 9 34 43 125 2 80 15 95 11 85 33 25 108 94 98 4 110 51 102 116 82 52 91 115 72 38 123 10 8 46 104 5 42 20 61 113 117 19 92 74 16 68 93 97 37 13 107 12 6 78 67 73 45 100 22 44 58 114 47 28 
Coste: 265
Temperatura: 1.9612073098431848
Probabilidad de aceptación: 1.0
Movimiento: SI



ITERACION 54
Solucion:    27 64 63 75 71 50 32 56 101 120 103 26 31 1 83 106 57 62 39 79 14 60 127 55 40 29 124 65 18 23 77 36 88 35 96 105 122 99 0 76 84 70 17 66 89 3 118 119 86 21 126 112 54 81 28 121 49 111 41 48 30 69 59 109 90 7 87 24 9 53 43 34 2 125 15 80 11 95 33 25 108 85 94 98 4 110 102 116 51 82 52 91 115 38 72 123 10 8 46 104 5 42 20 61 113 117 19 92 74 16 68 93 97 37 13 107 12 6 78 67 73 45 100 22 44 58 114 47 
Coste: 263
Temperatura: 1.7650865788588663
Probabilidad de aceptación: 1.0
Movimiento: SI



ITERACION 55
Solucion:    121 27 64 63 71 75 50 32 56 101 120 103 26 31 1 83 106 57 62 39 79 14 60 127 55 40 29 65 124 18 77 23 36 88 96 105 35 122 99 0 76 84 17 70 66 89 118 119 3 86 126 21 54 112 81 47 28 49 111 41 48 69 30 109 59 7 90 87 9 24 43 53 2 34 15 125 11 80 33 25 95 108 85 94 98 4 102 110 116 51 82 52 91 38 115 72 123 10 8 46 104 5 42 20 61 113 117 19 92 74 68 16 97 93 37 13 107 12 6 78 67 73 45 100 22 44 58 114 
Coste: 262
Temperatura: 1.5885779209729798
Probabilidad de aceptación: 1.0
Movimiento: SI



ITERACION 56
Solucion:    28 121 27 64 71 63 75 50 32 56 101 120 103 26 31 83 1 106 57 62 39 79 14 60 127 55 40 65 29 124 77 18 36 23 96 88 105 35 122 0 99 84 76 17 70 66 118 119 89 3 86 126 54 21 112 81 114 47 49 111 41 69 48 109 30 59 7 90 9 87 43 24 2 53 15 34 11 125 33 25 80 95 108 85 94 98 102 110 4 116 51 82 52 38 91 115 72 123 10 8 46 104 5 42 20 61 113 117 19 92 68 74 97 16 93 37 13 107 12 6 78 67 73 45 100 22 44 58 
Coste: 265
Temperatura: 1.4297201288756818
Probabilidad de aceptación: 1.0
Movimiento: SI



ITERACION 57
Solucion:    47 28 121 27 64 71 63 75 50 32 56 101 120 103 26 83 31 1 106 57 62 39 79 14 60 127 55 65 40 29 124 77 18 36 23 88 96 105 35 0 122 84 76 99 17 70 118 66 119 89 86 3 126 54 21 112 81 58 114 49 111 41 69 48 109 59 30 7 9 90 43 87 24 2 15 53 11 34 33 25 125 80 95 108 85 94 102 98 110 4 116 51 82 38 52 91 115 72 123 10 8 46 104 5 42 20 61 113 117 19 68 92 74 97 16 93 37 13 107 12 6 78 67 73 45 100 22 44 
Coste: 269
Temperatura: 1.2867481159881136
Probabilidad de aceptación: 1.0
Movimiento: SI



ITERACION 58
Solucion:    114 47 28 121 64 27 71 63 75 50 32 56 101 103 120 83 26 31 1 106 57 62 39 79 14 60 127 65 55 40 29 124 77 18 23 36 88 96 105 0 35 84 76 122 99 17 70 118 66 119 86 89 126 3 54 21 112 81 44 58 49 41 111 69 48 59 109 30 9 7 43 90 24 87 15 2 11 53 33 25 34 125 80 95 108 85 102 98 94 110 4 116 51 38 82 52 91 115 72 123 10 8 46 104 5 42 20 61 113 117 68 19 74 92 97 16 93 37 13 107 12 6 78 67 73 45 100 22 
Coste: 266
Temperatura: 1.1580733043893023
Probabilidad de aceptación: 1.0
Movimiento: SI



ITERACION 59
Solucion:    58 114 47 28 64 121 27 71 63 75 50 32 56 101 103 120 83 26 31 1 106 57 62 39 79 14 60 65 127 55 29 40 124 77 23 18 36 88 96 0 105 84 76 35 122 99 70 118 17 66 119 86 126 89 3 54 21 112 81 22 44 49 41 69 111 59 48 109 9 30 43 7 24 90 15 87 11 2 33 25 34 53 125 80 95 108 102 98 85 94 110 4 116 38 51 82 52 91 115 72 123 10 8 46 104 5 42 20 61 113 68 117 74 19 92 97 16 93 37 13 107 12 6 78 67 73 45 100 
Coste: 268
Temperatura: 1.0422659739503721
Probabilidad de aceptación: 1.0
Movimiento: SI



ITERACION 60
Solucion:    44 58 114 47 64 28 121 27 71 63 75 50 32 56 101 120 103 83 26 31 1 106 57 62 39 79 14 65 60 127 55 29 40 124 23 77 18 36 88 96 0 105 76 84 35 122 70 99 118 17 119 66 86 126 89 3 54 21 112 81 100 22 49 69 41 59 111 48 9 109 43 30 7 24 15 90 11 87 2 25 34 33 53 125 80 95 102 98 108 85 94 110 4 38 116 51 82 52 91 115 72 123 10 8 46 104 5 42 20 61 68 113 74 117 19 92 97 16 93 37 13 107 12 6 78 67 73 45 
Coste: 265
Temperatura: 0.938039376555335
Probabilidad de aceptación: 1.0
Movimiento: SI



ITERACION 61
Solucion:    22 58 114 44 64 47 28 27 121 63 75 50 32 56 71 120 103 83 26 31 1 106 57 62 39 79 14 65 60 127 55 101 29 40 23 124 18 77 36 88 96 0 76 105 35 122 70 84 118 99 119 17 66 126 86 89 54 3 112 21 81 45 49 100 41 59 111 48 9 69 43 30 7 24 15 90 11 87 2 25 34 33 53 109 125 95 102 98 80 85 94 110 4 38 108 51 82 52 91 115 72 123 10 8 46 116 5 42 104 20 61 113 68 74 19 92 117 16 93 97 13 107 12 6 78 67 73 37 
Coste: 259
Temperatura: 0.8442354388998015
Probabilidad de aceptación: 1.0
Movimiento: SI



ITERACION 62
Solucion:    49 22 58 114 64 44 47 28 27 121 63 75 50 56 32 120 71 103 83 26 31 1 106 57 62 39 79 65 14 60 127 55 29 101 23 124 40 18 77 36 88 96 0 76 105 35 70 84 122 118 99 119 66 17 126 86 89 54 3 112 21 81 37 100 45 41 59 111 9 48 43 69 7 30 15 24 11 90 2 25 34 87 33 53 109 125 102 98 95 80 85 94 110 38 4 108 51 82 52 91 115 72 123 10 8 46 116 5 42 104 20 61 68 113 74 19 92 117 16 93 97 13 107 12 6 78 67 73 
Coste: 255
Temperatura: 0.7598118950098214
Probabilidad de aceptación: 1.0
Movimiento: SI



ITERACION 63
Solucion:    100 49 58 22 64 44 47 28 114 27 63 75 50 56 32 120 71 103 121 26 31 1 106 83 62 39 57 79 14 60 127 55 29 101 23 124 40 18 65 36 77 96 0 76 88 35 70 105 122 84 99 118 66 119 126 86 17 54 3 89 112 21 81 6 45 41 59 111 9 37 43 48 7 30 15 24 11 90 2 25 34 69 33 87 109 53 102 98 125 95 80 94 110 38 4 108 85 51 82 91 115 72 123 10 8 46 116 52 42 104 5 61 68 113 74 19 92 20 117 16 97 93 107 13 12 78 67 73 
Coste: 257
Temperatura: 0.6838307055088393
Probabilidad de aceptación: 0.2316911033918993
Movimiento: NO



ITERACION 64
Solucion:    45 100 49 58 64 22 44 47 28 114 27 63 75 56 50 120 32 71 103 121 26 31 1 106 83 62 39 79 57 14 60 127 29 55 101 124 23 40 18 65 36 96 77 0 76 88 35 105 70 122 99 84 66 118 119 126 86 17 54 3 89 21 112 81 73 41 6 59 9 111 43 37 7 48 15 30 11 24 2 25 34 90 69 33 87 109 102 98 53 125 95 80 94 38 110 4 108 85 51 82 91 115 72 123 10 8 46 116 52 42 5 104 68 61 113 74 19 92 20 117 16 97 93 107 13 12 78 67 
Coste: 257
Temperatura: 0.6154476349579554
Probabilidad de aceptación: 1.0
Movimiento: SI



ITERACION 65
Solucion:    45 100 49 58 64 22 44 41 28 114 47 63 75 56 50 120 32 71 103 121 26 31 1 106 83 62 39 79 57 14 60 127 29 55 101 124 23 40 18 65 36 96 77 0 76 88 35 105 70 122 99 84 66 118 119 126 86 17 54 27 89 21 112 81 73 13 6 59 3 111 9 37 43 48 7 30 15 24 11 25 34 90 69 2 87 109 102 98 53 125 95 80 94 38 110 4 108 85 51 82 91 115 72 123 33 8 46 116 52 42 5 104 68 61 113 74 10 92 20 117 16 97 93 107 19 12 78 67 
Coste: 248
Temperatura: 0.5539028714621599
Probabilidad de aceptación: 7.307181843731049E-4
Movimiento: NO



ITERACION 66
Solucion:    6 45 100 49 64 58 22 44 41 28 114 47 63 56 75 120 50 32 71 103 121 26 31 1 106 83 62 79 39 57 60 14 127 29 55 124 101 23 40 65 18 96 77 36 0 76 35 105 88 70 99 122 66 84 118 119 126 86 17 54 27 89 21 81 112 13 67 73 3 59 9 111 43 37 7 48 15 30 11 25 34 24 90 69 2 87 102 98 109 53 125 95 80 38 94 110 4 108 85 51 82 91 115 72 123 33 8 46 116 52 5 42 68 104 61 113 74 10 92 20 117 16 97 93 107 19 12 78 
Coste: 245
Temperatura: 0.4985125843159439
Probabilidad de aceptación: 1.0
Movimiento: SI



ITERACION 67
Solucion:    73 6 45 100 64 49 58 22 44 41 28 114 47 56 63 120 75 50 32 71 103 121 26 31 1 106 83 79 62 39 60 57 127 14 29 124 55 101 23 65 40 96 77 18 36 0 35 105 76 88 99 70 66 122 84 118 119 126 86 17 54 89 27 81 21 13 112 78 3 67 9 59 43 111 7 37 15 48 11 25 34 30 24 90 69 2 102 98 87 109 53 125 95 38 80 94 110 4 108 85 51 82 91 115 72 123 33 8 46 116 5 52 68 42 104 61 113 74 10 92 20 117 16 97 93 107 19 12 
Coste: 244
Temperatura: 0.44866132588434954
Probabilidad de aceptación: 1.0
Movimiento: SI



ITERACION 68
Solucion:    73 6 45 100 64 49 58 22 44 41 28 114 47 56 63 120 75 50 32 71 103 121 26 31 1 106 83 79 62 39 60 57 127 14 29 124 55 101 23 65 40 96 77 18 36 0 35 105 76 88 99 70 66 122 84 118 119 126 86 17 54 89 3 81 21 27 112 78 11 67 13 59 9 111 43 37 7 48 15 25 34 30 24 90 69 2 102 98 87 109 53 125 95 38 80 94 110 4 108 85 51 82 91 115 72 123 33 8 46 116 5 52 68 42 104 61 113 74 10 92 20 117 16 97 93 107 19 12 
Coste: 244
Temperatura: 0.40379519329591457
Probabilidad de aceptación: 2.090334495683633E-10
Movimiento: NO



ITERACION 69
Solucion:    67 73 6 45 100 64 49 58 22 44 41 28 114 56 47 120 63 75 50 32 71 103 121 26 31 1 106 79 83 62 60 39 57 127 29 124 14 55 101 65 23 96 40 77 18 36 35 105 0 76 99 88 66 70 122 84 118 119 126 86 17 89 54 81 3 27 21 112 11 12 13 78 9 59 43 111 7 37 15 25 34 48 30 24 90 69 102 98 2 87 109 53 125 38 95 80 94 110 4 108 85 51 82 91 115 72 123 33 8 46 116 5 68 52 42 104 61 113 74 10 92 20 117 16 97 93 107 19 
Coste: 241
Temperatura: 0.3634156739663231
Probabilidad de aceptación: 1.0
Movimiento: SI



ITERACION 70
Solucion:    67 73 6 45 100 64 49 58 22 44 41 28 114 56 47 120 63 75 50 32 71 103 121 26 13 1 106 79 83 62 60 39 57 127 29 124 14 55 101 65 23 96 40 77 18 36 35 105 0 76 99 88 66 70 122 84 118 119 126 86 17 89 54 81 31 3 21 112 27 12 15 78 11 59 9 111 43 37 7 25 34 48 30 24 90 69 102 98 2 87 109 53 125 38 95 80 94 110 4 108 85 51 82 91 115 72 123 33 8 46 116 5 68 52 42 104 61 113 74 10 92 20 117 16 97 93 107 19 
Coste: 240
Temperatura: 0.3270741065696908
Probabilidad de aceptación: 0.047009240607489976
Movimiento: NO



ITERACION 71
Solucion:    78 67 73 6 100 45 64 49 58 22 44 41 28 56 114 120 47 63 75 50 32 71 103 121 26 13 1 106 79 83 60 62 57 39 29 124 127 14 55 101 65 96 40 23 77 18 35 105 36 0 76 99 66 88 70 122 84 118 119 126 86 17 89 81 54 3 31 21 27 112 15 19 11 12 9 59 43 111 7 25 34 37 48 30 24 90 102 98 69 2 87 109 53 38 125 95 80 94 110 4 108 85 51 82 91 115 72 123 33 8 116 46 68 5 52 42 104 61 113 74 10 92 20 117 16 97 93 107 
Coste: 241
Temperatura: 0.29436669591272174
Probabilidad de aceptación: 1.0
Movimiento: SI



ITERACION 72
Solucion:    78 67 73 6 100 45 64 49 58 22 44 41 28 56 114 120 47 63 75 50 32 71 103 121 26 13 1 106 79 83 60 62 57 39 29 124 127 14 55 101 65 96 40 23 77 18 35 105 36 0 76 99 66 88 70 122 84 118 119 126 86 17 89 81 54 11 3 21 31 112 27 19 10 12 15 59 9 111 43 25 34 37 48 30 24 90 102 98 69 2 87 109 53 38 125 95 80 94 110 4 108 85 51 82 7 115 72 123 33 8 116 46 68 5 52 42 104 61 113 74 91 92 20 117 16 97 93 107 
Coste: 239
Temperatura: 0.2649300263214496
Probabilidad de aceptación: 6.3620960252701396E-9
Movimiento: NO



ITERACION 73
Solucion:    12 78 67 73 100 6 45 64 49 58 22 44 41 56 28 120 114 47 63 75 50 32 71 103 121 26 13 106 1 79 60 83 62 57 29 124 39 127 14 101 55 96 65 40 23 77 35 105 18 36 0 76 99 66 88 70 122 84 118 119 126 17 86 81 89 11 54 3 31 21 27 112 10 107 15 19 9 59 43 25 34 111 37 48 30 24 102 98 90 69 2 87 109 38 53 125 95 80 94 110 4 108 85 51 82 7 115 72 123 33 116 8 68 46 5 52 42 104 61 113 74 91 92 20 117 16 97 93 
Coste: 238
Temperatura: 0.2384370236893046
Probabilidad de aceptación: 1.0
Movimiento: SI



ITERACION 74
Solucion:    12 78 67 73 100 6 45 64 49 58 22 44 41 56 28 120 114 47 63 75 50 32 71 103 121 26 13 106 1 79 60 83 62 57 29 124 39 127 14 101 55 96 65 40 23 77 35 105 18 36 0 76 99 66 88 70 122 84 118 119 126 17 86 81 89 15 54 3 11 21 31 112 27 107 43 19 10 59 9 25 34 111 37 48 30 24 102 98 90 69 2 87 109 38 53 125 95 80 94 110 4 108 85 51 82 7 115 72 123 33 116 8 68 46 5 52 42 104 61 113 74 91 92 20 117 16 97 93 
Coste: 238
Temperatura: 0.21459332132037415
Probabilidad de aceptación: 6.813701377194676E-15
Movimiento: NO



ITERACION 75
Solucion:    19 12 78 67 100 73 6 45 64 49 58 22 44 56 41 120 28 114 47 63 75 50 32 71 103 121 26 106 13 1 60 79 62 83 57 29 124 39 127 101 14 96 65 55 40 23 35 105 77 18 36 0 99 76 66 88 70 122 84 118 119 17 126 81 86 15 89 54 11 3 31 21 27 112 43 93 10 107 9 25 34 59 111 37 48 30 102 98 24 90 69 2 87 38 109 53 125 95 80 94 110 4 108 85 51 82 7 115 72 123 116 33 68 8 46 5 52 42 104 61 113 74 91 92 20 117 16 97 
Coste: 235
Temperatura: 0.19313398918833674
Probabilidad de aceptación: 1.0
Movimiento: SI



ITERACION 76
Solucion:    19 12 78 67 100 73 6 45 64 49 58 22 44 56 41 120 28 114 47 63 10 50 32 71 103 121 26 106 75 1 60 79 62 83 57 29 124 39 127 101 14 96 65 55 40 23 35 105 77 18 36 0 99 76 66 88 70 122 84 118 119 17 126 81 86 13 89 54 15 3 11 21 31 112 27 93 25 107 43 9 34 59 111 37 48 30 102 98 24 90 69 2 87 38 109 53 125 95 80 94 110 4 108 85 51 82 7 115 72 123 116 33 68 8 46 5 52 42 104 61 113 74 91 92 20 117 16 97 
Coste: 234
Temperatura: 0.17382059026950308
Probabilidad de aceptación: 1.05598075306154E-40
Movimiento: NO



ITERACION 77
Solucion:    107 19 12 78 100 67 73 6 45 64 49 58 22 56 44 120 41 28 114 47 63 10 50 32 71 103 121 106 26 75 60 1 62 79 57 29 83 124 39 101 127 96 65 14 55 40 35 23 105 77 18 36 99 0 76 66 88 70 122 84 118 17 119 81 126 13 86 89 15 54 11 3 31 21 27 112 25 97 43 9 34 93 59 111 37 48 102 98 30 24 90 69 2 38 87 109 53 125 95 80 94 110 4 108 85 51 82 7 115 72 116 123 68 33 8 46 5 52 42 104 61 113 74 91 92 20 117 16 
Coste: 232
Temperatura: 0.15643853124255278
Probabilidad de aceptación: 1.0
Movimiento: SI



ITERACION 78
Solucion:    107 19 12 78 100 67 73 6 45 64 49 58 22 56 44 120 41 28 114 47 63 43 50 32 71 103 121 106 26 10 60 1 62 79 57 29 83 124 39 101 127 96 65 14 55 40 35 23 105 77 18 36 99 0 76 66 88 70 122 84 118 17 119 81 126 75 86 89 13 54 15 3 11 21 31 112 27 97 9 25 34 93 59 111 37 48 102 98 30 24 90 69 2 38 87 109 53 125 95 80 94 110 4 108 85 51 82 7 115 72 116 123 68 33 8 46 5 52 42 104 61 113 74 91 92 20 117 16 
Coste: 232
Temperatura: 0.1407946781182975
Probabilidad de aceptación: 5.383730804281015E-47
Movimiento: NO



ITERACION 79
Solucion:    107 19 12 78 100 67 73 6 45 64 49 58 22 56 44 120 41 28 114 47 63 43 50 32 71 103 121 106 26 10 60 1 62 79 57 29 83 124 39 101 127 96 65 14 55 40 35 23 105 77 18 36 99 0 76 66 88 70 122 84 118 17 119 81 126 75 86 89 25 54 15 3 11 21 31 112 27 97 13 9 34 93 59 111 37 48 102 98 30 24 90 69 2 38 87 109 53 125 95 80 94 110 4 108 85 51 82 7 115 72 116 123 68 33 8 46 5 52 42 104 61 113 74 91 92 20 117 16 
Coste: 232
Temperatura: 0.12671521030646773
Probabilidad de aceptación: 5.437988381127189E-59
Movimiento: NO



ITERACION 80
Solucion:    107 19 12 78 100 67 73 34 45 64 49 58 22 56 44 120 41 28 114 47 63 43 50 32 71 6 121 106 26 10 60 1 62 79 57 29 83 124 103 101 127 96 65 14 55 40 35 23 105 77 18 39 99 0 76 66 88 36 122 84 70 17 119 81 126 75 86 89 25 118 15 3 11 21 31 112 27 97 13 9 46 93 59 111 37 48 102 98 30 24 90 69 2 38 87 109 53 125 95 80 94 54 4 108 85 51 82 7 115 72 116 123 68 33 8 110 5 52 42 104 61 113 74 91 92 20 117 16 
Coste: 232
Temperatura: 0.11404368927582097
Probabilidad de aceptación: 1.4162902481665207E-23
Movimiento: NO



ITERACION 81
Solucion:    93 107 19 12 100 78 67 73 34 45 64 49 58 56 22 120 44 41 28 114 47 63 43 50 32 71 6 106 121 26 60 10 62 1 57 29 79 83 124 101 103 96 65 127 14 55 35 23 40 105 18 77 39 99 0 76 66 88 36 122 84 17 70 81 119 75 126 86 25 89 15 118 11 3 31 21 27 112 13 9 46 16 97 59 111 37 102 98 48 30 24 90 69 38 2 87 109 53 125 95 80 94 54 4 108 85 51 82 7 115 72 116 68 123 33 8 110 5 52 42 104 61 113 74 91 92 20 117 
Coste: 232
Temperatura: 0.10263932034823887
Probabilidad de aceptación: 1.0
Movimiento: SI



ITERACION 82
Solucion:    97 93 107 19 100 12 78 67 73 34 45 64 49 56 58 120 22 44 41 28 114 47 63 43 50 32 71 6 106 121 60 26 62 10 57 29 1 79 83 101 124 103 65 96 127 14 55 23 35 40 18 105 39 77 99 0 76 66 88 36 122 17 84 81 70 75 119 126 25 86 15 89 11 118 31 3 27 21 13 9 46 112 117 16 59 111 102 37 98 48 30 24 90 38 69 2 87 109 53 125 95 80 94 54 4 108 85 51 82 7 72 115 68 116 123 33 8 110 5 52 42 104 61 113 74 91 92 20 
Coste: 230
Temperatura: 0.09237538831341499
Probabilidad de aceptación: 1.0
Movimiento: SI



ITERACION 83
Solucion:    16 97 93 107 100 19 12 78 67 73 34 45 64 56 49 58 120 22 44 41 28 114 47 63 43 50 32 71 6 106 60 121 62 26 57 29 10 1 79 101 83 103 65 124 96 127 55 23 14 35 18 40 39 105 77 99 0 76 66 88 36 17 122 81 84 75 70 119 25 126 15 86 11 89 31 118 27 3 13 9 46 21 112 20 117 59 102 37 111 98 48 30 24 38 90 69 2 87 109 53 125 95 80 94 54 4 108 85 51 82 72 7 68 115 116 123 33 8 110 5 52 42 104 61 113 74 91 92 
Coste: 230
Temperatura: 0.08313784948207349
Probabilidad de aceptación: 1.0
Movimiento: SI



ITERACION 84
Solucion:    117 16 97 93 100 107 19 12 78 67 73 34 45 56 64 58 49 120 22 44 41 28 114 47 63 43 50 32 71 6 60 106 121 62 57 29 26 10 1 101 79 103 65 83 124 96 55 23 127 14 35 18 39 40 105 77 99 0 76 66 88 17 36 81 122 75 84 70 25 119 15 126 11 86 31 89 27 118 13 9 46 3 21 112 92 20 102 37 59 111 98 48 30 38 24 90 69 2 87 109 53 125 95 80 94 54 4 108 85 51 72 82 68 7 115 116 123 33 8 110 5 52 42 104 61 113 74 91 
Coste: 227
Temperatura: 0.07482406453386614
Probabilidad de aceptación: 1.0
Movimiento: SI



ITERACION 85
Solucion:    20 117 16 97 100 93 107 19 12 78 67 73 34 56 45 58 64 49 120 22 44 41 28 114 47 63 43 32 50 71 60 6 121 106 57 29 62 26 10 101 1 103 79 65 83 124 55 23 96 127 35 14 39 18 40 105 77 99 0 76 66 17 88 81 36 75 122 84 25 70 15 119 11 126 31 86 27 89 13 9 118 46 3 21 112 91 102 37 92 59 111 98 48 38 30 24 90 69 2 87 109 53 125 95 80 94 54 4 108 85 72 51 68 82 7 115 116 123 33 8 110 5 52 42 104 61 113 74 
Coste: 227
Temperatura: 0.06734165808047952
Probabilidad de aceptación: 1.0
Movimiento: SI



ITERACION 86
Solucion:    20 117 16 97 100 93 107 19 12 78 67 73 34 56 45 58 64 49 120 22 44 41 28 114 47 63 43 32 50 71 60 6 121 106 57 29 62 26 10 101 1 103 79 65 83 124 55 23 96 127 35 14 39 18 40 105 77 99 0 76 66 17 88 81 102 75 122 84 25 70 15 119 11 126 31 86 27 89 13 9 118 46 3 21 112 91 36 37 92 59 111 98 48 38 30 24 90 69 2 87 109 53 125 95 80 94 54 4 108 85 72 51 68 82 7 115 116 123 33 8 110 5 52 42 104 61 113 74 
Coste: 227
Temperatura: 0.060607492272431576
Probabilidad de aceptación: 2.2637425885293928E-158
Movimiento: NO



ITERACION 87
Solucion:    20 117 16 97 100 93 107 19 12 78 67 73 34 56 45 58 64 49 120 22 44 41 28 114 47 63 43 32 50 71 60 6 121 106 57 29 62 26 10 101 1 103 79 65 83 124 55 23 96 127 35 14 39 18 40 105 77 99 0 76 66 17 88 81 102 75 122 84 25 70 15 119 11 126 31 86 27 89 13 9 118 46 3 21 112 91 36 54 92 59 111 98 48 38 30 24 90 69 2 87 109 53 125 95 80 94 37 4 108 85 72 51 68 82 7 115 116 123 33 8 110 5 52 42 104 61 113 74 
Coste: 227
Temperatura: 0.05454674304518842
Probabilidad de aceptación: 3.417559543310808E-112
Movimiento: NO



ITERACION 88
Solucion:    92 20 117 16 100 97 93 107 19 12 78 67 73 56 34 58 45 64 49 120 22 44 41 28 114 47 63 32 43 50 60 71 121 6 57 29 106 62 26 101 10 103 1 79 65 83 55 23 124 96 35 127 39 14 18 40 105 77 99 0 76 17 66 81 88 75 102 122 25 84 15 70 11 119 31 126 27 86 13 9 118 89 46 3 21 112 36 54 74 91 59 111 98 38 48 30 24 90 69 2 87 109 53 125 95 80 94 37 4 108 85 72 68 51 82 7 115 116 123 33 8 110 5 52 42 104 61 113 
Coste: 227
Temperatura: 0.04909206874066958
Probabilidad de aceptación: 1.0
Movimiento: SI



ITERACION 89
Solucion:    91 92 20 117 100 16 97 93 107 19 12 78 67 56 73 58 34 45 64 49 120 22 44 41 28 114 47 32 63 43 60 50 121 71 57 29 6 106 62 101 26 103 1 10 79 65 55 23 83 124 35 96 39 127 14 18 40 105 77 99 0 17 76 81 66 75 88 102 25 122 15 84 11 70 31 119 27 126 13 9 118 86 89 46 3 21 36 54 112 113 74 59 111 38 98 48 30 24 90 69 2 87 109 53 125 95 80 94 37 4 108 85 68 72 51 82 7 115 116 123 33 8 110 5 52 42 104 61 
Coste: 227
Temperatura: 0.04418286186660262
Probabilidad de aceptación: 1.0
Movimiento: SI



ITERACION 90
Solucion:    74 91 92 20 100 117 16 97 93 107 19 12 78 56 67 58 73 34 45 64 49 120 22 44 41 28 114 32 47 63 60 43 121 50 57 29 71 6 106 101 62 103 1 26 10 79 55 23 65 83 35 124 39 96 127 14 18 40 105 77 99 17 0 81 76 75 66 88 25 102 15 122 11 84 31 70 27 119 13 9 118 126 86 89 46 3 36 54 21 112 61 113 59 38 111 98 48 30 24 90 69 2 87 109 53 125 95 80 94 37 4 108 68 85 72 51 82 7 115 116 123 33 8 110 5 52 42 104 
Coste: 226
Temperatura: 0.039764575679942356
Probabilidad de aceptación: 1.0
Movimiento: SI



ITERACION 91
Solucion:    113 74 91 92 100 20 117 16 97 93 107 19 12 56 78 58 67 73 34 45 64 49 120 22 44 41 28 32 114 47 63 60 121 43 57 29 50 71 6 101 106 103 1 62 26 10 55 23 79 65 35 83 39 124 96 127 14 18 40 105 77 17 99 81 0 75 76 66 25 88 15 102 11 122 31 84 27 70 13 9 118 119 126 86 89 46 36 54 3 21 112 104 61 38 59 111 98 48 30 24 90 69 2 87 109 53 125 95 80 94 4 37 68 108 85 72 51 82 7 115 116 123 33 8 110 5 52 42 
Coste: 226
Temperatura: 0.03578811811194812
Probabilidad de aceptación: 1.0
Movimiento: SI



ITERACION 92
Solucion:    61 113 74 91 100 92 20 117 16 97 93 107 19 56 12 58 78 67 73 34 45 64 49 120 22 44 41 32 28 114 63 47 60 121 57 29 43 50 71 101 6 103 1 106 62 26 55 23 10 79 35 65 39 83 124 96 127 14 18 40 105 17 77 81 99 75 0 76 25 66 15 88 11 102 31 122 27 84 13 9 70 118 119 126 86 89 36 54 46 3 21 112 42 38 104 59 111 98 48 30 24 90 69 2 87 109 53 125 95 80 4 94 68 37 108 85 72 51 82 7 115 116 123 33 8 110 5 52 
Coste: 225
Temperatura: 0.032209306300753304
Probabilidad de aceptación: 1.0
Movimiento: SI



ITERACION 93
Solucion:    61 113 74 91 100 92 20 117 16 97 93 107 19 56 12 58 78 67 73 34 45 64 49 120 22 44 41 32 28 114 63 47 60 121 57 29 43 50 71 101 6 103 1 106 62 26 55 23 10 79 35 65 39 83 124 96 127 14 18 40 105 17 77 81 99 75 0 76 25 66 15 88 11 102 31 122 27 84 13 9 70 118 119 126 86 89 36 54 46 3 21 112 42 38 104 59 111 98 48 30 24 90 69 2 87 109 53 125 95 80 4 94 68 37 108 85 72 51 82 7 115 116 123 33 8 110 5 52 
Coste: 225
Temperatura: 0.028988375670677975
Probabilidad de aceptación: 1.1838369270116725E-60
Movimiento: NO



ITERACION 94
Solucion:    104 61 113 74 100 91 92 20 117 16 97 93 107 56 19 58 12 78 67 73 34 45 64 49 120 22 44 32 41 28 63 114 60 47 57 29 121 43 50 71 101 6 1 103 106 62 55 23 26 10 35 79 39 65 83 124 96 127 14 18 40 17 105 81 77 75 99 0 25 76 15 66 11 88 31 102 27 122 13 9 70 84 118 119 126 86 36 54 89 46 3 21 112 38 52 42 59 111 98 48 30 24 90 69 2 87 109 53 125 95 4 80 68 94 37 108 85 72 51 82 7 115 116 123 33 8 110 5 
Coste: 225
Temperatura: 0.02608953810361018
Probabilidad de aceptación: 1.0
Movimiento: SI



ITERACION 95
Solucion:    42 104 61 113 100 74 91 92 20 117 16 97 93 56 107 58 19 12 78 67 73 34 45 64 49 120 22 44 32 41 28 63 60 114 57 29 47 121 43 71 50 101 1 6 103 106 55 23 62 26 35 10 39 79 65 83 124 96 127 14 18 17 40 81 105 75 77 99 25 0 15 76 11 66 31 88 27 102 13 9 70 122 84 118 119 126 36 54 86 89 46 3 21 38 112 5 52 59 111 98 48 30 24 90 69 2 87 109 53 125 4 95 68 80 94 37 108 85 72 51 82 7 115 116 123 33 8 110 
Coste: 224
Temperatura: 0.02348058429324916
Probabilidad de aceptación: 1.0
Movimiento: SI



ITERACION 96
Solucion:    52 42 104 61 100 113 74 91 92 20 117 16 97 56 93 58 107 19 12 78 67 73 34 45 64 49 120 44 22 32 28 41 60 63 57 29 114 47 121 71 43 101 1 50 6 103 55 23 106 62 35 26 39 10 79 65 83 124 96 127 14 17 18 81 40 75 105 77 25 99 15 0 11 76 31 66 27 88 13 9 102 70 122 84 118 119 36 54 126 86 89 46 3 38 21 112 110 5 59 111 98 48 30 24 90 69 2 87 109 53 4 125 68 95 80 94 37 108 85 72 51 82 7 115 116 123 33 8 
Coste: 222
Temperatura: 0.021132525863924244
Probabilidad de aceptación: 1.0
Movimiento: SI



ITERACION 97
Solucion:    5 52 42 104 100 61 113 74 91 92 20 117 16 56 97 58 93 107 19 12 78 67 73 34 45 64 49 44 120 22 28 32 60 41 63 29 57 114 47 71 121 101 1 43 50 6 55 103 23 106 35 62 39 26 10 79 65 83 124 96 127 17 14 81 18 75 40 105 25 77 15 99 11 0 31 76 27 66 13 9 102 88 70 122 84 118 36 54 119 126 86 89 46 38 3 21 112 8 110 59 111 98 48 30 24 90 69 2 87 109 4 53 68 125 95 80 94 37 108 85 72 51 82 7 115 116 123 33 
Coste: 222
Temperatura: 0.01901927327753182
Probabilidad de aceptación: 1.0
Movimiento: SI



ITERACION 98
Solucion:    110 5 52 42 100 104 61 113 74 91 92 20 117 56 16 58 97 93 107 19 12 78 67 73 34 45 64 44 49 120 28 22 60 32 63 29 41 57 114 71 47 101 1 121 43 50 55 103 6 23 35 106 39 62 26 10 79 65 83 124 96 17 127 81 14 75 18 40 25 105 15 77 11 99 31 0 27 76 13 9 102 66 88 70 122 84 36 54 118 119 126 86 89 38 46 3 21 112 33 8 59 111 98 48 30 24 90 69 2 87 4 109 68 53 125 95 80 94 37 108 85 72 51 82 7 115 116 123 
Coste: 222
Temperatura: 0.01711734594977864
Probabilidad de aceptación: 1.0
Movimiento: SI



ITERACION 99
Solucion:    8 110 5 52 100 42 104 61 113 74 91 92 20 56 117 58 16 97 93 107 19 12 78 67 73 34 45 64 44 49 28 120 60 22 63 29 32 41 57 71 114 101 1 47 121 43 55 50 103 6 35 23 39 106 62 26 10 79 65 83 124 17 96 81 127 75 14 18 25 40 15 105 11 77 31 99 27 0 13 9 102 76 66 88 70 122 36 54 84 118 119 126 86 38 89 46 3 21 112 123 33 59 111 98 48 30 24 90 69 2 4 87 68 109 53 125 95 80 94 37 108 85 72 51 82 7 115 116 
Coste: 222
Temperatura: 0.015405611354800777
Probabilidad de aceptación: 1.0
Movimiento: SI



ITERACION 100
Solucion:    33 8 110 5 100 52 42 104 61 113 74 91 92 56 20 58 117 16 97 93 107 19 12 78 67 73 34 64 45 44 28 49 60 120 63 29 22 32 41 71 57 101 1 114 47 121 55 43 50 103 35 6 39 23 106 62 26 10 79 65 83 17 124 81 96 75 127 14 25 18 15 40 11 105 31 77 27 99 13 9 102 0 76 66 88 70 36 54 122 84 118 119 126 38 86 89 46 3 21 112 116 123 59 111 98 48 30 24 90 69 4 2 68 87 109 53 125 95 80 94 37 108 85 72 51 82 7 115 
Coste: 222
Temperatura: 0.013865050219320699
Probabilidad de aceptación: 1.0
Movimiento: SI



ITERACION 101
Solucion:    123 33 8 110 100 5 52 42 104 61 113 74 91 56 92 58 20 117 16 97 93 107 19 12 78 67 73 64 34 45 28 44 60 49 63 29 120 22 32 41 71 57 1 101 114 47 55 43 121 50 35 103 39 6 23 106 62 26 10 79 65 83 17 81 124 75 96 127 25 14 15 18 11 40 31 105 27 77 13 9 102 99 0 76 66 88 36 54 70 122 84 118 119 38 126 86 89 46 3 21 112 115 116 59 111 98 48 30 24 90 69 4 68 2 87 109 53 125 95 80 94 37 108 85 72 51 82 7 
Coste: 220
Temperatura: 0.012478545197388629
Probabilidad de aceptación: 1.0
Movimiento: SI



ITERACION 102
Solucion:    116 123 33 8 100 110 5 52 42 104 61 113 74 56 91 58 92 20 117 16 97 93 107 19 12 78 67 64 73 34 28 45 60 44 63 29 49 120 22 41 32 57 1 71 101 114 47 43 55 121 35 50 39 103 6 23 106 62 26 10 79 65 83 81 17 75 124 96 25 127 15 14 11 18 31 40 27 105 13 9 102 77 99 0 76 66 36 54 88 70 122 84 118 38 119 126 86 89 46 3 21 112 7 115 59 111 98 48 30 24 69 90 68 4 2 87 109 53 125 95 80 94 37 108 85 72 51 82 
Coste: 220
Temperatura: 0.011230690677649766
Probabilidad de aceptación: 1.0
Movimiento: SI



ITERACION 103
Solucion:    115 116 123 33 100 8 110 5 52 42 104 61 113 56 74 58 91 92 20 117 16 97 93 107 19 12 78 64 67 73 28 34 60 45 44 29 63 49 120 41 22 32 57 1 71 101 47 43 114 55 35 121 39 50 103 6 23 106 62 26 10 65 79 81 83 75 17 124 25 96 15 127 11 14 31 18 27 40 13 9 102 105 77 99 0 76 36 54 66 88 70 122 84 38 118 119 126 86 89 46 3 21 112 82 7 59 111 98 48 30 69 24 68 90 4 2 87 109 53 125 95 80 94 37 108 85 72 51 
Coste: 219
Temperatura: 0.01010762160988479
Probabilidad de aceptación: 1.0
Movimiento: SI



ITERACION 104
Solucion:    7 115 116 123 100 33 8 110 5 52 42 104 61 56 113 58 74 91 92 20 117 16 97 93 107 19 12 64 78 67 28 73 60 34 44 45 29 63 49 41 120 32 57 22 1 71 47 43 101 114 35 55 39 121 50 103 6 23 106 62 26 65 10 81 79 75 83 17 25 124 15 96 11 127 31 14 27 18 13 9 102 40 105 77 99 0 36 54 76 66 88 70 122 38 84 118 119 126 86 89 46 3 21 112 51 82 59 111 98 48 69 30 68 24 90 4 2 87 109 53 125 95 80 94 37 108 85 72 
Coste: 219
Temperatura: 0.009096859448896311
Probabilidad de aceptación: 1.0
Movimiento: SI



ITERACION 105
Solucion:    82 7 115 116 100 123 33 8 110 5 52 42 104 56 61 58 113 74 91 92 20 117 16 97 93 107 19 64 12 78 28 67 60 73 44 45 34 29 63 49 41 120 57 32 22 1 47 43 71 101 35 114 39 55 121 50 103 6 23 106 62 65 26 81 10 75 79 83 25 17 15 124 11 96 31 127 27 14 13 9 102 18 40 105 77 99 36 54 0 76 66 88 70 38 122 84 118 119 126 86 89 46 3 21 112 72 51 59 111 98 69 48 68 30 24 90 4 2 87 109 53 125 95 80 94 37 108 85 
Coste: 219
Temperatura: 0.00818717350400668
Probabilidad de aceptación: 1.0
Movimiento: SI



ITERACION 106
Solucion:    51 82 7 115 100 116 123 33 8 110 5 52 42 56 104 58 61 113 74 91 92 20 117 16 97 93 107 64 19 12 28 78 60 67 44 45 73 34 29 49 63 41 57 120 32 22 47 43 1 71 35 101 39 114 55 121 50 103 6 23 106 65 62 81 26 10 75 79 25 83 15 17 11 124 31 96 27 127 13 9 102 14 18 40 105 77 36 54 99 0 76 66 88 38 70 122 84 118 119 126 86 89 46 3 21 112 85 72 59 111 69 98 68 48 30 24 90 4 2 87 109 53 125 95 80 94 37 108 
Coste: 217
Temperatura: 0.007368456153606013
Probabilidad de aceptación: 1.0
Movimiento: SI



ITERACION 107
Solucion:    72 51 82 7 100 115 116 123 33 8 110 5 52 42 56 58 104 61 113 74 91 92 20 117 16 97 93 64 107 19 12 28 60 78 44 45 67 73 34 49 29 41 57 63 120 32 47 43 22 1 35 71 39 101 114 55 121 50 103 6 23 65 106 81 62 10 26 75 25 79 15 83 11 17 31 124 27 96 13 9 102 127 14 18 40 105 36 54 77 99 0 76 66 38 88 70 122 84 118 119 126 86 89 46 3 21 112 108 85 59 69 111 68 98 48 30 24 90 4 2 87 109 53 125 95 80 94 37 
Coste: 216
Temperatura: 0.006631610538245412
Probabilidad de aceptación: 1.0
Movimiento: SI



ITERACION 108
Solucion:    85 72 51 82 100 7 115 116 123 33 8 110 5 42 52 58 56 104 61 113 74 91 92 20 117 16 97 64 93 107 12 19 60 28 44 45 78 67 73 49 34 41 57 29 63 120 47 43 32 22 35 1 39 71 101 114 55 121 50 103 6 65 23 81 106 10 62 26 25 75 15 79 11 83 31 17 27 124 13 9 102 96 127 14 18 40 36 54 105 77 99 0 76 38 66 88 70 122 84 118 119 126 86 89 46 3 21 112 37 108 69 59 68 111 98 48 30 24 90 4 2 87 109 53 125 95 80 94 
Coste: 216
Temperatura: 0.005968449484420871
Probabilidad de aceptación: 1.0
Movimiento: SI



ITERACION 109
Solucion:    108 85 72 51 100 82 7 115 116 123 33 8 110 42 5 58 52 56 104 61 113 74 91 92 20 117 16 97 64 93 12 107 60 19 44 45 28 78 67 49 73 41 57 34 29 63 47 43 120 32 35 22 39 1 71 101 114 55 121 50 103 65 6 81 23 10 106 62 25 26 15 75 11 79 31 83 27 17 13 9 102 124 96 127 14 18 36 54 40 105 77 99 0 38 76 66 88 70 122 84 118 119 126 86 89 46 3 21 112 94 69 37 68 59 111 98 48 30 24 90 4 2 87 109 53 125 95 80 
Coste: 216
Temperatura: 0.005371604535978784
Probabilidad de aceptación: 1.0
Movimiento: SI



ITERACION 110
Solucion:    108 85 72 51 100 82 7 115 116 123 33 8 110 42 5 58 52 56 104 61 113 74 91 92 20 117 16 97 69 93 12 107 60 19 44 45 28 78 67 49 73 41 57 34 29 63 47 43 120 32 35 22 39 1 71 101 114 55 121 50 103 65 6 81 23 10 106 62 25 26 15 75 11 79 31 83 27 17 13 9 102 124 96 127 14 18 36 54 40 105 77 99 0 38 64 66 88 76 122 70 118 119 126 86 89 46 3 21 112 94 4 37 68 59 111 98 48 30 24 90 84 2 87 109 53 125 95 80 
Coste: 216
Temperatura: 0.004834444082380906
Probabilidad de aceptación: 1.467620890989908E-90
Movimiento: NO



ITERACION 111
Solucion:    37 108 85 72 100 51 82 7 115 116 123 33 8 42 110 58 5 52 56 104 61 113 74 91 92 20 117 97 16 69 12 93 60 107 44 45 19 28 78 49 67 41 57 73 34 29 47 43 63 120 35 32 39 22 1 71 101 114 55 121 50 65 103 81 6 10 23 106 25 62 15 26 11 75 31 79 27 83 13 9 102 17 124 96 127 14 36 54 18 40 105 77 99 38 0 64 66 88 76 122 70 118 119 126 86 89 46 3 21 112 4 80 68 94 59 111 98 48 30 24 90 84 2 87 109 53 125 95 
Coste: 216
Temperatura: 0.004350999674142816
Probabilidad de aceptación: 1.0
Movimiento: SI



ITERACION 112
Solucion:    37 108 85 72 100 51 82 7 115 116 123 33 8 42 110 58 5 52 56 104 61 113 74 91 92 20 117 97 16 69 12 93 60 107 44 45 19 28 78 49 67 41 57 73 34 29 47 43 63 120 35 32 39 22 1 71 101 114 55 121 50 65 103 81 6 10 23 106 25 62 15 26 11 75 31 79 27 83 13 9 102 17 124 96 127 14 36 54 18 40 105 77 99 38 0 64 66 88 76 122 70 118 119 126 86 89 46 3 21 112 68 80 4 94 59 111 98 48 30 24 90 84 2 87 109 53 125 95 
Coste: 216
Temperatura: 0.003915899706728535
Probabilidad de aceptación: 0.0
Movimiento: NO



ITERACION 113
Solucion:    94 37 108 85 100 72 51 82 7 115 116 123 33 42 8 58 110 5 52 56 104 61 113 74 91 92 20 117 97 16 12 69 60 93 44 45 107 19 28 49 78 41 57 67 73 34 47 43 29 63 35 120 39 32 22 1 71 101 114 55 121 65 50 81 103 10 6 23 25 106 15 62 11 26 31 75 27 79 13 9 102 83 17 124 96 127 36 54 14 18 40 105 77 38 99 0 64 66 88 76 122 70 118 119 126 86 89 46 3 21 68 112 4 95 80 59 111 98 48 30 24 90 84 2 87 109 53 125 
Coste: 216
Temperatura: 0.0035243097360556815
Probabilidad de aceptación: 1.0
Movimiento: SI



ITERACION 114
Solucion:    80 94 37 108 100 85 72 51 82 7 115 116 123 42 33 58 8 110 5 52 56 104 61 113 74 91 92 117 20 97 12 16 60 69 44 45 93 107 19 49 28 41 57 78 67 73 34 43 47 29 35 63 39 120 32 22 1 71 101 114 55 65 121 81 50 10 103 6 25 23 15 106 11 62 31 26 27 75 13 9 102 79 83 17 124 96 36 54 127 14 18 40 105 38 77 99 0 64 66 88 76 122 70 118 119 126 86 89 46 3 68 21 4 112 125 95 59 111 98 48 30 24 90 84 2 87 109 53 
Coste: 215
Temperatura: 0.0031718787624501134
Probabilidad de aceptación: 1.0
Movimiento: SI



ITERACION 115
Solucion:    95 80 94 37 100 108 85 72 51 82 7 115 116 42 123 58 33 8 110 5 52 56 104 61 113 74 91 117 92 20 12 97 60 16 44 45 69 93 107 49 19 41 57 28 78 67 34 43 73 47 35 29 39 63 120 32 22 1 71 101 114 65 55 81 121 10 50 103 25 6 15 23 11 106 31 62 27 26 13 9 102 75 79 83 17 124 36 54 96 127 14 18 40 38 105 77 99 0 64 66 88 76 122 70 118 119 126 86 89 46 68 3 4 21 112 53 125 59 111 98 48 30 24 90 84 2 87 109 
Coste: 215
Temperatura: 0.002854690886205102
Probabilidad de aceptación: 1.0
Movimiento: SI



ITERACION 116
Solucion:    125 95 80 94 37 100 108 85 72 51 82 7 115 42 116 58 123 33 8 110 5 52 56 104 61 113 74 117 91 92 12 20 60 97 44 45 16 69 93 49 107 41 57 19 28 78 34 43 67 73 47 35 39 29 63 120 32 22 1 71 101 65 114 81 55 10 121 50 25 103 15 6 11 23 31 106 27 62 26 9 102 13 75 79 83 17 36 54 124 96 127 14 18 38 40 105 77 99 0 64 66 88 76 122 70 118 119 126 86 89 68 46 4 3 21 112 109 53 59 111 98 48 30 24 90 84 2 87 
Coste: 215
Temperatura: 0.0025692217975845917
Probabilidad de aceptación: 1.0
Movimiento: SI



ITERACION 117
Solucion:    53 125 95 80 37 94 100 108 85 72 51 82 7 42 115 58 116 123 33 8 110 5 52 56 104 61 113 117 74 91 12 92 60 20 44 45 97 16 69 49 93 41 57 107 19 28 34 43 78 67 47 73 39 35 29 63 120 32 22 1 71 65 101 81 114 10 55 121 25 50 15 103 11 6 31 23 27 106 26 9 102 62 13 75 79 83 36 54 17 124 96 127 14 38 18 40 105 77 99 0 64 66 88 76 122 70 118 119 126 86 68 89 4 46 3 21 112 87 109 59 111 98 48 30 24 90 84 2 
Coste: 215
Temperatura: 0.0023122996178261326
Probabilidad de aceptación: 1.0
Movimiento: SI



ITERACION 118
Solucion:    109 53 125 95 37 80 94 100 108 85 72 51 82 42 7 58 115 116 123 33 8 110 5 52 56 104 61 117 113 74 12 91 60 92 44 45 20 97 16 49 69 41 57 93 107 19 34 43 28 78 47 67 39 73 35 29 63 120 32 22 1 65 71 81 101 10 114 55 25 121 15 50 11 103 31 6 27 23 26 9 102 106 62 13 75 79 36 54 83 17 124 96 127 38 14 18 40 105 77 99 0 64 66 88 76 122 70 118 119 126 68 86 4 89 46 3 21 112 2 87 59 111 98 48 30 24 90 84 
Coste: 215
Temperatura: 0.0020810696560435195
Probabilidad de aceptación: 1.0
Movimiento: SI



ITERACION 119
Solucion:    87 109 53 125 37 95 80 94 100 108 85 72 51 42 82 58 7 115 116 123 33 8 110 5 52 56 104 61 117 113 12 74 60 91 44 45 92 20 97 49 16 41 57 69 93 107 34 43 19 28 47 78 39 67 73 35 29 63 120 32 22 65 1 81 71 10 101 114 25 55 15 121 11 50 31 103 27 6 26 9 102 23 106 62 13 75 36 54 79 83 17 124 96 38 127 14 18 40 105 77 99 0 64 66 88 76 122 70 118 119 68 126 4 86 89 46 3 21 112 84 2 59 111 98 48 30 24 90 
Coste: 215
Temperatura: 0.0018729626904391676
Probabilidad de aceptación: 1.0
Movimiento: SI



ITERACION 120
Solucion:    2 87 109 53 37 125 95 80 94 100 108 85 72 42 51 58 82 7 115 116 123 33 8 110 5 52 56 61 104 117 12 113 60 74 44 45 91 92 20 49 97 41 57 16 69 93 34 43 107 19 47 28 39 78 67 73 35 29 63 120 32 65 22 1 81 10 71 101 25 114 15 55 11 121 31 50 27 103 26 9 6 102 23 106 62 13 36 54 75 79 83 17 124 38 96 127 14 18 40 105 77 99 0 64 66 88 76 122 70 118 68 119 4 126 86 89 46 3 21 112 90 84 59 111 98 48 30 24 
Coste: 215
Temperatura: 0.0016856664213952509
Probabilidad de aceptación: 1.0
Movimiento: SI



ITERACION 121
Solucion:    84 2 87 109 37 53 125 95 80 94 100 108 85 42 72 58 51 82 7 115 116 123 33 8 110 5 52 61 56 104 12 117 60 113 44 45 74 91 92 49 20 41 57 97 16 69 34 43 93 107 47 19 39 28 78 67 73 35 29 63 120 65 32 1 22 10 81 71 25 101 15 114 11 55 31 121 27 50 26 9 6 103 102 23 106 62 36 54 13 75 79 83 17 38 124 96 127 14 18 40 105 77 99 0 64 66 88 76 122 70 68 118 4 119 126 86 89 46 3 21 112 24 90 59 111 98 48 30 
Coste: 215
Temperatura: 0.0015170997792557258
Probabilidad de aceptación: 1.0
Movimiento: SI



ITERACION 122
Solucion:    90 84 2 87 37 109 53 125 95 80 94 100 108 42 85 58 72 51 82 7 115 116 123 33 8 110 5 52 61 56 12 104 60 117 44 45 113 74 91 49 92 41 57 20 97 16 34 43 69 93 47 107 39 19 28 78 67 73 35 29 63 65 120 1 32 10 22 81 25 71 15 101 11 114 31 55 27 121 26 9 6 50 103 102 23 106 36 54 62 13 75 79 83 38 17 124 96 127 14 18 40 105 77 99 0 64 66 88 76 122 68 70 4 118 119 126 86 89 46 3 21 112 30 24 59 111 98 48 
Coste: 215
Temperatura: 0.0013653898013301531
Probabilidad de aceptación: 1.0
Movimiento: SI



ITERACION 123
Solucion:    24 90 84 2 37 87 109 53 125 95 80 94 100 42 108 58 85 72 51 82 7 115 116 123 33 8 110 5 52 61 12 56 60 104 44 45 117 113 74 49 91 41 57 92 20 97 34 43 16 69 47 93 39 107 19 28 78 67 73 35 29 65 63 1 120 10 32 22 25 81 15 71 11 101 31 114 27 55 26 9 6 121 50 103 102 23 36 54 106 62 13 75 79 38 83 17 124 96 127 14 18 40 105 77 99 0 64 66 88 76 68 122 4 70 118 119 126 86 89 46 3 21 112 48 30 59 111 98 
Coste: 214
Temperatura: 0.001228850821197138
Probabilidad de aceptación: 1.0
Movimiento: SI



ITERACION 124
Solucion:    30 24 90 84 37 2 87 109 53 125 95 80 94 42 100 58 108 85 72 51 82 7 115 116 123 33 8 5 110 52 61 12 60 56 44 45 104 117 113 49 74 41 57 91 92 20 34 43 97 16 47 69 39 93 107 19 28 78 67 73 35 65 29 1 63 10 120 32 25 22 15 81 11 71 31 101 27 114 26 9 6 55 121 50 103 102 36 54 23 106 62 13 75 38 79 83 17 124 96 127 14 18 40 105 77 99 0 64 66 88 68 76 4 122 70 118 119 126 86 89 46 3 21 112 98 48 59 111 
Coste: 213
Temperatura: 0.0011059657390774242
Probabilidad de aceptación: 1.0
Movimiento: SI



ITERACION 125
Solucion:    48 30 24 90 37 84 2 87 109 53 125 95 80 42 94 58 100 108 85 72 51 82 7 115 116 123 33 5 8 110 61 52 60 12 44 45 56 104 117 49 113 41 57 74 91 92 34 43 20 97 47 16 39 69 93 107 19 28 78 67 73 65 35 1 29 10 63 120 25 32 15 22 11 81 31 71 27 101 26 9 6 114 55 121 50 103 36 102 54 23 106 62 13 38 75 79 83 17 124 96 127 14 18 40 105 77 99 0 64 66 68 88 4 76 122 70 118 119 126 86 89 46 3 21 112 111 98 59 
Coste: 213
Temperatura: 9.953691651696818E-4
Probabilidad de aceptación: 1.0
Movimiento: SI



ITERACION 126
Solucion:    98 48 30 24 37 90 84 2 87 109 53 125 95 42 80 58 94 100 108 85 72 51 82 7 115 116 123 33 5 8 61 110 60 52 44 45 12 56 104 49 117 113 41 57 74 91 34 43 92 20 47 97 39 16 69 93 107 19 28 78 67 65 73 1 35 29 10 63 25 120 15 32 11 22 31 81 27 71 26 9 6 101 114 55 121 50 36 102 103 54 23 106 62 38 13 75 79 83 17 124 96 127 14 18 40 105 77 99 0 64 68 66 4 88 76 122 70 118 119 126 86 89 46 3 21 112 59 111 
Coste: 213
Temperatura: 8.958322486527137E-4
Probabilidad de aceptación: 1.0
Movimiento: SI



ITERACION 127
Solucion:    111 98 48 30 37 24 90 84 2 87 109 53 125 42 95 58 80 94 100 108 85 72 51 82 7 115 116 33 123 5 61 8 60 110 44 45 52 12 56 49 104 113 41 117 57 74 34 43 91 92 47 20 39 97 16 69 93 107 19 28 78 65 67 73 1 29 35 10 25 63 15 120 11 32 31 22 27 81 26 9 6 71 101 114 55 121 36 102 50 103 54 23 106 38 62 13 75 79 83 17 124 96 127 14 18 40 105 77 99 0 68 64 4 66 88 76 122 70 118 119 126 86 89 46 3 21 112 59 
Coste: 213
Temperatura: 8.062490237874424E-4
Probabilidad de aceptación: 1.0
Movimiento: SI



