ITERACION 0
Solucion:    41 92 122 118 40 36 101 94 0 102 68 80 106 83 4 90 84 85 71 67 27 10 16 23 127 69 7 25 11 111 19 20 31 74 99 93 3 28 39 63 86 52 48 116 117 88 26 30 121 96 120 98 45 105 113 104 56 126 64 5 50 65 114 119 13 37 44 125 51 70 6 8 58 33 21 76 1 49 87 79 2 60 46 43 77 47 53 18 22 123 95 115 38 81 66 55 78 103 72 91 54 124 107 75 29 108 15 24 32 17 42 73 9 61 14 110 59 35 57 34 112 12 109 89 82 100 62 97 
Coste: 328
Temperatura: 510.0
Probabilidad de aceptación: 1.0
Movimiento: SI



ITERACION 1
Solucion:    92 97 41 122 118 40 36 101 94 0 102 68 80 106 83 4 90 84 85 71 67 27 10 16 23 127 69 7 25 11 111 19 20 31 74 99 93 3 28 39 63 86 52 48 116 117 88 26 30 121 96 120 98 45 105 113 104 56 126 64 5 50 65 114 119 13 37 44 125 51 70 6 8 58 33 21 76 1 49 87 79 2 60 46 43 77 47 53 18 22 123 95 115 38 81 66 55 78 103 72 91 54 124 107 75 29 108 15 24 32 17 42 73 9 61 14 110 59 35 57 34 112 12 109 89 82 100 62 
Coste: 341
Temperatura: 459.0
Probabilidad de aceptación: 1.0
Movimiento: SI



ITERACION 2
Solucion:    41 92 62 97 122 118 40 36 101 94 0 102 68 80 106 83 4 90 84 85 71 67 27 10 16 23 127 69 7 25 11 111 19 20 31 74 99 93 3 28 39 63 86 52 48 116 117 88 26 30 121 96 120 98 45 105 113 104 56 126 64 5 50 65 114 119 13 37 44 125 51 70 6 8 58 33 21 76 1 49 87 79 2 60 46 43 77 47 53 18 22 123 95 115 38 81 66 55 78 103 72 91 54 124 107 75 29 108 15 24 32 17 42 73 9 61 14 110 59 35 57 34 112 12 109 89 82 100 
Coste: 320
Temperatura: 413.1
Probabilidad de aceptación: 1.0
Movimiento: SI



ITERACION 3
Solucion:    97 41 92 100 62 122 118 40 36 101 94 0 102 68 80 106 83 4 90 84 85 71 67 27 10 16 23 127 69 7 25 11 111 19 20 31 74 99 93 3 28 39 63 86 52 48 116 117 88 26 30 121 96 120 98 45 105 113 104 56 126 64 5 50 65 114 119 13 37 44 125 51 70 6 8 58 33 21 76 1 49 87 79 2 60 46 43 77 47 53 18 22 123 95 115 38 81 66 55 78 103 72 91 54 124 107 75 29 108 15 24 32 17 42 73 9 61 14 110 59 35 57 34 112 12 109 89 82 
Coste: 338
Temperatura: 371.79
Probabilidad de aceptación: 1.0
Movimiento: SI



ITERACION 4
Solucion:    62 97 41 92 82 100 122 118 40 36 101 94 0 102 68 80 106 83 4 90 84 85 71 67 27 10 16 23 127 69 7 25 11 111 19 20 31 74 99 93 3 28 39 63 86 52 48 116 117 88 26 30 121 96 120 98 45 105 113 104 56 126 64 5 50 65 114 119 13 37 44 125 51 70 6 8 58 33 21 76 1 49 87 79 60 2 46 43 77 47 53 18 22 123 95 115 38 81 66 55 78 103 72 91 54 124 107 75 29 108 15 24 32 17 42 73 9 61 14 110 59 35 57 34 112 12 109 89 
Coste: 339
Temperatura: 334.61100000000005
Probabilidad de aceptación: 1.0
Movimiento: SI



ITERACION 5
Solucion:    100 62 97 41 92 89 82 122 118 40 36 101 94 0 102 68 80 106 83 4 90 84 85 71 67 27 10 16 23 127 69 7 25 11 111 19 20 31 74 99 93 3 28 39 63 86 52 48 116 117 88 26 30 121 96 120 98 45 105 113 104 56 126 64 5 50 65 114 119 13 37 44 125 51 70 6 8 58 33 21 76 1 49 87 79 60 2 46 43 77 47 53 18 22 123 95 115 38 81 66 55 78 103 72 91 54 124 107 75 29 108 15 24 32 17 42 73 9 61 14 110 59 35 57 34 112 12 109 
Coste: 321
Temperatura: 301.14990000000006
Probabilidad de aceptación: 1.0
Movimiento: SI



ITERACION 6
Solucion:    82 100 62 97 41 92 109 89 122 118 40 36 101 94 0 102 68 80 106 83 4 90 84 85 71 67 27 10 16 23 127 69 7 25 11 111 19 20 31 74 99 93 3 28 39 63 86 52 48 116 117 88 26 30 121 96 120 98 45 105 113 104 56 126 64 5 50 65 114 119 13 37 44 125 51 70 6 8 58 33 21 76 1 49 87 79 60 2 46 43 77 47 53 18 22 123 95 115 38 81 66 55 78 103 72 91 54 124 107 75 29 108 15 24 32 17 42 73 9 61 14 110 59 35 57 34 112 12 
Coste: 316
Temperatura: 271.0349100000001
Probabilidad de aceptación: 1.0
Movimiento: SI



ITERACION 7
Solucion:    89 82 100 62 97 41 92 12 109 122 118 40 36 101 94 0 102 68 80 106 83 4 90 84 85 71 67 27 10 16 23 127 69 7 25 11 111 19 20 31 74 99 93 3 28 39 63 86 52 48 116 117 88 26 30 121 96 120 98 45 105 113 104 56 126 64 5 50 65 114 119 13 37 44 125 51 70 6 8 58 33 21 76 1 49 87 79 60 2 46 43 77 47 53 18 22 123 95 115 38 81 66 55 78 103 72 91 54 124 107 75 29 108 15 24 32 17 42 73 9 61 14 110 59 35 57 34 112 
Coste: 341
Temperatura: 243.9314190000001
Probabilidad de aceptación: 1.0
Movimiento: SI



ITERACION 8
Solucion:    109 89 82 100 62 97 41 92 112 12 122 118 40 36 101 94 0 102 68 80 106 83 4 90 84 85 71 67 27 10 16 23 127 69 7 25 11 111 19 20 31 74 99 93 3 28 39 63 86 52 48 116 117 88 26 30 121 96 120 98 45 105 113 104 56 126 64 5 50 65 114 119 13 37 44 125 51 70 6 8 58 33 21 76 1 49 87 79 60 2 46 43 77 47 53 18 22 123 95 115 38 81 66 55 78 103 72 91 54 124 107 75 29 108 15 24 32 17 42 73 9 61 14 110 59 35 57 34 
Coste: 335
Temperatura: 219.53827710000007
Probabilidad de aceptación: 1.0
Movimiento: SI



ITERACION 9
Solucion:    12 109 89 82 100 62 97 41 92 34 112 122 118 40 36 101 94 0 102 68 80 106 83 4 90 84 85 71 67 27 10 16 23 127 69 7 25 11 111 19 20 31 74 99 93 3 28 39 63 86 52 48 116 117 88 26 30 121 96 120 98 45 105 113 104 56 126 64 5 50 65 114 119 13 37 44 125 51 70 6 8 58 33 21 76 1 49 87 79 60 2 46 43 77 47 53 18 22 123 95 115 38 81 66 55 78 103 72 91 54 124 107 75 29 108 15 24 32 17 42 73 9 61 14 110 59 35 57 
Coste: 331
Temperatura: 197.58444939000006
Probabilidad de aceptación: 1.0
Movimiento: SI



ITERACION 10
Solucion:    112 12 109 89 82 100 62 97 41 92 57 34 122 118 40 36 101 94 0 102 68 80 106 83 4 90 84 85 71 67 27 10 16 23 127 69 7 25 11 111 19 20 31 74 99 93 3 28 39 63 86 52 48 116 117 88 26 30 121 96 120 98 45 105 113 104 56 126 64 5 50 65 114 119 13 37 44 125 51 70 6 8 58 33 21 76 1 49 87 79 60 2 46 43 77 47 53 18 22 123 95 115 38 81 66 55 78 103 72 91 54 124 107 75 29 108 15 24 32 17 42 73 9 61 14 110 59 35 
Coste: 332
Temperatura: 177.82600445100005
Probabilidad de aceptación: 1.0
Movimiento: SI



ITERACION 11
Solucion:    34 112 12 109 89 82 100 62 97 41 92 35 57 122 118 40 36 101 94 0 102 68 80 106 83 4 90 84 85 71 67 27 10 16 23 127 69 7 25 11 111 19 20 31 74 99 93 3 28 39 63 86 52 48 116 117 88 26 30 121 96 120 98 45 105 113 104 56 126 64 5 50 65 114 119 13 37 44 125 51 70 6 8 58 33 21 76 1 49 87 79 60 2 46 43 77 47 53 18 22 123 95 115 38 81 66 55 78 103 72 91 54 124 107 75 29 108 15 24 32 17 42 73 9 61 14 110 59 
Coste: 322
Temperatura: 160.04340400590004
Probabilidad de aceptación: 1.0
Movimiento: SI



ITERACION 12
Solucion:    57 34 112 12 109 89 82 100 62 97 41 92 59 35 122 118 40 36 101 94 0 102 68 80 106 83 4 90 84 85 71 67 27 10 16 23 127 69 7 25 11 111 19 20 31 74 99 93 3 28 39 63 86 52 48 116 117 88 26 30 121 96 120 98 45 105 113 104 56 126 64 5 50 65 114 119 13 37 44 125 51 70 6 8 58 33 21 76 1 49 87 79 60 2 46 43 77 47 53 18 22 123 95 115 38 81 66 55 78 103 72 91 54 124 107 75 29 108 15 24 32 17 42 73 9 61 14 110 
Coste: 339
Temperatura: 144.03906360531005
Probabilidad de aceptación: 1.0
Movimiento: SI



ITERACION 13
Solucion:    35 57 34 112 12 109 89 82 100 62 97 41 92 110 59 122 118 40 36 101 94 0 102 68 80 106 83 4 90 84 85 71 67 27 10 16 23 127 69 7 25 11 19 111 20 31 74 99 93 3 28 39 63 86 52 48 116 117 88 30 26 121 96 120 98 45 105 113 104 56 126 64 5 50 65 114 119 13 37 44 125 51 70 6 8 58 33 21 76 1 49 87 79 60 2 46 43 77 47 53 18 22 123 95 115 38 81 66 55 78 103 72 91 54 124 107 75 29 108 15 24 32 17 42 73 9 61 14 
Coste: 327
Temperatura: 129.63515724477904
Probabilidad de aceptación: 1.0
Movimiento: SI



ITERACION 14
Solucion:    59 35 57 34 112 12 109 89 82 100 62 97 41 92 14 110 122 118 40 36 101 94 0 102 68 80 106 83 4 90 84 85 71 67 27 10 16 23 127 69 7 25 11 19 111 20 31 74 99 93 3 28 39 63 86 52 48 116 117 88 30 26 121 96 120 98 45 105 113 104 56 126 64 5 50 65 114 119 13 37 44 125 51 70 6 8 58 33 21 76 1 49 87 79 60 2 46 43 77 47 53 18 22 123 95 115 38 81 66 55 78 103 72 91 54 124 107 75 29 108 15 24 32 17 42 73 9 61 
Coste: 328
Temperatura: 116.67164152030114
Probabilidad de aceptación: 1.0
Movimiento: SI



ITERACION 15
Solucion:    110 59 35 57 34 112 12 109 89 82 100 62 97 41 92 61 14 122 118 40 36 101 94 0 102 68 80 106 83 4 90 84 85 71 67 27 10 16 23 127 69 7 25 11 19 111 20 31 74 99 93 3 28 39 63 86 52 48 116 117 88 30 26 121 96 120 98 45 113 105 104 56 126 64 5 50 65 114 119 13 37 44 125 51 70 6 8 58 33 21 76 1 49 87 79 60 2 46 43 77 47 53 18 22 123 95 115 38 81 66 55 78 103 72 91 54 124 107 75 29 108 15 24 32 17 42 73 9 
Coste: 324
Temperatura: 105.00447736827103
Probabilidad de aceptación: 1.0
Movimiento: SI



ITERACION 16
Solucion:    14 110 59 35 57 34 112 12 109 89 82 100 62 97 41 92 9 61 122 118 40 36 101 94 0 102 68 80 106 83 4 90 84 85 71 67 27 10 16 23 127 69 7 25 11 19 111 20 31 74 99 93 3 28 39 63 86 52 48 116 117 88 30 26 121 96 120 98 45 113 105 104 56 126 64 5 50 65 114 119 13 37 44 125 51 70 6 8 58 33 21 76 1 49 87 79 60 2 46 43 77 47 53 18 22 123 95 115 38 81 66 55 78 103 72 91 54 124 107 75 29 108 15 24 32 17 42 73 
Coste: 324
Temperatura: 94.50402963144393
Probabilidad de aceptación: 1.0
Movimiento: SI



ITERACION 17
Solucion:    61 14 110 59 35 57 34 112 12 109 89 82 100 62 97 41 92 73 9 122 118 40 36 101 94 0 102 68 80 106 83 4 90 84 85 71 67 27 10 16 23 69 127 7 25 11 19 111 20 31 74 99 93 3 28 39 63 86 52 48 116 117 88 30 26 121 96 120 98 45 113 105 104 56 126 64 5 50 65 114 119 13 37 44 125 51 6 70 8 58 33 21 76 1 49 87 79 60 2 46 43 77 47 53 18 22 123 95 115 38 81 66 55 78 103 72 91 54 124 107 75 29 108 15 24 32 17 42 
Coste: 324
Temperatura: 85.05362666829954
Probabilidad de aceptación: 1.0
Movimiento: SI



ITERACION 18
Solucion:    9 61 14 110 59 35 57 34 112 12 109 89 82 100 62 97 41 92 42 73 122 118 40 36 101 94 0 102 68 80 106 83 4 90 84 85 71 67 27 10 16 23 69 127 7 25 11 19 111 20 31 74 99 93 3 28 39 63 86 52 48 116 117 88 30 26 121 96 120 98 113 45 105 104 56 126 64 5 50 65 114 119 13 37 44 125 51 6 70 8 58 33 21 1 76 49 87 79 60 2 46 43 77 47 53 18 22 123 95 115 38 81 66 55 78 103 72 91 54 124 107 75 29 108 15 24 32 17 
Coste: 305
Temperatura: 76.54826400146959
Probabilidad de aceptación: 1.0
Movimiento: SI



ITERACION 19
Solucion:    73 9 61 14 110 59 35 57 34 112 12 109 89 82 100 62 97 41 92 17 42 122 118 40 36 101 94 102 0 68 80 106 83 4 90 84 85 71 67 27 10 16 23 69 127 7 25 11 19 111 20 31 74 99 93 3 28 39 63 86 52 48 116 117 88 30 26 121 96 120 98 113 45 105 104 56 126 64 5 50 65 114 119 13 37 44 125 51 6 70 8 58 33 21 1 76 49 87 79 60 2 46 43 77 47 53 18 22 123 95 115 38 81 66 55 78 103 72 91 54 124 107 75 29 108 15 24 32 
Coste: 323
Temperatura: 68.89343760132263
Probabilidad de aceptación: 1.0
Movimiento: SI



ITERACION 20
Solucion:    42 73 9 61 14 110 59 35 57 34 112 12 109 89 82 100 62 97 41 92 32 17 122 118 40 36 101 94 102 0 68 80 106 83 4 90 84 85 71 67 27 10 16 23 69 127 7 25 11 19 111 20 31 74 99 93 3 28 39 63 86 52 48 116 117 88 30 26 121 96 120 98 113 45 105 104 56 126 64 5 50 65 114 119 13 37 44 125 51 6 70 8 58 33 21 1 76 49 87 79 60 2 46 43 77 47 53 18 22 123 95 115 38 81 66 55 78 103 72 91 54 124 107 75 29 108 15 24 
Coste: 307
Temperatura: 62.00409384119037
Probabilidad de aceptación: 1.0
Movimiento: SI



ITERACION 21
Solucion:    17 42 73 9 61 14 110 59 35 57 34 112 12 109 89 82 100 62 97 41 92 24 32 122 118 40 36 101 94 102 0 68 80 106 83 4 90 84 85 71 67 27 10 16 23 69 127 7 25 11 19 111 20 31 74 99 93 3 28 39 63 86 52 48 116 117 88 30 26 121 96 120 98 113 45 105 104 56 126 64 5 50 65 114 119 13 37 44 125 51 6 70 8 58 33 21 1 76 49 87 79 60 2 46 43 77 47 53 18 22 123 95 115 38 81 66 55 78 103 72 91 54 124 107 75 29 108 15 
Coste: 320
Temperatura: 55.803684457071334
Probabilidad de aceptación: 1.0
Movimiento: SI



ITERACION 22
Solucion:    32 17 42 73 9 61 14 110 59 35 57 34 112 12 109 89 82 100 62 97 41 92 15 24 122 118 40 36 101 94 102 0 68 80 106 83 4 90 84 85 71 67 27 10 16 23 69 127 7 25 11 19 111 20 31 74 99 93 3 28 39 63 86 52 48 116 117 88 30 26 121 96 120 98 113 45 105 104 56 126 64 5 50 65 114 119 13 37 44 125 51 6 70 8 58 33 21 1 76 49 87 79 60 2 46 43 77 47 53 18 22 123 95 115 38 81 66 55 78 103 72 91 54 124 107 75 29 108 
Coste: 298
Temperatura: 50.223316011364204
Probabilidad de aceptación: 1.0
Movimiento: SI



ITERACION 23
Solucion:    24 32 17 42 73 9 61 14 110 59 35 57 34 112 12 109 89 82 100 62 97 41 92 108 15 122 118 40 36 101 94 102 0 68 80 106 83 4 90 84 85 71 67 27 10 16 23 69 127 7 25 11 19 111 20 31 74 99 93 3 28 39 63 86 52 48 116 117 88 30 26 121 96 120 98 113 45 105 104 56 126 64 5 50 65 114 119 13 37 44 125 51 6 70 8 58 33 21 1 76 49 87 79 60 2 46 43 77 47 53 18 22 123 95 115 38 81 66 55 78 103 72 91 54 124 107 75 29 
Coste: 307
Temperatura: 45.20098441022778
Probabilidad de aceptación: 1.0
Movimiento: SI



ITERACION 24
Solucion:    15 24 32 17 42 73 9 61 14 110 59 35 57 34 112 12 109 89 82 100 62 97 41 92 29 108 122 40 118 36 101 94 102 0 68 80 106 83 4 90 84 85 71 67 27 10 23 16 69 127 7 25 11 19 111 20 31 74 99 93 3 28 39 63 86 48 52 116 117 88 30 26 121 96 120 98 113 45 105 104 126 56 64 5 50 65 114 119 13 37 44 125 51 70 6 8 58 33 21 1 76 49 87 79 60 2 46 43 77 47 53 18 22 123 95 115 38 81 66 55 78 103 72 91 54 124 107 75 
Coste: 298
Temperatura: 40.68088596920501
Probabilidad de aceptación: 1.0
Movimiento: SI



ITERACION 25
Solucion:    108 15 24 32 17 42 73 9 61 14 110 59 35 57 34 112 12 109 89 82 100 62 97 41 92 75 29 122 40 118 36 101 94 102 0 68 80 106 83 4 90 84 85 71 67 27 10 23 16 69 127 7 25 11 19 111 20 31 74 99 93 3 28 39 63 86 48 52 116 117 88 30 26 121 96 120 98 113 45 105 104 126 56 64 5 50 65 114 119 13 37 44 125 51 70 6 8 58 33 21 1 76 49 87 79 60 2 46 43 77 47 53 18 22 123 95 115 38 81 66 55 78 103 72 91 54 124 107 
Coste: 325
Temperatura: 36.61279737228451
Probabilidad de aceptación: 1.0
Movimiento: SI



ITERACION 26
Solucion:    29 108 15 24 32 17 42 73 9 61 14 110 59 35 57 34 112 12 109 89 82 100 62 97 41 92 107 75 122 40 118 36 101 94 102 68 0 80 106 83 4 90 84 85 71 67 27 10 23 16 69 127 7 25 11 19 111 20 31 74 99 93 3 28 39 63 86 48 52 116 117 88 30 26 121 96 120 98 113 45 105 104 126 56 64 5 50 65 114 119 13 37 44 125 51 70 6 8 58 33 21 1 76 49 87 79 60 2 46 43 77 47 53 18 22 123 95 115 38 81 66 55 78 103 72 91 54 124 
Coste: 306
Temperatura: 32.951517635056064
Probabilidad de aceptación: 1.0
Movimiento: SI



ITERACION 27
Solucion:    75 29 15 108 24 32 17 42 73 9 61 14 110 59 35 57 34 112 12 109 82 89 100 62 97 41 92 124 107 122 40 118 36 101 94 102 68 0 106 80 83 4 90 84 85 71 67 27 10 23 16 69 127 7 25 11 19 111 20 31 74 99 93 3 39 28 63 86 48 52 116 117 88 30 26 121 96 120 98 113 45 105 104 126 56 64 5 65 50 114 119 13 37 44 125 51 70 6 8 58 33 21 1 76 49 87 79 60 2 46 43 77 47 53 18 123 22 95 115 38 81 66 55 78 103 72 91 54 
Coste: 313
Temperatura: 29.65636587155046
Probabilidad de aceptación: 1.0
Movimiento: SI



ITERACION 28
Solucion:    107 75 29 15 108 24 32 17 42 73 9 61 14 110 59 35 57 34 112 12 109 82 89 100 62 97 41 92 54 124 122 40 118 36 101 94 102 68 0 106 80 83 4 90 84 85 71 67 27 10 23 16 69 127 7 25 11 19 111 20 31 74 99 93 3 39 28 63 86 48 52 116 117 88 30 26 121 96 120 98 45 113 105 104 126 56 64 5 65 50 114 119 13 37 44 125 51 70 6 8 58 33 21 1 76 49 87 79 60 2 46 43 77 47 53 18 123 22 95 115 38 81 66 55 78 103 72 91 
Coste: 313
Temperatura: 26.690729284395413
Probabilidad de aceptación: 1.0
Movimiento: SI



ITERACION 29
Solucion:    124 107 75 29 15 108 24 32 17 42 73 9 61 14 110 59 35 57 34 112 12 109 82 89 100 62 97 41 92 91 54 122 40 118 36 101 94 102 68 0 106 80 83 4 90 84 85 71 67 27 10 23 16 69 127 7 25 11 19 111 20 31 74 93 99 39 3 28 63 86 48 52 116 117 88 30 26 121 96 120 98 45 113 105 104 126 56 64 5 65 50 114 119 13 37 44 125 51 70 6 8 58 33 21 1 76 49 87 79 60 2 46 43 77 47 53 18 123 22 95 115 38 81 66 55 78 103 72 
Coste: 322
Temperatura: 24.021656355955873
Probabilidad de aceptación: 1.0
Movimiento: SI



ITERACION 30
Solucion:    54 124 107 75 29 15 108 24 17 42 32 73 9 61 14 110 59 35 57 34 112 12 82 109 89 62 100 97 41 92 72 91 122 40 118 101 36 94 102 68 0 80 106 83 4 90 84 85 71 67 27 10 23 16 69 127 7 25 11 19 111 31 20 74 93 99 39 3 28 63 48 86 52 116 88 117 30 26 121 96 120 45 98 113 105 104 126 56 5 64 65 50 114 119 13 37 44 125 51 6 70 8 58 33 21 1 76 49 87 79 60 2 46 43 77 47 53 18 123 22 95 115 81 38 66 55 78 103 
Coste: 319
Temperatura: 21.619490720360286
Probabilidad de aceptación: 1.0
Movimiento: SI



ITERACION 31
Solucion:    91 54 124 107 75 29 15 108 24 17 42 32 73 9 61 14 110 59 35 57 34 112 12 82 109 89 62 100 97 41 92 103 72 122 40 118 101 36 94 102 68 0 80 106 83 4 90 84 85 71 67 27 10 23 16 69 127 7 25 11 19 111 31 74 20 93 99 39 28 3 63 48 86 52 116 88 117 30 121 26 96 120 45 98 113 105 126 104 56 5 64 65 50 114 119 13 37 44 125 51 6 70 8 58 33 21 1 76 49 87 79 60 2 46 43 77 47 53 18 123 22 95 115 81 38 66 55 78 
Coste: 310
Temperatura: 19.45754164832426
Probabilidad de aceptación: 1.0
Movimiento: SI



ITERACION 32
Solucion:    72 91 54 124 107 75 29 15 24 17 42 108 32 73 9 61 14 110 59 35 57 34 112 12 82 109 89 62 97 41 100 92 78 103 122 40 118 101 36 94 102 68 0 80 106 83 4 90 84 85 67 71 27 10 23 16 69 7 127 25 19 11 31 111 74 20 93 99 28 39 63 3 86 48 52 116 88 117 30 121 26 96 120 45 98 113 105 126 104 56 5 64 65 50 114 13 119 37 44 125 51 6 70 8 58 33 21 1 76 49 87 79 60 2 46 43 77 47 53 18 22 123 95 115 81 38 66 55 
Coste: 322
Temperatura: 17.511787483491833
Probabilidad de aceptación: 1.0
Movimiento: SI



ITERACION 33
Solucion:    103 72 91 54 124 107 75 29 15 24 17 42 108 32 73 9 61 14 110 59 35 57 34 112 12 82 109 89 62 97 41 100 92 55 122 40 78 118 101 36 94 102 68 0 80 106 83 4 90 84 85 67 71 27 10 23 16 69 7 127 25 19 11 31 111 20 74 93 99 28 63 39 3 86 48 52 116 88 117 30 121 26 96 120 45 98 113 105 126 104 56 5 64 65 50 114 13 119 37 44 125 51 6 70 8 58 33 21 1 76 49 87 79 60 2 46 43 77 47 53 18 22 123 95 115 81 38 66 
Coste: 314
Temperatura: 15.76060873514265
Probabilidad de aceptación: 1.0
Movimiento: SI



ITERACION 34
Solucion:    122 103 72 91 54 124 107 75 29 15 24 17 42 32 108 73 9 61 14 110 35 59 57 34 112 82 109 12 89 62 97 41 100 92 66 55 78 40 118 101 36 94 102 68 0 80 83 106 90 4 84 85 67 71 27 10 23 16 69 7 127 25 19 11 31 111 20 74 93 28 99 63 39 3 86 48 52 88 116 117 121 30 26 120 96 45 98 113 105 126 104 56 5 64 65 50 114 13 119 37 44 125 51 6 70 8 58 33 21 1 76 49 87 79 60 2 46 43 77 47 18 53 22 123 95 81 115 38 
Coste: 306
Temperatura: 14.184547861628385
Probabilidad de aceptación: 1.0
Movimiento: SI



ITERACION 35
Solucion:    55 122 103 72 91 54 124 107 75 29 15 24 17 42 32 73 9 61 14 108 35 59 57 34 110 112 82 109 12 62 89 41 97 92 66 115 78 100 40 118 101 36 94 102 68 0 80 83 106 90 4 84 67 85 71 27 10 23 16 7 127 69 25 11 19 31 111 20 93 74 28 63 99 39 86 3 52 48 116 88 117 121 30 26 120 96 98 113 45 105 126 104 56 5 65 50 64 114 13 37 119 44 125 51 6 70 8 58 33 21 1 76 49 87 79 60 46 2 43 47 77 18 53 22 123 95 81 38 
Coste: 321
Temperatura: 12.766093075465546
Probabilidad de aceptación: 0.5343736268791316
Movimiento: NO



ITERACION 36
Solucion:    78 55 122 103 72 91 54 124 107 75 29 15 24 17 42 32 73 9 61 14 108 35 59 57 34 110 112 82 109 12 62 89 41 97 92 66 38 115 100 40 118 101 36 94 102 68 0 80 83 106 90 4 84 67 85 71 27 10 23 16 7 127 69 25 11 31 19 111 20 93 28 74 63 99 39 86 3 52 48 116 88 117 121 30 26 120 96 98 113 45 105 126 104 56 5 65 50 64 114 13 37 119 44 125 51 6 70 8 58 33 21 1 76 49 87 79 60 46 2 43 47 77 18 53 22 123 95 81 
Coste: 310
Temperatura: 11.489483767918992
Probabilidad de aceptación: 1.0
Movimiento: SI



ITERACION 37
Solucion:    115 78 55 122 103 72 91 54 124 107 75 29 15 24 17 42 32 73 9 61 14 108 35 59 57 34 110 112 82 109 12 62 89 41 92 97 66 81 38 100 40 118 101 36 94 102 68 0 80 83 106 90 4 84 67 85 71 27 10 23 16 7 127 69 25 31 11 19 111 20 93 28 63 74 39 99 86 3 52 48 116 88 117 121 30 26 120 96 98 113 45 105 126 104 56 5 65 50 64 114 13 37 119 44 125 51 6 70 8 58 33 21 1 76 49 87 79 60 46 2 43 47 77 18 53 22 123 95 
Coste: 304
Temperatura: 10.340535391127093
Probabilidad de aceptación: 1.0
Movimiento: SI



ITERACION 38
Solucion:    38 115 78 55 122 103 72 91 54 124 107 75 29 15 24 42 17 32 73 9 61 14 108 35 59 57 34 110 112 82 109 12 89 62 41 97 92 66 95 100 81 40 118 101 36 94 102 68 0 80 83 106 90 4 84 67 85 71 27 10 23 16 7 127 69 31 25 11 19 111 20 93 28 63 74 39 99 86 3 52 48 116 88 117 121 30 120 26 96 98 113 45 105 126 104 56 5 65 50 64 114 13 37 119 44 125 51 6 70 8 33 58 1 21 76 49 87 79 60 46 2 43 47 77 18 53 22 123 
Coste: 311
Temperatura: 9.306481852014384
Probabilidad de aceptación: 1.0
Movimiento: SI



ITERACION 39
Solucion:    100 38 115 78 122 55 103 72 91 54 124 107 75 15 29 24 17 42 32 73 9 61 14 108 35 59 57 34 110 82 109 112 12 89 62 41 97 92 66 123 95 81 40 118 101 36 94 102 68 0 80 83 106 90 4 84 67 85 71 27 23 10 16 7 127 69 31 25 11 19 111 20 93 28 63 74 39 99 86 3 52 116 48 88 117 30 121 120 26 96 98 113 45 126 105 104 56 5 65 50 64 114 13 37 119 44 125 51 6 70 8 58 33 1 21 76 87 79 49 60 46 2 43 47 77 18 22 53 
Coste: 307
Temperatura: 8.375833666812946
Probabilidad de aceptación: 1.0
Movimiento: SI



ITERACION 40
Solucion:    95 100 38 115 122 78 55 103 72 91 54 124 107 75 15 29 24 17 42 32 73 9 61 14 108 35 59 57 34 110 109 82 12 112 89 62 41 97 92 66 53 123 81 40 118 101 94 36 102 68 0 80 106 83 90 4 84 67 85 71 27 23 10 16 7 127 69 31 25 11 19 111 20 93 63 28 39 74 99 86 3 52 116 48 88 117 30 121 120 26 96 98 113 45 126 105 104 56 5 65 50 64 114 13 37 119 44 125 51 6 70 8 58 33 1 21 76 87 79 49 60 46 2 43 47 77 18 22 
Coste: 328
Temperatura: 7.538250300131652
Probabilidad de aceptación: 1.0
Movimiento: SI



ITERACION 41
Solucion:    123 95 100 38 115 122 78 55 103 72 91 54 124 107 75 15 29 24 42 32 17 73 9 61 14 108 59 35 57 34 110 109 12 82 112 62 89 41 97 92 66 22 53 40 81 118 101 36 94 102 0 68 80 106 83 90 4 84 67 85 71 27 23 10 16 7 127 69 31 11 19 25 111 20 63 93 39 28 74 99 3 86 52 116 48 88 117 121 30 120 26 96 98 113 45 126 105 104 56 65 5 50 64 114 13 37 119 44 51 6 70 125 8 58 33 1 21 76 87 79 49 60 2 43 46 47 18 77 
Coste: 297
Temperatura: 6.784425270118486
Probabilidad de aceptación: 1.0
Movimiento: SI



ITERACION 42
Solucion:    53 123 95 100 115 38 122 78 55 103 72 91 54 107 75 124 15 29 24 42 32 17 73 9 61 108 59 35 57 14 34 109 110 12 82 112 62 89 41 92 97 66 18 22 40 81 101 118 36 94 102 0 68 80 106 83 90 4 84 85 67 71 27 23 10 7 16 127 31 69 11 19 111 25 63 20 39 28 93 99 3 74 86 52 116 48 88 117 121 30 26 120 96 113 45 98 126 105 104 56 65 5 50 64 114 13 37 44 119 51 6 125 8 58 70 33 1 21 76 87 79 49 60 2 43 47 46 77 
Coste: 295
Temperatura: 6.105982743106638
Probabilidad de aceptación: 0.7206889848543783
Movimiento: NO



ITERACION 43
Solucion:    22 53 123 95 100 115 38 122 78 55 103 72 91 54 107 75 124 15 29 24 42 32 17 73 9 61 108 59 35 57 34 14 109 110 12 82 112 62 89 41 92 97 66 77 18 40 81 101 118 36 102 94 68 0 80 106 83 90 4 84 85 71 67 27 23 10 7 16 127 31 11 69 19 111 25 63 20 39 28 93 99 3 74 86 52 116 48 88 117 121 30 26 120 96 113 45 98 126 105 104 56 65 5 50 64 114 13 37 44 119 51 6 125 8 58 70 33 1 21 76 87 79 49 60 2 43 47 46 
Coste: 316
Temperatura: 5.495384468795974
Probabilidad de aceptación: 1.0
Movimiento: SI



ITERACION 44
Solucion:    18 22 53 123 95 100 115 38 122 78 55 103 72 91 54 107 75 124 15 29 24 42 32 17 73 9 61 108 59 35 57 34 14 109 110 12 82 112 62 89 41 92 97 66 46 77 40 81 101 118 36 102 68 94 0 80 106 83 90 4 84 85 71 67 27 23 10 7 16 127 31 11 19 69 25 111 20 63 28 93 99 39 3 74 86 52 116 48 88 117 121 30 26 96 120 113 45 98 126 105 104 56 65 5 50 64 114 13 37 44 119 51 125 6 8 58 70 33 1 21 76 87 79 49 60 2 43 47 
Coste: 282
Temperatura: 4.945846021916377
Probabilidad de aceptación: 1.0
Movimiento: SI



ITERACION 45
Solucion:    77 18 22 53 123 95 100 115 38 122 78 55 103 91 72 107 54 75 124 15 29 24 42 32 17 73 9 61 108 59 35 57 34 14 109 110 12 82 112 89 62 41 92 97 66 47 46 40 81 101 36 118 102 68 94 0 80 106 83 90 4 84 85 71 67 27 23 10 16 7 31 127 11 19 25 69 20 111 63 28 99 93 39 3 74 86 52 116 48 88 117 121 30 96 26 120 113 45 98 126 105 104 56 65 5 50 64 114 13 37 119 44 51 125 6 8 58 70 33 1 21 76 87 79 49 60 2 43 
Coste: 279
Temperatura: 4.451261419724739
Probabilidad de aceptación: 1.0
Movimiento: SI



ITERACION 46
Solucion:    46 77 18 22 53 123 95 115 38 122 78 55 103 91 72 107 100 75 54 15 29 24 124 42 17 73 9 61 32 59 108 35 57 14 109 110 12 82 34 89 62 41 92 97 112 47 60 66 81 40 101 36 118 68 94 102 0 106 83 90 4 80 85 71 67 27 23 10 16 84 31 7 11 19 25 127 20 69 63 28 111 93 99 3 39 74 52 116 86 88 48 121 30 117 26 96 120 45 113 98 105 104 56 65 5 126 50 64 13 114 37 44 51 125 6 8 58 70 119 1 33 21 76 79 49 87 2 43 
Coste: 271
Temperatura: 4.006135277752265
Probabilidad de aceptación: 0.08239987789680873
Movimiento: NO



ITERACION 47
Solucion:    66 46 18 77 53 22 123 95 115 38 122 78 55 91 103 72 107 75 54 15 29 24 100 42 124 17 73 9 61 59 32 35 108 57 14 110 109 12 82 89 34 62 92 41 97 112 60 43 47 81 101 40 36 118 94 68 102 0 106 83 90 4 80 85 71 27 67 23 10 16 31 84 11 7 19 25 127 20 63 28 69 111 99 3 93 39 52 116 74 86 88 48 30 121 26 96 117 120 113 98 105 45 104 65 56 5 126 50 64 13 114 37 51 44 125 6 8 58 70 1 119 33 21 79 76 49 2 87 
Coste: 279
Temperatura: 3.6055217499770387
Probabilidad de aceptación: 1.0
Movimiento: SI



ITERACION 48
Solucion:    47 66 46 18 53 77 22 123 95 115 38 122 78 91 55 103 72 107 75 54 15 29 24 100 42 124 17 73 9 61 59 32 35 108 57 14 110 109 12 82 89 62 92 34 41 97 60 112 87 43 81 101 36 40 118 94 68 102 0 106 83 90 4 80 85 27 71 67 23 10 31 16 11 84 19 7 25 127 63 28 20 69 111 99 3 93 52 116 39 74 86 88 48 30 121 26 96 117 120 113 98 105 45 104 65 56 5 126 50 64 13 114 37 51 44 125 6 8 58 70 1 119 33 21 79 76 49 2 
Coste: 258
Temperatura: 3.244969574979335
Probabilidad de aceptación: 1.0
Movimiento: SI



ITERACION 49
Solucion:    43 47 66 46 53 18 77 22 123 95 115 38 122 78 91 103 55 72 107 75 54 15 29 24 100 42 124 17 73 9 61 59 32 35 108 57 14 110 109 12 82 89 92 62 34 41 60 112 97 2 81 87 36 101 40 118 94 68 102 0 106 83 90 4 80 27 85 71 23 67 31 10 11 16 19 84 25 7 63 28 20 127 69 111 99 3 52 116 93 39 74 86 88 48 30 121 26 96 117 120 113 98 105 45 104 65 56 5 126 50 64 13 37 114 51 44 125 6 8 58 70 1 119 33 21 79 76 49 
Coste: 250
Temperatura: 2.9204726174814017
Probabilidad de aceptación: 1.0
Movimiento: SI



ITERACION 50
Solucion:    43 81 47 66 53 46 77 18 22 123 95 115 122 78 91 103 38 55 107 75 72 15 29 54 24 42 100 124 73 17 9 61 59 32 35 57 108 14 110 109 12 89 92 82 62 34 60 41 112 97 49 87 36 2 101 118 40 94 68 102 0 83 90 106 4 27 80 85 23 71 31 67 11 10 19 16 25 84 7 63 20 127 28 69 111 99 52 116 93 3 74 86 88 48 30 39 26 121 117 96 120 113 98 105 104 65 56 45 126 50 5 64 13 114 51 37 44 125 6 8 70 58 119 1 21 79 33 76 
Coste: 243
Temperatura: 2.6284253557332615
Probabilidad de aceptación: 1.0
Movimiento: SI



ITERACION 51
Solucion:    87 43 81 47 53 66 46 77 18 22 123 95 115 78 122 91 103 38 55 107 75 72 15 29 54 24 42 100 124 73 17 9 59 61 35 57 32 108 14 109 110 12 89 92 82 62 60 34 41 112 97 76 49 36 2 101 118 40 94 68 102 0 83 90 106 27 4 80 23 85 31 71 11 67 10 19 25 16 7 63 20 84 127 28 69 111 52 116 99 93 3 74 86 48 88 30 39 26 121 117 96 120 113 98 105 104 65 56 45 126 5 50 13 64 114 51 37 44 125 6 8 70 58 119 1 21 79 33 
Coste: 253
Temperatura: 2.3655828201599354
Probabilidad de aceptación: 1.0
Movimiento: SI



ITERACION 52
Solucion:    87 43 81 47 53 66 46 77 18 22 123 95 115 78 49 91 103 122 38 107 75 72 15 29 55 24 42 54 100 73 17 9 59 124 35 57 61 108 14 109 110 12 89 92 82 32 62 60 41 34 97 76 33 112 2 101 118 40 94 68 102 0 83 90 106 27 36 4 23 80 31 71 11 67 10 19 25 85 7 63 16 84 127 28 69 111 20 52 99 93 3 74 86 48 88 30 39 26 121 116 117 96 120 98 105 104 65 113 56 45 5 126 13 64 114 51 50 37 125 44 6 8 70 58 119 1 79 21 
Coste: 258
Temperatura: 2.129024538143942
Probabilidad de aceptación: 1.0
Movimiento: SI



ITERACION 53
Solucion:    112 87 43 81 53 47 66 46 77 18 22 123 95 115 78 49 91 103 122 38 107 75 72 15 29 55 24 54 42 100 73 17 9 59 124 57 35 61 108 14 109 12 110 89 92 82 32 60 62 41 34 97 33 21 76 2 101 118 40 94 68 102 0 83 90 27 106 36 23 4 31 80 11 71 10 67 19 25 7 63 16 85 84 127 28 69 20 52 111 99 93 3 74 48 86 88 30 39 26 121 116 117 96 120 98 105 104 65 113 56 45 5 13 126 64 114 51 50 37 125 44 6 8 70 58 119 1 79 
Coste: 251
Temperatura: 1.916122084329548
Probabilidad de aceptación: 1.0
Movimiento: SI



ITERACION 54
Solucion:    76 112 87 43 53 81 47 66 46 77 18 22 123 115 95 49 78 91 103 122 38 107 75 72 15 29 55 54 24 42 73 100 17 9 59 57 124 35 61 108 14 109 110 12 89 92 32 82 60 62 41 34 33 97 79 21 2 101 118 40 94 68 102 0 83 27 90 106 23 36 31 4 11 80 71 10 19 67 7 25 16 63 85 84 127 28 20 52 69 111 99 93 3 48 74 86 88 30 39 26 121 116 117 96 120 98 105 104 65 113 45 56 5 13 126 64 114 51 50 37 125 44 6 8 70 58 119 1 
Coste: 249
Temperatura: 1.724509875896593
Probabilidad de aceptación: 1.0
Movimiento: SI



ITERACION 55
Solucion:    21 76 112 87 53 43 81 47 66 46 77 18 22 115 123 95 49 78 91 103 122 38 107 75 72 15 29 55 54 24 42 73 17 100 59 9 57 124 35 108 61 109 14 110 12 89 32 92 82 60 41 62 33 34 97 1 79 2 101 118 40 68 94 102 0 27 83 90 23 106 31 36 11 4 71 80 19 10 7 67 16 25 63 85 84 127 20 52 28 69 111 99 93 48 3 74 86 88 30 39 26 121 116 117 96 120 98 105 104 65 45 113 5 56 13 126 64 114 51 50 37 125 44 6 8 70 58 119 
Coste: 251
Temperatura: 1.5520588883069337
Probabilidad de aceptación: 1.0
Movimiento: SI



ITERACION 56
Solucion:    79 21 76 112 53 87 43 81 47 66 46 77 18 22 115 123 95 49 78 91 103 122 38 107 75 72 15 29 55 54 24 42 17 73 59 9 100 57 124 108 35 61 109 14 110 12 32 89 92 82 41 60 33 62 34 97 119 1 2 101 118 68 40 94 102 27 0 83 23 90 31 106 11 36 71 4 19 80 7 67 16 10 25 63 85 84 20 52 127 28 69 111 99 48 93 3 74 86 88 30 39 26 121 116 117 96 120 98 105 104 65 45 113 5 56 13 126 64 114 51 50 37 125 44 6 8 70 58 
Coste: 250
Temperatura: 1.3968529994762404
Probabilidad de aceptación: 1.0
Movimiento: SI



ITERACION 57
Solucion:    1 79 21 76 112 53 87 43 81 47 66 46 77 18 22 115 123 95 49 78 91 103 122 38 107 75 72 29 15 55 24 54 42 17 73 9 59 100 57 124 108 61 109 35 14 110 32 12 89 92 41 82 60 33 62 34 97 58 119 2 101 118 68 94 40 27 102 0 23 83 31 90 11 106 71 36 19 4 7 67 16 80 10 25 63 85 20 52 84 127 28 69 111 48 99 93 3 74 86 88 30 39 26 121 116 117 96 120 98 105 104 65 113 45 5 56 13 126 64 114 51 50 37 125 44 6 8 70 
Coste: 250
Temperatura: 1.2571676995286165
Probabilidad de aceptación: 1.0
Movimiento: SI



ITERACION 58
Solucion:    119 1 79 21 112 76 53 87 43 81 47 66 46 18 77 22 115 123 95 49 78 91 103 122 38 107 75 72 29 15 24 55 42 54 73 9 17 59 100 57 124 108 109 61 35 14 32 12 110 89 92 41 60 82 33 62 34 97 70 58 2 118 101 68 94 27 40 102 23 0 83 31 11 90 71 106 19 36 7 67 16 4 80 10 25 63 20 52 85 84 127 28 69 48 111 99 93 3 74 86 88 30 39 26 121 116 117 96 120 98 105 104 113 65 45 5 56 13 126 64 114 51 50 37 125 44 6 8 
Coste: 245
Temperatura: 1.1314509295757549
Probabilidad de aceptación: 1.0
Movimiento: SI



ITERACION 59
Solucion:    58 119 1 79 112 21 76 53 87 43 81 47 66 18 46 22 77 115 123 95 49 78 91 103 122 38 107 72 75 29 15 24 42 55 73 9 54 17 59 100 57 108 109 124 61 35 32 12 14 110 92 89 60 41 82 33 62 34 97 8 70 2 118 68 101 27 94 40 23 102 83 0 31 11 71 90 19 106 7 67 16 36 4 80 10 25 20 52 63 85 84 127 28 48 69 111 99 93 3 74 86 88 30 39 26 121 116 117 96 120 105 98 104 113 65 45 5 56 13 126 64 114 51 50 37 125 44 6 
Coste: 242
Temperatura: 1.0183058366181794
Probabilidad de aceptación: 1.0
Movimiento: SI



ITERACION 60
Solucion:    70 58 119 1 112 79 21 76 53 87 43 81 47 18 66 22 46 77 115 123 95 49 78 91 103 122 38 72 107 75 29 15 24 42 73 9 55 54 17 100 59 108 109 57 124 61 32 12 35 14 92 110 60 89 41 82 33 62 34 97 6 8 2 68 118 27 101 94 23 40 83 102 31 0 11 71 19 90 7 67 16 106 36 4 80 10 20 52 25 63 85 84 127 48 28 69 111 99 93 3 74 86 88 30 39 26 121 116 117 96 120 105 104 98 113 65 45 5 56 13 126 64 114 51 50 37 125 44 
Coste: 238
Temperatura: 0.9164752529563615
Probabilidad de aceptación: 1.0
Movimiento: SI



ITERACION 61
Solucion:    8 58 119 1 112 79 21 70 53 87 43 81 47 18 66 22 46 76 115 123 95 49 77 91 103 122 38 78 107 75 72 29 24 15 73 9 42 55 54 100 59 108 109 57 17 61 124 12 32 35 14 110 60 89 92 41 33 62 34 82 97 44 2 6 68 27 101 118 23 40 83 94 31 102 11 0 19 90 7 67 16 106 71 36 80 10 20 52 25 63 85 84 127 48 28 69 111 99 93 4 74 3 88 86 30 26 121 116 117 96 120 105 104 98 113 65 45 39 56 13 126 64 114 5 51 50 125 37 
Coste: 238
Temperatura: 0.8248277276607253
Probabilidad de aceptación: 1.0
Movimiento: SI



ITERACION 62
Solucion:    2 8 58 119 112 1 79 21 70 53 87 43 81 18 47 66 22 46 76 115 123 95 49 77 91 103 122 38 78 107 72 75 24 29 73 9 15 42 55 100 54 108 109 59 57 17 61 12 124 32 14 35 60 110 89 92 41 33 62 34 82 44 37 6 97 27 68 101 23 118 83 40 31 94 11 102 19 0 7 67 16 90 106 71 36 80 20 52 10 25 63 85 84 48 127 28 69 111 99 93 4 74 3 88 86 30 26 121 116 117 96 120 104 105 98 113 65 45 39 56 13 126 64 114 5 51 50 125 
Coste: 238
Temperatura: 0.7423449548946528
Probabilidad de aceptación: 1.0
Movimiento: SI



ITERACION 63
Solucion:    2 6 58 119 112 1 79 21 70 53 87 43 81 18 8 66 22 47 76 115 123 95 49 46 91 103 122 77 78 107 72 75 24 29 73 9 15 38 55 100 54 108 109 59 57 17 61 42 124 12 32 35 60 14 89 92 110 33 41 34 82 62 37 50 97 27 68 101 23 44 83 40 31 118 11 94 19 0 7 67 16 102 90 71 106 36 80 20 10 25 52 85 84 48 127 28 69 111 99 93 4 74 3 88 86 63 26 121 116 117 96 120 104 105 98 113 65 45 39 56 13 30 64 114 5 51 126 125 
Coste: 244
Temperatura: 0.6681104594051875
Probabilidad de aceptación: 0.22385461311391477
Movimiento: NO



ITERACION 64
Solucion:    97 2 6 58 112 119 1 79 21 70 53 87 43 81 18 66 8 22 47 76 115 123 95 49 46 91 103 122 77 78 72 107 75 24 73 9 29 15 38 100 55 108 109 54 59 57 17 61 42 124 12 32 60 35 14 89 92 110 33 41 34 82 62 50 125 27 37 68 23 101 83 44 31 40 11 118 19 94 7 67 16 0 102 90 71 106 80 20 36 10 25 52 85 84 48 127 28 69 111 99 93 4 74 3 88 86 63 26 121 116 96 117 120 104 105 98 113 65 45 39 56 13 30 64 114 5 51 126 
Coste: 236
Temperatura: 0.6012994134646688
Probabilidad de aceptación: 1.0
Movimiento: SI



ITERACION 65
Solucion:    97 2 6 58 112 119 1 79 21 70 53 87 43 81 18 66 8 22 47 76 115 123 95 49 46 91 103 122 77 78 72 107 75 24 73 9 29 15 38 100 55 108 109 54 59 57 17 61 42 124 12 32 60 35 14 89 92 110 33 41 34 82 62 50 125 3 37 68 27 101 23 44 83 40 31 118 11 94 19 7 16 0 102 90 71 106 80 20 36 10 67 52 85 84 48 127 28 69 111 99 93 4 74 25 88 86 63 26 121 116 96 117 120 104 105 98 113 65 45 39 56 13 30 64 114 5 51 126 
Coste: 231
Temperatura: 0.5411694721182019
Probabilidad de aceptación: 3.5875757507190654E-15
Movimiento: NO



ITERACION 66
Solucion:    37 97 2 6 112 58 119 1 79 21 70 53 87 43 81 18 66 8 22 47 76 115 123 95 49 46 91 122 103 77 72 78 75 107 73 9 24 29 15 100 38 108 109 55 54 59 17 57 61 42 124 12 60 32 35 14 89 92 110 33 41 34 82 50 62 3 126 125 27 68 23 101 83 44 31 40 11 118 19 7 16 94 0 102 90 71 80 20 106 36 10 67 52 84 85 48 127 28 69 111 99 93 4 74 25 88 86 63 26 121 116 96 117 120 104 105 98 113 65 45 39 56 13 30 64 114 5 51 
Coste: 230
Temperatura: 0.4870525249063817
Probabilidad de aceptación: 1.0
Movimiento: SI



ITERACION 67
Solucion:    125 37 97 2 112 6 58 119 1 79 21 70 53 87 43 81 18 66 8 22 47 76 115 123 95 49 46 122 91 103 77 72 75 78 73 9 107 24 29 100 15 108 109 38 55 54 17 57 59 61 124 42 60 12 32 35 14 89 92 110 33 34 41 50 82 3 62 51 27 126 23 68 83 101 31 44 11 40 19 7 16 118 94 0 102 90 80 20 71 106 36 10 67 84 52 85 48 127 28 69 111 99 93 4 74 25 88 86 63 26 116 121 96 117 120 104 105 98 113 65 45 39 56 13 30 64 114 5 
Coste: 227
Temperatura: 0.4383472724157435
Probabilidad de aceptación: 1.0
Movimiento: SI



ITERACION 68
Solucion:    125 37 97 2 112 6 58 119 1 79 21 70 53 87 43 81 18 66 8 22 47 76 115 123 95 49 46 122 91 103 77 72 75 78 73 9 107 24 29 100 15 108 109 38 55 54 17 57 59 61 124 42 60 12 32 35 14 89 92 110 33 34 41 50 82 27 62 51 19 126 3 68 23 101 83 44 31 40 11 7 16 118 94 0 102 90 80 20 71 106 36 10 67 84 52 85 48 127 28 69 111 99 93 4 74 25 88 86 63 26 116 121 96 117 120 104 105 98 113 65 45 39 56 13 30 64 114 5 
Coste: 227
Temperatura: 0.39451254517416917
Probabilidad de aceptación: 1.237246286606956E-10
Movimiento: NO



ITERACION 69
Solucion:    126 125 37 97 112 2 6 58 119 1 79 21 70 87 53 81 43 18 66 8 22 47 76 115 123 95 49 122 46 91 77 103 72 75 73 9 78 107 24 100 29 108 109 15 38 55 17 57 54 59 61 124 60 42 12 32 35 14 89 92 110 34 33 50 41 27 82 62 19 5 3 51 23 68 83 101 31 44 11 7 16 40 118 94 0 102 80 20 90 71 106 36 10 84 67 52 85 48 127 28 69 111 99 93 4 74 25 88 86 63 116 26 96 121 117 120 104 105 98 113 65 45 39 56 13 30 64 114 
Coste: 225
Temperatura: 0.35506129065675224
Probabilidad de aceptación: 1.0
Movimiento: SI



ITERACION 70
Solucion:    126 125 37 97 112 2 6 58 119 1 79 21 70 87 53 81 43 18 66 8 22 47 76 115 123 95 49 122 46 91 77 103 72 75 73 9 78 107 24 100 29 108 109 15 38 55 17 57 54 59 61 124 60 42 12 32 35 14 89 92 110 34 33 50 41 3 82 62 27 5 7 51 19 68 23 101 83 44 31 11 16 40 118 94 0 102 80 20 90 71 106 36 10 84 67 52 85 48 127 28 69 111 99 93 4 74 25 88 86 63 116 26 96 121 117 120 104 105 98 113 65 45 39 56 13 30 64 114 
Coste: 223
Temperatura: 0.319555161591077
Probabilidad de aceptación: 2.148950177511389E-18
Movimiento: NO



ITERACION 71
Solucion:    51 126 125 37 112 97 2 6 58 119 1 79 21 87 70 81 53 43 18 66 8 22 47 76 115 123 95 49 122 46 77 91 72 103 73 75 9 78 107 100 24 108 109 29 15 38 17 57 55 54 61 59 60 124 42 12 32 35 14 89 92 34 110 50 33 3 41 82 27 62 7 114 19 5 23 68 83 101 31 11 16 44 40 118 94 0 80 20 102 90 71 106 36 84 10 67 52 85 48 127 28 69 111 99 93 4 74 25 88 86 116 63 96 26 121 117 120 104 105 98 113 65 45 39 56 13 30 64 
Coste: 223
Temperatura: 0.2875996454319693
Probabilidad de aceptación: 1.0
Movimiento: SI



ITERACION 72
Solucion:    51 126 125 37 112 97 2 6 58 119 1 79 21 87 70 81 53 43 18 66 8 22 47 76 115 123 95 49 122 46 77 91 72 103 73 75 9 78 107 100 24 108 109 29 15 38 17 57 55 54 61 59 60 124 42 12 32 35 14 89 92 34 110 50 33 19 41 82 3 62 27 114 67 5 7 68 23 101 83 11 16 44 40 118 94 0 80 20 102 90 71 106 36 84 10 31 52 85 48 127 28 69 111 99 93 4 74 25 88 86 116 63 96 26 121 117 120 104 105 98 113 65 45 39 56 13 30 64 
Coste: 223
Temperatura: 0.2588396808887724
Probabilidad de aceptación: 3.236551427704888E-24
Movimiento: NO



ITERACION 73
Solucion:    5 51 126 125 112 37 97 2 6 58 119 1 79 21 87 81 70 53 43 18 66 8 22 47 76 115 123 49 95 122 77 46 72 91 73 75 103 9 78 100 107 108 109 24 29 15 17 57 38 55 61 54 60 59 124 42 12 32 35 14 89 34 92 50 110 19 33 41 3 82 27 62 67 64 7 114 23 68 83 11 16 101 44 40 118 94 80 20 0 102 90 71 106 84 36 10 31 52 85 48 127 28 69 111 99 93 4 74 25 88 116 86 96 63 26 121 117 120 104 105 98 113 65 45 39 56 13 30 
Coste: 223
Temperatura: 0.23295571279989516
Probabilidad de aceptación: 1.0
Movimiento: SI



ITERACION 74
Solucion:    5 51 126 125 112 37 97 2 6 58 119 1 79 21 87 81 70 53 43 18 66 8 22 47 76 115 123 49 95 122 77 46 72 7 73 75 103 9 78 100 107 108 109 24 29 15 17 57 38 55 61 54 60 59 124 42 12 32 35 14 89 34 92 50 110 91 33 41 19 82 3 62 27 64 83 114 67 68 23 11 16 101 44 40 118 94 80 20 0 102 90 71 106 84 36 10 31 52 85 48 127 28 69 111 99 93 4 74 25 88 116 86 96 63 26 121 117 120 104 105 98 113 65 45 39 56 13 30 
Coste: 223
Temperatura: 0.20966014151990564
Probabilidad de aceptación: 1.9310212267883557E-21
Movimiento: NO



ITERACION 75
Solucion:    114 5 51 126 112 125 37 97 2 6 58 119 1 21 79 87 81 70 53 43 18 66 8 22 47 76 115 49 123 95 77 122 72 46 73 75 7 103 9 100 78 108 107 109 24 29 17 57 15 38 61 55 60 54 59 124 42 12 32 35 14 34 89 50 92 91 110 33 19 41 3 82 27 62 83 30 67 64 23 11 68 16 101 44 40 118 80 20 94 0 102 90 71 84 106 36 10 31 52 85 48 127 28 69 111 99 93 4 74 25 116 88 96 86 63 26 121 117 120 104 105 98 113 65 45 39 56 13 
Coste: 223
Temperatura: 0.18869412736791508
Probabilidad de aceptación: 1.0
Movimiento: SI



ITERACION 76
Solucion:    114 5 51 126 112 125 37 97 2 6 58 119 1 21 79 87 81 70 53 43 18 66 8 22 47 76 115 49 123 95 77 122 72 46 73 75 7 103 9 100 78 108 107 109 24 29 17 57 15 38 61 55 60 54 59 124 42 12 32 35 14 34 89 50 92 67 110 33 91 41 19 82 3 62 27 30 23 64 83 11 68 16 101 44 40 118 80 20 94 0 102 90 71 84 106 36 10 31 52 85 48 127 28 69 111 99 93 4 74 25 116 88 96 86 63 26 121 117 120 104 105 98 113 65 45 39 56 13 
Coste: 223
Temperatura: 0.16982471463112359
Probabilidad de aceptación: 9.642903727417587E-24
Movimiento: NO



ITERACION 77
Solucion:    64 114 5 51 112 126 125 37 97 2 6 58 119 21 1 87 79 81 70 53 43 18 66 8 22 47 76 115 49 123 77 95 72 122 73 75 46 7 103 100 9 108 78 107 109 24 29 57 17 15 61 38 60 55 54 59 124 42 12 32 35 34 14 50 89 67 92 110 91 33 19 41 3 82 27 62 23 13 83 11 68 30 16 101 44 40 80 20 118 94 0 102 90 84 71 106 36 10 31 52 85 48 127 28 69 111 99 93 4 74 116 25 96 88 86 63 26 121 117 120 104 105 98 113 65 45 39 56 
Coste: 223
Temperatura: 0.15284224316801123
Probabilidad de aceptación: 1.0
Movimiento: SI



ITERACION 78
Solucion:    64 114 5 51 112 126 125 37 97 2 6 58 119 21 1 87 79 81 70 53 43 18 66 8 22 47 76 115 49 123 77 95 72 122 73 75 46 7 103 100 9 108 78 107 109 24 29 57 17 15 61 38 60 55 54 59 124 42 12 32 35 34 14 50 89 83 92 110 67 33 91 41 19 82 3 62 27 13 23 11 68 30 16 101 44 40 80 20 118 94 0 102 90 84 71 106 36 10 31 52 85 48 127 28 69 111 99 93 4 74 116 25 96 88 86 63 26 121 117 120 104 105 98 113 65 45 39 56 
Coste: 223
Temperatura: 0.1375580188512101
Probabilidad de aceptación: 4.3893776120981586E-48
Movimiento: NO



ITERACION 79
Solucion:    64 114 5 51 112 126 125 37 97 2 6 58 119 21 1 87 79 81 70 53 43 18 66 8 22 47 76 115 49 123 77 95 72 122 73 75 46 7 103 100 9 108 78 107 109 24 29 57 17 15 61 38 60 55 54 59 124 42 12 32 35 34 14 50 89 83 92 110 11 33 67 41 19 82 3 62 27 13 23 91 68 30 16 101 44 40 80 20 118 94 0 102 90 84 71 106 36 10 31 52 85 48 127 28 69 111 99 93 4 74 116 25 96 88 86 63 26 121 117 120 104 105 98 113 65 45 39 56 
Coste: 223
Temperatura: 0.1238022169660891
Probabilidad de aceptación: 6.437486706959591E-85
Movimiento: NO



ITERACION 80
Solucion:    68 114 5 51 112 126 125 37 97 2 6 58 119 21 1 87 79 64 70 53 43 18 66 8 22 47 76 115 49 123 77 95 72 122 73 75 46 7 103 100 9 108 78 107 109 24 29 57 17 15 61 38 60 55 54 59 124 42 12 32 35 34 14 50 89 83 81 110 11 33 67 41 19 92 3 62 27 13 23 91 80 30 82 101 44 40 16 20 118 94 0 102 90 84 71 106 36 10 31 52 85 48 127 28 69 111 99 93 4 74 116 25 96 88 86 63 26 121 117 120 104 105 98 113 65 45 39 56 
Coste: 223
Temperatura: 0.1114219952694802
Probabilidad de aceptación: 2.564611264132397E-16
Movimiento: NO



ITERACION 81
Solucion:    30 68 114 5 112 51 126 125 37 97 2 6 58 119 21 87 1 79 64 70 53 43 18 66 8 22 47 115 76 49 77 123 72 95 73 75 122 46 7 100 103 108 78 9 107 109 24 29 57 17 61 15 60 38 55 54 59 124 42 12 32 34 35 50 14 83 89 81 11 110 67 33 19 41 3 92 27 62 23 91 80 56 13 82 101 44 16 20 40 118 94 0 102 84 90 71 106 36 10 31 52 85 48 127 28 69 111 99 93 4 116 74 96 25 88 86 63 26 121 117 120 104 105 98 113 65 45 39 
Coste: 220
Temperatura: 0.10027979574253218
Probabilidad de aceptación: 1.0
Movimiento: SI



ITERACION 82
Solucion:    13 30 68 114 112 5 51 126 125 37 97 2 6 119 58 87 21 1 79 64 70 53 43 18 66 8 22 115 47 76 77 49 72 123 73 75 95 122 46 100 7 108 78 103 9 107 24 29 109 57 61 17 60 15 38 55 54 59 124 42 12 34 32 35 50 83 14 89 11 81 67 110 19 33 3 41 27 92 23 91 80 62 39 56 82 101 16 20 44 40 118 94 0 84 102 90 71 106 36 10 31 52 85 48 127 28 69 111 99 93 116 4 96 74 25 88 86 63 26 121 117 120 104 105 98 113 65 45 
Coste: 220
Temperatura: 0.09025181616827896
Probabilidad de aceptación: 1.0
Movimiento: SI



ITERACION 83
Solucion:    56 13 30 68 112 114 5 51 126 125 37 97 2 119 6 87 58 21 1 79 64 70 53 43 18 66 8 115 22 47 77 76 72 49 73 75 123 95 122 46 100 108 78 7 103 9 24 29 107 109 61 57 17 60 15 38 55 54 59 124 42 34 12 32 35 83 50 14 11 89 67 81 19 110 3 33 27 41 23 91 80 92 62 45 39 82 16 20 101 44 40 118 94 0 84 102 90 71 106 36 10 31 52 85 48 127 28 69 111 99 116 93 96 4 74 25 88 86 63 26 121 117 120 104 105 98 113 65 
Coste: 218
Temperatura: 0.08122663455145107
Probabilidad de aceptación: 1.0
Movimiento: SI



ITERACION 84
Solucion:    39 56 13 30 112 68 114 5 51 126 125 37 97 119 2 87 6 58 21 1 79 64 70 53 43 18 66 115 8 22 77 47 72 76 73 75 49 123 95 46 122 108 78 100 7 103 24 29 9 107 61 109 17 57 60 15 38 55 54 59 124 34 42 32 12 83 35 50 11 14 67 89 19 81 3 110 27 33 23 91 80 41 92 62 65 45 16 20 82 101 44 40 118 0 94 84 102 90 71 106 36 10 31 52 85 48 127 28 69 111 99 116 96 93 4 74 25 88 86 63 26 121 117 120 104 105 98 113 
Coste: 218
Temperatura: 0.07310397109630597
Probabilidad de aceptación: 1.0
Movimiento: SI



ITERACION 85
Solucion:    45 39 56 13 112 30 68 114 5 51 126 125 37 119 97 87 2 6 58 21 1 79 64 70 53 43 18 115 66 8 77 22 72 47 73 75 76 49 123 46 95 108 78 122 100 7 24 29 103 9 61 107 17 109 57 60 15 38 55 54 59 34 124 42 32 83 12 35 11 50 67 14 19 89 3 81 27 110 23 91 80 33 41 92 62 113 16 20 65 82 101 44 40 0 118 94 84 102 90 71 106 36 10 31 52 85 48 127 28 69 99 111 96 116 93 4 74 25 88 86 63 26 121 117 120 104 105 98 
Coste: 218
Temperatura: 0.06579357398667537
Probabilidad de aceptación: 1.0
Movimiento: SI



ITERACION 86
Solucion:    45 39 56 13 112 30 68 114 5 51 126 125 37 119 97 87 2 6 58 21 1 79 64 70 53 43 18 115 66 8 77 22 72 47 73 75 76 49 123 46 95 108 78 122 100 7 24 29 103 9 61 107 17 109 57 60 15 38 55 54 59 34 124 42 32 83 12 35 11 50 67 14 19 89 3 81 27 110 23 91 80 33 41 92 62 113 48 20 65 82 101 44 40 16 118 94 84 102 90 71 106 36 10 31 52 85 0 127 28 69 99 111 96 116 93 4 74 25 88 86 63 26 121 117 120 104 105 98 
Coste: 216
Temperatura: 0.05921421658800784
Probabilidad de aceptación: 4.480161938354438E-118
Movimiento: NO



ITERACION 87
Solucion:    45 39 20 13 112 30 68 114 5 51 126 125 37 119 97 87 2 6 58 21 1 79 64 70 53 43 56 115 66 8 77 22 72 47 73 75 76 18 123 46 95 108 78 122 100 7 24 29 103 9 61 107 49 109 57 60 15 38 55 54 59 34 124 42 32 83 12 35 11 50 67 14 19 89 3 81 27 110 23 91 80 33 41 92 62 113 48 17 65 82 101 44 40 16 118 94 84 102 90 71 106 36 10 31 52 85 0 127 28 69 99 111 96 116 93 4 74 25 88 86 63 26 121 117 120 104 105 98 
Coste: 215
Temperatura: 0.053292794929207056
Probabilidad de aceptación: 3.219903496271003E-82
Movimiento: NO



ITERACION 88
Solucion:    65 45 39 20 112 13 30 68 114 5 51 126 125 119 37 87 97 2 6 58 21 1 79 64 70 53 43 56 115 66 77 8 72 22 73 75 47 76 18 46 123 108 78 95 122 100 24 29 7 103 61 9 49 107 109 57 60 15 38 55 54 34 59 42 124 83 32 12 11 35 67 50 19 14 3 89 27 81 23 91 80 110 33 41 92 62 48 17 98 113 82 101 44 16 40 118 94 84 102 90 71 106 36 10 31 52 85 0 127 28 99 69 96 111 116 93 4 74 25 88 86 63 26 121 117 120 104 105 
Coste: 215
Temperatura: 0.04796351543628635
Probabilidad de aceptación: 1.0
Movimiento: SI



ITERACION 89
Solucion:    113 65 45 39 112 20 13 30 68 114 5 51 126 119 125 87 37 97 2 6 58 21 1 79 64 70 53 56 43 115 77 66 72 8 73 75 22 47 76 46 18 108 78 123 95 122 24 29 100 7 61 103 49 9 107 109 57 60 15 38 55 34 54 42 59 83 124 32 11 12 67 35 19 50 3 14 27 89 23 91 80 81 110 33 41 92 48 17 62 105 98 82 101 16 44 40 118 94 84 102 90 71 106 36 10 31 52 85 0 127 99 28 96 69 111 116 93 4 74 25 88 86 63 26 121 117 120 104 
Coste: 215
Temperatura: 0.04316716389265772
Probabilidad de aceptación: 1.0
Movimiento: SI



ITERACION 90
Solucion:    98 113 65 45 112 39 20 13 30 68 114 5 51 119 126 87 125 37 97 2 6 58 21 1 79 64 70 56 53 43 77 115 72 66 73 75 8 22 47 76 46 108 78 18 123 95 24 29 122 100 61 7 49 103 9 107 109 57 60 15 38 34 55 42 54 83 59 124 11 32 67 12 19 35 3 50 27 14 23 91 80 89 81 110 33 41 48 17 92 62 104 105 82 16 101 44 40 118 94 84 102 90 71 106 36 10 31 52 85 0 99 127 96 28 69 111 116 93 4 74 25 88 86 63 26 121 117 120 
Coste: 213
Temperatura: 0.03885044750339195
Probabilidad de aceptación: 1.0
Movimiento: SI



ITERACION 91
Solucion:    105 98 113 65 112 45 39 20 13 30 68 114 5 119 51 87 126 125 37 97 2 6 58 21 1 79 64 56 70 53 77 43 72 115 73 75 66 8 22 76 47 108 78 46 18 123 24 29 95 122 61 100 49 7 103 9 107 109 57 60 15 34 38 42 55 83 54 59 11 124 67 32 19 12 3 35 27 50 23 91 80 14 89 81 110 33 48 17 41 92 62 120 104 16 82 101 44 40 118 94 84 102 90 71 106 36 10 31 52 85 0 99 96 127 28 69 111 116 93 4 74 25 88 86 63 26 121 117 
Coste: 213
Temperatura: 0.03496540275305276
Probabilidad de aceptación: 1.0
Movimiento: SI



ITERACION 92
Solucion:    104 105 98 113 112 65 45 39 20 13 30 68 114 119 5 87 51 126 125 37 97 2 6 58 21 1 79 64 56 70 77 53 72 43 73 75 115 66 8 76 22 108 78 47 46 18 24 29 123 95 61 122 49 100 7 103 9 107 109 57 60 34 15 38 42 83 55 54 11 59 67 124 19 32 3 12 27 35 23 91 50 80 14 89 81 110 48 17 33 41 92 62 117 16 120 82 101 44 40 118 94 84 102 90 71 106 36 10 31 52 0 85 96 99 127 28 69 111 116 93 4 74 25 88 86 63 26 121 
Coste: 213
Temperatura: 0.03146886247774748
Probabilidad de aceptación: 1.0
Movimiento: SI



ITERACION 93
Solucion:    104 105 98 113 112 65 45 39 20 13 30 68 114 119 5 87 51 126 125 37 97 2 6 58 21 1 79 64 56 70 77 53 72 43 73 75 115 66 8 76 22 108 78 47 46 18 24 29 123 95 61 122 49 100 7 103 9 107 109 57 60 34 15 38 42 83 55 54 11 59 67 124 19 32 3 12 27 35 23 91 50 80 14 89 81 110 48 17 33 41 92 62 117 16 120 82 101 44 40 118 94 84 102 90 71 106 36 10 31 52 0 85 96 99 127 28 69 111 116 93 4 74 25 88 86 63 26 121 
Coste: 213
Temperatura: 0.028321976229972734
Probabilidad de aceptación: 4.551234670138864E-154
Movimiento: NO



ITERACION 94
Solucion:    120 104 105 98 112 113 65 45 39 20 13 30 68 119 114 87 5 51 126 125 37 97 2 6 58 21 1 64 79 56 77 70 72 53 73 75 43 115 66 76 8 108 78 22 47 46 24 29 18 123 61 95 49 122 100 7 103 9 107 109 57 34 60 38 15 83 42 55 11 54 67 59 19 124 3 32 27 12 23 91 50 35 80 14 89 81 48 17 110 33 41 92 62 16 121 117 82 101 44 40 118 94 84 102 90 71 106 36 10 31 0 52 96 85 99 127 28 69 111 116 93 4 74 25 88 86 63 26 
Coste: 213
Temperatura: 0.02548977860697546
Probabilidad de aceptación: 1.0
Movimiento: SI



ITERACION 95
Solucion:    117 120 104 105 112 98 113 65 45 39 20 13 30 119 68 87 114 5 51 126 125 37 97 2 6 58 21 64 1 79 77 56 72 70 73 75 53 43 115 76 66 108 78 8 22 47 24 29 46 18 61 123 49 95 122 100 7 103 9 107 109 34 57 38 60 83 15 42 11 55 67 54 19 59 3 124 27 32 23 91 50 12 35 80 14 89 48 17 81 110 33 41 92 16 62 26 121 82 101 44 40 118 94 84 102 90 71 106 36 10 0 31 96 52 85 99 127 28 69 111 116 93 4 74 25 88 86 63 
Coste: 213
Temperatura: 0.022940800746277915
Probabilidad de aceptación: 1.0
Movimiento: SI



ITERACION 96
Solucion:    121 117 120 104 112 105 98 113 65 45 39 20 13 119 30 87 68 114 5 51 126 125 37 97 2 6 58 64 21 1 77 79 72 56 73 75 70 53 43 76 115 108 78 66 8 22 24 29 47 46 61 18 49 123 95 122 100 7 103 9 107 34 109 38 57 83 60 15 11 42 67 55 19 54 3 59 27 124 23 91 32 50 12 35 80 14 48 17 89 81 110 33 41 16 92 62 63 26 82 101 44 40 118 94 84 102 90 71 106 36 0 10 96 31 52 85 99 127 28 69 111 116 93 4 74 25 88 86 
Coste: 213
Temperatura: 0.020646720671650125
Probabilidad de aceptación: 1.0
Movimiento: SI



ITERACION 97
Solucion:    26 121 117 120 112 104 105 98 113 65 45 39 20 119 13 87 30 68 114 5 51 126 125 37 97 2 6 64 58 21 77 1 79 72 73 75 56 70 53 76 43 108 78 115 66 8 24 29 22 47 61 46 49 18 123 95 122 100 7 103 9 34 107 38 109 83 57 60 11 15 67 42 19 55 3 54 27 59 23 91 32 124 50 12 35 80 48 17 14 89 81 110 33 16 41 92 62 86 63 82 101 44 40 118 94 84 102 90 71 106 36 0 96 10 31 52 85 99 127 28 69 111 116 93 4 74 25 88 
Coste: 212
Temperatura: 0.01858204860448511
Probabilidad de aceptación: 1.0
Movimiento: SI



ITERACION 98
Solucion:    63 26 121 117 112 120 104 105 98 113 65 45 39 119 20 87 13 30 68 114 5 51 126 125 37 97 2 64 6 58 77 21 79 1 73 75 72 56 70 76 53 108 78 43 115 66 24 29 8 22 61 47 49 46 18 123 95 122 100 7 103 34 9 38 107 83 109 57 11 60 67 15 19 42 3 55 27 54 23 91 32 59 124 50 12 35 48 17 80 14 89 81 110 16 33 41 92 62 88 86 82 101 44 40 118 94 84 102 90 71 106 36 96 0 10 31 52 85 99 127 28 69 111 116 93 4 74 25 
Coste: 212
Temperatura: 0.016723843744036602
Probabilidad de aceptación: 1.0
Movimiento: SI



ITERACION 99
Solucion:    86 63 26 121 112 117 120 104 105 98 113 65 45 119 39 87 20 13 30 68 114 5 51 126 125 37 97 64 2 6 77 58 79 21 73 75 1 72 56 76 70 108 78 53 43 115 24 29 66 8 61 22 49 47 46 18 123 95 122 100 7 34 103 38 9 83 107 109 11 57 67 60 19 15 3 42 27 55 23 91 32 54 59 124 50 12 48 17 35 80 14 89 81 16 110 33 41 92 62 25 88 82 101 44 40 118 94 84 102 90 106 71 96 36 0 10 31 52 85 99 127 28 69 111 116 93 4 74 
Coste: 212
Temperatura: 0.015051459369632942
Probabilidad de aceptación: 1.0
Movimiento: SI



ITERACION 100
Solucion:    88 86 63 26 112 121 117 120 104 105 98 113 65 119 45 87 39 20 13 30 68 114 5 51 126 125 37 97 64 2 77 6 79 58 73 75 21 1 72 76 56 70 78 108 53 43 24 29 115 66 61 8 49 22 47 46 18 123 95 122 100 34 7 38 103 83 9 107 11 109 67 57 19 60 3 15 27 42 23 91 32 55 54 59 124 50 48 17 12 35 80 14 89 16 81 110 33 41 92 62 74 25 82 101 44 40 118 94 84 102 106 90 96 71 36 0 10 31 52 85 99 127 28 69 111 116 93 4 
Coste: 212
Temperatura: 0.013546313432669647
Probabilidad de aceptación: 1.0
Movimiento: SI



ITERACION 101
Solucion:    25 88 86 63 112 26 121 117 120 104 105 98 113 119 65 87 45 39 20 13 30 68 114 5 51 126 125 97 37 64 77 2 79 6 73 75 58 21 1 76 72 70 78 56 108 53 24 29 43 115 61 66 49 8 22 47 46 18 123 95 122 34 100 38 7 83 103 9 11 107 67 109 19 57 3 60 27 15 23 91 32 42 55 54 59 124 48 17 50 12 35 80 14 16 89 81 110 33 41 92 62 4 74 82 101 44 40 118 94 84 102 106 96 90 71 36 0 10 31 52 85 99 127 28 69 111 116 93 
Coste: 212
Temperatura: 0.012191682089402684
Probabilidad de aceptación: 1.0
Movimiento: SI



ITERACION 102
Solucion:    74 25 88 86 112 63 26 121 117 120 104 105 98 119 113 87 65 45 39 20 13 30 68 114 5 51 126 97 125 37 77 64 79 2 73 75 6 58 21 76 1 72 78 70 56 108 53 29 24 43 61 115 49 66 8 22 47 46 18 123 95 34 122 38 100 83 7 103 11 9 67 107 19 109 3 57 27 60 23 91 32 15 42 55 54 59 48 17 124 50 12 35 80 16 14 89 81 110 33 41 92 62 93 4 82 101 44 40 118 94 102 84 96 106 90 71 36 0 10 31 52 85 99 127 28 69 111 116 
Coste: 212
Temperatura: 0.010972513880462416
Probabilidad de aceptación: 1.0
Movimiento: SI



ITERACION 103
Solucion:    4 74 25 88 112 86 63 26 121 117 120 104 105 119 98 87 113 65 45 39 20 13 30 68 114 5 51 97 126 125 77 37 79 64 73 75 2 6 58 76 21 72 78 1 70 56 53 29 108 24 61 43 49 115 66 8 22 47 46 18 123 34 95 38 122 83 100 7 11 103 67 9 19 107 3 109 27 57 23 91 32 60 15 42 55 54 48 17 59 124 50 12 35 16 80 14 89 81 110 33 41 92 62 116 93 82 101 44 40 118 102 94 96 84 106 90 71 36 0 10 31 52 85 99 127 28 69 111 
Coste: 212
Temperatura: 0.009875262492416175
Probabilidad de aceptación: 1.0
Movimiento: SI



ITERACION 104
Solucion:    93 4 74 25 112 88 86 63 26 121 117 120 104 119 105 87 98 113 65 45 39 20 13 30 68 114 5 97 51 126 77 125 79 37 73 75 64 2 6 76 58 72 78 21 1 70 53 29 56 108 61 24 49 43 115 66 8 22 47 46 18 34 123 38 95 83 122 100 11 7 67 103 19 9 3 107 27 109 23 91 32 57 60 15 42 55 48 17 54 59 124 50 12 16 35 80 14 89 81 110 33 41 92 62 111 116 82 101 44 40 102 118 96 94 84 106 90 71 36 0 10 31 52 85 99 127 28 69 
Coste: 212
Temperatura: 0.008887736243174557
Probabilidad de aceptación: 1.0
Movimiento: SI



ITERACION 105
Solucion:    116 93 4 74 112 25 88 86 63 26 121 117 120 119 104 87 105 98 113 65 45 39 20 13 30 68 114 97 5 51 77 126 79 125 73 75 37 64 2 76 6 72 78 58 21 1 53 29 70 56 61 108 49 24 43 115 66 8 22 47 46 34 18 38 123 83 95 122 11 100 67 7 19 103 3 9 27 107 23 91 32 109 57 60 15 42 48 17 55 54 59 124 50 16 12 35 80 14 89 81 110 33 41 92 62 69 111 82 101 44 40 102 96 118 94 84 106 90 71 36 0 10 31 52 85 99 127 28 
Coste: 212
Temperatura: 0.007998962618857101
Probabilidad de aceptación: 1.0
Movimiento: SI



ITERACION 106
Solucion:    111 116 93 4 112 74 25 88 86 63 26 121 117 119 120 87 104 105 98 113 65 45 39 20 13 30 68 114 97 5 77 51 79 126 73 75 125 37 64 76 2 72 78 6 58 21 53 29 1 70 61 56 49 108 24 43 115 66 8 22 47 46 34 38 18 83 123 95 11 122 67 100 19 7 3 103 27 9 23 91 32 107 109 57 60 15 48 17 42 55 54 59 124 16 50 12 35 80 14 89 81 110 33 41 92 62 28 69 82 101 40 44 96 102 118 94 84 106 90 71 36 0 10 31 52 85 99 127 
Coste: 211
Temperatura: 0.007199066356971391
Probabilidad de aceptación: 1.0
Movimiento: SI



ITERACION 107
Solucion:    69 111 116 93 112 4 74 25 88 86 63 26 121 119 117 87 120 104 105 98 113 65 45 39 20 13 30 114 68 97 77 5 79 51 73 75 126 125 37 76 64 72 78 2 6 58 21 53 29 1 61 70 49 56 108 24 43 115 66 8 22 46 47 38 34 83 18 123 11 95 67 122 19 100 3 7 27 103 23 91 32 9 107 109 57 60 48 17 15 42 55 54 59 16 124 50 12 35 80 14 89 81 110 33 41 92 62 127 28 82 101 40 96 44 102 118 94 84 106 90 71 36 0 10 31 52 85 99 
Coste: 210
Temperatura: 0.006479159721274252
Probabilidad de aceptación: 1.0
Movimiento: SI



ITERACION 108
Solucion:    28 69 111 116 112 93 4 74 25 88 86 63 26 119 121 117 87 120 104 105 98 113 65 45 39 20 13 114 30 68 77 97 79 5 73 75 51 126 125 76 37 72 78 64 2 6 21 53 58 29 61 1 49 70 56 108 24 43 115 66 8 46 22 47 38 83 34 18 11 123 67 95 19 122 3 100 27 7 23 91 32 103 9 107 109 57 48 17 60 15 42 55 54 16 59 124 50 12 35 80 14 89 81 110 33 41 92 62 99 127 101 82 96 40 44 102 118 94 84 106 90 71 36 0 10 31 52 85 
Coste: 210
Temperatura: 0.005831243749146827
Probabilidad de aceptación: 1.0
Movimiento: SI



ITERACION 109
Solucion:    127 28 69 111 112 116 93 4 74 25 88 86 63 119 26 117 121 87 120 104 105 98 113 65 45 39 20 114 13 30 77 68 79 97 73 75 5 51 126 76 125 72 78 37 64 2 21 53 6 58 61 29 49 1 70 56 108 24 43 115 66 46 8 47 22 83 38 34 11 18 67 123 19 95 3 122 27 100 23 91 32 7 103 9 107 109 48 17 57 60 15 42 55 16 54 59 124 50 12 35 80 14 89 81 110 33 41 92 62 85 99 101 96 82 40 44 102 118 94 84 106 90 71 36 0 10 31 52 
Coste: 210
Temperatura: 0.005248119374232144
Probabilidad de aceptación: 1.0
Movimiento: SI



ITERACION 110
Solucion:    127 28 69 111 112 99 93 4 74 25 88 86 63 119 26 117 121 87 116 120 105 104 113 65 45 39 20 114 13 30 77 68 79 98 73 75 5 51 126 76 125 72 78 37 97 2 21 53 6 58 61 29 49 1 70 56 108 24 43 115 66 46 8 47 22 83 38 34 11 18 67 123 19 95 3 122 27 64 23 91 32 7 103 9 107 109 48 17 57 60 15 42 55 16 54 59 124 50 12 35 80 14 89 81 110 33 41 92 62 85 100 101 96 82 40 44 102 118 94 84 106 90 71 36 0 10 31 52 
Coste: 209
Temperatura: 0.00472330743680893
Probabilidad de aceptación: 1.2757756419986836E-184
Movimiento: NO



ITERACION 111
Solucion:    101 127 28 69 112 111 99 93 4 74 25 88 86 119 63 117 26 121 87 116 120 105 104 113 65 45 39 114 20 13 77 30 79 68 73 75 98 5 51 76 126 72 78 125 37 97 21 53 2 6 61 58 49 29 1 70 56 108 24 43 115 46 66 47 8 83 22 38 11 34 67 18 19 123 3 95 27 122 23 91 32 64 7 103 9 107 48 17 109 57 60 15 42 16 55 54 59 124 50 12 35 80 14 89 81 110 33 41 92 62 100 52 96 85 82 40 44 102 118 94 84 106 90 71 36 0 10 31 
Coste: 209
Temperatura: 0.004250976693128037
Probabilidad de aceptación: 1.0
Movimiento: SI



ITERACION 112
Solucion:    101 127 28 69 112 111 99 93 4 74 25 88 86 119 63 117 26 121 87 96 120 105 104 113 65 45 39 114 20 13 77 30 79 68 73 75 98 5 51 76 126 72 78 125 37 97 21 53 2 6 61 58 49 29 1 70 56 108 24 43 115 46 66 47 8 83 22 38 11 34 67 18 19 123 3 95 27 122 23 91 32 64 7 103 9 107 48 17 109 57 60 15 42 16 55 54 59 124 50 12 35 80 14 89 81 110 33 41 92 62 100 52 116 85 82 40 44 102 118 94 84 106 90 71 36 0 10 31 
Coste: 209
Temperatura: 0.003825879023815233
Probabilidad de aceptación: 0.0
Movimiento: NO



ITERACION 113
Solucion:    85 101 127 28 112 69 111 99 93 4 74 25 88 119 86 117 63 26 121 87 96 120 105 104 113 65 45 114 39 20 77 13 79 30 73 75 68 98 5 76 51 72 78 126 125 37 21 53 97 2 61 6 49 58 29 1 70 56 108 24 43 46 115 47 66 83 8 22 11 38 67 34 19 18 3 123 27 95 23 91 32 122 64 7 103 9 48 17 107 109 57 60 15 16 42 55 54 59 124 50 12 35 80 14 89 81 110 33 41 92 100 62 116 31 52 82 40 44 102 118 94 84 106 90 71 36 0 10 
Coste: 209
Temperatura: 0.0034432911214337097
Probabilidad de aceptación: 1.0
Movimiento: SI



ITERACION 114
Solucion:    52 85 101 127 112 28 69 111 99 93 4 74 25 119 88 117 86 63 26 121 87 96 120 105 104 113 65 114 45 39 77 20 79 13 73 75 30 68 98 76 5 72 78 51 126 125 21 53 37 97 61 2 49 6 58 29 1 70 56 108 24 43 46 47 115 83 66 8 11 22 67 38 19 34 3 18 27 123 23 91 32 95 122 64 7 103 48 17 9 107 109 57 60 16 15 42 55 54 59 124 50 12 35 80 14 89 81 110 33 41 100 92 116 62 10 31 82 40 44 102 118 94 84 106 90 71 36 0 
Coste: 209
Temperatura: 0.0030989620092903387
Probabilidad de aceptación: 1.0
Movimiento: SI



ITERACION 115
Solucion:    31 52 85 101 112 127 28 69 111 99 93 4 74 119 25 117 88 86 63 26 121 87 96 120 105 104 113 114 65 45 77 39 79 20 73 75 13 30 68 76 98 72 78 5 51 126 21 53 125 37 61 97 49 2 6 58 29 1 70 56 108 43 24 47 46 83 115 66 11 8 67 22 19 38 3 34 27 18 23 91 32 123 95 122 64 7 48 17 103 9 107 109 57 16 60 15 42 55 54 59 124 50 12 35 80 14 89 81 110 33 100 41 116 92 62 0 10 82 40 44 102 118 94 84 106 90 71 36 
Coste: 209
Temperatura: 0.002789065808361305
Probabilidad de aceptación: 1.0
Movimiento: SI



ITERACION 116
Solucion:    10 31 52 85 112 101 127 28 69 111 99 93 4 119 74 117 25 88 86 63 26 121 87 96 120 105 104 113 114 65 77 45 79 39 73 75 20 13 30 76 68 72 78 98 5 51 21 53 126 125 37 61 49 97 2 6 58 29 1 70 56 43 108 47 24 83 46 115 11 66 67 8 19 22 3 38 27 34 18 91 32 23 123 95 122 64 48 17 7 103 9 107 109 16 57 60 15 42 55 54 59 124 50 12 35 80 14 89 81 110 100 33 116 41 92 62 36 0 82 40 44 102 118 94 84 106 90 71 
Coste: 209
Temperatura: 0.0025101592275251746
Probabilidad de aceptación: 1.0
Movimiento: SI



ITERACION 117
Solucion:    0 10 31 52 112 85 101 127 28 69 111 99 93 119 4 117 74 25 88 86 63 26 121 87 96 120 105 113 104 114 77 65 79 45 73 75 39 20 13 76 30 68 72 78 98 5 21 53 51 126 37 125 49 61 97 2 6 58 29 1 70 43 56 47 108 83 24 46 11 115 67 66 19 8 3 22 27 38 18 91 32 34 23 123 95 122 48 17 64 7 103 9 107 16 109 57 60 15 42 55 54 59 124 50 12 35 80 14 89 81 100 110 116 33 41 92 62 71 36 82 40 44 102 118 94 84 106 90 
Coste: 209
Temperatura: 0.002259143304772657
Probabilidad de aceptación: 1.0
Movimiento: SI



ITERACION 118
Solucion:    36 0 10 31 112 52 85 101 127 28 69 111 99 119 93 117 4 74 25 88 86 63 26 121 87 96 120 113 105 104 77 114 79 65 73 75 45 39 20 76 13 68 72 30 78 98 21 5 53 51 37 126 49 125 61 97 2 6 58 29 1 43 70 47 56 83 108 24 11 46 67 115 19 66 3 8 27 22 18 91 32 38 34 23 123 95 48 17 122 64 7 103 9 16 107 109 57 60 15 42 55 54 59 124 50 12 35 80 14 89 100 81 116 110 33 41 92 62 90 71 82 40 44 102 118 94 84 106 
Coste: 209
Temperatura: 0.0020332289742953915
Probabilidad de aceptación: 1.0
Movimiento: SI



ITERACION 119
Solucion:    71 36 0 10 112 31 52 85 101 127 28 69 111 119 99 117 93 4 74 25 88 86 63 26 121 87 96 120 113 105 77 104 79 114 73 75 65 45 39 76 20 68 72 13 30 78 21 5 98 53 37 51 49 126 125 61 97 2 6 58 29 43 1 47 70 83 56 108 11 24 67 46 19 115 3 66 27 8 18 91 32 22 38 34 23 123 48 17 95 122 64 7 103 16 9 107 109 57 60 15 42 55 54 59 124 50 12 35 80 14 100 89 116 81 110 33 41 92 62 106 90 82 40 44 102 118 94 84 
Coste: 209
Temperatura: 0.0018299060768658525
Probabilidad de aceptación: 1.0
Movimiento: SI



ITERACION 120
Solucion:    90 71 36 0 112 10 31 52 85 101 127 28 69 119 111 117 99 93 4 74 25 88 86 63 26 121 87 96 120 113 77 105 79 104 73 75 114 65 45 76 39 68 72 20 13 30 21 5 78 98 53 37 49 51 126 125 61 97 2 6 58 43 29 47 1 83 70 56 11 108 67 24 19 46 3 115 27 66 18 91 32 8 22 38 34 23 48 17 123 95 122 64 7 16 103 9 107 109 57 60 15 42 55 54 59 124 50 12 35 80 100 14 116 89 81 110 33 41 92 62 84 106 82 40 44 102 118 94 
Coste: 209
Temperatura: 0.0016469154691792674
Probabilidad de aceptación: 1.0
Movimiento: SI



ITERACION 121
Solucion:    106 90 71 36 112 0 10 31 52 85 101 127 28 119 69 117 111 99 93 4 74 25 88 86 63 26 121 96 87 120 77 113 79 105 73 75 104 114 65 76 45 68 72 39 20 13 21 5 30 78 53 98 49 37 51 126 125 61 97 2 6 43 58 47 29 83 1 70 11 56 67 108 19 24 3 46 27 115 18 91 32 66 8 22 38 34 48 17 23 123 95 122 64 16 7 103 9 107 109 57 60 15 42 55 54 59 124 50 12 35 100 80 116 14 89 81 110 33 41 92 62 94 84 82 40 44 102 118 
Coste: 209
Temperatura: 0.0014822239222613406
Probabilidad de aceptación: 1.0
Movimiento: SI



ITERACION 122
Solucion:    84 106 90 71 112 36 0 10 31 52 85 101 127 119 28 117 69 111 99 93 4 74 25 88 86 63 26 96 121 87 77 120 79 113 73 75 105 104 114 76 65 68 72 45 39 20 21 5 13 30 53 78 49 98 37 51 126 125 61 97 2 43 6 47 58 83 29 1 11 70 67 56 19 108 3 24 27 46 18 91 32 115 66 8 22 38 48 17 34 23 123 95 122 16 64 7 103 9 107 109 57 60 15 42 55 54 59 124 50 12 100 35 116 80 14 89 81 110 33 41 92 62 118 94 82 40 44 102 
Coste: 209
Temperatura: 0.0013340015300352065
Probabilidad de aceptación: 1.0
Movimiento: SI



ITERACION 123
Solucion:    94 84 106 90 112 71 36 0 10 31 52 85 101 119 127 117 28 69 111 99 93 4 74 25 88 86 63 96 26 121 77 87 79 120 73 75 113 105 104 76 114 68 72 65 45 39 21 20 5 13 53 30 49 78 98 37 51 126 125 61 97 43 2 47 6 83 58 29 11 1 67 70 19 56 3 108 27 24 18 91 32 46 115 66 8 22 48 17 38 34 23 123 95 16 122 64 7 103 9 107 109 57 60 15 42 55 54 59 124 50 100 12 116 35 80 14 89 81 110 33 41 92 62 102 118 82 40 44 
Coste: 209
Temperatura: 0.001200601377031686
Probabilidad de aceptación: 1.0
Movimiento: SI



ITERACION 124
Solucion:    118 94 84 106 112 90 71 36 0 10 31 52 85 101 119 117 127 28 69 111 99 93 4 74 25 88 86 96 63 26 77 121 79 87 73 75 120 113 105 76 104 68 72 114 65 45 21 20 39 5 53 13 49 30 78 98 37 51 126 125 61 43 97 47 2 83 6 58 11 29 67 1 19 70 3 56 27 108 18 91 24 32 46 115 66 8 48 17 22 38 34 23 123 16 95 122 64 7 103 9 107 109 57 60 15 42 55 54 59 124 100 50 116 12 35 80 14 89 81 110 33 41 92 62 44 102 82 40 
Coste: 209
Temperatura: 0.0010805412393285175
Probabilidad de aceptación: 1.0
Movimiento: SI



ITERACION 125
Solucion:    102 118 94 84 112 106 90 71 36 0 10 31 52 85 101 117 119 127 28 69 111 99 93 4 74 25 88 96 86 63 77 26 79 121 73 75 87 120 113 76 105 104 72 68 114 65 21 20 45 39 53 5 49 13 30 78 98 37 51 126 125 43 61 47 97 83 2 6 11 58 67 29 19 1 3 70 27 56 18 91 24 108 32 46 115 66 48 17 8 22 38 34 23 16 123 95 122 64 7 103 9 107 109 57 60 15 42 55 54 59 124 100 116 50 12 35 80 14 89 81 110 33 41 92 62 40 44 82 
Coste: 209
Temperatura: 9.724871153956657E-4
Probabilidad de aceptación: 1.0
Movimiento: SI



ITERACION 126
Solucion:    44 102 118 94 112 84 106 90 71 36 0 10 31 85 52 117 101 119 127 28 69 111 99 93 4 74 25 96 88 86 77 63 79 26 73 75 121 87 120 76 113 104 72 105 68 114 21 20 65 45 53 39 49 5 13 30 78 98 37 51 126 43 125 47 61 83 97 2 11 6 67 58 19 29 3 1 27 70 18 91 56 24 108 32 46 115 48 17 66 8 22 38 34 16 23 123 95 122 64 7 103 9 107 109 57 60 15 42 55 54 124 59 116 100 50 12 35 80 14 89 81 110 33 41 92 62 82 40 
Coste: 209
Temperatura: 8.752384038560991E-4
Probabilidad de aceptación: 1.0
Movimiento: SI



ITERACION 127
Solucion:    40 44 102 118 112 94 84 106 90 71 36 0 10 85 31 117 52 101 119 127 28 69 111 99 93 4 74 96 25 88 77 86 79 63 73 75 26 121 87 120 76 104 72 113 105 68 21 20 114 65 53 45 49 39 5 13 30 78 98 37 51 43 126 47 125 83 61 97 11 2 67 6 19 58 3 29 27 1 18 91 56 70 24 108 32 46 48 17 115 66 8 22 38 16 34 23 123 95 122 64 7 103 9 107 109 57 60 15 42 55 124 54 116 59 100 50 12 35 80 14 89 81 110 33 41 92 62 82 
Coste: 209
Temperatura: 7.877145634704892E-4
Probabilidad de aceptación: 1.0
Movimiento: SI



