ITERACION 0
Solucion:    52 71 97 33 110 54 22 39 58 116 5 10 127 23 94 102 104 81 124 106 120 12 123 60 87 43 38 109 114 49 13 67 76 79 92 107 125 17 65 53 31 115 85 56 84 6 117 24 72 42 68 74 16 46 83 126 26 119 29 44 96 32 90 7 86 28 15 47 111 103 73 93 77 112 14 27 62 80 108 95 82 55 4 25 78 64 89 61 40 8 63 45 50 66 9 69 30 34 35 98 118 41 20 18 0 37 1 19 2 51 105 48 121 70 36 101 100 88 21 3 57 113 99 75 11 122 59 91 
Coste: 282
Temperatura: 435.0
Probabilidad de aceptación: 1.0
Movimiento: SI



ITERACION 1
Solucion:    71 91 52 97 33 110 54 22 39 58 116 5 10 127 23 94 102 104 81 124 106 120 12 123 60 87 43 38 109 114 49 13 67 76 79 92 107 125 17 65 53 31 115 85 56 84 6 117 24 72 42 68 74 16 46 83 126 26 119 29 44 96 32 90 7 86 28 15 47 111 103 73 93 77 112 14 27 62 80 108 95 82 55 4 25 78 64 89 61 40 8 63 45 50 66 9 69 30 34 35 98 118 41 20 18 0 37 1 19 2 51 105 48 121 70 36 101 100 88 21 3 57 113 99 75 11 122 59 
Coste: 319
Temperatura: 391.5
Probabilidad de aceptación: 1.0
Movimiento: SI



ITERACION 2
Solucion:    52 71 59 91 97 33 110 54 22 39 58 116 5 10 127 23 94 102 104 81 124 106 120 12 123 60 87 43 38 109 114 49 13 67 76 79 92 107 125 17 65 53 31 115 85 56 84 6 117 24 72 42 68 74 16 46 83 126 26 119 29 44 96 32 90 7 86 28 15 47 111 103 73 93 77 112 14 27 62 80 108 95 82 55 4 25 78 64 89 61 40 8 63 45 50 66 9 69 30 34 35 98 118 41 20 18 0 37 1 19 2 51 105 48 121 70 36 101 100 88 21 3 57 113 99 75 11 122 
Coste: 290
Temperatura: 352.35
Probabilidad de aceptación: 1.0
Movimiento: SI



ITERACION 3
Solucion:    91 52 71 122 59 97 33 110 54 22 39 58 116 5 10 127 23 94 102 104 81 124 106 120 12 123 60 87 43 38 109 114 49 13 67 76 79 92 107 125 17 65 53 31 115 85 56 84 6 117 24 72 42 68 74 16 46 83 126 26 119 29 44 96 32 90 7 86 28 15 47 111 103 73 93 77 112 14 27 62 80 108 95 82 55 4 25 78 64 89 61 40 8 63 45 50 66 9 69 30 34 35 98 118 41 20 18 0 37 1 19 2 51 105 48 121 70 36 101 100 88 21 3 57 113 99 75 11 
Coste: 308
Temperatura: 317.115
Probabilidad de aceptación: 1.0
Movimiento: SI



ITERACION 4
Solucion:    59 91 52 71 11 122 97 33 110 54 22 39 58 116 5 10 127 23 94 102 104 81 124 106 120 12 123 60 87 43 38 109 114 49 13 67 76 79 92 107 125 17 65 53 31 115 85 56 84 6 117 24 72 42 68 74 16 46 83 126 26 119 29 44 96 32 90 7 86 28 15 47 111 103 73 93 77 112 14 27 62 80 108 95 82 55 4 25 78 64 89 61 40 8 63 45 50 66 9 69 30 34 35 98 118 41 20 18 0 37 1 19 2 51 105 48 121 70 36 101 100 88 21 3 57 113 99 75 
Coste: 302
Temperatura: 285.4035
Probabilidad de aceptación: 1.0
Movimiento: SI



ITERACION 5
Solucion:    122 59 91 52 71 75 11 97 33 110 54 22 39 58 116 5 10 127 23 94 102 104 81 124 106 120 12 123 60 87 43 38 109 114 49 13 67 76 79 92 107 125 17 65 53 31 115 85 56 84 6 117 24 72 42 68 74 16 46 83 126 26 119 29 44 96 32 90 7 86 28 15 47 111 103 73 93 77 112 14 27 62 80 108 95 82 55 4 25 78 64 89 61 40 8 63 45 50 66 9 69 30 34 35 98 118 41 20 18 0 37 1 19 2 51 105 48 121 70 36 101 100 88 21 3 57 113 99 
Coste: 316
Temperatura: 256.86315
Probabilidad de aceptación: 1.0
Movimiento: SI



ITERACION 6
Solucion:    11 122 59 91 52 71 99 75 97 33 110 54 22 39 58 116 5 10 127 23 94 102 104 81 124 106 120 12 123 60 87 43 38 109 114 49 13 67 76 79 92 107 125 17 65 53 31 115 85 56 84 6 117 24 72 42 68 74 16 46 83 126 26 119 29 44 96 32 90 7 86 28 15 47 111 103 73 93 77 112 14 27 62 80 108 95 82 55 4 25 78 64 89 61 40 8 63 45 50 66 9 69 30 34 35 98 118 41 20 18 0 37 1 19 2 51 105 48 121 70 36 101 100 88 21 3 57 113 
Coste: 298
Temperatura: 231.176835
Probabilidad de aceptación: 1.0
Movimiento: SI



ITERACION 7
Solucion:    75 11 122 59 91 52 71 113 99 97 33 110 54 22 39 58 116 5 10 127 23 94 102 104 81 124 106 120 12 123 60 87 43 38 109 114 49 13 67 76 79 92 107 125 17 65 53 31 115 85 56 84 117 6 24 72 42 68 74 16 46 83 126 26 119 29 44 96 32 90 7 86 28 15 47 111 103 73 93 77 112 14 27 62 80 108 95 82 55 4 25 78 64 89 61 40 8 63 45 50 66 9 69 30 34 35 98 118 41 20 18 0 37 1 19 2 51 105 48 121 70 36 101 100 88 21 3 57 
Coste: 300
Temperatura: 208.0591515
Probabilidad de aceptación: 1.0
Movimiento: SI



ITERACION 8
Solucion:    99 75 11 122 59 91 52 71 57 113 97 33 110 54 22 39 58 116 5 10 127 23 94 102 104 81 124 106 120 12 123 60 87 43 38 109 114 49 13 67 76 79 92 107 125 17 65 53 31 115 85 56 84 117 6 24 72 42 68 74 16 46 83 126 26 119 29 44 96 32 90 7 86 28 15 47 111 103 73 93 77 112 14 27 62 80 108 95 82 55 4 25 78 64 89 61 40 8 63 45 50 66 9 69 30 34 35 98 118 41 20 18 0 37 1 19 2 51 105 48 121 70 36 101 100 88 21 3 
Coste: 289
Temperatura: 187.25323635
Probabilidad de aceptación: 1.0
Movimiento: SI



ITERACION 9
Solucion:    113 99 75 11 122 59 91 52 71 3 57 97 33 110 54 22 39 58 116 5 10 127 23 94 102 104 81 124 106 120 12 123 60 87 43 38 109 114 49 13 67 76 79 92 107 125 17 65 53 31 115 85 56 84 117 6 24 72 42 68 74 16 46 83 126 26 119 29 44 96 32 90 7 86 28 15 47 111 103 73 93 77 112 14 27 62 80 108 95 82 55 4 25 78 64 89 61 40 8 63 45 50 66 9 69 30 34 35 98 118 41 20 18 0 37 1 19 2 51 105 48 121 70 36 101 100 88 21 
Coste: 300
Temperatura: 168.527912715
Probabilidad de aceptación: 1.0
Movimiento: SI



ITERACION 10
Solucion:    57 113 99 75 11 122 59 91 52 71 21 3 97 33 110 54 22 39 58 116 5 10 127 23 94 102 104 81 124 106 120 12 123 60 87 43 38 109 114 49 13 67 76 79 92 107 125 17 65 53 31 115 85 56 84 117 6 24 72 42 68 74 16 46 83 126 26 119 29 44 96 32 90 7 86 28 15 47 111 103 73 93 77 112 14 27 62 80 108 95 82 55 4 25 78 64 89 61 40 8 63 45 50 66 9 69 30 34 35 98 118 41 20 18 0 37 1 19 2 51 105 48 121 70 36 101 100 88 
Coste: 310
Temperatura: 151.67512144350002
Probabilidad de aceptación: 1.0
Movimiento: SI



ITERACION 11
Solucion:    3 57 113 99 75 11 122 59 91 52 71 88 21 97 33 110 54 22 39 58 116 5 10 127 23 94 102 104 81 124 106 120 12 123 60 87 43 38 109 114 49 13 67 76 79 92 107 125 17 65 53 31 115 85 56 84 117 6 24 72 42 68 74 16 46 83 126 26 119 29 44 96 32 90 7 86 28 15 47 111 103 73 93 77 112 14 27 62 80 108 95 82 55 4 25 78 64 89 61 40 8 63 45 50 66 9 69 30 34 35 98 118 41 20 18 0 37 1 19 2 51 105 48 121 70 36 101 100 
Coste: 316
Temperatura: 136.50760929915003
Probabilidad de aceptación: 1.0
Movimiento: SI



ITERACION 12
Solucion:    21 3 57 113 99 75 11 122 59 91 52 71 100 88 97 33 110 54 22 39 58 116 5 10 127 23 94 102 104 81 124 106 120 12 123 60 87 43 38 109 114 49 13 67 76 79 92 107 125 17 65 53 31 115 85 56 84 117 6 24 72 42 68 74 16 46 83 126 26 119 29 44 96 32 90 7 86 28 15 47 111 103 73 93 77 112 14 27 62 80 108 95 82 55 4 25 78 64 89 61 40 8 63 45 50 66 9 69 30 34 35 98 118 41 20 18 0 37 1 19 2 51 105 48 121 70 36 101 
Coste: 291
Temperatura: 122.85684836923504
Probabilidad de aceptación: 1.0
Movimiento: SI



ITERACION 13
Solucion:    88 21 3 57 113 99 75 11 122 59 91 52 71 101 100 97 33 110 54 22 39 58 116 5 10 127 23 94 102 104 81 124 106 120 12 123 60 87 43 38 109 114 49 13 67 76 79 92 107 125 17 65 53 31 115 85 56 84 117 6 24 72 42 68 74 16 46 83 126 26 119 29 44 96 32 90 7 86 28 15 47 111 103 73 93 77 112 14 27 62 80 108 95 82 55 4 25 78 64 89 61 40 8 63 45 50 66 9 69 30 34 35 98 118 41 20 18 0 37 1 19 2 51 105 48 121 70 36 
Coste: 312
Temperatura: 110.57116353231153
Probabilidad de aceptación: 1.0
Movimiento: SI



ITERACION 14
Solucion:    100 88 21 3 57 113 99 75 11 122 59 91 52 71 36 101 97 33 110 54 22 39 58 116 5 10 127 23 94 102 104 81 124 106 120 12 123 60 87 43 38 109 114 49 13 67 76 79 92 107 125 17 65 53 31 115 85 56 84 117 6 24 72 42 68 74 16 46 83 126 26 119 29 44 96 32 90 7 86 28 15 47 111 103 73 93 77 112 14 27 62 80 108 95 82 55 4 25 78 64 89 61 40 8 63 45 50 66 9 69 30 34 35 98 118 41 20 18 0 37 1 19 2 51 105 48 121 70 
Coste: 284
Temperatura: 99.51404717908038
Probabilidad de aceptación: 1.0
Movimiento: SI



ITERACION 15
Solucion:    101 100 88 21 3 57 113 99 75 11 122 59 91 52 71 70 36 97 33 110 54 22 39 58 116 5 10 127 23 94 102 104 81 124 106 120 12 123 60 87 43 38 109 114 49 13 67 76 79 92 107 125 17 65 53 31 115 85 56 84 117 6 24 72 42 68 74 16 46 83 126 26 119 29 44 96 32 90 7 86 28 15 47 111 103 73 93 77 112 14 27 62 80 108 95 82 55 4 78 25 64 89 61 40 8 63 45 50 66 9 69 30 34 35 98 118 41 20 18 0 37 1 19 2 51 105 48 121 
Coste: 309
Temperatura: 89.56264246117235
Probabilidad de aceptación: 1.0
Movimiento: SI



ITERACION 16
Solucion:    36 101 100 88 21 3 57 113 99 75 11 122 59 91 52 71 121 70 97 33 110 54 22 39 58 116 5 10 127 23 94 102 104 81 124 106 120 12 123 60 87 43 38 109 114 49 13 67 76 79 92 107 125 17 65 53 31 115 85 56 84 117 6 24 72 42 68 74 16 46 83 126 26 119 29 44 96 32 90 7 86 28 15 47 111 103 73 93 77 112 14 27 62 80 108 95 82 55 4 78 25 64 89 61 40 8 63 45 50 66 9 69 30 34 35 98 118 41 20 18 0 37 1 19 2 51 105 48 
Coste: 295
Temperatura: 80.60637821505512
Probabilidad de aceptación: 1.0
Movimiento: SI



ITERACION 17
Solucion:    70 36 101 100 88 21 3 57 113 99 75 11 122 59 91 52 71 48 121 97 33 110 54 22 39 58 116 5 10 127 23 94 102 104 81 124 106 120 12 123 60 87 43 38 109 114 49 13 67 76 79 92 107 125 17 65 53 31 115 85 56 84 117 6 24 72 42 68 74 16 46 83 126 26 119 29 44 96 32 90 7 86 28 15 47 111 103 73 93 77 112 14 27 62 80 108 95 82 55 4 78 25 64 89 61 40 8 63 45 50 66 9 69 30 34 35 98 118 41 20 18 0 37 1 19 2 51 105 
Coste: 306
Temperatura: 72.54574039354961
Probabilidad de aceptación: 1.0
Movimiento: SI



ITERACION 18
Solucion:    121 70 36 101 100 88 21 3 57 113 99 75 11 122 59 91 52 71 105 48 97 33 110 54 22 39 58 116 5 10 127 23 94 102 104 81 124 106 120 12 123 60 87 43 38 109 114 49 13 67 76 79 92 107 125 17 65 53 31 115 85 56 84 117 6 24 72 42 68 74 16 46 83 126 26 119 29 44 96 90 32 7 86 28 15 47 111 103 73 93 77 112 14 27 62 80 108 95 82 55 4 78 25 64 89 61 40 8 63 45 50 66 9 69 30 34 35 98 118 41 20 18 0 37 1 19 2 51 
Coste: 300
Temperatura: 65.29116635419464
Probabilidad de aceptación: 1.0
Movimiento: SI



ITERACION 19
Solucion:    48 121 70 36 101 100 88 21 3 57 113 99 75 11 122 59 91 52 71 51 105 97 33 110 54 22 39 58 116 5 10 127 23 94 102 104 81 124 106 120 12 123 60 87 43 38 109 114 49 13 67 76 79 92 107 125 17 65 53 31 115 85 56 84 117 6 24 72 42 68 74 16 46 83 126 26 119 29 44 96 90 32 7 86 28 15 47 111 103 73 93 77 112 14 27 62 80 108 95 82 55 4 78 25 64 89 61 40 8 63 45 50 66 9 69 30 34 35 98 118 41 20 18 0 37 1 19 2 
Coste: 279
Temperatura: 58.76204971877518
Probabilidad de aceptación: 1.0
Movimiento: SI



ITERACION 20
Solucion:    105 48 121 70 36 101 100 88 21 3 57 113 99 75 11 122 59 91 52 71 2 51 97 33 110 54 22 39 58 116 5 10 127 23 94 102 104 81 124 106 120 12 123 60 87 43 38 109 114 49 13 67 76 79 92 107 125 17 65 53 31 115 85 56 84 117 6 24 72 42 68 74 16 46 83 126 26 119 29 44 96 90 32 7 86 28 15 47 111 103 73 93 77 112 14 27 62 80 108 95 82 55 4 78 25 64 89 61 40 8 63 45 50 66 9 69 30 34 35 98 118 41 20 18 0 37 1 19 
Coste: 314
Temperatura: 52.88584474689766
Probabilidad de aceptación: 1.0
Movimiento: SI



ITERACION 21
Solucion:    51 105 48 121 70 36 101 100 88 21 3 57 113 99 75 11 122 59 91 52 71 19 2 97 33 110 54 22 39 58 116 5 10 127 23 94 102 104 81 124 106 120 12 123 60 87 43 38 109 114 49 13 67 76 79 92 107 125 17 65 53 31 115 85 56 84 117 6 24 72 42 68 74 16 46 83 126 26 119 29 44 96 90 32 7 86 28 15 47 111 103 73 93 77 112 14 27 62 80 108 95 82 55 4 78 25 64 89 61 40 8 63 45 50 66 9 69 30 34 35 98 118 41 20 18 0 37 1 
Coste: 298
Temperatura: 47.5972602722079
Probabilidad de aceptación: 1.0
Movimiento: SI



ITERACION 22
Solucion:    2 51 105 48 121 70 36 101 100 88 21 3 57 113 99 75 11 122 59 91 52 71 1 19 97 33 110 54 22 39 58 116 5 10 127 23 94 102 104 81 124 120 106 12 123 60 87 43 38 109 114 49 13 67 76 79 92 107 125 17 65 53 31 115 85 56 84 117 6 24 42 72 74 68 16 46 83 126 26 119 29 44 96 90 32 7 86 28 15 47 111 103 73 93 77 112 14 27 62 80 108 95 82 55 4 78 25 64 89 61 40 8 63 45 50 66 9 69 30 34 35 98 118 41 20 18 0 37 
Coste: 304
Temperatura: 42.83753424498711
Probabilidad de aceptación: 1.0
Movimiento: SI



ITERACION 23
Solucion:    19 2 51 105 48 121 70 36 101 100 88 21 3 57 113 99 75 11 122 59 91 52 71 37 1 97 33 110 54 22 39 58 116 5 127 10 23 94 102 104 81 124 120 106 12 123 60 87 43 38 109 114 49 13 67 76 79 92 107 125 17 65 53 31 115 85 56 84 117 6 24 42 72 74 68 16 46 83 126 26 119 29 44 96 90 32 7 86 28 15 47 111 103 93 73 77 112 14 27 62 80 108 95 82 55 4 78 25 64 89 61 40 8 63 45 50 66 9 69 30 34 35 98 118 41 20 18 0 
Coste: 312
Temperatura: 38.5537808204884
Probabilidad de aceptación: 1.0
Movimiento: SI



ITERACION 24
Solucion:    1 19 2 51 105 48 121 70 36 101 100 88 21 3 57 113 99 75 11 122 59 91 52 71 0 37 97 33 110 54 22 39 58 116 5 127 10 23 94 102 104 81 124 120 106 12 123 60 87 43 38 109 114 49 13 67 76 79 92 107 125 17 65 53 31 115 85 56 84 117 6 24 42 72 74 68 16 46 83 126 26 119 29 44 96 90 32 7 86 28 15 47 111 103 93 73 77 112 14 27 62 80 108 95 82 55 4 78 25 64 89 61 40 8 63 45 50 66 9 69 30 34 35 98 118 41 20 18 
Coste: 299
Temperatura: 34.69840273843956
Probabilidad de aceptación: 1.0
Movimiento: SI



ITERACION 25
Solucion:    37 1 19 2 105 51 48 121 70 36 101 100 88 21 3 57 113 99 75 11 122 59 91 52 71 18 0 97 33 110 54 22 39 58 116 127 5 10 23 94 102 104 124 81 120 106 12 60 123 87 43 38 109 114 49 13 67 76 79 92 107 125 17 65 53 31 115 85 56 84 117 6 24 42 72 74 16 68 46 83 126 26 119 29 44 96 90 32 7 86 28 15 47 111 103 93 73 77 112 14 27 62 80 108 95 82 55 4 78 25 64 89 61 40 8 63 45 50 66 9 69 30 34 35 98 118 41 20 
Coste: 300
Temperatura: 31.228562464595605
Probabilidad de aceptación: 1.0
Movimiento: SI



ITERACION 26
Solucion:    0 37 1 19 2 105 51 48 121 70 36 101 100 88 21 3 57 113 99 75 11 122 59 91 52 71 20 18 97 33 110 54 22 39 58 116 127 5 10 23 94 102 104 124 81 120 106 12 60 123 87 43 38 109 114 49 13 67 76 79 92 107 125 17 65 53 31 115 85 56 84 117 6 24 42 72 74 16 68 46 83 126 26 119 29 44 96 90 32 7 86 28 15 47 111 103 93 73 77 112 14 27 62 80 108 95 82 55 4 78 25 64 89 61 40 8 63 45 50 66 9 69 30 34 35 98 118 41 
Coste: 312
Temperatura: 28.105706218136046
Probabilidad de aceptación: 1.0
Movimiento: SI



ITERACION 27
Solucion:    18 0 37 1 19 2 105 51 48 121 70 36 101 100 88 21 3 57 113 99 75 11 122 59 91 52 71 41 20 97 110 33 54 22 39 58 116 127 5 10 23 94 102 104 124 81 120 106 12 60 123 87 43 38 109 114 49 13 67 76 79 92 107 125 17 65 53 31 115 85 56 84 117 6 24 42 72 74 16 68 46 83 126 26 119 29 44 96 90 32 7 86 28 15 47 111 103 93 73 77 112 14 27 62 80 108 95 82 55 4 78 25 64 89 61 40 8 63 45 50 66 9 69 30 34 35 98 118 
Coste: 290
Temperatura: 25.295135596322442
Probabilidad de aceptación: 1.0
Movimiento: SI



ITERACION 28
Solucion:    20 18 0 37 1 19 2 105 51 48 121 70 36 101 100 88 21 3 57 113 99 75 11 122 59 91 52 71 118 41 97 110 33 54 22 39 58 116 127 5 10 23 94 102 104 124 81 120 106 12 60 123 87 43 38 109 114 49 13 67 76 79 92 107 125 17 65 53 31 115 85 56 84 117 6 24 42 72 74 16 68 46 83 126 26 119 29 44 96 90 32 7 86 28 15 47 111 103 93 73 77 112 14 27 62 80 108 95 82 55 4 78 25 64 89 61 40 8 63 45 50 66 9 69 30 34 35 98 
Coste: 297
Temperatura: 22.7656220366902
Probabilidad de aceptación: 1.0
Movimiento: SI



ITERACION 29
Solucion:    41 20 18 0 37 1 19 2 105 51 48 121 70 36 101 100 88 21 3 57 113 99 75 11 122 59 91 52 71 98 118 97 110 33 54 22 39 58 116 127 5 10 23 94 102 104 124 81 120 106 12 60 123 87 43 38 109 114 49 13 67 76 79 92 107 125 17 65 53 31 115 85 56 84 117 6 24 42 72 74 16 68 46 83 126 26 119 29 44 96 90 32 7 86 28 15 47 111 103 93 73 77 112 14 27 62 80 108 95 82 55 4 78 25 64 89 61 40 8 63 45 50 66 9 69 30 34 35 
Coste: 295
Temperatura: 20.48905983302118
Probabilidad de aceptación: 1.0
Movimiento: SI



ITERACION 30
Solucion:    118 41 20 0 37 1 18 19 2 105 51 48 121 36 70 101 100 88 21 3 57 113 99 75 11 122 59 91 52 71 35 98 97 110 33 54 22 58 39 116 127 5 10 23 94 102 124 104 81 120 106 12 60 123 87 43 38 109 114 49 13 76 67 79 92 125 107 17 65 53 31 85 115 56 84 117 6 24 72 74 42 16 68 46 83 126 26 119 29 44 90 96 32 86 7 28 15 47 111 103 93 73 77 112 14 27 62 80 108 95 82 55 4 78 25 64 89 61 8 40 63 45 50 66 9 69 30 34 
Coste: 301
Temperatura: 18.440153849719064
Probabilidad de aceptación: 1.0
Movimiento: SI



ITERACION 31
Solucion:    98 118 41 20 0 37 1 18 19 2 105 51 48 121 36 70 101 100 88 21 3 57 113 99 75 11 122 59 91 52 71 34 35 97 110 33 54 22 58 39 116 127 5 10 23 94 102 124 104 81 120 106 12 60 123 87 43 38 109 114 49 13 76 79 67 92 125 107 17 65 53 31 85 115 56 84 117 6 24 72 74 42 16 68 46 83 126 26 119 29 44 90 96 32 86 7 28 15 47 111 103 93 73 77 112 14 27 62 80 108 82 95 55 4 78 25 64 89 61 8 40 63 45 50 66 9 69 30 
Coste: 295
Temperatura: 16.596138464747156
Probabilidad de aceptación: 1.0
Movimiento: SI



ITERACION 32
Solucion:    35 98 118 41 20 0 37 1 18 19 2 105 51 48 121 36 70 101 100 88 21 3 57 113 99 75 11 122 59 91 52 71 30 34 97 110 33 54 22 58 39 116 127 5 10 23 94 102 124 104 81 120 106 12 60 123 87 43 38 109 114 49 13 76 79 67 92 125 107 17 65 53 31 85 115 56 84 117 24 6 74 72 42 16 68 46 83 126 26 119 29 44 90 96 86 32 7 28 15 47 111 103 93 73 77 112 14 27 62 80 108 82 95 55 78 4 25 89 64 61 8 40 63 45 50 66 9 69 
Coste: 312
Temperatura: 14.936524618272442
Probabilidad de aceptación: 1.0
Movimiento: SI



ITERACION 33
Solucion:    34 35 98 118 41 20 0 37 1 18 19 2 105 51 48 121 36 70 101 100 88 21 3 57 113 99 75 11 122 59 91 52 71 69 30 97 110 33 54 22 58 39 116 127 5 10 23 94 102 124 104 81 120 106 12 60 123 87 43 38 109 114 49 13 76 79 67 92 125 107 17 65 53 31 85 115 84 56 117 24 6 74 72 42 16 68 46 83 126 26 119 29 44 90 96 86 32 7 28 15 47 111 103 93 73 77 112 14 27 62 80 108 82 95 55 78 4 25 89 64 61 8 40 63 45 50 66 9 
Coste: 294
Temperatura: 13.442872156445198
Probabilidad de aceptación: 1.0
Movimiento: SI



ITERACION 34
Solucion:    30 34 35 98 118 20 41 0 37 1 18 19 2 105 51 48 121 36 70 101 100 88 21 3 57 113 99 75 122 11 59 91 52 71 9 69 97 110 33 54 22 58 116 39 127 5 10 94 23 102 124 104 81 120 106 12 60 123 87 43 38 109 114 49 76 13 79 67 92 125 17 107 65 53 31 85 115 84 56 117 24 6 74 72 42 16 68 83 46 126 26 119 29 44 90 96 86 32 7 28 15 47 111 103 93 73 77 112 14 27 80 62 82 108 95 78 55 4 25 89 64 61 8 40 63 45 50 66 
Coste: 301
Temperatura: 12.098584940800679
Probabilidad de aceptación: 1.0
Movimiento: SI



ITERACION 35
Solucion:    69 30 34 35 98 118 20 41 0 37 1 18 19 2 105 51 48 121 70 36 101 100 88 3 21 57 99 113 75 122 11 59 91 52 71 66 9 97 110 33 54 58 116 22 39 127 10 5 94 23 102 124 104 81 120 106 12 60 123 87 43 38 109 114 49 13 76 79 67 92 17 125 107 65 53 31 85 84 115 56 117 24 6 74 72 42 16 68 83 46 126 26 119 29 44 96 90 32 86 7 28 47 15 111 103 93 73 77 112 14 80 62 82 27 108 95 55 4 78 25 89 64 61 8 40 63 45 50 
Coste: 296
Temperatura: 10.88872644672061
Probabilidad de aceptación: 1.0
Movimiento: SI



ITERACION 36
Solucion:    9 69 30 34 98 35 118 20 41 0 37 1 18 19 2 105 51 48 121 70 36 101 100 88 3 21 57 99 113 75 122 11 59 91 52 71 50 66 97 110 33 54 58 116 22 39 127 10 5 94 23 102 124 104 81 120 106 12 60 123 87 43 38 109 114 49 13 76 67 79 17 92 125 107 65 53 85 31 84 115 56 117 24 6 74 72 42 16 68 83 46 126 26 119 29 44 96 90 32 86 7 28 47 15 111 103 93 73 77 112 14 80 62 82 27 108 95 55 4 78 25 89 64 61 8 40 63 45 
Coste: 290
Temperatura: 9.79985380204855
Probabilidad de aceptación: 1.0
Movimiento: SI



ITERACION 37
Solucion:    66 9 69 30 34 98 35 118 20 41 0 37 1 18 19 2 105 51 48 121 70 36 101 100 88 3 21 57 99 113 75 122 11 59 91 71 52 45 50 110 97 33 54 58 116 22 39 127 10 5 94 23 102 124 104 81 120 106 12 60 123 87 43 38 109 114 49 13 76 67 79 17 92 125 107 65 85 53 31 84 115 56 117 24 6 74 42 72 16 68 83 46 126 26 119 29 44 96 90 32 86 7 28 47 15 111 103 93 73 77 14 112 80 62 82 27 108 95 55 4 78 25 89 64 61 8 40 63 
Coste: 287
Temperatura: 8.819868421843696
Probabilidad de aceptación: 1.0
Movimiento: SI



ITERACION 38
Solucion:    50 66 9 69 30 34 98 35 118 20 41 0 37 18 1 19 2 105 51 48 121 70 36 101 100 88 3 21 57 99 75 113 122 11 91 59 71 52 63 45 110 97 33 54 58 116 22 127 39 10 5 94 23 102 124 104 81 120 106 12 60 123 87 43 38 109 114 49 13 76 67 79 17 92 125 107 65 85 53 31 84 115 56 117 24 6 74 42 72 16 68 83 46 26 126 119 29 44 96 90 32 86 7 28 47 15 111 103 93 73 77 14 112 80 62 82 27 108 95 55 4 78 25 89 64 61 8 40 
Coste: 275
Temperatura: 7.937881579659326
Probabilidad de aceptación: 1.0
Movimiento: SI



ITERACION 39
Solucion:    45 50 66 9 30 69 34 98 118 20 35 41 0 37 18 1 19 2 105 51 48 121 70 36 101 88 100 3 21 57 75 99 113 122 11 91 59 71 52 40 63 110 97 33 54 58 116 22 127 39 10 5 94 23 102 124 81 104 120 106 12 60 87 123 43 38 114 109 49 13 76 67 79 17 92 125 107 65 85 31 84 53 56 115 117 24 6 74 42 72 16 68 83 46 26 126 119 29 44 90 96 32 86 7 28 47 15 111 93 103 73 77 14 112 80 62 82 27 95 55 4 108 78 25 89 64 61 8 
Coste: 293
Temperatura: 7.144093421693394
Probabilidad de aceptación: 1.0
Movimiento: SI



ITERACION 40
Solucion:    63 45 50 66 9 30 69 34 98 118 20 35 41 0 37 18 1 19 2 105 51 48 121 70 36 101 88 100 3 21 57 75 99 113 122 11 91 59 71 52 8 40 110 97 33 54 58 22 116 127 39 10 5 94 23 102 124 81 104 120 106 12 60 87 123 43 38 114 109 49 13 76 67 79 17 92 125 107 65 85 31 84 53 56 115 117 6 24 74 42 72 16 68 83 46 26 126 119 29 44 90 96 32 86 7 28 47 15 111 93 103 73 77 14 112 80 62 82 27 95 55 4 108 78 25 89 64 61 
Coste: 296
Temperatura: 6.429684079524055
Probabilidad de aceptación: 1.0
Movimiento: SI



ITERACION 41
Solucion:    40 63 45 50 66 9 69 30 34 98 118 35 20 41 0 37 1 18 19 2 105 51 121 48 70 36 101 88 100 3 57 75 21 99 113 11 122 91 59 71 52 61 8 110 97 54 33 58 22 116 127 39 10 94 23 5 102 124 81 104 120 106 60 87 123 12 43 38 109 114 49 13 76 67 79 17 125 92 107 65 85 31 84 53 56 115 117 6 24 74 42 72 16 68 83 46 26 126 119 29 44 90 96 32 86 7 28 47 15 111 93 103 73 77 112 14 80 62 82 27 95 55 108 4 78 25 89 64 
Coste: 295
Temperatura: 5.78671567157165
Probabilidad de aceptación: 1.0
Movimiento: SI



ITERACION 42
Solucion:    8 40 63 50 45 66 9 30 69 34 98 118 35 20 41 0 37 18 1 2 19 105 51 48 121 36 70 101 88 100 3 57 75 21 99 11 113 122 91 59 71 52 89 110 61 97 54 58 22 116 127 33 39 94 10 23 102 124 5 81 104 120 106 60 87 123 12 38 109 114 43 49 76 13 79 67 125 92 107 65 85 31 84 17 53 56 117 6 115 74 24 42 72 68 16 83 46 126 26 119 44 29 90 96 32 86 7 28 47 15 93 111 103 73 77 112 14 80 62 82 27 95 55 108 78 4 25 64 
Coste: 255
Temperatura: 5.208044104414485
Probabilidad de aceptación: 0.6811169018975269
Movimiento: NO



ITERACION 43
Solucion:    110 8 40 63 45 50 66 9 30 69 34 98 118 35 20 41 0 37 18 1 2 19 105 51 48 121 36 70 101 88 3 100 75 57 99 11 21 113 122 91 59 71 89 64 52 61 54 97 58 22 116 127 39 33 94 10 23 102 124 5 81 120 104 106 60 123 87 12 109 38 43 114 49 76 13 79 67 125 107 65 85 92 31 84 17 53 117 6 56 115 74 24 42 68 72 16 83 46 126 26 119 44 29 90 96 32 86 7 28 47 15 93 111 103 73 77 112 14 80 62 82 27 95 55 108 78 4 25 
Coste: 261
Temperatura: 4.687239693973037
Probabilidad de aceptación: 1.0
Movimiento: SI



ITERACION 44
Solucion:    52 110 8 40 63 45 50 66 9 30 69 34 98 35 118 41 20 0 37 18 1 2 19 105 51 48 121 36 70 101 88 3 100 75 57 99 11 21 113 91 122 59 71 89 25 64 61 54 97 58 22 116 39 127 33 94 10 23 102 124 5 81 120 104 106 123 60 87 109 12 43 38 49 114 13 76 79 67 107 125 65 85 92 31 84 17 53 117 6 56 115 74 24 68 42 72 16 83 46 126 26 119 44 29 90 96 32 86 7 28 47 15 111 93 103 73 77 112 14 80 62 82 27 95 55 108 78 4 
Coste: 271
Temperatura: 4.218515724575734
Probabilidad de aceptación: 1.0
Movimiento: SI



ITERACION 45
Solucion:    64 52 110 8 40 63 45 50 66 9 30 69 34 35 98 118 41 20 0 37 18 1 2 19 105 51 48 36 121 70 101 88 3 100 75 99 57 11 21 113 91 122 59 71 89 4 61 25 54 97 58 22 116 39 127 33 94 10 23 102 124 5 81 104 120 123 106 60 109 87 43 12 38 49 114 13 79 76 107 67 125 65 85 92 31 84 53 117 17 6 56 115 74 24 68 42 72 16 83 46 126 26 119 44 29 90 96 32 86 7 47 28 15 111 93 103 73 77 112 14 80 62 82 27 95 55 108 78 
Coste: 268
Temperatura: 3.7966641521181606
Probabilidad de aceptación: 1.0
Movimiento: SI



ITERACION 46
Solucion:    64 61 110 8 40 63 45 50 66 9 30 69 34 35 98 118 41 20 52 0 37 18 2 1 19 105 51 48 36 70 121 101 88 3 75 99 100 11 57 113 91 122 59 71 21 89 78 4 25 54 97 58 116 22 39 127 94 10 33 23 102 124 5 81 104 123 106 120 109 87 43 12 38 60 114 49 79 13 107 67 76 65 125 85 31 92 84 53 117 6 17 56 115 74 24 42 72 16 83 46 68 126 26 119 44 29 90 96 32 7 47 86 15 111 28 93 103 73 77 14 112 62 82 27 80 95 55 108 
Coste: 280
Temperatura: 3.4169977369063447
Probabilidad de aceptación: 1.0
Movimiento: SI



ITERACION 47
Solucion:    4 61 64 110 8 40 63 50 45 66 30 9 69 34 35 98 118 41 20 52 0 18 37 2 1 19 51 105 48 36 121 70 101 88 3 75 99 100 11 57 113 91 122 59 21 71 78 108 25 54 97 89 116 58 22 39 127 94 10 33 23 124 102 5 81 123 104 106 109 120 87 43 38 60 114 49 79 12 107 67 13 76 65 125 31 85 92 84 53 117 17 56 6 74 115 24 42 16 83 46 72 126 26 119 68 44 29 90 96 32 7 47 15 86 28 111 93 103 73 14 112 62 77 82 27 80 55 95 
Coste: 271
Temperatura: 3.0752979632157103
Probabilidad de aceptación: 1.0
Movimiento: SI



ITERACION 48
Solucion:    25 4 61 64 110 8 40 63 50 45 66 30 9 34 69 35 98 118 41 20 52 0 18 37 2 1 19 105 51 48 36 121 70 101 3 75 88 99 100 11 57 91 122 113 59 21 78 71 95 108 54 97 116 89 58 22 39 127 94 10 33 23 124 102 5 123 81 104 106 109 120 87 43 38 114 60 49 79 107 67 12 13 76 65 125 31 92 84 85 53 117 17 56 6 74 115 24 42 16 83 46 72 126 26 119 68 44 29 90 96 7 32 47 15 86 28 111 93 103 73 14 112 62 77 82 27 80 55 
Coste: 258
Temperatura: 2.767768166894139
Probabilidad de aceptación: 1.0
Movimiento: SI



ITERACION 49
Solucion:    108 25 4 61 110 64 8 40 63 50 45 66 30 34 9 35 69 98 118 41 20 52 0 18 37 2 1 105 19 51 36 48 70 121 101 3 75 88 99 100 11 57 91 122 113 59 78 21 71 55 54 95 116 97 89 58 22 39 127 94 10 33 23 124 102 123 5 81 104 106 120 109 43 87 114 38 49 60 107 67 12 79 13 76 65 125 92 84 31 85 53 117 17 6 56 74 115 24 42 16 83 46 72 126 26 119 68 44 29 90 96 7 32 47 15 86 28 111 93 103 73 14 112 62 77 82 27 80 
Coste: 267
Temperatura: 2.4909913502047254
Probabilidad de aceptación: 1.0
Movimiento: SI



ITERACION 50
Solucion:    54 108 25 4 110 64 8 61 40 63 50 45 66 34 9 35 30 98 69 118 41 20 0 18 37 2 1 105 52 19 51 36 70 48 101 3 75 121 99 88 11 57 91 122 100 59 113 78 21 71 77 55 95 97 116 89 58 39 22 127 10 33 23 124 102 123 5 81 104 106 120 109 43 94 114 87 49 38 107 67 60 12 13 79 65 76 125 84 92 31 53 117 17 85 56 6 115 24 74 16 42 83 46 72 126 26 119 68 44 29 96 90 32 7 47 15 28 86 111 103 93 73 112 62 14 82 27 80 
Coste: 261
Temperatura: 2.241892215184253
Probabilidad de aceptación: 0.1679301606317499
Movimiento: NO



ITERACION 51
Solucion:    55 54 108 25 110 4 64 8 61 40 63 50 45 66 34 9 35 30 98 69 118 41 20 0 18 37 2 105 1 52 19 51 36 70 48 101 3 75 121 99 88 11 91 57 122 100 113 59 78 21 71 80 77 95 97 116 89 58 39 22 127 10 33 23 124 123 102 5 81 104 106 120 43 109 114 94 87 49 107 67 60 38 12 13 79 65 125 76 84 92 31 53 117 85 17 56 6 115 24 74 16 42 83 46 72 126 26 119 68 44 96 29 32 90 7 47 15 28 86 111 103 93 73 112 62 14 82 27 
Coste: 269
Temperatura: 2.0177029936658277
Probabilidad de aceptación: 1.0
Movimiento: SI



ITERACION 52
Solucion:    55 54 108 25 110 4 64 8 61 40 63 50 45 66 34 9 35 30 98 77 118 41 20 0 18 37 2 105 1 52 19 51 36 70 48 69 3 75 121 99 88 11 91 57 122 100 113 59 78 21 71 101 82 80 95 97 116 58 39 22 89 10 33 23 127 123 102 124 81 104 106 120 43 5 114 109 94 49 107 67 60 38 12 13 79 65 125 87 76 92 31 84 53 117 17 56 6 115 24 74 16 42 83 46 72 126 26 85 68 44 96 29 32 90 7 47 15 28 86 111 119 103 73 93 62 112 14 27 
Coste: 269
Temperatura: 1.815932694299245
Probabilidad de aceptación: 0.1916578346688015
Movimiento: NO



ITERACION 53
Solucion:    80 55 54 108 25 110 4 64 8 61 40 63 50 45 66 34 9 35 30 98 77 118 41 20 0 18 37 2 105 1 52 19 36 51 48 70 69 3 75 121 99 88 91 11 57 122 113 100 59 78 21 71 101 27 82 95 97 116 58 39 22 89 10 33 23 123 127 102 124 81 106 104 120 43 114 5 109 94 107 67 49 60 38 12 13 79 125 65 87 76 92 31 84 117 53 17 56 6 115 24 74 16 42 83 46 72 126 26 85 68 44 96 29 32 90 7 47 15 28 86 111 119 103 73 93 62 112 14 
Coste: 247
Temperatura: 1.6343394248693206
Probabilidad de aceptación: 1.0
Movimiento: SI



ITERACION 54
Solucion:    82 80 55 54 25 108 110 4 64 8 61 40 63 50 45 66 34 9 35 30 98 77 118 41 20 0 18 37 2 105 52 1 36 19 48 51 70 69 3 75 121 99 91 88 11 57 113 100 122 59 78 21 101 71 14 27 95 97 116 58 39 89 22 10 33 123 23 127 102 124 106 81 104 120 43 114 109 5 107 67 49 94 60 38 12 13 125 65 79 87 76 92 31 117 84 53 17 56 6 115 24 74 16 42 83 46 72 126 26 85 44 68 29 96 32 90 7 47 15 28 86 111 119 103 73 93 62 112 
Coste: 237
Temperatura: 1.4709054823823886
Probabilidad de aceptación: 1.0
Movimiento: SI



ITERACION 55
Solucion:    27 82 80 55 25 54 108 110 4 64 8 61 40 63 50 45 66 34 9 35 30 98 77 118 41 20 0 18 37 2 52 105 36 1 48 19 51 70 69 75 3 121 91 99 88 11 113 100 57 122 78 59 101 21 71 112 14 95 97 116 58 39 89 22 10 123 33 23 127 102 106 124 104 81 43 120 114 109 107 67 49 5 94 60 38 12 125 65 13 79 87 76 92 117 31 84 53 17 56 6 115 24 74 16 42 83 46 72 126 26 85 44 29 68 96 32 90 7 47 15 28 86 111 119 103 73 93 62 
Coste: 232
Temperatura: 1.3238149341441499
Probabilidad de aceptación: 1.0
Movimiento: SI



ITERACION 56
Solucion:    14 27 82 80 25 55 54 108 110 4 64 8 61 40 63 50 45 66 34 9 35 30 98 77 118 41 20 0 18 37 52 2 36 105 48 1 19 51 70 75 69 3 91 121 99 88 113 100 11 57 78 122 101 59 21 71 62 112 95 97 116 58 39 22 89 123 10 33 127 23 106 102 104 124 43 81 120 114 107 109 49 67 5 94 60 38 125 65 12 13 79 87 76 117 92 31 84 53 17 56 6 115 24 74 16 42 83 46 72 126 85 26 29 44 68 96 32 90 7 47 15 28 86 111 119 103 73 93 
Coste: 231
Temperatura: 1.191433440729735
Probabilidad de aceptación: 1.0
Movimiento: SI



ITERACION 57
Solucion:    112 14 27 82 25 80 55 54 108 110 4 64 8 40 61 50 63 45 66 34 9 35 30 98 77 118 41 20 0 18 37 52 36 2 105 1 48 19 51 75 70 69 3 91 121 99 113 88 100 11 57 78 101 122 59 21 71 93 62 95 97 116 58 22 39 123 89 10 127 33 106 23 104 102 124 43 120 81 107 109 114 49 67 5 94 60 125 65 38 12 13 79 87 117 76 92 31 84 53 17 56 6 115 24 74 16 42 83 46 72 85 126 29 26 44 68 96 32 90 7 47 15 28 86 111 119 103 73 
Coste: 234
Temperatura: 1.0722900966567614
Probabilidad de aceptación: 1.0
Movimiento: SI



ITERACION 58
Solucion:    62 112 14 27 25 82 80 55 54 108 110 4 64 8 40 61 50 63 45 66 34 9 35 30 98 77 118 41 20 0 37 18 36 52 2 1 105 48 19 75 51 70 69 3 91 121 113 99 88 100 11 57 101 78 122 59 21 71 73 93 95 116 97 22 58 123 39 89 127 10 106 33 104 23 124 102 120 43 107 109 81 114 49 67 5 94 125 60 65 38 12 13 79 117 87 76 92 31 84 53 17 56 6 115 24 74 16 42 83 46 85 72 29 126 26 44 68 96 32 90 7 47 15 28 86 111 119 103 
Coste: 231
Temperatura: 0.9650610869910853
Probabilidad de aceptación: 1.0
Movimiento: SI



ITERACION 59
Solucion:    93 62 112 14 25 27 82 80 55 54 108 110 4 8 64 40 61 50 63 45 66 34 9 35 30 98 77 41 118 20 0 37 18 36 2 1 52 105 48 19 75 51 69 70 3 91 121 113 99 88 100 11 101 57 78 122 59 21 71 103 73 95 116 22 97 123 58 39 127 89 106 10 104 33 124 23 120 102 107 109 81 43 114 49 67 5 125 60 94 65 38 12 13 117 79 87 76 92 31 84 53 17 56 6 115 24 74 16 42 83 85 46 29 72 126 26 44 68 96 32 90 7 47 15 28 86 111 119 
Coste: 220
Temperatura: 0.8685549782919768
Probabilidad de aceptación: 1.0
Movimiento: SI



ITERACION 60
Solucion:    73 93 62 112 25 14 27 82 80 55 54 108 110 8 4 40 64 61 50 63 45 66 34 9 35 30 98 77 41 118 0 20 18 37 2 1 36 52 105 19 48 75 69 51 70 3 121 113 91 99 100 88 101 11 57 78 122 59 21 71 119 95 103 22 116 123 97 58 127 39 106 89 104 10 124 33 120 23 107 109 81 102 43 114 49 67 125 60 5 94 65 38 12 117 13 79 87 76 92 31 84 53 17 56 6 115 24 74 16 42 85 83 29 46 72 126 26 44 68 96 32 90 7 47 15 28 86 111 
Coste: 221
Temperatura: 0.7816994804627792
Probabilidad de aceptación: 1.0
Movimiento: SI



ITERACION 61
Solucion:    73 93 95 112 25 62 27 14 80 82 55 108 110 8 4 40 64 61 50 63 45 66 34 9 35 54 98 77 41 118 0 30 18 37 2 1 36 52 105 19 48 75 69 51 70 3 121 113 91 99 100 88 101 11 57 78 122 59 21 20 71 111 119 103 22 123 116 58 127 97 106 89 104 10 124 39 120 33 107 109 81 23 43 114 49 67 125 60 102 94 5 65 12 117 13 38 79 76 92 31 84 53 17 56 6 87 24 74 16 42 85 83 29 46 72 115 26 44 126 68 32 90 96 7 15 28 86 47 
Coste: 219
Temperatura: 0.7035295324165013
Probabilidad de aceptación: 1.0
Movimiento: SI



ITERACION 62
Solucion:    119 73 93 95 25 112 62 27 14 80 82 55 108 8 110 40 4 64 61 50 63 45 66 34 9 35 54 77 98 41 0 118 18 30 2 1 37 36 52 105 19 75 69 48 51 70 121 113 3 91 99 100 101 88 11 57 78 122 59 21 20 71 47 103 111 123 22 116 127 58 106 97 104 89 124 10 120 39 107 109 81 33 23 43 114 49 125 60 67 102 94 5 65 117 12 13 38 79 76 92 31 84 53 17 56 6 87 24 74 16 85 42 29 83 46 72 115 26 44 126 68 32 90 96 7 15 28 86 
Coste: 217
Temperatura: 0.6331765791748512
Probabilidad de aceptación: 1.0
Movimiento: SI



ITERACION 63
Solucion:    119 73 93 95 25 112 62 27 14 80 82 55 108 8 110 40 4 64 61 50 63 45 66 34 9 35 54 77 98 41 0 118 18 30 2 1 37 36 52 105 19 75 69 48 51 103 121 113 3 91 99 100 101 88 11 57 78 122 59 21 20 70 47 86 111 123 22 116 127 58 106 97 104 89 124 10 120 39 107 109 81 33 23 43 114 49 125 60 67 71 94 5 65 117 12 13 38 79 76 92 31 84 53 17 56 102 87 24 74 16 85 42 29 83 46 72 115 26 44 126 6 32 68 90 96 15 28 7 
Coste: 217
Temperatura: 0.569858921257366
Probabilidad de aceptación: 1.0
Movimiento: SI



ITERACION 64
Solucion:    111 119 73 93 95 25 112 62 27 14 80 82 55 8 108 40 110 4 64 61 50 63 45 66 34 9 35 77 54 98 0 41 18 118 2 1 30 37 36 105 52 75 69 19 48 51 121 113 103 3 99 91 101 100 88 11 57 78 122 59 21 70 20 86 7 123 47 22 127 116 106 58 104 97 124 89 120 10 107 109 81 39 33 23 43 114 125 49 60 67 71 94 5 117 65 12 13 38 79 76 92 31 84 53 17 56 102 87 24 74 85 16 29 42 83 46 72 115 26 44 126 6 32 68 90 96 15 28 
Coste: 214
Temperatura: 0.5128730291316295
Probabilidad de aceptación: 1.0
Movimiento: SI



ITERACION 65
Solucion:    123 119 73 93 95 25 112 62 27 14 80 82 55 8 111 40 110 4 64 61 50 63 45 66 34 9 35 77 54 98 0 41 18 118 2 1 30 37 36 105 52 75 69 19 48 51 121 113 103 3 99 91 101 100 88 11 57 78 122 59 21 70 20 86 7 126 47 22 108 116 127 58 106 97 104 89 124 10 120 109 81 39 33 23 43 114 125 49 60 67 71 94 5 117 65 12 13 38 79 107 76 31 84 53 17 56 102 87 24 74 85 16 29 42 83 46 92 115 26 72 44 6 32 68 90 96 15 28 
Coste: 209
Temperatura: 0.46158572621846655
Probabilidad de aceptación: 4.470691681485559E-11
Movimiento: NO



ITERACION 66
Solucion:    47 123 119 73 93 95 25 112 62 27 14 80 82 8 55 40 111 110 4 64 61 50 63 45 66 34 9 77 35 54 0 98 18 41 2 1 118 30 37 105 36 75 69 52 19 48 121 113 51 103 99 3 101 91 100 88 11 57 78 122 59 70 21 86 20 126 28 7 108 22 116 127 106 58 104 97 124 89 120 109 81 10 39 33 23 43 125 49 114 60 67 71 94 117 5 65 12 13 38 79 107 76 31 84 53 17 56 102 87 24 85 74 29 16 42 83 46 92 115 26 72 44 6 32 68 90 96 15 
Coste: 205
Temperatura: 0.4154271535966199
Probabilidad de aceptación: 1.0
Movimiento: SI



ITERACION 67
Solucion:    7 47 123 119 93 73 95 25 112 62 27 14 80 8 82 40 55 111 110 4 64 61 50 63 45 66 34 77 9 35 0 54 18 98 2 1 41 118 30 105 37 75 69 36 52 19 121 113 48 51 103 99 101 3 91 100 88 11 57 78 122 70 59 86 21 126 20 15 108 28 116 22 106 127 104 58 124 97 120 109 89 81 10 39 33 23 125 49 43 114 60 67 71 117 94 5 65 12 13 38 79 107 76 31 84 53 17 56 102 87 24 85 29 74 16 42 83 46 92 115 26 72 44 6 32 68 90 96 
Coste: 205
Temperatura: 0.37388443823695794
Probabilidad de aceptación: 1.0
Movimiento: SI



ITERACION 68
Solucion:    7 47 123 119 93 73 95 25 112 62 27 14 80 8 82 40 55 111 110 4 64 61 50 63 45 66 34 77 9 35 0 54 18 98 2 1 41 118 30 105 37 75 69 36 52 19 121 113 48 51 103 99 101 3 91 100 88 11 57 78 122 70 59 86 21 108 20 15 120 28 126 22 116 127 106 58 104 97 124 109 89 81 10 39 33 23 125 49 43 114 60 67 71 117 94 5 65 12 13 38 79 107 76 31 84 53 17 56 102 87 24 85 29 74 16 42 83 46 92 115 26 72 44 6 32 68 90 96 
Coste: 205
Temperatura: 0.33649599441326217
Probabilidad de aceptación: 6.877782219101786E-6
Movimiento: NO



ITERACION 69
Solucion:    28 7 47 123 93 119 73 95 25 112 62 27 14 8 80 40 82 55 111 110 4 64 61 50 63 45 66 77 34 9 0 35 18 54 2 1 98 41 118 105 30 37 69 75 36 52 121 113 19 48 103 51 101 99 3 91 100 88 11 57 78 70 122 86 59 108 21 20 120 96 126 15 116 22 127 106 104 58 124 109 97 89 81 10 39 33 125 49 23 43 114 60 67 117 71 94 5 65 12 13 38 79 107 76 31 84 53 17 56 102 24 87 29 85 74 16 42 83 46 92 115 26 72 44 6 32 68 90 
Coste: 206
Temperatura: 0.30284639497193594
Probabilidad de aceptación: 1.0
Movimiento: SI



ITERACION 70
Solucion:    28 7 47 123 93 119 73 95 25 112 62 27 14 8 80 40 82 55 111 110 4 64 61 50 63 45 66 77 34 9 0 35 18 54 2 1 98 41 118 105 30 37 69 75 36 52 121 113 19 48 103 51 101 99 3 91 100 88 11 57 78 70 122 86 59 126 21 20 108 96 124 15 120 22 116 127 106 58 104 109 97 89 81 10 39 33 125 49 23 43 114 60 67 117 71 94 5 65 12 13 38 79 107 76 31 84 53 17 56 102 24 87 29 85 74 16 42 83 46 92 115 26 72 44 6 32 68 90 
Coste: 205
Temperatura: 0.2725617554747424
Probabilidad de aceptación: 2.9704258110325E-18
Movimiento: NO



ITERACION 71
Solucion:    15 28 7 47 93 123 119 73 95 25 112 62 27 8 14 40 80 82 55 111 110 4 64 61 50 63 45 77 66 34 0 9 18 35 2 1 54 98 41 105 118 37 69 30 75 36 121 113 52 19 103 48 101 51 99 3 91 100 88 11 57 70 78 86 122 126 59 21 108 20 124 90 120 96 116 22 106 127 104 109 97 58 89 81 10 39 125 49 33 23 43 114 60 117 67 71 94 5 65 12 13 38 79 107 76 31 84 53 17 56 24 102 29 87 85 74 16 42 83 46 92 115 26 72 44 6 32 68 
Coste: 205
Temperatura: 0.24530557992726815
Probabilidad de aceptación: 1.0
Movimiento: SI



ITERACION 72
Solucion:    15 28 7 47 93 123 119 73 95 25 112 62 27 8 14 40 80 82 55 111 120 4 64 61 50 63 45 77 66 34 0 9 18 35 2 1 54 98 41 105 118 37 69 30 75 36 121 113 52 19 103 48 101 51 99 3 91 100 88 11 57 70 78 86 122 110 59 21 126 20 108 90 104 96 124 22 116 127 106 109 97 58 89 81 10 39 125 49 33 23 43 114 60 117 67 71 94 5 65 12 13 38 79 107 76 31 84 53 17 56 24 102 29 87 85 74 16 42 83 46 92 115 26 72 44 6 32 68 
Coste: 204
Temperatura: 0.22077502193454135
Probabilidad de aceptación: 1.6984328036040332E-14
Movimiento: NO



ITERACION 73
Solucion:    96 15 28 7 93 47 123 119 73 95 25 112 62 8 27 40 14 80 82 55 111 120 4 64 61 50 63 77 45 66 0 34 9 18 2 1 35 54 98 41 105 37 69 118 30 75 121 113 36 52 103 19 101 48 51 99 3 91 100 88 11 70 57 78 86 110 122 59 126 21 108 20 104 68 124 90 116 22 106 109 127 97 58 89 81 10 125 49 39 33 23 43 114 117 60 67 71 94 5 65 12 13 38 79 107 76 31 84 53 17 24 56 29 102 87 85 74 16 42 83 46 92 115 26 72 44 6 32 
Coste: 202
Temperatura: 0.1986975197410872
Probabilidad de aceptación: 1.0
Movimiento: SI



ITERACION 74
Solucion:    96 15 28 7 93 47 123 119 73 95 25 112 62 8 27 40 14 80 82 55 111 120 4 64 61 50 63 77 45 66 0 34 9 18 2 1 35 54 98 41 105 37 69 118 30 75 121 113 36 52 103 19 101 48 51 99 3 91 100 88 11 70 57 78 86 124 122 59 110 21 126 20 108 68 44 90 104 22 116 109 127 97 58 89 81 10 125 49 39 33 23 43 114 117 106 67 71 94 5 65 12 13 38 79 107 60 31 84 53 17 24 56 29 102 87 85 74 16 42 83 46 92 115 26 72 76 6 32 
Coste: 201
Temperatura: 0.17882776776697848
Probabilidad de aceptación: 5.180492169099073E-25
Movimiento: NO



ITERACION 75
Solucion:    90 96 15 28 93 7 47 123 119 73 95 25 112 8 62 40 27 14 80 82 55 111 120 4 64 61 50 77 63 45 0 66 34 9 2 1 18 35 54 41 98 105 37 69 118 30 121 113 75 36 103 52 101 19 48 51 99 3 91 100 88 70 11 78 57 124 86 122 110 59 126 21 108 20 44 32 104 68 116 109 127 22 97 58 89 81 125 49 10 39 33 23 43 117 114 106 67 71 94 5 65 12 13 38 79 107 60 31 84 53 17 24 29 56 102 87 85 74 16 42 83 46 92 115 26 72 76 6 
Coste: 199
Temperatura: 0.16094499099028065
Probabilidad de aceptación: 1.0
Movimiento: SI



ITERACION 76
Solucion:    90 96 15 28 93 7 47 123 119 73 95 25 112 8 62 40 27 14 80 82 55 111 120 4 64 61 50 77 63 45 0 66 34 9 2 1 18 35 54 41 98 105 37 69 118 30 121 113 75 36 103 52 101 19 48 51 99 3 91 104 88 70 11 78 57 100 86 122 124 59 110 21 126 20 108 32 76 68 44 109 127 22 97 58 89 81 125 49 10 39 33 23 43 117 114 106 67 71 94 5 65 12 13 38 79 107 116 31 84 53 17 24 29 56 60 87 85 74 16 42 83 102 92 115 26 72 46 6 
Coste: 196
Temperatura: 0.1448504918912526
Probabilidad de aceptación: 1.054543750997506E-39
Movimiento: NO



ITERACION 77
Solucion:    68 90 96 15 93 28 7 47 123 119 73 95 25 8 112 40 62 27 14 80 82 55 111 120 4 64 61 77 50 63 0 45 66 34 2 1 9 18 35 41 54 105 37 98 69 118 121 113 30 75 103 36 101 52 19 48 51 99 3 91 104 70 88 78 11 100 57 86 124 122 110 59 126 21 108 20 76 6 44 109 127 32 22 97 58 89 125 81 49 10 39 33 23 117 43 114 106 67 71 94 5 65 12 13 38 79 107 116 31 84 53 17 29 24 56 60 87 85 74 16 42 83 102 92 115 26 72 46 
Coste: 196
Temperatura: 0.13036544270212735
Probabilidad de aceptación: 1.0
Movimiento: SI



ITERACION 78
Solucion:    68 90 96 15 93 28 7 47 123 119 73 95 25 8 112 40 62 27 14 80 82 55 111 120 4 64 61 77 50 63 0 45 66 34 2 1 9 18 35 41 54 105 37 98 69 118 121 113 30 75 103 36 101 52 19 48 51 99 3 91 44 70 88 78 11 104 57 86 100 122 124 59 110 21 126 20 108 6 76 109 127 32 22 97 58 89 125 81 49 10 39 33 23 117 43 114 106 67 71 94 5 65 12 13 38 79 107 116 31 84 53 17 29 24 56 60 87 85 74 16 42 83 102 92 115 26 72 46 
Coste: 196
Temperatura: 0.11732889843191462
Probabilidad de aceptación: 7.860677895812827E-12
Movimiento: NO



ITERACION 79
Solucion:    68 90 96 15 93 28 7 47 123 119 73 95 25 8 112 40 62 27 14 80 82 55 111 120 4 64 61 77 50 63 0 45 66 34 2 1 9 18 35 41 54 105 37 98 69 118 121 113 30 75 103 36 101 52 19 48 51 99 3 91 109 70 88 78 11 104 57 86 44 122 124 59 110 21 126 20 108 6 76 100 127 32 22 97 58 89 125 81 49 10 39 33 23 117 43 114 106 67 71 94 5 65 12 13 38 79 107 116 31 84 53 17 29 24 56 60 87 85 74 16 42 83 102 92 115 26 72 46 
Coste: 196
Temperatura: 0.10559600858872316
Probabilidad de aceptación: 4.587987468507435E-13
Movimiento: NO



ITERACION 80
Solucion:    68 90 96 15 93 28 7 47 123 127 73 95 25 8 112 40 62 27 14 80 82 55 111 120 4 64 119 77 50 63 0 45 66 34 2 1 9 18 35 41 54 105 37 98 69 118 121 113 30 75 103 36 101 52 19 48 51 99 3 91 61 70 88 78 11 104 57 86 44 122 124 59 110 21 109 20 108 6 76 100 85 32 22 126 58 97 125 89 81 10 39 33 23 117 43 114 106 67 71 94 5 65 12 13 38 79 107 49 31 84 53 17 29 24 56 60 87 116 74 16 42 83 102 92 115 26 72 46 
Coste: 193
Temperatura: 0.09503640772985085
Probabilidad de aceptación: 3.8140178196663562E-28
Movimiento: NO



ITERACION 81
Solucion:    32 68 90 96 93 15 28 7 47 123 127 73 95 8 25 40 112 62 27 14 80 82 55 111 120 4 64 77 119 50 0 63 66 45 2 34 1 9 18 41 35 105 37 54 98 69 121 113 118 30 103 75 101 36 52 19 48 51 99 3 91 70 61 78 88 104 11 57 44 86 124 122 110 59 109 21 108 20 76 100 85 46 6 22 126 58 125 97 89 81 10 39 33 117 23 43 114 106 67 71 94 5 65 12 13 38 79 107 49 31 53 84 29 17 24 56 60 87 116 74 16 42 83 102 92 115 26 72 
Coste: 190
Temperatura: 0.08553276695686576
Probabilidad de aceptación: 1.0
Movimiento: SI



ITERACION 82
Solucion:    6 32 68 90 93 96 15 28 7 47 123 127 73 8 95 40 25 112 62 27 14 80 82 55 111 120 4 77 64 119 0 50 66 63 2 34 45 1 9 41 18 35 37 105 54 98 121 113 69 118 103 30 101 75 36 52 19 48 51 99 3 70 91 78 61 104 88 11 44 57 124 86 110 122 109 59 108 21 76 100 85 20 72 46 22 126 125 97 58 89 81 10 39 117 33 23 43 114 106 67 71 94 5 65 12 13 38 79 107 49 31 53 29 84 17 24 56 60 87 116 74 16 42 83 102 92 115 26 
Coste: 189
Temperatura: 0.07697949026117919
Probabilidad de aceptación: 1.0
Movimiento: SI



ITERACION 83
Solucion:    46 6 32 68 93 90 96 15 28 7 47 123 127 8 73 40 95 25 112 62 27 14 80 82 55 111 120 77 4 64 0 119 66 50 2 34 63 45 1 41 9 35 37 18 105 54 121 113 98 69 103 118 101 30 75 36 52 19 48 51 99 70 3 78 91 104 61 88 44 11 124 57 110 86 109 122 108 59 76 100 85 21 20 26 72 22 125 97 126 58 89 81 10 117 39 33 23 43 114 106 67 71 94 5 65 12 13 38 79 107 31 49 29 53 84 17 24 56 60 87 116 74 16 42 83 102 92 115 
Coste: 189
Temperatura: 0.06928154123506126
Probabilidad de aceptación: 1.0
Movimiento: SI



ITERACION 84
Solucion:    72 46 6 32 93 68 90 96 15 28 7 47 123 8 127 40 73 95 25 112 62 27 14 80 82 55 111 77 120 4 0 64 66 119 2 34 50 63 45 1 41 9 35 37 18 105 121 113 54 98 69 103 101 118 30 75 36 52 19 48 51 70 99 78 3 104 91 61 44 88 124 11 110 57 109 86 108 122 76 100 85 59 21 20 115 26 125 97 22 126 58 89 81 117 10 39 33 23 43 114 106 67 71 94 5 65 12 13 38 79 31 107 29 49 53 84 17 24 56 60 87 116 74 16 42 83 102 92 
Coste: 189
Temperatura: 0.062353387111555136
Probabilidad de aceptación: 1.0
Movimiento: SI



ITERACION 85
Solucion:    26 72 46 6 93 32 68 90 96 15 28 7 47 8 123 40 127 73 95 25 112 62 27 14 80 82 55 77 111 120 0 4 66 64 2 34 119 50 63 1 45 41 35 9 37 18 121 105 113 54 69 98 101 103 118 30 75 36 52 19 48 70 51 78 99 104 3 91 44 61 124 88 110 11 109 57 108 86 76 100 85 122 59 21 20 92 125 97 115 22 126 58 89 117 81 10 39 33 23 43 114 106 67 71 94 5 65 12 13 38 31 79 29 107 49 53 84 17 24 56 60 87 116 74 16 42 83 102 
Coste: 189
Temperatura: 0.05611804840039963
Probabilidad de aceptación: 1.0
Movimiento: SI



ITERACION 86
Solucion:    26 72 46 6 93 32 68 90 96 15 28 7 47 8 123 40 127 73 95 25 112 62 27 14 80 82 55 77 111 120 0 4 66 64 2 34 119 50 63 1 45 41 35 9 37 18 121 105 113 54 69 98 101 103 118 30 75 36 52 19 48 70 51 78 99 104 3 91 44 61 124 88 110 11 109 57 108 86 76 100 85 122 59 21 20 92 125 97 115 22 126 58 89 117 81 10 39 33 23 43 114 106 67 71 94 5 65 12 13 38 31 79 29 107 49 53 84 17 24 56 60 87 116 74 16 42 83 102 
Coste: 189
Temperatura: 0.05050624356035967
Probabilidad de aceptación: 1.6638068708364166E-155
Movimiento: NO



ITERACION 87
Solucion:    26 72 46 6 93 32 68 90 96 15 28 7 47 8 123 40 97 73 95 25 112 62 27 14 80 82 55 77 111 120 0 4 66 64 2 34 127 50 63 1 45 41 35 9 37 18 121 105 119 54 69 98 101 103 118 30 75 36 52 19 48 70 51 78 99 104 3 91 44 61 124 88 110 11 109 57 108 86 76 100 85 122 59 21 20 92 125 113 115 22 126 58 89 117 81 10 39 33 23 43 114 106 67 71 94 5 65 12 13 38 31 79 29 107 49 53 84 17 24 56 60 87 116 74 16 42 83 102 
Coste: 187
Temperatura: 0.0454556192043237
Probabilidad de aceptación: 3.681092641173972E-77
Movimiento: NO



ITERACION 88
Solucion:    115 26 72 46 93 6 32 68 90 96 15 28 7 8 47 40 123 97 73 95 25 112 62 27 14 80 82 77 55 111 0 120 66 4 2 34 64 127 50 1 63 41 35 45 9 37 121 105 18 119 69 54 101 98 103 118 30 75 36 52 19 70 48 78 51 104 99 3 44 91 124 61 110 88 109 11 108 57 76 100 85 86 122 59 21 20 125 113 102 92 22 126 58 117 89 81 10 39 33 23 43 114 106 67 71 94 5 65 12 13 31 38 29 79 107 49 53 84 17 24 56 60 87 116 74 16 42 83 
Coste: 187
Temperatura: 0.040910057283891334
Probabilidad de aceptación: 1.0
Movimiento: SI



ITERACION 89
Solucion:    92 115 26 72 93 46 6 32 68 90 96 15 28 8 7 40 47 123 97 73 95 25 112 62 27 14 80 77 82 55 0 111 66 120 2 34 4 64 127 1 50 41 35 63 45 9 121 105 37 18 69 119 101 54 98 103 118 30 75 36 52 70 19 78 48 104 51 99 44 3 124 91 110 61 109 88 108 11 76 100 85 57 86 122 59 21 125 113 20 83 102 22 126 117 58 89 81 10 39 33 23 43 114 106 67 71 94 5 65 12 13 31 29 38 79 107 49 53 84 17 24 56 60 87 116 74 16 42 
Coste: 187
Temperatura: 0.0368190515555022
Probabilidad de aceptación: 1.0
Movimiento: SI



ITERACION 90
Solucion:    102 92 115 26 93 72 46 6 32 68 90 96 15 8 28 40 7 47 123 97 73 95 25 112 62 27 14 77 80 82 0 55 66 111 2 34 120 4 64 1 127 41 35 50 63 45 121 105 9 37 69 18 101 119 54 98 103 118 30 75 36 70 52 78 19 104 48 51 44 99 124 3 110 91 109 61 108 88 76 100 85 11 57 86 122 59 125 113 21 20 42 83 22 117 126 58 89 81 10 39 33 23 43 114 106 67 71 94 5 65 13 12 29 31 38 79 107 49 53 84 17 24 56 60 87 116 74 16 
Coste: 187
Temperatura: 0.03313714639995198
Probabilidad de aceptación: 1.0
Movimiento: SI



ITERACION 91
Solucion:    83 102 92 115 93 26 72 46 6 32 68 90 96 8 15 40 28 7 47 123 97 73 95 25 112 62 27 77 14 80 0 82 66 55 2 34 111 120 4 1 64 41 35 127 50 63 121 105 45 9 37 69 101 18 119 54 98 103 118 30 75 70 36 78 52 104 19 48 44 51 124 99 110 3 109 91 108 61 76 100 85 88 11 57 86 122 125 113 59 21 20 16 42 117 22 126 58 89 81 10 39 33 23 43 114 106 67 71 94 5 13 65 29 12 31 38 79 107 49 53 84 17 24 56 60 87 116 74 
Coste: 187
Temperatura: 0.029823431759956782
Probabilidad de aceptación: 1.0
Movimiento: SI



ITERACION 92
Solucion:    42 83 102 92 93 115 26 72 46 6 32 68 90 8 96 40 15 28 7 47 123 97 73 95 25 112 62 77 27 14 0 80 66 82 2 34 55 111 120 1 4 41 35 64 127 50 121 105 63 45 37 9 101 69 18 119 54 98 103 118 30 70 75 78 36 104 52 19 44 48 124 51 110 99 109 3 108 91 76 100 61 85 88 11 57 86 125 113 122 59 21 20 74 117 16 22 126 58 89 81 10 39 33 23 43 114 106 67 71 94 13 5 29 65 12 31 38 79 107 49 53 84 17 24 56 60 87 116 
Coste: 187
Temperatura: 0.026841088583961104
Probabilidad de aceptación: 1.0
Movimiento: SI



ITERACION 93
Solucion:    42 83 102 92 93 115 26 72 46 6 32 68 90 8 96 40 15 28 7 47 123 97 73 95 25 112 62 77 27 14 0 80 66 82 2 34 55 111 120 1 4 41 35 64 127 50 121 105 63 45 37 9 101 69 18 119 54 98 103 118 30 70 75 78 36 104 52 19 44 48 124 51 110 99 109 3 108 91 76 100 61 85 88 11 57 86 125 113 122 59 21 20 74 117 16 22 126 58 89 81 10 39 33 23 43 114 106 67 71 94 13 5 29 65 12 31 38 79 107 49 53 84 17 24 56 60 87 116 
Coste: 187
Temperatura: 0.024156979725564996
Probabilidad de aceptación: 1.3549566125233825E-108
Movimiento: NO



ITERACION 94
Solucion:    16 42 83 102 93 92 115 26 72 46 6 32 68 8 90 40 96 15 28 7 47 123 97 73 95 25 112 77 62 27 0 14 66 80 2 34 82 55 111 1 120 41 35 4 64 127 121 105 50 63 45 37 101 9 69 18 119 54 98 103 118 70 30 78 75 104 36 52 44 19 124 48 110 51 109 99 108 3 76 100 61 91 85 88 11 57 125 113 86 122 59 21 20 117 116 74 22 126 58 89 81 10 39 33 23 43 114 106 67 71 13 94 29 5 65 12 31 38 79 107 49 53 84 17 24 56 60 87 
Coste: 187
Temperatura: 0.021741281753008497
Probabilidad de aceptación: 1.0
Movimiento: SI



ITERACION 95
Solucion:    74 16 42 83 93 102 92 115 26 72 46 6 32 8 68 40 90 96 15 28 7 47 123 97 73 95 25 77 112 62 0 27 66 14 2 34 80 82 55 1 111 41 35 120 4 64 121 105 127 50 45 63 101 37 9 69 18 119 54 98 103 70 118 78 30 104 75 36 44 52 124 19 110 48 109 51 108 99 76 100 61 3 91 85 88 11 125 113 57 86 122 59 21 117 20 87 116 22 126 58 89 81 10 39 33 23 43 114 106 67 13 71 29 94 5 65 12 31 38 79 107 49 53 84 17 24 56 60 
Coste: 187
Temperatura: 0.01956715357770765
Probabilidad de aceptación: 1.0
Movimiento: SI



ITERACION 96
Solucion:    116 74 16 42 93 83 102 92 115 26 72 46 6 32 8 40 68 90 96 15 28 7 47 123 97 73 95 77 25 112 0 62 66 27 2 34 14 80 82 1 55 41 35 111 120 4 121 105 64 127 45 50 101 63 37 9 69 18 119 54 98 70 103 78 118 104 30 75 44 36 124 52 110 19 109 48 108 51 76 100 61 99 3 91 85 88 125 113 11 57 86 122 59 117 21 20 60 87 22 126 58 89 81 10 39 33 23 43 114 106 13 67 29 71 94 5 65 12 31 38 79 107 49 53 84 17 24 56 
Coste: 187
Temperatura: 0.017610438219936884
Probabilidad de aceptación: 1.0
Movimiento: SI



ITERACION 97
Solucion:    87 116 74 16 93 42 83 102 92 115 26 72 46 32 6 40 8 68 90 96 15 28 7 47 123 97 73 95 77 25 0 112 66 62 2 34 27 14 80 1 82 41 35 55 111 120 121 105 4 64 45 127 101 50 63 37 9 69 18 119 54 70 98 78 103 104 118 30 44 75 124 36 110 52 109 19 108 48 76 100 61 51 99 3 91 85 125 113 88 11 57 86 122 117 59 21 20 56 60 22 126 58 89 81 10 39 33 23 43 114 13 106 29 67 71 94 5 65 12 31 38 79 107 49 53 84 17 24 
Coste: 187
Temperatura: 0.015849394397943195
Probabilidad de aceptación: 1.0
Movimiento: SI



ITERACION 98
Solucion:    60 87 116 74 93 16 42 83 102 92 115 26 72 32 46 40 6 8 68 90 96 15 28 7 47 123 97 95 73 77 0 25 66 112 2 34 62 27 14 1 80 41 35 82 55 111 121 105 120 4 45 64 101 127 50 63 37 9 69 18 119 70 54 78 98 104 103 118 44 30 124 75 110 36 109 52 108 19 76 100 61 48 51 99 3 91 125 113 85 88 11 57 86 117 122 59 21 20 24 56 22 126 58 89 81 10 39 33 23 43 13 114 29 106 67 71 94 5 65 12 31 38 79 107 49 53 84 17 
Coste: 187
Temperatura: 0.014264454958148876
Probabilidad de aceptación: 1.0
Movimiento: SI



ITERACION 99
Solucion:    56 60 87 116 93 74 16 42 83 102 92 115 26 32 72 40 46 6 8 68 90 96 15 28 7 47 123 95 97 73 0 77 66 25 2 34 112 62 27 1 14 41 35 80 82 55 121 105 111 120 45 4 101 64 127 50 63 37 9 69 18 70 119 78 54 104 98 103 44 118 124 30 110 75 109 36 108 52 76 100 61 19 48 51 99 3 125 113 91 85 88 11 57 117 86 122 59 21 20 17 24 22 126 58 89 81 10 39 33 23 13 43 29 114 106 67 71 94 5 65 12 31 38 79 107 49 53 84 
Coste: 187
Temperatura: 0.012838009462333988
Probabilidad de aceptación: 1.0
Movimiento: SI



ITERACION 100
Solucion:    24 56 60 87 93 116 74 16 42 83 102 92 115 32 26 40 72 46 6 8 68 90 96 15 28 7 47 95 123 97 0 73 66 77 2 34 25 112 62 1 27 41 35 14 80 82 121 105 55 111 45 120 101 4 64 127 50 63 37 9 69 70 18 78 119 104 54 98 44 103 124 118 110 30 109 75 108 36 76 100 61 52 19 48 51 99 125 113 3 91 85 88 11 117 57 86 122 59 21 20 84 17 22 126 58 89 81 10 39 33 13 23 29 43 114 106 67 71 94 5 65 12 31 38 79 107 49 53 
Coste: 187
Temperatura: 0.01155420851610059
Probabilidad de aceptación: 1.0
Movimiento: SI



ITERACION 101
Solucion:    17 24 56 60 93 87 116 74 16 42 83 102 92 32 115 40 26 72 46 6 8 68 90 96 15 28 7 95 47 123 0 97 66 73 2 34 77 25 112 1 62 41 35 27 14 80 121 105 82 55 111 45 101 120 4 64 127 50 63 37 9 70 69 78 18 104 119 54 44 98 124 103 110 118 109 30 108 75 76 100 61 36 52 19 48 51 125 113 99 3 91 85 88 117 11 57 86 122 59 21 20 53 84 22 126 58 89 81 10 39 13 33 29 23 43 114 106 67 71 94 5 65 12 31 38 79 107 49 
Coste: 187
Temperatura: 0.01039878766449053
Probabilidad de aceptación: 1.0
Movimiento: SI



ITERACION 102
Solucion:    84 17 24 56 93 60 87 116 74 16 42 83 102 32 92 40 115 26 72 46 6 8 68 90 96 15 28 95 7 47 0 123 66 97 2 34 73 77 25 1 112 41 35 62 27 14 121 105 80 82 111 55 101 45 120 4 64 127 50 63 37 70 9 78 69 104 18 119 44 54 124 98 110 103 109 118 108 30 76 100 61 75 36 52 19 48 125 113 51 99 3 91 85 117 88 11 57 86 122 59 21 20 49 53 22 126 58 89 81 10 13 39 29 33 23 43 114 106 67 71 94 5 65 12 31 38 79 107 
Coste: 187
Temperatura: 0.009358908898041477
Probabilidad de aceptación: 1.0
Movimiento: SI



ITERACION 103
Solucion:    53 84 17 24 93 56 60 87 116 74 16 42 83 32 102 40 92 115 26 72 46 6 8 68 90 96 15 95 28 7 0 47 66 123 2 34 97 73 77 1 25 41 35 112 62 27 121 105 14 80 111 82 101 55 45 120 4 64 127 50 63 70 37 78 9 104 69 18 44 119 124 54 110 98 109 103 108 118 76 100 61 30 75 36 52 19 125 113 48 51 99 3 91 117 85 88 11 57 86 122 59 21 20 107 49 22 126 58 89 81 13 10 29 39 33 23 43 114 106 67 71 94 5 65 12 31 38 79 
Coste: 187
Temperatura: 0.00842301800823733
Probabilidad de aceptación: 1.0
Movimiento: SI



ITERACION 104
Solucion:    49 53 84 17 93 24 56 60 87 116 74 16 42 32 83 40 102 92 115 26 72 46 6 8 68 90 96 95 15 28 0 7 66 47 2 34 123 97 73 1 77 41 35 25 112 62 121 105 27 14 111 80 101 82 55 45 120 4 64 127 50 70 63 78 37 104 9 69 44 18 124 119 110 54 109 98 108 103 76 100 61 118 30 75 36 52 125 113 19 48 51 99 3 117 91 85 88 11 57 86 122 59 21 20 79 107 22 126 58 89 13 81 29 10 39 33 23 43 114 106 67 71 94 5 65 12 31 38 
Coste: 187
Temperatura: 0.007580716207413597
Probabilidad de aceptación: 1.0
Movimiento: SI



ITERACION 105
Solucion:    107 49 53 84 93 17 24 56 60 87 116 74 16 42 32 40 83 102 92 115 26 72 46 6 8 68 90 95 96 15 0 28 66 7 2 34 47 123 97 1 73 41 35 77 25 112 121 105 62 27 111 14 101 80 82 55 45 120 4 64 127 70 50 78 63 104 37 9 44 69 124 18 110 119 109 54 108 98 76 100 61 103 118 30 75 36 125 113 52 19 48 51 99 117 3 91 85 88 11 57 86 122 59 21 20 38 79 22 126 58 13 89 29 81 10 39 33 23 43 114 106 67 71 94 5 65 12 31 
Coste: 187
Temperatura: 0.006822644586672238
Probabilidad de aceptación: 1.0
Movimiento: SI



ITERACION 106
Solucion:    79 107 49 53 93 84 17 24 56 60 87 116 74 42 16 40 32 83 102 92 115 26 72 46 6 8 68 95 90 96 0 15 66 28 2 34 7 47 123 97 1 41 35 73 77 25 121 105 112 62 111 27 101 14 80 82 55 45 120 4 64 70 127 78 50 104 63 37 44 9 124 69 110 18 109 119 108 54 76 100 61 98 103 118 30 75 125 113 36 52 19 48 51 117 99 3 91 85 88 11 57 86 122 59 21 20 31 38 22 126 13 58 29 89 81 10 39 33 23 43 114 106 67 71 94 5 65 12 
Coste: 187
Temperatura: 0.0061403801280050145
Probabilidad de aceptación: 1.0
Movimiento: SI



ITERACION 107
Solucion:    38 79 107 49 93 53 84 17 24 56 60 87 116 42 74 40 16 32 83 102 92 115 26 72 46 6 8 95 68 90 0 96 66 15 2 34 28 7 47 97 123 1 35 41 73 77 121 105 25 112 111 62 101 27 14 80 82 55 45 120 4 70 64 78 127 104 50 63 44 37 124 9 110 69 109 18 108 119 76 100 61 54 98 103 118 30 125 113 75 36 52 19 48 117 51 99 3 91 85 88 11 57 86 122 59 21 20 12 31 22 13 126 29 58 89 81 10 39 33 23 43 114 106 67 71 94 5 65 
Coste: 187
Temperatura: 0.0055263421152045135
Probabilidad de aceptación: 1.0
Movimiento: SI



ITERACION 108
Solucion:    31 38 79 107 93 49 53 84 17 24 56 60 87 42 116 40 74 16 32 83 102 92 115 26 72 46 6 95 8 68 0 90 66 96 2 34 15 28 7 97 47 1 35 123 41 73 121 105 77 25 111 112 101 62 27 14 80 82 55 45 120 70 4 78 64 104 127 50 44 63 124 37 110 9 109 69 108 18 76 100 119 61 54 98 103 118 125 113 30 75 36 52 19 117 48 51 99 3 91 85 88 11 57 86 122 59 21 20 65 12 13 22 29 126 58 89 81 10 39 33 23 43 114 106 67 71 94 5 
Coste: 187
Temperatura: 0.004973707903684062
Probabilidad de aceptación: 1.0
Movimiento: SI



ITERACION 109
Solucion:    12 31 38 79 93 107 49 53 84 17 24 56 60 42 87 40 116 74 16 32 83 102 92 115 26 72 46 95 6 8 0 68 66 90 2 34 96 15 28 7 97 47 35 1 123 41 121 105 73 77 111 25 101 112 62 27 14 80 82 55 45 70 120 78 4 104 64 127 44 50 124 63 110 37 109 9 108 69 76 100 119 18 61 54 98 103 125 113 118 30 75 36 52 117 19 48 51 99 3 91 85 88 11 57 86 122 59 21 20 5 13 65 29 22 126 58 89 81 10 39 33 23 43 114 106 67 71 94 
Coste: 187
Temperatura: 0.004476337113315657
Probabilidad de aceptación: 1.0
Movimiento: SI



ITERACION 110
Solucion:    12 13 38 79 93 107 49 53 84 17 24 56 60 42 87 40 116 74 16 32 83 102 92 115 26 72 46 95 6 8 0 68 66 90 2 34 96 15 31 7 97 47 35 1 123 41 121 105 73 77 111 28 101 112 62 27 14 80 82 55 45 70 120 78 4 104 64 127 44 50 124 63 110 37 109 9 108 69 76 100 119 18 25 54 98 103 125 113 118 30 75 36 52 117 19 48 51 99 3 91 85 88 11 57 86 122 59 61 20 5 21 65 29 22 126 58 89 81 10 39 33 23 43 114 106 67 71 94 
Coste: 187
Temperatura: 0.004028703401984091
Probabilidad de aceptación: 2.511153867482183E-216
Movimiento: NO



ITERACION 111
Solucion:    65 12 13 38 93 79 107 49 53 84 17 24 56 42 60 40 87 116 74 16 32 83 102 92 115 26 72 95 46 6 0 8 66 68 2 34 90 96 15 7 31 47 35 97 1 123 121 105 41 73 77 111 101 28 112 62 27 14 80 82 55 70 45 78 120 104 4 64 44 127 124 50 110 63 109 37 108 9 76 100 119 69 18 25 54 98 125 113 103 118 30 75 36 117 52 19 48 51 99 3 91 85 88 11 57 86 122 59 61 20 21 94 29 5 22 126 58 89 81 10 39 33 23 43 114 106 67 71 
Coste: 187
Temperatura: 0.003625833061785682
Probabilidad de aceptación: 1.0
Movimiento: SI



ITERACION 112
Solucion:    65 12 13 38 93 79 107 49 53 84 17 24 56 42 60 40 87 116 74 16 32 83 102 92 115 26 72 95 46 6 0 8 66 68 2 34 90 96 15 7 31 47 35 97 1 123 121 105 41 73 77 111 101 28 112 62 27 14 80 82 55 70 45 78 120 104 4 64 44 127 124 50 110 63 109 37 108 9 76 100 119 69 18 25 54 98 125 113 103 118 30 75 36 117 52 19 48 51 99 3 91 29 88 11 57 86 122 59 61 20 21 94 85 5 22 126 58 89 81 10 39 33 23 43 114 106 67 71 
Coste: 187
Temperatura: 0.0032632497556071135
Probabilidad de aceptación: 0.0
Movimiento: NO



ITERACION 113
Solucion:    5 65 12 13 93 38 79 107 49 53 84 17 24 56 42 60 40 87 116 74 16 32 83 102 92 115 26 95 72 46 6 0 66 8 2 34 68 90 96 15 7 47 35 31 97 1 121 105 123 41 73 77 101 111 28 112 62 27 14 80 82 70 55 78 45 104 120 4 44 64 124 127 110 50 109 63 108 37 76 100 119 9 69 18 25 54 125 113 98 103 118 30 75 117 36 52 19 48 51 99 3 91 29 88 11 57 86 122 59 61 21 20 85 71 94 22 126 58 89 81 10 39 33 23 43 114 106 67 
Coste: 187
Temperatura: 0.002936924780046402
Probabilidad de aceptación: 1.0
Movimiento: SI



ITERACION 114
Solucion:    94 5 65 12 93 13 38 79 107 49 53 84 17 56 24 60 42 40 87 116 74 16 32 83 102 92 115 95 26 72 6 46 0 66 2 34 8 68 90 15 96 7 47 35 31 97 121 105 1 123 41 73 101 77 111 28 112 62 27 14 80 70 82 78 55 104 45 120 44 4 124 64 110 127 109 50 108 63 76 100 119 37 9 69 18 25 125 113 54 98 103 118 30 117 75 36 52 19 48 51 99 3 91 29 88 11 57 86 122 59 21 61 85 20 67 71 22 126 58 89 81 10 39 33 23 43 114 106 
Coste: 187
Temperatura: 0.002643232302041762
Probabilidad de aceptación: 1.0
Movimiento: SI



ITERACION 115
Solucion:    71 94 5 65 93 12 13 38 79 107 49 53 84 56 17 24 60 42 40 87 116 74 16 32 83 102 92 95 115 26 6 72 0 46 2 34 66 8 68 15 90 7 47 96 35 31 97 105 121 1 41 123 101 73 77 111 28 112 62 27 14 70 80 78 82 104 55 45 44 120 124 4 110 64 109 127 108 50 76 100 119 63 37 9 69 18 125 113 25 54 98 103 118 117 30 75 36 52 19 48 51 99 3 91 29 88 11 57 86 122 21 59 85 61 20 106 67 22 126 58 89 81 10 39 33 23 43 114 
Coste: 187
Temperatura: 0.002378909071837586
Probabilidad de aceptación: 1.0
Movimiento: SI



ITERACION 116
Solucion:    67 71 94 5 93 65 12 13 38 79 107 49 53 56 84 24 17 60 42 40 87 116 74 16 32 83 102 92 95 115 6 26 0 72 2 34 46 66 8 15 68 7 47 90 96 35 97 105 31 121 41 1 101 123 73 77 111 28 112 62 27 14 70 78 80 104 82 55 44 45 124 120 110 4 109 64 108 127 76 100 119 50 63 37 9 69 125 113 18 25 54 98 103 117 118 30 75 36 52 19 48 51 99 3 91 29 88 11 57 86 21 122 85 59 61 20 114 106 22 126 58 89 81 10 39 33 23 43 
Coste: 187
Temperatura: 0.0021410181646538276
Probabilidad de aceptación: 1.0
Movimiento: SI



ITERACION 117
Solucion:    106 67 71 94 93 5 65 12 13 38 79 107 49 56 53 24 84 17 60 42 40 87 116 74 16 32 83 92 102 95 6 115 0 26 2 34 72 46 66 15 8 7 47 68 90 96 97 105 35 31 121 41 101 1 123 73 77 111 28 112 62 14 27 78 70 104 80 82 44 55 124 45 110 120 109 4 108 64 76 100 127 119 50 63 37 9 125 113 69 18 25 54 98 117 103 118 30 75 36 52 19 48 51 99 3 91 29 88 11 57 21 86 85 122 59 61 20 43 114 22 126 58 89 81 10 39 33 23 
Coste: 187
Temperatura: 0.001926916348188445
Probabilidad de aceptación: 1.0
Movimiento: SI



ITERACION 118
Solucion:    114 106 67 71 93 94 5 65 12 13 38 79 107 56 49 24 53 84 17 60 42 40 87 116 74 16 32 92 83 102 6 95 0 115 2 34 26 72 46 15 66 7 47 8 68 90 97 105 96 35 121 31 101 41 1 123 73 77 111 28 112 14 62 78 27 104 70 80 44 82 124 55 110 45 109 120 108 4 76 100 127 64 119 50 63 37 125 113 9 69 18 25 54 117 98 103 118 30 75 36 52 19 48 51 99 3 91 29 88 11 21 57 85 86 122 59 61 20 23 43 22 126 58 89 81 10 39 33 
Coste: 187
Temperatura: 0.0017342247133696005
Probabilidad de aceptación: 1.0
Movimiento: SI



ITERACION 119
Solucion:    43 114 106 67 93 71 94 5 65 12 13 38 79 56 107 24 49 53 84 17 60 42 40 87 116 74 16 92 32 83 6 102 0 95 2 34 115 26 72 15 46 7 47 66 8 68 97 105 90 96 121 35 101 31 41 1 123 73 77 111 28 14 112 78 62 104 27 70 44 80 124 82 110 55 109 45 108 120 76 100 127 4 64 119 50 63 125 113 37 9 69 18 25 117 54 98 103 118 30 75 36 52 19 48 51 99 3 91 29 88 21 11 85 57 86 122 59 61 20 33 23 22 126 58 89 81 10 39 
Coste: 187
Temperatura: 0.0015608022420326405
Probabilidad de aceptación: 1.0
Movimiento: SI



ITERACION 120
Solucion:    23 43 114 106 93 67 71 94 5 65 12 13 38 56 79 24 107 49 53 84 17 60 42 40 87 116 74 92 16 32 6 83 0 102 2 34 95 115 26 15 72 46 47 7 66 8 97 105 68 90 96 121 101 35 31 41 1 123 73 77 111 14 28 78 112 104 62 27 44 70 124 80 110 82 109 55 108 45 76 100 127 120 4 64 119 50 125 113 63 37 9 69 18 117 25 54 98 103 118 30 75 36 52 19 48 51 99 3 91 29 21 88 85 11 57 86 122 59 61 20 39 33 22 126 58 89 81 10 
Coste: 187
Temperatura: 0.0014047220178293764
Probabilidad de aceptación: 1.0
Movimiento: SI



ITERACION 121
Solucion:    33 23 43 114 93 106 67 71 94 5 65 12 13 56 38 24 79 107 49 53 84 17 60 42 40 87 116 92 74 16 32 6 0 83 2 34 102 95 115 15 26 46 47 72 7 66 97 105 8 68 96 90 101 121 35 31 41 1 123 73 77 14 111 78 28 104 112 62 44 27 124 70 110 80 109 82 108 55 76 100 127 45 120 4 64 119 125 113 50 63 37 9 69 117 18 25 54 98 103 118 30 75 36 52 19 48 51 99 3 91 21 29 85 88 11 57 86 122 59 61 20 10 39 22 126 58 89 81 
Coste: 186
Temperatura: 0.0012642498160464388
Probabilidad de aceptación: 1.0
Movimiento: SI



ITERACION 122
Solucion:    39 33 23 43 93 114 106 67 71 94 5 65 12 56 13 24 38 79 107 49 53 84 17 60 42 40 87 92 116 74 32 16 0 6 2 34 83 102 95 15 115 46 47 26 72 7 97 105 66 8 96 68 101 90 121 35 31 41 1 123 73 14 77 78 111 104 28 112 44 62 124 27 110 70 109 80 108 82 76 100 127 55 45 120 4 64 125 113 119 50 63 37 9 117 69 18 25 54 98 103 118 30 75 36 52 19 48 51 99 3 21 91 29 85 88 11 57 86 122 59 61 20 81 10 22 126 58 89 
Coste: 186
Temperatura: 0.001137824834441795
Probabilidad de aceptación: 1.0
Movimiento: SI



ITERACION 123
Solucion:    10 39 33 23 93 43 114 106 67 71 94 5 65 56 12 24 13 38 79 107 49 53 84 17 60 42 40 92 87 116 32 74 0 16 2 34 6 83 102 15 95 46 47 115 26 72 97 105 7 66 96 8 101 68 90 121 35 31 41 1 123 14 73 78 77 104 111 28 44 112 124 62 110 27 109 70 108 80 76 100 127 82 55 45 120 4 125 113 64 119 50 63 37 117 9 69 18 25 54 98 103 118 30 75 36 52 19 48 51 99 21 3 29 91 85 88 11 57 86 122 59 61 20 89 81 22 126 58 
Coste: 186
Temperatura: 0.0010240423509976155
Probabilidad de aceptación: 1.0
Movimiento: SI



ITERACION 124
Solucion:    81 10 39 33 93 23 43 114 106 67 71 94 5 56 65 24 12 13 38 79 107 49 53 84 17 60 42 92 40 87 32 116 0 74 2 34 16 6 83 15 102 46 47 95 115 26 97 105 72 7 96 66 101 8 68 90 121 35 31 41 1 14 123 78 73 104 77 111 44 28 124 112 110 62 109 27 108 70 76 100 127 80 82 55 45 120 125 113 4 64 119 50 63 117 37 9 69 18 25 54 98 103 118 30 75 36 52 19 48 51 21 99 29 3 91 85 88 11 57 86 122 59 61 20 58 89 22 126 
Coste: 186
Temperatura: 9.216381158978539E-4
Probabilidad de aceptación: 1.0
Movimiento: SI



ITERACION 125
Solucion:    89 81 10 39 93 33 23 43 114 106 67 71 94 56 5 24 65 12 13 38 79 107 49 53 84 17 60 92 42 40 32 87 0 116 2 34 74 16 6 15 83 46 102 47 95 115 97 105 26 72 96 7 101 66 8 68 90 121 35 31 41 14 1 78 123 104 73 77 44 111 124 28 110 112 109 62 108 27 76 100 127 70 80 82 55 45 125 113 120 4 64 119 50 117 63 37 9 69 18 25 54 98 103 118 30 75 36 52 19 48 21 51 29 99 3 91 85 88 11 57 86 122 59 61 20 126 58 22 
Coste: 186
Temperatura: 8.294743043080685E-4
Probabilidad de aceptación: 1.0
Movimiento: SI



ITERACION 126
Solucion:    58 89 81 10 93 39 33 23 43 114 106 67 71 56 94 24 5 65 12 13 38 79 107 49 53 84 17 92 60 42 32 40 0 87 2 34 116 74 16 6 15 46 102 83 47 95 97 105 115 26 96 72 101 7 66 8 68 90 121 35 31 14 41 78 1 104 123 73 44 77 124 111 110 28 109 112 108 62 76 100 127 27 70 80 82 55 125 113 45 120 4 64 119 117 50 63 37 9 69 18 25 54 98 103 118 30 75 36 52 19 21 48 29 51 99 3 91 85 88 11 57 86 122 59 61 20 22 126 
Coste: 184
Temperatura: 7.465268738772616E-4
Probabilidad de aceptación: 1.0
Movimiento: SI



ITERACION 127
Solucion:    126 58 89 81 93 10 39 33 23 43 114 106 67 56 71 24 94 5 65 12 13 38 79 107 49 53 84 92 17 60 32 42 0 40 2 34 87 116 74 6 16 46 102 15 83 47 97 105 95 115 96 26 101 72 7 66 8 68 90 121 35 14 31 78 41 104 1 123 44 73 124 77 110 111 109 28 108 112 76 100 127 62 27 70 80 82 125 113 55 45 120 4 64 117 119 50 63 37 9 69 18 25 54 98 103 118 30 75 36 52 21 19 29 48 51 99 3 91 85 88 11 57 86 122 59 61 20 22 
Coste: 184
Temperatura: 6.718741864895354E-4
Probabilidad de aceptación: 1.0
Movimiento: SI



