ITERACION 0
Solucion:    120 102 22 35 123 24 25 17 65 92 18 37 97 52 94 87 63 80 8 26 75 38 105 15 95 74 27 114 61 99 76 6 112 47 96 84 29 66 111 125 58 100 126 85 5 90 103 56 51 122 82 86 2 57 13 49 16 39 44 110 41 34 28 10 70 33 91 88 118 55 64 106 115 93 21 107 78 83 46 40 68 32 121 89 53 104 9 77 69 81 50 3 48 62 59 45 42 1 119 20 73 113 108 11 116 117 36 19 12 109 67 4 43 0 98 72 71 54 127 14 79 31 30 60 101 23 7 124 
Coste: 332
Temperatura: 501.0
Probabilidad de aceptación: 1.0
Movimiento: SI



ITERACION 1
Solucion:    102 124 120 22 35 123 24 25 17 65 92 18 37 97 52 94 87 63 80 8 26 75 38 105 15 95 74 27 114 61 99 76 6 112 47 96 84 29 66 111 125 58 100 126 85 5 90 103 56 51 122 82 86 2 57 13 49 16 39 44 110 41 34 28 10 70 33 91 88 118 55 64 106 115 93 21 107 78 83 46 40 68 32 121 89 53 104 9 77 69 81 50 3 48 62 59 45 42 1 119 20 73 113 108 11 116 117 36 19 12 109 67 4 43 0 98 72 71 54 127 14 79 31 30 60 101 23 7 
Coste: 333
Temperatura: 450.90000000000003
Probabilidad de aceptación: 1.0
Movimiento: SI



ITERACION 2
Solucion:    120 102 7 124 22 35 123 24 25 17 65 92 18 37 97 52 94 87 63 80 8 26 75 38 105 15 95 74 27 114 61 99 76 6 112 47 96 84 29 66 111 125 58 100 126 85 5 90 103 56 51 122 82 86 2 57 13 49 16 39 44 110 41 34 28 10 70 33 91 88 118 55 64 106 115 93 21 107 78 83 46 40 68 32 121 89 53 104 9 77 69 81 50 3 48 62 59 45 42 1 119 20 73 113 108 11 116 117 36 19 12 109 67 4 43 0 98 72 71 54 127 14 79 31 30 60 101 23 
Coste: 342
Temperatura: 405.81000000000006
Probabilidad de aceptación: 1.0
Movimiento: SI



ITERACION 3
Solucion:    124 120 102 23 7 22 35 123 24 25 17 65 92 18 37 97 52 94 87 63 80 8 26 75 38 105 15 95 74 27 114 61 99 76 6 112 47 96 84 29 66 111 125 58 100 126 85 5 90 103 56 51 122 82 86 2 57 13 49 16 39 44 110 41 34 28 10 70 33 91 88 118 55 64 106 115 93 21 107 78 83 46 40 68 32 121 89 53 104 9 77 69 81 50 3 48 62 59 45 42 1 119 20 73 113 108 11 116 117 36 19 12 109 67 4 43 0 98 72 71 54 127 14 79 31 30 60 101 
Coste: 333
Temperatura: 365.22900000000004
Probabilidad de aceptación: 1.0
Movimiento: SI



ITERACION 4
Solucion:    7 124 120 102 101 23 22 35 123 24 25 17 65 92 18 37 97 52 94 87 63 80 8 26 75 38 105 15 95 74 27 114 61 99 76 6 112 47 96 84 29 66 111 125 58 100 126 85 5 90 103 56 51 122 82 86 2 57 13 49 16 39 44 110 41 34 28 10 70 33 91 88 118 55 64 106 115 93 21 107 78 83 46 40 68 32 121 89 53 104 9 77 69 81 50 3 48 62 59 45 42 1 119 20 73 113 108 11 116 117 36 19 12 109 67 4 43 0 98 72 71 54 127 14 79 31 30 60 
Coste: 327
Temperatura: 328.70610000000005
Probabilidad de aceptación: 1.0
Movimiento: SI



ITERACION 5
Solucion:    23 7 124 120 102 60 101 22 35 123 24 25 17 65 92 18 37 97 52 94 87 63 80 8 26 75 38 105 15 95 74 27 114 61 99 76 6 112 47 96 84 29 66 111 125 58 100 126 85 5 90 103 56 51 122 82 86 2 57 13 49 16 39 44 110 41 34 28 10 70 33 91 88 118 55 64 106 115 93 21 107 78 83 46 40 68 32 121 89 53 104 9 77 69 81 50 3 48 62 59 45 42 1 119 20 73 113 108 11 116 117 36 19 12 109 67 4 43 0 98 72 71 54 127 14 79 31 30 
Coste: 339
Temperatura: 295.83549000000005
Probabilidad de aceptación: 1.0
Movimiento: SI



ITERACION 6
Solucion:    101 23 7 124 120 102 30 60 22 35 123 24 25 17 65 92 18 37 97 52 94 87 63 80 8 26 75 38 105 15 95 74 27 114 61 99 76 6 112 47 96 84 29 66 111 125 58 100 126 85 5 90 103 56 51 122 82 86 2 57 13 49 16 39 44 110 41 34 28 10 70 33 91 88 118 55 64 106 115 93 21 107 78 83 46 40 68 32 121 89 53 104 9 77 69 81 50 3 48 62 59 45 42 1 119 20 73 113 108 11 116 117 36 19 12 109 67 4 43 0 98 72 71 54 127 14 79 31 
Coste: 330
Temperatura: 266.25194100000004
Probabilidad de aceptación: 1.0
Movimiento: SI



ITERACION 7
Solucion:    60 101 23 7 124 120 102 31 30 22 35 123 24 25 17 65 92 18 37 97 52 94 87 63 80 8 26 75 38 105 15 95 74 27 114 61 99 76 6 112 47 96 84 29 66 111 125 58 100 126 85 5 90 103 56 51 122 82 86 2 57 13 49 16 39 44 110 41 34 28 10 70 33 91 88 118 55 64 106 115 93 21 107 78 83 46 40 68 32 121 89 53 104 9 77 69 81 50 3 48 62 59 45 42 1 119 20 73 113 108 11 116 117 36 19 12 109 67 4 43 0 98 72 71 54 127 14 79 
Coste: 338
Temperatura: 239.62674690000006
Probabilidad de aceptación: 1.0
Movimiento: SI



ITERACION 8
Solucion:    30 60 101 23 7 124 120 102 79 31 22 35 123 24 25 17 65 92 18 37 97 52 94 87 63 80 8 26 75 38 105 15 95 74 27 114 61 99 76 6 112 47 96 84 29 66 111 125 58 100 126 85 5 90 103 56 51 122 82 86 2 57 13 49 16 39 44 110 41 34 28 10 70 33 91 88 118 55 64 106 115 93 21 107 78 83 46 40 68 32 121 89 53 104 9 77 69 81 50 3 48 62 59 45 42 1 119 20 73 113 108 11 116 117 36 19 12 109 67 4 43 0 98 72 71 54 127 14 
Coste: 327
Temperatura: 215.66407221000006
Probabilidad de aceptación: 1.0
Movimiento: SI



ITERACION 9
Solucion:    31 30 60 101 23 7 124 120 102 14 79 22 35 123 24 25 17 65 92 18 37 97 52 94 87 63 80 8 26 75 38 105 15 95 74 27 114 61 99 76 6 112 47 96 84 29 66 111 125 58 100 126 85 5 90 103 56 51 122 82 86 2 57 13 49 16 39 44 110 41 34 28 10 70 33 91 88 118 55 64 106 115 93 21 107 78 83 46 40 68 32 121 89 53 104 9 77 69 81 50 3 48 62 59 45 42 1 119 20 73 113 108 11 116 117 36 19 12 109 67 4 43 0 98 72 71 54 127 
Coste: 342
Temperatura: 194.09766498900007
Probabilidad de aceptación: 1.0
Movimiento: SI



ITERACION 10
Solucion:    79 31 30 60 101 23 7 124 120 102 127 14 22 35 123 24 25 17 65 92 18 37 97 52 94 87 63 80 8 26 75 38 105 15 95 74 27 114 61 99 76 6 112 47 96 84 29 66 111 125 58 100 126 85 5 90 103 56 51 122 82 2 86 57 13 49 16 39 44 110 41 34 28 10 70 33 91 88 118 55 64 106 115 93 21 107 78 83 46 40 68 32 121 89 53 104 9 77 69 81 50 3 48 62 59 45 42 1 119 20 73 113 108 11 116 117 36 19 12 109 67 4 43 0 98 72 71 54 
Coste: 334
Temperatura: 174.68789849010005
Probabilidad de aceptación: 1.0
Movimiento: SI



ITERACION 11
Solucion:    14 79 31 30 60 101 23 7 124 120 102 54 127 22 35 123 24 25 17 65 92 18 37 97 52 94 87 63 80 8 26 75 38 105 15 95 74 27 114 61 99 76 6 112 47 96 84 29 66 111 125 58 100 126 85 5 90 103 56 51 122 82 2 86 57 13 49 16 39 44 110 41 34 28 10 70 33 91 88 118 55 64 106 115 93 21 107 78 83 46 40 68 32 121 89 53 104 9 77 69 81 50 3 48 62 59 45 42 1 119 20 73 113 108 11 116 117 36 19 12 109 67 4 43 0 98 72 71 
Coste: 328
Temperatura: 157.21910864109006
Probabilidad de aceptación: 1.0
Movimiento: SI



ITERACION 12
Solucion:    127 14 79 31 30 60 101 23 7 124 120 102 71 54 22 35 123 24 25 17 65 92 18 37 97 52 94 87 63 80 8 26 75 38 105 15 95 74 27 114 61 99 76 6 112 47 96 84 29 66 111 125 58 100 126 85 5 90 103 56 51 122 82 2 86 57 13 49 16 39 44 110 41 34 28 10 70 33 91 88 118 55 64 106 115 93 21 107 78 83 46 40 68 32 121 89 53 104 9 77 69 81 50 3 48 62 59 45 42 1 119 20 73 113 108 11 116 117 36 19 12 109 67 4 43 0 98 72 
Coste: 331
Temperatura: 141.49719777698107
Probabilidad de aceptación: 1.0
Movimiento: SI



ITERACION 13
Solucion:    54 127 14 79 31 30 60 101 23 7 124 120 102 72 71 22 35 123 24 25 17 65 92 18 37 97 52 94 87 63 80 8 26 75 38 105 15 95 74 27 114 61 99 76 6 112 47 96 84 29 66 111 125 58 100 126 85 5 90 103 56 51 122 82 2 86 57 13 49 16 39 44 110 41 34 28 10 70 33 91 88 118 55 64 106 115 93 21 107 78 83 46 40 68 32 121 89 53 104 9 77 69 81 50 3 48 62 59 45 42 1 119 20 73 113 108 11 116 117 36 19 12 109 67 4 43 0 98 
Coste: 327
Temperatura: 127.34747799928296
Probabilidad de aceptación: 1.0
Movimiento: SI



ITERACION 14
Solucion:    71 54 127 14 79 31 30 60 101 23 7 124 120 102 98 72 22 35 123 24 25 17 65 92 18 37 97 52 94 87 63 80 8 26 75 38 105 15 95 27 74 114 61 99 76 6 112 47 96 84 29 66 111 125 58 100 126 85 5 90 103 56 51 122 82 2 86 57 13 49 16 39 44 110 41 34 28 10 70 33 91 88 118 55 64 106 115 93 21 107 78 83 46 40 68 32 121 89 53 104 9 77 69 81 50 3 48 62 59 45 42 1 119 20 73 113 108 11 116 117 36 19 12 109 67 4 43 0 
Coste: 331
Temperatura: 114.61273019935466
Probabilidad de aceptación: 1.0
Movimiento: SI



ITERACION 15
Solucion:    72 71 54 127 14 79 31 30 60 101 23 7 124 120 102 0 98 22 35 123 24 25 17 65 92 18 37 97 52 94 87 63 80 8 26 75 38 105 15 95 27 74 114 61 99 6 76 112 47 84 96 29 66 111 125 58 100 126 85 5 90 103 56 51 122 82 2 86 57 13 49 39 16 44 110 41 34 28 10 70 33 91 88 118 55 64 106 115 21 93 107 78 83 46 40 68 32 121 89 53 104 9 77 69 81 50 3 62 48 59 45 42 1 119 20 73 113 108 11 116 117 36 19 12 109 67 4 43 
Coste: 324
Temperatura: 103.1514571794192
Probabilidad de aceptación: 1.0
Movimiento: SI



ITERACION 16
Solucion:    98 72 71 54 127 14 79 31 30 60 101 23 7 124 120 102 43 0 22 35 123 24 25 17 65 92 18 37 97 52 94 87 63 80 8 26 75 38 105 15 95 27 74 114 61 99 6 76 112 47 84 96 29 66 111 125 58 100 126 85 5 90 103 56 51 122 82 2 86 57 13 49 39 16 44 110 41 34 28 10 70 33 91 88 118 55 64 106 115 21 93 107 78 83 46 40 68 32 121 89 53 104 9 77 69 81 50 3 62 48 59 45 42 1 119 20 73 113 108 11 116 117 36 19 12 109 67 4 
Coste: 318
Temperatura: 92.83631146147728
Probabilidad de aceptación: 1.0
Movimiento: SI



ITERACION 17
Solucion:    0 98 72 71 54 127 14 79 31 30 60 101 23 7 124 120 102 4 43 22 35 123 24 25 17 65 92 18 37 97 52 94 87 63 80 8 26 75 38 105 15 95 27 74 114 61 99 6 76 112 47 84 96 29 66 111 125 58 100 126 85 5 90 103 56 51 122 82 2 86 57 13 49 39 16 44 110 41 34 28 10 70 33 91 88 118 55 64 106 115 21 93 107 78 83 46 40 68 32 121 89 53 104 9 77 69 81 50 3 62 48 59 45 42 1 119 20 73 113 108 11 116 117 36 19 12 109 67 
Coste: 324
Temperatura: 83.55268031532955
Probabilidad de aceptación: 1.0
Movimiento: SI



ITERACION 18
Solucion:    43 0 98 72 71 54 127 14 79 31 30 60 101 23 7 124 120 102 67 4 22 35 123 24 25 17 65 92 18 37 97 52 94 87 63 80 8 26 75 38 105 15 95 27 74 114 61 99 6 76 112 47 84 96 29 66 111 125 58 100 126 85 5 90 103 56 51 122 82 2 86 57 13 49 39 16 44 110 34 41 28 10 70 33 91 88 118 55 64 106 115 21 93 107 78 83 46 40 68 32 121 89 53 104 9 77 69 81 50 3 62 48 59 45 42 1 119 20 73 113 108 11 116 117 36 19 12 109 
Coste: 346
Temperatura: 75.1974122837966
Probabilidad de aceptación: 1.0
Movimiento: SI



ITERACION 19
Solucion:    4 43 0 98 72 71 54 127 14 79 31 30 60 101 23 7 124 120 102 109 67 22 35 123 24 25 17 65 92 18 37 97 52 94 87 63 80 8 26 75 38 105 15 95 27 74 114 61 99 6 76 112 47 84 96 29 66 111 125 58 100 126 85 5 90 103 56 51 122 82 2 86 57 13 49 39 16 44 110 34 41 28 10 70 33 91 88 118 55 64 106 115 21 93 107 78 83 46 40 68 32 121 89 53 104 9 77 69 81 50 3 62 48 59 45 42 1 119 20 73 113 108 11 116 117 36 19 12 
Coste: 325
Temperatura: 67.67767105541694
Probabilidad de aceptación: 1.0
Movimiento: SI



ITERACION 20
Solucion:    67 4 43 0 98 72 71 54 127 14 79 31 30 60 101 23 7 124 120 102 12 109 22 35 123 24 25 17 65 92 18 37 97 52 94 87 63 80 8 26 75 38 105 15 95 27 74 114 61 99 6 76 112 47 84 96 29 66 111 125 58 100 126 85 5 90 103 56 51 122 82 2 86 57 13 49 39 16 44 110 34 41 28 10 70 33 88 91 118 55 64 106 115 21 93 107 78 83 46 40 68 32 121 89 53 104 9 77 69 81 50 3 62 48 59 45 42 1 119 20 73 113 108 11 116 117 36 19 
Coste: 345
Temperatura: 60.90990394987524
Probabilidad de aceptación: 1.0
Movimiento: SI



ITERACION 21
Solucion:    109 67 4 43 0 98 72 71 54 127 14 79 31 30 60 101 23 7 124 120 102 19 12 22 35 123 24 17 25 65 92 18 37 97 52 94 87 63 80 8 26 75 38 105 15 95 27 74 114 61 99 6 76 112 47 84 96 29 66 111 125 58 100 126 85 5 90 103 56 51 122 82 2 86 57 13 49 39 16 44 110 34 41 28 10 70 33 88 91 118 55 64 106 115 21 93 107 78 83 46 40 68 32 121 89 53 104 9 77 69 81 50 3 62 48 59 45 42 1 119 20 73 113 108 11 116 117 36 
Coste: 321
Temperatura: 54.81891355488772
Probabilidad de aceptación: 1.0
Movimiento: SI



ITERACION 22
Solucion:    12 109 67 4 43 0 98 72 71 54 127 14 79 31 30 60 101 23 7 124 120 102 36 19 22 35 123 24 17 25 65 92 18 37 97 52 94 87 63 80 8 26 75 38 105 15 95 27 74 114 61 99 6 76 112 47 84 96 29 66 111 125 58 100 126 85 5 90 103 56 51 122 82 2 86 57 13 49 39 16 44 110 34 41 28 10 70 33 88 91 118 55 64 106 115 21 93 107 78 83 46 40 68 32 121 89 53 104 9 77 69 81 50 3 62 48 59 45 42 1 119 20 73 113 108 11 116 117 
Coste: 334
Temperatura: 49.33702219939895
Probabilidad de aceptación: 1.0
Movimiento: SI



ITERACION 23
Solucion:    19 12 109 67 4 43 0 98 72 71 54 127 14 79 31 30 60 101 23 7 124 120 102 117 36 22 35 123 24 17 25 65 92 18 37 97 52 94 87 63 80 8 26 75 38 105 15 95 27 74 114 61 99 6 76 112 47 84 96 29 66 111 125 58 100 126 85 5 90 103 56 51 122 82 2 86 57 13 49 16 39 44 110 34 41 28 10 70 33 88 91 118 55 64 106 115 21 93 107 78 83 46 40 68 32 121 89 53 104 9 77 69 81 50 3 62 48 59 45 42 1 119 20 73 113 108 11 116 
Coste: 317
Temperatura: 44.403319979459056
Probabilidad de aceptación: 1.0
Movimiento: SI



ITERACION 24
Solucion:    36 19 12 109 67 4 43 0 98 72 71 54 127 14 79 31 30 60 101 23 7 124 120 102 116 117 22 35 123 24 17 25 65 92 37 18 97 52 94 87 63 80 8 26 75 38 105 15 95 27 74 114 61 99 6 76 112 47 84 96 29 66 111 125 58 100 126 85 5 90 103 56 51 122 82 2 86 57 49 13 16 39 44 110 34 41 28 10 70 33 88 91 118 55 64 106 115 21 93 107 78 83 46 40 68 32 121 89 53 104 9 77 69 81 50 3 62 48 59 45 42 1 119 20 73 113 108 11 
Coste: 332
Temperatura: 39.96298798151315
Probabilidad de aceptación: 1.0
Movimiento: SI



ITERACION 25
Solucion:    117 36 19 12 109 67 4 43 0 98 72 71 54 127 14 79 31 30 60 101 23 7 124 120 102 11 116 22 35 123 24 17 25 65 92 37 18 97 52 94 87 63 8 80 26 75 38 105 15 95 27 74 114 61 99 6 76 112 47 84 96 29 66 111 125 58 100 126 85 5 90 103 51 56 122 82 2 86 57 49 13 16 39 44 110 34 41 10 28 70 33 88 91 118 55 64 106 115 21 93 107 78 83 46 40 68 32 121 89 53 104 9 77 69 81 50 3 62 48 59 45 42 1 119 20 73 113 108 
Coste: 321
Temperatura: 35.96668918336184
Probabilidad de aceptación: 1.0
Movimiento: SI



ITERACION 26
Solucion:    116 117 36 19 12 109 67 4 43 0 98 72 71 54 127 14 79 31 30 60 101 23 7 124 120 102 108 11 22 35 123 24 17 25 65 92 37 18 97 52 94 87 63 8 80 26 75 38 105 15 95 27 74 114 61 99 6 76 112 47 84 96 29 66 111 125 58 100 126 85 90 5 51 103 56 122 82 2 86 57 49 13 16 39 44 110 34 41 10 28 70 33 88 91 118 55 64 106 115 21 93 107 78 83 46 40 68 32 121 89 53 104 9 77 69 81 50 3 62 48 59 45 42 1 119 20 73 113 
Coste: 313
Temperatura: 32.37002026502565
Probabilidad de aceptación: 1.0
Movimiento: SI



ITERACION 27
Solucion:    11 116 117 36 19 109 12 67 4 43 0 98 72 71 54 127 14 79 31 30 60 101 23 7 124 120 102 113 108 22 35 123 24 17 25 65 92 37 97 18 52 94 87 63 8 80 26 75 38 105 15 95 27 74 114 61 99 6 76 112 47 84 96 29 66 111 125 58 100 126 85 90 5 51 103 56 122 82 2 86 57 49 13 16 39 44 34 110 41 10 28 70 33 88 91 118 55 64 106 115 21 93 107 78 83 46 40 68 32 121 89 53 104 9 77 69 81 50 3 62 48 59 45 42 1 119 20 73 
Coste: 315
Temperatura: 29.133018238523086
Probabilidad de aceptación: 1.0
Movimiento: SI



ITERACION 28
Solucion:    108 11 116 117 36 19 109 12 67 4 43 0 98 72 71 54 127 14 79 31 30 60 101 23 7 124 120 102 73 113 22 35 24 123 17 25 65 92 37 97 18 52 94 87 63 8 80 26 75 38 105 15 95 27 74 114 61 99 6 76 112 47 84 96 29 66 111 125 58 100 126 85 90 5 51 103 56 122 82 2 86 57 49 13 16 39 44 34 110 41 10 28 70 33 88 91 118 55 64 106 115 21 93 107 78 83 46 40 68 32 121 89 53 104 9 77 69 81 50 3 62 48 59 45 42 1 119 20 
Coste: 315
Temperatura: 26.219716414670778
Probabilidad de aceptación: 1.0
Movimiento: SI



ITERACION 29
Solucion:    113 108 11 116 117 36 19 109 12 67 4 43 0 98 72 71 54 127 14 79 31 30 60 101 23 7 124 120 102 20 73 22 35 24 123 17 25 65 92 37 97 18 52 94 87 63 8 80 26 75 38 105 15 95 27 74 114 61 99 6 76 112 47 84 96 29 66 111 58 125 100 126 90 85 51 5 56 103 122 82 2 86 57 49 13 16 39 44 34 110 41 10 28 70 33 88 91 118 55 64 106 115 21 93 107 78 83 46 40 68 32 121 89 53 104 9 77 69 81 50 3 62 48 59 45 42 1 119 
Coste: 312
Temperatura: 23.5977447732037
Probabilidad de aceptación: 1.0
Movimiento: SI



ITERACION 30
Solucion:    73 113 108 11 116 117 36 109 19 12 4 67 43 0 98 72 71 54 127 14 79 31 30 60 101 23 7 124 120 102 119 20 22 35 24 123 17 25 65 92 37 97 18 52 94 87 63 8 80 26 75 38 105 15 95 74 27 114 61 99 6 76 112 47 84 96 29 66 111 58 125 100 126 90 85 51 5 56 103 122 82 2 86 57 49 13 16 39 44 34 110 41 10 28 70 33 88 91 118 55 64 106 115 21 93 107 78 83 46 40 68 32 121 89 53 104 9 77 69 81 50 3 62 48 45 59 42 1 
Coste: 323
Temperatura: 21.237970295883333
Probabilidad de aceptación: 1.0
Movimiento: SI



ITERACION 31
Solucion:    20 73 113 108 116 11 117 36 109 19 12 4 67 0 43 98 72 71 54 127 14 79 31 30 60 101 23 7 124 120 102 1 119 22 35 24 123 17 25 65 92 37 97 18 52 94 87 63 8 80 26 75 38 105 15 95 74 27 114 61 99 6 76 112 47 84 96 29 66 111 58 125 100 126 90 85 51 5 56 122 82 103 2 86 57 49 13 16 39 44 34 110 41 10 28 70 33 88 91 118 55 64 106 115 21 93 107 78 83 46 40 68 32 121 89 53 104 9 77 69 81 50 3 62 48 45 59 42 
Coste: 325
Temperatura: 19.114173266295
Probabilidad de aceptación: 1.0
Movimiento: SI



ITERACION 32
Solucion:    119 20 73 113 108 116 117 11 109 36 19 12 4 67 0 43 98 72 71 54 127 79 14 31 30 60 101 23 7 124 120 102 42 1 22 35 24 123 17 25 65 92 37 97 18 52 94 87 63 8 80 26 75 105 38 15 95 74 27 114 61 99 6 76 47 112 84 29 96 66 111 58 125 100 126 90 85 51 56 5 122 82 103 86 2 57 13 49 39 16 44 34 110 41 10 28 70 33 88 91 118 55 64 106 115 21 93 107 78 83 46 40 68 32 121 89 53 104 77 9 69 81 50 3 62 48 45 59 
Coste: 328
Temperatura: 17.2027559396655
Probabilidad de aceptación: 1.0
Movimiento: SI



ITERACION 33
Solucion:    1 119 20 73 113 108 116 117 11 109 36 19 12 4 67 0 43 98 72 71 54 127 79 14 31 30 60 101 23 7 124 120 102 59 42 22 35 24 123 17 25 65 37 92 97 18 52 94 87 63 8 80 26 75 105 38 15 95 74 27 114 61 99 6 76 47 112 84 29 96 111 66 58 125 100 126 90 85 51 56 5 122 82 103 86 2 57 49 13 39 16 44 34 41 110 10 28 70 33 88 91 118 55 64 106 115 21 93 107 78 83 46 40 68 32 121 89 53 104 77 9 69 81 50 3 62 48 45 
Coste: 314
Temperatura: 15.482480345698951
Probabilidad de aceptación: 1.0
Movimiento: SI



ITERACION 34
Solucion:    1 42 119 20 73 113 108 117 116 11 109 36 19 12 4 67 0 43 98 72 71 54 127 79 14 31 30 101 60 23 7 124 120 102 45 59 22 35 24 123 17 25 65 37 92 97 18 52 94 87 63 8 80 26 75 105 38 15 74 95 27 114 61 99 6 76 47 112 84 29 96 111 66 58 125 100 126 90 85 51 56 5 122 82 103 86 2 49 13 57 16 39 44 34 41 110 10 28 70 33 88 91 118 55 64 106 115 21 93 107 78 83 46 40 68 32 121 89 53 104 77 9 69 81 50 3 62 48 
Coste: 316
Temperatura: 13.934232311129056
Probabilidad de aceptación: 1.0
Movimiento: SI



ITERACION 35
Solucion:    59 1 42 20 119 73 113 108 116 117 11 109 36 19 12 4 67 0 98 43 72 54 71 127 79 14 31 30 101 60 23 124 7 120 102 48 45 22 24 35 123 17 25 65 37 92 97 18 52 94 87 63 8 80 75 26 105 38 15 74 95 114 61 99 27 76 6 47 112 84 29 96 111 66 125 58 100 126 90 85 51 56 122 5 82 103 2 49 13 86 57 16 39 34 44 41 110 10 28 70 33 88 91 118 55 64 106 115 21 107 78 93 83 46 40 68 32 121 89 53 104 77 9 69 81 50 3 62 
Coste: 310
Temperatura: 12.540809080016151
Probabilidad de aceptación: 1.0
Movimiento: SI



ITERACION 36
Solucion:    45 59 1 42 20 119 73 113 108 116 117 11 109 36 19 4 12 67 0 98 43 72 54 71 127 79 14 31 30 101 60 23 124 7 120 102 62 48 22 24 35 123 17 25 65 37 92 97 18 52 94 87 8 63 80 75 26 105 38 15 74 95 114 61 99 76 27 6 47 112 84 29 96 111 66 125 100 58 126 90 85 51 56 122 5 82 2 49 103 13 86 57 16 34 39 44 41 110 10 28 70 33 88 91 118 55 64 106 115 21 107 78 93 83 46 40 68 32 121 89 53 104 77 9 69 81 50 3 
Coste: 321
Temperatura: 11.286728172014536
Probabilidad de aceptación: 1.0
Movimiento: SI



ITERACION 37
Solucion:    48 45 59 1 20 42 119 73 113 108 116 117 11 109 36 19 4 12 67 0 98 43 72 54 71 127 79 14 31 30 60 101 124 23 120 102 7 3 62 22 24 35 123 17 25 65 37 92 97 18 52 94 87 8 63 80 75 26 105 38 15 74 95 114 61 99 76 27 6 47 112 84 96 29 66 111 125 100 58 126 90 85 51 56 122 5 82 2 49 103 13 86 57 16 34 39 44 41 110 10 28 70 33 88 91 118 55 64 106 115 21 107 78 93 83 46 40 68 32 121 89 53 104 77 9 69 81 50 
Coste: 315
Temperatura: 10.158055354813083
Probabilidad de aceptación: 1.0
Movimiento: SI



ITERACION 38
Solucion:    62 48 45 59 1 20 42 119 73 113 108 116 117 11 109 36 19 4 12 67 0 98 43 72 54 71 127 79 14 31 30 60 124 101 23 120 102 7 50 3 22 24 35 123 17 25 65 37 92 97 18 52 94 87 8 63 80 75 26 105 38 15 74 95 114 61 99 76 27 6 112 47 84 96 29 66 111 125 58 126 100 90 85 51 56 122 5 82 2 49 103 13 86 16 57 34 39 44 41 110 10 28 70 33 88 91 118 55 64 106 115 21 107 78 93 83 46 40 68 32 121 89 53 104 77 9 69 81 
Coste: 322
Temperatura: 9.142249819331775
Probabilidad de aceptación: 1.0
Movimiento: SI



ITERACION 39
Solucion:    3 62 48 45 59 1 20 42 119 73 113 108 116 117 109 36 11 19 4 12 67 0 98 72 43 54 71 127 79 14 31 30 60 124 101 23 120 102 7 81 50 22 24 35 123 17 65 25 37 97 92 18 52 94 87 8 63 75 80 105 38 15 26 74 95 114 61 99 76 27 6 112 47 84 96 29 111 66 125 126 100 58 90 85 51 122 56 5 82 2 49 103 13 86 57 34 39 16 44 41 110 10 70 33 28 91 88 118 55 64 106 115 107 21 78 93 83 46 40 68 32 121 89 104 53 77 9 69 
Coste: 319
Temperatura: 8.228024837398598
Probabilidad de aceptación: 1.0
Movimiento: SI



ITERACION 40
Solucion:    50 3 62 48 59 45 1 20 42 119 73 113 108 116 117 109 36 11 19 4 12 67 0 98 72 43 54 71 127 79 14 31 30 60 124 101 23 120 102 7 69 81 22 24 35 123 17 65 25 37 97 92 18 52 94 87 8 63 75 80 105 38 15 26 74 95 114 61 99 76 27 6 112 47 84 96 29 111 66 125 126 100 58 90 85 51 122 56 5 82 2 49 103 86 13 57 34 39 16 44 41 110 10 70 33 28 91 88 118 55 106 64 115 107 21 78 93 83 46 40 68 32 121 89 104 53 77 9 
Coste: 317
Temperatura: 7.405222353658738
Probabilidad de aceptación: 1.0
Movimiento: SI



ITERACION 41
Solucion:    81 50 3 62 48 59 45 1 20 42 73 113 108 119 116 117 109 36 11 19 12 4 67 0 98 72 43 54 71 127 79 14 31 60 30 124 101 120 102 23 7 77 69 24 22 35 123 17 65 25 37 97 92 18 52 94 8 63 75 87 80 105 38 26 74 95 114 61 15 99 76 27 6 112 47 96 84 29 111 66 126 125 100 58 90 51 122 56 85 82 5 2 49 86 103 13 57 34 39 16 44 41 110 10 70 33 28 91 88 118 106 55 64 115 107 21 78 93 46 40 83 68 32 121 89 104 53 9 
Coste: 299
Temperatura: 6.664700118292864
Probabilidad de aceptación: 0.7407526457708183
Movimiento: NO



ITERACION 42
Solucion:    81 50 3 69 62 48 59 45 1 42 20 73 113 108 119 116 117 109 36 11 19 12 4 67 0 98 72 43 54 71 127 79 31 60 30 14 124 101 120 102 23 7 9 77 24 22 123 35 17 65 25 37 92 97 18 52 94 63 8 75 87 80 105 26 38 95 114 74 61 99 15 76 27 6 112 47 84 96 29 111 66 126 125 100 58 90 122 56 51 85 82 5 2 49 86 103 57 13 34 39 16 41 44 110 10 70 33 28 91 88 118 106 55 64 115 107 21 93 78 40 83 46 32 121 68 89 104 53 
Coste: 304
Temperatura: 5.998230106463578
Probabilidad de aceptación: 1.0
Movimiento: SI



ITERACION 43
Solucion:    77 81 50 3 62 69 48 59 45 1 42 20 73 113 108 119 116 117 109 36 11 19 12 4 67 0 98 43 72 54 127 71 79 31 60 30 14 124 101 120 102 23 7 53 9 24 123 22 35 17 25 65 37 92 97 18 52 94 63 8 75 87 80 105 26 95 38 114 61 74 15 99 76 27 6 112 47 84 29 111 96 66 126 125 100 58 90 122 56 51 85 82 5 2 49 86 103 57 13 34 39 16 41 44 110 10 70 33 28 91 118 88 106 55 64 115 107 21 93 78 40 83 46 32 121 68 89 104 
Coste: 307
Temperatura: 5.398407095817221
Probabilidad de aceptación: 1.0
Movimiento: SI



ITERACION 44
Solucion:    9 77 81 50 3 62 69 48 59 45 1 42 20 73 113 108 119 116 117 109 36 11 19 12 4 67 0 98 43 72 127 54 71 79 31 30 60 14 124 101 120 102 23 7 104 53 24 123 22 35 17 25 65 37 92 97 18 52 94 63 8 75 87 105 80 26 95 38 61 114 15 74 76 99 27 6 47 112 29 111 84 96 66 126 125 100 58 90 122 56 51 85 82 2 5 49 86 103 57 13 34 39 16 41 44 110 10 70 33 28 91 118 88 106 55 64 115 107 21 93 78 40 83 46 32 121 68 89 
Coste: 298
Temperatura: 4.858566386235498
Probabilidad de aceptación: 1.0
Movimiento: SI



ITERACION 45
Solucion:    53 9 77 81 50 3 62 69 48 59 45 1 42 20 73 113 108 119 116 117 109 36 11 19 12 4 67 0 98 43 127 72 54 71 31 79 30 60 14 124 101 120 102 23 7 89 104 24 123 22 17 35 25 65 37 92 97 18 52 94 63 8 75 105 87 26 80 95 61 38 114 15 74 76 99 27 47 6 112 111 29 84 96 66 126 125 58 100 90 122 56 51 85 82 2 5 49 86 103 57 13 34 39 16 41 44 110 10 70 33 28 91 118 88 106 55 64 115 107 21 93 78 40 83 46 32 121 68 
Coste: 312
Temperatura: 4.372709747611949
Probabilidad de aceptación: 1.0
Movimiento: SI



ITERACION 46
Solucion:    104 53 77 9 50 3 81 69 62 59 45 48 1 42 73 20 113 108 119 116 117 109 36 11 19 12 4 67 0 98 127 43 54 72 71 79 31 30 14 124 101 60 102 23 7 89 121 24 123 22 17 35 120 25 37 65 97 92 52 18 94 63 8 75 105 87 26 95 61 38 114 15 80 76 99 74 47 6 27 111 29 112 84 96 66 126 58 125 100 90 122 51 85 56 82 5 2 86 103 49 13 34 39 16 41 44 110 10 70 33 57 28 118 91 106 55 64 115 107 21 93 78 88 83 46 32 40 68 
Coste: 298
Temperatura: 3.935438772850754
Probabilidad de aceptación: 0.03676104543561363
Movimiento: NO



ITERACION 47
Solucion:    24 104 77 53 50 3 9 69 62 59 45 48 81 42 1 20 73 108 119 116 117 113 36 109 11 19 12 4 67 0 98 127 43 54 71 79 72 30 31 14 124 101 102 60 23 7 121 83 89 22 123 17 120 35 37 65 25 92 52 18 97 94 8 63 75 87 26 105 95 38 61 15 114 80 99 76 74 6 47 111 27 29 84 96 66 112 126 58 100 125 90 122 51 56 85 82 5 2 86 103 49 13 34 39 16 41 44 10 110 70 33 57 118 28 91 55 64 106 115 107 21 93 78 88 46 32 40 68 
Coste: 290
Temperatura: 3.5418948955656786
Probabilidad de aceptación: 0.18378136101028147
Movimiento: NO



ITERACION 48
Solucion:    89 24 104 77 50 53 3 9 69 62 59 45 48 81 42 1 20 73 108 119 116 117 113 36 109 11 19 12 4 67 98 0 127 43 71 79 54 72 30 31 14 124 101 102 60 23 121 83 68 7 123 22 120 17 35 37 65 25 92 52 18 97 94 8 63 75 87 26 105 95 38 61 15 114 99 80 74 76 47 111 27 6 29 84 96 66 112 58 126 100 125 90 122 56 51 85 82 5 2 86 103 49 13 34 39 16 41 44 10 110 70 33 118 57 28 91 55 64 106 115 107 21 93 78 88 46 32 40 
Coste: 270
Temperatura: 3.187705406009111
Probabilidad de aceptación: 1.0
Movimiento: SI



ITERACION 49
Solucion:    7 89 24 104 50 77 53 3 9 69 62 59 45 48 81 42 1 20 73 108 119 116 117 113 36 109 11 19 12 4 67 98 0 127 71 79 43 54 72 30 31 14 124 101 102 60 121 83 23 40 123 68 120 22 17 35 37 65 25 92 52 18 97 94 8 75 63 87 105 26 95 38 15 61 99 114 74 80 47 111 76 27 6 29 84 96 112 66 58 126 100 125 90 122 56 51 85 82 5 2 86 103 49 13 34 39 16 41 44 10 110 70 118 33 57 28 91 55 64 106 115 107 21 93 78 88 46 32 
Coste: 265
Temperatura: 2.8689348654082
Probabilidad de aceptación: 1.0
Movimiento: SI



ITERACION 50
Solucion:    7 123 89 24 50 104 77 53 3 9 69 62 45 59 48 42 1 20 81 108 73 119 116 117 36 109 11 19 12 4 67 113 98 0 71 79 127 43 54 72 30 14 31 101 102 60 124 121 83 23 32 68 120 22 40 35 17 37 65 25 52 92 18 94 8 75 63 87 105 26 95 38 15 97 99 61 74 114 47 111 80 76 6 27 29 84 96 112 66 58 100 126 125 122 90 51 56 85 5 2 82 86 103 13 34 39 49 16 44 10 110 70 118 41 33 28 91 55 64 57 106 115 21 107 78 93 46 88 
Coste: 255
Temperatura: 2.58204137886738
Probabilidad de aceptación: 1.0
Movimiento: SI



ITERACION 51
Solucion:    68 7 123 89 50 24 104 77 53 3 9 69 62 59 45 48 42 1 20 81 108 73 119 116 117 36 109 19 11 12 67 4 113 98 71 79 0 127 43 54 72 30 14 31 101 102 124 60 121 83 32 88 120 23 22 40 35 17 37 65 25 92 52 94 18 75 8 63 105 87 95 26 15 38 99 97 61 74 47 111 114 80 76 6 27 29 84 96 112 66 58 100 126 122 125 90 51 56 85 5 2 82 86 103 13 34 39 49 16 44 110 10 70 118 41 33 28 91 55 64 57 106 115 21 107 78 93 46 
Coste: 265
Temperatura: 2.323837240980642
Probabilidad de aceptación: 1.0
Movimiento: SI



ITERACION 52
Solucion:    68 7 123 89 50 24 104 77 53 3 9 69 62 59 45 120 42 1 20 81 48 73 119 108 117 36 109 19 11 12 67 4 113 116 71 79 98 127 43 54 0 30 14 31 101 72 124 60 121 83 32 102 64 23 22 88 35 17 37 65 25 92 40 94 18 75 8 63 105 87 95 26 15 38 99 97 61 74 47 111 114 52 76 6 27 29 80 84 96 66 58 100 126 112 122 125 90 51 56 5 2 85 82 103 13 86 39 34 49 16 110 10 70 44 41 33 28 91 55 118 57 106 115 21 107 78 93 46 
Coste: 256
Temperatura: 2.0914535168825776
Probabilidad de aceptación: 0.005197902454045218
Movimiento: NO



ITERACION 53
Solucion:    23 68 7 123 89 50 24 104 77 53 3 9 69 62 59 45 120 42 1 20 81 48 73 119 108 117 36 109 19 11 67 12 4 113 71 79 116 98 127 54 43 0 30 14 31 101 72 124 60 121 32 83 64 46 102 22 88 35 17 37 65 92 25 94 40 75 18 8 63 105 95 87 15 26 38 99 61 97 47 111 114 74 52 76 6 27 80 84 29 96 66 58 100 112 126 122 125 90 51 56 5 2 85 82 103 13 86 39 34 49 110 16 10 70 44 41 33 28 91 55 118 57 106 115 21 107 78 93 
Coste: 261
Temperatura: 1.8823081651943199
Probabilidad de aceptación: 1.0
Movimiento: SI



ITERACION 54
Solucion:    102 23 68 7 89 123 50 24 104 77 53 3 9 69 62 45 59 120 42 1 20 81 48 73 119 108 117 109 36 19 67 11 4 12 71 79 113 116 98 54 127 43 30 0 14 31 72 101 124 60 121 32 64 83 93 46 22 88 35 17 37 65 92 25 94 75 40 18 63 8 95 105 15 87 26 38 61 99 47 111 97 114 74 52 76 6 80 84 27 29 96 66 58 112 100 126 122 125 90 51 56 5 2 85 82 103 13 86 39 34 110 49 16 10 70 44 41 33 28 91 55 118 57 106 115 21 107 78 
Coste: 266
Temperatura: 1.694077348674888
Probabilidad de aceptación: 1.0
Movimiento: SI



ITERACION 55
Solucion:    46 102 23 68 89 7 123 50 24 104 77 53 3 9 69 45 62 59 120 42 1 20 81 48 73 119 108 117 109 36 67 19 11 4 71 79 12 113 116 54 98 127 43 30 0 14 72 101 31 124 60 121 64 32 83 78 93 22 88 35 17 65 37 25 92 94 75 40 63 18 95 8 15 105 87 26 61 38 47 111 97 99 114 74 52 76 80 84 6 27 29 96 66 112 58 100 126 122 125 90 51 56 5 2 85 82 103 13 86 39 34 110 16 49 10 70 44 41 33 28 91 55 118 57 106 115 21 107 
Coste: 253
Temperatura: 1.5246696138073992
Probabilidad de aceptación: 1.0
Movimiento: SI



ITERACION 56
Solucion:    93 46 102 23 68 89 7 123 50 24 104 77 53 9 3 45 69 62 59 120 42 1 20 81 48 73 119 108 117 109 67 36 11 19 71 79 4 12 113 116 54 98 127 43 30 0 72 14 101 31 124 60 64 121 32 83 107 78 22 88 35 17 65 25 37 94 92 75 63 40 95 18 15 8 87 105 61 26 47 111 97 38 99 114 74 52 80 84 76 6 27 29 96 112 66 58 100 126 122 125 90 51 56 5 2 85 82 103 13 86 34 39 16 110 49 10 70 44 41 33 28 91 55 118 57 106 115 21 
Coste: 246
Temperatura: 1.3722026524266593
Probabilidad de aceptación: 1.0
Movimiento: SI



ITERACION 57
Solucion:    78 93 46 102 68 23 89 7 123 50 24 104 77 53 9 45 3 69 62 59 120 42 1 20 81 48 73 108 119 117 67 109 11 36 71 79 19 4 12 113 116 54 127 98 43 30 0 72 14 101 124 31 64 60 121 32 83 21 107 22 88 35 17 65 25 37 94 92 63 75 95 40 15 18 87 8 61 105 47 111 97 26 38 99 114 74 80 84 52 76 6 27 29 96 112 66 58 100 126 122 125 90 51 56 5 2 85 82 103 13 86 34 16 39 110 49 10 70 44 41 33 28 91 55 118 57 106 115 
Coste: 248
Temperatura: 1.2349823871839933
Probabilidad de aceptación: 1.0
Movimiento: SI



ITERACION 58
Solucion:    107 78 93 46 68 102 23 89 7 123 50 24 104 77 53 9 45 3 69 62 59 120 42 1 20 81 48 108 73 119 67 117 11 109 71 79 36 19 4 113 12 116 127 54 98 43 0 30 72 14 124 101 64 31 60 121 32 83 115 21 22 88 35 17 65 37 25 94 63 92 95 75 15 40 87 18 61 8 47 111 97 105 26 38 99 114 80 84 74 52 76 6 27 96 29 112 66 58 100 126 122 125 90 51 56 5 2 85 82 103 13 86 16 34 39 110 49 10 70 44 41 33 28 91 55 118 57 106 
Coste: 249
Temperatura: 1.111484148465594
Probabilidad de aceptación: 1.0
Movimiento: SI



ITERACION 59
Solucion:    21 107 78 93 68 46 102 23 89 7 123 50 24 77 104 9 53 45 3 69 62 59 120 42 1 20 81 108 48 73 67 119 11 117 71 79 109 36 19 113 4 116 127 12 54 98 0 30 43 72 14 124 64 101 31 60 121 32 83 106 115 22 88 17 35 37 65 25 63 94 95 92 15 75 87 40 61 18 47 111 97 8 105 26 38 99 80 84 114 74 52 76 6 96 27 29 112 66 58 100 126 122 125 90 51 56 5 2 85 82 13 103 16 86 34 39 110 49 10 70 44 41 33 28 91 55 118 57 
Coste: 247
Temperatura: 1.0003357336190346
Probabilidad de aceptación: 1.0
Movimiento: SI



ITERACION 60
Solucion:    115 21 107 78 68 93 46 102 23 89 7 123 50 24 77 9 104 53 45 3 69 62 59 120 42 1 20 108 81 48 67 73 11 119 71 79 117 109 36 113 19 116 127 4 12 54 0 98 30 43 72 14 64 124 101 31 60 121 32 83 57 22 106 17 88 37 35 65 63 25 95 94 15 92 87 75 61 40 47 111 97 18 8 105 26 38 80 84 99 114 74 52 76 96 6 27 29 112 66 58 100 126 122 125 90 51 56 5 2 85 82 13 16 103 86 34 39 110 49 10 70 44 41 33 28 91 55 118 
Coste: 243
Temperatura: 0.9003021602571312
Probabilidad de aceptación: 1.0
Movimiento: SI



ITERACION 61
Solucion:    22 115 21 78 68 107 46 102 93 23 7 123 50 89 77 24 104 9 45 53 69 62 59 120 42 3 20 108 1 81 67 73 11 119 71 79 117 109 36 113 48 116 127 4 12 54 0 98 30 43 72 14 64 124 101 31 60 121 32 83 19 33 106 57 17 37 88 35 63 65 95 94 15 92 87 75 61 25 47 111 97 40 18 8 26 38 80 84 99 114 74 52 76 96 6 105 27 112 66 29 100 126 122 58 90 125 51 5 2 85 82 13 16 103 86 34 39 110 56 10 70 44 49 41 28 91 55 118 
Coste: 242
Temperatura: 0.810271944231418
Probabilidad de aceptación: 0.024662764986359647
Movimiento: NO



ITERACION 62
Solucion:    106 22 115 21 68 78 107 46 102 93 23 7 123 89 50 77 24 104 9 45 53 69 62 59 120 42 3 20 108 1 67 81 73 11 71 79 119 117 109 113 36 116 127 48 4 12 0 98 54 30 72 43 64 14 124 101 31 60 121 32 83 19 118 33 57 37 17 88 63 35 95 65 15 94 87 92 61 75 47 111 97 25 40 18 8 26 80 84 38 99 114 74 52 96 76 6 105 27 112 66 29 100 126 122 58 90 125 51 5 2 82 85 16 13 103 86 34 39 110 56 10 70 44 49 41 28 91 55 
Coste: 243
Temperatura: 0.7292447498082762
Probabilidad de aceptación: 1.0
Movimiento: SI



ITERACION 63
Solucion:    106 33 22 115 68 78 107 46 102 93 21 7 123 89 50 77 24 104 9 45 53 69 62 59 120 42 23 20 108 3 67 1 73 81 71 79 11 117 109 119 36 113 127 116 4 12 0 98 48 54 72 30 64 14 124 43 101 60 121 32 31 83 118 91 57 37 17 88 63 35 95 19 15 65 94 92 61 75 47 111 97 25 40 87 8 26 80 84 38 18 99 74 52 96 76 114 6 105 27 112 29 100 126 122 58 66 90 125 51 5 2 85 16 13 103 82 34 39 110 56 10 70 44 49 41 28 86 55 
Coste: 241
Temperatura: 0.6563202748274486
Probabilidad de aceptación: 0.047487311644358064
Movimiento: NO



ITERACION 64
Solucion:    57 106 33 22 68 115 78 107 46 102 93 21 7 89 123 77 50 24 104 9 45 53 69 62 59 120 42 20 23 108 67 3 73 1 71 79 81 11 117 109 119 113 127 36 116 4 0 12 98 48 72 54 64 30 14 124 43 101 60 121 32 83 31 91 55 118 37 17 63 88 95 35 15 19 94 65 61 92 47 111 97 75 25 40 87 8 80 84 26 38 18 99 74 96 52 76 114 6 105 27 112 29 100 126 122 58 66 90 125 51 2 5 16 85 13 103 82 34 39 110 56 10 70 44 49 41 28 86 
Coste: 241
Temperatura: 0.5906882473447037
Probabilidad de aceptación: 1.0
Movimiento: SI



ITERACION 65
Solucion:    118 106 33 57 68 115 22 107 78 102 93 21 7 89 123 77 50 24 104 9 46 53 69 45 59 120 42 20 23 108 67 3 73 1 71 79 81 11 117 109 119 113 127 36 116 4 0 12 98 48 72 54 64 30 14 124 43 101 60 121 32 83 62 91 55 47 37 17 31 88 63 35 95 19 15 65 94 92 61 111 97 75 25 40 87 8 80 84 26 38 18 99 74 96 52 76 114 6 105 27 112 29 100 126 122 58 66 90 125 51 2 5 16 85 13 103 82 34 39 110 56 10 70 44 49 41 28 86 
Coste: 229
Temperatura: 0.5316194226102333
Probabilidad de aceptación: 4.442764001457591E-8
Movimiento: NO



ITERACION 66
Solucion:    37 118 106 33 68 57 115 22 107 78 102 93 21 89 7 123 77 50 24 104 9 46 53 69 45 59 120 20 42 23 67 108 3 73 71 79 1 81 11 117 109 119 127 113 36 116 0 4 12 98 72 48 64 54 30 14 124 43 101 60 121 83 32 91 62 47 86 55 31 17 63 88 95 35 15 19 94 65 61 111 97 92 75 25 40 87 80 8 84 26 38 18 99 96 74 52 76 114 6 105 27 112 29 100 126 122 58 66 90 125 2 51 16 5 85 13 103 82 34 39 110 56 10 70 44 49 41 28 
Coste: 224
Temperatura: 0.47845748034921
Probabilidad de aceptación: 1.0
Movimiento: SI



ITERACION 67
Solucion:    55 37 118 106 68 33 57 115 22 107 78 102 93 89 21 123 7 77 50 24 104 9 46 53 69 45 59 20 120 42 67 23 3 108 71 79 73 1 81 117 11 119 127 109 113 36 0 4 116 12 98 72 64 48 54 30 14 124 43 101 60 83 121 91 32 47 62 28 31 86 63 17 95 88 15 35 94 19 61 111 65 97 92 75 25 40 80 8 87 84 26 38 18 96 99 74 52 76 114 6 105 27 112 29 100 126 122 58 66 90 2 125 16 51 5 85 13 103 82 34 39 110 56 10 70 44 49 41 
Coste: 226
Temperatura: 0.430611732314289
Probabilidad de aceptación: 1.0
Movimiento: SI



ITERACION 68
Solucion:    55 37 118 106 68 33 57 115 22 107 78 102 93 89 21 123 7 77 50 24 104 9 46 53 69 45 59 20 120 42 67 23 3 108 71 79 73 1 81 117 11 119 127 109 113 36 0 4 116 12 98 72 64 48 54 30 14 124 43 101 60 83 121 91 32 31 62 28 126 86 47 17 63 88 95 35 15 19 94 111 65 97 92 61 25 40 80 8 75 84 26 38 18 96 99 74 52 76 114 6 105 87 112 27 100 29 122 58 66 90 2 125 16 51 5 85 13 103 82 34 39 110 56 10 70 44 49 41 
Coste: 225
Temperatura: 0.3875505590828601
Probabilidad de aceptación: 8.212517907289442E-11
Movimiento: NO



ITERACION 69
Solucion:    86 55 37 118 68 106 33 57 115 22 107 78 102 89 93 123 21 7 77 50 24 104 9 46 53 69 45 20 59 120 67 42 3 23 71 79 108 73 1 117 81 119 127 11 109 113 0 36 4 116 12 98 64 72 48 54 30 14 124 43 101 83 60 91 121 31 32 62 126 41 47 28 63 17 95 88 15 35 94 111 65 19 97 92 61 25 80 8 40 75 84 26 38 96 18 99 74 52 76 114 6 105 87 112 27 100 29 122 58 66 2 90 16 125 51 5 85 13 103 82 34 39 110 56 10 70 44 49 
Coste: 225
Temperatura: 0.34879550317457414
Probabilidad de aceptación: 1.0
Movimiento: SI



ITERACION 70
Solucion:    86 55 37 118 68 106 33 57 115 22 107 78 102 89 93 123 21 7 77 50 24 104 9 46 53 69 45 20 59 120 67 42 3 23 71 79 108 73 1 117 81 119 47 11 109 113 0 36 4 116 12 98 64 72 48 54 30 14 124 43 101 83 60 91 121 127 32 62 31 41 94 28 126 17 63 88 95 35 15 111 65 19 97 92 61 25 80 8 40 75 84 26 38 96 18 99 74 52 76 114 6 105 87 112 27 100 29 122 58 66 2 90 16 125 51 5 85 13 103 82 34 39 110 56 10 70 44 49 
Coste: 225
Temperatura: 0.3139159528571167
Probabilidad de aceptación: 7.31846377780824E-23
Movimiento: NO



ITERACION 71
Solucion:    28 86 55 37 68 118 106 33 57 115 22 107 78 89 102 93 123 21 7 77 50 24 104 9 46 53 69 20 45 59 67 120 3 42 71 79 23 108 73 117 1 119 47 81 11 109 0 36 113 4 116 12 64 98 72 48 54 30 14 124 43 83 101 91 60 127 121 32 31 62 94 49 126 41 63 17 95 88 15 111 65 35 19 97 92 61 80 8 25 40 75 84 26 96 38 18 99 74 52 76 114 6 105 87 112 27 100 29 122 58 2 66 16 90 125 51 5 85 13 103 82 34 39 110 56 10 70 44 
Coste: 224
Temperatura: 0.28252435757140504
Probabilidad de aceptación: 1.0
Movimiento: SI



ITERACION 72
Solucion:    28 86 55 37 68 118 106 33 57 115 22 107 78 89 102 93 123 21 7 77 50 24 104 9 46 53 69 20 45 59 67 120 3 42 71 79 23 108 73 117 1 119 126 81 11 109 0 36 113 4 116 12 64 98 72 48 54 30 14 124 43 83 101 91 60 47 121 32 127 62 31 49 15 41 94 17 63 88 95 111 65 35 19 97 92 61 80 8 25 40 75 84 26 96 38 18 99 74 52 76 114 6 105 87 112 27 100 29 122 58 2 66 16 90 125 51 5 85 13 103 82 34 39 110 56 10 70 44 
Coste: 223
Temperatura: 0.25427192181426456
Probabilidad de aceptación: 1.6296142556064318E-19
Movimiento: NO



ITERACION 73
Solucion:    41 28 86 55 68 37 118 106 33 57 115 22 107 89 78 93 102 123 21 7 77 50 24 104 9 46 53 69 20 45 67 59 3 120 71 79 42 23 108 117 73 119 126 1 81 11 0 36 109 113 4 116 64 12 98 72 48 54 30 14 124 83 43 91 101 47 60 121 127 32 31 62 15 44 94 49 63 17 95 111 88 65 35 19 97 92 80 8 61 25 40 75 84 96 26 38 18 99 74 52 76 114 6 105 87 112 27 100 29 122 2 58 66 16 90 125 51 5 85 13 103 82 34 39 110 56 10 70 
Coste: 219
Temperatura: 0.2288447296328381
Probabilidad de aceptación: 1.0
Movimiento: SI



ITERACION 74
Solucion:    41 28 86 94 68 37 118 106 33 57 115 22 107 89 78 93 102 123 21 7 77 50 24 104 9 46 53 69 20 45 67 55 3 120 71 79 42 23 108 117 73 119 126 1 81 11 0 36 109 113 4 116 64 12 98 72 48 54 30 14 124 83 43 91 101 59 60 121 47 32 127 62 31 44 27 49 15 17 63 95 88 65 35 19 97 92 80 8 61 25 40 75 84 96 26 38 18 99 74 52 76 114 6 105 87 112 111 100 29 122 2 58 66 16 90 125 51 5 85 13 103 82 34 39 110 56 10 70 
Coste: 217
Temperatura: 0.2059602566695543
Probabilidad de aceptación: 2.347000363246023E-32
Movimiento: NO



ITERACION 75
Solucion:    49 41 28 86 68 94 37 118 106 33 57 115 22 89 107 93 78 102 123 21 7 77 50 24 104 9 46 69 53 20 67 45 3 55 71 79 120 42 23 117 108 119 126 73 1 81 0 36 11 109 4 113 64 116 12 98 72 48 54 30 14 83 124 91 43 59 101 60 47 121 127 32 31 62 27 70 15 44 63 95 88 17 65 35 19 97 80 8 92 61 25 40 75 84 96 26 38 18 99 74 52 76 114 6 105 87 112 111 100 29 2 122 66 58 16 90 125 51 5 85 13 103 82 34 39 110 56 10 
Coste: 217
Temperatura: 0.18536423100259888
Probabilidad de aceptación: 1.0
Movimiento: SI



ITERACION 76
Solucion:    49 41 28 86 68 94 37 118 106 33 57 115 22 89 107 93 78 102 15 21 7 77 50 24 104 9 46 69 53 20 67 45 3 55 71 79 120 42 23 117 108 119 126 73 1 81 0 36 11 109 4 113 64 116 12 98 72 48 54 30 14 83 124 91 43 123 101 60 59 121 47 32 127 62 31 70 63 44 27 95 88 17 65 35 19 97 80 8 92 61 25 40 75 84 96 26 38 18 99 74 52 76 114 6 105 87 112 111 100 29 2 122 66 58 16 90 125 51 5 85 13 103 82 34 39 110 56 10 
Coste: 217
Temperatura: 0.166827807902339
Probabilidad de aceptación: 3.5850957303272595E-37
Movimiento: NO



ITERACION 77
Solucion:    44 49 41 28 68 86 94 37 118 106 33 57 115 89 22 93 107 78 102 15 21 7 77 50 24 104 9 69 46 53 67 20 3 45 71 79 55 120 42 117 23 119 126 108 73 1 0 36 81 11 4 109 64 113 116 12 98 72 48 54 30 83 14 91 124 123 43 101 59 60 47 121 127 32 31 62 63 10 27 95 88 70 17 65 35 19 80 8 97 92 61 25 40 84 75 96 26 38 18 99 74 52 76 114 6 105 87 112 111 100 2 29 66 122 58 16 90 125 51 5 85 13 103 82 34 39 110 56 
Coste: 217
Temperatura: 0.15014502711210512
Probabilidad de aceptación: 1.0
Movimiento: SI



ITERACION 78
Solucion:    44 49 41 28 68 86 94 37 118 106 33 57 115 89 22 93 107 78 102 15 21 7 77 50 24 104 9 69 46 53 67 20 3 45 71 79 55 120 42 117 23 119 126 108 73 1 0 36 81 11 4 109 64 113 116 12 98 72 48 54 30 83 14 91 124 27 43 101 123 60 59 121 47 32 127 62 31 10 63 95 88 70 17 65 35 19 80 8 97 92 61 25 40 84 75 96 26 38 18 99 74 52 76 114 6 105 87 112 111 100 2 29 66 122 58 16 90 125 51 5 85 13 103 82 34 39 110 56 
Coste: 217
Temperatura: 0.1351305244008946
Probabilidad de aceptación: 6.1896724566645365E-49
Movimiento: NO



ITERACION 79
Solucion:    44 49 41 28 68 86 94 37 118 106 33 57 115 89 22 93 107 78 102 15 21 7 77 50 24 104 9 69 46 53 67 20 3 45 71 79 55 120 42 117 23 119 126 108 73 1 0 36 81 11 4 109 64 113 116 12 98 72 48 54 30 83 14 91 124 27 43 101 123 60 59 121 47 32 95 62 31 10 63 127 88 70 17 65 35 19 80 8 97 92 61 25 40 84 75 96 26 38 18 99 74 52 76 114 6 105 87 112 111 100 2 29 66 122 58 16 90 125 51 5 85 13 103 82 34 39 110 56 
Coste: 217
Temperatura: 0.12161747196080513
Probabilidad de aceptación: 5.275013276203355E-65
Movimiento: NO



ITERACION 80
Solucion:    44 49 41 28 68 88 94 37 118 106 33 57 115 89 22 93 107 78 102 15 21 7 77 50 24 104 9 69 46 53 67 86 3 45 71 79 55 120 42 117 23 119 126 108 73 1 0 36 20 11 4 109 64 113 81 12 98 72 48 54 30 83 14 91 124 27 43 101 123 60 59 121 47 32 95 62 31 10 63 127 82 70 17 65 35 19 80 8 97 116 61 25 40 84 75 96 26 38 18 99 74 52 76 114 6 105 87 92 111 100 2 29 66 122 58 112 90 125 51 5 16 13 103 85 34 39 110 56 
Coste: 217
Temperatura: 0.10945572476472462
Probabilidad de aceptación: 1.3456870967347634E-16
Movimiento: NO



ITERACION 81
Solucion:    70 44 49 41 68 28 88 94 37 118 106 33 57 89 115 93 22 107 78 102 15 21 7 77 50 24 104 69 9 46 67 53 3 86 71 79 45 55 120 117 42 119 126 23 108 73 0 1 36 20 4 11 64 109 113 81 12 98 72 48 54 83 30 91 14 27 124 43 123 101 59 60 47 121 95 32 31 62 63 127 82 56 10 17 65 35 80 8 19 97 116 61 25 84 40 75 96 26 38 18 99 74 52 76 114 6 105 87 92 111 2 100 66 29 122 58 112 90 125 51 5 16 13 103 85 34 39 110 
Coste: 217
Temperatura: 0.09851015228825216
Probabilidad de aceptación: 1.0
Movimiento: SI



ITERACION 82
Solucion:    10 70 44 49 68 41 28 88 94 37 118 106 33 89 57 93 115 22 107 78 102 15 21 7 77 50 24 69 104 9 67 46 3 53 71 79 86 45 55 117 120 119 126 42 23 108 0 1 73 36 4 20 64 11 109 113 81 12 98 72 48 83 54 91 30 27 14 124 123 43 59 101 47 60 95 121 31 32 63 127 82 62 110 56 17 65 80 8 35 19 97 116 61 84 25 40 75 96 26 38 18 99 74 52 76 114 6 105 87 92 2 111 66 100 29 122 58 112 90 125 51 5 16 13 103 85 34 39 
Coste: 217
Temperatura: 0.08865913705942695
Probabilidad de aceptación: 1.0
Movimiento: SI



ITERACION 83
Solucion:    56 10 70 44 68 49 41 28 88 94 37 118 106 89 33 93 57 115 22 107 78 102 15 21 7 77 50 69 24 104 67 9 3 46 71 79 53 86 45 55 117 119 126 120 42 23 0 1 108 73 4 36 64 20 11 109 113 81 12 98 72 83 48 91 54 27 30 14 123 124 59 43 47 101 95 60 31 121 63 127 82 32 62 39 110 17 80 65 8 35 19 97 116 84 61 25 40 75 96 26 38 18 99 74 52 76 114 6 105 87 2 92 66 111 100 29 122 58 112 90 125 51 5 16 13 103 85 34 
Coste: 215
Temperatura: 0.07979322335348425
Probabilidad de aceptación: 1.0
Movimiento: SI



ITERACION 84
Solucion:    110 56 10 70 68 44 49 41 28 88 94 37 118 89 106 93 33 57 115 22 107 78 102 15 21 7 77 69 50 24 67 104 3 9 71 79 46 53 86 55 45 119 117 126 120 42 0 1 23 108 73 4 64 36 20 11 109 113 81 12 98 83 72 91 48 27 54 30 123 14 59 124 47 43 95 101 31 60 63 127 82 121 32 62 34 39 80 65 17 8 35 19 97 84 116 61 25 40 75 96 26 38 18 99 74 52 76 114 6 105 2 87 66 92 111 100 29 122 58 112 90 125 51 5 16 13 103 85 
Coste: 215
Temperatura: 0.07181390101813583
Probabilidad de aceptación: 1.0
Movimiento: SI



ITERACION 85
Solucion:    39 110 56 10 68 70 44 49 41 28 88 94 37 89 118 93 106 33 57 115 22 107 78 102 15 21 7 69 77 50 67 24 3 104 71 79 9 46 53 55 86 119 117 45 126 120 0 1 42 23 73 108 64 4 36 20 11 109 113 81 12 83 98 91 72 27 48 54 123 30 59 14 47 124 43 95 31 101 63 127 82 60 121 32 62 85 80 65 34 17 8 35 19 84 97 116 61 25 40 75 96 26 38 18 99 74 52 76 114 6 2 105 66 87 92 111 100 29 122 58 112 90 125 51 5 16 13 103 
Coste: 215
Temperatura: 0.06463251091632224
Probabilidad de aceptación: 1.0
Movimiento: SI



ITERACION 86
Solucion:    39 110 56 10 68 70 44 49 41 28 88 94 37 89 118 93 106 33 57 115 22 107 78 102 15 21 7 69 77 50 67 24 3 104 71 79 9 46 53 55 86 119 117 45 126 120 0 1 42 23 73 108 64 4 36 20 11 109 113 81 12 83 98 91 72 27 48 54 123 30 59 14 47 124 43 95 31 101 63 127 82 60 121 32 62 85 66 65 34 17 8 35 19 80 97 116 61 25 40 75 84 26 38 18 99 74 52 76 114 6 2 105 96 87 92 111 100 29 122 58 112 90 125 51 5 16 13 103 
Coste: 215
Temperatura: 0.05816925982469002
Probabilidad de aceptación: 4.0844845737338924E-135
Movimiento: NO



ITERACION 87
Solucion:    39 110 56 10 65 70 44 49 41 28 88 94 37 89 118 93 106 33 57 115 22 107 78 102 15 21 7 69 77 50 67 24 3 104 71 79 9 46 53 55 86 119 117 45 126 120 0 1 42 23 73 108 64 4 36 20 11 109 113 81 12 83 98 91 68 27 48 54 123 30 59 14 47 124 43 95 31 101 63 127 82 60 121 32 62 85 66 16 34 17 8 35 19 80 97 116 61 25 40 75 84 26 38 18 99 74 52 76 114 6 72 105 96 87 92 111 100 29 122 58 112 90 125 51 5 2 13 103 
Coste: 214
Temperatura: 0.052352333842221016
Probabilidad de aceptación: 1.1063992914787782E-83
Movimiento: NO



ITERACION 88
Solucion:    34 39 110 56 65 10 70 44 49 41 28 88 94 89 37 93 118 106 33 57 115 22 107 78 102 15 21 69 7 77 67 50 3 24 71 79 104 9 46 53 55 119 117 86 45 126 0 1 120 42 73 23 64 108 4 36 20 11 109 113 81 83 12 91 98 27 68 48 123 54 59 30 47 14 43 124 31 95 63 127 82 101 60 121 32 62 66 16 103 85 17 8 35 80 19 97 116 61 25 40 75 84 26 38 18 99 74 52 76 114 72 6 96 105 87 92 111 100 29 122 58 112 90 125 51 5 2 13 
Coste: 214
Temperatura: 0.04711710045799892
Probabilidad de aceptación: 1.0
Movimiento: SI



ITERACION 89
Solucion:    85 34 39 110 65 56 10 70 44 49 41 28 88 89 94 93 37 118 106 33 57 115 22 107 78 102 15 69 21 7 67 77 3 50 71 79 24 104 9 53 46 55 119 117 86 45 0 1 126 120 73 42 64 23 108 4 36 20 11 109 113 83 81 91 12 27 98 68 123 48 59 54 47 30 43 14 31 124 63 127 82 95 101 60 121 32 66 16 62 13 103 17 8 80 35 19 97 116 61 25 40 75 84 26 38 18 99 74 52 76 114 72 96 6 105 87 92 111 100 29 122 58 112 90 125 51 5 2 
Coste: 212
Temperatura: 0.042405390412199026
Probabilidad de aceptación: 1.0
Movimiento: SI



ITERACION 90
Solucion:    103 85 34 39 65 110 56 10 70 44 49 41 28 89 88 93 94 37 118 106 33 57 115 22 107 78 102 69 15 21 7 67 77 3 71 79 50 24 104 53 9 55 119 46 117 86 0 1 45 126 73 120 64 42 23 108 4 36 20 11 109 83 113 81 91 27 12 98 123 68 59 48 47 54 43 30 31 14 63 127 82 124 95 101 60 121 66 16 32 62 2 13 17 80 8 35 19 97 116 61 25 40 75 84 26 38 18 99 74 52 114 76 96 72 6 105 87 92 111 100 29 122 58 112 90 125 51 5 
Coste: 212
Temperatura: 0.03816485137097912
Probabilidad de aceptación: 1.0
Movimiento: SI



ITERACION 91
Solucion:    13 103 85 34 65 39 110 56 10 70 44 49 41 89 28 88 93 94 37 118 106 33 57 115 22 107 78 69 102 15 7 21 67 77 71 79 3 50 24 53 104 55 119 9 46 117 0 1 86 45 73 126 64 120 42 23 108 4 36 20 11 83 109 81 113 27 91 12 123 98 59 68 47 48 43 54 31 30 63 127 82 14 124 95 101 60 66 16 121 32 62 5 2 80 17 8 35 19 97 116 61 25 40 75 84 26 38 18 99 74 114 52 96 76 72 6 105 87 92 111 100 29 122 58 112 90 125 51 
Coste: 211
Temperatura: 0.03434836623388121
Probabilidad de aceptación: 1.0
Movimiento: SI



ITERACION 92
Solucion:    2 13 103 85 65 34 39 110 56 10 70 44 49 89 41 88 28 93 94 37 118 106 33 57 115 22 107 69 78 102 7 15 67 21 71 79 77 3 50 53 24 55 119 104 9 46 0 1 117 86 73 45 64 126 120 42 23 108 4 36 20 83 11 81 109 27 113 91 123 12 59 98 47 68 43 48 31 54 63 127 82 30 14 124 95 101 66 16 60 121 32 62 51 80 5 17 8 35 19 97 116 61 25 40 75 84 26 38 18 99 114 74 96 52 76 72 6 105 87 92 111 100 29 122 58 112 90 125 
Coste: 211
Temperatura: 0.030913529610493092
Probabilidad de aceptación: 1.0
Movimiento: SI



ITERACION 93
Solucion:    80 13 103 85 65 34 39 110 56 10 70 44 49 89 41 88 28 93 94 37 118 106 33 57 115 22 107 69 78 102 7 15 67 21 71 79 77 3 50 53 24 55 119 104 9 46 0 1 117 86 73 45 64 126 120 42 23 108 4 36 20 83 11 81 109 27 113 91 123 12 59 98 47 68 43 48 31 54 63 127 82 30 14 124 95 101 66 16 60 121 32 62 51 2 5 17 8 35 19 97 116 61 25 40 75 84 26 38 18 99 114 74 96 52 76 72 6 105 87 92 111 100 29 122 58 112 90 125 
Coste: 211
Temperatura: 0.027822176649443784
Probabilidad de aceptación: 0.0
Movimiento: NO



ITERACION 94
Solucion:    5 80 13 103 65 85 34 39 110 56 10 70 44 89 49 88 41 28 93 94 37 118 106 33 57 115 22 69 107 78 7 102 15 67 71 79 21 77 3 53 50 55 119 24 104 9 0 1 46 117 73 86 64 45 126 120 42 23 108 4 36 83 20 81 11 27 109 113 123 91 59 12 47 98 43 68 31 48 63 127 82 54 30 14 124 95 66 16 101 60 121 32 62 2 125 51 17 8 35 19 97 116 61 25 40 75 84 26 38 18 99 114 96 74 52 76 72 6 105 87 92 111 100 29 122 58 112 90 
Coste: 210
Temperatura: 0.025039958984499407
Probabilidad de aceptación: 1.0
Movimiento: SI



ITERACION 95
Solucion:    51 5 80 13 65 103 85 34 39 110 56 10 70 89 44 88 49 41 28 93 94 37 118 106 33 57 115 69 22 107 7 78 15 102 71 79 67 21 77 53 3 55 119 50 24 104 0 9 1 46 73 117 64 86 45 126 120 42 23 108 4 83 36 81 20 27 11 109 123 113 59 91 47 12 43 98 31 68 63 127 82 48 54 30 14 124 66 16 95 101 60 121 32 2 62 90 125 17 8 35 19 97 116 61 25 40 75 84 26 38 99 18 96 114 74 52 76 72 6 105 87 92 111 100 29 122 58 112 
Coste: 210
Temperatura: 0.022535963086049465
Probabilidad de aceptación: 1.0
Movimiento: SI



ITERACION 96
Solucion:    125 51 5 80 65 13 103 85 34 39 110 56 10 89 70 88 44 49 41 28 93 94 37 118 106 33 57 69 115 22 7 107 15 78 71 79 102 67 21 53 77 55 119 3 50 24 0 9 104 1 73 46 64 117 86 45 126 120 42 23 108 83 4 81 36 27 20 11 123 109 59 113 91 47 43 12 31 98 63 127 82 68 48 54 30 14 66 16 124 95 101 60 121 2 32 62 112 90 17 8 35 19 97 116 61 25 40 75 84 26 99 38 96 18 114 74 52 76 72 6 105 87 92 111 100 29 122 58 
Coste: 210
Temperatura: 0.020282366777444518
Probabilidad de aceptación: 1.0
Movimiento: SI



ITERACION 97
Solucion:    90 125 51 5 65 80 13 103 85 34 39 110 56 89 10 88 70 44 49 41 28 93 94 37 118 106 33 69 57 115 7 22 15 107 71 79 78 102 67 53 21 55 119 77 3 50 0 9 24 104 1 73 64 46 117 86 45 126 120 42 23 83 108 81 4 27 36 20 123 11 59 109 91 113 43 47 31 12 63 127 98 82 68 48 54 30 66 16 14 124 95 101 60 2 121 32 62 58 112 17 8 35 19 97 116 61 25 40 75 84 99 26 96 38 18 114 74 52 76 72 6 105 87 92 111 100 29 122 
Coste: 210
Temperatura: 0.018254130099700068
Probabilidad de aceptación: 1.0
Movimiento: SI



ITERACION 98
Solucion:    112 90 125 51 65 5 80 13 103 85 34 39 110 89 56 88 10 70 44 49 41 28 93 94 37 118 106 69 33 57 7 115 15 22 71 79 107 78 102 53 67 55 119 21 77 3 0 9 50 24 1 104 64 73 46 117 86 45 126 120 42 83 23 81 108 27 4 36 123 20 59 11 91 109 43 113 31 47 63 127 98 12 82 68 48 54 66 16 30 14 124 95 101 2 60 121 32 62 122 58 17 8 35 19 97 116 61 25 40 75 99 84 96 26 38 18 114 74 52 76 72 6 105 87 92 111 100 29 
Coste: 210
Temperatura: 0.016428717089730063
Probabilidad de aceptación: 1.0
Movimiento: SI



ITERACION 99
Solucion:    58 112 90 125 65 51 5 80 13 103 85 34 39 89 110 88 56 10 70 44 49 41 28 93 94 37 118 69 106 33 7 57 15 115 71 79 22 107 78 53 102 55 119 67 21 77 0 3 9 50 1 24 64 104 73 46 117 86 45 126 120 83 42 81 23 27 108 4 123 36 59 20 91 11 43 109 31 113 63 127 98 47 12 82 68 48 66 16 54 30 14 124 95 2 101 60 121 32 62 29 122 17 8 35 19 97 116 61 25 40 99 75 96 84 26 38 18 114 74 52 76 72 6 105 87 92 111 100 
Coste: 210
Temperatura: 0.014785845380757057
Probabilidad de aceptación: 1.0
Movimiento: SI



ITERACION 100
Solucion:    122 58 112 90 65 125 51 5 80 13 103 85 34 89 39 88 110 56 10 70 44 49 41 28 93 94 37 69 118 106 7 33 15 57 71 79 115 22 107 53 78 55 119 102 67 21 0 3 77 9 1 50 64 24 104 73 46 117 86 45 126 83 120 81 42 27 23 108 123 4 59 36 91 20 43 11 31 109 63 127 98 113 47 12 82 68 66 16 48 54 30 14 124 2 95 101 60 121 32 62 100 29 17 8 35 19 97 116 61 25 40 99 96 75 84 26 38 18 114 74 52 76 72 6 105 87 92 111 
Coste: 210
Temperatura: 0.013307260842681351
Probabilidad de aceptación: 1.0
Movimiento: SI



ITERACION 101
Solucion:    29 122 58 112 65 90 125 51 5 80 13 103 85 89 34 88 39 110 56 10 70 44 49 41 28 93 94 69 37 118 7 106 15 33 71 79 57 115 22 53 107 55 119 78 102 67 0 3 21 77 1 9 64 50 24 104 73 46 117 86 45 83 126 81 120 27 42 23 123 108 59 4 91 36 43 20 31 11 63 127 98 109 113 47 12 82 66 68 16 48 54 30 14 2 124 95 101 60 121 32 62 111 100 17 8 35 19 97 116 61 40 25 96 99 75 84 26 38 18 114 74 52 76 72 6 105 87 92 
Coste: 210
Temperatura: 0.011976534758413216
Probabilidad de aceptación: 1.0
Movimiento: SI



ITERACION 102
Solucion:    100 29 122 58 65 112 90 125 51 5 80 13 103 89 85 88 34 39 110 56 10 70 44 49 41 28 93 69 94 37 7 118 15 106 71 79 33 57 115 53 22 55 119 107 78 102 0 3 67 21 1 77 64 9 50 24 104 73 46 117 86 83 45 81 126 27 120 42 123 23 59 108 91 4 43 36 31 20 63 127 98 11 109 113 47 12 66 82 68 16 48 54 30 2 14 124 95 101 60 121 32 62 92 111 17 8 35 19 97 116 40 61 96 25 99 75 84 26 38 18 114 74 52 76 72 6 105 87 
Coste: 210
Temperatura: 0.010778881282571895
Probabilidad de aceptación: 1.0
Movimiento: SI



ITERACION 103
Solucion:    111 100 29 122 65 58 112 90 125 51 5 80 13 89 103 88 85 34 39 110 56 10 70 44 49 41 28 69 93 94 7 37 15 118 71 79 106 33 57 115 53 55 119 22 107 78 0 3 102 67 1 21 64 77 9 50 24 104 73 46 117 83 86 81 45 27 126 120 123 42 59 23 91 108 43 4 31 36 63 127 98 20 11 109 113 47 66 82 12 68 16 48 54 2 30 14 124 95 101 60 121 32 62 87 92 17 8 35 19 97 116 40 96 61 25 99 75 84 26 38 18 114 74 52 76 72 6 105 
Coste: 210
Temperatura: 0.009700993154314707
Probabilidad de aceptación: 1.0
Movimiento: SI



ITERACION 104
Solucion:    92 111 100 29 65 122 58 112 90 125 51 5 80 89 13 88 103 85 34 39 110 56 10 70 44 49 41 69 28 93 7 94 15 37 71 79 118 106 33 115 57 55 119 53 22 107 0 3 78 102 67 1 64 21 77 9 50 24 104 73 46 83 117 81 86 27 45 126 123 120 59 42 91 23 43 108 31 4 63 127 98 36 20 11 109 113 66 82 47 12 68 16 48 2 54 30 14 124 95 101 60 121 32 62 105 87 17 8 35 19 97 116 96 40 61 25 99 75 84 26 38 18 114 74 52 76 72 6 
Coste: 209
Temperatura: 0.008730893838883235
Probabilidad de aceptación: 1.0
Movimiento: SI



ITERACION 105
Solucion:    87 92 111 100 65 29 122 58 112 90 125 51 5 80 89 88 13 103 85 34 39 110 56 10 70 44 49 69 41 28 7 93 15 94 71 79 37 118 106 115 33 55 119 57 53 22 0 3 107 78 67 102 64 1 21 77 9 50 24 104 73 83 46 81 117 27 86 45 123 126 59 120 91 42 43 23 31 108 63 127 98 4 36 20 11 109 66 82 113 47 12 68 16 2 48 54 30 14 124 95 101 60 121 32 62 6 105 17 8 35 97 19 96 116 40 61 25 99 75 84 26 38 18 114 74 52 76 72 
Coste: 209
Temperatura: 0.007857804454994913
Probabilidad de aceptación: 1.0
Movimiento: SI



ITERACION 106
Solucion:    105 87 92 111 65 100 29 122 58 112 90 125 51 80 5 88 89 13 103 85 34 39 110 56 10 70 44 69 49 41 7 28 15 93 71 79 94 37 118 115 106 55 119 33 57 53 0 3 22 107 67 78 64 102 1 21 77 9 50 24 104 83 73 81 46 27 117 86 123 45 59 126 91 120 43 42 31 23 63 127 98 108 4 36 20 11 66 82 109 113 47 12 68 2 16 48 54 30 14 124 95 101 60 121 32 62 72 6 17 8 97 35 96 19 116 40 61 25 99 75 84 26 38 18 114 74 52 76 
Coste: 209
Temperatura: 0.0070720240094954215
Probabilidad de aceptación: 1.0
Movimiento: SI



ITERACION 107
Solucion:    6 105 87 92 65 111 100 29 122 58 112 90 125 80 51 88 5 89 13 103 85 34 39 110 56 10 70 69 44 49 7 41 15 28 71 79 93 94 37 118 115 55 119 106 33 57 0 3 53 22 67 107 64 78 102 1 21 77 9 50 24 83 104 81 73 27 46 117 123 86 59 45 91 126 43 120 31 42 63 127 98 23 108 4 36 20 66 82 11 109 113 47 12 2 68 16 48 54 30 14 124 95 101 60 121 32 62 76 72 17 97 8 96 35 19 116 40 61 25 99 75 84 26 38 18 114 74 52 
Coste: 209
Temperatura: 0.006364821608545879
Probabilidad de aceptación: 1.0
Movimiento: SI



ITERACION 108
Solucion:    72 6 105 87 65 92 111 100 29 122 58 112 90 80 125 88 51 5 89 13 103 85 34 39 110 56 10 69 70 44 7 49 15 41 71 79 28 93 94 118 37 115 119 55 106 33 0 3 57 53 67 22 64 107 78 102 1 21 77 9 50 83 24 81 104 27 73 46 123 117 59 86 91 45 43 126 31 120 63 127 98 42 23 108 4 36 66 82 20 11 109 113 47 2 12 68 16 48 54 30 14 124 95 101 60 121 32 62 52 76 97 17 96 8 35 19 116 40 61 25 99 75 84 26 38 18 114 74 
Coste: 209
Temperatura: 0.005728339447691291
Probabilidad de aceptación: 1.0
Movimiento: SI



ITERACION 109
Solucion:    76 72 6 105 65 87 92 111 100 29 122 58 112 90 80 88 125 51 5 89 13 103 85 34 39 110 56 69 10 70 7 44 15 49 71 79 41 28 93 118 94 115 119 37 55 106 0 3 33 57 67 53 64 22 107 78 102 1 21 77 9 83 50 81 24 27 104 73 123 46 59 117 91 86 43 45 31 126 63 127 98 120 42 23 108 4 66 82 36 20 11 109 113 2 47 12 68 16 48 54 30 14 124 95 101 60 121 32 62 74 97 52 96 17 8 35 19 116 40 61 25 99 75 84 26 38 18 114 
Coste: 209
Temperatura: 0.005155505502922162
Probabilidad de aceptación: 1.0
Movimiento: SI



ITERACION 110
Solucion:    76 72 6 105 65 87 92 111 97 29 122 58 100 90 80 88 125 51 5 89 13 103 85 34 39 110 56 69 10 70 7 44 15 49 71 79 41 28 93 118 94 115 119 37 55 106 0 3 33 57 67 53 64 22 107 78 102 1 21 77 9 83 50 81 24 27 112 73 123 46 59 117 91 86 43 45 31 126 63 127 98 120 42 23 108 4 66 82 36 20 11 109 113 2 47 12 68 16 48 54 30 14 124 95 101 60 121 104 62 74 32 52 96 17 8 35 19 116 40 61 25 99 75 84 26 38 18 114 
Coste: 209
Temperatura: 0.004639954952629945
Probabilidad de aceptación: 2.518503802241586E-94
Movimiento: NO



ITERACION 111
Solucion:    52 76 72 6 65 105 87 92 111 97 29 122 58 90 100 88 80 125 51 5 89 13 103 85 34 39 110 69 56 10 7 70 15 44 71 79 49 41 28 118 93 115 119 94 37 55 0 3 106 33 67 57 64 53 22 107 78 102 1 21 77 83 9 81 50 27 24 112 123 73 59 46 91 117 43 86 31 45 63 127 98 126 120 42 23 108 66 4 82 36 20 11 109 2 113 47 12 68 16 48 54 30 14 124 95 101 60 121 104 62 32 114 96 74 17 8 35 19 116 40 61 25 99 75 84 26 38 18 
Coste: 209
Temperatura: 0.004175959457366951
Probabilidad de aceptación: 1.0
Movimiento: SI



ITERACION 112
Solucion:    52 76 72 6 65 105 87 92 111 97 29 122 58 90 100 88 80 125 51 5 89 13 103 85 34 39 110 69 56 10 7 70 15 44 71 79 49 41 28 118 93 115 119 94 37 55 0 3 106 33 67 57 64 53 22 107 78 102 1 21 77 83 9 81 50 27 24 112 123 73 59 46 91 117 43 86 31 45 63 127 98 126 120 42 23 108 66 4 82 36 20 11 109 2 113 47 12 68 16 48 54 30 14 124 95 101 60 121 104 62 32 114 96 74 17 8 35 19 116 40 61 25 99 75 84 26 38 18 
Coste: 209
Temperatura: 0.0037583635116302558
Probabilidad de aceptación: 0.0
Movimiento: NO



ITERACION 113
Solucion:    74 52 76 72 65 6 105 87 92 111 97 29 122 90 58 88 100 80 125 51 5 89 13 103 85 34 39 69 110 56 7 10 15 70 71 79 44 49 41 118 28 115 119 93 94 37 0 3 55 106 67 33 64 57 53 22 107 78 102 1 21 83 77 81 9 27 50 24 123 112 59 73 91 46 43 117 31 86 63 127 98 45 126 120 42 23 66 4 108 82 36 20 11 2 109 113 47 12 68 16 48 54 30 14 124 95 101 60 121 104 32 62 96 18 114 17 8 35 19 116 40 61 25 99 75 84 26 38 
Coste: 209
Temperatura: 0.0033825271604672304
Probabilidad de aceptación: 1.0
Movimiento: SI



ITERACION 114
Solucion:    114 74 52 76 65 72 6 105 87 92 111 97 29 90 122 88 58 100 80 125 51 5 89 13 103 85 34 69 39 110 7 56 15 10 71 79 70 44 49 118 41 115 119 28 93 94 0 3 37 55 67 106 64 33 57 53 22 107 78 102 1 83 21 81 77 27 9 50 123 24 59 112 91 73 43 46 31 117 63 127 98 86 45 126 120 42 66 4 23 108 82 36 20 2 11 109 113 47 12 68 16 48 54 30 14 124 95 101 60 121 104 32 96 62 38 18 17 8 35 19 116 40 61 25 99 75 84 26 
Coste: 209
Temperatura: 0.0030442744444205074
Probabilidad de aceptación: 1.0
Movimiento: SI



ITERACION 115
Solucion:    18 114 74 52 65 76 72 6 105 87 92 111 97 90 29 122 88 58 100 80 125 51 5 89 13 103 85 69 34 39 7 110 15 56 71 79 10 70 44 118 49 115 119 41 28 93 0 3 94 37 67 55 64 106 33 57 53 22 107 78 102 83 1 81 21 27 77 9 123 50 59 24 91 112 43 73 31 46 63 127 98 117 86 45 126 120 66 4 42 23 108 82 36 2 20 11 109 113 47 12 68 16 48 54 30 14 124 95 101 60 104 121 96 32 62 26 38 17 8 35 19 116 40 61 25 99 75 84 
Coste: 209
Temperatura: 0.0027398469999784566
Probabilidad de aceptación: 1.0
Movimiento: SI



ITERACION 116
Solucion:    38 18 114 74 65 52 76 72 6 105 87 92 111 90 97 122 29 88 58 100 80 125 51 5 89 13 103 69 85 34 7 39 15 110 71 79 56 10 70 118 44 115 119 49 41 28 0 3 93 94 67 37 64 55 106 33 57 53 22 107 78 83 102 81 1 27 21 77 123 9 59 50 91 24 43 112 31 73 63 127 98 46 117 86 45 126 66 4 120 42 23 108 82 2 36 20 11 109 113 47 12 68 16 48 54 30 14 124 95 101 104 60 96 121 32 62 84 26 17 8 35 19 116 40 61 25 99 75 
Coste: 209
Temperatura: 0.002465862299980611
Probabilidad de aceptación: 1.0
Movimiento: SI



ITERACION 117
Solucion:    26 38 18 114 65 74 52 76 72 6 105 87 92 90 111 122 97 29 88 58 100 80 125 51 5 89 13 69 103 85 7 34 15 39 71 79 110 56 10 118 70 115 119 44 49 41 0 3 28 93 67 94 64 37 55 106 33 57 53 22 107 83 78 81 102 27 1 21 123 77 59 9 91 50 43 24 31 112 63 127 98 73 46 117 86 45 66 4 126 120 42 23 108 2 82 36 20 11 109 113 47 12 68 16 48 54 30 14 124 95 104 101 96 60 121 32 62 75 84 17 8 35 19 116 40 61 25 99 
Coste: 209
Temperatura: 0.00221927606998255
Probabilidad de aceptación: 1.0
Movimiento: SI



ITERACION 118
Solucion:    84 26 38 18 65 114 74 52 76 72 6 105 87 90 92 122 111 97 29 88 58 100 80 125 51 5 89 69 13 103 7 85 15 34 71 79 39 110 56 118 10 115 119 70 44 49 0 3 41 28 67 93 64 94 37 55 106 33 57 53 22 83 107 81 78 27 102 1 123 21 59 77 91 9 43 50 31 24 63 127 98 112 73 46 117 86 66 4 45 126 120 42 23 2 108 82 36 20 11 109 113 47 12 68 16 48 54 30 14 124 104 95 96 101 60 121 32 62 99 75 17 8 35 19 116 40 61 25 
Coste: 209
Temperatura: 0.0019973484629842954
Probabilidad de aceptación: 1.0
Movimiento: SI



ITERACION 119
Solucion:    75 84 26 38 65 18 114 74 52 76 72 6 105 90 87 122 92 111 97 29 88 58 100 80 125 51 5 69 89 13 7 103 15 85 71 79 34 39 110 118 56 115 119 10 70 44 0 3 49 41 67 28 64 93 94 37 55 106 33 57 53 83 22 81 107 27 78 102 123 1 59 21 91 77 43 9 31 50 63 127 98 24 112 73 46 117 66 4 86 45 126 120 42 2 23 108 82 36 20 11 109 113 47 12 68 16 48 54 30 14 104 124 96 95 101 60 121 32 62 25 99 17 8 35 19 116 40 61 
Coste: 209
Temperatura: 0.0017976136166858658
Probabilidad de aceptación: 1.0
Movimiento: SI



ITERACION 120
Solucion:    99 75 84 26 65 38 18 114 74 52 76 72 6 90 105 122 87 92 111 97 29 88 58 100 80 125 51 69 5 89 7 13 15 103 71 79 85 34 39 118 110 115 119 56 10 70 0 3 44 49 67 41 64 28 93 94 37 55 106 33 57 83 53 81 22 27 107 78 123 102 59 1 91 21 43 77 31 9 63 127 98 50 24 112 73 46 66 4 117 86 45 126 120 2 42 23 108 82 36 20 11 109 113 47 12 68 16 48 54 30 104 14 96 124 95 101 60 121 32 62 61 25 17 8 35 19 116 40 
Coste: 209
Temperatura: 0.0016178522550172791
Probabilidad de aceptación: 1.0
Movimiento: SI



ITERACION 121
Solucion:    25 99 75 84 65 26 38 18 114 74 52 76 72 90 6 122 105 87 92 111 97 29 88 58 100 80 125 69 51 5 7 89 15 13 71 103 79 85 34 118 39 115 119 110 56 10 0 3 70 44 67 49 64 41 28 93 94 37 55 106 33 83 57 81 53 27 22 107 123 78 59 102 91 1 43 21 31 77 63 127 98 9 50 24 112 73 66 4 46 117 86 45 126 2 120 42 23 108 82 36 20 11 109 113 47 12 68 16 48 54 104 30 96 14 124 95 101 60 121 32 62 40 61 17 8 35 19 116 
Coste: 209
Temperatura: 0.0014560670295155512
Probabilidad de aceptación: 1.0
Movimiento: SI



ITERACION 122
Solucion:    61 25 99 75 65 84 26 38 18 114 74 52 76 90 72 122 6 105 87 92 111 97 29 88 58 100 80 69 125 51 7 5 15 89 71 103 13 79 85 118 34 115 119 39 110 56 0 3 10 70 67 44 64 49 41 28 93 94 37 55 106 83 33 81 57 27 53 22 123 107 59 78 91 102 43 1 31 21 63 127 98 77 9 50 24 112 66 4 73 46 117 86 45 2 126 120 42 23 108 82 36 20 11 109 113 47 12 68 16 48 104 54 96 30 14 124 95 101 60 121 32 62 116 40 17 8 35 19 
Coste: 209
Temperatura: 0.0013104603265639962
Probabilidad de aceptación: 1.0
Movimiento: SI



ITERACION 123
Solucion:    40 61 25 99 65 75 84 26 38 18 114 74 52 90 76 122 72 6 105 87 92 111 97 29 88 58 100 69 80 125 7 51 5 15 71 103 89 13 79 118 85 115 119 34 39 110 0 3 56 10 67 70 64 44 49 41 28 93 94 37 55 83 106 81 33 27 57 53 123 22 59 107 91 78 43 102 31 1 63 127 98 21 77 9 50 24 66 4 112 73 46 117 86 2 45 126 120 42 23 108 82 36 20 11 109 113 47 12 68 16 104 48 96 54 30 14 124 95 101 60 121 32 62 19 116 17 8 35 
Coste: 209
Temperatura: 0.0011794142939075966
Probabilidad de aceptación: 1.0
Movimiento: SI



ITERACION 124
Solucion:    116 40 61 25 65 99 75 84 26 38 18 114 74 90 52 122 76 72 6 105 87 92 111 97 29 88 58 69 100 80 7 125 5 51 71 103 15 89 13 118 79 115 119 85 34 39 0 3 110 56 67 10 64 70 44 49 41 28 93 94 37 83 55 81 106 27 33 57 123 53 59 22 91 107 43 78 31 102 63 127 98 1 21 77 9 50 66 4 24 112 73 46 117 2 86 45 126 120 42 23 108 82 36 20 11 109 113 47 12 68 104 16 96 48 54 30 14 124 95 101 60 121 32 62 35 19 17 8 
Coste: 209
Temperatura: 0.001061472864516837
Probabilidad de aceptación: 1.0
Movimiento: SI



ITERACION 125
Solucion:    19 116 40 61 65 25 99 75 84 26 38 18 114 90 74 122 52 76 72 6 105 87 92 111 97 29 88 69 58 100 7 80 5 125 71 103 51 15 89 118 13 115 119 79 85 34 0 3 39 110 67 56 64 10 70 44 49 41 28 93 94 83 37 81 55 27 106 33 123 57 59 53 91 22 43 107 31 78 63 127 98 102 1 21 77 9 66 4 50 24 112 73 46 2 117 86 45 126 120 42 23 108 82 36 20 11 109 113 47 12 104 68 96 16 48 54 30 14 124 95 101 60 121 32 62 8 35 17 
Coste: 209
Temperatura: 9.553255780651533E-4
Probabilidad de aceptación: 1.0
Movimiento: SI



ITERACION 126
Solucion:    35 19 116 40 65 61 25 99 75 84 26 38 18 114 90 122 74 52 76 72 6 105 87 92 111 97 29 69 88 58 7 100 5 80 71 103 125 51 15 118 89 115 119 13 79 85 0 3 34 39 67 110 64 56 10 70 44 49 41 28 93 83 94 81 37 27 55 106 123 33 59 57 91 53 43 22 107 31 63 127 98 78 102 1 21 77 66 4 9 50 24 112 73 2 46 117 86 45 126 120 42 23 108 82 36 20 11 109 113 47 104 12 96 68 16 48 54 30 14 124 95 101 60 121 32 62 17 8 
Coste: 209
Temperatura: 8.59793020258638E-4
Probabilidad de aceptación: 1.0
Movimiento: SI



ITERACION 127
Solucion:    8 35 19 116 65 40 61 25 99 75 84 26 38 114 18 122 90 74 52 76 72 6 105 87 92 111 97 69 29 88 7 58 5 100 71 103 80 125 51 118 15 115 119 89 13 79 0 3 85 34 67 39 64 110 56 10 70 44 49 41 28 83 93 81 94 27 37 55 123 106 59 33 91 57 43 53 107 22 63 127 98 31 78 102 1 21 66 4 77 9 50 24 112 2 73 46 117 86 45 126 120 42 23 108 82 36 20 11 109 113 104 47 96 12 68 16 48 54 30 14 124 95 101 60 121 32 62 17 
Coste: 209
Temperatura: 7.738137182327742E-4
Probabilidad de aceptación: 1.0
Movimiento: SI



