ITERACION 0
Solucion:    40 78 86 84 110 122 94 62 64 115 42 92 60 57 72 17 34 58 118 39 20 63 46 75 8 14 51 52 11 29 102 105 18 33 25 112 15 107 61 27 7 24 113 55 117 98 83 81 21 47 103 101 123 0 108 59 23 91 28 97 1 126 88 32 5 70 96 106 125 37 10 45 79 73 56 66 13 67 109 95 69 87 116 100 35 85 121 120 30 49 74 43 104 22 80 82 65 4 89 2 48 114 50 68 41 93 44 119 111 16 9 3 38 99 53 76 12 124 26 90 36 71 6 31 19 54 127 77 
Coste: 304
Temperatura: 438.0
Probabilidad de aceptación: 1.0
Movimiento: SI



ITERACION 1
Solucion:    78 77 40 86 84 110 122 94 62 64 115 42 92 60 57 72 17 34 58 118 39 20 63 46 75 8 14 51 52 11 29 102 105 18 33 25 112 15 107 61 27 7 24 113 55 117 98 83 81 21 47 103 101 123 0 108 59 23 91 28 97 1 126 88 32 5 70 96 106 125 37 10 45 79 73 56 66 13 67 109 95 69 87 116 100 35 85 121 120 30 49 74 43 104 22 80 82 65 4 89 2 48 114 50 68 41 93 44 119 111 16 9 3 38 99 53 76 12 124 26 90 36 71 6 31 19 54 127 
Coste: 293
Temperatura: 394.2
Probabilidad de aceptación: 1.0
Movimiento: SI



ITERACION 2
Solucion:    40 78 127 77 86 84 110 122 94 62 64 115 42 92 60 57 72 17 34 58 118 39 20 63 46 75 8 14 51 52 11 29 102 105 18 33 25 112 15 107 61 27 7 24 113 55 117 98 83 81 21 47 103 101 123 0 108 59 23 91 28 97 1 126 88 32 5 70 96 106 125 37 10 45 79 73 56 66 13 67 109 95 69 87 116 100 35 85 121 120 30 49 74 43 104 22 80 82 65 4 89 2 48 114 50 68 41 93 44 119 111 16 9 3 38 99 53 76 12 124 26 90 36 71 6 31 19 54 
Coste: 313
Temperatura: 354.78
Probabilidad de aceptación: 1.0
Movimiento: SI



ITERACION 3
Solucion:    77 40 78 54 127 86 84 110 122 94 62 64 115 42 92 60 57 72 17 34 58 118 39 20 63 46 75 8 14 51 52 11 29 102 105 18 33 25 112 15 107 61 27 7 24 113 55 117 98 83 81 21 47 103 101 123 0 108 59 23 91 28 97 1 126 88 32 5 70 96 106 125 37 10 45 79 73 56 66 13 67 109 95 69 87 116 100 35 85 121 120 30 49 74 43 104 22 80 82 65 4 89 2 48 114 50 68 41 93 44 119 111 16 9 3 38 99 53 76 12 124 26 90 36 71 6 31 19 
Coste: 313
Temperatura: 319.30199999999996
Probabilidad de aceptación: 1.0
Movimiento: SI



ITERACION 4
Solucion:    127 77 40 78 19 54 86 84 110 122 94 62 64 115 42 92 60 57 72 17 34 58 118 39 20 63 46 75 8 14 51 52 11 29 102 105 18 33 25 112 15 107 61 27 7 24 55 113 117 98 83 81 21 47 103 101 123 0 108 59 23 91 28 97 1 126 88 32 5 70 96 106 125 37 10 45 79 73 56 66 13 67 109 95 69 87 116 100 35 85 121 120 30 49 74 43 104 22 80 82 65 4 89 2 48 114 50 68 41 93 44 119 111 16 9 3 38 99 53 76 12 124 26 90 36 71 6 31 
Coste: 317
Temperatura: 287.37179999999995
Probabilidad de aceptación: 1.0
Movimiento: SI



ITERACION 5
Solucion:    54 127 77 40 78 31 19 86 84 110 122 94 62 64 115 42 92 60 57 72 17 34 58 118 39 20 63 46 75 8 14 51 52 11 29 102 105 18 33 25 112 15 107 61 27 7 24 55 113 117 98 83 81 21 47 103 101 123 0 108 59 23 91 28 97 1 126 88 32 5 70 96 106 125 37 10 45 79 73 56 66 13 67 109 95 69 87 116 100 35 85 121 120 30 49 74 43 104 22 80 82 65 4 89 2 48 114 50 68 41 93 44 119 111 16 9 3 38 99 53 76 12 124 26 90 36 71 6 
Coste: 300
Temperatura: 258.63462
Probabilidad de aceptación: 1.0
Movimiento: SI



ITERACION 6
Solucion:    19 54 127 77 40 78 6 31 86 84 110 122 94 62 64 115 42 92 60 57 72 17 34 58 118 39 20 63 46 75 8 14 51 52 11 29 102 105 18 33 25 112 15 107 61 27 7 24 55 113 117 98 83 81 21 47 103 101 123 0 108 59 23 91 28 97 1 126 88 32 5 70 96 106 125 37 10 45 79 73 56 66 13 67 109 95 69 87 116 100 35 85 121 120 30 49 74 43 104 22 80 82 65 4 89 2 48 114 50 68 41 93 44 119 111 16 9 3 38 99 53 76 12 124 26 90 36 71 
Coste: 302
Temperatura: 232.77115799999999
Probabilidad de aceptación: 1.0
Movimiento: SI



ITERACION 7
Solucion:    31 19 54 127 77 40 78 71 6 86 84 110 122 94 62 64 115 42 92 60 57 72 17 34 58 118 39 20 63 46 75 8 14 51 52 11 29 102 105 18 33 25 112 15 107 61 27 7 24 55 113 117 98 83 81 21 47 103 101 123 0 108 59 23 91 28 97 1 126 88 32 5 70 96 106 125 37 10 45 79 73 56 66 13 67 109 95 69 87 116 100 35 85 121 120 30 49 74 43 104 22 80 82 65 4 89 2 48 114 50 68 41 93 44 119 111 16 9 3 38 99 53 76 12 124 26 90 36 
Coste: 309
Temperatura: 209.4940422
Probabilidad de aceptación: 1.0
Movimiento: SI



ITERACION 8
Solucion:    6 31 19 54 127 77 40 78 36 71 86 84 110 122 94 62 64 115 42 92 60 57 72 17 34 58 118 39 20 63 46 75 8 14 51 52 11 29 102 105 18 33 25 112 15 107 61 27 7 24 55 113 117 98 83 81 21 47 103 101 123 0 108 59 23 91 28 97 1 126 88 32 5 70 96 106 125 37 10 45 79 73 56 66 13 67 109 95 69 87 116 100 35 85 121 120 30 49 74 43 104 22 80 82 65 4 89 2 48 114 50 68 41 93 44 119 111 16 9 3 38 99 53 76 12 124 26 90 
Coste: 288
Temperatura: 188.54463798
Probabilidad de aceptación: 1.0
Movimiento: SI



ITERACION 9
Solucion:    71 6 31 19 54 127 77 40 78 90 36 86 84 110 122 94 62 64 115 42 92 60 57 72 17 34 58 118 39 20 63 46 75 8 14 51 52 11 29 102 105 18 33 25 112 15 107 61 27 7 24 55 113 117 98 83 81 21 47 103 101 123 0 108 59 23 91 28 97 1 126 88 32 5 70 96 106 125 37 10 45 79 73 56 66 13 67 109 95 69 87 116 100 35 85 121 120 30 49 74 43 104 22 80 82 65 4 89 2 48 114 50 68 41 93 44 119 111 16 9 3 38 99 53 76 12 124 26 
Coste: 302
Temperatura: 169.69017418200002
Probabilidad de aceptación: 1.0
Movimiento: SI



ITERACION 10
Solucion:    36 71 6 31 19 54 127 77 40 78 26 90 86 84 110 122 94 62 64 115 42 92 60 57 72 17 34 58 118 39 20 63 46 75 8 14 51 52 11 29 102 105 18 33 25 112 15 107 61 27 7 24 55 113 117 98 83 81 21 47 103 101 123 0 108 59 23 91 28 97 1 126 88 32 5 70 96 106 125 37 10 45 79 73 56 66 13 67 109 95 69 87 116 100 35 85 121 120 30 49 74 43 104 22 80 82 65 4 89 2 48 114 50 68 41 93 44 119 111 16 9 3 38 99 53 76 12 124 
Coste: 307
Temperatura: 152.72115676380002
Probabilidad de aceptación: 1.0
Movimiento: SI



ITERACION 11
Solucion:    90 36 71 6 31 19 54 127 77 40 78 124 26 86 84 110 122 94 62 64 115 42 92 60 57 72 17 34 58 118 39 20 63 46 75 8 14 51 52 11 29 102 105 18 33 25 112 15 107 61 27 7 24 55 113 117 98 83 81 21 47 103 101 123 0 108 59 23 91 28 97 1 126 88 32 5 70 96 106 125 37 10 45 79 73 56 66 13 67 109 95 69 87 116 100 35 85 121 120 30 49 74 43 104 22 80 82 65 4 89 2 48 114 50 68 41 93 44 119 111 16 9 3 38 99 53 76 12 
Coste: 311
Temperatura: 137.44904108742003
Probabilidad de aceptación: 1.0
Movimiento: SI



ITERACION 12
Solucion:    26 90 36 71 6 31 19 54 127 77 40 78 12 124 86 84 110 122 94 62 64 115 42 92 60 57 72 17 34 58 118 39 20 63 46 75 8 14 51 52 11 29 102 105 18 33 25 15 112 107 61 27 7 24 55 113 117 98 83 81 21 47 103 101 123 0 108 59 23 91 28 97 1 126 88 32 5 70 96 106 125 37 10 45 79 73 56 66 13 67 109 95 69 87 116 100 35 85 121 120 30 49 74 43 104 22 80 82 65 4 89 2 48 114 50 68 41 93 44 119 111 16 9 3 38 99 53 76 
Coste: 312
Temperatura: 123.70413697867802
Probabilidad de aceptación: 1.0
Movimiento: SI



ITERACION 13
Solucion:    124 26 90 36 71 6 31 19 54 127 77 40 78 76 12 86 84 110 122 94 62 64 115 42 92 60 57 72 17 34 58 118 39 20 63 46 75 8 14 51 52 11 29 102 105 18 33 25 15 112 107 61 27 7 24 55 113 117 98 83 81 21 47 103 101 0 123 108 59 23 91 28 97 1 126 88 32 5 70 96 106 125 37 10 45 79 73 56 66 13 67 109 95 69 87 116 100 35 85 121 120 30 49 74 43 104 22 80 82 65 4 89 2 48 114 50 68 41 93 44 119 111 16 9 3 38 99 53 
Coste: 303
Temperatura: 111.33372328081022
Probabilidad de aceptación: 1.0
Movimiento: SI



ITERACION 14
Solucion:    12 124 26 90 36 71 6 31 19 54 127 77 40 78 53 76 86 84 110 122 94 62 64 115 42 92 60 57 72 17 34 58 118 39 20 63 46 75 8 14 51 52 11 29 102 105 18 33 25 15 112 107 61 27 7 24 55 113 117 98 83 81 21 47 103 101 0 123 108 59 23 91 28 97 1 126 88 32 5 70 96 106 125 37 10 45 73 79 56 66 13 67 109 95 69 87 116 100 35 85 121 120 30 49 74 43 104 22 80 82 65 4 89 2 48 114 50 68 41 93 44 119 111 16 9 3 38 99 
Coste: 310
Temperatura: 100.2003509527292
Probabilidad de aceptación: 1.0
Movimiento: SI



ITERACION 15
Solucion:    76 12 124 26 90 36 71 6 31 19 54 127 77 40 78 99 53 86 84 110 122 94 62 64 115 42 92 60 57 17 72 34 58 118 39 20 63 46 75 8 14 51 52 11 29 102 105 18 33 25 15 112 107 61 27 7 24 55 113 117 98 83 81 21 47 103 101 0 123 108 59 23 91 28 97 1 126 88 32 5 70 96 106 125 37 10 45 73 79 56 66 13 67 109 95 69 87 116 100 35 85 121 120 30 49 74 43 104 22 80 82 65 4 89 2 48 114 50 68 41 93 44 119 111 16 9 3 38 
Coste: 298
Temperatura: 90.18031585745628
Probabilidad de aceptación: 1.0
Movimiento: SI



ITERACION 16
Solucion:    53 76 12 124 26 90 36 71 6 31 19 54 127 77 40 78 38 99 86 84 110 122 94 62 64 115 42 92 60 57 17 72 34 58 118 39 20 63 46 75 8 14 51 52 11 29 102 105 18 33 25 15 112 107 61 27 7 24 55 113 117 98 83 81 21 47 103 101 0 123 108 59 23 91 28 97 1 126 88 32 5 70 96 106 125 37 10 45 73 79 56 66 13 67 109 95 69 87 116 100 35 85 121 120 30 49 74 43 104 22 80 82 65 4 89 2 48 114 50 68 41 93 44 119 111 16 9 3 
Coste: 307
Temperatura: 81.16228427171065
Probabilidad de aceptación: 1.0
Movimiento: SI



ITERACION 17
Solucion:    99 53 76 12 124 26 90 36 71 6 31 19 54 127 77 40 78 3 38 86 84 110 122 94 62 64 115 42 92 60 57 17 72 34 58 118 39 20 63 46 75 8 14 51 52 11 29 102 105 18 33 25 15 112 107 61 27 7 24 55 113 117 98 83 81 21 47 103 101 0 123 108 59 23 91 28 97 1 126 88 32 5 70 96 106 125 37 10 45 73 79 56 66 13 67 109 95 69 87 116 100 35 85 121 120 30 49 74 43 104 22 80 82 65 4 89 2 48 114 50 68 41 93 44 119 111 16 9 
Coste: 297
Temperatura: 73.04605584453958
Probabilidad de aceptación: 1.0
Movimiento: SI



ITERACION 18
Solucion:    38 99 53 76 12 124 26 90 36 71 6 31 19 54 127 77 40 78 9 3 86 84 110 122 94 62 64 115 42 92 60 57 17 72 34 58 118 39 20 63 46 75 8 14 51 52 11 29 102 105 18 33 25 15 112 107 61 27 7 24 55 113 117 98 83 81 21 47 103 101 123 0 108 59 23 91 28 97 1 126 88 32 5 70 96 106 125 37 10 45 73 79 56 66 13 67 109 95 69 87 116 100 35 85 121 120 30 49 74 43 104 22 80 82 65 4 89 2 48 114 50 68 41 93 44 119 111 16 
Coste: 326
Temperatura: 65.74145026008563
Probabilidad de aceptación: 1.0
Movimiento: SI



ITERACION 19
Solucion:    3 38 99 53 76 12 124 26 90 36 71 6 31 19 54 127 77 40 78 16 9 86 84 110 122 94 62 64 115 42 92 60 57 17 72 58 34 118 39 20 63 46 75 8 14 51 52 11 29 102 105 18 33 25 15 112 107 61 27 7 24 55 113 117 98 83 81 21 47 103 101 123 0 108 59 23 91 28 97 1 126 88 32 5 70 96 106 125 37 10 45 73 79 56 66 13 67 109 95 69 87 116 100 35 85 121 120 30 49 74 104 43 22 80 82 65 4 89 2 48 114 50 68 41 93 44 119 111 
Coste: 305
Temperatura: 59.16730523407707
Probabilidad de aceptación: 1.0
Movimiento: SI



ITERACION 20
Solucion:    9 3 38 99 53 76 12 124 26 90 36 71 6 31 19 54 127 77 40 78 111 16 86 84 110 122 94 62 64 115 42 92 60 57 17 72 58 34 118 39 20 63 46 75 8 14 51 52 11 29 102 105 18 33 25 15 112 107 61 27 7 24 55 113 117 98 83 81 21 47 103 101 123 0 108 59 23 91 28 97 1 126 88 32 5 70 96 106 125 37 10 45 73 79 56 66 13 67 109 95 69 87 116 100 35 85 121 120 30 49 74 104 43 22 80 82 65 4 89 2 48 114 50 68 41 93 44 119 
Coste: 316
Temperatura: 53.25057471066936
Probabilidad de aceptación: 1.0
Movimiento: SI



ITERACION 21
Solucion:    16 9 3 38 99 53 76 12 124 26 90 36 71 6 31 19 54 127 77 40 78 119 111 86 84 110 122 94 62 64 115 42 92 60 57 17 72 58 34 118 39 20 63 46 75 8 14 51 52 11 29 102 105 18 33 25 15 112 107 61 27 7 24 55 113 117 98 83 81 21 47 103 101 123 0 108 59 23 91 28 97 1 126 88 32 5 70 96 106 125 37 10 45 73 79 56 66 13 67 109 95 69 87 116 100 35 85 121 120 30 49 74 104 43 22 80 82 65 4 89 2 48 114 50 68 41 93 44 
Coste: 311
Temperatura: 47.92551723960243
Probabilidad de aceptación: 1.0
Movimiento: SI



ITERACION 22
Solucion:    111 16 9 3 38 99 53 76 12 124 26 90 36 71 6 31 19 54 127 77 40 78 44 119 86 84 110 122 94 62 64 115 42 92 60 57 17 72 58 34 118 39 20 63 46 75 8 14 51 52 11 29 102 105 18 33 25 15 112 107 61 27 7 24 55 113 117 98 83 81 21 47 103 101 123 0 108 59 23 91 28 97 1 126 88 32 5 70 96 106 125 37 10 45 73 79 56 66 13 67 109 95 69 87 116 100 35 85 121 120 30 49 74 104 43 22 80 82 65 4 89 2 48 114 50 68 41 93 
Coste: 295
Temperatura: 43.132965515642184
Probabilidad de aceptación: 1.0
Movimiento: SI



ITERACION 23
Solucion:    119 111 16 9 3 38 99 53 76 12 124 26 90 36 71 6 31 19 54 127 77 40 78 93 44 86 84 110 122 94 62 64 115 42 92 60 57 17 72 58 34 118 39 20 63 46 75 8 14 51 52 11 29 102 105 18 33 25 15 112 107 61 27 7 24 55 113 117 83 98 81 21 103 47 101 123 0 108 59 23 91 28 97 1 126 88 32 5 70 96 106 125 37 10 45 73 79 56 66 13 67 109 95 69 87 116 100 35 85 121 120 30 49 74 104 43 22 80 82 65 4 89 2 48 114 50 68 41 
Coste: 295
Temperatura: 38.81966896407797
Probabilidad de aceptación: 1.0
Movimiento: SI



ITERACION 24
Solucion:    44 119 111 16 9 3 38 99 53 76 12 124 26 90 36 71 6 31 19 54 127 77 40 78 41 93 86 84 110 122 94 62 64 115 42 92 60 57 17 72 58 34 118 39 20 63 46 75 8 14 51 52 11 29 102 105 18 33 25 15 112 107 61 27 7 24 55 113 117 83 98 81 21 103 47 101 123 0 108 59 23 91 28 97 1 126 88 32 5 70 96 106 125 37 10 45 73 79 56 66 13 67 109 95 69 87 116 100 35 85 121 120 49 30 74 104 43 22 80 82 65 4 89 2 48 114 50 68 
Coste: 320
Temperatura: 34.93770206767017
Probabilidad de aceptación: 1.0
Movimiento: SI



ITERACION 25
Solucion:    93 44 119 111 16 9 3 38 99 53 76 12 124 26 90 36 71 6 31 19 54 127 77 40 78 68 41 86 84 110 122 94 62 64 115 42 92 60 57 17 72 58 34 118 39 20 63 46 75 8 14 51 52 11 29 102 105 18 33 25 15 112 107 61 27 7 24 55 113 117 83 98 81 21 103 47 101 123 0 108 59 23 91 28 97 1 126 88 32 5 70 96 106 125 37 10 45 73 79 56 66 13 67 109 95 69 87 116 100 35 85 121 120 49 30 74 104 43 22 80 82 65 4 89 2 48 114 50 
Coste: 281
Temperatura: 31.443931860903156
Probabilidad de aceptación: 1.0
Movimiento: SI



ITERACION 26
Solucion:    41 93 44 119 111 16 9 3 38 99 53 76 12 124 26 90 36 71 6 31 19 54 127 77 40 78 50 68 86 84 110 122 94 62 64 115 42 92 60 57 17 72 58 34 118 39 20 63 46 75 8 14 51 52 11 29 102 105 18 33 25 15 112 107 61 27 7 24 55 113 117 83 98 81 21 103 47 101 123 0 108 59 23 91 28 97 1 126 88 32 5 70 96 106 125 37 10 45 73 79 56 66 13 67 109 95 69 87 116 100 35 85 121 120 49 30 74 104 43 22 80 82 65 4 89 2 48 114 
Coste: 324
Temperatura: 28.29953867481284
Probabilidad de aceptación: 1.0
Movimiento: SI



ITERACION 27
Solucion:    68 41 93 44 119 111 16 9 3 38 99 53 76 12 124 26 90 36 71 6 31 19 54 127 77 40 78 114 50 86 84 110 122 94 62 64 115 42 92 60 57 17 72 58 34 118 39 20 63 46 8 75 14 51 52 11 29 102 105 18 33 25 15 112 107 61 27 7 24 55 113 117 83 98 81 21 103 47 101 123 0 108 59 23 91 28 97 1 126 88 32 5 70 96 106 125 10 37 45 73 79 56 66 13 67 109 95 69 87 116 100 35 85 121 120 49 30 74 104 43 22 80 82 65 4 89 2 48 
Coste: 287
Temperatura: 25.469584807331557
Probabilidad de aceptación: 1.0
Movimiento: SI



ITERACION 28
Solucion:    50 68 41 93 119 44 111 16 9 3 38 99 53 76 12 124 26 90 36 71 6 31 19 54 127 77 40 78 48 114 86 84 110 122 94 62 64 115 42 92 60 57 17 72 58 34 118 39 20 63 46 8 75 14 51 52 11 29 102 105 18 33 25 15 112 107 61 27 7 24 55 113 117 83 98 81 21 103 47 101 123 0 108 59 23 91 97 28 1 126 88 32 5 70 96 106 125 10 37 45 73 79 56 66 13 67 109 95 69 87 116 100 35 85 121 120 49 30 74 104 43 22 80 82 65 4 89 2 
Coste: 293
Temperatura: 22.9226263265984
Probabilidad de aceptación: 1.0
Movimiento: SI



ITERACION 29
Solucion:    114 50 68 41 93 119 44 111 16 9 3 38 99 53 76 12 124 26 90 36 71 6 31 19 54 127 77 40 78 2 48 86 84 110 122 94 62 64 115 42 92 60 57 17 72 58 34 118 39 20 63 46 8 75 14 51 52 11 29 102 105 18 33 25 15 112 107 61 27 7 24 55 113 117 83 98 81 21 103 47 101 123 0 108 59 23 91 97 28 1 126 88 32 5 70 96 106 125 10 37 45 73 79 56 66 13 67 109 95 69 87 116 100 35 85 121 120 49 30 74 104 43 22 80 82 65 4 89 
Coste: 309
Temperatura: 20.630363693938563
Probabilidad de aceptación: 1.0
Movimiento: SI



ITERACION 30
Solucion:    48 114 50 68 41 93 119 44 111 16 9 3 38 53 99 12 76 124 26 36 90 71 6 31 19 54 127 77 40 2 89 78 86 84 110 122 94 64 62 115 42 92 60 57 17 72 58 34 118 39 20 63 46 8 75 14 51 52 11 29 102 105 33 25 18 15 112 107 61 27 7 24 55 113 117 83 81 98 21 103 47 101 123 0 108 59 23 91 97 1 28 126 88 5 32 96 70 125 106 10 37 45 73 79 56 66 13 67 109 95 69 87 116 35 100 85 121 49 120 30 74 104 43 22 80 65 4 82 
Coste: 291
Temperatura: 18.567327324544706
Probabilidad de aceptación: 1.0
Movimiento: SI



ITERACION 31
Solucion:    78 48 114 50 68 41 93 119 44 111 16 9 3 38 53 99 12 76 124 26 36 90 71 6 31 19 54 127 77 40 2 82 86 89 84 110 122 94 64 62 115 42 60 92 57 17 72 58 34 118 39 20 63 46 8 75 14 51 52 11 29 102 105 33 25 18 15 112 61 107 27 7 24 55 113 117 83 81 98 21 103 47 101 123 0 108 23 59 91 97 1 28 126 5 88 32 96 70 125 106 10 37 45 73 79 56 66 13 67 109 95 69 87 116 35 100 85 121 49 120 30 74 104 43 22 80 65 4 
Coste: 292
Temperatura: 16.710594592090235
Probabilidad de aceptación: 1.0
Movimiento: SI



ITERACION 32
Solucion:    86 78 48 114 50 68 41 93 119 44 111 16 9 3 53 38 99 12 76 124 26 36 90 71 6 31 19 54 127 77 40 2 4 82 89 84 110 122 94 62 64 115 42 60 92 57 17 58 72 34 118 39 20 63 46 8 75 14 51 52 11 102 29 105 33 25 18 15 112 61 107 7 27 24 55 113 117 83 81 98 21 103 47 101 123 0 23 108 59 91 97 1 28 5 126 32 88 96 70 125 106 10 37 45 73 79 66 56 13 67 109 95 69 87 116 35 100 85 49 121 120 30 74 104 43 22 80 65 
Coste: 292
Temperatura: 15.039535132881213
Probabilidad de aceptación: 1.0
Movimiento: SI



ITERACION 33
Solucion:    82 86 78 48 114 50 68 41 93 119 44 111 16 3 9 53 38 99 12 76 124 26 36 90 71 6 31 19 54 127 77 40 2 65 4 89 84 110 122 94 62 64 115 42 60 92 57 17 58 72 34 118 39 20 63 46 8 75 14 51 52 11 102 29 105 33 25 18 15 112 61 107 7 27 24 55 113 117 83 81 98 21 103 47 101 123 0 23 108 59 91 97 1 28 5 126 32 88 96 70 125 106 10 37 45 73 79 66 56 13 67 109 95 69 87 116 35 100 85 49 121 120 30 74 104 43 22 80 
Coste: 303
Temperatura: 13.535581619593092
Probabilidad de aceptación: 1.0
Movimiento: SI



ITERACION 34
Solucion:    4 82 86 78 48 114 50 68 41 93 119 44 111 16 3 9 53 38 99 12 76 124 26 36 90 71 6 19 31 54 127 77 40 2 80 65 89 84 110 122 94 62 64 115 42 60 92 57 17 58 72 34 118 39 20 63 46 8 75 14 51 52 11 102 29 105 33 25 18 15 112 61 107 7 27 24 55 113 117 83 81 98 21 103 47 101 123 23 0 108 59 91 97 1 28 5 126 32 88 96 70 125 106 10 37 45 73 79 66 56 13 67 95 109 69 87 116 35 100 85 49 121 120 30 74 104 43 22 
Coste: 309
Temperatura: 12.182023457633782
Probabilidad de aceptación: 1.0
Movimiento: SI



ITERACION 35
Solucion:    65 4 82 86 78 48 114 50 68 41 93 119 44 111 16 3 9 53 38 99 12 76 124 26 36 90 71 6 19 31 54 127 40 77 2 22 80 89 84 110 122 94 62 64 115 42 92 60 57 17 72 58 34 118 39 20 63 8 46 75 14 51 11 52 102 29 105 33 25 18 15 61 112 107 7 27 24 113 55 117 83 81 98 21 103 101 47 123 23 0 108 59 91 97 1 5 28 126 88 32 96 70 125 106 10 37 45 73 79 66 56 13 67 95 69 109 87 116 35 85 100 49 121 120 30 74 104 43 
Coste: 301
Temperatura: 10.963821111870404
Probabilidad de aceptación: 1.0
Movimiento: SI



ITERACION 36
Solucion:    80 65 4 82 86 78 48 114 50 68 41 93 119 44 111 16 3 9 53 38 99 12 76 124 26 36 90 71 6 19 31 54 127 40 77 2 43 22 89 84 110 122 94 62 64 115 42 92 60 57 17 72 58 34 118 39 20 63 8 46 75 14 51 11 52 102 29 105 33 25 18 15 61 112 7 107 27 24 113 55 117 83 81 98 21 103 101 47 123 23 0 108 59 97 91 1 5 28 126 88 32 96 70 125 106 10 37 45 73 79 66 56 67 13 95 69 109 87 116 35 85 100 49 121 120 30 74 104 
Coste: 293
Temperatura: 9.867439000683364
Probabilidad de aceptación: 1.0
Movimiento: SI



ITERACION 37
Solucion:    22 80 65 4 82 86 78 48 114 50 68 41 93 119 44 111 16 3 9 53 38 99 12 76 124 26 36 90 71 6 19 31 54 127 40 2 77 104 43 89 84 110 122 94 62 64 115 42 92 60 57 17 58 72 34 118 39 20 63 8 46 75 14 51 11 52 102 29 33 105 25 18 61 15 112 7 107 27 24 113 117 55 83 81 98 21 103 101 47 123 23 0 108 59 97 91 1 5 28 126 88 32 96 70 125 106 10 37 45 73 79 66 56 67 13 95 69 109 87 116 35 85 100 49 121 120 30 74 
Coste: 292
Temperatura: 8.880695100615027
Probabilidad de aceptación: 1.0
Movimiento: SI



ITERACION 38
Solucion:    43 22 80 65 82 4 86 78 48 114 50 68 41 119 93 44 111 16 3 9 53 38 99 12 76 124 26 36 90 71 6 19 54 31 40 127 2 77 74 104 89 84 110 122 94 62 64 115 42 92 60 57 17 58 72 34 118 39 20 63 8 46 75 14 51 11 52 102 29 33 105 25 61 18 15 112 107 7 27 24 113 117 55 83 81 98 21 103 101 47 123 23 0 59 108 97 91 1 5 28 126 88 32 96 70 125 106 10 37 45 73 79 66 56 67 13 95 69 109 87 116 35 85 100 49 121 120 30 
Coste: 294
Temperatura: 7.992625590553525
Probabilidad de aceptación: 1.0
Movimiento: SI



ITERACION 39
Solucion:    43 104 22 80 65 82 4 86 48 78 114 50 41 68 119 93 44 111 16 3 9 53 38 99 12 76 124 26 36 90 6 71 19 54 31 40 127 2 77 30 74 89 84 110 122 62 94 64 115 42 92 60 57 17 58 72 34 39 118 20 63 8 46 14 75 11 51 52 29 102 33 105 25 61 18 15 107 112 7 27 24 113 55 117 83 98 81 21 103 47 101 123 23 59 0 108 97 91 1 5 28 126 88 32 96 70 106 10 125 37 45 73 79 66 56 67 13 95 69 109 87 35 116 100 85 49 121 120 
Coste: 289
Temperatura: 7.193363031498173
Probabilidad de aceptación: 1.0
Movimiento: SI



ITERACION 40
Solucion:    74 43 104 22 80 65 82 4 86 48 78 114 50 41 68 93 119 44 111 16 3 9 53 38 99 12 76 124 26 36 90 6 71 19 54 31 40 127 2 77 120 30 89 84 110 122 62 94 64 115 42 92 60 57 17 58 72 34 39 118 20 63 8 46 14 11 75 51 29 52 102 33 25 105 61 18 15 107 7 27 112 24 113 55 117 83 98 81 21 103 47 101 123 23 59 0 108 97 91 1 5 28 126 88 32 96 70 106 10 125 37 45 73 79 66 56 67 13 95 69 109 87 35 116 100 85 49 121 
Coste: 288
Temperatura: 6.474026728348355
Probabilidad de aceptación: 1.0
Movimiento: SI



ITERACION 41
Solucion:    30 43 74 22 104 80 82 4 86 65 48 114 50 78 41 68 93 119 44 111 16 3 9 53 38 99 12 76 124 36 26 90 6 71 19 31 54 40 127 2 77 121 120 89 84 110 62 122 94 115 64 92 42 60 57 17 58 72 34 39 118 63 20 46 8 11 14 75 51 29 52 102 25 33 61 105 15 18 107 27 7 112 24 113 55 117 83 98 81 21 103 47 101 123 23 59 0 108 97 91 1 5 28 126 88 32 96 70 106 125 10 37 45 79 73 66 67 56 13 95 69 109 87 35 116 85 100 49 
Coste: 283
Temperatura: 5.82662405551352
Probabilidad de aceptación: 1.0
Movimiento: SI



ITERACION 42
Solucion:    120 30 43 74 22 104 80 4 82 86 65 48 114 50 78 68 41 93 119 44 111 16 3 9 53 38 99 12 76 124 36 26 90 6 71 31 54 40 127 2 19 77 49 121 89 84 110 122 62 115 64 94 92 60 42 57 17 58 72 34 118 39 63 20 46 8 14 11 51 75 29 52 25 102 33 61 105 15 107 27 18 112 24 113 55 117 7 83 98 81 103 21 47 101 123 23 59 108 97 0 91 1 5 126 28 32 96 88 70 106 125 10 37 45 79 73 66 56 67 13 95 69 109 87 116 35 85 100 
Coste: 297
Temperatura: 5.243961649962168
Probabilidad de aceptación: 1.0
Movimiento: SI



ITERACION 43
Solucion:    121 120 30 43 22 74 104 80 4 82 86 65 48 114 50 78 68 41 93 119 44 111 16 3 9 53 38 99 12 76 124 36 26 90 6 31 71 54 40 127 2 19 77 100 49 89 84 110 122 62 64 115 94 92 60 42 57 17 58 72 34 118 39 63 20 8 46 14 11 51 75 29 25 52 33 102 105 61 15 107 27 18 112 24 113 55 117 83 7 98 81 103 21 101 47 123 23 59 108 97 0 91 1 5 126 28 32 96 88 70 106 125 10 37 45 79 73 66 56 67 13 95 69 109 87 116 35 85 
Coste: 282
Temperatura: 4.719565484965951
Probabilidad de aceptación: 1.0
Movimiento: SI



ITERACION 44
Solucion:    49 121 120 30 43 22 74 104 80 4 82 86 65 114 48 50 78 68 41 93 119 44 111 16 3 9 53 38 99 12 76 124 26 36 90 31 6 71 54 40 127 2 19 77 85 100 89 84 110 122 62 64 115 94 92 60 42 57 17 58 72 34 118 39 63 8 20 46 11 14 75 51 29 25 33 52 105 102 61 15 107 27 18 112 24 113 117 55 83 7 98 81 103 101 21 47 123 23 59 108 97 0 91 1 5 126 28 32 96 88 70 106 125 10 37 45 79 73 66 56 67 13 95 69 109 87 116 35 
Coste: 267
Temperatura: 4.247608936469356
Probabilidad de aceptación: 1.0
Movimiento: SI



ITERACION 45
Solucion:    100 49 121 120 30 43 22 74 104 80 4 82 86 114 65 48 50 78 68 41 93 119 44 111 16 3 9 53 38 99 12 76 26 124 36 31 90 6 71 54 40 127 19 2 77 35 85 89 84 110 122 62 115 64 94 92 60 42 57 17 58 34 72 118 39 63 8 20 11 46 14 75 51 29 25 33 52 105 61 15 102 107 27 18 112 24 117 113 55 83 7 98 81 103 101 21 47 123 23 59 108 97 0 91 1 5 126 28 32 96 88 70 125 106 10 37 45 79 73 66 56 67 13 95 69 109 87 116 
Coste: 259
Temperatura: 3.8228480428224203
Probabilidad de aceptación: 1.0
Movimiento: SI



ITERACION 46
Solucion:    85 100 49 121 120 30 22 74 43 104 4 80 82 86 114 48 50 78 68 41 93 65 44 111 16 3 119 9 38 53 12 76 26 99 124 31 36 6 90 54 40 71 19 2 77 35 116 89 84 110 122 62 127 64 94 92 60 42 57 17 115 34 58 72 118 39 8 20 63 11 46 14 75 51 29 25 33 52 61 15 102 107 27 18 112 24 117 105 55 83 7 98 81 103 113 21 101 47 23 59 108 97 0 91 1 5 126 28 32 96 88 70 123 106 10 37 45 79 73 66 56 67 13 95 69 125 87 109 
Coste: 265
Temperatura: 3.4405632385401783
Probabilidad de aceptación: 1.0
Movimiento: SI



ITERACION 47
Solucion:    89 85 100 49 121 30 120 22 74 43 104 4 80 82 86 114 48 78 50 41 68 65 93 44 111 16 3 9 119 38 12 53 76 26 124 31 99 36 6 90 54 40 71 19 2 77 35 109 84 116 110 122 127 64 94 92 62 60 42 57 17 115 34 58 72 39 8 20 63 118 11 14 46 75 29 25 51 33 61 15 52 102 27 18 112 24 117 107 105 83 55 7 81 98 103 113 21 101 23 59 47 108 97 0 91 1 5 126 28 32 88 96 123 70 106 10 37 45 73 79 56 66 67 13 95 69 125 87 
Coste: 258
Temperatura: 3.0965069146861603
Probabilidad de aceptación: 1.0
Movimiento: SI



ITERACION 48
Solucion:    84 89 85 100 121 49 30 120 22 74 43 104 4 80 82 86 114 48 78 50 41 68 65 93 44 111 16 9 3 119 38 12 53 76 26 31 124 99 36 6 90 54 71 40 19 2 77 109 87 35 116 110 127 122 64 94 92 62 60 42 57 115 17 34 58 39 72 8 63 20 11 118 14 46 29 75 25 51 61 15 33 52 102 27 18 112 117 107 24 105 83 55 7 81 98 103 113 21 101 23 59 47 108 97 0 91 1 5 126 28 88 32 123 96 70 106 10 37 45 73 79 56 66 67 13 95 69 125 
Coste: 252
Temperatura: 2.7868562232175442
Probabilidad de aceptación: 1.0
Movimiento: SI



ITERACION 49
Solucion:    35 84 89 85 121 100 49 30 120 22 74 43 104 4 80 82 86 114 48 78 50 41 68 65 93 44 111 9 16 3 119 38 53 12 76 31 26 124 99 36 6 54 71 90 40 19 77 109 2 125 87 116 127 110 122 64 94 92 62 60 42 57 115 17 34 58 39 72 63 8 20 11 14 118 29 46 25 75 61 15 51 33 52 102 27 18 112 117 107 24 105 83 55 81 7 98 103 113 21 101 23 59 47 108 97 0 91 1 5 126 28 88 32 123 96 70 106 10 37 45 73 79 56 66 67 13 95 69 
Coste: 264
Temperatura: 2.50817060089579
Probabilidad de aceptación: 1.0
Movimiento: SI



ITERACION 50
Solucion:    87 35 84 89 85 121 49 30 100 22 74 120 43 4 80 82 86 114 48 104 78 50 41 68 65 93 44 9 16 3 119 38 53 12 111 31 26 76 99 36 6 54 71 90 40 19 124 77 2 109 69 116 125 110 122 64 127 94 62 92 42 60 57 17 34 58 115 39 63 8 20 72 11 14 29 118 25 46 61 15 51 33 75 52 102 18 112 117 27 107 24 83 55 81 7 98 105 103 113 21 23 59 47 101 97 0 108 1 91 5 126 28 88 32 96 123 70 106 10 37 45 73 56 66 67 79 13 95 
Coste: 253
Temperatura: 2.257353540806211
Probabilidad de aceptación: 1.0
Movimiento: SI



ITERACION 51
Solucion:    116 87 35 84 89 85 121 49 30 100 22 74 120 43 4 82 80 86 114 48 104 78 50 41 68 65 93 9 44 16 119 3 38 53 111 12 31 26 76 99 36 6 71 54 90 40 124 77 19 2 109 95 125 69 110 122 64 127 94 62 92 42 60 57 17 58 34 115 63 39 8 20 11 72 29 14 25 118 61 15 51 46 33 75 52 102 112 117 18 27 107 24 83 81 55 7 98 105 103 113 21 23 59 47 101 97 0 108 1 91 5 126 88 28 32 96 123 70 106 10 37 45 73 56 66 67 79 13 
Coste: 250
Temperatura: 2.03161818672559
Probabilidad de aceptación: 1.0
Movimiento: SI



ITERACION 52
Solucion:    125 87 35 84 89 116 85 49 30 121 22 74 100 43 4 82 120 86 114 80 48 78 50 41 104 68 65 9 44 16 119 3 38 53 111 12 93 26 31 76 99 6 71 36 54 90 40 77 19 2 124 95 56 69 110 109 122 127 94 62 64 42 92 60 17 57 34 58 63 39 8 115 11 20 29 14 25 72 61 15 51 46 33 75 118 102 112 52 18 27 107 117 83 81 55 7 24 98 105 103 21 23 59 47 101 97 0 113 1 91 5 126 88 108 28 32 123 70 106 10 37 45 73 96 66 67 79 13 
Coste: 254
Temperatura: 1.828456368053031
Probabilidad de aceptación: 0.004215048691012036
Movimiento: NO



ITERACION 53
Solucion:    69 125 87 35 89 84 116 85 49 30 121 22 74 100 43 4 82 120 86 114 80 48 78 50 41 104 68 65 9 44 119 16 38 3 53 111 12 93 26 31 76 99 71 6 36 54 40 90 77 19 2 124 56 13 95 110 109 122 127 94 62 42 64 60 92 57 17 34 63 58 8 39 11 115 29 20 25 14 61 15 72 51 46 33 75 118 112 52 102 18 27 107 117 81 83 55 7 24 98 105 103 21 23 59 47 101 97 0 113 1 91 5 88 126 108 28 32 123 70 106 10 37 45 73 96 66 67 79 
Coste: 246
Temperatura: 1.645610731247728
Probabilidad de aceptación: 1.0
Movimiento: SI



ITERACION 54
Solucion:    95 69 125 87 89 35 84 116 85 49 30 121 22 74 100 43 4 82 120 86 114 80 48 78 50 41 104 68 65 9 119 44 38 16 53 111 3 12 93 31 26 76 71 99 6 36 54 40 90 77 19 2 56 124 79 13 110 109 122 127 94 62 42 60 64 57 92 17 63 34 58 8 11 39 29 115 25 20 61 15 72 14 51 46 33 75 112 52 118 102 18 27 107 117 81 83 55 7 24 98 105 103 21 23 59 47 101 97 0 113 1 91 88 5 126 108 28 32 123 70 106 10 37 45 73 96 66 67 
Coste: 248
Temperatura: 1.481049658122955
Probabilidad de aceptación: 1.0
Movimiento: SI



ITERACION 55
Solucion:    13 95 69 125 89 87 35 84 116 85 49 30 121 74 22 100 43 4 82 120 86 114 80 48 78 50 41 104 68 65 119 9 38 44 53 111 16 3 12 93 31 76 71 26 99 6 36 54 40 90 19 77 2 56 124 67 79 110 109 122 127 62 94 42 60 57 64 92 63 17 58 34 11 8 29 39 25 115 61 15 20 72 14 51 46 33 112 52 75 118 102 18 27 117 107 81 83 55 7 24 98 105 103 21 23 59 47 101 97 0 113 1 88 91 5 126 108 28 32 123 70 106 10 37 45 73 96 66 
Coste: 244
Temperatura: 1.3329446923106596
Probabilidad de aceptación: 1.0
Movimiento: SI



ITERACION 56
Solucion:    79 13 95 69 89 125 87 35 84 116 85 49 30 121 74 100 22 43 4 82 120 86 114 80 48 78 50 41 104 68 119 65 38 9 44 111 53 16 3 12 93 31 76 71 26 99 36 6 54 40 19 90 2 77 56 124 66 67 110 109 122 62 127 94 42 57 60 64 63 92 17 58 11 34 29 8 25 39 61 15 115 20 72 14 51 46 112 52 33 75 118 102 18 117 27 107 81 83 55 7 24 98 105 103 21 23 59 47 101 97 0 113 88 1 91 5 126 108 28 32 123 70 106 10 37 45 73 96 
Coste: 243
Temperatura: 1.1996502230795936
Probabilidad de aceptación: 1.0
Movimiento: SI



ITERACION 57
Solucion:    67 79 13 95 89 69 125 87 35 84 116 85 49 121 30 74 100 22 43 4 82 120 86 114 80 48 78 41 50 104 68 119 38 65 44 111 9 53 16 12 3 93 31 76 71 26 36 6 99 54 19 40 90 2 77 56 124 96 66 110 109 122 62 127 94 57 42 60 63 64 17 92 58 11 29 34 25 8 61 15 115 39 20 72 14 51 112 52 46 33 75 118 102 18 117 27 107 81 83 55 7 24 98 105 103 21 23 59 47 101 97 0 113 88 1 91 5 126 108 28 32 123 70 106 10 37 45 73 
Coste: 247
Temperatura: 1.0796852007716342
Probabilidad de aceptación: 1.0
Movimiento: SI



ITERACION 58
Solucion:    66 67 79 13 89 95 69 125 87 35 84 116 85 49 121 30 74 100 22 43 4 82 120 86 114 80 48 41 78 50 104 68 119 38 65 111 44 9 53 12 16 3 31 93 76 71 26 6 36 99 54 19 90 40 2 77 56 124 73 96 110 109 122 127 62 57 94 42 63 60 17 64 58 92 29 11 25 34 61 15 115 8 39 20 72 14 51 112 52 46 33 75 118 18 102 117 27 107 81 83 55 7 24 98 105 103 21 23 59 47 97 101 113 0 88 1 91 5 126 108 28 32 123 70 106 10 37 45 
Coste: 248
Temperatura: 0.9717166806944708
Probabilidad de aceptación: 1.0
Movimiento: SI



ITERACION 59
Solucion:    96 66 67 79 89 13 95 69 125 87 35 84 116 85 49 121 30 74 100 22 43 4 82 120 86 114 80 41 48 78 104 50 68 119 38 111 65 44 9 53 12 16 31 3 93 76 26 6 71 36 54 99 19 90 40 2 77 56 124 45 73 110 109 122 127 57 62 94 63 42 60 17 58 64 29 92 25 11 61 15 34 115 8 39 20 72 51 14 112 52 46 33 75 18 118 102 117 27 107 81 83 55 7 24 98 105 103 21 23 59 97 47 113 101 0 88 1 91 5 126 108 28 32 123 70 106 10 37 
Coste: 238
Temperatura: 0.8745450126250237
Probabilidad de aceptación: 1.0
Movimiento: SI



ITERACION 60
Solucion:    73 96 66 67 89 79 13 95 69 125 87 35 84 116 85 49 121 30 74 100 22 43 4 82 120 86 114 80 41 48 78 104 68 50 38 111 119 65 44 9 53 12 31 16 3 93 26 6 76 71 54 36 19 99 90 40 2 77 56 124 37 110 45 109 122 57 127 62 63 94 60 42 17 58 29 64 25 92 61 15 34 11 115 8 39 20 51 14 72 112 52 46 33 18 75 118 102 117 27 107 81 83 55 7 24 98 105 103 21 23 97 59 113 47 101 0 88 1 91 5 126 108 28 32 123 70 106 10 
Coste: 232
Temperatura: 0.7870905113625214
Probabilidad de aceptación: 1.0
Movimiento: SI



ITERACION 61
Solucion:    110 96 66 67 89 73 79 13 95 69 87 35 84 116 85 49 121 30 74 125 22 43 4 82 120 86 114 80 100 48 78 41 68 50 38 111 119 65 104 44 9 12 31 16 3 53 26 6 93 71 54 36 19 99 90 40 2 76 56 124 37 10 77 45 122 57 127 62 63 94 60 42 17 58 29 64 25 92 61 15 34 11 115 8 109 20 51 14 72 112 52 39 46 18 75 118 102 117 27 33 81 107 83 55 7 98 24 105 103 21 97 23 113 59 47 0 88 1 91 101 126 5 108 28 123 70 106 32 
Coste: 234
Temperatura: 0.7083814602262692
Probabilidad de aceptación: 1.0
Movimiento: SI



ITERACION 62
Solucion:    77 110 96 66 89 67 73 79 13 95 69 87 35 116 84 85 49 121 30 74 125 22 43 4 82 120 86 80 114 100 78 48 68 41 38 111 50 119 65 44 104 12 9 31 16 3 26 6 53 93 71 54 19 36 99 90 40 2 76 56 124 37 32 45 10 57 122 127 63 62 60 94 17 42 29 58 25 64 61 15 34 92 11 115 8 109 51 20 14 72 112 52 39 18 46 75 118 102 117 27 33 81 107 83 55 7 98 24 105 103 97 21 113 23 59 47 0 88 1 91 101 126 5 108 28 123 70 106 
Coste: 228
Temperatura: 0.6375433142036423
Probabilidad de aceptación: 1.0
Movimiento: SI



ITERACION 63
Solucion:    45 110 77 66 89 67 73 79 96 95 13 87 69 116 84 85 35 121 30 74 49 22 125 43 82 4 120 80 86 114 78 48 100 68 38 111 50 119 65 41 104 12 9 31 16 3 26 6 44 93 71 54 19 53 99 90 40 2 76 56 124 36 37 70 10 57 122 127 63 62 60 94 17 42 29 58 25 64 61 15 34 92 11 115 8 109 51 20 14 72 32 112 39 18 52 75 118 46 102 27 117 81 107 83 55 7 98 24 105 103 97 21 113 23 59 47 33 88 1 91 0 126 101 5 108 123 28 106 
Coste: 229
Temperatura: 0.5737889827832781
Probabilidad de aceptación: 0.17502945982453624
Movimiento: NO



ITERACION 64
Solucion:    10 45 110 77 89 66 67 73 79 96 95 13 87 69 116 85 84 35 121 30 74 49 22 125 43 82 4 120 80 86 78 114 100 48 68 111 38 50 119 41 65 104 9 12 31 16 3 6 26 44 71 93 19 54 53 99 90 40 2 76 56 124 36 37 106 57 70 122 63 127 60 62 17 94 29 42 25 58 61 15 34 64 92 11 115 8 51 20 109 14 72 32 112 18 39 52 75 118 46 102 27 117 81 107 83 55 7 98 24 105 97 103 113 21 23 59 47 33 88 1 91 0 126 101 5 108 123 28 
Coste: 227
Temperatura: 0.5164100845049503
Probabilidad de aceptación: 1.0
Movimiento: SI



ITERACION 65
Solucion:    10 45 110 77 89 66 67 73 79 96 95 13 87 69 116 85 84 35 121 30 74 49 22 125 43 82 4 120 80 86 78 114 100 48 68 111 38 50 119 41 65 104 9 12 57 16 3 6 26 44 71 93 19 54 53 99 90 40 2 76 56 124 36 37 106 61 70 122 31 127 63 62 60 94 17 42 29 58 25 15 34 64 92 11 115 8 51 20 109 14 72 32 112 18 39 52 75 118 46 102 27 117 81 107 83 55 7 98 24 105 97 103 113 21 23 59 47 33 88 1 91 0 126 101 5 108 123 28 
Coste: 226
Temperatura: 0.4647690760544553
Probabilidad de aceptación: 0.013525042799147262
Movimiento: NO



ITERACION 66
Solucion:    70 10 45 110 89 77 66 67 73 79 96 95 13 87 69 85 116 84 35 121 30 74 49 22 125 43 82 120 4 80 78 86 100 114 68 111 48 38 50 41 119 65 9 104 12 57 16 3 6 26 71 44 19 93 54 53 99 90 40 2 76 56 124 36 37 61 28 106 31 122 63 127 60 62 17 94 29 42 25 15 58 34 64 92 11 115 51 20 8 109 14 72 32 18 112 39 52 75 118 46 102 27 117 81 107 83 55 7 98 24 97 105 113 103 21 23 59 47 33 88 1 91 0 126 101 5 108 123 
Coste: 224
Temperatura: 0.41829216844900974
Probabilidad de aceptación: 1.0
Movimiento: SI



ITERACION 67
Solucion:    106 70 10 45 89 110 77 66 67 73 79 96 95 87 13 85 69 116 84 35 121 30 74 49 22 125 43 120 82 4 78 80 100 86 68 111 114 48 38 41 50 65 9 119 104 12 16 3 57 6 26 71 19 44 93 54 53 99 90 40 2 76 56 124 36 61 37 123 31 28 63 122 60 127 62 17 29 94 25 15 58 42 34 64 92 11 51 115 20 8 109 14 72 18 32 112 39 52 75 118 46 102 27 117 81 107 83 55 7 98 97 24 113 105 103 21 23 59 47 33 88 1 91 0 126 101 5 108 
Coste: 218
Temperatura: 0.37646295160410875
Probabilidad de aceptación: 1.0
Movimiento: SI



ITERACION 68
Solucion:    106 70 10 45 89 110 77 66 67 73 79 96 95 87 13 85 69 116 84 35 121 30 74 49 22 125 43 120 82 4 78 80 100 86 68 111 114 48 38 41 50 65 9 119 104 12 16 3 57 6 26 71 19 44 93 54 53 99 90 40 2 76 56 124 36 31 37 123 47 28 61 122 63 127 60 17 62 94 29 15 58 42 34 64 92 11 51 115 20 8 109 25 72 18 32 112 39 52 75 118 14 102 46 117 81 107 83 27 7 98 97 24 113 105 103 21 23 55 59 33 88 1 91 0 126 101 5 108 
Coste: 214
Temperatura: 0.3388166564436979
Probabilidad de aceptación: 7.947362018714062E-15
Movimiento: NO



ITERACION 69
Solucion:    28 106 70 10 89 45 110 77 66 67 73 79 96 95 87 85 13 69 116 84 35 121 30 74 49 22 125 120 43 82 78 4 100 80 68 111 86 114 48 41 38 65 9 50 119 104 16 12 3 57 6 26 19 71 44 93 54 53 99 90 40 76 2 124 56 31 36 37 47 108 61 123 63 122 127 60 62 17 29 15 58 94 42 34 64 92 51 115 11 20 8 109 25 18 72 32 112 39 52 75 118 14 102 46 117 81 107 83 27 7 97 98 113 24 105 103 21 23 55 59 33 88 1 91 0 126 101 5 
Coste: 214
Temperatura: 0.3049349907993281
Probabilidad de aceptación: 1.0
Movimiento: SI



ITERACION 70
Solucion:    28 106 70 10 89 45 110 77 66 67 73 79 96 95 87 85 13 69 116 84 35 121 30 74 49 22 125 120 43 82 78 4 100 80 68 111 86 114 48 41 38 65 9 50 119 104 16 12 3 57 6 26 19 71 44 93 54 53 99 90 40 76 2 124 56 61 36 37 31 108 59 123 47 122 63 60 127 17 62 15 58 94 42 34 64 92 51 115 11 20 8 109 25 18 72 32 112 39 52 75 118 14 102 29 117 81 107 83 27 7 97 98 113 24 105 103 21 23 46 55 33 88 1 91 0 126 101 5 
Coste: 213
Temperatura: 0.2744414917193953
Probabilidad de aceptación: 3.916227357072521E-18
Movimiento: NO



ITERACION 71
Solucion:    123 28 106 70 89 10 45 110 77 66 67 73 79 95 96 87 85 13 69 116 84 35 121 30 74 49 22 125 120 43 78 82 100 4 68 111 80 86 114 41 48 65 9 38 50 119 16 12 104 3 6 57 19 26 71 44 93 54 53 99 90 76 40 124 2 61 56 36 31 37 59 5 47 108 63 122 127 60 62 15 17 58 94 42 34 64 51 115 92 11 20 8 109 18 25 72 32 112 39 52 75 118 14 102 29 117 81 107 83 27 97 7 113 98 24 105 103 21 23 46 55 33 88 1 91 0 126 101 
Coste: 212
Temperatura: 0.24699734254745578
Probabilidad de aceptación: 1.0
Movimiento: SI



ITERACION 72
Solucion:    123 28 106 70 89 10 45 110 77 66 67 73 79 95 96 87 85 13 69 116 84 35 121 30 74 49 22 125 120 43 78 82 100 4 68 111 80 86 114 41 48 65 9 38 50 119 16 12 104 3 6 57 19 26 71 44 93 54 53 99 90 76 40 124 2 47 56 36 61 37 31 5 55 108 59 122 63 60 127 15 17 58 94 42 34 64 51 115 92 11 20 8 109 18 25 72 32 112 39 52 75 118 14 102 29 117 81 107 83 27 97 7 113 98 24 105 103 21 23 46 62 33 88 1 91 0 126 101 
Coste: 212
Temperatura: 0.2222976082927102
Probabilidad de aceptación: 4.0030279845875545E-26
Movimiento: NO



ITERACION 73
Solucion:    108 123 28 106 89 70 10 45 110 77 66 67 73 95 79 87 96 85 13 69 116 84 35 121 30 74 49 125 22 120 78 43 100 82 68 4 111 80 86 41 114 65 9 48 38 50 16 12 119 104 3 6 19 57 26 71 44 93 54 53 99 76 90 124 40 47 2 56 61 36 31 37 55 101 59 5 63 122 127 15 17 60 58 94 42 34 51 115 64 92 11 20 8 18 109 25 72 32 112 39 52 75 118 14 102 29 117 81 107 83 97 27 113 7 98 24 105 103 21 23 46 62 33 88 1 91 0 126 
Coste: 209
Temperatura: 0.20006784746343917
Probabilidad de aceptación: 1.0
Movimiento: SI



ITERACION 74
Solucion:    108 123 28 106 89 70 10 45 110 77 66 67 73 95 79 87 96 85 13 69 116 84 35 121 30 74 49 125 22 120 78 43 100 82 68 4 111 80 86 41 114 65 9 48 38 50 16 12 119 104 3 6 19 57 26 71 44 93 54 53 99 76 90 124 40 59 2 56 47 36 61 37 31 101 62 5 55 122 63 15 17 60 58 94 42 34 51 115 64 92 11 20 8 18 109 25 72 32 112 39 52 75 118 14 102 29 117 81 107 83 97 27 113 7 98 24 105 103 21 23 46 127 33 88 1 91 0 126 
Coste: 209
Temperatura: 0.18006106271709527
Probabilidad de aceptación: 1.307668499878311E-17
Movimiento: NO



ITERACION 75
Solucion:    5 108 123 28 89 106 70 10 45 110 77 66 67 95 73 79 87 96 85 13 69 116 84 35 121 30 74 125 49 22 78 120 100 43 68 4 82 111 80 41 86 65 9 114 48 38 50 16 12 119 3 104 19 6 57 26 71 44 93 54 53 76 99 124 90 59 40 2 47 56 61 36 31 37 62 126 55 101 63 15 17 122 60 58 94 42 51 34 115 64 92 11 20 18 8 109 25 72 32 112 39 52 75 118 14 102 29 117 81 107 97 83 113 27 7 98 24 105 103 21 23 46 127 33 88 1 91 0 
Coste: 203
Temperatura: 0.16205495644538576
Probabilidad de aceptación: 1.0
Movimiento: SI



ITERACION 76
Solucion:    5 108 123 28 89 106 70 10 45 110 77 66 67 95 73 79 87 96 85 13 69 116 84 35 121 30 74 125 49 22 78 120 100 43 68 4 82 111 80 41 86 65 9 114 48 38 50 16 12 119 3 104 19 6 57 26 71 44 93 54 53 76 99 124 90 55 40 2 59 56 47 36 61 37 31 126 63 101 62 15 17 122 60 58 94 42 51 34 115 64 92 11 20 18 8 109 25 72 32 112 39 52 75 118 14 102 29 117 81 107 97 83 113 27 7 98 24 105 103 21 23 46 127 33 88 1 91 0 
Coste: 203
Temperatura: 0.14584946080084718
Probabilidad de aceptación: 3.802417734749792E-78
Movimiento: NO



ITERACION 77
Solucion:    101 5 108 123 89 28 106 70 10 45 110 77 66 95 67 79 73 87 96 85 13 69 116 84 35 121 30 125 74 49 78 22 100 120 68 4 43 82 111 41 80 65 9 86 114 48 50 38 16 12 3 119 19 104 6 57 26 71 44 93 54 76 53 124 99 55 90 40 59 2 47 56 61 36 31 37 63 0 62 15 17 126 122 60 58 94 51 34 42 115 64 92 11 18 20 8 109 25 72 32 112 39 52 75 118 14 102 29 117 81 97 107 113 83 27 7 98 24 105 103 21 23 46 127 33 88 1 91 
Coste: 203
Temperatura: 0.13126451472076248
Probabilidad de aceptación: 1.0
Movimiento: SI



ITERACION 78
Solucion:    101 5 108 123 89 28 106 70 10 45 110 77 66 95 67 79 73 87 96 85 13 69 116 84 35 121 30 125 74 49 78 22 100 120 68 4 43 82 111 41 80 65 9 86 114 48 50 38 16 12 3 119 19 104 6 57 26 71 44 93 54 76 53 124 99 62 90 40 55 2 59 56 47 36 61 37 31 0 63 15 17 126 122 60 58 94 51 34 42 115 64 92 11 18 20 8 109 25 72 32 112 39 52 75 118 14 102 29 117 81 97 107 113 83 27 7 98 24 105 103 21 23 46 127 33 88 1 91 
Coste: 203
Temperatura: 0.11813806324868623
Probabilidad de aceptación: 7.204311279457184E-56
Movimiento: NO



ITERACION 79
Solucion:    101 5 108 123 89 28 106 70 10 15 110 77 66 95 67 79 73 87 96 85 13 69 116 84 35 121 30 125 74 49 78 22 100 120 68 4 43 82 111 41 80 65 9 86 114 48 50 38 16 12 3 119 19 104 6 57 26 71 44 93 54 76 53 124 99 62 90 40 55 2 59 56 47 36 61 37 31 0 63 29 17 126 122 60 58 94 51 34 42 115 64 92 11 18 20 8 109 25 72 32 112 39 52 75 118 14 102 45 117 81 97 107 113 83 27 7 98 24 105 103 21 23 46 127 33 88 1 91 
Coste: 203
Temperatura: 0.10632425692381761
Probabilidad de aceptación: 1.1725987298244115E-45
Movimiento: NO



ITERACION 80
Solucion:    101 5 108 123 89 28 106 70 10 15 110 77 66 95 67 79 73 87 96 85 13 69 116 84 17 121 30 125 74 35 78 49 100 120 68 4 43 22 111 41 80 65 9 86 82 114 50 38 48 12 3 119 19 104 6 57 16 71 44 93 26 76 53 124 99 62 90 40 55 54 59 56 47 36 61 37 31 0 63 29 23 126 122 60 2 94 51 58 42 34 64 92 11 18 20 8 109 25 72 32 112 39 52 75 118 14 102 45 117 81 97 107 113 115 83 7 98 24 105 103 21 27 46 127 33 88 1 91 
Coste: 203
Temperatura: 0.09569183123143585
Probabilidad de aceptación: 8.376459417830611E-10
Movimiento: NO



ITERACION 81
Solucion:    126 101 5 108 123 89 28 106 70 10 15 110 77 95 66 79 67 73 87 96 85 13 69 116 84 17 121 125 30 74 78 35 100 49 68 4 120 43 22 41 111 65 9 80 86 82 50 114 38 48 3 12 19 119 104 6 57 16 71 44 93 76 26 124 53 62 99 90 55 40 59 54 47 56 61 36 31 37 63 29 23 91 0 122 60 2 51 58 94 42 34 64 92 18 11 20 8 109 25 72 32 112 39 52 75 118 14 102 45 117 81 97 113 107 115 83 7 98 24 105 103 21 27 46 127 33 88 1 
Coste: 201
Temperatura: 0.08612264810829226
Probabilidad de aceptación: 1.0
Movimiento: SI



ITERACION 82
Solucion:    0 126 101 5 123 108 89 28 106 70 10 15 110 77 95 79 66 67 73 87 96 85 13 69 116 84 17 121 125 30 78 74 100 35 68 4 49 120 43 41 22 65 9 111 80 86 50 82 114 38 3 48 19 12 119 104 6 57 16 71 44 93 76 124 26 62 53 99 55 90 59 40 47 54 61 56 31 36 63 29 23 37 1 91 122 60 51 2 58 94 42 34 64 18 92 11 20 8 109 25 72 32 112 39 52 75 118 14 102 45 117 81 113 97 107 115 83 7 98 24 105 103 21 27 46 127 33 88 
Coste: 200
Temperatura: 0.07751038329746304
Probabilidad de aceptación: 1.0
Movimiento: SI



ITERACION 83
Solucion:    91 0 126 101 123 5 108 89 28 106 70 10 15 77 110 79 95 66 67 73 87 96 85 13 69 116 84 121 17 125 78 30 100 74 68 4 35 49 120 41 43 65 9 22 111 80 50 82 86 114 3 38 19 48 12 119 104 6 57 16 71 44 93 76 124 62 26 53 55 99 59 90 47 40 61 54 31 56 63 29 23 36 37 88 1 122 51 2 60 58 94 42 34 18 64 92 11 20 8 109 25 72 32 112 39 52 75 118 14 102 117 45 113 81 97 107 115 83 7 98 24 105 103 21 27 46 127 33 
Coste: 200
Temperatura: 0.06975934496771674
Probabilidad de aceptación: 1.0
Movimiento: SI



ITERACION 84
Solucion:    1 91 0 126 123 101 5 108 89 28 106 70 10 15 77 79 110 95 66 67 73 87 96 85 13 69 116 121 84 17 78 125 100 30 68 4 74 35 49 41 120 43 9 65 22 111 50 82 80 86 114 3 19 38 48 12 119 104 6 57 16 44 71 76 93 62 124 26 55 53 59 99 47 90 61 40 31 54 63 29 23 56 36 37 33 88 51 2 122 60 58 94 42 18 34 64 92 11 20 8 109 25 72 32 112 39 52 75 118 14 117 102 113 45 81 97 107 115 83 7 98 24 105 103 21 27 46 127 
Coste: 198
Temperatura: 0.06278341047094507
Probabilidad de aceptación: 1.0
Movimiento: SI



ITERACION 85
Solucion:    88 1 91 0 123 126 101 5 108 89 28 106 70 15 10 79 77 110 95 66 67 73 87 96 85 13 69 121 116 84 78 17 100 125 68 4 30 74 35 41 49 43 9 120 65 22 50 82 111 80 86 114 19 3 38 48 12 119 104 6 57 44 16 76 71 62 93 124 55 26 59 53 47 99 61 90 31 40 63 29 54 23 56 36 37 127 51 2 33 122 60 58 94 18 42 34 64 92 11 20 8 109 25 72 32 112 39 52 75 118 117 14 113 102 45 81 97 107 115 83 7 98 24 105 103 21 27 46 
Coste: 198
Temperatura: 0.056505069423850564
Probabilidad de aceptación: 1.0
Movimiento: SI



ITERACION 86
Solucion:    88 1 91 0 123 126 101 5 108 89 28 106 70 15 10 79 77 110 95 66 67 73 87 96 85 13 69 121 116 84 78 17 100 125 68 4 30 74 35 41 49 43 9 120 65 22 50 82 111 80 86 114 19 3 38 48 12 119 104 6 57 44 16 76 71 62 93 124 55 26 59 53 47 99 61 90 31 40 63 29 54 23 56 36 37 127 51 2 33 122 60 58 94 18 42 34 64 92 11 20 8 109 25 72 32 112 39 52 75 118 117 14 113 102 45 81 97 107 115 83 7 98 24 105 103 21 27 46 
Coste: 198
Temperatura: 0.050854562481465505
Probabilidad de aceptación: 2.2966531871891757E-137
Movimiento: NO



ITERACION 87
Solucion:    88 1 91 0 123 126 101 5 108 89 28 106 70 15 10 79 77 110 95 66 67 73 87 96 85 13 69 121 116 84 78 2 100 125 68 4 30 74 17 41 35 43 9 120 65 49 22 82 111 80 86 114 50 3 38 48 12 119 104 6 57 44 16 76 71 62 93 124 55 26 59 53 47 99 61 90 31 40 63 29 19 23 56 36 37 127 51 54 33 122 60 58 94 18 42 34 64 92 11 20 8 109 25 72 32 112 39 52 75 118 117 14 113 102 45 81 97 107 115 83 7 98 24 105 103 21 27 46 
Coste: 196
Temperatura: 0.04576910623331896
Probabilidad de aceptación: 1.2288459842308168E-76
Movimiento: NO



ITERACION 88
Solucion:    33 88 1 91 123 0 126 101 5 108 89 28 106 15 70 79 10 77 110 95 66 67 73 87 96 85 13 121 69 116 84 78 100 2 68 4 125 30 74 41 17 43 9 35 120 65 22 82 49 111 80 86 50 114 3 38 48 12 119 104 6 44 57 76 16 62 71 93 55 124 59 26 47 53 61 99 31 90 63 29 19 40 23 56 36 37 51 54 46 127 122 60 58 18 94 42 34 64 92 11 20 8 109 25 72 32 112 39 52 75 117 118 113 14 102 45 81 97 107 115 83 7 98 24 105 103 21 27 
Coste: 193
Temperatura: 0.04119219560998706
Probabilidad de aceptación: 1.0
Movimiento: SI



ITERACION 89
Solucion:    127 33 88 1 123 91 0 126 101 5 108 89 28 15 106 79 70 10 77 110 95 66 67 73 87 96 85 121 13 69 84 116 100 78 68 4 2 125 30 41 74 43 9 17 35 120 22 82 65 49 80 111 50 86 114 3 38 48 12 119 104 44 6 76 57 62 16 71 55 93 59 124 47 26 61 53 31 99 63 29 19 90 40 23 56 36 51 54 37 27 46 122 60 18 58 94 42 34 64 92 11 20 8 109 25 72 32 112 39 52 117 75 113 118 14 102 45 81 97 107 115 83 7 98 24 105 103 21 
Coste: 193
Temperatura: 0.037072976048988356
Probabilidad de aceptación: 1.0
Movimiento: SI



ITERACION 90
Solucion:    46 127 33 88 123 1 91 0 126 101 5 108 89 15 28 79 106 70 10 77 110 95 66 67 73 87 96 121 85 13 69 84 100 116 68 4 78 2 125 41 30 43 9 74 17 35 22 82 120 65 80 49 50 111 86 114 3 38 48 12 119 104 44 76 6 62 57 16 55 71 59 93 47 124 61 26 31 53 63 29 19 99 90 40 23 56 51 54 36 37 21 27 122 18 60 58 94 42 34 64 92 11 20 8 109 25 72 32 112 39 117 52 113 75 118 14 102 45 81 97 107 115 83 7 98 24 105 103 
Coste: 193
Temperatura: 0.03336567844408952
Probabilidad de aceptación: 1.0
Movimiento: SI



ITERACION 91
Solucion:    27 46 127 33 123 88 1 91 0 126 101 5 108 15 89 79 28 106 70 10 77 110 95 66 67 73 87 121 96 85 69 13 84 100 68 4 116 78 2 41 125 43 9 30 74 17 22 82 35 120 80 65 50 49 111 86 114 3 38 48 12 104 119 44 76 62 6 57 55 16 59 71 47 93 61 124 31 26 63 29 19 53 99 90 40 23 51 54 56 36 37 103 21 18 122 60 58 94 42 34 64 92 11 20 8 109 25 72 32 112 117 39 113 52 75 118 14 102 45 81 97 107 115 83 7 98 24 105 
Coste: 193
Temperatura: 0.030029110599680567
Probabilidad de aceptación: 1.0
Movimiento: SI



ITERACION 92
Solucion:    21 27 46 127 123 33 88 1 91 0 126 101 5 15 108 79 89 28 106 70 10 77 110 95 66 67 73 121 87 96 69 85 84 13 68 4 100 116 78 41 2 43 9 125 30 74 22 82 17 35 80 120 50 65 49 111 86 114 3 38 48 12 104 44 119 62 76 6 55 57 59 16 47 71 61 93 31 124 63 29 19 26 53 99 90 40 51 54 23 56 36 37 105 18 103 122 60 58 94 42 34 64 92 11 20 8 109 25 72 32 112 117 113 39 52 75 118 14 102 45 81 97 107 115 83 7 98 24 
Coste: 192
Temperatura: 0.02702619953971251
Probabilidad de aceptación: 1.0
Movimiento: SI



ITERACION 93
Solucion:    21 27 46 127 123 33 88 1 91 0 126 101 5 15 108 79 89 28 106 70 10 77 110 95 66 67 73 121 87 96 69 85 84 13 68 4 100 116 78 41 2 43 9 125 30 74 22 82 17 35 80 120 18 65 49 111 86 114 3 38 48 12 104 44 119 62 76 6 55 57 59 16 47 71 61 93 31 124 63 29 19 26 53 99 90 40 51 54 23 56 36 37 105 50 103 122 60 58 94 42 34 64 92 11 20 8 109 25 72 32 112 117 113 39 52 75 118 14 102 45 81 97 107 115 83 7 98 24 
Coste: 191
Temperatura: 0.024323579585741262
Probabilidad de aceptación: 5.514366602414333E-215
Movimiento: NO



ITERACION 94
Solucion:    103 21 27 46 123 127 33 88 1 91 0 126 101 15 5 79 108 89 28 106 70 10 77 110 95 66 67 121 73 87 69 96 84 85 68 13 4 100 116 41 78 43 9 2 125 30 22 82 74 17 80 35 18 120 65 49 111 86 114 3 38 12 48 44 104 62 119 76 55 6 59 57 47 16 61 71 31 93 63 29 19 124 26 53 99 90 51 54 40 23 56 36 37 50 24 105 122 60 58 94 42 34 64 92 11 20 8 109 25 72 112 32 113 117 39 52 75 118 14 102 45 81 97 107 115 83 7 98 
Coste: 191
Temperatura: 0.021891221627167137
Probabilidad de aceptación: 1.0
Movimiento: SI



ITERACION 95
Solucion:    105 103 21 27 123 46 127 33 88 1 91 0 126 15 101 79 5 108 89 28 106 70 10 77 110 95 66 121 67 73 69 87 84 96 85 13 68 4 100 41 116 43 9 78 2 125 22 82 30 74 80 17 18 35 120 65 49 111 86 114 3 12 38 44 48 62 104 119 55 76 59 6 47 57 61 16 31 71 63 29 19 93 124 26 53 99 51 54 90 40 23 56 36 50 37 98 24 122 60 58 94 42 34 64 92 11 20 8 109 25 112 72 113 32 117 39 52 75 118 14 102 45 81 97 107 115 83 7 
Coste: 191
Temperatura: 0.019702099464450423
Probabilidad de aceptación: 1.0
Movimiento: SI



ITERACION 96
Solucion:    24 105 103 21 123 27 46 127 33 88 1 91 0 15 126 79 101 5 108 89 28 106 70 10 77 110 95 121 66 67 69 73 87 84 85 13 96 68 4 41 100 43 9 116 78 2 22 82 125 30 80 74 18 17 35 120 65 49 111 86 114 12 3 44 38 62 48 104 55 119 59 76 47 6 61 57 31 16 63 29 19 71 93 124 26 53 51 54 99 90 40 23 56 50 36 37 7 98 122 60 58 94 42 34 64 92 11 20 8 109 112 25 113 72 32 117 39 52 75 118 14 102 45 81 97 107 115 83 
Coste: 191
Temperatura: 0.017731889518005382
Probabilidad de aceptación: 1.0
Movimiento: SI



ITERACION 97
Solucion:    98 24 105 103 123 21 27 46 127 33 88 1 91 15 0 79 126 101 5 108 89 28 106 70 10 77 110 121 95 66 69 67 73 87 85 13 84 96 68 41 4 43 9 100 116 78 22 82 2 125 80 30 18 74 17 35 120 65 49 111 86 12 114 44 3 62 38 48 55 104 59 119 47 76 61 6 31 57 63 29 19 16 71 93 124 26 51 54 53 99 90 40 23 50 56 36 37 83 7 122 60 58 94 42 34 64 92 11 20 8 112 109 113 25 72 32 117 39 52 75 118 14 102 45 81 97 107 115 
Coste: 191
Temperatura: 0.015958700566204846
Probabilidad de aceptación: 1.0
Movimiento: SI



ITERACION 98
Solucion:    7 98 24 105 123 103 21 27 46 127 33 88 1 15 91 79 0 126 101 5 108 89 28 106 70 10 77 121 110 95 69 66 73 67 85 13 87 84 96 41 68 43 9 4 100 116 22 82 78 2 80 125 18 30 74 17 35 120 65 49 111 12 86 44 114 62 3 38 55 48 59 104 47 119 61 76 31 6 63 29 19 57 16 71 93 124 51 54 26 53 99 90 40 50 23 56 36 37 115 83 122 60 58 94 42 34 64 92 11 20 112 8 113 109 25 72 32 117 39 52 75 118 14 102 45 81 97 107 
Coste: 191
Temperatura: 0.014362830509584363
Probabilidad de aceptación: 1.0
Movimiento: SI



ITERACION 99
Solucion:    83 7 98 24 123 105 103 21 27 46 127 33 88 15 1 79 91 0 126 101 5 108 89 28 106 70 10 121 77 110 69 95 73 66 85 13 67 87 84 41 96 43 9 68 4 100 22 82 116 78 2 80 18 125 30 74 17 35 120 65 49 12 111 44 86 62 114 3 55 38 59 48 47 104 61 119 31 76 63 29 19 6 57 16 71 93 51 54 124 26 53 99 90 50 40 23 56 36 37 107 115 122 60 58 94 42 34 64 92 11 112 20 113 8 109 25 72 32 117 39 52 75 118 14 102 45 81 97 
Coste: 191
Temperatura: 0.012926547458625927
Probabilidad de aceptación: 1.0
Movimiento: SI



ITERACION 100
Solucion:    115 83 7 98 123 24 105 103 21 27 46 127 33 15 88 79 1 91 0 126 101 5 108 89 28 106 70 121 10 77 69 110 73 95 85 13 66 67 87 41 84 43 9 96 68 4 22 82 100 116 2 78 18 80 125 30 74 17 35 120 65 12 49 44 111 62 86 114 55 3 59 38 47 48 61 104 31 119 63 29 19 76 6 57 16 71 51 54 93 124 26 53 99 50 90 40 23 56 36 37 97 107 122 60 58 94 42 34 64 92 112 11 113 20 8 109 25 72 32 117 39 52 75 118 14 102 45 81 
Coste: 191
Temperatura: 0.011633892712763334
Probabilidad de aceptación: 1.0
Movimiento: SI



ITERACION 101
Solucion:    107 115 83 7 123 98 24 105 103 21 27 46 127 15 33 79 88 1 91 0 126 101 5 108 89 28 106 121 70 10 77 69 73 110 95 13 85 66 67 41 87 43 9 84 96 68 22 4 82 100 2 116 18 78 80 125 30 74 17 35 120 12 65 44 49 62 111 86 55 114 59 3 47 38 61 48 31 104 63 29 19 119 76 6 57 16 51 54 71 93 124 26 53 50 99 90 40 23 56 36 37 81 97 122 60 58 94 42 34 64 112 92 113 11 20 8 109 25 72 32 117 39 52 75 118 14 102 45 
Coste: 190
Temperatura: 0.010470503441487
Probabilidad de aceptación: 1.0
Movimiento: SI



ITERACION 102
Solucion:    97 107 115 83 123 7 98 24 105 103 21 27 46 15 127 79 33 88 1 91 0 126 101 5 108 89 28 121 106 70 77 10 69 73 95 13 110 85 66 41 67 43 9 87 84 96 22 4 68 82 2 100 18 116 78 80 125 30 74 17 35 12 120 44 65 62 49 111 55 86 59 114 47 3 61 38 31 48 63 29 19 104 119 76 6 57 51 54 16 71 93 124 26 50 53 99 90 40 23 56 36 37 45 81 122 60 58 94 42 34 112 64 113 92 11 20 8 109 25 72 32 117 39 52 75 118 14 102 
Coste: 190
Temperatura: 0.0094234530973383
Probabilidad de aceptación: 1.0
Movimiento: SI



ITERACION 103
Solucion:    81 97 107 115 123 83 7 98 24 105 103 21 27 15 46 79 127 33 88 1 91 0 126 101 5 108 89 121 28 106 77 70 69 10 73 13 95 110 85 41 66 43 9 67 87 84 22 4 96 68 2 82 18 100 116 78 80 125 30 74 17 12 35 44 120 62 65 49 55 111 59 86 47 114 61 3 31 38 63 29 48 19 104 119 76 6 51 54 57 16 71 93 124 50 26 53 99 90 40 23 56 36 37 102 45 122 60 58 94 42 112 34 113 64 92 11 20 8 109 25 72 32 117 39 52 75 118 14 
Coste: 187
Temperatura: 0.008481107787604471
Probabilidad de aceptación: 1.0
Movimiento: SI



ITERACION 104
Solucion:    45 81 97 107 115 123 83 7 98 24 105 103 21 15 27 79 46 127 33 88 1 91 0 126 101 5 108 121 89 28 77 106 69 70 73 13 10 95 110 41 85 43 9 66 67 87 22 4 84 96 2 68 18 82 100 116 78 80 125 30 74 12 17 44 35 62 120 65 55 49 59 111 47 86 61 114 31 3 63 29 48 38 19 104 119 76 51 54 6 57 16 71 93 50 124 26 53 99 90 40 23 56 36 37 14 102 122 60 58 94 112 42 113 34 64 92 11 20 8 109 25 72 32 117 39 52 75 118 
Coste: 186
Temperatura: 0.007632997008844024
Probabilidad de aceptación: 1.0
Movimiento: SI



ITERACION 105
Solucion:    102 45 81 97 115 107 123 83 7 98 24 105 103 15 21 79 27 46 127 33 88 1 91 0 126 101 5 121 108 89 77 28 69 106 73 13 70 10 95 41 110 43 9 85 66 67 22 4 87 84 2 96 18 68 82 100 116 78 80 125 30 12 74 44 17 62 35 120 55 65 59 49 47 111 61 86 31 114 63 29 48 3 38 19 104 119 51 54 76 6 57 16 71 50 93 124 26 53 99 90 40 23 56 36 37 118 14 122 60 58 112 94 113 42 34 64 92 11 20 8 109 25 72 32 117 39 52 75 
Coste: 186
Temperatura: 0.006869697307959622
Probabilidad de aceptación: 1.0
Movimiento: SI



ITERACION 106
Solucion:    14 102 45 81 115 97 107 123 83 7 98 24 105 15 103 79 21 27 46 127 33 88 1 91 0 126 101 121 5 108 77 89 69 28 73 13 106 70 10 41 95 43 9 110 85 66 22 4 67 87 2 84 18 96 68 82 100 116 78 80 125 12 30 44 74 62 17 35 55 120 59 65 47 49 61 111 31 86 63 29 114 48 3 38 19 104 51 54 119 76 6 57 16 50 71 93 124 26 53 99 90 40 23 56 36 37 75 118 122 60 112 58 113 94 42 34 64 92 11 20 8 109 25 72 32 117 39 52 
Coste: 186
Temperatura: 0.0061827275771636605
Probabilidad de aceptación: 1.0
Movimiento: SI



ITERACION 107
Solucion:    118 14 102 45 115 81 97 107 123 83 7 98 24 15 105 79 103 21 27 46 127 33 88 1 91 0 126 121 101 5 77 108 69 89 73 13 28 106 70 41 10 43 9 95 110 85 22 66 4 67 2 87 18 84 96 68 82 100 116 78 80 12 125 44 30 62 74 17 55 35 59 120 47 65 61 49 31 111 63 29 114 86 48 3 38 19 51 54 104 119 76 6 57 50 16 71 93 124 26 53 99 90 40 23 56 36 37 52 75 122 112 60 113 58 94 42 34 64 92 11 20 8 109 25 72 32 117 39 
Coste: 186
Temperatura: 0.005564454819447295
Probabilidad de aceptación: 1.0
Movimiento: SI



ITERACION 108
Solucion:    75 118 14 102 115 45 81 97 107 123 83 7 98 15 24 79 105 103 21 27 46 127 33 88 1 91 0 121 126 101 77 5 69 108 73 13 89 28 106 41 70 43 9 10 95 110 22 66 85 4 2 67 18 87 84 96 68 82 100 116 78 12 80 44 125 62 30 74 55 17 59 35 47 120 61 65 31 49 63 29 114 111 86 48 3 38 51 19 54 104 119 76 6 50 57 16 71 93 124 26 53 99 90 40 23 56 36 37 39 52 112 122 113 60 58 94 42 34 64 92 11 20 8 109 25 72 32 117 
Coste: 186
Temperatura: 0.005008009337502566
Probabilidad de aceptación: 1.0
Movimiento: SI



ITERACION 109
Solucion:    52 75 118 14 115 102 45 81 97 107 123 83 7 15 98 79 24 105 103 21 27 46 127 33 88 1 91 121 0 126 77 101 69 5 73 13 108 89 28 41 106 43 9 70 10 95 22 66 110 85 2 4 18 67 87 84 96 68 82 100 116 12 78 44 80 62 125 30 55 74 59 17 47 35 61 120 31 65 63 29 49 114 111 86 48 3 51 19 38 54 104 119 76 50 6 57 16 71 93 124 26 53 99 90 40 23 56 36 37 117 112 39 113 122 60 58 94 42 34 64 92 11 20 8 109 25 72 32 
Coste: 186
Temperatura: 0.004507208403752309
Probabilidad de aceptación: 1.0
Movimiento: SI



ITERACION 110
Solucion:    52 75 118 14 115 102 45 112 81 107 123 83 7 15 98 79 24 105 103 21 27 46 127 33 88 1 91 97 0 126 77 101 69 5 73 13 108 89 28 41 106 43 9 70 10 95 22 66 110 85 2 4 18 67 87 84 96 68 82 100 116 12 78 44 80 62 125 30 55 74 59 17 47 35 61 120 31 65 63 29 49 114 111 86 48 3 51 19 38 54 104 119 76 50 6 57 16 71 93 124 26 53 99 90 40 23 56 36 37 121 117 39 113 122 60 58 94 42 34 64 92 11 20 8 109 25 72 32 
Coste: 186
Temperatura: 0.004056487563377078
Probabilidad de aceptación: 7.526386569241187E-215
Movimiento: NO



ITERACION 111
Solucion:    39 52 75 118 115 14 102 45 112 81 107 123 83 15 7 79 98 24 105 103 21 27 46 127 33 88 1 91 97 0 77 126 69 101 5 13 73 108 89 41 28 43 9 106 70 10 22 66 95 110 2 85 18 4 67 87 84 96 68 82 100 12 116 44 78 62 80 125 55 30 59 74 47 17 61 35 31 120 63 29 49 65 114 111 86 48 51 19 3 38 54 104 119 50 76 6 57 16 71 93 124 26 53 99 90 40 23 56 36 37 121 32 113 117 122 60 58 94 42 34 64 92 11 20 8 109 25 72 
Coste: 185
Temperatura: 0.0036508388070393702
Probabilidad de aceptación: 1.0
Movimiento: SI



ITERACION 112
Solucion:    39 52 75 118 115 14 102 45 112 81 107 113 83 15 7 79 98 24 105 103 21 27 46 127 33 88 1 91 97 0 77 126 69 101 5 13 73 108 89 41 28 43 9 106 70 10 22 66 95 110 2 85 18 4 67 87 84 96 68 82 100 12 116 44 78 62 80 125 55 30 59 74 47 17 61 35 31 120 63 29 49 65 114 111 86 48 51 19 3 38 54 104 119 50 76 6 57 16 71 93 124 26 53 99 90 40 23 56 36 37 121 32 123 117 122 60 58 94 42 34 64 92 11 20 8 109 25 72 
Coste: 185
Temperatura: 0.0032857549263354334
Probabilidad de aceptación: 0.0
Movimiento: NO



ITERACION 113
Solucion:    117 39 52 75 115 118 14 102 45 112 81 107 113 15 83 7 79 98 24 105 103 21 27 46 127 33 88 91 1 97 77 0 69 126 5 13 101 73 108 41 89 43 9 28 106 70 22 10 66 95 2 110 18 85 4 67 87 84 96 68 82 12 100 44 116 62 78 80 55 125 59 30 47 74 61 17 31 35 63 29 49 120 65 114 111 86 51 19 48 3 38 54 104 50 119 76 6 57 16 71 93 124 26 53 99 90 40 23 56 36 121 37 123 72 32 122 60 58 94 42 34 64 92 11 20 8 109 25 
Coste: 185
Temperatura: 0.0029571794337018903
Probabilidad de aceptación: 1.0
Movimiento: SI



ITERACION 114
Solucion:    32 117 39 52 115 75 118 14 102 45 112 81 107 15 113 7 83 79 98 24 105 103 21 27 46 127 33 91 88 1 77 97 69 0 5 13 126 101 73 41 108 43 9 89 28 106 22 70 10 66 2 95 18 110 85 4 67 87 84 96 68 12 82 44 100 62 116 78 55 80 59 125 47 30 61 74 31 17 63 29 35 49 120 65 114 111 51 19 86 48 3 38 54 50 104 119 76 6 57 16 71 93 124 26 53 99 90 40 23 56 121 36 123 37 25 72 122 60 58 94 42 34 64 92 11 20 8 109 
Coste: 185
Temperatura: 0.0026614614903317014
Probabilidad de aceptación: 1.0
Movimiento: SI



ITERACION 115
Solucion:    72 32 117 39 115 52 75 118 14 102 45 112 81 15 107 7 113 83 79 98 24 105 103 21 27 46 127 91 33 88 77 1 69 97 5 13 0 126 101 41 73 43 9 108 89 28 22 70 106 10 66 2 18 95 110 85 4 67 87 84 96 12 68 44 82 62 100 116 55 78 59 80 47 125 61 30 31 74 63 29 35 17 49 120 65 114 51 19 111 86 48 3 38 50 54 104 119 76 6 57 16 71 93 124 26 53 99 90 40 23 121 56 123 36 37 109 25 122 60 58 94 42 34 64 92 11 20 8 
Coste: 185
Temperatura: 0.0023953153412985314
Probabilidad de aceptación: 1.0
Movimiento: SI



ITERACION 116
Solucion:    25 72 32 117 115 39 52 75 118 14 102 45 112 15 81 7 107 113 83 79 98 24 105 103 21 27 46 127 91 33 77 88 69 1 5 13 97 0 126 41 101 73 9 43 108 89 22 70 28 106 66 10 18 2 95 110 85 4 67 87 84 12 96 44 68 62 82 100 55 116 59 78 47 80 61 125 31 30 63 29 35 74 17 49 120 65 51 19 114 111 86 48 3 50 38 54 104 119 76 6 57 16 71 93 124 26 53 99 90 40 121 23 123 56 36 37 8 109 122 60 58 94 42 34 64 92 11 20 
Coste: 185
Temperatura: 0.0021557838071686783
Probabilidad de aceptación: 1.0
Movimiento: SI



ITERACION 117
Solucion:    109 25 72 32 115 117 39 52 75 118 14 102 45 15 112 7 81 107 113 83 79 98 24 105 103 21 27 127 46 91 77 33 69 88 5 13 1 97 0 41 126 73 9 101 43 108 22 70 89 28 66 106 18 10 2 95 110 85 4 67 87 12 84 44 96 62 68 82 55 100 59 116 47 78 61 80 31 125 63 29 35 30 74 17 49 120 51 19 65 114 111 86 48 50 3 38 54 104 119 76 6 57 16 71 93 124 26 53 99 90 121 40 123 23 56 36 37 20 8 122 60 58 94 42 34 64 92 11 
Coste: 185
Temperatura: 0.0019402054264518105
Probabilidad de aceptación: 1.0
Movimiento: SI



ITERACION 118
Solucion:    8 109 25 72 115 32 117 39 52 75 118 14 102 15 45 7 112 81 107 113 83 79 98 24 105 103 21 127 27 46 77 91 69 33 5 13 88 1 97 41 0 73 9 126 101 43 22 70 108 89 66 28 18 106 10 2 95 110 85 4 67 12 87 44 84 62 96 68 55 82 59 100 47 116 61 78 31 80 63 29 35 125 30 74 17 49 51 19 120 65 114 111 86 50 48 3 38 54 104 119 76 6 57 16 71 93 124 26 53 99 121 90 123 40 23 56 36 37 11 20 122 60 58 94 42 34 64 92 
Coste: 185
Temperatura: 0.0017461848838066295
Probabilidad de aceptación: 1.0
Movimiento: SI



ITERACION 119
Solucion:    20 8 109 25 115 72 32 117 39 52 75 118 14 15 102 7 45 112 81 107 113 83 79 98 24 105 103 127 21 27 77 46 69 91 5 13 33 88 1 41 97 73 9 0 126 101 22 70 43 108 66 89 18 28 106 10 2 95 110 85 4 12 67 44 87 62 84 96 55 68 59 82 47 100 61 116 31 78 63 29 35 80 125 30 74 17 51 19 49 120 65 114 111 50 86 48 3 38 54 104 119 76 6 57 16 71 93 124 26 53 121 99 123 90 40 23 56 36 37 92 11 122 60 58 94 42 34 64 
Coste: 185
Temperatura: 0.0015715663954259666
Probabilidad de aceptación: 1.0
Movimiento: SI



ITERACION 120
Solucion:    11 20 8 109 115 25 72 32 117 39 52 75 118 15 14 7 102 45 112 81 107 113 83 79 98 24 105 103 127 21 77 27 69 46 5 13 91 33 88 1 41 73 9 97 0 126 22 70 101 43 66 108 18 89 28 106 10 2 95 110 85 12 4 44 67 62 87 84 55 96 59 68 47 82 61 100 31 116 63 29 35 78 80 125 30 74 51 19 17 49 120 65 114 50 111 86 48 3 38 54 104 119 76 6 57 16 71 93 124 26 121 53 123 99 90 40 23 56 36 37 64 92 122 60 58 94 42 34 
Coste: 185
Temperatura: 0.00141440975588337
Probabilidad de aceptación: 1.0
Movimiento: SI



ITERACION 121
Solucion:    92 11 20 8 115 109 25 72 32 117 39 52 75 15 118 14 7 102 45 112 81 107 113 83 79 98 24 103 105 127 77 21 69 27 5 13 46 91 33 1 88 41 9 73 97 0 22 70 126 101 66 43 18 108 89 28 106 10 2 95 110 12 85 4 44 62 67 87 55 84 59 96 47 68 61 82 31 100 63 29 35 116 78 80 125 30 51 19 74 17 49 120 65 50 114 111 86 48 3 38 54 104 119 76 6 57 16 71 93 124 121 26 123 53 99 90 40 23 56 36 37 34 64 122 60 58 94 42 
Coste: 185
Temperatura: 0.001272968780295033
Probabilidad de aceptación: 1.0
Movimiento: SI



ITERACION 122
Solucion:    64 92 11 20 115 8 109 25 72 32 117 39 52 15 75 14 118 7 102 45 112 81 107 113 83 79 98 103 24 105 77 127 69 21 5 13 27 46 91 33 1 41 9 88 73 97 22 70 0 126 66 101 18 43 108 89 28 106 10 2 95 12 110 4 85 62 44 67 55 87 59 84 47 96 61 68 31 82 63 29 35 100 116 78 80 125 51 19 30 74 17 49 120 50 65 114 111 86 48 3 38 54 104 119 76 6 57 16 71 93 121 124 123 26 53 99 90 40 23 56 36 37 42 34 122 60 58 94 
Coste: 185
Temperatura: 0.0011456719022655297
Probabilidad de aceptación: 1.0
Movimiento: SI



ITERACION 123
Solucion:    34 64 92 11 115 20 8 109 25 72 32 117 39 15 52 14 75 118 7 102 45 112 81 107 113 83 79 98 103 24 77 105 69 127 5 13 21 27 46 33 91 1 9 41 88 73 22 70 97 0 66 126 18 101 43 108 89 28 106 10 2 12 95 4 110 62 85 44 55 67 59 87 47 84 61 96 31 68 63 29 35 82 100 116 78 80 51 19 125 30 74 17 49 50 120 65 114 111 86 48 3 38 54 104 119 76 6 57 16 71 121 93 123 124 26 53 99 90 40 23 56 36 37 94 42 122 60 58 
Coste: 185
Temperatura: 0.0010311047120389767
Probabilidad de aceptación: 1.0
Movimiento: SI



ITERACION 124
Solucion:    42 34 64 92 115 11 20 8 109 25 72 32 117 15 39 14 52 75 118 7 102 45 112 81 107 113 83 98 79 103 77 24 69 105 5 13 127 21 27 33 46 1 9 91 41 88 22 70 73 97 66 0 18 126 101 43 108 89 28 106 10 12 2 4 95 62 110 85 55 44 59 67 47 87 61 84 31 96 63 29 35 68 82 100 116 78 51 19 80 125 30 74 17 50 49 120 65 114 111 86 48 3 38 54 104 119 76 6 57 16 121 71 123 93 124 26 53 99 90 40 23 56 36 37 58 94 122 60 
Coste: 185
Temperatura: 9.279942408350791E-4
Probabilidad de aceptación: 1.0
Movimiento: SI



ITERACION 125
Solucion:    94 42 34 64 115 92 11 20 8 109 25 72 32 15 117 14 39 52 75 118 7 102 45 112 81 107 113 83 98 79 77 103 69 24 5 13 105 127 21 33 27 1 9 46 91 41 22 70 88 73 66 97 18 0 126 101 43 108 89 28 106 12 10 4 2 62 95 110 55 85 59 44 47 67 61 87 31 84 63 29 35 96 68 82 100 116 51 19 78 80 125 30 74 50 17 49 120 65 114 111 86 48 3 38 54 104 119 76 6 57 121 16 123 71 93 124 26 53 99 90 40 23 56 36 37 60 58 122 
Coste: 184
Temperatura: 8.351948167515713E-4
Probabilidad de aceptación: 1.0
Movimiento: SI



ITERACION 126
Solucion:    58 94 42 34 115 64 92 11 20 8 109 25 72 15 32 14 117 39 52 75 118 7 102 45 112 81 107 113 83 98 77 79 69 103 5 13 24 105 127 33 21 1 9 27 46 91 22 70 41 88 66 73 18 97 0 126 101 43 108 89 28 12 106 4 10 62 2 95 55 110 59 85 47 44 61 67 31 87 63 29 35 84 96 68 82 100 51 19 116 78 80 125 30 50 74 17 49 120 65 114 111 86 48 3 38 54 104 119 76 6 121 57 123 16 71 93 124 26 53 99 90 40 23 56 36 37 122 60 
Coste: 184
Temperatura: 7.516753350764141E-4
Probabilidad de aceptación: 1.0
Movimiento: SI



ITERACION 127
Solucion:    60 58 94 42 115 34 64 92 11 20 8 109 25 15 72 14 32 117 39 52 75 118 7 102 45 112 81 113 107 83 77 98 69 79 5 13 103 24 105 33 127 1 9 21 27 46 22 70 91 41 66 88 18 73 97 0 126 101 43 108 89 12 28 4 106 62 10 2 55 95 59 110 47 85 61 44 31 67 63 29 35 87 84 96 68 82 51 19 100 116 78 80 125 50 30 74 17 49 120 65 114 111 86 48 3 38 54 104 119 76 121 6 123 57 16 71 93 124 26 53 99 90 40 23 56 36 37 122 
Coste: 184
Temperatura: 6.765078015687727E-4
Probabilidad de aceptación: 1.0
Movimiento: SI



