ITERACION 0
Solucion:    57 84 82 34 59 90 72 94 93 26 60 52 10 50 51 92 74 21 77 37 11 33 22 73 76 95 24 9 39 8 83 17 79 58 41 32 28 47 96 85 64 3 36 61 70 38 65 78 30 13 48 87 1 35 91 71 86 43 19 69 80 5 6 67 31 15 12 14 42 18 2 75 45 27 66 4 49 89 16 53 56 46 55 40 98 97 88 23 63 68 44 0 81 7 29 62 54 20 25 99 
Coste: 1811058846
Temperatura: 2.8207406145E9
Probabilidad de aceptación: 1.0
Movimiento: SI



ITERACION 1
Solucion:    84 99 57 82 34 59 90 72 94 93 26 60 52 10 50 51 92 74 21 77 37 11 33 22 73 76 95 24 9 39 8 83 17 79 58 41 32 28 47 96 64 85 3 36 61 70 38 65 78 30 13 48 87 1 35 91 71 86 43 19 69 80 5 6 67 31 15 12 14 42 18 2 75 45 27 66 4 49 89 16 53 56 46 55 40 98 97 88 23 63 68 44 0 81 7 29 62 54 20 25 
Coste: 1782657630
Temperatura: 2.53866655305E9
Probabilidad de aceptación: 1.0
Movimiento: SI



ITERACION 2
Solucion:    57 84 25 99 82 34 59 90 72 94 93 26 60 52 10 50 51 92 74 21 77 37 11 33 22 73 76 95 24 9 39 8 83 17 79 58 41 32 28 47 96 64 85 3 36 61 70 38 65 78 30 13 48 87 1 35 91 71 86 43 19 69 80 5 6 67 31 15 12 14 42 18 2 75 45 27 66 4 49 89 16 53 56 46 55 40 98 97 88 23 63 68 44 0 81 7 29 62 54 20 
Coste: 1787896573
Temperatura: 2.2847998977450004E9
Probabilidad de aceptación: 1.0
Movimiento: SI



ITERACION 3
Solucion:    99 57 84 20 25 82 34 59 90 72 94 93 26 60 52 10 50 51 92 74 21 77 37 11 33 22 73 76 95 24 9 39 8 83 17 79 58 41 32 28 47 96 64 85 3 36 61 70 38 65 78 30 13 48 87 1 35 91 71 86 43 19 69 80 5 6 67 31 15 12 14 42 18 2 75 45 27 66 4 49 89 16 53 56 46 55 40 98 97 88 23 63 68 44 0 81 29 7 62 54 
Coste: 1758820772
Temperatura: 2.0563199079705005E9
Probabilidad de aceptación: 1.0
Movimiento: SI



ITERACION 4
Solucion:    25 99 57 84 54 20 82 34 59 90 72 94 93 26 60 52 10 50 51 92 74 21 77 37 11 33 22 73 76 95 24 9 39 8 83 17 79 58 41 32 28 47 96 64 85 3 36 61 70 38 65 78 30 13 48 87 1 35 91 71 86 43 19 69 80 5 6 67 31 15 12 14 42 18 2 75 45 27 66 4 49 89 16 53 56 46 55 40 98 97 88 23 63 68 44 0 81 29 7 62 
Coste: 1780764367
Temperatura: 1.8506879171734505E9
Probabilidad de aceptación: 1.0
Movimiento: SI



ITERACION 5
Solucion:    20 25 99 57 84 62 54 82 34 59 90 72 94 93 26 60 52 10 50 51 92 74 21 77 37 11 33 22 73 76 95 24 9 39 8 83 17 79 58 41 32 28 47 96 64 85 3 36 61 70 38 65 78 30 13 48 87 1 35 91 71 86 43 19 69 80 5 6 67 31 15 12 14 42 18 2 75 45 27 66 4 49 89 16 53 56 46 55 40 98 97 88 23 63 68 44 0 81 29 7 
Coste: 1773196164
Temperatura: 1.6656191254561055E9
Probabilidad de aceptación: 1.0
Movimiento: SI



ITERACION 6
Solucion:    54 20 25 99 57 84 7 62 82 34 59 90 72 94 93 26 60 52 10 50 51 92 74 21 77 37 11 33 22 73 76 95 24 9 39 8 83 17 79 58 41 32 28 47 96 64 85 3 36 61 70 38 65 78 30 13 48 87 1 35 91 71 86 43 19 69 80 5 6 67 31 15 12 14 42 18 2 75 45 27 66 4 49 89 16 53 56 46 55 40 98 97 88 23 63 68 44 0 81 29 
Coste: 1759495508
Temperatura: 1.499057212910495E9
Probabilidad de aceptación: 1.0
Movimiento: SI



ITERACION 7
Solucion:    62 54 20 25 99 57 84 29 7 82 34 59 90 72 94 93 26 60 52 10 50 51 92 74 21 77 37 11 33 22 73 76 95 24 9 39 8 83 17 79 58 41 32 28 47 96 64 85 3 36 61 70 38 65 78 30 13 48 87 1 35 91 71 86 43 19 69 80 5 6 67 31 15 12 14 42 2 18 75 45 27 66 4 49 89 16 53 56 46 55 40 98 97 23 88 63 68 44 0 81 
Coste: 1714382173
Temperatura: 1.3491514916194456E9
Probabilidad de aceptación: 1.0
Movimiento: SI



ITERACION 8
Solucion:    7 62 54 20 25 99 57 84 81 29 82 34 59 90 72 94 93 26 60 52 10 50 51 92 74 21 77 37 11 33 22 73 76 95 24 9 39 8 83 17 79 58 41 32 28 47 96 64 85 3 36 61 70 38 65 78 30 13 48 87 1 35 91 71 86 43 19 69 80 5 6 67 31 15 12 14 42 2 18 75 45 27 66 4 49 89 16 53 56 46 55 40 98 97 23 88 63 68 44 0 
Coste: 1683179977
Temperatura: 1.214236342457501E9
Probabilidad de aceptación: 1.0
Movimiento: SI



ITERACION 9
Solucion:    29 7 62 54 20 25 99 57 84 0 81 82 34 59 90 72 94 93 26 60 52 10 50 51 92 74 21 77 37 11 33 22 73 76 95 24 9 39 8 83 17 79 58 41 32 28 47 96 64 85 3 36 61 70 38 65 78 30 13 48 87 1 35 91 71 86 43 19 69 80 5 6 67 31 15 12 14 42 2 18 75 45 27 66 4 49 89 16 53 56 46 55 40 98 97 23 88 63 68 44 
Coste: 1654603452
Temperatura: 1.092812708211751E9
Probabilidad de aceptación: 1.0
Movimiento: SI



ITERACION 10
Solucion:    81 29 7 62 54 20 25 99 57 84 44 0 82 34 59 90 72 94 93 26 60 52 10 50 51 92 74 21 77 37 11 33 22 73 76 95 24 9 39 8 83 17 79 58 41 32 28 47 96 64 85 3 36 61 70 38 65 78 30 13 48 87 1 35 91 71 86 43 19 69 80 5 6 67 31 15 12 14 42 2 18 75 45 27 66 4 49 89 16 53 56 46 55 40 98 97 23 88 63 68 
Coste: 1649160497
Temperatura: 9.835314373905759E8
Probabilidad de aceptación: 1.0
Movimiento: SI



ITERACION 11
Solucion:    0 81 29 7 62 20 54 25 99 57 84 68 44 82 34 59 90 72 94 93 26 60 52 10 50 51 92 74 21 77 37 11 33 22 73 76 95 24 9 39 8 83 17 79 58 41 32 28 96 47 64 85 3 36 61 70 38 65 78 30 13 48 87 1 35 91 71 86 43 19 69 80 5 6 67 31 15 12 14 42 2 18 75 45 27 66 4 49 89 16 53 56 46 55 40 98 97 23 88 63 
Coste: 1638533857
Temperatura: 8.851782936515183E8
Probabilidad de aceptación: 1.0
Movimiento: SI



ITERACION 12
Solucion:    44 0 81 29 7 62 20 54 25 99 57 84 63 68 82 34 59 90 72 94 93 26 60 52 10 50 51 92 74 21 77 37 11 33 22 73 76 95 24 9 39 8 83 17 79 58 41 32 28 96 47 64 85 3 36 61 70 38 65 78 30 13 48 87 1 35 91 71 86 43 19 69 80 5 6 67 31 15 12 14 42 2 18 75 45 27 66 4 89 49 16 53 56 46 55 40 98 97 23 88 
Coste: 1636759707
Temperatura: 7.966604642863666E8
Probabilidad de aceptación: 1.0
Movimiento: SI



ITERACION 13
Solucion:    68 44 0 81 29 7 62 20 54 25 99 57 84 88 63 82 34 59 90 72 94 93 26 60 52 10 50 51 92 74 21 77 37 11 33 22 73 76 95 24 9 39 8 17 83 79 58 41 32 28 96 47 64 85 3 36 61 70 38 65 78 30 13 48 87 1 35 91 71 86 43 19 69 80 5 6 67 31 15 12 14 42 2 18 75 45 27 66 4 89 49 16 53 56 46 55 40 98 97 23 
Coste: 1669482863
Temperatura: 7.169944178577299E8
Probabilidad de aceptación: 1.0
Movimiento: SI



ITERACION 14
Solucion:    63 68 44 0 81 29 7 62 20 54 25 99 57 84 23 88 82 34 59 90 72 94 93 26 60 52 10 50 51 92 74 21 77 37 11 33 22 73 76 95 24 9 39 8 17 83 79 58 41 32 28 96 47 64 85 3 36 61 70 38 65 78 30 13 48 87 1 35 91 71 86 43 19 69 80 5 6 67 31 15 12 14 42 2 18 75 45 27 66 4 89 49 16 53 56 46 55 40 98 97 
Coste: 1719242091
Temperatura: 6.45294976071957E8
Probabilidad de aceptación: 1.0
Movimiento: SI



ITERACION 15
Solucion:    88 63 68 44 0 81 29 7 62 20 54 25 99 57 84 97 23 82 34 59 90 72 94 93 26 60 52 10 50 51 92 74 21 77 37 11 33 22 73 76 95 24 9 39 8 17 83 79 58 41 32 28 96 47 64 85 3 36 61 70 38 65 78 30 13 48 87 1 35 91 71 86 43 19 69 80 5 6 67 31 15 12 14 42 2 18 75 45 27 66 4 89 49 16 53 56 46 55 40 98 
Coste: 1700888887
Temperatura: 5.807654784647613E8
Probabilidad de aceptación: 1.0
Movimiento: SI



ITERACION 16
Solucion:    23 88 63 68 44 0 81 29 7 62 20 54 25 99 57 84 98 97 82 34 59 90 72 94 93 26 60 52 10 50 51 92 74 21 77 37 11 33 22 73 76 95 24 9 39 8 17 83 79 58 41 32 28 96 47 64 85 3 36 61 70 38 65 78 30 13 48 87 1 35 91 71 86 43 19 69 80 5 6 67 31 15 12 14 42 2 18 75 45 27 66 4 89 49 16 53 56 46 55 40 
Coste: 1680847469
Temperatura: 5.226889306182851E8
Probabilidad de aceptación: 1.0
Movimiento: SI



ITERACION 17
Solucion:    97 23 88 63 68 44 0 81 29 7 62 20 54 25 99 57 84 40 98 82 34 59 90 72 94 93 26 60 52 10 50 51 92 74 21 77 37 11 33 22 73 76 95 24 9 39 8 17 83 79 58 41 32 28 96 47 64 85 3 36 61 70 38 65 78 30 13 48 87 1 35 91 71 86 43 19 69 80 5 6 67 31 15 12 14 42 2 18 75 45 27 66 4 89 49 16 53 56 46 55 
Coste: 1709049833
Temperatura: 4.704200375564566E8
Probabilidad de aceptación: 1.0
Movimiento: SI



ITERACION 18
Solucion:    98 97 23 88 63 44 68 0 81 29 7 62 20 54 25 99 57 84 55 40 82 34 59 90 72 94 93 26 60 52 10 50 51 92 74 21 77 37 11 33 22 73 76 95 24 9 39 8 17 83 79 58 41 32 28 96 47 64 85 3 36 61 70 38 65 78 30 13 48 87 1 35 91 71 86 43 19 69 80 5 6 67 31 15 12 14 42 2 18 75 45 27 66 4 89 49 16 53 56 46 
Coste: 1659504774
Temperatura: 4.23378033800811E8
Probabilidad de aceptación: 1.0
Movimiento: SI



ITERACION 19
Solucion:    40 98 97 23 88 63 44 68 0 81 29 7 62 20 54 25 99 57 84 46 55 82 34 59 90 72 94 93 26 60 52 10 50 51 92 74 21 77 37 11 33 22 73 76 95 24 9 39 8 17 83 79 58 41 32 28 96 47 64 85 3 36 61 70 38 65 78 30 13 48 87 1 35 91 71 86 43 19 69 80 5 6 67 31 15 12 14 42 2 18 75 45 27 66 4 89 49 16 53 56 
Coste: 1661392808
Temperatura: 3.810402304207299E8
Probabilidad de aceptación: 1.0
Movimiento: SI



ITERACION 20
Solucion:    55 98 40 97 23 88 63 44 0 68 81 29 7 62 20 54 25 99 57 84 56 46 82 34 59 90 72 94 93 26 60 52 10 50 51 92 74 21 77 37 11 33 22 73 76 95 24 9 39 8 17 83 79 58 41 32 28 96 47 64 85 3 36 61 70 38 65 78 30 13 48 87 1 35 91 71 86 43 19 69 80 5 6 67 31 15 12 14 42 2 18 75 45 27 66 4 89 49 16 53 
Coste: 1636874074
Temperatura: 3.429362073786569E8
Probabilidad de aceptación: 1.0
Movimiento: SI



ITERACION 21
Solucion:    46 55 98 40 97 23 88 63 44 0 68 81 29 7 62 20 54 25 99 57 84 53 56 82 34 59 90 72 94 93 26 60 52 10 50 51 92 74 21 77 37 11 33 22 73 76 95 24 9 39 8 17 83 79 58 41 32 28 96 47 64 85 3 36 61 70 38 65 78 30 13 48 87 1 35 91 71 86 43 19 69 80 5 6 67 31 15 12 14 42 2 18 75 45 27 66 4 89 49 16 
Coste: 1635318288
Temperatura: 3.0864258664079124E8
Probabilidad de aceptación: 1.0
Movimiento: SI



ITERACION 22
Solucion:    56 46 55 98 40 97 23 88 63 44 0 68 81 29 7 62 20 54 25 99 57 84 16 53 82 34 59 90 72 94 93 26 60 52 10 50 51 92 74 21 77 37 11 33 22 73 76 95 24 9 39 8 83 17 79 58 41 32 28 96 47 64 85 3 36 61 70 38 65 78 30 13 48 87 1 35 91 71 86 43 19 69 80 5 6 67 31 15 12 14 42 2 18 75 45 27 66 4 89 49 
Coste: 1645288038
Temperatura: 2.777783279767121E8
Probabilidad de aceptación: 1.0
Movimiento: SI



ITERACION 23
Solucion:    53 56 46 55 98 40 97 23 88 63 44 0 81 68 29 7 62 20 54 25 99 57 84 49 16 82 34 59 90 72 94 93 26 60 52 10 50 51 92 74 21 77 37 11 33 22 73 76 95 24 9 39 8 83 17 79 58 41 32 28 96 47 64 85 3 36 61 70 38 65 78 30 13 48 87 1 91 35 71 86 43 19 69 80 5 6 67 31 15 12 14 42 2 18 75 45 27 66 4 89 
Coste: 1627090543
Temperatura: 2.500004951790409E8
Probabilidad de aceptación: 1.0
Movimiento: SI



ITERACION 24
Solucion:    16 53 56 46 55 98 40 23 88 97 44 63 0 81 68 29 7 62 20 54 25 99 57 84 89 49 82 34 59 90 72 94 93 26 60 52 10 50 51 92 74 21 77 37 11 33 22 73 76 95 24 9 39 8 83 17 79 58 41 32 28 96 47 64 85 3 36 61 70 38 65 78 30 13 48 87 1 91 35 71 86 43 19 69 80 5 6 67 31 15 12 14 42 2 18 75 45 27 66 4 
Coste: 1616576078
Temperatura: 2.2500044566113684E8
Probabilidad de aceptación: 1.0
Movimiento: SI



ITERACION 25
Solucion:    49 16 53 56 46 55 98 40 23 88 97 44 63 0 81 68 29 7 62 20 54 25 99 57 84 4 89 82 34 59 90 72 94 93 26 60 52 10 50 51 92 74 21 77 37 11 33 22 73 76 95 24 9 39 8 83 17 79 58 41 32 28 96 47 64 85 3 36 61 70 38 65 78 30 13 48 87 1 91 35 71 86 43 19 69 80 5 6 67 31 15 12 14 42 2 18 75 45 27 66 
Coste: 1611420360
Temperatura: 2.0250040109502316E8
Probabilidad de aceptación: 1.0
Movimiento: SI



ITERACION 26
Solucion:    89 49 16 53 56 46 55 98 40 23 88 97 44 63 0 81 68 29 7 62 20 54 25 99 57 84 66 4 82 34 59 90 72 94 93 26 60 52 10 50 51 92 74 21 77 37 11 33 22 73 76 95 24 9 39 8 83 17 79 58 41 32 28 96 47 64 85 3 36 61 70 38 65 78 30 13 48 87 1 91 35 71 86 43 19 69 80 5 6 67 31 15 12 14 42 2 18 75 45 27 
Coste: 1588164566
Temperatura: 1.8225036098552084E8
Probabilidad de aceptación: 1.0
Movimiento: SI



ITERACION 27
Solucion:    4 89 49 16 53 56 46 55 98 40 23 88 97 63 44 0 81 68 29 7 62 20 54 25 99 57 84 27 66 82 34 90 59 72 94 93 26 60 52 10 50 51 92 74 21 77 37 11 33 22 73 76 95 24 9 39 8 83 17 79 58 41 32 28 96 47 64 3 85 36 61 70 38 65 78 30 13 48 87 1 91 35 71 86 43 19 69 80 5 6 67 31 15 12 14 42 2 18 75 45 
Coste: 1595606139
Temperatura: 1.6402532488696876E8
Probabilidad de aceptación: 1.0
Movimiento: SI



ITERACION 28
Solucion:    66 4 89 49 16 53 46 56 55 98 40 23 88 97 63 44 0 81 68 29 7 62 20 54 25 99 57 84 45 27 82 34 90 59 72 94 93 26 60 52 10 50 51 92 74 21 77 37 11 33 22 73 76 95 9 24 39 8 83 17 79 58 41 32 28 96 47 64 3 85 36 61 70 38 65 78 30 13 48 87 1 91 35 71 86 43 19 69 80 5 6 67 31 15 12 14 42 2 18 75 
Coste: 1538596702
Temperatura: 1.476227923982719E8
Probabilidad de aceptación: 1.0
Movimiento: SI



ITERACION 29
Solucion:    27 66 4 49 89 16 53 46 56 55 98 40 23 88 97 63 44 0 81 68 29 7 62 54 20 25 99 57 84 75 45 82 34 90 59 72 94 93 26 60 52 10 50 51 92 74 21 77 37 11 33 22 73 76 95 9 24 39 8 83 17 79 58 41 32 28 96 47 64 3 85 36 61 70 38 65 78 30 13 48 87 1 91 35 71 86 43 19 69 80 5 6 67 31 15 12 14 42 2 18 
Coste: 1462659260
Temperatura: 1.328605131584447E8
Probabilidad de aceptación: 1.0
Movimiento: SI



ITERACION 30
Solucion:    45 27 66 4 49 89 16 53 46 56 55 98 40 23 88 97 63 44 0 81 68 29 7 62 54 25 20 99 57 84 18 75 82 34 90 59 72 94 93 26 60 52 10 50 51 92 74 21 77 37 11 33 22 73 76 95 9 39 24 8 83 17 79 58 41 28 32 96 47 64 3 85 36 61 70 38 78 65 30 13 48 87 1 91 35 71 43 86 19 69 80 5 6 67 31 15 12 14 42 2 
Coste: 1465528925
Temperatura: 1.1957446184260024E8
Probabilidad de aceptación: 1.0
Movimiento: SI



ITERACION 31
Solucion:    75 45 27 66 4 49 89 16 53 46 56 55 98 40 23 88 97 63 44 0 81 68 29 7 62 54 25 20 99 57 84 2 18 82 34 90 59 72 94 93 26 60 52 10 50 51 92 74 21 77 37 11 33 22 73 76 95 9 39 24 8 83 17 79 58 41 28 32 96 47 64 3 85 36 61 70 38 78 65 30 13 48 87 1 91 35 71 43 86 19 69 80 5 6 67 31 15 12 14 42 
Coste: 1500165966
Temperatura: 1.0761701565834022E8
Probabilidad de aceptación: 1.0
Movimiento: SI



ITERACION 32
Solucion:    18 75 45 27 66 4 49 89 16 53 46 56 55 98 40 23 88 97 63 44 0 81 68 29 7 62 54 25 20 99 57 84 42 2 82 34 90 59 72 94 93 26 60 52 10 50 51 92 74 21 77 37 11 33 22 73 76 95 9 39 24 8 83 17 79 58 41 28 32 96 47 64 3 85 36 61 70 38 78 65 30 13 48 87 1 91 35 71 43 86 19 69 80 5 6 67 31 15 12 14 
Coste: 1510962943
Temperatura: 9.68553140925062E7
Probabilidad de aceptación: 1.0
Movimiento: SI



ITERACION 33
Solucion:    2 18 75 45 27 66 4 49 16 89 46 53 56 55 40 98 23 88 97 63 44 0 81 68 29 7 62 54 25 20 99 57 84 14 42 82 34 90 59 72 94 93 26 60 52 10 50 51 92 74 21 77 37 11 33 73 22 76 9 95 39 24 8 83 17 79 58 41 28 32 96 47 64 3 85 36 61 70 38 78 65 30 13 48 87 1 91 35 71 43 86 19 69 80 5 6 31 67 15 12 
Coste: 1513698071
Temperatura: 8.716978268325558E7
Probabilidad de aceptación: 1.0
Movimiento: SI



ITERACION 34
Solucion:    2 42 18 75 45 27 66 4 49 16 89 46 56 53 55 40 98 23 88 97 63 44 0 81 68 29 7 62 54 25 20 99 57 84 12 14 82 34 90 59 72 94 93 26 60 52 10 50 51 92 74 21 37 77 11 33 73 22 76 9 95 39 24 8 83 17 79 58 41 28 32 96 47 64 3 85 36 61 70 38 78 65 30 13 48 87 1 91 35 71 43 86 19 69 80 5 6 31 67 15 
Coste: 1513714970
Temperatura: 7.845280441493003E7
Probabilidad de aceptación: 1.0
Movimiento: SI



ITERACION 35
Solucion:    14 2 42 18 75 45 27 66 4 49 16 89 46 56 53 55 40 98 23 97 88 63 44 0 81 68 29 7 62 54 25 20 99 57 84 15 12 82 34 90 59 72 94 93 26 60 52 10 50 51 92 74 21 37 77 33 11 73 22 76 9 95 39 24 8 83 17 79 58 41 28 32 96 47 64 3 85 36 61 70 38 78 65 30 13 48 87 1 91 35 71 43 86 19 69 80 5 6 31 67 
Coste: 1499784569
Temperatura: 7.060752397343703E7
Probabilidad de aceptación: 1.0
Movimiento: SI



ITERACION 36
Solucion:    12 14 2 18 42 75 45 66 27 4 49 16 46 89 56 53 55 40 98 23 97 88 63 44 0 81 68 29 7 62 54 25 20 99 57 84 67 15 82 34 90 59 72 94 93 26 60 52 10 50 51 92 74 21 37 77 33 11 73 22 76 9 95 24 39 8 83 17 79 58 41 28 32 96 47 64 3 85 36 61 70 38 78 65 30 13 48 87 1 91 35 71 43 86 19 69 80 5 6 31 
Coste: 1516026935
Temperatura: 6.354677157609332E7
Probabilidad de aceptación: 1.0
Movimiento: SI



ITERACION 37
Solucion:    12 14 15 2 18 42 75 45 66 27 4 49 16 46 89 56 53 55 40 98 23 97 88 63 44 0 81 68 29 7 62 54 25 20 99 57 84 31 67 82 34 90 59 72 94 93 26 60 52 10 50 51 92 74 37 21 77 33 11 73 22 9 76 95 24 39 8 83 79 17 58 41 28 32 96 47 64 3 85 36 61 70 38 78 65 30 13 48 87 1 91 35 71 43 86 19 69 80 5 6 
Coste: 1506592199
Temperatura: 5.7192094418483995E7
Probabilidad de aceptación: 1.0
Movimiento: SI



ITERACION 38
Solucion:    67 12 14 15 2 18 42 75 45 66 27 4 49 16 46 89 56 53 55 40 98 23 97 88 63 44 0 81 68 29 7 62 54 25 20 99 57 84 6 31 82 34 90 59 72 94 93 26 60 52 10 50 51 92 74 37 21 77 33 11 73 22 9 76 95 24 39 8 83 79 17 58 41 28 32 96 47 64 3 85 36 61 70 38 78 65 30 13 48 87 1 91 35 71 43 86 19 69 80 5 
Coste: 1510391276
Temperatura: 5.14728849766356E7
Probabilidad de aceptación: 1.0
Movimiento: SI



ITERACION 39
Solucion:    31 67 12 14 15 2 18 42 75 45 66 27 4 49 16 46 89 56 53 55 40 98 23 97 88 63 44 0 81 68 29 7 62 54 25 20 99 57 84 5 6 82 34 90 59 72 94 93 26 60 52 10 50 51 92 74 37 21 77 33 11 73 22 9 76 95 24 39 8 83 79 17 58 41 28 32 96 47 64 3 85 36 61 70 38 78 65 30 13 48 87 1 91 35 71 43 86 19 80 69 
Coste: 1479995241
Temperatura: 4.632559647897204E7
Probabilidad de aceptación: 1.0
Movimiento: SI



ITERACION 40
Solucion:    6 31 67 12 14 15 18 2 42 75 45 66 4 27 49 16 46 89 56 53 55 40 98 23 97 88 63 44 0 81 68 29 7 62 54 25 20 99 57 84 69 5 82 34 90 59 72 94 93 26 60 52 10 50 51 92 74 37 21 77 33 11 73 22 9 76 95 24 8 39 83 79 17 58 41 28 32 96 47 64 3 85 36 61 70 38 78 65 30 13 48 87 1 91 35 71 43 86 19 80 
Coste: 1492691776
Temperatura: 4.1693036831074834E7
Probabilidad de aceptación: 1.0
Movimiento: SI



ITERACION 41
Solucion:    5 6 31 67 14 12 15 18 42 2 75 45 66 4 27 49 16 46 89 56 53 55 40 98 23 97 88 44 63 0 81 68 29 7 62 54 25 20 99 57 84 80 69 82 34 90 59 72 94 93 26 60 52 10 50 51 92 74 37 21 77 33 11 73 22 9 76 95 24 8 39 83 79 17 41 58 28 32 96 47 64 3 85 36 61 70 38 78 65 30 13 48 87 1 91 71 35 43 86 19 
Coste: 1460918847
Temperatura: 3.752373314796735E7
Probabilidad de aceptación: 1.0
Movimiento: SI



ITERACION 42
Solucion:    5 69 6 31 14 67 12 15 18 42 2 75 45 66 4 49 27 16 46 56 89 53 55 40 98 23 88 97 44 63 0 81 68 29 7 62 54 25 20 99 57 84 19 80 82 34 90 59 72 94 93 26 60 52 10 50 51 92 74 37 21 77 33 11 73 22 9 76 95 24 8 39 83 79 17 41 58 28 32 47 96 64 3 85 36 61 70 38 78 65 30 13 48 87 1 91 71 35 43 86 
Coste: 1472228419
Temperatura: 3.377135983317062E7
Probabilidad de aceptación: 1.0
Movimiento: SI



ITERACION 43
Solucion:    80 5 69 31 6 14 67 12 18 15 42 2 75 45 66 49 4 27 16 56 46 89 53 55 40 98 23 88 44 63 0 97 81 68 7 29 62 54 25 20 99 57 84 43 19 82 34 90 59 72 94 93 60 52 26 10 50 51 92 74 37 21 77 33 11 73 22 9 76 95 24 8 83 39 79 17 41 58 28 32 47 96 64 3 85 36 61 70 38 78 65 30 13 48 87 1 91 71 35 86 
Coste: 1427734910
Temperatura: 3.039422384985356E7
Probabilidad de aceptación: 0.845999052780536
Movimiento: NO



ITERACION 44
Solucion:    19 80 69 5 31 14 6 67 12 18 42 15 2 75 45 66 49 4 27 16 56 46 89 53 55 40 98 88 44 23 0 63 97 81 68 7 29 62 25 54 20 99 57 84 35 43 82 34 90 59 72 94 60 93 52 26 10 50 51 92 74 37 21 77 33 11 73 22 9 76 95 24 8 83 79 39 41 17 58 28 32 47 96 64 3 85 36 61 70 38 78 65 30 13 48 87 1 91 71 86 
Coste: 1436644382
Temperatura: 2.7354801464868207E7
Probabilidad de aceptación: 0.7307262818416509
Movimiento: NO



ITERACION 45
Solucion:    43 19 80 69 5 14 31 6 67 12 18 42 15 2 75 45 66 49 4 27 56 16 46 89 53 55 40 98 88 44 0 23 63 97 81 68 7 29 62 25 54 20 99 57 84 86 35 82 34 90 59 72 60 94 93 52 26 10 50 51 92 74 37 21 77 33 11 73 22 9 76 95 24 8 83 79 39 41 17 58 28 32 47 96 64 3 85 36 61 38 70 78 65 30 13 48 87 1 91 71 
Coste: 1483326000
Temperatura: 2.4619321318381388E7
Probabilidad de aceptación: 1.0
Movimiento: SI



ITERACION 46
Solucion:    35 43 19 69 80 5 14 31 67 12 6 42 18 15 75 2 45 66 49 4 56 27 16 46 89 53 55 40 98 88 44 0 23 63 97 81 68 7 29 62 25 54 20 99 57 84 71 86 82 34 90 59 72 60 94 93 52 26 10 51 92 50 74 37 21 77 33 11 73 22 9 76 95 8 24 83 79 41 17 39 28 58 32 47 96 3 64 85 36 61 38 78 70 65 30 13 48 87 1 91 
Coste: 1469743520
Temperatura: 2.215738918654325E7
Probabilidad de aceptación: 1.0
Movimiento: SI



ITERACION 47
Solucion:    86 35 19 43 69 80 14 5 31 67 12 42 6 18 15 75 2 45 66 49 4 56 27 16 46 89 53 55 40 88 98 44 0 23 63 97 81 7 68 29 62 25 54 20 99 57 84 91 71 82 34 90 59 72 60 94 93 52 26 10 51 92 50 74 37 21 77 33 11 73 22 9 76 95 8 24 83 79 41 17 28 39 58 32 47 96 3 64 85 36 38 61 78 70 65 30 13 48 87 1 
Coste: 1460044112
Temperatura: 1.9941650267888926E7
Probabilidad de aceptación: 1.0
Movimiento: SI



ITERACION 48
Solucion:    71 86 35 19 69 80 43 14 31 67 5 42 12 6 15 18 75 2 45 66 49 4 56 27 16 46 89 53 55 40 88 98 44 0 23 63 97 81 7 68 29 62 25 54 20 99 57 84 1 91 82 34 90 59 60 72 94 93 52 26 51 10 92 50 74 37 21 77 33 11 73 22 9 76 95 8 24 83 79 17 41 28 39 58 47 32 96 3 64 85 36 38 61 78 70 65 30 13 48 87 
Coste: 1439769334
Temperatura: 1.7947485241100036E7
Probabilidad de aceptación: 1.0
Movimiento: SI



ITERACION 49
Solucion:    91 71 86 35 19 69 80 14 31 43 67 42 5 12 6 15 75 18 2 45 49 66 4 56 27 16 46 89 53 55 40 88 98 44 0 23 63 97 81 7 68 29 62 25 54 20 99 57 84 48 1 82 34 90 59 60 72 94 93 52 26 51 10 92 50 74 37 21 77 33 11 73 22 9 76 8 95 24 83 17 79 28 41 39 58 47 32 96 3 64 85 36 38 61 78 70 65 30 13 87 
Coste: 1419436599
Temperatura: 1.6152736716990033E7
Probabilidad de aceptación: 0.36907076392051813
Movimiento: NO



ITERACION 50
Solucion:    1 91 86 35 19 69 80 14 71 31 43 67 42 5 12 6 15 75 18 2 45 49 66 4 56 27 16 46 89 53 40 55 88 98 0 44 23 63 97 81 7 68 29 62 25 54 20 99 57 84 13 48 82 34 59 90 60 94 72 93 52 26 51 10 92 50 74 37 21 77 33 11 73 22 76 8 95 9 24 83 17 28 79 41 39 58 47 32 96 3 64 85 36 38 61 78 70 65 30 87 
Coste: 1433749998
Temperatura: 1.453746304529103E7
Probabilidad de aceptación: 0.4657486113358913
Movimiento: NO



ITERACION 51
Solucion:    48 91 86 1 35 19 69 80 14 71 31 67 43 42 5 12 6 15 75 18 45 2 49 66 4 56 27 16 46 89 40 53 55 88 98 0 44 23 63 97 81 7 29 68 62 25 54 20 99 57 84 87 13 34 82 59 90 60 94 93 72 52 26 51 10 92 74 50 37 21 77 11 33 73 76 22 8 95 9 24 83 17 28 79 41 39 58 47 96 32 3 64 85 38 36 78 70 61 65 30 
Coste: 1407887404
Temperatura: 1.3083716740761928E7
Probabilidad de aceptación: 1.0
Movimiento: SI



ITERACION 52
Solucion:    13 91 86 48 35 1 19 69 80 14 71 31 67 43 42 5 12 6 15 75 18 2 45 49 66 4 56 27 46 16 40 53 55 88 89 98 0 44 23 63 97 81 7 68 62 29 25 54 99 20 57 84 65 87 34 82 59 90 60 94 93 72 52 26 51 92 10 50 74 37 21 77 11 33 73 76 22 8 95 9 24 83 17 28 79 41 39 58 96 47 3 32 64 85 38 36 78 70 61 30 
Coste: 1395719327
Temperatura: 1.1775345066685736E7
Probabilidad de aceptación: 0.8139865972104517
Movimiento: NO



ITERACION 53
Solucion:    87 91 86 13 35 48 1 69 19 14 80 71 31 67 43 42 5 12 6 15 75 2 18 45 66 49 4 56 46 27 40 16 53 55 88 89 98 0 44 23 97 81 63 68 7 62 25 29 54 99 20 84 57 30 65 34 82 59 90 60 94 93 72 52 26 51 92 10 50 74 37 21 77 11 33 73 76 22 8 95 9 24 83 17 28 79 41 58 96 39 47 3 32 64 38 85 36 78 70 61 
Coste: 1378339945
Temperatura: 1.0597810560017163E7
Probabilidad de aceptación: 1.0
Movimiento: SI



ITERACION 54
Solucion:    65 87 86 91 13 35 48 69 1 19 14 80 71 31 67 42 43 5 12 6 15 2 75 45 66 18 49 4 56 46 40 16 27 53 55 88 89 98 0 44 23 97 81 63 68 7 62 25 54 29 99 20 84 57 61 30 82 34 59 90 60 94 72 52 93 26 92 51 10 50 37 74 77 21 11 33 73 76 22 8 95 9 24 83 17 79 28 41 58 96 39 47 3 32 64 38 85 36 78 70 
Coste: 1356696073
Temperatura: 9538029.504015448
Probabilidad de aceptación: 1.0
Movimiento: SI



ITERACION 55
Solucion:    30 65 86 87 91 13 35 69 48 19 1 14 80 31 71 67 42 43 5 6 15 2 12 75 45 66 49 18 4 56 40 46 16 53 27 55 88 89 98 0 44 23 97 81 63 68 62 7 54 25 29 99 20 84 57 78 61 82 34 59 90 60 94 72 52 93 92 26 51 50 10 37 77 21 74 11 33 73 76 8 22 95 9 83 24 17 79 28 41 96 58 39 47 3 64 32 38 85 36 70 
Coste: 1343959241
Temperatura: 8584226.553613903
Probabilidad de aceptación: 0.070594252092912
Movimiento: NO



ITERACION 56
Solucion:    30 61 65 86 87 91 13 35 69 19 48 1 14 80 31 71 67 42 43 5 6 15 2 12 75 45 49 66 18 4 40 56 46 16 53 27 55 88 89 0 98 44 23 81 97 63 62 68 54 25 29 7 99 20 84 57 70 78 82 34 59 90 60 94 72 52 93 92 26 50 51 10 37 77 21 74 11 33 73 76 8 22 95 83 9 24 17 79 28 41 96 39 58 47 3 64 32 38 85 36 
Coste: 1347672574
Temperatura: 7725803.898252513
Probabilidad de aceptación: 1.0
Movimiento: SI



ITERACION 57
Solucion:    30 61 65 86 87 91 13 35 69 19 48 1 14 78 80 31 71 67 42 43 5 6 15 2 12 75 49 66 18 4 40 45 56 46 53 16 55 88 27 0 98 44 89 81 23 63 97 62 68 54 25 29 7 99 20 84 57 36 70 82 34 59 90 60 94 72 52 92 26 50 93 51 10 37 77 21 74 11 33 73 76 8 22 83 95 9 24 17 79 41 28 96 39 58 47 3 64 32 38 85 
Coste: 1332406545
Temperatura: 6953223.508427262
Probabilidad de aceptación: 1.0
Movimiento: SI



ITERACION 58
Solucion:    70 30 65 86 61 87 91 13 35 69 19 1 14 48 78 31 80 71 67 42 43 5 6 15 2 75 12 49 18 66 4 45 40 56 46 53 55 16 88 0 98 27 89 81 23 44 97 62 68 54 25 29 63 7 99 20 84 57 32 36 82 34 59 90 94 60 72 92 26 52 50 93 51 37 77 10 21 74 11 33 73 76 8 22 83 9 24 17 95 79 41 96 39 58 28 47 3 64 38 85 
Coste: 1293633712
Temperatura: 6257901.157584536
Probabilidad de aceptación: 0.2942068979110278
Movimiento: NO



ITERACION 59
Solucion:    70 36 65 30 86 87 61 13 91 69 19 35 1 48 78 14 31 80 71 67 42 43 6 5 15 2 75 49 12 18 66 4 45 40 56 46 53 55 16 0 88 98 89 81 23 27 97 62 68 54 25 29 44 63 7 99 20 84 57 64 32 82 34 90 59 94 72 60 92 26 50 52 93 37 51 77 10 21 74 11 33 73 76 8 22 83 9 24 17 95 79 41 39 96 58 28 47 3 38 85 
Coste: 1276678571
Temperatura: 5632111.041826082
Probabilidad de aceptación: 0.038073820689325584
Movimiento: NO



ITERACION 60
Solucion:    70 32 65 30 86 36 87 61 13 69 19 91 35 48 78 1 14 31 80 71 67 42 43 6 15 5 75 49 2 18 12 66 4 45 40 46 56 53 55 16 0 98 88 81 23 89 27 97 62 68 54 25 44 29 63 7 99 20 84 57 95 64 82 90 59 94 72 60 34 92 50 26 52 37 93 51 77 10 21 74 11 33 73 8 22 76 83 9 17 24 79 41 39 96 58 28 47 3 38 85 
Coste: 1248830640
Temperatura: 5068899.937643474
Probabilidad de aceptación: 0.030504926762211938
Movimiento: NO



ITERACION 61
Solucion:    70 64 65 32 30 86 36 87 13 69 19 91 35 48 78 61 1 14 31 80 71 42 67 6 43 15 75 49 5 18 2 66 4 45 40 46 12 53 55 16 0 98 88 81 23 56 89 27 97 68 54 25 62 44 29 63 7 99 20 84 57 85 82 90 59 94 95 72 34 92 50 26 60 52 37 93 51 77 10 74 21 11 73 8 22 76 33 9 17 24 79 41 39 83 96 58 28 3 47 38 
Coste: 1254243387
Temperatura: 4562009.943879127
Probabilidad de aceptación: 1.0
Movimiento: SI



ITERACION 62
Solucion:    70 64 65 32 30 86 36 87 13 69 19 91 35 82 48 61 78 1 31 14 71 42 80 67 6 43 75 49 5 18 2 15 66 4 45 40 46 12 53 55 0 16 98 88 81 23 56 89 27 97 54 68 62 44 25 63 29 99 20 84 57 85 38 7 90 59 94 95 72 92 50 34 26 60 52 37 93 51 77 74 21 11 10 73 8 22 76 33 9 17 24 79 41 39 83 96 58 28 3 47 
Coste: 1244176472
Temperatura: 4105808.949491214
Probabilidad de aceptación: 1.0
Movimiento: SI



ITERACION 63
Solucion:    70 64 65 32 30 86 36 87 13 69 19 91 35 82 7 61 48 1 31 14 71 78 42 67 6 80 75 49 5 18 2 43 66 4 15 45 40 46 53 55 12 0 16 98 88 81 23 56 89 27 54 68 97 44 62 63 29 99 20 84 25 85 38 3 57 90 59 94 95 72 92 50 34 26 60 52 37 93 51 74 77 21 11 10 73 8 22 33 76 9 24 17 79 41 39 83 96 58 28 47 
Coste: 1232883730
Temperatura: 3695228.0545420926
Probabilidad de aceptación: 0.0736587684639398
Movimiento: NO



ITERACION 64
Solucion:    70 57 64 32 65 30 86 36 13 69 19 91 87 35 82 61 48 1 31 14 71 7 78 42 67 6 75 49 80 18 5 2 43 66 4 45 15 40 46 55 53 12 0 16 98 81 88 23 56 89 27 54 68 44 97 63 62 99 29 20 84 25 85 38 47 3 59 90 94 95 72 92 50 34 26 60 52 37 93 74 51 21 77 11 10 73 8 22 33 76 9 24 17 41 39 83 79 96 58 28 
Coste: 1217817748
Temperatura: 3325705.2490878836
Probabilidad de aceptación: 1.0
Movimiento: SI



ITERACION 65
Solucion:    70 57 64 32 65 30 86 36 13 3 19 91 69 87 35 82 61 1 31 14 71 7 48 78 42 6 67 49 75 18 80 5 2 43 66 4 15 40 46 45 55 53 0 12 16 98 81 88 56 23 89 27 54 44 68 97 63 99 29 20 84 25 62 85 38 28 47 59 90 94 95 72 92 50 34 26 60 37 93 52 74 51 21 77 11 10 73 8 22 33 76 24 17 9 41 39 83 79 96 58 
Coste: 1203958376
Temperatura: 2993134.724179095
Probabilidad de aceptación: 1.0
Movimiento: SI



ITERACION 66
Solucion:    70 47 57 32 65 64 30 86 36 13 19 91 69 3 87 82 61 1 31 14 71 7 35 48 78 6 42 49 75 18 67 5 2 43 80 66 4 15 40 45 46 55 0 53 16 98 12 81 88 56 23 27 89 54 44 68 63 99 97 20 84 25 29 62 85 38 58 28 59 90 94 95 72 50 92 26 34 37 93 52 74 60 51 77 11 21 10 73 22 8 33 76 17 9 41 24 39 83 96 79 
Coste: 1157087740
Temperatura: 2693821.2517611855
Probabilidad de aceptación: 1.0
Movimiento: SI



ITERACION 67
Solucion:    70 47 57 32 65 28 64 86 36 30 19 91 13 3 69 82 87 61 31 1 14 7 71 35 48 6 42 49 75 18 67 78 5 2 43 80 66 4 15 40 45 46 55 0 53 98 16 81 12 56 88 23 27 89 44 54 68 63 99 97 20 84 25 29 62 85 38 96 58 90 59 94 95 72 50 26 92 37 34 93 52 74 60 51 77 11 10 21 22 8 73 33 17 76 41 9 24 39 83 79 
Coste: 1145113804
Temperatura: 2424439.126585067
Probabilidad de aceptación: 0.2318983951050361
Movimiento: NO



ITERACION 68
Solucion:    70 47 57 32 65 28 64 58 86 30 19 91 13 3 36 69 82 87 61 31 1 7 14 35 48 6 42 49 75 18 67 78 5 2 71 43 66 80 4 15 45 40 55 0 46 98 53 16 81 56 12 88 27 89 44 54 23 63 99 97 68 20 84 25 29 62 85 38 83 96 90 59 94 95 72 26 92 37 50 93 34 74 52 60 51 11 10 77 22 21 8 73 17 76 33 41 24 39 9 79 
Coste: 1139891044
Temperatura: 2181995.2139265602
Probabilidad de aceptación: 0.348523855288031
Movimiento: NO



ITERACION 69
Solucion:    70 47 96 32 65 57 28 64 86 58 30 91 19 3 13 69 82 87 36 61 31 7 1 14 35 6 42 49 75 18 67 48 78 5 2 71 66 43 4 80 15 45 55 40 0 98 46 53 81 16 56 12 88 27 89 54 44 63 99 23 68 97 20 84 25 29 85 62 38 9 83 90 59 94 95 26 72 37 50 93 92 74 34 52 60 11 51 10 77 22 21 8 17 76 73 33 41 39 24 79 
Coste: 1147854321
Temperatura: 1963795.6925339042
Probabilidad de aceptación: 0.014758380774003713
Movimiento: NO



ITERACION 70
Solucion:    83 47 70 32 65 57 28 64 86 58 30 91 19 96 3 13 69 82 87 36 31 61 1 7 14 35 42 49 75 18 67 6 48 5 78 2 71 43 4 66 80 15 55 45 0 40 98 46 81 53 56 16 12 88 89 54 44 63 99 27 68 23 97 20 84 25 29 85 62 9 24 38 90 59 94 26 72 37 95 93 92 74 50 34 52 60 11 51 10 77 22 21 17 8 76 73 33 41 39 79 
Coste: 1111262227
Temperatura: 1767416.1232805138
Probabilidad de aceptación: 0.05094938452150942
Movimiento: NO



ITERACION 71
Solucion:    83 47 70 32 65 38 28 64 86 58 30 91 19 57 3 96 13 82 69 87 31 36 61 7 1 14 42 49 75 18 67 6 35 48 78 2 71 5 43 4 80 15 55 45 66 0 40 98 46 81 53 56 12 88 89 54 16 63 99 27 68 44 23 97 20 84 25 29 85 9 62 39 24 90 94 26 59 37 95 93 72 92 50 34 74 60 52 11 51 10 77 22 21 17 8 76 73 33 41 79 
Coste: 1112836142
Temperatura: 1590674.5109524624
Probabilidad de aceptación: 0.0020943169085704655
Movimiento: NO



ITERACION 72
Solucion:    24 47 83 70 32 65 38 28 86 64 30 91 19 57 3 58 13 82 69 87 31 36 61 96 7 14 42 49 75 18 67 6 1 35 78 2 71 5 43 4 80 15 55 48 45 0 40 98 66 46 53 81 12 56 89 88 54 63 16 99 68 27 23 44 97 20 84 25 85 29 9 62 41 39 94 26 90 37 95 93 72 92 50 34 74 60 59 11 51 52 10 22 77 17 8 76 21 73 33 79 
Coste: 1089211187
Temperatura: 1431607.0598572162
Probabilidad de aceptación: 0.5382193319962976
Movimiento: NO



ITERACION 73
Solucion:    24 47 83 70 32 65 38 28 86 39 30 91 19 57 3 58 13 82 69 87 31 64 61 36 96 7 14 42 49 75 18 6 67 1 78 35 2 71 5 4 80 15 43 55 45 0 48 40 98 66 53 46 81 12 89 88 54 63 56 99 68 16 27 23 44 97 20 84 85 25 29 62 9 79 41 26 94 37 95 93 72 92 50 90 34 74 60 59 11 51 52 22 77 10 17 8 76 21 73 33 
Coste: 1075167892
Temperatura: 1288446.3538714945
Probabilidad de aceptación: 1.0
Movimiento: SI



ITERACION 74
Solucion:    24 47 83 70 32 65 38 28 86 39 30 91 19 41 3 57 13 58 69 87 82 64 61 36 96 7 14 42 49 75 18 6 67 1 78 35 2 71 5 4 31 15 43 55 45 0 48 40 98 66 53 46 80 81 89 12 88 54 63 56 68 99 16 23 44 27 20 97 84 25 29 62 9 79 33 85 26 94 37 95 93 72 50 90 34 92 60 59 74 51 52 22 77 10 17 8 76 11 73 21 
Coste: 1052901178
Temperatura: 1159601.7184843451
Probabilidad de aceptación: 1.0
Movimiento: SI



ITERACION 75
Solucion:    85 47 24 70 32 65 83 28 86 38 30 91 19 41 39 3 57 58 69 87 82 64 61 36 96 7 14 42 49 75 18 6 13 67 78 35 2 71 5 4 1 15 43 55 45 0 48 40 98 66 53 46 31 81 89 80 12 88 54 56 68 63 99 23 44 27 20 97 84 25 29 62 16 79 9 51 33 26 94 37 95 93 50 90 34 72 60 59 92 74 52 22 77 10 17 8 76 11 73 21 
Coste: 1016198415
Temperatura: 1043641.5466359106
Probabilidad de aceptación: 0.052816319951636985
Movimiento: NO



ITERACION 76
Solucion:    33 85 47 70 32 65 24 28 86 83 30 91 19 41 39 3 38 57 58 87 82 64 61 36 96 7 14 69 42 75 18 6 13 67 78 35 2 71 5 4 49 15 43 55 45 0 48 40 98 66 53 46 1 81 89 80 12 88 31 56 54 68 63 23 44 27 20 97 84 25 29 62 99 79 16 9 21 51 26 94 37 95 50 90 34 93 60 59 92 72 52 22 77 10 17 8 76 11 73 74 
Coste: 974778309
Temperatura: 939277.3919723196
Probabilidad de aceptación: 1.0
Movimiento: SI



ITERACION 77
Solucion:    33 51 85 47 70 32 65 28 86 24 83 91 19 41 39 30 3 57 58 87 38 64 61 36 96 7 14 69 42 75 18 6 13 67 78 35 2 71 5 4 82 15 43 55 45 0 48 40 98 66 53 46 49 1 81 89 12 88 80 56 54 31 63 23 44 27 68 97 20 25 29 62 84 79 99 16 9 73 21 26 94 37 50 90 95 93 60 59 92 34 52 22 77 10 17 8 76 11 72 74 
Coste: 958991888
Temperatura: 845349.6527750876
Probabilidad de aceptación: 5.486398282408989E-4
Movimiento: NO



ITERACION 78
Solucion:    33 51 85 47 70 21 32 65 86 28 24 91 19 83 39 41 3 57 58 87 38 64 61 36 96 7 14 69 42 75 18 6 13 67 78 35 2 71 5 4 82 15 43 55 30 0 48 40 98 66 53 46 45 1 81 89 12 88 80 56 54 31 63 23 44 27 68 97 20 25 29 62 84 79 49 99 16 9 72 73 26 94 50 37 95 90 60 59 92 34 52 22 77 10 17 8 76 11 93 74 
Coste: 950304828
Temperatura: 760814.6874975789
Probabilidad de aceptación: 1.3453025174883907E-9
Movimiento: NO



ITERACION 79
Solucion:    33 73 85 51 47 70 32 65 86 21 28 91 19 83 39 24 3 57 58 87 38 64 61 36 96 7 14 69 42 75 18 6 13 67 78 35 2 71 5 4 41 15 43 55 82 0 48 40 98 66 53 46 30 1 45 89 12 81 80 56 54 31 63 23 44 27 68 97 20 25 29 62 84 79 88 49 99 16 72 93 9 26 50 94 37 95 60 59 92 90 52 22 77 10 17 8 76 11 34 74 
Coste: 929147901
Temperatura: 684733.218747821
Probabilidad de aceptación: 3.5972674765586073E-10
Movimiento: NO



ITERACION 80
Solucion:    33 73 85 51 47 70 9 65 86 32 28 91 21 83 39 19 3 57 58 87 24 64 61 36 96 7 14 69 42 75 18 6 13 67 78 35 2 71 5 4 41 15 38 55 82 0 48 40 98 66 53 46 43 1 45 89 12 81 80 56 54 31 63 23 44 27 68 97 20 25 29 62 84 79 30 49 88 99 16 72 34 93 50 94 37 95 60 59 92 90 52 22 77 10 17 8 76 11 26 74 
Coste: 916119709
Temperatura: 616259.896873039
Probabilidad de aceptación: 1.2387938326142792E-15
Movimiento: NO



ITERACION 81
Solucion:    33 73 85 51 47 93 70 65 86 9 28 91 32 21 39 19 3 83 58 87 24 64 61 36 96 7 14 69 42 75 18 6 57 67 78 35 2 71 5 4 41 15 38 13 82 0 48 40 98 66 53 46 55 43 1 45 12 81 89 56 54 31 63 23 44 27 80 97 20 25 29 62 68 79 30 84 49 88 99 16 72 26 50 94 37 95 60 59 92 90 52 22 77 10 17 8 76 11 34 74 
Coste: 903490855
Temperatura: 554633.9071857351
Probabilidad de aceptación: 2.7108950425400707E-10
Movimiento: NO



ITERACION 82
Solucion:    33 73 85 51 47 93 70 65 86 9 28 91 32 21 39 19 3 83 58 87 24 64 50 61 36 96 14 7 42 75 18 69 6 67 57 35 2 71 5 4 41 15 38 13 78 0 48 40 98 66 53 46 55 43 1 82 45 81 89 56 54 12 63 31 44 23 27 80 20 25 29 62 68 79 30 84 49 88 99 16 72 26 34 94 97 37 95 60 59 92 90 52 22 77 10 17 8 11 76 74 
Coste: 884866298
Temperatura: 499170.5164671616
Probabilidad de aceptación: 7.041932471010651E-14
Movimiento: NO



ITERACION 83
Solucion:    33 94 85 51 47 73 93 65 86 9 28 91 32 21 39 19 3 70 83 87 24 64 58 61 36 50 14 7 42 75 18 69 96 67 6 35 2 71 57 4 41 15 38 5 13 0 48 40 98 78 53 46 55 43 1 66 82 81 89 45 56 12 54 63 44 31 27 23 20 25 29 62 80 79 30 68 49 84 88 99 72 26 16 76 34 97 95 37 59 60 92 90 52 77 10 22 17 11 8 74 
Coste: 856075094
Temperatura: 449253.46482044546
Probabilidad de aceptación: 8.228659062358263E-15
Movimiento: NO



ITERACION 84
Solucion:    33 94 85 51 47 73 93 65 86 34 9 91 32 28 21 19 3 70 83 87 24 64 58 61 36 50 14 7 42 75 18 69 39 96 67 35 2 71 6 4 41 15 57 5 13 0 38 40 98 48 53 46 55 43 1 78 66 81 89 45 56 82 54 63 44 12 27 23 20 25 29 62 31 79 30 68 49 84 88 99 72 26 80 76 8 16 97 37 95 60 92 59 90 52 77 10 22 17 11 74 
Coste: 842782262
Temperatura: 404328.1183384009
Probabilidad de aceptación: 2.0244882159510687E-15
Movimiento: NO



ITERACION 85
Solucion:    33 94 85 51 47 73 93 65 86 34 9 91 32 16 28 19 3 70 21 87 83 64 24 58 61 50 14 7 42 75 18 69 36 39 96 67 2 71 35 4 41 6 15 5 13 0 57 40 98 38 53 46 55 43 1 78 66 81 89 45 56 48 82 63 44 12 27 23 20 25 29 62 54 79 30 68 49 84 88 99 72 26 31 76 80 11 97 8 95 37 60 92 59 90 52 77 10 22 17 74 
Coste: 835010205
Temperatura: 363895.3065045608
Probabilidad de aceptación: 1.1556107011655628E-24
Movimiento: NO



ITERACION 86
Solucion:    33 94 85 51 47 73 93 65 86 34 9 91 32 16 28 19 3 70 97 87 83 21 24 58 61 50 14 7 42 64 18 75 69 36 39 67 2 96 71 4 41 35 6 15 5 0 13 40 98 38 53 46 57 43 1 78 55 81 89 45 56 66 82 63 44 12 48 27 20 23 25 62 29 79 30 68 49 84 88 99 72 26 54 31 76 80 17 11 8 95 37 60 92 59 52 90 77 10 22 74 
Coste: 822282875
Temperatura: 327505.7758541047
Probabilidad de aceptación: 9.31325904397126E-34
Movimiento: NO



ITERACION 87
Solucion:    33 94 85 51 47 73 93 65 86 34 9 91 32 16 28 19 11 70 97 87 3 21 24 58 61 50 14 83 42 64 18 75 69 36 7 67 2 96 71 4 41 35 6 15 5 0 13 40 98 38 53 46 57 43 1 78 55 81 89 45 39 66 56 82 44 63 12 48 20 23 27 62 29 79 30 68 49 84 88 99 72 26 54 31 25 76 80 22 17 8 95 37 60 92 59 90 77 10 52 74 
Coste: 814471853
Temperatura: 294755.1982686943
Probabilidad de aceptación: 2.2230354455708187E-25
Movimiento: NO



ITERACION 88
Solucion:    33 94 85 51 47 73 93 65 86 34 9 91 32 17 28 19 16 70 97 87 3 11 21 58 61 50 14 83 42 64 18 75 69 36 24 67 2 7 71 4 41 96 35 15 5 0 6 40 13 98 53 46 38 43 1 57 78 81 89 45 55 66 56 82 44 63 12 48 20 23 27 62 29 79 30 68 49 84 88 99 72 26 39 54 31 25 76 80 10 22 8 95 60 37 92 59 77 90 52 74 
Coste: 804882029
Temperatura: 265279.67844182486
Probabilidad de aceptación: 4.85662817907575E-38
Movimiento: NO



ITERACION 89
Solucion:    33 94 85 51 47 73 93 65 86 34 9 91 32 17 28 19 16 70 22 87 3 11 21 58 61 50 14 83 42 64 18 75 69 36 97 67 2 24 71 4 41 96 7 35 5 0 6 40 13 98 53 46 38 43 1 57 78 81 89 45 55 66 56 15 44 63 12 82 20 23 48 62 27 79 30 68 49 84 88 99 72 26 29 39 54 31 25 76 10 52 80 8 60 95 37 92 59 77 90 74 
Coste: 802127984
Temperatura: 238751.71059764238
Probabilidad de aceptación: 1.9017503347669793E-12
Movimiento: NO



ITERACION 90
Solucion:    33 94 85 51 80 73 93 65 86 34 9 91 32 47 17 19 28 70 16 87 22 11 3 58 61 21 14 83 42 64 18 75 69 36 50 67 2 97 71 4 41 24 96 35 7 0 5 40 13 6 53 46 98 43 1 57 38 81 89 78 55 66 56 15 44 63 12 82 20 23 48 62 27 79 30 68 49 84 88 99 72 26 29 45 39 54 31 25 10 76 77 52 8 60 95 92 37 59 90 74 
Coste: 784160070
Temperatura: 214876.53953787815
Probabilidad de aceptación: 4.774722548620865E-12
Movimiento: NO



ITERACION 91
Solucion:    33 94 85 51 80 73 93 65 86 34 9 91 32 47 17 19 28 70 16 87 22 52 11 58 61 21 14 83 42 64 18 75 69 36 50 67 2 97 71 4 41 24 96 3 35 0 5 40 13 6 7 53 98 43 1 57 38 81 89 78 46 55 56 66 44 63 12 82 20 23 48 62 27 79 30 68 49 84 88 99 72 26 29 15 45 39 54 31 10 25 76 60 77 8 95 92 37 59 90 74 
Coste: 778770552
Temperatura: 193388.88558409034
Probabilidad de aceptación: 1.921483851186564E-16
Movimiento: NO



ITERACION 92
Solucion:    33 94 85 51 80 73 93 65 86 34 9 91 32 47 17 19 28 70 77 16 22 87 52 11 58 21 14 83 42 64 18 75 69 36 50 67 2 97 71 4 41 24 96 3 35 0 5 40 61 6 13 7 98 53 1 57 43 81 89 78 38 46 56 66 44 63 55 12 20 23 48 62 27 79 30 68 49 84 88 99 72 26 29 82 45 15 39 54 10 31 25 76 90 8 60 95 92 37 59 74 
Coste: 770121650
Temperatura: 174049.9970256813
Probabilidad de aceptación: 4.866455929853349E-59
Movimiento: NO



ITERACION 93
Solucion:    33 94 85 51 80 73 93 65 86 34 9 91 32 47 17 19 28 70 8 77 22 16 52 87 11 58 14 21 42 83 18 75 69 64 50 67 36 2 97 71 41 24 96 3 35 0 5 40 61 6 4 7 13 98 1 57 53 81 89 43 78 46 56 66 44 38 63 12 20 23 48 62 27 79 30 68 49 84 88 99 72 26 55 29 82 45 15 39 10 54 25 31 90 59 76 60 95 37 92 74 
Coste: 742882801
Temperatura: 156644.99732311317
Probabilidad de aceptación: 2.0127209824458318E-51
Movimiento: NO



ITERACION 94
Solucion:    33 76 85 51 94 73 93 65 86 80 9 91 32 47 34 19 28 70 17 77 22 16 52 87 11 8 14 21 42 58 18 75 69 64 50 67 36 2 97 71 41 24 96 3 35 0 5 40 83 6 61 7 13 98 1 4 57 81 53 89 43 78 46 56 44 38 63 12 20 23 48 62 27 79 30 68 49 84 88 99 72 26 66 29 55 45 82 15 10 39 25 31 90 54 92 60 59 95 37 74 
Coste: 719316338
Temperatura: 140980.49759080185
Probabilidad de aceptación: 6.773002718974503E-42
Movimiento: NO



ITERACION 95
Solucion:    33 76 85 51 94 73 93 65 86 80 9 91 32 47 34 19 28 70 17 77 22 60 16 52 11 8 14 21 42 87 18 75 69 64 50 67 36 58 97 2 41 24 71 3 35 0 5 40 83 6 61 7 13 98 1 4 57 81 53 89 43 78 46 56 44 38 63 12 20 23 48 62 27 79 30 68 49 84 88 99 72 26 96 29 55 66 45 15 82 39 25 31 90 10 54 37 92 59 95 74 
Coste: 714462027
Temperatura: 126882.44783172167
Probabilidad de aceptación: 2.446396107517568E-8
Movimiento: NO



ITERACION 96
Solucion:    33 92 85 51 94 73 93 65 86 80 9 91 32 47 34 19 76 70 28 17 22 77 60 52 11 16 14 21 42 87 18 8 75 69 64 67 36 58 97 2 41 24 71 3 35 0 5 40 83 6 61 7 13 98 1 4 57 81 53 89 43 78 46 56 44 38 63 12 20 23 48 62 27 79 30 68 49 84 88 99 72 26 96 29 50 66 45 15 55 82 39 31 90 25 54 37 95 10 59 74 
Coste: 701501758
Temperatura: 114194.2030485495
Probabilidad de aceptación: 6.260316896456743E-42
Movimiento: NO



ITERACION 97
Solucion:    33 92 85 51 94 73 93 65 86 80 9 91 10 47 34 19 76 70 32 17 22 77 60 28 11 16 14 52 42 21 18 8 75 69 87 64 36 67 97 58 41 24 2 3 35 0 5 40 71 6 61 7 13 98 1 4 57 81 53 89 43 83 46 56 44 38 63 12 20 23 48 62 27 79 30 68 49 84 88 99 72 26 96 29 50 66 45 15 78 55 39 82 90 31 54 37 25 59 95 74 
Coste: 691626567
Temperatura: 102774.78274369455
Probabilidad de aceptación: 5.774656119057641E-87
Movimiento: NO



ITERACION 98
Solucion:    33 95 85 51 94 73 93 65 86 80 9 91 92 10 47 19 34 76 70 32 17 77 60 28 11 22 14 52 42 21 18 8 75 69 87 64 36 67 97 58 41 24 2 3 35 0 5 40 16 71 6 61 13 98 1 4 57 81 53 89 43 83 46 56 44 38 63 12 20 7 48 62 27 79 30 68 49 84 88 99 72 26 96 23 50 66 45 29 78 15 39 55 82 31 54 37 25 59 90 74 
Coste: 681806759
Temperatura: 92497.3044693251
Probabilidad de aceptación: 1.149579272736181E-108
Movimiento: NO



ITERACION 99
Solucion:    33 95 85 51 94 73 93 65 86 80 9 91 92 10 47 19 34 76 70 32 17 77 60 28 11 22 74 14 52 42 21 8 75 69 87 64 36 18 97 58 41 24 2 3 35 0 5 67 16 71 6 61 13 98 1 4 57 40 53 89 43 83 46 56 81 38 63 12 20 7 48 62 27 44 30 68 49 84 88 99 72 26 96 23 50 66 45 29 78 15 39 55 82 31 54 37 25 59 90 79 
Coste: 671611093
Temperatura: 83247.5740223926
Probabilidad de aceptación: 1.0
Movimiento: SI



