ITERACION 0
Solucion:    60 81 57 97 72 56 6 78 42 52 26 82 63 40 53 90 12 13 22 88 54 8 79 65 36 98 71 38 28 27 37 21 67 34 47 24 51 0 9 93 3 76 2 32 5 10 7 99 77 29 95 49 80 44 91 43 59 45 33 64 31 87 94 61 14 1 86 19 50 84 89 85 73 46 74 17 62 39 23 66 11 30 96 48 70 75 35 68 4 20 92 41 15 18 55 16 25 58 69 83 
Coste: 1860685183
Temperatura: 2.772849342E9
Probabilidad de aceptación: 1.0
Movimiento: SI



ITERACION 1
Solucion:    81 83 60 57 97 72 56 6 78 42 52 26 82 63 40 53 90 12 13 22 88 54 8 79 65 36 98 71 38 28 27 37 21 67 34 47 24 51 0 9 93 3 76 2 32 5 10 7 99 77 29 95 49 80 44 91 43 59 45 33 64 31 87 94 61 14 1 86 19 50 84 89 85 73 46 74 17 62 39 23 66 11 30 96 48 70 75 35 68 4 20 92 41 15 18 55 16 25 58 69 
Coste: 1878171825
Temperatura: 2.4955644078E9
Probabilidad de aceptación: 1.0
Movimiento: SI



ITERACION 2
Solucion:    60 81 69 83 57 97 72 56 6 78 42 52 26 82 63 40 53 90 12 13 22 88 54 8 79 65 36 98 71 38 28 27 37 21 67 34 47 24 51 0 9 93 3 76 2 32 5 10 7 99 77 29 95 49 80 44 91 43 59 45 33 64 31 87 94 61 14 1 86 19 50 84 89 85 73 46 74 17 62 39 23 66 11 30 96 48 70 75 35 68 4 20 92 41 15 18 55 16 25 58 
Coste: 1865727158
Temperatura: 2.2460079670200005E9
Probabilidad de aceptación: 1.0
Movimiento: SI



ITERACION 3
Solucion:    83 60 81 58 69 57 97 72 56 6 78 42 52 26 82 63 40 53 90 12 13 22 88 54 8 79 65 36 98 71 38 28 27 37 21 67 34 47 24 51 0 9 93 3 76 2 32 5 10 7 99 77 29 95 49 80 44 91 43 59 45 33 64 31 87 94 61 14 1 86 19 50 84 89 85 73 46 74 17 62 39 23 66 11 30 96 48 70 75 35 68 4 20 92 41 15 18 55 16 25 
Coste: 1882477772
Temperatura: 2.0214071703180006E9
Probabilidad de aceptación: 1.0
Movimiento: SI



ITERACION 4
Solucion:    69 83 60 81 25 58 57 97 72 56 6 78 42 52 26 82 63 40 53 90 12 13 22 88 54 8 79 65 36 98 71 38 28 27 37 21 67 34 47 24 51 0 9 93 3 76 2 32 5 10 7 99 77 29 95 49 80 44 91 43 59 45 33 64 31 87 94 61 14 1 86 19 50 84 89 85 73 46 74 17 62 39 23 66 11 30 96 48 70 75 35 68 4 20 92 41 15 18 55 16 
Coste: 1895235045
Temperatura: 1.8192664532862005E9
Probabilidad de aceptación: 1.0
Movimiento: SI



ITERACION 5
Solucion:    58 69 83 60 81 16 25 57 97 72 56 6 78 42 52 26 82 63 40 53 90 12 13 22 88 54 8 79 65 36 98 71 38 28 27 37 21 67 34 47 24 51 0 9 93 3 76 2 32 5 10 7 99 77 29 95 49 80 44 91 43 59 45 33 64 31 87 94 61 14 1 86 19 50 84 89 85 73 46 74 17 62 39 23 66 11 30 96 48 70 75 35 68 4 20 92 41 15 18 55 
Coste: 1890774806
Temperatura: 1.6373398079575806E9
Probabilidad de aceptación: 1.0
Movimiento: SI



ITERACION 6
Solucion:    25 58 69 83 60 81 55 16 57 97 72 56 6 78 42 52 26 82 63 40 53 90 12 13 22 88 54 8 79 65 36 98 71 38 27 28 37 21 67 34 47 24 51 0 9 93 3 76 2 32 5 10 7 99 77 29 95 49 80 44 91 43 59 45 33 64 31 87 94 61 14 1 86 19 50 84 89 85 73 46 74 17 62 39 23 66 11 30 96 48 70 75 35 68 4 20 92 41 15 18 
Coste: 1903496826
Temperatura: 1.4736058271618226E9
Probabilidad de aceptación: 1.0
Movimiento: SI



ITERACION 7
Solucion:    16 25 58 69 83 60 81 18 55 57 97 72 56 6 78 42 52 26 82 63 40 53 90 12 13 22 88 54 8 79 65 36 98 71 38 27 28 37 21 67 34 47 24 51 0 9 93 3 76 2 32 5 10 7 99 77 29 95 49 80 44 91 43 59 45 33 64 31 87 94 61 14 1 86 19 50 84 89 85 73 46 74 17 62 39 23 66 30 11 96 48 70 75 35 68 4 20 92 41 15 
Coste: 1909081540
Temperatura: 1.3262452444456403E9
Probabilidad de aceptación: 1.0
Movimiento: SI



ITERACION 8
Solucion:    55 16 25 58 69 83 60 81 15 18 57 97 72 56 6 78 42 52 26 82 63 40 53 90 12 13 22 88 54 8 79 65 36 98 71 38 27 28 37 21 67 34 47 24 51 0 9 93 3 76 2 32 5 10 7 99 77 29 95 49 80 44 91 43 59 45 33 64 31 87 94 61 14 1 86 19 50 84 89 85 73 46 74 17 62 39 23 66 30 11 96 48 70 75 35 68 4 20 92 41 
Coste: 1939821510
Temperatura: 1.1936207200010762E9
Probabilidad de aceptación: 1.0
Movimiento: SI



ITERACION 9
Solucion:    18 55 16 25 58 69 83 60 81 41 15 57 97 72 56 6 78 42 52 82 26 63 40 53 90 12 13 22 88 54 8 79 65 36 98 71 38 27 28 37 21 67 34 47 24 51 0 9 93 3 76 2 32 5 10 7 99 77 29 95 49 80 44 91 43 59 45 33 64 31 87 94 61 14 1 86 19 50 84 89 85 73 46 74 17 62 23 39 66 30 96 11 48 70 75 35 68 4 20 92 
Coste: 1953344873
Temperatura: 1.0742586480009687E9
Probabilidad de aceptación: 1.0
Movimiento: SI



ITERACION 10
Solucion:    15 18 55 16 25 58 69 83 60 81 92 41 57 97 72 56 6 78 42 52 82 26 63 40 53 90 12 13 22 88 54 8 79 65 36 98 71 38 27 28 37 21 67 34 47 24 51 0 9 93 3 76 2 32 5 10 7 99 77 29 95 49 80 44 91 43 59 45 33 64 31 87 94 61 14 1 86 19 50 84 89 85 73 46 74 17 62 23 39 66 30 96 11 48 70 75 35 68 4 20 
Coste: 1935588735
Temperatura: 9.668327832008718E8
Probabilidad de aceptación: 1.0
Movimiento: SI



ITERACION 11
Solucion:    41 15 18 55 16 25 58 69 83 60 81 20 92 57 97 72 56 6 78 42 52 82 26 63 40 53 90 12 13 22 88 54 8 79 65 36 98 71 38 27 28 37 21 67 34 47 24 51 0 9 93 3 76 2 32 5 10 7 99 77 29 95 49 80 44 91 43 59 45 33 64 31 87 94 61 14 1 86 19 50 84 89 85 73 46 74 17 62 23 39 66 30 96 11 48 70 75 35 68 4 
Coste: 1952975780
Temperatura: 8.701495048807846E8
Probabilidad de aceptación: 1.0
Movimiento: SI



ITERACION 12
Solucion:    92 41 18 15 55 16 25 58 69 83 60 81 4 20 57 97 72 56 6 78 42 52 82 63 26 40 53 90 12 13 22 88 54 8 79 65 36 98 71 38 27 28 37 21 67 34 47 24 51 0 9 93 3 76 2 32 5 10 7 99 77 29 95 49 80 44 91 43 59 45 33 64 31 87 94 61 14 1 86 19 50 84 89 85 73 46 74 17 62 23 39 66 30 96 48 11 70 75 35 68 
Coste: 2001273594
Temperatura: 7.831345543927062E8
Probabilidad de aceptación: 1.0
Movimiento: SI



ITERACION 13
Solucion:    20 92 41 18 15 55 16 25 58 69 83 81 60 68 4 57 97 72 56 6 78 42 52 82 63 26 40 53 90 12 13 22 88 54 8 79 65 36 98 71 38 27 28 37 21 67 34 47 24 51 0 9 93 3 76 2 32 5 10 7 99 77 29 95 49 80 44 91 43 59 45 33 64 31 87 94 61 14 1 86 19 50 84 89 85 73 46 74 17 62 23 39 66 30 96 48 11 70 75 35 
Coste: 1991819800
Temperatura: 7.048210989534355E8
Probabilidad de aceptación: 1.0
Movimiento: SI



ITERACION 14
Solucion:    4 20 92 41 18 15 55 16 25 58 69 83 81 60 35 68 57 97 72 56 6 78 42 52 82 63 26 40 53 90 12 13 22 88 54 8 79 65 36 98 71 38 27 28 37 21 67 34 47 24 51 0 9 93 3 76 2 32 5 10 7 99 77 29 95 49 80 44 91 43 59 45 33 64 31 87 94 61 14 1 86 19 50 84 89 85 73 46 74 17 62 23 39 66 30 96 48 11 70 75 
Coste: 1967219929
Temperatura: 6.34338989058092E8
Probabilidad de aceptación: 1.0
Movimiento: SI



ITERACION 15
Solucion:    68 4 20 92 41 18 15 55 16 25 58 69 83 81 60 75 35 57 97 72 56 6 78 42 52 82 63 26 40 53 90 12 13 22 88 54 8 79 65 36 98 71 38 27 28 37 21 67 34 47 24 51 0 9 93 3 76 2 32 5 10 7 99 77 29 95 49 80 44 91 43 59 45 33 64 31 87 94 61 14 1 86 19 50 84 89 85 73 46 74 17 62 23 39 66 30 96 48 11 70 
Coste: 2005666833
Temperatura: 5.709050901522828E8
Probabilidad de aceptación: 1.0
Movimiento: SI



ITERACION 16
Solucion:    35 68 4 20 92 41 18 15 55 16 25 58 69 83 81 60 70 75 57 97 72 56 6 78 42 52 82 63 26 40 53 90 12 13 22 88 54 8 79 65 36 98 71 38 27 28 37 21 67 34 47 24 51 0 9 93 3 76 2 32 5 10 7 99 77 29 95 49 80 44 91 43 59 45 33 64 31 87 94 61 14 1 86 19 50 84 89 85 73 46 74 17 62 23 39 66 30 96 48 11 
Coste: 2030202964
Temperatura: 5.1381458113705456E8
Probabilidad de aceptación: 1.0
Movimiento: SI



ITERACION 17
Solucion:    75 35 68 4 20 92 41 18 15 55 16 25 58 69 83 81 60 11 70 57 97 72 56 6 78 42 52 82 63 26 40 53 90 12 13 22 88 54 8 79 65 36 98 71 38 27 28 37 21 67 34 47 24 51 0 9 93 3 76 2 32 5 10 7 99 77 29 95 49 80 44 91 43 59 45 33 64 31 87 94 61 14 1 86 19 50 84 89 85 73 46 74 17 62 23 39 66 30 96 48 
Coste: 2017969317
Temperatura: 4.624331230233491E8
Probabilidad de aceptación: 1.0
Movimiento: SI



ITERACION 18
Solucion:    70 75 35 68 4 20 92 41 18 15 55 16 25 58 69 83 81 60 48 11 57 97 72 56 6 78 42 52 82 63 40 26 53 90 12 13 22 88 54 8 79 65 36 98 71 38 27 28 37 21 67 34 47 24 51 0 9 93 3 76 32 2 5 10 7 99 77 29 95 49 80 44 91 43 59 45 33 64 31 87 94 61 14 1 86 19 50 84 89 85 73 46 74 17 62 23 39 66 30 96 
Coste: 2018714437
Temperatura: 4.161898107210142E8
Probabilidad de aceptación: 1.0
Movimiento: SI



ITERACION 19
Solucion:    11 70 75 35 68 4 20 92 41 18 15 55 16 25 58 69 83 81 60 96 48 57 97 72 56 6 78 42 52 82 63 40 26 53 90 12 13 22 88 54 8 79 65 36 98 71 38 27 28 37 21 67 34 47 24 51 0 9 93 3 76 32 2 5 10 7 99 77 29 95 49 80 44 91 43 59 45 33 64 31 87 94 61 14 1 86 19 50 84 89 85 73 46 74 17 62 23 39 66 30 
Coste: 2032063078
Temperatura: 3.745708296489128E8
Probabilidad de aceptación: 1.0
Movimiento: SI



ITERACION 20
Solucion:    48 11 70 75 35 68 4 20 92 41 18 15 55 16 25 58 69 83 81 60 30 96 57 97 72 56 6 78 42 52 82 63 40 26 53 90 12 13 22 88 54 8 79 65 36 98 71 38 27 28 37 21 67 34 47 24 51 0 9 93 3 76 32 2 5 10 7 99 77 29 95 49 80 44 91 43 59 45 33 64 31 87 94 61 14 1 86 19 50 84 89 85 73 46 74 17 62 23 39 66 
Coste: 2080179861
Temperatura: 3.3711374668402153E8
Probabilidad de aceptación: 1.0
Movimiento: SI



ITERACION 21
Solucion:    96 48 11 70 75 35 68 4 20 92 41 18 15 55 16 25 58 69 83 81 60 66 30 57 97 72 56 6 78 42 52 82 63 40 26 53 90 12 13 22 88 54 8 79 65 36 98 71 38 27 28 37 21 67 34 47 24 51 0 9 93 3 76 32 2 5 10 7 99 77 29 95 49 80 44 91 43 59 45 33 64 31 87 94 61 14 1 86 19 50 84 89 85 73 46 74 17 62 23 39 
Coste: 2073038567
Temperatura: 3.034023720156194E8
Probabilidad de aceptación: 1.0
Movimiento: SI



ITERACION 22
Solucion:    30 96 48 11 70 75 35 68 4 20 92 41 18 15 55 16 25 58 69 83 81 60 39 66 57 97 72 56 6 78 42 52 82 63 40 26 53 90 12 13 22 88 54 8 79 65 36 98 71 38 27 28 37 21 67 34 47 24 51 0 9 93 3 76 32 2 5 10 7 99 77 29 95 49 80 44 91 43 59 45 33 64 31 87 94 61 14 1 86 19 50 84 89 85 73 46 74 17 62 23 
Coste: 2089156636
Temperatura: 2.7306213481405747E8
Probabilidad de aceptación: 1.0
Movimiento: SI



ITERACION 23
Solucion:    66 30 96 48 11 70 75 35 68 4 20 92 41 18 15 55 16 25 58 69 83 81 60 23 39 57 97 56 72 6 78 42 52 82 63 40 26 53 90 12 13 22 88 54 8 79 65 36 98 71 38 27 28 37 21 67 34 47 24 51 0 9 93 3 76 32 2 5 10 7 99 77 29 95 49 80 44 91 43 59 45 33 64 31 87 94 61 14 1 86 19 50 84 89 85 73 46 74 17 62 
Coste: 2146700154
Temperatura: 2.4575592133265173E8
Probabilidad de aceptación: 1.0
Movimiento: SI



ITERACION 24
Solucion:    39 66 30 96 48 11 70 75 35 68 4 20 92 41 18 15 55 16 25 58 69 83 81 60 62 23 57 97 56 72 6 78 42 52 82 63 40 26 53 90 12 13 22 88 54 8 79 65 36 98 71 38 27 37 28 21 67 34 47 24 51 0 9 93 3 76 32 2 5 10 7 99 77 29 95 49 80 44 91 43 59 45 33 64 31 87 94 61 14 1 86 19 50 84 89 85 73 46 74 17 
Coste: 2143908830
Temperatura: 2.2118032919938657E8
Probabilidad de aceptación: 1.0
Movimiento: SI



ITERACION 25
Solucion:    23 39 66 30 96 48 11 70 75 35 68 4 20 92 41 18 15 55 16 25 58 69 83 81 60 17 62 57 97 56 72 6 78 42 52 82 63 40 26 53 90 12 13 22 88 54 8 79 65 36 98 71 38 27 37 28 21 67 34 47 24 51 0 9 93 3 76 32 2 5 10 7 99 77 29 95 49 80 44 91 43 59 45 33 64 31 87 94 61 14 1 86 19 50 84 89 85 73 46 74 
Coste: 2134821445
Temperatura: 1.990622962794479E8
Probabilidad de aceptación: 1.0
Movimiento: SI



ITERACION 26
Solucion:    62 23 39 66 30 96 48 11 70 35 68 75 4 20 92 41 18 15 55 16 25 58 69 83 81 60 74 17 57 97 56 72 6 78 42 52 82 63 40 26 53 90 12 13 22 88 54 8 79 65 36 98 71 38 27 37 28 21 67 34 47 24 51 0 9 93 3 76 32 2 5 10 7 99 77 29 95 49 80 44 91 43 59 45 33 64 31 87 94 61 14 1 86 19 50 84 89 85 46 73 
Coste: 2139678411
Temperatura: 1.7915606665150312E8
Probabilidad de aceptación: 1.0
Movimiento: SI



ITERACION 27
Solucion:    17 62 23 66 39 30 96 48 11 70 35 68 75 4 20 92 41 18 15 55 16 25 58 69 83 81 60 73 74 57 97 56 72 6 78 42 52 82 63 40 26 53 90 12 13 22 88 54 8 79 65 98 36 71 38 27 37 28 21 67 34 47 24 51 0 9 93 3 76 32 2 5 10 7 99 29 77 95 49 80 44 91 43 59 45 33 64 31 87 94 61 14 1 86 19 50 84 89 85 46 
Coste: -2131786750
Temperatura: 1.612404599863528E8
Probabilidad de aceptación: 1.0
Movimiento: SI



ITERACION 28
Solucion:    74 62 17 23 66 30 39 96 48 11 70 35 68 75 4 20 92 41 18 15 55 16 25 58 69 83 81 60 46 73 57 97 56 72 6 78 42 52 82 63 40 26 53 90 12 22 13 88 54 8 79 65 98 36 71 38 27 37 28 21 67 34 47 24 51 0 9 93 3 76 32 2 5 10 7 99 29 77 95 49 80 44 91 43 59 45 33 64 31 87 61 94 14 1 86 19 50 84 89 85 
Coste: 2140776344
Temperatura: 1.4511641398771754E8
Probabilidad de aceptación: 1.0
Movimiento: SI



ITERACION 29
Solucion:    73 74 62 17 23 66 30 39 96 48 11 35 70 68 75 4 20 92 41 18 15 55 16 25 58 69 83 81 60 85 46 57 97 56 72 6 78 42 52 82 63 40 26 53 90 12 22 13 88 54 8 79 65 98 71 36 38 27 37 28 21 67 34 47 24 51 0 9 93 3 76 32 5 2 10 7 99 29 77 95 49 80 44 91 43 59 45 33 64 31 87 61 94 14 1 86 19 50 84 89 
Coste: -2135158741
Temperatura: 1.3060477258894579E8
Probabilidad de aceptación: 1.0
Movimiento: SI



ITERACION 30
Solucion:    46 73 74 62 17 23 66 30 96 39 48 11 35 70 68 75 4 20 92 41 18 15 55 25 58 16 69 83 81 60 89 85 57 97 56 72 6 78 42 52 82 63 40 26 53 90 12 22 13 88 54 8 79 65 98 71 36 27 38 37 28 21 67 34 47 24 51 0 9 93 3 76 32 5 2 10 7 99 29 77 95 49 44 80 91 43 59 45 33 64 31 61 87 94 14 1 86 19 50 84 
Coste: -2136113908
Temperatura: 1.1754429533005121E8
Probabilidad de aceptación: 1.0
Movimiento: SI



ITERACION 31
Solucion:    85 46 73 74 62 17 23 66 30 96 48 39 11 35 70 68 75 4 20 92 41 18 15 55 25 58 16 69 83 81 60 50 89 57 97 56 72 6 78 42 52 82 63 40 26 53 90 12 22 13 88 54 8 79 65 98 71 36 27 38 37 28 21 67 34 47 24 51 0 9 93 3 76 32 5 2 10 7 99 29 77 95 49 44 80 91 43 59 45 33 64 31 61 87 94 14 1 86 19 84 
Coste: 2145808296
Temperatura: 1.057898657970461E8
Probabilidad de aceptación: 0.8007607696662431
Movimiento: NO



ITERACION 32
Solucion:    85 89 46 73 74 62 17 23 66 30 96 48 39 11 35 70 68 75 4 20 92 41 18 15 55 25 58 16 69 83 81 60 84 50 57 97 56 72 6 78 42 52 82 63 40 26 53 90 12 22 13 88 54 8 79 65 98 71 36 27 38 37 28 21 67 34 47 24 51 0 9 93 3 76 32 5 2 10 7 99 29 95 77 49 44 80 91 43 59 45 33 64 31 61 87 94 14 1 86 19 
Coste: -2133824256
Temperatura: 9.521087921734148E7
Probabilidad de aceptación: 1.0
Movimiento: SI



ITERACION 33
Solucion:    50 85 46 73 89 74 62 17 23 66 30 96 48 39 11 35 70 68 75 4 20 92 41 18 15 55 25 58 16 69 83 81 60 19 84 57 97 56 72 6 78 42 52 82 63 40 26 53 90 12 22 13 88 54 8 79 65 98 71 36 27 38 37 28 21 67 34 47 24 51 0 9 93 3 76 5 32 2 10 7 99 29 95 77 49 44 80 91 43 59 45 33 64 31 61 87 94 14 1 86 
Coste: -2090253669
Temperatura: 8.568979129560734E7
Probabilidad de aceptación: 1.0
Movimiento: SI



ITERACION 34
Solucion:    84 50 85 46 73 89 74 62 23 17 66 30 96 48 39 11 35 70 68 75 4 20 92 41 18 15 55 25 58 16 69 83 81 60 1 19 57 97 56 72 6 78 42 52 82 63 40 26 53 90 12 22 88 13 54 79 8 65 98 71 36 27 38 37 28 21 67 34 47 24 51 0 9 93 76 3 5 32 2 10 7 99 29 95 77 49 44 80 91 43 59 45 33 64 31 61 87 94 14 86 
Coste: -2083928269
Temperatura: 7.71208121660466E7
Probabilidad de aceptación: 0.8254535125181173
Movimiento: NO



ITERACION 35
Solucion:    19 84 50 85 46 73 89 74 62 23 17 66 30 96 48 39 11 35 70 68 75 4 20 92 41 18 55 15 25 58 16 69 83 81 60 86 1 57 97 56 72 6 78 42 52 82 63 40 26 53 90 12 22 88 13 54 79 65 98 8 71 36 27 38 37 28 21 67 34 47 24 51 0 9 93 76 3 5 32 2 10 7 99 29 95 77 49 44 80 91 43 59 45 33 64 31 61 87 94 14 
Coste: -2060143383
Temperatura: 6.940873094944194E7
Probabilidad de aceptación: 1.0
Movimiento: SI



ITERACION 36
Solucion:    1 19 84 50 85 46 73 74 89 62 23 17 30 66 96 48 39 11 35 70 68 75 4 20 92 41 18 55 15 25 58 16 69 83 81 60 14 86 57 97 56 72 6 78 42 52 82 63 40 26 53 90 12 22 88 13 54 79 65 98 8 71 36 27 38 37 28 21 67 34 47 24 51 0 9 93 76 3 5 2 10 32 7 99 29 95 77 49 44 80 91 43 59 45 33 64 31 61 87 94 
Coste: -2060435479
Temperatura: 6.2467857854497746E7
Probabilidad de aceptación: 1.0
Movimiento: SI



ITERACION 37
Solucion:    86 1 19 84 85 50 46 73 74 89 62 23 17 30 66 96 48 39 11 35 70 68 75 4 20 92 41 18 55 25 15 58 16 69 83 81 60 94 14 57 97 56 72 6 78 42 52 82 63 40 26 53 90 12 22 88 13 54 79 65 98 8 71 36 27 38 37 28 21 67 34 47 24 51 0 9 93 76 5 3 2 10 32 7 99 29 95 77 49 44 80 91 43 59 45 33 64 31 61 87 
Coste: -2078518758
Temperatura: 5.622107206904797E7
Probabilidad de aceptación: 1.0
Movimiento: SI



ITERACION 38
Solucion:    14 86 1 19 84 85 46 73 74 89 50 23 62 17 30 66 96 48 39 11 35 70 68 75 4 20 92 41 18 55 15 25 58 16 69 83 81 60 87 94 57 97 56 72 6 78 42 52 82 63 40 26 90 53 12 22 88 13 54 79 65 98 8 71 36 27 38 37 28 21 67 34 47 24 51 0 9 93 76 5 3 2 10 32 7 99 29 95 77 49 44 80 91 43 59 45 33 64 31 61 
Coste: -2092675938
Temperatura: 5.0598964862143174E7
Probabilidad de aceptación: 1.0
Movimiento: SI



ITERACION 39
Solucion:    94 14 86 1 19 85 84 46 73 74 89 23 50 62 17 30 66 96 48 39 11 35 70 68 75 4 20 92 41 18 55 15 25 58 16 69 83 81 60 61 87 57 97 56 72 6 78 42 52 82 63 40 26 90 53 12 22 88 54 13 79 65 98 8 71 36 27 38 37 28 21 34 67 47 24 51 0 9 93 76 5 3 2 10 32 7 99 29 95 77 49 44 80 91 43 59 45 33 64 31 
Coste: -2136095476
Temperatura: 4.553906837592886E7
Probabilidad de aceptación: 1.0
Movimiento: SI



ITERACION 40
Solucion:    94 87 86 14 1 19 85 84 46 73 74 89 23 50 62 17 30 66 96 48 39 11 35 70 68 75 20 4 92 41 18 55 15 25 58 16 69 83 81 60 31 61 57 97 56 72 6 78 42 52 82 63 40 26 90 12 53 22 88 54 13 79 65 98 8 71 27 36 38 37 28 21 34 67 47 24 51 0 9 93 76 5 3 2 10 32 7 99 29 95 77 49 44 80 91 43 59 45 33 64 
Coste: 2101468497
Temperatura: 4.098516153833597E7
Probabilidad de aceptación: 1.0
Movimiento: SI



ITERACION 41
Solucion:    61 94 87 86 14 1 19 85 84 46 73 74 89 23 50 62 17 30 66 96 48 39 11 35 70 68 75 20 92 4 41 18 55 15 25 58 16 69 83 81 60 64 31 57 97 56 72 6 78 42 52 82 63 26 40 90 12 53 22 88 54 13 79 65 98 8 71 27 36 38 37 28 21 34 67 47 24 0 51 9 93 76 5 3 2 10 32 7 99 29 95 77 49 44 80 91 43 59 45 33 
Coste: 2101530505
Temperatura: 3.688664538450237E7
Probabilidad de aceptación: 1.0
Movimiento: SI



ITERACION 42
Solucion:    31 61 94 87 86 14 19 85 1 84 46 73 74 89 23 50 62 17 30 66 96 48 39 11 35 70 68 75 20 92 4 41 18 55 15 25 58 16 69 83 81 60 33 64 97 57 56 72 6 78 42 52 82 63 26 40 90 12 53 22 88 54 13 79 65 98 8 71 27 36 38 37 28 21 34 67 47 24 0 9 51 93 76 5 3 2 10 32 7 99 29 95 77 49 44 80 91 43 59 45 
Coste: 2144778658
Temperatura: 3.3197980846052136E7
Probabilidad de aceptación: 1.0
Movimiento: SI



ITERACION 43
Solucion:    64 31 94 61 87 86 14 19 85 1 84 46 73 74 89 23 50 62 17 30 66 96 48 39 11 35 70 75 20 92 68 4 41 18 55 15 25 58 16 69 83 81 60 45 33 97 57 56 72 6 78 42 52 82 63 26 40 90 12 53 22 88 54 13 79 65 98 8 71 27 36 38 37 28 21 34 67 47 24 0 9 51 93 76 5 3 2 10 32 7 99 29 95 77 49 44 80 91 43 59 
Coste: -2143080667
Temperatura: 2.9878182761446923E7
Probabilidad de aceptación: 1.0
Movimiento: SI



ITERACION 44
Solucion:    33 64 31 94 61 87 86 14 19 85 1 84 73 46 89 74 23 62 17 50 30 66 96 48 39 11 70 35 75 20 92 68 4 41 18 55 15 25 58 16 69 83 81 60 59 45 97 57 56 72 6 78 42 52 82 63 26 40 90 12 22 53 88 54 13 79 65 98 8 71 27 36 38 37 28 21 34 47 67 24 9 51 93 0 76 5 3 2 10 32 7 29 99 95 77 49 44 80 91 43 
Coste: 2146923150
Temperatura: 2.6890364485302232E7
Probabilidad de aceptación: 1.0
Movimiento: SI



ITERACION 45
Solucion:    45 33 64 94 31 87 86 61 14 19 85 84 1 73 89 46 74 23 62 17 50 30 66 96 48 39 70 11 35 75 20 92 68 4 41 18 55 15 25 58 16 69 83 81 60 43 59 97 57 56 72 6 78 42 52 82 63 26 40 90 12 22 53 88 54 13 79 65 98 8 71 27 36 38 37 28 21 34 47 67 24 9 51 93 0 76 5 3 2 10 32 7 29 99 95 77 49 44 80 91 
Coste: 2144867423
Temperatura: 2.420132803677201E7
Probabilidad de aceptación: 1.0
Movimiento: SI



ITERACION 46
Solucion:    59 45 33 64 94 31 86 87 61 14 19 85 84 1 73 89 46 74 23 62 17 50 30 66 96 48 70 39 11 35 75 20 92 68 4 41 18 55 15 25 58 16 69 83 60 81 91 43 97 57 56 72 78 6 42 52 82 63 26 40 90 12 22 53 88 54 13 79 65 98 8 71 27 36 38 28 37 21 47 34 67 24 9 93 51 0 76 5 3 2 10 32 7 29 99 95 77 49 44 80 
Coste: -2147031148
Temperatura: 2.1781195233094808E7
Probabilidad de aceptación: 1.0
Movimiento: SI



ITERACION 47
Solucion:    43 59 45 33 94 31 64 86 87 14 19 85 84 61 1 73 89 46 74 23 62 17 50 30 66 96 48 70 39 35 11 75 20 92 68 4 41 18 55 15 25 58 16 69 83 60 81 80 91 97 57 56 72 78 42 52 6 63 82 26 40 90 22 12 53 88 54 13 79 65 98 8 71 27 36 38 28 37 47 34 21 67 24 9 93 51 0 76 5 3 2 10 32 7 29 99 95 77 49 44 
Coste: 2126046305
Temperatura: 1.9603075709785327E7
Probabilidad de aceptación: 1.0
Movimiento: SI



ITERACION 48
Solucion:    43 91 45 59 94 33 31 86 64 87 14 19 85 84 61 73 1 89 46 74 23 62 17 30 50 66 96 70 39 35 48 11 75 20 92 68 4 41 18 55 15 58 25 16 69 83 60 81 44 80 97 57 56 72 78 42 52 63 82 26 40 90 6 22 12 53 88 54 13 79 65 98 71 8 27 38 28 37 36 47 34 21 67 24 9 93 51 0 76 5 3 2 10 32 7 29 99 95 77 49 
Coste: 2063213406
Temperatura: 1.7642768138806794E7
Probabilidad de aceptación: 1.0
Movimiento: SI



ITERACION 49
Solucion:    43 91 45 80 59 94 33 31 86 64 87 14 19 85 84 61 73 1 89 46 74 23 62 17 30 50 96 66 70 39 35 48 11 75 20 92 68 4 41 18 55 15 58 25 16 69 83 60 81 49 44 97 56 57 72 78 42 63 52 82 26 40 90 22 6 12 53 88 13 54 79 65 98 71 8 27 38 28 37 36 47 34 21 67 24 9 93 51 0 76 5 3 2 10 32 7 29 99 95 77 
Coste: 2064054025
Temperatura: 1.5878491324926116E7
Probabilidad de aceptación: 1.0
Movimiento: SI



ITERACION 50
Solucion:    44 43 91 45 80 94 33 31 86 64 87 14 19 59 85 84 73 61 1 89 46 74 23 62 17 30 96 50 70 66 39 35 48 11 75 20 92 68 4 41 18 55 15 58 25 16 69 83 60 81 77 49 56 57 97 72 78 42 63 52 26 40 82 90 22 6 12 53 88 13 54 79 65 98 71 8 27 38 28 37 36 47 34 21 67 24 9 93 51 0 76 5 3 2 10 32 7 29 99 95 
Coste: 2048563268
Temperatura: 1.4290642192433504E7
Probabilidad de aceptación: 1.0
Movimiento: SI



ITERACION 51
Solucion:    49 44 91 43 45 80 33 94 31 86 64 87 19 14 59 85 84 73 61 1 89 46 74 23 62 17 96 30 50 70 66 39 35 48 11 75 20 92 4 68 41 18 55 15 58 25 16 69 83 60 81 95 77 56 97 57 78 42 72 63 52 26 40 82 90 22 6 12 53 88 13 54 65 79 98 71 8 27 38 28 37 47 36 34 21 24 67 9 93 51 0 76 5 3 2 10 32 7 29 99 
Coste: 2029200906
Temperatura: 1.2861577973190155E7
Probabilidad de aceptación: 1.0
Movimiento: SI



ITERACION 52
Solucion:    77 49 91 43 44 45 80 33 94 31 86 64 87 19 14 59 85 84 73 61 1 89 46 74 23 62 96 30 17 50 70 66 35 48 11 39 75 92 20 4 68 41 18 55 15 58 16 25 69 60 83 81 99 95 56 97 57 78 42 72 63 52 40 82 26 90 22 6 12 53 88 13 54 65 79 98 71 8 27 38 37 28 47 36 21 24 34 67 9 93 0 76 5 3 51 2 10 7 32 29 
Coste: 2061513390
Temperatura: 1.157542017587114E7
Probabilidad de aceptación: 1.0
Movimiento: SI



ITERACION 53
Solucion:    95 77 91 49 43 44 80 45 33 94 31 86 64 87 14 19 59 85 84 73 61 1 89 46 74 23 96 30 62 17 50 70 66 35 48 11 75 39 92 20 4 68 41 18 15 58 16 55 25 69 60 81 83 29 99 56 97 57 78 42 72 63 52 40 82 26 90 22 6 12 53 88 13 54 65 79 98 71 8 27 38 37 28 47 36 21 24 34 67 9 0 93 76 5 3 51 10 2 7 32 
Coste: 2059310089
Temperatura: 1.0417878158284025E7
Probabilidad de aceptación: 1.0
Movimiento: SI



ITERACION 54
Solucion:    99 77 91 49 95 43 44 80 33 45 94 86 64 87 14 19 31 59 85 84 73 61 1 89 74 23 46 96 30 17 50 62 66 35 48 70 75 11 92 39 20 4 41 68 18 58 15 16 55 25 69 60 81 83 7 29 56 97 57 78 42 72 63 52 82 40 26 90 22 12 6 88 13 53 54 65 79 98 71 8 27 38 28 37 47 36 21 24 34 67 9 0 93 76 3 5 10 51 2 32 
Coste: 2030221684
Temperatura: 9376090.342455624
Probabilidad de aceptación: 0.4436751605301243
Movimiento: NO



ITERACION 55
Solucion:    29 99 91 77 49 43 95 44 33 80 94 86 45 64 87 14 19 59 31 85 84 61 73 1 74 23 89 46 96 30 17 50 62 66 48 35 75 70 92 11 20 39 41 4 68 18 58 16 15 55 25 69 60 81 83 32 7 56 97 57 78 42 63 72 82 52 40 26 90 22 12 88 6 13 53 54 65 79 98 71 8 27 38 28 37 47 36 21 24 34 67 9 0 76 93 3 5 10 51 2 
Coste: 2014786956
Temperatura: 8438481.308210062
Probabilidad de aceptación: 1.0
Movimiento: SI



ITERACION 56
Solucion:    7 29 91 99 49 43 77 95 33 44 80 86 94 45 64 87 14 19 59 31 85 84 61 73 74 23 1 46 96 30 89 17 50 66 62 48 35 75 92 70 11 20 41 39 4 68 18 58 16 15 55 69 25 60 81 83 2 32 56 97 57 78 42 63 82 72 52 40 90 26 22 12 88 6 13 53 65 79 98 71 54 27 8 38 28 37 47 36 21 24 34 67 9 0 76 93 3 5 10 51 
Coste: 1985169661
Temperatura: 7594633.1773890555
Probabilidad de aceptación: 1.0
Movimiento: SI



ITERACION 57
Solucion:    32 7 91 29 49 99 43 77 33 95 44 86 80 45 94 87 14 19 64 59 31 85 84 61 73 23 74 46 96 1 30 89 17 50 66 48 62 75 35 92 70 20 41 11 4 68 39 18 58 16 55 15 69 25 60 81 83 51 2 56 97 57 78 42 82 63 52 72 90 40 26 22 12 88 6 13 53 65 79 98 71 27 54 8 38 28 47 37 21 36 24 67 9 34 0 76 93 3 10 5 
Coste: 1954365549
Temperatura: 6835169.85965015
Probabilidad de aceptación: 1.0
Movimiento: SI



ITERACION 58
Solucion:    2 32 91 7 29 49 99 77 33 43 95 44 86 80 45 94 87 14 19 64 59 85 31 84 61 73 74 23 46 96 30 1 17 50 66 48 62 75 35 89 92 70 20 41 4 11 68 39 58 18 16 55 15 69 25 60 81 83 5 51 56 97 78 57 42 82 63 52 90 40 26 72 22 12 88 6 13 53 65 79 98 71 54 8 27 38 28 47 37 21 36 24 9 67 0 34 76 93 3 10 
Coste: 1946631967
Temperatura: 6151652.8736851355
Probabilidad de aceptación: 1.0
Movimiento: SI



ITERACION 59
Solucion:    51 2 32 91 7 29 49 99 33 77 95 44 86 43 45 80 94 14 87 19 59 64 85 84 61 73 74 23 46 96 30 31 17 50 66 48 1 75 35 62 92 70 20 41 4 89 68 39 58 18 16 11 55 15 69 25 60 81 83 10 5 56 97 78 57 42 82 63 52 90 40 26 22 12 72 88 6 53 65 79 13 98 71 54 8 27 38 47 28 37 21 24 9 36 67 0 34 76 93 3 
Coste: 1928379629
Temperatura: 5536487.586316622
Probabilidad de aceptación: 1.0
Movimiento: SI



ITERACION 60
Solucion:    51 5 2 32 91 7 29 49 33 99 77 95 86 43 44 45 94 80 14 87 19 59 64 85 84 73 74 23 46 96 61 30 17 50 66 48 31 1 35 75 92 70 20 41 62 4 68 39 58 18 89 16 11 55 15 69 60 25 81 83 3 10 56 78 57 97 82 42 63 90 40 52 26 12 22 72 88 6 53 65 79 13 98 54 71 8 27 38 28 47 37 24 9 21 36 67 0 76 34 93 
Coste: 1930404598
Temperatura: 4982838.827684959
Probabilidad de aceptación: 1.0
Movimiento: SI



ITERACION 61
Solucion:    51 5 2 32 91 7 29 49 33 99 77 95 86 10 43 44 94 45 80 14 87 59 19 85 84 64 73 74 23 46 96 61 17 50 66 48 30 31 35 1 92 70 20 41 62 4 75 68 39 18 58 16 89 11 55 15 69 60 25 81 83 36 3 78 56 97 57 82 42 90 40 52 63 26 12 22 72 88 6 53 65 79 13 54 71 98 8 38 28 47 27 37 24 9 21 67 0 76 34 93 
Coste: 1914431576
Temperatura: 4484554.944916463
Probabilidad de aceptación: 0.3478026831547248
Movimiento: NO



ITERACION 62
Solucion:    51 5 2 32 91 7 29 49 33 99 77 95 86 3 10 44 43 94 45 80 14 87 59 19 85 84 73 74 64 23 46 96 61 17 50 66 48 30 31 35 1 92 70 41 20 4 62 68 75 39 18 58 16 11 89 55 15 69 25 81 83 36 34 60 78 56 97 57 82 42 90 40 52 63 26 22 72 88 12 53 6 65 79 13 54 71 98 8 38 28 47 27 37 24 9 67 21 0 76 93 
Coste: 1907606798
Temperatura: 4036099.4504248174
Probabilidad de aceptación: 0.33725875198040617
Movimiento: NO



ITERACION 63
Solucion:    51 5 2 32 91 60 29 49 33 99 77 95 86 7 3 44 10 94 43 80 45 87 14 59 19 85 84 73 74 64 23 46 96 61 17 50 66 48 30 31 35 92 1 41 70 20 4 62 68 75 18 39 58 11 89 16 55 69 15 25 81 36 83 76 34 78 56 97 57 82 42 90 40 52 26 22 72 88 63 53 12 65 6 79 13 54 71 98 8 38 47 28 27 37 24 9 67 0 21 93 
Coste: 1910602240
Temperatura: 3632489.5053823357
Probabilidad de aceptación: 0.06527535581726009
Movimiento: NO



ITERACION 64
Solucion:    51 5 2 32 91 34 29 49 33 99 77 95 86 60 7 44 3 10 94 80 45 43 87 14 59 19 85 84 74 73 64 23 46 96 61 17 50 66 48 30 31 35 92 1 41 70 20 4 62 75 68 18 39 11 89 58 16 55 69 25 81 15 36 83 93 76 78 97 57 56 82 42 90 40 26 22 72 52 88 63 53 12 6 65 79 54 71 13 98 8 38 47 28 27 24 37 9 67 0 21 
Coste: 1888757247
Temperatura: 3269240.5548441024
Probabilidad de aceptación: 1.0
Movimiento: SI



ITERACION 65
Solucion:    51 76 2 32 91 5 29 49 33 99 77 95 86 60 34 44 3 10 7 80 45 94 43 87 59 14 85 19 74 73 84 64 23 46 96 61 17 66 48 30 50 35 92 31 1 41 70 20 4 62 75 68 18 39 89 58 11 55 69 25 81 15 16 36 93 21 83 78 97 57 56 82 42 90 40 26 72 22 88 52 63 53 12 6 65 54 79 71 98 13 8 47 38 28 27 24 37 9 67 0 
Coste: 1857858284
Temperatura: 2942316.499359692
Probabilidad de aceptación: 1.0
Movimiento: SI



ITERACION 66
Solucion:    51 83 2 32 91 5 76 49 33 29 99 95 77 86 60 34 44 10 3 80 7 94 45 43 59 87 85 14 74 73 84 19 64 23 46 96 17 61 66 48 30 50 35 92 31 1 70 41 20 4 62 75 68 18 89 58 11 55 69 25 81 15 39 16 93 36 0 78 21 57 97 56 82 42 40 90 72 26 22 88 52 53 63 12 6 65 54 71 79 98 13 8 47 38 28 27 24 37 9 67 
Coste: 1835285314
Temperatura: 2648084.849423723
Probabilidad de aceptación: 1.0
Movimiento: SI



ITERACION 67
Solucion:    51 83 2 32 91 5 76 49 33 29 99 95 77 86 60 34 44 10 3 80 7 94 45 78 43 59 85 87 74 73 14 84 64 19 23 46 96 17 61 66 48 30 50 35 92 31 70 1 41 20 4 62 75 68 89 18 11 58 69 55 25 81 15 39 16 93 36 67 0 21 57 97 56 82 40 42 72 90 26 88 22 52 53 63 12 6 65 54 71 98 13 79 8 47 38 28 27 24 37 9 
Coste: 1816370273
Temperatura: 2383276.3644813504
Probabilidad de aceptación: 1.0
Movimiento: SI



ITERACION 68
Solucion:    51 0 2 32 91 5 83 49 33 29 76 95 77 99 60 86 34 44 10 3 7 80 45 94 43 59 85 87 74 73 14 78 64 84 19 23 96 17 46 61 66 48 30 50 35 92 31 70 1 20 4 41 62 68 89 75 11 18 69 58 55 25 15 39 16 93 81 36 9 67 57 97 21 56 40 42 72 90 26 88 22 52 53 63 82 6 12 54 71 65 13 98 79 8 47 38 27 28 24 37 
Coste: 1789159464
Temperatura: 2144948.7280332153
Probabilidad de aceptación: 1.0
Movimiento: SI



ITERACION 69
Solucion:    51 0 67 2 91 5 32 49 33 29 83 95 77 76 60 99 86 44 34 10 3 7 45 80 94 43 85 87 74 73 14 59 78 64 84 23 19 96 17 46 61 66 48 30 50 35 92 70 1 31 20 4 62 68 89 75 41 11 18 69 55 25 58 15 39 16 81 93 36 24 9 57 97 21 56 40 42 72 90 88 26 22 53 52 63 6 82 12 54 71 13 65 98 79 47 8 27 38 28 37 
Coste: 1769329806
Temperatura: 1930453.8552298937
Probabilidad de aceptación: 0.0021001577428362943
Movimiento: NO



ITERACION 70
Solucion:    51 0 67 2 91 5 32 49 33 29 83 95 77 76 60 99 9 86 44 10 34 3 7 45 80 94 85 43 74 73 14 59 87 64 84 78 23 19 96 17 46 61 66 48 30 35 92 70 1 50 20 31 62 68 89 75 4 11 18 69 41 25 55 15 58 39 81 16 93 36 28 24 57 21 97 56 40 42 72 90 88 26 22 53 52 63 6 12 54 71 13 82 65 98 47 79 27 8 38 37 
Coste: 1748740144
Temperatura: 1737408.4697069044
Probabilidad de aceptación: 0.8140664496164235
Movimiento: NO



ITERACION 71
Solucion:    51 0 67 2 91 5 32 49 33 29 83 95 77 76 60 24 99 86 44 10 9 34 7 3 45 80 85 94 74 73 43 59 87 14 64 84 23 78 19 96 17 46 61 66 48 30 35 92 70 1 50 20 62 68 89 31 75 11 18 69 4 25 41 15 55 58 81 39 93 16 36 37 28 57 97 56 40 21 42 72 90 88 26 53 52 63 6 22 12 54 71 13 82 98 47 79 27 8 38 65 
Coste: 1731604599
Temperatura: 1563667.622736214
Probabilidad de aceptación: 1.0
Movimiento: SI



ITERACION 72
Solucion:    51 0 28 2 91 5 32 49 33 29 67 95 77 83 60 24 76 99 86 10 44 9 34 7 45 3 85 94 74 80 73 59 43 87 14 64 23 78 19 84 96 17 46 61 66 48 35 30 70 92 1 20 50 62 89 68 75 11 18 69 4 25 31 41 15 55 81 58 93 39 16 36 8 37 97 56 40 57 42 72 90 88 21 26 53 63 6 22 52 12 54 71 13 82 47 98 27 79 38 65 
Coste: 1713866453
Temperatura: 1407300.8604625927
Probabilidad de aceptación: 0.006658941743514283
Movimiento: NO



ITERACION 73
Solucion:    51 37 0 28 91 5 32 49 33 29 2 95 77 83 60 24 67 99 76 86 10 44 34 9 7 45 85 94 74 80 73 59 43 87 3 14 23 78 64 19 84 96 17 46 61 48 35 66 30 70 1 92 50 62 89 68 20 11 18 75 69 4 25 31 15 41 81 55 93 58 39 16 36 38 97 8 56 40 42 72 90 88 57 26 53 63 6 22 21 52 54 71 13 12 47 98 27 79 82 65 
Coste: 1687141866
Temperatura: 1266570.7744163335
Probabilidad de aceptación: 3.8387873476193124E-4
Movimiento: NO



ITERACION 74
Solucion:    51 37 0 28 91 5 32 49 33 29 2 95 77 97 83 24 67 99 76 86 10 44 34 9 60 45 85 94 74 80 73 59 43 87 3 14 23 7 64 19 84 96 17 46 61 48 35 66 30 70 78 1 92 50 62 68 20 11 18 75 69 89 4 31 25 41 81 55 93 58 39 16 36 38 27 15 8 56 40 42 72 90 57 26 53 63 6 22 21 52 54 71 13 12 47 98 88 79 82 65 
Coste: 1679269182
Temperatura: 1139913.6969747003
Probabilidad de aceptación: 4.409551493331951E-11
Movimiento: NO



ITERACION 75
Solucion:    51 37 0 28 91 5 32 49 33 29 2 95 15 97 77 24 67 99 76 86 10 44 34 9 83 45 85 94 74 80 73 59 43 87 3 14 23 7 64 19 84 96 17 60 61 48 35 66 30 70 46 1 92 78 50 62 68 20 11 18 75 69 4 31 25 41 81 55 93 58 39 16 36 38 89 90 27 8 56 40 42 72 57 26 53 63 6 22 21 52 54 71 13 12 47 98 88 79 82 65 
Coste: 1681643120
Temperatura: 1025922.3272772303
Probabilidad de aceptación: 7.794221110108969E-11
Movimiento: NO



ITERACION 76
Solucion:    51 37 27 28 91 0 32 49 33 29 2 95 5 15 97 24 67 99 76 86 10 44 34 9 77 45 85 94 74 80 73 59 43 87 3 14 23 83 64 19 84 96 17 7 61 48 35 66 30 70 46 1 60 92 78 62 50 68 20 11 18 75 4 31 25 41 81 55 93 58 39 16 69 38 36 89 88 8 90 56 40 42 57 26 53 63 6 22 21 52 54 71 13 12 47 98 72 79 82 65 
Coste: 1666184080
Temperatura: 923330.0945495074
Probabilidad de aceptación: 0.7616857792885695
Movimiento: NO



ITERACION 77
Solucion:    51 37 27 28 91 0 32 49 33 29 8 95 2 15 97 24 67 99 76 86 10 44 34 9 77 45 85 94 74 80 73 59 43 87 3 14 23 83 64 19 84 96 17 7 61 48 35 66 30 70 46 1 60 92 78 62 5 68 20 11 50 18 4 31 25 41 81 55 93 58 39 16 69 38 75 36 89 72 90 56 88 40 57 26 53 63 42 22 21 52 54 71 13 12 6 98 47 79 82 65 
Coste: 1663648396
Temperatura: 830997.0850945567
Probabilidad de aceptación: 2.0433445479796066E-7
Movimiento: NO



ITERACION 78
Solucion:    51 37 90 28 91 0 32 49 33 29 27 95 2 8 15 24 67 99 76 86 10 44 34 9 77 45 85 94 74 80 73 59 43 87 3 14 23 83 64 19 84 96 17 7 61 48 35 66 30 70 46 1 97 60 92 78 62 68 20 11 50 18 4 31 25 41 81 55 93 58 39 16 69 38 5 75 89 36 47 72 56 88 57 40 53 63 42 22 21 52 54 26 13 12 71 98 6 79 82 65 
Coste: 1654649123
Temperatura: 747897.376585101
Probabilidad de aceptación: 3.465059691266281E-4
Movimiento: NO



ITERACION 79
Solucion:    51 37 90 28 91 0 32 49 33 29 72 95 27 2 8 24 67 99 76 15 10 86 34 9 77 45 85 94 74 80 73 59 43 44 3 87 23 14 64 19 84 96 17 83 61 48 35 66 30 70 46 7 97 60 1 78 92 68 20 11 50 18 4 31 25 41 81 55 93 58 39 16 69 38 5 62 75 89 36 26 47 56 57 40 53 63 42 22 21 52 54 88 13 12 71 98 6 79 82 65 
Coste: 1638857348
Temperatura: 673107.6389265909
Probabilidad de aceptación: 8.066702008287542E-8
Movimiento: NO



ITERACION 80
Solucion:    47 37 51 28 91 0 32 49 33 29 90 95 27 2 8 72 67 99 24 15 10 86 34 9 77 45 85 94 74 80 73 59 43 76 3 44 23 87 64 19 14 96 84 17 61 48 35 66 30 83 46 70 97 60 1 78 92 68 20 11 50 7 4 31 25 41 18 55 81 58 39 16 69 38 93 5 62 75 89 36 71 26 57 56 53 63 42 22 21 40 54 52 13 12 88 98 6 79 82 65 
Coste: 1608150507
Temperatura: 605796.8750339318
Probabilidad de aceptación: 3.0072974088471567E-9
Movimiento: NO



ITERACION 81
Solucion:    47 26 37 51 91 28 32 49 33 29 0 95 90 2 8 72 67 99 24 15 10 86 34 9 77 45 85 94 74 80 73 59 43 76 3 44 23 87 64 19 14 96 84 27 61 48 35 66 30 17 46 70 97 83 60 78 92 1 20 68 50 11 4 31 25 41 18 55 81 58 39 16 69 38 7 93 5 62 75 89 36 52 57 56 53 63 71 22 21 42 54 40 13 12 88 98 6 79 82 65 
Coste: 1583750609
Temperatura: 545217.1875305386
Probabilidad de aceptación: 1.1499053712212557E-8
Movimiento: NO



ITERACION 82
Solucion:    47 26 37 51 91 28 32 49 33 29 0 95 90 2 8 72 67 99 24 15 10 86 57 9 34 77 85 94 74 80 73 45 59 43 76 44 23 87 64 19 14 96 84 3 61 48 35 27 30 66 46 70 17 83 60 78 92 1 97 68 20 11 50 31 4 41 18 25 81 55 58 16 69 38 7 93 5 62 75 89 36 52 82 39 56 53 63 71 21 22 54 42 13 40 12 88 98 6 79 65 
Coste: 1576008073
Temperatura: 490695.4687774848
Probabilidad de aceptación: 1.947592467779037E-9
Movimiento: NO



ITERACION 83
Solucion:    47 26 37 51 91 28 32 49 33 29 0 95 90 39 8 72 67 2 24 15 10 86 99 9 34 77 85 94 74 80 73 57 59 43 45 44 23 76 64 19 14 96 87 84 3 48 35 61 30 66 46 70 27 83 60 17 78 1 92 68 20 11 50 31 4 41 18 25 81 55 58 16 69 38 7 93 5 62 75 89 36 52 82 65 56 97 53 63 71 21 54 22 42 13 40 12 88 98 6 79 
Coste: 1566070649
Temperatura: 441625.92189973634
Probabilidad de aceptación: 1.0
Movimiento: SI



ITERACION 84
Solucion:    47 26 37 51 91 28 32 49 33 29 0 95 90 56 8 72 67 2 24 15 10 86 39 9 99 34 85 94 74 77 73 57 59 43 80 44 23 76 64 19 14 45 96 84 87 48 35 3 30 66 46 70 27 83 61 60 17 1 92 68 78 11 20 31 4 41 18 50 81 55 58 16 69 38 7 93 5 62 75 89 36 52 25 65 6 82 53 97 63 71 21 54 22 42 13 40 12 88 98 79 
Coste: 1559332641
Temperatura: 397463.3297097627
Probabilidad de aceptación: 1.9940460741258918E-26
Movimiento: NO



ITERACION 85
Solucion:    47 26 37 51 91 28 32 49 33 29 0 95 90 56 8 72 67 2 82 15 10 86 24 9 99 34 85 94 74 77 73 57 59 43 39 44 23 76 64 19 80 14 45 96 84 48 35 87 30 66 46 70 27 83 61 60 17 1 92 68 78 11 20 3 4 41 18 31 81 55 50 16 69 38 7 93 5 62 75 89 36 52 58 25 65 13 6 53 97 71 63 21 54 22 42 40 12 88 98 79 
Coste: 1557296340
Temperatura: 357716.99673878646
Probabilidad de aceptación: 5.311053829456641E-15
Movimiento: NO



ITERACION 86
Solucion:    47 26 37 51 91 28 32 49 33 29 0 95 90 56 8 72 67 2 82 15 10 86 24 9 99 34 85 94 74 77 73 57 59 43 39 44 23 76 64 19 80 14 45 96 84 48 35 87 30 66 46 70 27 83 61 60 6 1 17 92 68 78 20 11 4 41 18 31 81 55 3 16 69 38 7 93 5 62 75 89 36 52 58 50 25 13 98 65 53 97 71 63 21 54 22 42 40 12 88 79 
Coste: 1554630370
Temperatura: 321945.29706490785
Probabilidad de aceptación: 1.77274685444743E-10
Movimiento: NO



ITERACION 87
Solucion:    47 26 37 51 91 65 32 49 33 29 28 95 0 56 8 72 90 67 2 15 82 86 10 9 99 34 85 94 74 77 73 57 59 43 39 44 23 76 64 19 80 14 24 96 84 48 35 87 30 45 46 70 66 83 27 60 6 1 17 92 68 78 20 11 4 41 18 31 81 55 61 16 69 38 7 93 5 62 75 89 36 52 3 58 50 13 25 79 98 53 97 71 21 63 54 22 42 40 12 88 
Coste: 1529803516
Temperatura: 289750.7673584171
Probabilidad de aceptación: 1.0
Movimiento: SI



ITERACION 88
Solucion:    47 26 37 51 91 65 32 49 33 29 28 95 0 98 8 56 72 67 2 15 82 86 90 9 99 34 85 94 74 77 73 57 59 43 39 44 23 76 64 19 80 14 10 96 84 48 35 87 30 24 46 70 45 83 27 66 6 1 60 92 17 78 68 20 4 41 18 11 81 55 61 16 69 38 7 93 5 62 75 31 36 52 89 3 58 13 50 25 12 79 53 97 71 63 21 54 22 40 42 88 
Coste: 1518005909
Temperatura: 260775.6906225754
Probabilidad de aceptación: 1.1993066257866078E-6
Movimiento: NO



ITERACION 89
Solucion:    47 26 37 51 91 79 65 49 33 29 32 95 0 28 8 98 56 67 2 15 72 86 82 9 99 34 85 94 74 77 73 57 59 43 39 44 23 76 64 19 80 14 10 96 84 48 35 87 30 24 46 70 45 83 90 27 6 1 66 92 60 17 68 20 4 41 18 11 81 55 61 16 69 38 7 93 5 62 75 31 36 52 78 89 3 58 13 50 25 88 12 53 71 97 63 21 22 40 54 42 
Coste: 1496972876
Temperatura: 234698.12156031787
Probabilidad de aceptación: 1.0
Movimiento: SI



ITERACION 90
Solucion:    47 26 37 51 91 79 65 49 33 29 32 95 0 28 8 98 12 67 56 15 2 86 72 9 99 34 85 94 74 77 73 57 59 43 39 44 23 76 64 19 80 14 10 96 84 48 35 87 30 24 46 70 45 83 90 27 6 1 66 92 60 17 68 20 4 41 18 11 81 55 61 16 69 38 7 93 5 62 75 31 36 52 82 89 78 3 58 13 50 25 40 88 53 71 97 63 21 22 54 42 
Coste: 1494872049
Temperatura: 211228.3094042861
Probabilidad de aceptación: 1.6904412199379325E-17
Movimiento: NO



ITERACION 91
Solucion:    47 26 37 51 91 88 79 49 33 29 65 95 0 32 8 98 28 67 12 15 56 86 2 9 72 34 85 94 74 77 73 57 99 59 43 44 23 76 64 19 80 14 39 96 84 48 35 87 30 10 46 70 45 83 90 27 6 1 66 92 24 60 68 20 4 41 18 11 81 17 55 16 69 38 7 93 5 62 75 31 36 52 61 89 82 78 3 58 50 25 40 54 13 53 71 63 97 21 22 42 
Coste: 1478839750
Temperatura: 190105.4784638575
Probabilidad de aceptación: 8.234431269954278E-49
Movimiento: NO



ITERACION 92
Solucion:    47 26 37 51 91 88 79 49 33 29 65 95 0 32 8 98 28 67 12 15 56 86 13 9 2 72 85 94 74 77 73 34 57 59 99 44 23 43 64 19 76 14 80 39 84 96 35 87 30 48 46 70 45 83 90 10 6 1 66 92 27 60 68 20 4 41 18 11 81 17 55 16 69 38 7 93 5 62 75 24 36 52 31 89 61 78 3 82 50 25 40 54 22 58 71 53 63 97 21 42 
Coste: 1472480317
Temperatura: 171094.93061747175
Probabilidad de aceptación: 6.367709367880347E-53
Movimiento: NO



ITERACION 93
Solucion:    47 26 37 51 91 88 79 49 33 29 65 95 0 32 8 98 28 67 12 15 56 86 13 9 2 72 85 94 74 77 73 34 58 59 57 44 23 99 64 19 76 14 43 80 84 96 35 39 30 87 46 70 48 83 90 10 6 1 66 92 27 60 68 20 4 41 18 11 81 17 55 16 69 38 7 93 5 62 75 24 36 52 45 31 89 61 78 3 82 50 25 54 40 21 71 22 53 63 97 42 
Coste: 1465342378
Temperatura: 153985.43755572458
Probabilidad de aceptación: 0.15624478275148126
Movimiento: NO



ITERACION 94
Solucion:    47 26 37 51 91 88 79 49 33 29 65 95 0 71 8 98 32 28 67 12 56 86 13 9 2 72 85 94 74 77 73 34 58 59 57 44 23 99 64 19 76 14 43 80 84 96 35 39 30 87 46 70 48 83 90 10 15 1 66 92 27 60 68 20 4 41 18 11 81 17 6 16 69 38 7 93 5 62 75 24 36 52 55 45 31 61 89 3 82 50 78 54 25 21 63 40 22 53 97 42 
Coste: 1461610613
Temperatura: 138586.89380015212
Probabilidad de aceptación: 2.182279510532856E-35
Movimiento: NO



ITERACION 95
Solucion:    40 26 47 51 37 91 88 49 33 29 79 95 0 65 71 98 8 28 32 67 56 12 13 9 2 86 85 94 74 77 73 34 58 59 57 44 23 99 64 19 76 14 43 80 84 96 35 72 30 39 46 70 87 83 90 48 15 1 66 92 27 60 68 20 4 41 18 10 81 17 11 16 69 6 38 93 5 62 75 7 36 52 24 55 45 31 89 61 3 50 78 54 82 25 21 97 22 53 63 42 
Coste: 1435129451
Temperatura: 124728.20442013691
Probabilidad de aceptación: 2.8129792778449823E-100
Movimiento: NO



ITERACION 96
Solucion:    40 26 47 51 37 91 88 49 33 29 79 95 0 65 71 98 8 28 32 67 56 12 13 9 2 86 85 94 74 77 73 34 58 59 57 44 23 99 64 19 76 14 43 80 84 96 35 72 30 39 46 70 87 83 90 48 15 1 66 92 27 60 68 20 4 41 18 10 81 17 11 16 69 6 38 93 5 62 75 7 36 52 22 24 55 31 45 61 89 3 50 54 82 25 21 97 53 78 63 42 
Coste: 1434712453
Temperatura: 112255.38397812322
Probabilidad de aceptación: 4.1403634445202834E-76
Movimiento: NO



ITERACION 97
Solucion:    40 26 47 51 37 91 88 49 33 29 79 95 0 78 65 71 98 28 8 67 56 12 13 9 2 86 85 94 74 77 73 34 58 59 57 44 23 32 64 19 76 14 99 80 84 43 35 96 72 39 46 70 30 83 87 90 15 1 66 48 27 60 68 92 20 41 18 10 81 4 11 16 69 17 38 93 5 62 75 7 36 52 22 6 24 55 31 61 89 3 50 54 82 25 21 97 45 53 63 42 
Coste: 1425457132
Temperatura: 101029.84558031091
Probabilidad de aceptación: 1.9048581068865283E-85
Movimiento: NO



ITERACION 98
Solucion:    40 26 47 51 37 91 88 49 33 29 79 95 0 78 65 71 98 28 8 67 56 12 13 9 2 86 85 94 74 77 73 34 58 59 63 44 23 32 64 19 76 14 99 80 84 43 35 96 72 57 46 70 30 83 87 90 15 1 66 48 27 60 68 92 20 41 18 10 81 4 11 16 69 17 38 93 5 62 75 7 36 52 22 39 6 24 31 55 89 3 61 50 54 25 21 82 45 53 97 42 
Coste: 1424268325
Temperatura: 90926.86102227982
Probabilidad de aceptación: 6.298739266473292E-144
Movimiento: NO



ITERACION 99
Solucion:    40 26 47 51 37 91 42 49 33 29 79 95 0 78 65 71 98 28 8 67 56 12 13 9 2 88 85 86 74 94 73 34 58 59 63 44 23 32 64 77 76 14 99 80 84 43 35 96 72 57 46 70 30 83 87 90 15 1 66 48 27 60 68 92 20 41 18 10 81 4 11 16 69 17 38 93 5 62 75 7 36 52 22 39 6 24 31 55 89 3 61 50 54 25 21 82 45 53 97 19 
Coste: 1417106959
Temperatura: 81834.17492005184
Probabilidad de aceptación: 1.0
Movimiento: SI



