ITERACION 0
Solucion:    42 7 13 49 14 44 24 8 86 55 85 5 9 83 10 98 94 91 92 21 22 72 59 89 67 84 38 69 46 23 17 3 57 52 34 15 43 62 16 93 90 58 88 27 82 77 99 53 48 64 1 56 78 96 25 50 41 61 19 35 39 74 66 12 47 97 79 40 71 32 95 68 87 28 6 4 73 51 76 75 45 33 81 0 18 36 30 60 54 31 20 2 29 63 37 26 70 11 80 65 
Coste: 1835827936
Temperatura: 2.754445776E9
Probabilidad de aceptación: 1.0
Movimiento: SI



ITERACION 1
Solucion:    7 65 42 13 49 14 44 24 8 86 55 85 5 9 83 10 98 94 91 92 21 22 72 59 89 67 84 38 69 46 23 17 3 57 52 34 15 43 62 16 93 90 58 88 27 82 77 99 53 48 64 1 56 78 96 25 50 41 61 19 35 39 74 66 12 47 97 79 40 71 32 95 68 87 28 6 4 73 51 76 75 45 33 81 0 18 36 30 60 54 31 20 2 29 63 37 26 70 11 80 
Coste: 1829942235
Temperatura: 2.4790011984E9
Probabilidad de aceptación: 1.0
Movimiento: SI



ITERACION 2
Solucion:    42 7 80 65 13 49 14 44 24 8 86 55 85 5 9 83 10 98 94 91 92 21 22 72 59 89 67 84 38 69 46 23 17 3 57 52 34 15 43 62 16 93 90 58 88 27 82 77 99 53 48 64 1 56 78 96 25 50 41 61 19 35 39 74 66 12 47 97 79 40 71 32 95 68 87 28 6 4 73 51 76 75 45 33 81 0 18 36 30 60 54 31 20 2 29 63 37 26 70 11 
Coste: 1815280808
Temperatura: 2.23110107856E9
Probabilidad de aceptación: 1.0
Movimiento: SI



ITERACION 3
Solucion:    65 42 7 11 80 13 49 14 44 24 8 86 55 85 5 9 83 10 98 94 91 92 21 22 72 59 89 67 84 38 69 46 23 17 3 57 52 34 15 43 62 16 93 90 58 88 27 82 77 99 53 48 64 1 56 78 96 25 50 41 61 19 35 39 74 66 12 47 97 79 40 71 32 95 68 87 28 6 4 73 51 76 75 45 33 81 0 18 36 30 60 54 31 20 2 29 63 37 26 70 
Coste: 1846123777
Temperatura: 2.007990970704E9
Probabilidad de aceptación: 1.0
Movimiento: SI



ITERACION 4
Solucion:    80 65 42 7 70 11 13 49 14 44 24 8 86 55 85 5 9 83 10 98 94 91 92 21 22 72 59 89 67 84 38 69 46 23 17 3 57 52 34 15 43 62 16 93 90 58 88 27 82 77 99 53 48 64 1 56 78 96 25 50 41 61 19 35 39 74 66 12 47 97 79 40 71 32 95 68 87 28 6 4 73 51 76 75 45 33 81 0 18 36 30 60 54 31 20 2 29 63 37 26 
Coste: 1857886971
Temperatura: 1.8071918736336E9
Probabilidad de aceptación: 1.0
Movimiento: SI



ITERACION 5
Solucion:    11 80 65 42 7 26 70 13 49 14 44 24 8 86 55 85 5 9 83 10 98 94 91 92 21 22 72 59 89 67 84 38 69 46 23 17 3 57 52 34 15 43 62 16 93 90 58 88 27 82 77 99 53 48 64 1 56 78 96 25 50 41 61 19 35 39 74 66 12 47 97 79 40 71 32 95 68 87 28 6 4 73 51 76 75 45 33 81 0 18 36 30 60 54 31 20 2 29 63 37 
Coste: 1855101422
Temperatura: 1.62647268627024E9
Probabilidad de aceptación: 1.0
Movimiento: SI



ITERACION 6
Solucion:    70 11 80 65 42 7 37 26 13 49 14 44 24 8 86 55 85 5 9 83 10 98 94 91 92 21 22 72 59 89 67 84 38 69 46 23 17 3 57 52 34 15 43 62 16 93 90 58 88 27 82 77 99 53 48 64 1 56 78 96 25 50 41 61 19 35 39 74 66 12 47 97 79 40 71 32 95 68 87 28 6 4 73 51 76 75 45 33 81 0 18 36 30 60 54 31 20 2 29 63 
Coste: 1900521555
Temperatura: 1.4638254176432161E9
Probabilidad de aceptación: 1.0
Movimiento: SI



ITERACION 7
Solucion:    26 70 11 80 65 42 7 63 37 13 49 14 44 24 8 86 55 85 5 9 83 10 98 94 91 92 21 22 72 59 89 67 84 38 69 46 23 17 3 57 52 34 15 43 62 16 93 90 58 88 27 82 77 99 53 48 64 1 56 78 96 25 50 41 61 19 35 39 74 66 12 47 97 79 40 71 32 95 68 87 28 6 4 73 51 76 75 45 33 81 0 18 36 30 60 54 31 20 2 29 
Coste: 1871769066
Temperatura: 1.3174428758788946E9
Probabilidad de aceptación: 1.0
Movimiento: SI



ITERACION 8
Solucion:    37 26 70 11 80 65 42 7 29 63 13 49 14 44 24 8 86 55 85 5 9 83 10 98 94 91 92 21 22 72 59 89 67 84 38 69 46 23 17 3 57 52 34 15 43 62 16 93 90 58 88 27 82 77 99 53 48 64 1 56 78 96 25 50 41 61 19 35 39 74 66 12 47 97 79 40 71 32 95 68 87 28 6 4 73 51 76 75 45 33 81 0 18 36 30 60 54 31 20 2 
Coste: 1896283279
Temperatura: 1.1856985882910051E9
Probabilidad de aceptación: 1.0
Movimiento: SI



ITERACION 9
Solucion:    63 37 26 70 11 80 65 42 7 2 29 13 49 14 44 24 8 86 55 85 5 9 83 10 98 94 91 92 21 22 72 59 89 67 84 38 69 46 17 23 3 57 52 34 15 43 62 16 93 90 58 88 27 82 77 99 53 48 64 1 56 78 96 25 50 41 61 19 35 39 74 66 12 47 97 79 40 71 32 95 68 87 28 6 4 73 51 76 75 45 33 81 0 18 36 30 60 54 31 20 
Coste: 1870192645
Temperatura: 1.0671287294619046E9
Probabilidad de aceptación: 1.0
Movimiento: SI



ITERACION 10
Solucion:    29 63 37 26 70 11 80 65 42 7 20 2 13 49 14 44 24 8 86 55 85 5 9 83 10 98 94 91 92 21 22 72 59 89 67 84 38 69 46 17 23 3 57 52 34 15 43 62 16 93 90 58 88 27 82 77 99 53 48 64 1 56 78 96 25 50 41 61 19 35 39 74 66 12 47 97 79 40 71 32 95 68 87 28 6 4 73 51 76 75 45 33 81 0 18 36 30 60 54 31 
Coste: 1914162438
Temperatura: 9.604158565157142E8
Probabilidad de aceptación: 1.0
Movimiento: SI



ITERACION 11
Solucion:    2 29 63 37 26 70 11 80 65 42 7 31 20 13 49 14 44 24 8 86 55 85 5 9 83 10 98 94 91 92 21 22 72 59 89 67 84 38 69 46 17 23 3 57 52 34 15 43 62 16 90 93 58 88 27 82 77 99 53 48 64 1 56 78 96 25 50 41 61 19 35 39 74 66 12 47 97 79 40 71 32 95 68 87 28 6 4 73 51 76 75 45 33 81 0 18 36 30 60 54 
Coste: 1921452977
Temperatura: 8.643742708641428E8
Probabilidad de aceptación: 1.0
Movimiento: SI



ITERACION 12
Solucion:    20 2 29 63 37 26 70 11 80 65 42 7 54 31 13 49 14 44 24 8 86 55 85 5 9 83 10 98 94 91 92 21 22 72 59 89 67 84 38 69 46 17 23 3 57 52 34 15 43 62 16 90 93 58 88 27 82 77 99 53 48 64 1 56 78 96 25 50 41 61 19 35 39 74 66 12 47 97 79 40 71 32 95 68 87 28 6 4 73 51 76 75 45 33 81 0 18 36 30 60 
Coste: 1936146136
Temperatura: 7.779368437777286E8
Probabilidad de aceptación: 1.0
Movimiento: SI



ITERACION 13
Solucion:    31 20 2 29 63 37 26 70 11 80 65 42 7 60 54 13 49 14 44 24 8 86 55 85 5 9 83 10 98 94 91 92 21 22 72 59 89 67 84 38 69 46 17 23 3 57 52 34 15 43 62 16 90 93 58 88 27 82 77 99 53 48 64 1 56 78 96 25 50 41 61 19 35 39 74 66 12 47 97 79 40 71 32 95 68 87 28 6 4 73 51 76 75 45 33 81 0 18 36 30 
Coste: 1933834508
Temperatura: 7.001431593999557E8
Probabilidad de aceptación: 1.0
Movimiento: SI



ITERACION 14
Solucion:    54 31 20 2 29 63 37 26 70 11 80 65 42 7 30 60 13 49 14 44 24 8 86 55 85 5 9 83 10 98 94 91 92 21 22 72 59 89 67 84 38 69 46 17 23 3 57 52 34 15 43 62 16 90 93 58 88 27 82 77 99 53 48 64 1 56 78 96 25 50 41 61 19 35 39 74 66 12 47 97 79 40 71 32 95 68 87 28 6 4 73 51 76 75 45 33 81 0 18 36 
Coste: 1965920646
Temperatura: 6.301288434599602E8
Probabilidad de aceptación: 1.0
Movimiento: SI



ITERACION 15
Solucion:    60 54 31 20 2 29 63 37 26 70 11 80 65 42 7 36 30 13 49 14 44 24 8 86 55 85 5 9 83 10 98 94 91 92 21 22 72 59 89 84 67 38 69 46 17 23 3 57 52 34 15 43 62 16 90 93 58 88 27 82 77 99 53 48 64 1 56 78 96 25 50 41 61 19 35 39 74 66 12 47 97 79 40 71 32 95 68 87 28 6 4 73 51 76 75 45 33 81 0 18 
Coste: 1979794014
Temperatura: 5.671159591139642E8
Probabilidad de aceptación: 1.0
Movimiento: SI



ITERACION 16
Solucion:    30 60 54 31 20 2 29 63 37 26 70 11 80 65 42 7 18 36 13 49 14 44 24 8 86 55 85 5 9 83 10 98 94 91 92 21 22 72 59 89 84 67 38 69 46 17 23 3 57 52 34 15 43 62 16 90 93 58 88 27 82 77 99 53 48 64 1 56 78 96 25 50 41 61 19 35 39 74 66 12 47 97 79 40 71 32 95 68 87 28 6 4 73 51 76 75 45 33 81 0 
Coste: 1979865801
Temperatura: 5.104043632025678E8
Probabilidad de aceptación: 1.0
Movimiento: SI



ITERACION 17
Solucion:    36 30 60 54 31 20 2 29 63 37 26 70 11 80 65 42 7 0 18 13 49 14 44 24 8 86 55 85 5 9 83 10 98 94 91 92 21 22 72 59 89 84 67 38 69 46 17 23 3 57 52 34 15 43 62 16 90 93 58 88 27 82 77 99 53 48 64 1 56 78 96 25 50 41 61 19 35 39 74 66 12 47 97 79 40 71 32 95 68 87 28 6 4 73 51 76 75 45 33 81 
Coste: 1963625138
Temperatura: 4.5936392688231105E8
Probabilidad de aceptación: 1.0
Movimiento: SI



ITERACION 18
Solucion:    18 36 30 60 54 31 20 2 29 37 63 26 70 11 80 65 42 7 81 0 13 49 14 44 24 8 86 85 55 5 9 83 10 98 94 91 92 21 22 72 59 89 84 38 67 69 46 17 23 3 57 52 34 15 43 62 16 90 93 58 88 27 82 77 99 53 48 64 1 56 78 96 25 50 41 61 19 35 39 74 66 12 47 97 79 40 71 32 95 68 87 28 6 4 73 51 76 75 45 33 
Coste: 1960681774
Temperatura: 4.1342753419407994E8
Probabilidad de aceptación: 1.0
Movimiento: SI



ITERACION 19
Solucion:    0 18 36 30 60 54 31 20 2 29 37 63 26 70 11 80 65 42 7 33 81 13 49 14 44 24 8 86 85 55 5 9 83 10 98 94 91 92 21 22 72 59 89 84 38 67 69 46 17 23 3 57 52 34 15 43 62 16 90 93 58 88 27 82 77 99 53 48 64 1 56 78 96 25 50 41 61 19 35 39 74 66 12 47 97 79 40 71 32 95 68 87 28 6 4 73 51 76 75 45 
Coste: 2000579447
Temperatura: 3.72084780774672E8
Probabilidad de aceptación: 1.0
Movimiento: SI



ITERACION 20
Solucion:    81 0 18 36 30 60 54 31 20 2 29 37 63 26 70 11 80 65 42 7 45 33 13 49 14 44 24 8 86 85 55 5 9 83 10 98 94 91 92 21 22 72 59 89 84 38 67 69 46 17 23 3 57 52 34 15 43 62 16 90 93 58 88 27 82 77 99 53 48 64 1 56 78 96 25 50 41 61 19 35 39 74 66 12 47 97 79 40 71 32 95 68 87 28 6 4 73 51 76 75 
Coste: 1982357618
Temperatura: 3.3487630269720477E8
Probabilidad de aceptación: 1.0
Movimiento: SI



ITERACION 21
Solucion:    33 81 0 18 36 30 60 54 31 20 2 29 37 63 26 70 11 80 65 42 7 75 45 13 49 14 44 24 8 86 85 55 5 9 83 10 98 94 91 92 21 22 72 59 89 84 38 67 69 46 17 23 3 57 52 34 15 43 62 16 90 93 58 88 27 82 77 99 53 48 64 1 56 78 96 25 50 41 61 19 35 39 74 66 12 47 97 79 40 71 32 95 68 87 28 6 4 73 51 76 
Coste: 1978339485
Temperatura: 3.013886724274843E8
Probabilidad de aceptación: 1.0
Movimiento: SI



ITERACION 22
Solucion:    45 33 81 0 18 36 30 60 54 31 20 2 29 37 63 26 70 11 80 65 42 7 76 75 13 49 14 44 24 8 86 85 55 5 9 83 10 98 94 91 92 21 22 72 59 89 84 38 67 69 46 17 23 3 57 52 34 15 43 62 16 90 93 58 88 27 82 77 99 53 48 64 1 56 78 96 25 50 41 61 19 35 39 74 66 12 47 97 79 40 71 32 95 68 87 28 6 4 73 51 
Coste: 1989399760
Temperatura: 2.7124980518473583E8
Probabilidad de aceptación: 1.0
Movimiento: SI



ITERACION 23
Solucion:    75 45 33 81 0 18 36 30 60 54 31 20 2 29 37 63 26 70 11 80 65 42 7 51 76 13 49 14 44 24 8 86 85 55 5 9 83 10 98 94 91 92 21 22 72 59 89 84 38 67 69 46 17 23 3 57 52 34 15 43 62 16 90 93 58 88 27 82 77 99 53 48 64 1 56 78 96 25 50 41 61 19 35 39 74 66 12 47 97 79 40 71 32 95 68 87 28 6 4 73 
Coste: 1984710573
Temperatura: 2.4412482466626227E8
Probabilidad de aceptación: 1.0
Movimiento: SI



ITERACION 24
Solucion:    76 75 45 81 33 0 18 36 30 60 54 31 20 2 29 37 63 26 70 11 80 65 42 7 73 51 13 49 14 44 24 8 86 85 55 5 9 83 10 98 94 91 92 21 22 72 59 89 84 38 67 69 46 17 23 3 57 52 34 15 43 62 16 90 93 58 88 27 82 77 99 53 48 64 1 56 78 96 25 50 41 61 19 35 39 74 66 12 47 97 79 40 71 32 95 68 87 28 6 4 
Coste: 1978493837
Temperatura: 2.1971234219963604E8
Probabilidad de aceptación: 1.0
Movimiento: SI



ITERACION 25
Solucion:    51 76 75 45 81 33 0 18 36 30 60 54 31 20 2 29 37 63 26 70 11 80 65 42 7 4 73 13 49 14 44 24 8 86 85 55 5 9 83 10 98 94 91 92 21 22 72 59 89 84 38 67 69 46 17 23 3 57 52 34 15 43 62 16 90 93 58 88 27 82 77 99 53 48 64 1 56 78 96 25 50 41 61 19 35 39 74 66 12 47 97 79 40 71 32 95 68 87 28 6 
Coste: 2004016444
Temperatura: 1.9774110797967243E8
Probabilidad de aceptación: 1.0
Movimiento: SI



ITERACION 26
Solucion:    73 51 76 75 45 81 33 0 18 36 30 60 54 31 20 2 29 37 63 26 70 11 80 65 42 7 6 4 13 49 14 44 24 8 86 85 55 5 9 83 10 98 94 91 92 21 22 72 59 89 84 38 67 69 17 46 23 3 57 52 34 15 43 62 16 90 93 58 27 88 82 77 99 53 48 64 1 56 78 96 25 50 41 61 35 19 39 74 66 12 47 97 79 40 71 32 95 68 87 28 
Coste: 2003222565
Temperatura: 1.779669971817052E8
Probabilidad de aceptación: 1.0
Movimiento: SI



ITERACION 27
Solucion:    4 73 51 76 75 45 81 33 0 18 36 30 60 54 31 20 2 29 37 63 26 11 70 80 65 42 7 28 6 13 49 14 44 24 8 86 85 55 5 9 83 10 98 94 91 92 21 22 72 59 89 84 38 67 69 17 23 46 3 57 52 34 15 43 62 16 90 93 58 27 88 82 77 99 53 48 64 1 78 56 96 25 50 41 61 35 19 39 74 66 12 47 97 79 40 71 32 95 68 87 
Coste: 2019498242
Temperatura: 1.6017029746353468E8
Probabilidad de aceptación: 1.0
Movimiento: SI



ITERACION 28
Solucion:    6 4 73 51 76 75 45 81 33 0 18 36 30 60 54 31 20 2 29 37 63 26 11 70 80 65 42 7 87 28 13 49 14 44 24 8 86 85 55 5 9 83 10 98 94 91 92 21 22 72 59 89 84 67 38 69 17 23 46 3 57 52 34 15 43 62 16 90 93 58 27 88 82 77 99 53 48 64 1 78 56 96 25 50 41 61 35 19 39 74 66 12 97 47 79 40 32 71 95 68 
Coste: 1989217298
Temperatura: 1.441532677171812E8
Probabilidad de aceptación: 1.0
Movimiento: SI



ITERACION 29
Solucion:    28 6 4 73 51 76 75 45 81 0 33 18 36 30 60 54 31 20 2 29 37 63 26 11 80 70 65 42 7 68 87 13 49 14 44 24 8 86 85 55 5 9 10 83 98 94 91 92 21 22 72 59 89 84 67 38 69 17 23 46 3 57 52 34 15 43 62 16 90 93 58 27 88 82 77 99 48 53 64 1 78 56 96 25 50 41 61 35 19 39 74 66 12 97 47 79 40 32 71 95 
Coste: 1990258247
Temperatura: 1.2973794094546309E8
Probabilidad de aceptación: 1.0
Movimiento: SI



ITERACION 30
Solucion:    87 6 28 4 73 51 76 75 45 81 0 33 18 36 30 60 54 31 20 2 29 37 63 26 11 80 70 65 42 7 95 68 13 49 14 44 24 8 86 85 5 55 9 10 83 98 94 91 92 21 22 72 59 89 84 67 38 69 17 23 46 3 57 52 34 15 43 62 16 90 93 58 27 88 82 77 99 48 53 64 1 78 56 96 25 50 41 61 35 19 39 74 66 12 97 47 79 40 71 32 
Coste: 1945310891
Temperatura: 1.1676414685091679E8
Probabilidad de aceptación: 1.0
Movimiento: SI



ITERACION 31
Solucion:    68 87 6 28 4 73 51 76 75 45 81 0 33 18 36 30 60 54 31 20 2 29 37 63 26 11 80 70 65 42 7 32 95 13 49 14 44 24 8 86 85 5 55 9 83 10 98 94 91 92 21 22 72 59 89 84 67 38 69 17 23 46 3 57 52 34 15 43 62 16 90 93 58 27 88 82 77 48 99 53 64 1 78 56 96 25 50 41 61 35 19 39 74 66 12 97 47 79 40 71 
Coste: 1940984888
Temperatura: 1.0508773216582511E8
Probabilidad de aceptación: 1.0
Movimiento: SI



ITERACION 32
Solucion:    95 68 6 87 28 4 73 51 76 75 45 81 0 33 18 36 30 60 54 31 20 2 29 37 63 26 11 80 70 65 42 7 71 32 13 49 14 44 24 8 86 85 5 55 9 83 10 98 94 91 92 21 22 72 59 89 84 67 38 69 17 23 46 3 57 52 34 15 43 62 16 90 93 58 27 88 82 77 48 99 53 64 1 78 56 96 25 50 41 61 35 19 39 74 66 12 97 47 79 40 
Coste: 1927375622
Temperatura: 9.45789589492426E7
Probabilidad de aceptación: 1.0
Movimiento: SI



ITERACION 33
Solucion:    32 95 68 6 87 28 4 73 51 76 75 81 0 45 33 18 36 30 60 54 31 20 2 29 37 63 26 11 70 80 65 42 7 40 71 49 13 14 44 24 8 86 85 5 55 9 83 10 98 94 91 92 21 22 72 59 84 89 67 38 69 17 23 46 3 57 52 34 15 43 62 16 90 93 58 27 88 82 77 48 99 53 64 1 78 56 96 25 50 41 61 35 19 39 74 66 12 97 47 79 
Coste: 1905242599
Temperatura: 8.512106305431835E7
Probabilidad de aceptación: 1.0
Movimiento: SI



ITERACION 34
Solucion:    71 32 95 68 6 87 28 4 73 51 76 75 81 0 45 33 18 36 30 60 54 31 20 2 29 37 63 26 70 11 80 65 42 7 79 40 49 13 14 44 24 8 86 85 5 55 9 83 10 98 94 91 92 21 22 72 59 84 89 67 38 69 17 23 46 3 57 52 34 15 43 62 16 90 93 58 27 88 82 77 48 99 53 64 1 78 56 96 25 50 41 61 35 19 39 74 66 12 97 47 
Coste: 1904112076
Temperatura: 7.660895674888653E7
Probabilidad de aceptación: 1.0
Movimiento: SI



ITERACION 35
Solucion:    40 71 95 32 68 6 87 28 4 73 51 76 75 81 0 45 33 18 36 30 60 54 31 20 2 29 37 26 70 63 11 80 65 42 7 97 79 49 13 14 44 24 8 86 5 85 55 9 83 10 98 94 91 92 21 22 72 59 84 89 67 38 69 17 23 46 3 57 52 34 15 43 62 16 90 93 27 88 58 77 82 48 99 53 64 1 78 56 96 25 50 41 61 35 19 39 74 66 12 47 
Coste: 1904596864
Temperatura: 6.894806107399787E7
Probabilidad de aceptación: 0.7705842734375072
Movimiento: NO



ITERACION 36
Solucion:    79 71 40 95 32 68 6 87 28 4 73 51 76 75 81 0 45 33 18 36 30 60 54 31 20 2 29 37 26 70 63 11 80 65 42 7 66 97 49 13 14 44 24 8 86 5 85 55 9 83 10 98 94 92 91 21 22 59 72 84 89 67 38 69 17 23 46 3 57 52 34 15 43 62 90 16 93 27 88 58 77 82 48 99 53 1 64 78 56 96 25 50 41 61 35 19 39 74 12 47 
Coste: 1886526675
Temperatura: 6.2053254966598086E7
Probabilidad de aceptación: 0.7740360130006274
Movimiento: NO



ITERACION 37
Solucion:    79 97 71 40 95 32 68 6 87 28 4 73 51 76 75 81 0 45 33 18 36 30 60 54 31 20 2 37 29 26 70 63 11 80 65 42 7 47 66 49 13 14 44 24 8 86 85 5 55 9 83 10 98 94 92 91 21 22 59 72 84 89 67 38 69 17 23 46 3 57 52 34 15 43 62 90 93 16 27 88 58 77 82 48 99 53 1 64 78 56 96 25 50 41 61 35 19 39 74 12 
Coste: 1911510621
Temperatura: 5.584792946993828E7
Probabilidad de aceptación: 1.0
Movimiento: SI



ITERACION 38
Solucion:    66 79 97 71 40 95 68 6 32 87 28 4 73 51 76 75 81 0 45 33 18 36 30 60 54 31 20 2 37 29 26 70 63 11 80 65 42 7 12 47 49 13 14 44 24 8 86 85 5 55 9 83 10 98 94 92 91 21 22 59 72 84 89 67 38 69 17 23 46 3 57 52 34 15 43 62 90 93 16 27 88 58 77 82 48 99 53 1 64 78 56 96 25 50 41 61 35 19 39 74 
Coste: 1917291109
Temperatura: 5.026313652294445E7
Probabilidad de aceptación: 1.0
Movimiento: SI



ITERACION 39
Solucion:    47 66 79 97 71 40 95 6 68 32 87 28 73 4 51 75 76 81 0 45 33 18 36 30 60 54 31 20 2 37 29 26 70 63 11 80 65 42 7 74 12 49 13 14 44 24 8 86 85 5 55 9 83 10 98 94 92 91 21 59 22 72 84 89 67 38 69 17 23 46 3 57 52 34 15 43 62 93 90 16 27 88 58 77 82 48 99 53 1 64 78 56 96 25 50 41 61 35 19 39 
Coste: 1950224459
Temperatura: 4.523682287065001E7
Probabilidad de aceptación: 1.0
Movimiento: SI



ITERACION 40
Solucion:    12 47 66 79 97 71 40 95 6 68 32 87 28 73 4 51 75 76 81 0 33 45 18 36 30 60 54 31 20 2 37 29 26 70 63 11 80 65 42 7 39 74 49 13 14 44 24 8 86 85 5 55 83 9 10 98 94 92 91 21 59 22 72 84 89 67 38 69 17 23 46 3 57 52 34 15 43 62 93 90 16 27 88 58 77 82 48 99 53 1 64 78 56 96 50 25 41 61 35 19 
Coste: 1953237022
Temperatura: 4.071314058358501E7
Probabilidad de aceptación: 1.0
Movimiento: SI



ITERACION 41
Solucion:    74 12 47 79 66 97 71 40 95 6 68 32 87 28 73 4 51 75 76 0 81 33 45 18 36 30 60 54 31 20 2 37 29 26 70 63 11 80 65 42 7 35 39 49 13 14 44 24 8 86 85 5 55 83 9 10 98 94 92 91 21 59 22 72 84 89 67 38 69 17 23 46 3 57 52 34 15 43 62 93 90 16 27 88 58 77 82 48 99 53 1 64 78 56 96 50 25 41 61 19 
Coste: 1953033006
Temperatura: 3.664182652522651E7
Probabilidad de aceptación: 0.7226024978453164
Movimiento: NO



ITERACION 42
Solucion:    39 74 12 79 66 47 71 97 40 95 68 6 32 87 28 73 4 51 75 0 76 81 33 45 18 36 30 60 54 20 2 31 37 29 26 70 63 11 80 65 42 7 19 35 49 13 14 44 24 8 86 85 5 55 83 9 10 98 94 92 91 21 59 22 72 84 89 67 38 69 17 23 46 3 57 34 52 43 15 62 90 93 16 27 88 58 77 82 48 99 53 1 64 78 56 96 50 25 41 61 
Coste: 1954676425
Temperatura: 3.297764387270386E7
Probabilidad de aceptación: 1.0
Movimiento: SI



ITERACION 43
Solucion:    35 39 74 12 79 66 47 71 40 97 95 68 6 32 87 28 73 4 51 75 0 76 81 33 45 18 36 30 60 20 54 2 31 37 29 26 70 63 11 80 65 42 7 61 19 49 13 14 44 24 8 86 85 5 55 83 9 10 94 98 92 91 21 59 22 72 84 89 67 38 69 17 23 46 3 57 34 52 43 15 62 90 16 93 27 88 58 77 82 48 99 53 1 64 78 56 96 50 25 41 
Coste: 1920580769
Temperatura: 2.9679879485433474E7
Probabilidad de aceptación: 1.0
Movimiento: SI



ITERACION 44
Solucion:    19 35 39 74 12 79 66 47 71 40 97 68 95 6 32 87 28 73 4 51 75 0 76 81 33 45 18 36 30 60 20 54 2 31 37 29 26 70 63 11 80 65 42 7 41 61 49 13 14 44 24 8 86 85 5 55 83 9 10 94 98 92 91 21 59 22 72 84 89 67 38 69 17 23 46 3 34 57 52 43 15 62 90 16 93 27 88 58 77 82 48 99 53 1 64 78 56 96 50 25 
Coste: 1902507545
Temperatura: 2.6711891536890127E7
Probabilidad de aceptación: 1.0
Movimiento: SI



ITERACION 45
Solucion:    19 61 39 74 12 35 79 66 47 71 40 68 97 95 6 32 87 28 73 4 51 75 0 76 81 33 45 18 36 30 60 20 54 2 31 37 29 26 70 63 11 80 65 42 7 25 41 49 13 14 44 24 8 86 5 85 55 83 9 10 94 98 92 91 21 59 22 72 84 89 67 38 69 17 23 46 3 34 57 52 43 15 62 90 16 93 27 88 58 77 82 48 99 53 1 78 64 56 96 50 
Coste: 1910278554
Temperatura: 2.4040702383201115E7
Probabilidad de aceptación: 1.0
Movimiento: SI



ITERACION 46
Solucion:    41 19 61 39 74 12 35 79 66 47 40 71 68 97 95 6 32 87 28 73 4 51 75 0 76 81 33 18 36 45 30 60 20 54 2 31 37 29 26 70 63 11 80 65 42 7 50 25 49 13 44 14 24 8 86 5 85 55 83 9 10 94 98 92 91 21 59 22 72 84 89 67 38 69 17 46 23 3 34 57 52 43 15 62 16 90 93 27 88 58 77 82 48 99 53 1 78 64 56 96 
Coste: 1878491927
Temperatura: 2.1636632144881003E7
Probabilidad de aceptación: 1.0
Movimiento: SI



ITERACION 47
Solucion:    41 25 19 39 61 74 12 35 66 79 47 40 71 68 97 6 95 32 87 28 73 4 51 75 0 76 81 33 18 36 30 45 60 20 54 2 31 37 29 26 70 63 11 80 65 42 7 96 50 49 13 44 14 24 86 8 5 85 55 83 9 10 94 98 92 91 21 59 22 72 84 89 67 38 69 17 46 23 3 34 57 52 43 15 62 16 90 93 27 88 58 77 82 48 99 53 1 78 64 56 
Coste: 1856568386
Temperatura: 1.9472968930392902E7
Probabilidad de aceptación: 1.0
Movimiento: SI



ITERACION 48
Solucion:    41 25 50 19 39 74 61 12 66 79 47 40 35 71 68 97 6 95 32 87 28 73 4 51 75 0 76 81 33 18 36 30 45 60 20 54 2 31 37 29 26 70 63 11 80 65 42 7 56 96 49 13 44 14 86 24 5 85 8 55 83 9 10 94 98 92 91 21 59 22 72 84 89 67 38 69 46 17 23 3 34 57 52 43 15 62 16 90 93 27 88 58 77 82 48 99 53 1 78 64 
Coste: 1855776098
Temperatura: 1.7525672037353612E7
Probabilidad de aceptación: 1.0
Movimiento: SI



ITERACION 49
Solucion:    96 41 50 25 19 74 61 12 39 66 79 47 40 35 71 68 6 97 95 32 28 87 73 4 51 75 0 76 81 33 18 36 30 45 60 20 54 2 31 37 29 26 70 63 11 80 65 42 7 78 56 49 44 13 14 86 5 24 85 8 55 83 9 10 94 98 92 91 21 59 22 72 84 89 67 69 46 38 23 17 3 34 57 52 43 15 62 16 90 93 27 88 58 82 77 48 99 53 1 64 
Coste: 1825884896
Temperatura: 1.5773104833618252E7
Probabilidad de aceptación: 0.29818973339925353
Movimiento: NO



ITERACION 50
Solucion:    96 56 41 50 19 74 25 61 12 66 39 79 47 40 35 71 68 6 97 95 32 28 87 73 4 51 75 0 76 81 33 18 36 30 45 60 20 54 2 31 37 29 26 70 63 11 80 65 42 7 64 49 78 44 13 14 86 5 85 24 8 55 9 83 10 94 98 92 91 21 59 22 72 84 89 67 46 69 38 23 17 3 34 57 52 43 15 62 16 90 93 27 88 58 82 77 48 99 53 1 
Coste: 1819847417
Temperatura: 1.4195794350256426E7
Probabilidad de aceptación: 1.0
Movimiento: SI



ITERACION 51
Solucion:    96 56 49 41 19 74 50 25 12 66 61 39 79 47 40 35 71 68 6 97 32 95 28 87 73 4 51 75 0 76 81 33 18 36 30 45 60 54 20 2 31 37 29 26 70 63 11 65 80 42 7 1 78 64 44 13 14 86 5 85 24 8 55 9 10 83 94 98 92 91 21 59 22 72 89 84 46 67 69 38 23 17 3 34 57 52 43 15 62 16 90 93 27 88 58 82 48 77 99 53 
Coste: 1821482716
Temperatura: 1.2776214915230785E7
Probabilidad de aceptación: 1.0
Movimiento: SI



ITERACION 52
Solucion:    96 56 49 41 19 74 50 78 25 66 12 61 39 79 47 40 35 68 71 6 97 32 95 28 73 4 87 75 51 0 81 33 18 36 30 45 76 60 54 20 31 2 29 37 26 70 63 11 65 80 7 1 53 42 64 44 13 14 86 5 85 24 55 8 10 9 83 94 98 92 91 21 22 59 72 89 84 46 67 69 38 23 17 3 34 57 52 43 15 62 90 16 93 27 88 58 82 48 77 99 
Coste: 1812754196
Temperatura: 1.1498593423707707E7
Probabilidad de aceptación: 1.0
Movimiento: SI



ITERACION 53
Solucion:    96 56 42 49 41 19 74 50 25 66 12 78 61 39 79 47 40 35 68 6 71 97 32 95 28 73 4 87 75 51 81 0 33 18 36 30 45 76 60 54 31 20 2 29 26 70 37 11 63 65 80 7 1 99 53 64 44 13 14 86 5 85 24 55 10 8 83 9 94 98 91 21 92 22 59 72 89 46 84 67 69 38 23 17 3 34 57 52 43 15 62 90 16 93 27 88 58 82 48 77 
Coste: 1788361614
Temperatura: 1.0348734081336936E7
Probabilidad de aceptación: 1.0
Movimiento: SI



ITERACION 54
Solucion:    96 56 42 49 53 41 74 19 50 66 12 25 61 78 39 79 47 40 35 6 68 71 97 32 95 73 4 28 75 51 81 87 33 0 18 36 30 45 76 60 54 31 20 29 2 26 70 11 37 63 65 80 7 1 82 99 64 44 13 14 86 5 24 85 55 10 83 8 9 94 98 91 21 92 22 59 72 89 46 84 67 69 38 17 3 23 34 57 43 15 52 62 90 93 27 88 16 58 48 77 
Coste: 1762649327
Temperatura: 9313860.673203243
Probabilidad de aceptación: 0.4455977723629989
Movimiento: NO



ITERACION 55
Solucion:    99 96 56 42 49 53 74 19 41 50 66 12 25 61 78 39 79 47 40 6 35 68 97 71 32 73 95 4 75 51 28 81 33 0 18 36 87 45 30 76 60 31 54 20 29 2 26 70 11 37 63 65 80 7 1 77 82 64 44 13 14 86 5 24 85 55 10 83 8 9 94 98 91 21 92 22 59 72 89 46 84 67 69 38 17 3 23 34 57 43 15 52 62 90 27 93 88 16 58 48 
Coste: 1737363225
Temperatura: 8382474.605882918
Probabilidad de aceptación: 1.0
Movimiento: SI



ITERACION 56
Solucion:    99 96 56 42 49 82 74 53 19 41 50 12 66 25 61 39 78 79 47 40 6 35 68 97 71 73 95 32 4 75 51 28 81 33 0 18 36 45 30 76 60 31 54 20 29 87 2 26 11 70 37 65 63 80 7 1 48 77 64 44 13 14 86 5 24 85 55 10 83 8 9 94 91 98 21 92 22 59 72 89 46 84 67 69 38 17 3 23 34 57 43 15 52 62 90 27 93 88 16 58 
Coste: 1739418686
Temperatura: 7544227.145294627
Probabilidad de aceptación: 1.0
Movimiento: SI



ITERACION 57
Solucion:    77 99 96 56 42 49 74 82 19 53 41 12 66 50 25 61 39 78 79 47 6 40 68 97 35 73 95 71 32 4 75 51 81 33 0 18 28 45 36 30 76 31 60 54 20 29 2 26 87 11 70 37 65 63 80 7 1 58 48 64 44 13 14 5 24 86 85 55 10 83 8 9 94 91 21 92 98 22 59 72 89 46 84 67 38 17 3 69 23 34 43 57 15 52 62 27 93 90 88 16 
Coste: 1715185774
Temperatura: 6789804.430765165
Probabilidad de aceptación: 1.0
Movimiento: SI



ITERACION 58
Solucion:    48 77 99 96 56 49 74 42 19 82 53 12 66 41 50 25 61 78 39 47 79 6 40 97 68 73 35 71 32 95 4 75 51 81 33 18 0 45 36 30 76 31 60 54 28 20 29 26 2 11 70 87 37 65 63 80 7 1 16 58 44 64 13 14 5 24 86 55 85 10 8 9 94 91 83 21 92 98 22 59 72 46 89 84 38 67 17 3 69 23 34 43 57 52 62 27 93 15 90 88 
Coste: 1689734147
Temperatura: 6110823.9876886485
Probabilidad de aceptación: 1.0
Movimiento: SI



ITERACION 59
Solucion:    58 77 99 96 56 49 74 42 19 48 82 12 53 66 41 50 25 61 78 39 47 6 79 97 40 68 73 71 32 95 35 75 51 81 33 18 4 0 45 36 30 76 31 60 54 20 29 28 26 2 11 70 87 37 65 63 80 7 1 15 16 44 13 14 5 24 86 55 85 10 64 8 9 94 91 21 83 92 98 59 72 22 46 89 84 38 67 17 3 69 23 43 34 57 62 52 27 93 90 88 
Coste: 1672379580
Temperatura: 5499741.588919784
Probabilidad de aceptación: 0.00828344672628592
Movimiento: NO



ITERACION 60
Solucion:    58 77 99 16 56 49 74 42 19 96 82 12 53 48 66 41 50 25 61 78 39 6 47 97 79 68 40 73 71 32 95 75 51 35 81 33 18 0 45 36 30 76 31 60 54 20 29 28 26 4 2 70 11 87 37 65 63 80 7 1 90 15 13 44 14 5 24 86 55 85 10 64 9 94 8 91 21 83 92 98 59 72 22 89 84 46 67 17 38 3 69 43 23 57 62 34 27 93 52 88 
Coste: 1626201875
Temperatura: 4949767.430027805
Probabilidad de aceptación: 0.06906059084174322
Movimiento: NO



ITERACION 61
Solucion:    58 77 99 16 56 49 74 42 19 15 96 12 82 48 66 41 53 50 25 61 78 6 39 47 97 79 40 73 71 32 68 75 51 95 81 33 18 0 45 36 30 76 31 60 54 20 29 28 26 4 2 70 35 11 87 37 63 65 80 7 1 88 13 90 14 44 5 24 55 85 10 64 86 9 94 8 91 21 83 92 98 59 22 89 84 72 67 17 38 46 3 43 69 57 62 23 34 27 93 52 
Coste: 1637372230
Temperatura: 4454790.687025025
Probabilidad de aceptación: 1.0
Movimiento: SI



ITERACION 62
Solucion:    13 77 99 16 56 49 74 42 19 58 96 12 82 15 48 41 53 66 50 25 61 6 78 47 97 39 79 40 73 32 71 68 75 51 81 95 18 33 0 45 36 30 76 31 60 20 54 29 28 26 4 2 35 11 87 37 63 70 65 80 7 1 52 88 90 14 44 5 24 55 85 10 64 86 94 8 91 21 83 9 92 59 98 22 89 84 72 67 17 38 46 3 43 69 57 62 23 34 27 93 
Coste: 1607961380
Temperatura: 4009311.6183225224
Probabilidad de aceptación: 1.0
Movimiento: SI



ITERACION 63
Solucion:    88 77 99 16 56 49 74 42 19 13 58 12 82 96 15 48 41 53 66 25 50 61 6 78 47 97 39 79 40 73 32 68 75 71 51 81 95 18 33 0 45 36 76 31 30 20 60 54 29 26 4 28 2 35 87 11 63 37 70 65 80 7 1 27 52 90 14 44 5 24 55 85 10 64 86 8 94 21 83 91 92 9 59 98 22 89 84 72 17 38 67 46 3 43 69 62 57 23 34 93 
Coste: 1595831728
Temperatura: 3608380.4564902703
Probabilidad de aceptación: 0.13339119939601626
Movimiento: NO



ITERACION 64
Solucion:    52 88 77 99 56 49 74 42 19 16 13 12 58 82 15 96 48 41 53 66 25 50 61 6 78 47 39 79 40 73 32 97 68 75 71 51 81 95 18 33 0 45 36 76 31 30 20 54 60 26 29 4 2 35 87 11 63 28 70 37 80 65 7 1 93 27 90 14 44 5 24 55 85 10 64 86 8 21 94 83 91 92 9 59 22 98 89 72 84 38 17 67 3 46 43 69 62 57 34 23 
Coste: 1572579744
Temperatura: 3247542.4108412433
Probabilidad de aceptación: 1.0
Movimiento: SI



ITERACION 65
Solucion:    52 88 77 99 56 49 74 42 19 16 13 12 58 82 15 96 48 41 53 27 66 25 50 61 6 78 47 79 40 73 32 39 97 68 75 71 51 81 95 18 0 33 45 36 76 31 30 20 54 60 26 29 4 35 87 2 11 63 28 70 80 37 65 7 1 23 93 90 14 44 5 55 24 85 10 86 8 21 64 94 83 91 92 59 9 22 98 89 72 84 38 17 67 3 46 43 62 57 69 34 
Coste: 1555689792
Temperatura: 2922788.169757119
Probabilidad de aceptación: 1.0
Movimiento: SI



ITERACION 66
Solucion:    52 88 77 99 56 49 74 42 19 16 93 12 13 82 15 96 58 41 48 53 27 66 50 25 6 78 47 79 40 73 32 39 61 97 68 75 51 81 95 18 0 71 45 33 36 76 31 30 20 54 60 26 4 35 87 2 11 63 28 70 80 37 29 65 7 1 34 23 90 14 44 5 55 24 85 86 8 21 10 94 83 91 64 92 59 22 98 9 89 72 38 17 84 3 67 46 62 43 57 69 
Coste: 1537628740
Temperatura: 2630509.352781407
Probabilidad de aceptación: 1.0
Movimiento: SI



ITERACION 67
Solucion:    52 88 23 77 56 49 74 99 19 42 16 12 93 13 82 96 58 41 48 53 15 27 50 66 25 6 47 79 40 73 32 78 39 97 61 68 75 51 81 95 18 0 71 45 33 36 76 31 20 30 54 26 60 4 35 87 11 2 63 28 80 70 37 29 65 7 1 57 34 14 90 44 55 5 85 86 8 21 24 94 10 83 91 64 92 59 22 98 9 72 38 89 17 3 84 67 46 62 43 69 
Coste: 1527771447
Temperatura: 2367458.4175032666
Probabilidad de aceptación: 0.16984375819963327
Movimiento: NO



ITERACION 68
Solucion:    52 88 34 77 56 49 74 99 19 42 16 12 23 13 82 96 58 93 41 48 53 15 50 27 66 25 47 79 40 73 32 6 78 39 97 68 61 75 51 95 81 0 18 71 45 33 36 76 20 31 54 30 60 4 35 87 11 2 63 28 80 70 26 37 29 65 7 1 62 57 14 90 44 55 5 85 86 8 21 24 94 10 83 91 92 59 22 64 98 72 38 89 17 3 9 84 67 46 43 69 
Coste: 1518367706
Temperatura: 2130712.57575294
Probabilidad de aceptación: 0.009170394230584957
Movimiento: NO



ITERACION 69
Solucion:    57 88 52 77 56 49 74 99 19 42 34 12 16 13 23 82 58 96 41 48 53 93 15 50 27 25 47 79 40 73 32 6 66 78 39 97 68 75 51 95 61 0 81 18 71 45 36 33 20 76 31 54 30 60 35 87 4 2 63 28 80 70 11 26 37 29 65 7 1 69 62 14 90 44 5 85 55 86 8 21 94 10 24 83 92 91 59 22 98 72 38 64 89 3 17 9 84 46 67 43 
Coste: 1475865736
Temperatura: 1917641.318177646
Probabilidad de aceptación: 1.0
Movimiento: SI



ITERACION 70
Solucion:    57 88 52 77 56 49 74 99 19 42 34 12 16 13 23 82 58 96 41 48 53 93 15 62 50 27 47 79 40 73 32 6 25 66 78 39 97 75 68 51 95 61 0 81 18 71 45 36 33 20 76 54 30 60 35 87 31 2 4 63 28 80 70 26 11 37 29 65 7 69 43 1 14 90 5 85 44 86 8 21 94 10 55 24 83 92 91 59 22 98 72 38 64 89 3 17 9 46 84 67 
Coste: 1472369012
Temperatura: 1725877.1863598814
Probabilidad de aceptación: 1.0
Movimiento: SI



ITERACION 71
Solucion:    57 88 52 77 56 49 74 99 19 42 34 12 16 1 13 23 82 58 41 48 53 93 15 96 62 50 47 79 40 73 32 6 25 66 27 39 78 97 75 68 51 95 0 61 81 18 71 36 45 33 20 76 30 60 35 87 31 2 4 63 28 80 70 54 26 11 37 29 65 69 7 67 43 14 5 85 44 86 8 21 94 10 55 24 90 92 91 83 59 98 72 38 64 89 3 17 9 46 22 84 
Coste: 1464947723
Temperatura: 1553289.4677238932
Probabilidad de aceptación: 1.0
Movimiento: SI



ITERACION 72
Solucion:    57 88 52 77 56 49 74 99 19 42 34 12 16 43 13 1 82 58 41 23 48 93 53 15 96 62 47 79 40 73 32 6 50 66 25 39 27 78 75 97 68 51 95 0 61 81 71 18 36 45 20 76 30 60 35 87 33 2 4 31 63 28 80 70 54 26 37 11 65 29 69 7 22 67 5 14 85 44 86 21 94 10 55 8 24 90 92 91 83 59 98 72 38 89 3 17 64 9 46 84 
Coste: 1464912096
Temperatura: 1397960.520951504
Probabilidad de aceptación: 2.850350124690055E-6
Movimiento: NO



ITERACION 73
Solucion:    57 88 52 77 56 49 74 99 19 42 34 12 67 16 13 1 82 58 41 23 48 43 53 93 96 62 47 79 40 73 32 6 50 66 15 39 25 78 75 27 68 51 95 0 61 81 71 18 36 45 97 20 30 76 60 87 35 2 4 31 63 28 33 80 70 54 37 26 65 11 29 69 7 64 5 14 85 44 86 21 94 10 55 22 8 24 92 90 91 59 83 72 98 89 38 17 3 9 46 84 
Coste: 1448619065
Temperatura: 1258164.4688563535
Probabilidad de aceptación: 0.009900310630022441
Movimiento: NO



ITERACION 74
Solucion:    57 88 52 77 56 49 74 99 19 42 5 12 67 16 13 1 34 58 82 23 48 43 53 93 96 62 47 79 40 73 41 6 50 66 15 39 25 78 75 27 68 51 95 0 61 81 71 18 36 45 97 20 32 76 30 60 87 35 4 31 2 63 33 80 70 54 37 26 65 11 29 28 7 64 9 69 14 85 44 86 21 94 55 22 10 24 92 90 91 59 83 8 98 89 72 17 3 38 46 84 
Coste: 1437433800
Temperatura: 1132348.0219707182
Probabilidad de aceptación: 6.714680276165738E-6
Movimiento: NO



ITERACION 75
Solucion:    69 88 52 77 56 49 74 99 19 42 57 12 67 5 13 16 1 58 34 82 23 43 48 93 96 62 47 79 40 73 41 6 50 66 53 39 25 15 75 27 68 51 95 0 61 81 71 78 18 45 97 36 20 32 76 30 60 87 4 35 31 2 33 63 70 54 37 26 65 11 29 80 7 64 28 10 9 14 85 44 86 21 55 22 94 24 92 90 91 59 83 8 98 89 72 17 3 38 46 84 
Coste: 1406837887
Temperatura: 1019113.2197736463
Probabilidad de aceptación: 1.2104515679940587E-11
Movimiento: NO



ITERACION 76
Solucion:    69 88 52 77 56 49 74 99 19 42 57 12 67 9 13 16 1 58 5 34 82 43 48 93 96 62 23 47 40 79 73 6 41 66 50 39 25 53 15 75 68 51 95 0 61 81 71 27 78 45 18 36 97 20 32 76 60 30 4 35 87 31 33 63 70 54 37 26 65 2 29 80 7 64 11 28 8 10 14 85 44 86 55 22 21 24 94 92 91 59 83 90 98 89 72 17 3 38 46 84 
Coste: 1387335149
Temperatura: 917201.8977962817
Probabilidad de aceptación: 8.954059979755955E-9
Movimiento: NO



ITERACION 77
Solucion:    69 88 52 77 56 49 74 99 19 42 10 12 67 9 13 16 1 58 57 34 82 43 48 93 96 62 23 5 40 79 47 6 41 66 50 39 25 53 15 75 68 51 95 0 61 81 71 27 73 78 45 36 97 18 20 76 60 30 32 4 35 87 31 33 63 54 37 26 65 70 29 80 7 64 2 11 28 90 8 14 85 44 55 22 21 24 86 92 91 59 83 94 98 89 72 17 3 38 46 84 
Coste: 1371344555
Temperatura: 825481.7080166535
Probabilidad de aceptación: 5.418971388172764E-12
Movimiento: NO



ITERACION 78
Solucion:    8 88 52 77 56 69 74 99 19 49 42 12 67 9 13 16 1 58 10 34 82 43 48 93 96 62 23 5 40 79 47 6 41 66 50 39 25 53 15 75 57 51 95 0 61 81 71 27 73 68 45 36 97 78 18 20 76 60 32 4 30 35 31 33 87 54 63 26 65 37 29 80 7 64 70 2 11 28 46 14 85 90 55 22 44 24 21 86 91 59 83 92 98 94 89 17 3 38 72 84 
Coste: 1356139838
Temperatura: 742933.5372149883
Probabilidad de aceptación: 3.7866159791668337E-4
Movimiento: NO



ITERACION 79
Solucion:    8 88 52 77 56 69 74 99 19 49 42 12 67 14 13 16 9 58 10 34 82 43 48 93 96 62 23 5 40 79 47 6 41 66 50 39 25 53 15 75 1 51 95 0 61 81 71 27 73 57 45 68 97 36 78 20 18 76 60 4 32 35 31 33 87 54 30 26 65 63 29 80 7 64 37 70 2 11 28 44 46 90 55 22 85 24 21 86 91 59 83 92 98 94 89 17 3 38 72 84 
Coste: 1349063290
Temperatura: 668640.1834934894
Probabilidad de aceptación: 8.515372985302384E-7
Movimiento: NO



ITERACION 80
Solucion:    46 88 8 77 56 52 74 69 19 99 49 12 42 67 14 16 9 58 10 34 82 43 48 93 96 62 23 5 40 79 47 6 41 66 50 39 25 53 15 75 13 51 95 0 1 81 71 27 73 57 45 68 97 36 78 20 18 76 61 4 60 35 31 33 32 87 30 26 65 63 29 80 7 64 54 70 37 11 2 28 22 90 55 44 85 24 21 86 91 59 83 92 98 94 89 17 3 38 72 84 
Coste: 1336331046
Temperatura: 601776.1651441405
Probabilidad de aceptación: 1.446103720236829E-18
Movimiento: NO



ITERACION 81
Solucion:    46 88 90 77 56 52 74 69 19 99 49 12 42 8 14 16 9 67 58 34 82 43 48 93 96 62 23 5 40 79 47 6 41 66 50 39 25 53 15 75 13 51 95 0 1 81 71 27 73 10 45 68 97 57 78 20 18 36 76 61 4 35 31 33 60 87 32 26 65 63 29 80 30 64 54 7 70 11 37 28 22 2 55 44 85 24 21 86 91 59 83 92 98 94 89 17 3 38 72 84 
Coste: 1329087491
Temperatura: 541598.5486297264
Probabilidad de aceptación: 1.67560626021631E-17
Movimiento: NO



ITERACION 82
Solucion:    46 88 90 77 56 52 74 69 19 99 49 12 42 8 14 55 16 67 58 9 34 43 48 93 96 62 23 5 40 79 47 6 41 66 82 50 25 39 53 75 13 51 95 0 1 81 71 27 73 15 10 45 97 57 68 20 18 36 76 61 78 4 35 33 60 87 32 26 65 63 31 29 80 64 54 30 70 7 37 28 22 2 72 11 44 85 24 21 86 91 59 83 92 98 89 94 3 17 38 84 
Coste: 1308006068
Temperatura: 487438.6937667538
Probabilidad de aceptación: 3.5698168198876934E-10
Movimiento: NO



ITERACION 83
Solucion:    46 88 90 77 56 52 74 69 19 99 49 12 42 8 14 55 16 67 58 9 11 43 34 93 48 96 23 5 40 79 47 62 41 66 6 50 25 82 39 75 53 51 95 0 1 81 71 27 73 13 10 45 97 57 68 20 18 36 76 61 78 4 35 33 60 87 32 26 65 63 31 29 80 64 54 30 70 7 37 28 22 2 72 38 44 15 85 24 21 86 91 59 83 92 98 89 94 3 17 84 
Coste: 1303388812
Temperatura: 438694.82439007843
Probabilidad de aceptación: 3.536695244690804E-13
Movimiento: NO



ITERACION 84
Solucion:    44 88 90 77 56 52 74 69 19 99 49 12 46 8 14 42 55 67 58 9 16 43 34 93 48 96 23 5 40 79 47 11 41 62 66 6 25 50 82 75 53 51 95 0 1 81 71 27 73 13 10 45 39 97 57 20 68 36 18 76 61 4 35 33 60 78 32 26 65 87 63 29 31 64 54 30 70 80 37 28 22 2 7 72 3 15 38 85 24 86 21 59 91 83 98 92 89 94 17 84 
Coste: 1285702296
Temperatura: 394825.3419510706
Probabilidad de aceptación: 2.52468407294455E-18
Movimiento: NO



ITERACION 85
Solucion:    44 88 90 77 56 52 74 69 19 99 49 12 46 8 14 42 55 67 58 9 16 43 15 93 34 48 23 5 40 79 47 96 11 41 62 66 25 6 50 75 53 51 95 0 1 81 71 27 73 13 10 45 39 82 57 20 68 36 18 76 61 97 4 33 60 78 32 26 65 87 63 29 35 64 54 30 70 80 37 28 22 2 31 7 72 17 3 38 85 24 21 86 59 91 83 98 92 89 94 84 
Coste: 1278277143
Temperatura: 355342.8077559635
Probabilidad de aceptación: 2.0705052358559506E-17
Movimiento: NO



ITERACION 86
Solucion:    44 88 90 77 56 52 74 69 19 99 49 12 46 8 3 14 42 67 58 55 9 43 16 93 34 48 23 5 40 79 47 96 11 41 62 66 25 6 50 75 53 51 95 0 1 81 71 27 73 13 10 45 39 82 57 20 68 36 18 76 61 97 4 33 60 78 32 26 65 87 63 29 35 64 54 30 70 80 37 28 22 2 15 31 72 7 94 17 38 85 24 21 59 86 91 98 83 92 89 84 
Coste: 1277313435
Temperatura: 319808.5269803672
Probabilidad de aceptación: 2.111050979737976E-7
Movimiento: NO



ITERACION 87
Solucion:    44 88 90 77 56 52 74 69 19 99 49 12 46 8 3 14 42 67 58 55 9 43 17 93 34 48 23 5 40 79 47 96 11 41 62 16 25 66 6 75 50 51 95 0 1 81 71 27 73 13 53 45 39 10 57 20 68 36 82 76 61 97 18 33 4 60 32 26 65 87 78 63 29 64 54 30 70 80 37 28 22 2 15 35 31 72 7 89 94 38 85 24 21 59 86 91 98 83 92 84 
Coste: 1266919880
Temperatura: 287827.6742823305
Probabilidad de aceptación: 9.668083526668496E-24
Movimiento: NO



ITERACION 88
Solucion:    44 88 94 77 56 90 74 69 19 99 49 12 46 8 3 52 42 67 58 55 9 43 14 93 17 34 23 5 40 79 47 48 96 41 11 62 25 16 66 75 6 51 95 0 1 81 71 27 73 50 13 45 39 10 57 20 68 36 82 76 61 97 18 33 53 4 32 26 65 87 60 63 78 64 54 30 70 80 37 28 22 2 29 15 31 35 72 7 92 38 89 24 85 59 21 86 98 83 91 84 
Coste: 1260977341
Temperatura: 259044.90685409744
Probabilidad de aceptación: 8.791738677898655E-16
Movimiento: NO



ITERACION 89
Solucion:    44 88 94 77 56 90 74 69 19 99 49 12 46 8 3 52 42 67 58 55 9 43 14 93 17 34 23 5 40 79 47 48 96 41 38 11 25 62 66 16 75 51 95 0 6 81 71 27 73 1 50 45 39 10 57 20 13 36 68 76 61 97 18 33 53 4 32 26 65 87 60 63 78 64 54 30 70 80 37 28 22 2 29 82 15 35 31 7 72 91 92 24 89 59 85 21 86 98 83 84 
Coste: 1256586550
Temperatura: 233140.4161686877
Probabilidad de aceptación: 1.9495993813351333E-11
Movimiento: NO



ITERACION 90
Solucion:    92 88 44 77 56 90 74 69 19 99 49 12 46 8 3 52 42 67 58 55 9 43 14 93 17 34 94 5 40 79 47 23 48 41 96 11 38 62 66 25 16 51 95 0 6 81 71 27 73 1 50 45 75 39 10 57 20 13 36 76 61 97 18 33 68 53 32 26 65 87 4 63 78 64 60 30 70 80 37 28 54 2 22 82 29 35 31 7 15 91 98 72 24 59 89 85 21 86 83 84 
Coste: 1225961020
Temperatura: 209826.37455181894
Probabilidad de aceptación: 8.95685639540337E-17
Movimiento: NO



ITERACION 91
Solucion:    72 88 92 77 44 56 74 69 19 99 49 12 46 8 90 52 42 67 58 3 9 43 14 93 55 34 94 5 40 79 47 23 17 41 96 11 48 38 62 66 25 51 95 0 6 81 71 27 73 16 1 45 75 39 10 57 20 13 36 76 61 97 18 33 50 68 32 26 65 87 53 63 78 64 4 60 70 80 37 28 30 2 54 22 82 29 35 7 15 31 91 59 98 24 89 85 21 86 83 84 
Coste: 1192705111
Temperatura: 188843.73709663705
Probabilidad de aceptación: 9.727357910626541E-15
Movimiento: NO



ITERACION 92
Solucion:    72 88 92 77 44 56 74 69 19 99 49 12 46 8 90 52 42 67 58 3 9 43 98 14 93 34 94 55 40 79 47 23 17 41 96 11 48 38 62 66 25 51 95 0 5 81 71 27 73 16 1 45 75 6 10 57 20 13 36 76 61 97 18 33 50 39 32 26 65 87 53 63 68 64 4 60 70 80 37 28 30 2 78 54 82 29 35 7 15 22 91 31 83 24 89 85 21 86 59 84 
Coste: 1188236104
Temperatura: 169959.36338697336
Probabilidad de aceptación: 3.18513919807993E-17
Movimiento: NO



ITERACION 93
Solucion:    72 88 92 77 44 56 74 69 19 99 49 12 46 8 90 52 24 67 42 58 9 43 98 14 93 34 94 55 40 79 47 23 17 41 96 11 48 38 62 66 3 51 95 0 5 81 71 27 73 16 1 45 75 6 10 57 20 13 36 76 61 97 18 33 50 39 32 26 65 87 53 25 63 64 4 60 70 80 37 28 30 2 68 54 82 29 78 35 7 15 22 91 31 59 83 85 89 21 86 84 
Coste: 1182107249
Temperatura: 152963.42704827603
Probabilidad de aceptación: 1.2054452929365008E-10
Movimiento: NO



ITERACION 94
Solucion:    72 88 92 77 44 56 74 69 19 99 49 12 46 8 90 52 24 67 83 42 9 43 98 14 93 34 94 55 40 79 47 23 17 41 96 11 48 38 62 66 58 51 95 0 3 81 71 27 73 16 1 45 5 75 10 57 20 13 36 76 61 97 18 33 50 39 32 26 65 87 53 6 63 64 4 60 70 80 37 28 30 2 25 68 54 29 82 35 78 7 15 91 31 59 86 22 85 89 21 84 
Coste: 1174270833
Temperatura: 137667.08434344843
Probabilidad de aceptación: 7.904644438346224E-5
Movimiento: NO



ITERACION 95
Solucion:    72 88 92 77 44 56 74 69 19 99 49 12 46 8 90 52 24 67 83 42 9 43 22 14 93 34 94 55 40 79 47 23 17 98 96 11 41 48 62 66 38 51 95 0 3 81 71 58 73 16 27 45 5 1 10 75 20 13 36 76 57 61 18 33 50 97 32 26 65 87 39 53 63 64 4 60 70 80 37 28 30 2 25 6 68 29 82 35 54 78 7 15 91 31 59 21 86 89 85 84 
Coste: 1169156640
Temperatura: 123900.37590910359
Probabilidad de aceptación: 1.65587726683896E-5
Movimiento: NO



ITERACION 96
Solucion:    72 88 92 77 44 86 74 69 19 99 49 12 56 8 46 52 90 67 83 42 9 43 22 14 93 34 94 55 40 79 24 23 17 98 96 11 47 48 41 66 62 51 95 0 3 81 71 38 73 58 16 27 5 1 10 75 20 13 36 76 57 61 18 33 50 97 32 26 65 87 39 53 63 64 4 60 70 80 37 28 30 2 45 25 6 29 82 35 54 78 7 15 91 31 59 21 84 68 89 85 
Coste: 1152040973
Temperatura: 111510.33831819323
Probabilidad de aceptación: 1.0
Movimiento: SI



ITERACION 97
Solucion:    72 88 92 77 44 86 74 69 19 99 49 12 56 8 46 52 90 67 68 42 83 43 9 14 93 34 94 55 40 79 24 23 17 98 96 11 47 48 41 66 62 51 95 0 22 81 3 71 73 58 16 38 5 1 10 75 20 27 36 76 57 13 18 33 50 97 32 26 65 87 39 53 63 64 4 60 70 80 37 28 30 2 45 25 61 29 82 35 54 6 78 15 91 31 59 21 7 89 84 85 
Coste: 1145727470
Temperatura: 100359.3044863739
Probabilidad de aceptación: 5.6041235757994364E-71
Movimiento: NO



ITERACION 98
Solucion:    72 88 84 77 44 86 74 69 92 99 19 12 56 8 46 52 49 67 90 42 68 43 9 14 93 34 94 55 40 79 83 23 24 98 96 11 47 48 41 66 17 51 95 0 22 81 3 71 73 58 16 38 5 1 10 75 20 27 36 76 57 13 18 33 50 97 32 26 65 87 39 53 62 64 4 60 70 80 37 28 63 2 45 30 61 29 82 35 54 6 78 15 25 91 59 31 7 89 21 85 
Coste: 1131859502
Temperatura: 90323.37403773652
Probabilidad de aceptación: 8.069739064424142E-32
Movimiento: NO



ITERACION 99
Solucion:    72 88 84 77 44 86 74 69 92 99 85 12 56 8 46 52 49 67 90 19 68 43 9 14 93 34 42 94 40 79 83 23 24 98 96 55 47 48 41 66 17 11 95 0 22 51 3 71 73 58 16 38 5 1 10 75 20 27 36 76 57 13 18 33 50 97 32 26 65 87 39 53 62 64 4 81 70 80 60 28 63 2 45 30 61 29 82 35 54 6 78 15 25 91 59 31 7 89 21 37 
Coste: 1105783131
Temperatura: 81291.03663396287
Probabilidad de aceptación: 1.0
Movimiento: SI



