ITERACION 0
Solucion:    16 75 44 55 66 24 90 50 26 99 22 89 46 37 65 57 72 85 45 6 18 47 81 25 8 77 32 43 63 17 27 0 96 73 23 78 49 29 4 10 30 39 38 1 61 84 42 94 52 74 5 97 69 86 48 70 53 7 54 60 3 80 28 95 19 34 64 15 79 76 98 58 31 13 51 88 92 71 11 2 20 21 41 14 12 82 91 83 87 59 35 40 93 33 62 68 36 67 56 9 
Coste: 1877264442
Temperatura: 2.777238711E9
Probabilidad de aceptación: 1.0
Movimiento: SI



ITERACION 1
Solucion:    75 9 16 44 55 66 24 90 50 26 99 22 89 46 37 65 57 72 85 45 6 18 47 81 25 8 77 32 43 63 17 27 0 96 73 23 78 49 29 4 10 30 39 38 1 61 84 42 94 52 74 5 97 69 86 48 70 53 7 54 60 3 80 28 95 19 34 64 15 79 76 98 58 31 13 51 88 92 71 11 2 20 21 41 14 12 82 91 83 87 59 35 40 93 33 62 68 36 67 56 
Coste: 1850419377
Temperatura: 2.4995148399E9
Probabilidad de aceptación: 1.0
Movimiento: SI



ITERACION 2
Solucion:    16 75 56 9 44 55 66 24 90 50 26 99 22 89 46 37 65 57 72 85 45 6 18 47 81 25 8 77 32 43 63 17 27 0 96 73 23 78 49 29 4 10 30 39 38 1 61 84 42 94 52 74 5 97 69 86 48 70 53 7 54 60 3 80 28 95 19 34 64 15 79 76 98 58 31 13 51 88 92 71 11 2 20 21 41 14 12 82 91 83 87 59 35 40 93 33 62 68 36 67 
Coste: 1842703555
Temperatura: 2.2495633559100003E9
Probabilidad de aceptación: 1.0
Movimiento: SI



ITERACION 3
Solucion:    9 16 75 67 56 44 55 66 24 90 50 26 99 22 89 46 37 65 57 72 85 45 6 18 47 81 25 8 77 32 43 63 17 27 0 96 73 23 78 49 29 4 10 30 39 38 1 61 84 42 94 52 74 5 97 69 86 48 70 53 7 54 60 3 80 28 95 19 34 64 15 79 76 98 58 31 13 51 88 92 71 11 2 20 21 41 14 12 82 91 83 87 59 35 40 93 33 62 68 36 
Coste: 1824637243
Temperatura: 2.0246070203190002E9
Probabilidad de aceptación: 1.0
Movimiento: SI



ITERACION 4
Solucion:    56 9 16 75 36 67 44 55 66 24 90 50 26 99 22 89 46 37 65 57 72 85 45 6 18 47 81 25 8 77 32 43 63 17 27 0 96 73 23 78 49 29 4 10 30 39 38 1 61 84 42 94 52 74 5 97 69 86 48 70 53 7 54 60 3 80 28 95 19 34 64 15 79 76 98 58 31 13 51 88 92 71 11 2 20 21 41 14 12 82 91 83 87 59 35 40 93 33 62 68 
Coste: 1800200759
Temperatura: 1.8221463182871003E9
Probabilidad de aceptación: 1.0
Movimiento: SI



ITERACION 5
Solucion:    67 56 9 16 75 68 36 44 55 66 24 90 50 26 99 22 89 46 65 37 57 72 85 45 6 18 47 81 25 8 77 32 43 63 17 27 0 96 73 23 78 49 29 4 10 30 39 38 1 61 84 42 94 52 74 5 97 69 86 48 70 53 7 54 60 3 80 28 95 19 34 64 15 79 76 98 58 31 13 51 88 92 71 11 2 20 21 41 14 12 82 91 83 87 59 35 40 93 33 62 
Coste: 1816589486
Temperatura: 1.6399316864583902E9
Probabilidad de aceptación: 1.0
Movimiento: SI



ITERACION 6
Solucion:    36 67 56 9 16 75 62 68 44 55 66 24 90 50 26 99 22 89 46 65 37 57 72 85 45 6 18 47 81 25 8 77 32 43 63 17 27 0 96 73 23 78 49 29 4 10 30 39 38 1 61 84 42 94 52 74 5 97 69 86 48 70 53 7 54 60 3 80 28 95 19 34 64 15 79 76 98 58 31 13 51 88 92 71 11 2 20 21 41 14 12 82 91 83 87 59 35 40 93 33 
Coste: 1794824055
Temperatura: 1.4759385178125513E9
Probabilidad de aceptación: 1.0
Movimiento: SI



ITERACION 7
Solucion:    68 36 67 56 9 16 75 33 62 44 55 66 24 90 50 26 99 22 89 46 65 37 57 72 85 45 6 18 47 81 25 8 77 32 43 63 17 27 0 96 73 23 78 49 29 4 10 30 39 38 1 61 84 42 94 52 74 5 97 69 86 48 53 70 7 54 60 3 80 28 95 19 34 64 15 79 76 98 58 31 13 51 88 92 71 11 2 20 21 41 14 12 82 91 83 87 59 35 40 93 
Coste: 1806005387
Temperatura: 1.3283446660312963E9
Probabilidad de aceptación: 1.0
Movimiento: SI



ITERACION 8
Solucion:    62 68 36 67 56 9 16 75 93 33 44 55 66 90 50 24 26 99 22 89 46 65 37 57 72 85 45 6 18 47 81 25 8 77 32 43 63 17 27 0 96 73 23 78 49 29 4 10 30 39 38 1 61 84 42 94 52 74 5 97 69 86 48 53 70 7 54 60 3 80 28 95 19 34 64 15 79 76 98 58 31 13 51 88 92 71 11 2 20 21 41 14 12 82 91 83 87 59 35 40 
Coste: 1802711240
Temperatura: 1.1955101994281666E9
Probabilidad de aceptación: 1.0
Movimiento: SI



ITERACION 9
Solucion:    33 62 68 36 67 56 9 16 75 40 93 44 55 66 90 50 24 26 99 22 89 46 65 37 57 72 85 45 6 18 47 81 25 8 77 32 43 63 17 27 0 96 73 23 78 49 29 4 10 30 39 38 1 61 84 42 94 52 74 5 97 69 86 48 53 70 7 54 60 3 80 28 95 19 34 64 15 79 76 98 58 31 13 51 88 92 71 11 2 20 21 41 14 12 82 91 83 87 59 35 
Coste: 1792899378
Temperatura: 1.07595917948535E9
Probabilidad de aceptación: 1.0
Movimiento: SI



ITERACION 10
Solucion:    93 33 62 68 36 67 56 9 16 75 35 40 44 55 66 90 50 24 26 99 22 89 46 65 37 57 72 85 45 6 18 47 81 25 8 77 32 43 63 17 27 0 96 73 23 78 49 29 4 10 30 39 38 1 61 84 42 94 52 74 5 97 69 86 48 53 70 7 54 60 3 80 28 95 19 34 64 15 79 76 98 58 31 13 51 88 92 71 11 2 20 21 41 14 12 82 91 83 87 59 
Coste: 1794352082
Temperatura: 9.683632615368149E8
Probabilidad de aceptación: 1.0
Movimiento: SI



ITERACION 11
Solucion:    40 93 33 62 68 36 67 56 9 16 75 59 35 44 55 66 90 50 24 26 99 22 89 46 65 37 57 72 85 45 6 18 47 81 25 8 77 32 43 63 17 27 0 96 73 23 78 49 29 4 10 30 39 38 1 61 84 42 94 52 74 5 97 69 86 48 53 70 7 54 60 3 80 28 95 19 34 64 15 79 76 98 58 31 13 51 88 92 71 11 2 20 21 41 14 12 82 91 83 87 
Coste: 1794225326
Temperatura: 8.715269353831334E8
Probabilidad de aceptación: 1.0
Movimiento: SI



ITERACION 12
Solucion:    35 40 93 33 62 68 36 67 56 9 16 75 87 59 44 55 66 90 50 24 26 99 22 89 46 65 37 57 72 85 45 6 18 47 81 25 8 77 32 43 63 17 27 0 96 73 23 78 49 29 4 10 30 39 38 1 61 84 42 94 52 74 5 97 69 86 48 53 70 7 54 60 3 80 28 95 19 34 64 15 79 76 98 58 31 13 51 88 92 71 11 2 20 21 41 14 12 82 91 83 
Coste: 1743688324
Temperatura: 7.843742418448201E8
Probabilidad de aceptación: 1.0
Movimiento: SI



ITERACION 13
Solucion:    59 35 40 93 33 62 68 36 67 56 9 16 75 83 87 44 55 66 90 50 24 26 99 22 89 46 65 37 57 72 85 45 6 18 47 81 25 8 77 32 43 63 17 27 0 96 73 23 78 49 29 4 10 30 39 38 1 84 61 42 94 52 74 5 97 69 86 48 53 70 7 54 60 3 80 28 95 19 34 64 15 79 76 98 58 31 13 51 88 92 71 11 2 20 21 41 14 12 82 91 
Coste: 1734069316
Temperatura: 7.059368176603382E8
Probabilidad de aceptación: 1.0
Movimiento: SI



ITERACION 14
Solucion:    87 59 35 40 93 33 62 68 36 67 56 9 16 75 91 83 44 55 66 90 50 24 26 99 22 89 46 65 37 57 72 85 45 6 18 47 81 25 8 77 32 43 63 17 27 0 96 73 23 78 49 29 4 10 30 39 38 1 84 61 42 94 52 74 5 97 69 86 48 53 70 7 54 60 3 80 28 95 19 34 64 15 79 76 98 58 31 13 51 88 92 71 11 2 20 21 41 14 12 82 
Coste: 1750613969
Temperatura: 6.353431358943044E8
Probabilidad de aceptación: 1.0
Movimiento: SI



ITERACION 15
Solucion:    83 87 59 35 40 93 33 62 36 68 67 56 9 16 75 82 91 44 55 66 90 50 24 26 99 22 89 46 65 37 57 72 85 45 6 18 47 81 25 8 77 32 43 63 17 27 0 96 73 23 78 49 29 4 10 30 39 38 1 84 61 42 94 52 74 5 97 69 86 48 53 70 7 54 60 3 80 28 95 19 34 64 15 79 76 98 58 31 13 51 88 92 71 11 2 20 21 41 14 12 
Coste: 1754598990
Temperatura: 5.71808822304874E8
Probabilidad de aceptación: 1.0
Movimiento: SI



ITERACION 16
Solucion:    91 83 87 59 35 40 93 33 62 36 68 67 56 9 16 75 12 82 44 55 66 90 50 24 26 99 89 22 46 65 37 57 72 85 45 6 18 47 81 25 8 77 32 43 63 17 27 0 96 73 23 78 49 29 4 10 30 39 38 1 84 61 42 94 52 74 5 97 69 86 48 53 70 7 54 60 3 80 28 95 19 34 64 15 79 76 98 58 31 13 51 88 92 71 11 2 20 21 41 14 
Coste: 1735618998
Temperatura: 5.1462794007438654E8
Probabilidad de aceptación: 1.0
Movimiento: SI



ITERACION 17
Solucion:    82 91 83 87 59 35 40 93 33 62 36 68 67 56 9 16 75 14 12 44 55 66 90 50 24 26 99 89 22 46 65 37 57 72 85 45 6 18 47 81 25 8 77 32 43 63 17 27 0 96 73 23 78 49 29 4 10 30 39 38 1 84 61 42 94 52 74 5 97 69 86 48 53 70 7 54 60 3 80 28 95 19 34 64 15 79 76 98 58 31 13 51 88 92 71 11 2 20 21 41 
Coste: 1734023564
Temperatura: 4.631651460669479E8
Probabilidad de aceptación: 1.0
Movimiento: SI



ITERACION 18
Solucion:    12 82 91 83 87 59 35 40 93 33 62 36 68 67 56 9 16 75 41 14 44 55 66 90 50 24 26 99 89 22 46 65 37 57 72 85 45 6 18 47 81 25 8 77 32 43 63 17 27 0 96 73 23 78 49 29 4 10 30 39 38 1 84 61 42 94 52 74 5 97 69 86 48 53 70 7 54 60 3 80 28 95 19 34 64 15 79 76 98 58 31 13 51 88 92 71 11 2 20 21 
Coste: 1714949193
Temperatura: 4.168486314602531E8
Probabilidad de aceptación: 1.0
Movimiento: SI



ITERACION 19
Solucion:    14 12 82 91 83 87 59 35 40 93 33 62 36 68 67 56 9 16 75 21 41 44 55 66 90 50 24 26 99 89 22 46 65 37 57 72 85 45 6 18 47 81 25 8 77 32 43 63 17 27 0 96 73 23 78 49 29 4 10 30 39 38 1 84 61 42 94 52 74 5 97 69 86 48 53 70 7 54 60 3 80 28 95 19 34 64 15 79 76 98 58 31 13 51 88 92 71 11 2 20 
Coste: 1707179859
Temperatura: 3.751637683142278E8
Probabilidad de aceptación: 1.0
Movimiento: SI



ITERACION 20
Solucion:    41 14 12 82 91 83 87 59 35 40 93 33 62 36 68 67 56 9 16 75 20 21 44 55 66 90 50 24 26 99 89 22 65 46 37 57 72 85 45 6 18 47 81 25 8 77 32 43 63 17 27 0 96 73 23 78 49 29 4 10 30 39 38 1 84 61 42 94 52 74 5 97 69 86 48 53 70 7 54 60 3 80 28 95 19 34 64 15 79 76 98 58 31 13 51 88 92 71 11 2 
Coste: 1727973639
Temperatura: 3.376473914828051E8
Probabilidad de aceptación: 1.0
Movimiento: SI



ITERACION 21
Solucion:    21 41 14 12 82 91 83 87 59 35 40 93 33 62 36 68 67 56 9 16 75 2 20 44 55 66 90 50 24 26 99 89 22 65 46 37 57 72 85 45 6 18 47 81 25 8 77 32 43 63 17 27 0 96 73 23 78 49 29 4 10 30 39 38 1 84 61 42 94 52 74 5 97 69 86 48 53 70 7 54 60 3 80 28 95 19 34 64 15 79 76 98 58 31 13 51 88 92 71 11 
Coste: 1724881077
Temperatura: 3.038826523345246E8
Probabilidad de aceptación: 1.0
Movimiento: SI



ITERACION 22
Solucion:    20 21 41 14 12 82 91 83 87 59 35 40 93 33 62 36 68 67 56 9 16 75 11 2 44 55 66 90 50 24 26 99 89 22 65 46 37 57 72 85 45 6 18 47 81 25 8 77 32 43 63 17 27 0 96 73 23 78 49 29 4 10 30 39 38 1 84 61 42 94 52 74 5 97 69 86 48 53 70 7 54 60 3 80 28 95 19 34 64 15 79 76 98 58 31 13 51 88 92 71 
Coste: 1690574192
Temperatura: 2.7349438710107213E8
Probabilidad de aceptación: 1.0
Movimiento: SI



ITERACION 23
Solucion:    2 20 21 41 14 12 91 83 82 87 59 35 40 93 33 62 36 68 67 56 9 16 75 71 11 44 55 66 90 50 24 26 99 89 22 65 46 37 57 72 85 45 6 18 47 81 25 8 77 32 43 63 27 17 0 96 73 23 78 49 29 4 10 30 39 38 1 84 61 42 94 52 74 5 97 69 86 48 53 70 7 54 60 3 80 28 95 19 34 64 15 79 76 98 58 31 13 51 88 92 
Coste: 1685363509
Temperatura: 2.4614494839096493E8
Probabilidad de aceptación: 1.0
Movimiento: SI



ITERACION 24
Solucion:    11 2 20 21 41 14 12 91 83 82 87 35 59 40 93 33 62 36 68 67 56 9 16 75 92 71 44 55 66 90 50 24 26 99 89 22 65 46 37 57 72 85 45 6 18 47 81 25 8 77 32 43 63 27 17 0 96 73 23 78 49 29 4 10 30 39 38 1 84 61 42 94 52 74 5 97 69 86 48 53 70 7 54 60 3 80 28 95 19 34 64 15 79 76 98 58 31 13 51 88 
Coste: 1636865189
Temperatura: 2.2153045355186844E8
Probabilidad de aceptación: 1.0
Movimiento: SI



ITERACION 25
Solucion:    71 11 2 20 21 41 14 12 91 83 82 87 35 59 40 93 33 62 36 68 67 56 9 16 75 88 92 44 55 66 90 50 24 26 99 89 22 65 46 37 57 72 85 45 6 18 47 81 25 8 77 32 43 63 27 17 0 96 73 23 78 49 29 4 10 30 39 38 1 84 61 42 94 52 74 5 97 69 86 48 53 70 7 54 60 3 80 28 95 19 34 64 15 79 76 98 58 31 13 51 
Coste: 1601264653
Temperatura: 1.993774081966816E8
Probabilidad de aceptación: 1.0
Movimiento: SI



ITERACION 26
Solucion:    92 71 11 2 20 21 41 14 12 91 83 82 87 35 59 40 93 33 62 36 68 67 56 9 16 75 51 88 44 55 66 90 50 24 26 99 89 22 65 46 37 57 72 45 85 6 18 47 81 25 8 77 32 43 63 27 17 0 96 73 23 78 49 29 4 10 30 39 38 1 84 61 42 94 52 74 5 97 69 86 48 53 70 7 54 60 3 80 28 95 19 34 64 15 79 76 98 58 31 13 
Coste: 1585377248
Temperatura: 1.7943966737701344E8
Probabilidad de aceptación: 1.0
Movimiento: SI



ITERACION 27
Solucion:    88 92 71 11 2 20 21 41 14 12 91 83 82 87 35 59 40 93 33 62 36 68 67 9 56 16 75 13 51 44 55 66 90 50 24 26 99 89 22 65 46 37 57 72 45 85 6 18 47 81 25 8 77 32 43 27 63 17 0 96 73 23 78 49 29 4 10 30 39 38 1 84 61 42 94 52 74 5 97 69 86 48 53 70 7 54 60 3 80 28 95 19 34 64 15 79 76 98 58 31 
Coste: 1613144014
Temperatura: 1.6149570063931212E8
Probabilidad de aceptación: 1.0
Movimiento: SI



ITERACION 28
Solucion:    51 88 92 71 11 2 20 21 41 14 12 91 83 82 87 35 59 40 93 33 62 36 68 67 9 56 16 75 31 13 44 55 66 90 50 24 26 99 89 22 65 46 37 57 72 45 6 85 18 47 81 25 8 77 32 43 27 63 17 0 96 73 23 78 49 29 10 4 30 39 38 1 84 61 42 94 52 74 5 97 69 86 48 53 70 7 54 60 3 80 28 95 19 34 64 15 79 76 98 58 
Coste: 1592932679
Temperatura: 1.4534613057538092E8
Probabilidad de aceptación: 1.0
Movimiento: SI



ITERACION 29
Solucion:    13 51 88 92 71 11 2 20 41 21 14 12 91 82 83 87 35 59 40 93 33 62 36 68 67 9 56 16 75 58 31 44 55 66 90 50 24 26 99 89 22 65 46 37 57 72 45 6 85 18 47 81 25 8 77 32 43 27 63 17 0 96 73 23 78 49 29 10 4 30 39 38 1 84 61 42 94 52 74 5 97 69 86 48 53 70 7 54 60 3 80 28 95 19 34 64 15 79 76 98 
Coste: 1625864029
Temperatura: 1.3081151751784283E8
Probabilidad de aceptación: 1.0
Movimiento: SI



ITERACION 30
Solucion:    31 13 51 88 92 71 11 2 20 41 21 14 12 91 82 83 87 35 59 40 93 62 33 36 68 67 9 56 16 75 98 58 44 55 66 90 50 24 26 89 99 22 65 46 37 57 72 45 6 85 18 47 81 25 8 77 32 43 27 63 17 0 96 73 78 23 49 29 10 4 30 39 38 1 61 84 42 94 52 74 5 97 69 86 48 53 70 7 54 60 3 80 28 95 19 34 64 15 79 76 
Coste: 1639538403
Temperatura: 1.1773036576605855E8
Probabilidad de aceptación: 1.0
Movimiento: SI



ITERACION 31
Solucion:    58 31 13 51 88 71 11 92 2 41 20 21 12 14 91 82 83 87 35 59 40 93 62 33 36 68 67 9 56 16 75 76 98 44 55 66 90 50 24 26 89 99 22 65 46 37 57 72 45 6 85 18 81 47 25 8 77 32 43 27 63 17 0 96 73 78 23 49 29 10 4 30 39 38 1 61 84 42 94 74 52 5 97 69 86 48 53 70 7 54 60 3 80 28 95 19 34 64 15 79 
Coste: 1633845042
Temperatura: 1.059573291894527E8
Probabilidad de aceptación: 1.0
Movimiento: SI



ITERACION 32
Solucion:    98 31 58 13 51 88 71 11 92 2 41 20 21 12 14 91 82 83 87 35 59 40 93 62 33 36 68 67 9 56 16 75 15 76 44 55 66 90 50 24 26 89 99 22 65 46 37 57 72 45 6 85 18 81 47 25 8 77 32 43 27 63 17 0 96 73 78 23 49 29 10 4 30 39 38 1 61 84 42 94 74 52 5 97 69 86 48 53 70 7 54 60 3 80 28 95 19 34 64 79 
Coste: 1661322661
Temperatura: 9.536159627050743E7
Probabilidad de aceptación: 0.8640682038891707
Movimiento: NO



ITERACION 33
Solucion:    76 98 31 58 51 13 88 71 11 92 2 41 20 21 12 14 91 82 83 87 35 59 40 93 62 33 36 68 67 9 56 16 75 79 15 44 55 66 90 50 24 26 89 99 22 65 46 37 57 72 45 6 85 18 81 47 25 8 77 32 27 43 63 17 0 96 73 78 23 49 29 10 4 30 39 38 1 61 84 42 94 74 52 5 97 69 86 48 53 70 7 54 60 3 80 28 95 19 34 64 
Coste: 1682800687
Temperatura: 8.582543664345668E7
Probabilidad de aceptación: 1.0
Movimiento: SI



ITERACION 34
Solucion:    15 76 98 31 58 51 13 88 71 11 92 2 41 20 21 12 14 91 82 83 87 35 59 40 93 62 33 36 68 67 9 56 16 75 64 79 44 55 66 90 50 24 26 89 99 22 65 46 37 57 72 45 6 85 18 81 47 25 8 77 32 27 43 63 17 0 96 73 78 23 49 29 10 4 30 39 38 1 61 84 42 94 74 52 5 97 69 86 48 53 70 7 54 60 3 80 28 95 19 34 
Coste: 1677891397
Temperatura: 7.724289297911102E7
Probabilidad de aceptación: 1.0
Movimiento: SI



ITERACION 35
Solucion:    79 15 76 98 31 51 58 13 88 71 11 92 2 41 20 21 12 14 91 82 83 87 35 59 40 93 33 62 36 67 68 9 56 16 75 34 64 44 55 66 90 50 24 26 89 99 22 65 46 37 57 72 45 6 85 81 18 47 25 8 77 32 27 43 63 17 0 73 78 96 23 49 29 10 4 30 39 38 1 61 84 42 94 74 52 5 97 69 86 48 53 70 7 54 60 3 80 28 95 19 
Coste: 1656389111
Temperatura: 6.951860368119992E7
Probabilidad de aceptación: 1.0
Movimiento: SI



ITERACION 36
Solucion:    79 64 15 76 98 31 51 58 13 88 71 11 92 41 2 20 21 12 14 91 82 83 87 35 59 40 93 33 62 36 67 68 9 56 16 75 19 34 44 55 66 90 50 24 26 89 99 22 65 46 37 57 72 45 6 85 81 18 47 25 8 77 32 27 43 63 17 0 73 78 96 23 49 29 10 4 30 39 38 1 61 84 42 94 74 52 5 97 69 86 48 53 70 7 54 60 3 80 28 95 
Coste: 1652422870
Temperatura: 6.256674331307993E7
Probabilidad de aceptación: 1.0
Movimiento: SI



ITERACION 37
Solucion:    34 79 64 15 76 98 31 51 58 13 88 71 11 92 41 2 21 20 12 14 91 83 82 87 35 59 40 93 33 62 36 67 68 9 56 16 75 95 19 44 55 66 90 50 24 26 89 99 22 65 46 37 57 45 72 6 85 81 18 47 25 8 77 32 27 43 63 17 0 73 78 96 23 49 29 10 4 30 39 38 1 61 84 42 94 74 52 97 5 69 86 48 53 70 7 54 60 3 80 28 
Coste: 1628710032
Temperatura: 5.631006898177194E7
Probabilidad de aceptación: 1.0
Movimiento: SI



ITERACION 38
Solucion:    19 79 34 64 15 76 98 31 51 58 13 88 71 11 92 41 2 21 20 12 14 91 83 82 87 35 59 40 93 33 36 62 67 68 9 56 16 75 28 95 44 55 66 90 50 24 26 89 99 22 65 46 37 57 45 72 6 85 81 18 47 25 8 77 32 27 43 63 17 0 73 78 96 23 49 29 10 4 30 39 38 1 61 84 42 94 74 52 97 5 69 86 48 53 70 7 54 60 3 80 
Coste: 1641333666
Temperatura: 5.067906208359475E7
Probabilidad de aceptación: 1.0
Movimiento: SI



ITERACION 39
Solucion:    95 79 19 34 64 76 15 98 31 51 58 88 71 13 11 92 41 2 21 20 12 14 91 83 82 87 35 59 40 93 33 36 62 67 68 9 56 16 75 80 28 44 55 66 90 50 24 26 89 99 22 65 46 37 57 45 72 6 85 81 18 47 25 8 77 32 27 43 63 17 0 73 78 23 96 49 29 10 4 30 39 1 38 61 84 42 94 74 52 97 5 69 86 53 48 70 7 54 60 3 
Coste: 1602243305
Temperatura: 4.5611155875235274E7
Probabilidad de aceptación: 1.0
Movimiento: SI



ITERACION 40
Solucion:    28 95 79 19 34 64 76 15 98 31 51 58 88 71 13 11 92 41 2 21 20 12 14 91 83 82 87 35 59 40 93 36 33 62 67 68 9 56 16 75 3 80 44 55 66 90 50 24 26 89 99 22 65 46 37 45 57 72 6 85 81 18 47 25 8 77 32 27 43 63 17 0 73 78 23 96 49 29 10 4 30 39 1 38 61 84 42 94 74 52 97 5 69 86 53 48 70 7 54 60 
Coste: 1602906635
Temperatura: 4.105004028771175E7
Probabilidad de aceptación: 1.0
Movimiento: SI



ITERACION 41
Solucion:    28 80 95 79 19 34 64 76 15 98 31 51 58 88 71 13 11 92 41 2 21 20 12 14 91 83 82 87 35 59 40 93 36 33 62 67 68 9 56 16 75 60 3 44 55 66 90 50 24 26 89 99 22 65 46 37 45 57 72 6 85 81 18 47 25 8 77 32 27 43 63 17 0 73 78 23 96 49 29 10 4 30 39 1 38 61 84 42 94 74 52 97 5 69 86 53 48 70 7 54 
Coste: 1660096281
Temperatura: 3.694503625894057E7
Probabilidad de aceptación: 1.0
Movimiento: SI



ITERACION 42
Solucion:    3 28 95 79 80 19 34 64 76 15 98 31 51 58 88 71 11 13 92 41 2 21 20 12 14 91 83 82 87 35 59 40 93 36 33 62 67 68 9 56 16 75 54 60 44 55 66 90 50 24 26 89 99 22 65 46 37 45 57 72 6 85 81 18 47 25 8 77 32 27 43 63 17 73 0 23 96 49 78 29 10 4 30 39 1 38 61 84 42 94 74 52 97 5 69 86 53 48 70 7 
Coste: 1652613258
Temperatura: 3.3250532633046515E7
Probabilidad de aceptación: 1.0
Movimiento: SI



ITERACION 43
Solucion:    60 28 95 3 79 19 80 34 64 76 15 98 31 51 58 88 71 11 92 41 13 2 21 20 12 14 91 83 82 87 35 59 40 93 36 33 62 67 9 68 56 16 75 7 54 44 55 66 90 50 24 26 89 99 22 65 46 37 45 57 72 6 85 81 18 47 25 8 77 32 27 43 63 17 73 0 23 96 49 29 78 10 4 30 39 1 38 61 84 42 94 74 52 97 5 69 86 53 48 70 
Coste: 1657237855
Temperatura: 2.9925479369741865E7
Probabilidad de aceptación: 1.0
Movimiento: SI



ITERACION 44
Solucion:    60 28 54 95 79 19 80 3 34 64 76 15 98 31 51 58 88 71 11 92 41 13 2 21 20 12 14 91 83 82 87 35 59 40 93 36 33 62 67 9 68 56 16 75 70 7 44 55 66 90 50 24 26 89 99 22 65 46 37 45 57 72 6 85 81 18 47 25 8 77 32 27 43 63 17 73 0 23 96 49 29 10 78 4 30 39 1 38 61 84 42 94 74 52 97 5 69 86 53 48 
Coste: 1614087078
Temperatura: 2.6932931432767678E7
Probabilidad de aceptación: 1.0
Movimiento: SI



ITERACION 45
Solucion:    7 60 28 54 95 79 19 80 3 64 76 34 15 98 51 31 58 88 71 11 92 41 13 2 21 20 14 12 91 83 82 35 87 59 40 93 36 33 62 67 9 68 56 16 75 48 70 44 55 66 90 50 24 26 99 89 22 65 46 37 45 57 72 6 85 81 18 47 25 8 77 32 27 43 63 17 73 0 23 96 49 29 10 78 4 30 39 1 38 61 84 42 94 74 97 52 5 69 86 53 
Coste: 1646133784
Temperatura: 2.4239638289490912E7
Probabilidad de aceptación: 1.0
Movimiento: SI



ITERACION 46
Solucion:    70 7 28 60 54 95 79 19 80 3 64 76 15 34 98 51 31 58 88 71 11 92 41 13 2 21 20 14 12 91 83 82 35 87 59 40 93 36 33 62 67 9 68 56 16 75 53 48 44 55 66 50 90 24 26 99 89 22 65 46 37 45 57 72 6 85 81 18 47 25 8 77 32 27 43 17 73 63 0 23 96 49 29 10 78 4 30 39 1 38 61 84 94 42 74 97 52 5 69 86 
Coste: 1602817409
Temperatura: 2.1815674460541822E7
Probabilidad de aceptación: 1.0
Movimiento: SI



ITERACION 47
Solucion:    70 7 28 48 60 95 54 79 19 80 64 76 3 15 34 98 51 58 31 88 71 11 92 41 13 2 21 20 14 12 91 83 82 35 87 59 40 93 36 33 62 67 9 68 56 16 75 86 53 44 55 66 50 24 90 26 99 89 22 65 46 37 45 57 72 6 85 81 18 47 25 8 77 32 43 17 73 27 63 0 23 96 49 29 10 78 4 39 30 1 38 61 84 94 42 74 97 52 5 69 
Coste: 1613694261
Temperatura: 1.963410701448764E7
Probabilidad de aceptación: 1.0
Movimiento: SI



ITERACION 48
Solucion:    53 70 7 28 60 95 48 79 54 19 64 80 76 3 15 34 98 51 58 31 88 71 11 41 92 13 2 21 20 14 91 12 83 82 35 59 87 40 93 36 33 62 67 9 68 56 16 75 69 86 44 55 66 50 24 26 90 99 22 89 65 46 45 37 57 72 6 85 81 18 47 25 8 77 43 32 17 73 63 0 23 27 96 49 29 10 78 4 39 30 1 38 61 84 94 42 74 97 52 5 
Coste: 1617543811
Temperatura: 1.7670696313038874E7
Probabilidad de aceptación: 1.0
Movimiento: SI



ITERACION 49
Solucion:    53 86 70 28 7 95 60 79 48 54 19 64 76 80 3 15 34 98 51 58 31 88 71 41 11 92 13 2 21 20 14 91 12 83 82 35 59 87 40 93 36 33 62 67 9 68 56 16 75 5 69 44 55 66 24 50 26 99 22 89 90 65 46 45 37 57 72 6 85 81 18 47 25 8 77 43 32 17 73 63 0 23 27 96 29 49 10 78 4 39 30 1 38 61 84 94 42 74 97 52 
Coste: 1600194573
Temperatura: 1.5903626681734987E7
Probabilidad de aceptación: 1.0
Movimiento: SI



ITERACION 50
Solucion:    53 86 69 70 28 95 7 79 60 48 19 64 76 54 80 3 15 34 98 51 58 31 88 71 41 11 92 13 2 21 20 14 91 12 83 35 82 59 87 40 93 36 33 62 67 9 68 56 16 75 52 5 44 55 24 66 26 50 22 99 89 90 65 46 45 37 57 72 85 6 81 18 47 25 77 43 8 32 17 73 63 0 23 27 96 29 49 78 10 4 39 30 1 38 61 84 94 42 74 97 
Coste: 1606439603
Temperatura: 1.4313264013561489E7
Probabilidad de aceptación: 1.0
Movimiento: SI



ITERACION 51
Solucion:    53 86 69 70 28 95 7 79 60 5 48 19 64 76 54 80 3 15 34 98 51 58 31 88 71 41 11 92 13 2 21 20 14 91 12 83 35 82 59 87 40 93 36 33 62 67 9 68 56 16 75 97 52 44 55 24 66 26 50 22 99 89 90 65 46 45 37 57 72 85 6 81 18 47 25 77 43 32 8 17 73 63 23 0 27 96 29 49 78 4 10 39 30 1 38 61 84 94 42 74 
Coste: 1606602516
Temperatura: 1.288193761220534E7
Probabilidad de aceptación: 1.0
Movimiento: SI



ITERACION 52
Solucion:    52 53 69 86 70 28 95 79 7 60 5 19 64 48 54 76 3 80 15 34 98 51 58 31 88 71 41 11 92 13 21 20 2 14 12 91 83 35 82 59 87 40 93 36 33 62 67 68 9 56 16 75 42 97 44 55 24 66 50 26 22 99 89 90 65 46 45 37 57 72 85 6 81 18 47 25 77 43 32 8 17 73 63 23 0 27 29 96 49 78 4 10 39 30 1 38 61 84 94 74 
Coste: 1584956863
Temperatura: 1.1593743850984806E7
Probabilidad de aceptación: 0.6154298538490511
Movimiento: NO



ITERACION 53
Solucion:    97 52 53 69 86 70 28 95 79 7 60 19 64 5 48 54 76 3 80 15 34 51 98 31 58 88 71 41 11 92 21 13 20 2 12 14 91 83 35 82 59 87 40 93 36 33 62 68 67 9 16 56 75 94 42 44 55 24 66 50 26 22 99 89 90 65 46 45 37 72 57 6 85 81 18 47 25 77 43 32 8 17 73 63 23 27 29 0 96 49 78 4 10 30 39 1 38 61 84 74 
Coste: 1563371333
Temperatura: 1.0434369465886327E7
Probabilidad de aceptación: 0.5443206266410416
Movimiento: NO



ITERACION 54
Solucion:    42 52 97 69 53 86 70 28 95 79 60 7 19 64 5 54 48 76 3 80 15 34 51 31 98 58 88 71 41 11 92 21 13 20 12 2 14 91 83 35 82 59 87 40 93 33 62 36 68 67 16 9 56 75 84 94 44 55 24 66 50 26 22 99 90 89 65 46 45 37 57 72 6 85 81 18 47 25 77 43 32 8 73 17 23 63 27 29 0 96 49 78 4 10 30 39 1 61 38 74 
Coste: 1561693192
Temperatura: 9390932.519297695
Probabilidad de aceptación: 0.49655768909440917
Movimiento: NO



ITERACION 55
Solucion:    94 42 52 97 69 53 86 70 95 28 79 60 19 7 64 5 54 76 3 80 15 34 48 51 31 58 98 88 71 41 92 21 11 20 12 2 13 14 91 83 35 82 59 87 93 40 33 62 68 36 16 67 9 56 75 38 84 44 55 24 66 50 26 22 90 99 89 65 46 45 57 37 72 6 85 81 18 47 77 25 43 32 8 73 17 23 63 27 29 0 96 49 78 4 30 10 39 1 61 74 
Coste: 1551168275
Temperatura: 8451839.267367925
Probabilidad de aceptación: 0.08463701595154687
Movimiento: NO



ITERACION 56
Solucion:    84 42 94 52 69 53 86 70 95 28 79 60 19 97 7 64 54 5 76 3 15 34 80 51 48 31 58 88 98 71 92 41 21 11 12 20 13 2 14 91 35 82 83 59 93 87 40 62 33 68 16 36 67 9 56 75 74 38 44 55 24 66 50 26 90 22 99 89 65 46 57 37 45 72 85 6 81 18 47 77 25 32 43 8 73 17 23 63 27 29 96 0 49 78 4 30 10 39 61 1 
Coste: 1520731162
Temperatura: 7606655.340631133
Probabilidad de aceptación: 1.0
Movimiento: SI



ITERACION 57
Solucion:    38 84 42 94 52 69 86 70 53 95 28 79 19 97 60 7 64 54 5 3 15 76 34 80 51 31 58 88 98 71 92 41 48 21 11 12 20 13 2 14 35 91 83 82 93 59 40 62 87 33 16 68 36 67 9 56 75 1 74 44 55 24 66 50 90 26 99 22 89 65 46 57 37 45 72 85 6 81 18 47 77 25 43 32 8 73 23 17 27 29 63 96 0 49 78 30 4 10 61 39 
Coste: 1508686560
Temperatura: 6845989.80656802
Probabilidad de aceptación: 1.0
Movimiento: SI



ITERACION 58
Solucion:    74 38 84 42 94 52 69 86 70 95 53 28 19 97 79 60 7 54 64 3 5 15 34 76 51 80 31 58 88 71 92 41 48 21 98 11 12 13 20 2 14 35 91 83 93 82 40 62 87 33 59 16 68 36 67 9 56 75 39 1 44 55 66 50 90 24 99 22 89 65 26 46 57 37 45 72 85 81 6 18 47 77 25 43 32 8 23 73 17 27 29 63 96 0 49 78 30 4 10 61 
Coste: 1504756005
Temperatura: 6161390.825911218
Probabilidad de aceptación: 1.0
Movimiento: SI



ITERACION 59
Solucion:    74 38 84 42 1 52 94 86 70 95 69 28 19 97 53 79 60 7 54 64 3 5 15 34 76 51 80 31 88 58 71 92 41 48 21 11 98 12 13 20 2 35 91 83 14 93 82 40 62 33 87 16 59 68 36 67 9 56 75 10 39 44 55 66 90 50 24 99 22 89 65 26 57 46 37 45 72 85 81 6 18 47 25 43 32 77 23 73 8 17 27 29 63 96 0 49 78 30 4 61 
Coste: 1487709702
Temperatura: 5545251.743320096
Probabilidad de aceptación: 0.06120249570837742
Movimiento: NO



ITERACION 60
Solucion:    74 38 84 42 39 52 1 94 86 70 95 69 19 97 28 53 79 60 7 54 64 3 15 34 5 76 51 80 88 31 71 92 41 58 48 21 11 98 12 13 20 35 91 2 83 14 93 40 62 33 82 87 16 59 68 36 67 9 56 75 61 10 55 66 90 50 44 24 99 22 89 65 57 26 46 37 45 72 85 81 6 18 47 25 43 32 23 73 77 8 17 27 63 29 96 0 49 78 30 4 
Coste: 1472773827
Temperatura: 4990726.568988087
Probabilidad de aceptación: 1.0
Movimiento: SI



ITERACION 61
Solucion:    74 10 38 84 42 52 1 94 86 70 95 69 19 97 39 28 53 79 7 60 54 3 15 64 34 76 51 80 88 31 71 92 41 5 58 21 48 11 98 12 13 35 20 91 83 14 93 2 62 33 40 82 87 16 59 68 36 67 9 56 75 4 61 55 90 66 50 44 99 22 89 65 57 24 26 46 37 45 72 85 81 6 18 25 43 47 32 23 73 77 8 27 63 29 96 0 17 78 30 49 
Coste: 1449540742
Temperatura: 4491653.912089278
Probabilidad de aceptación: 1.0
Movimiento: SI



ITERACION 62
Solucion:    74 10 38 84 42 52 1 94 86 70 95 69 19 61 97 39 28 79 53 7 60 54 3 15 64 34 51 76 88 80 71 31 92 41 5 58 21 11 48 98 12 13 35 91 20 14 83 93 2 33 62 40 82 87 59 68 36 16 9 56 75 67 49 4 55 90 66 50 44 99 22 89 65 57 24 46 26 37 45 85 81 72 6 18 43 47 32 23 73 25 77 8 63 27 29 96 17 78 0 30 
Coste: 1443100902
Temperatura: 4042488.5208803504
Probabilidad de aceptación: 1.0
Movimiento: SI



ITERACION 63
Solucion:    74 4 38 84 42 52 1 94 86 70 95 69 19 10 61 39 28 79 53 7 60 97 3 54 15 34 51 76 88 80 64 71 31 92 41 5 58 21 11 98 12 13 35 91 48 20 14 83 93 2 33 62 40 87 59 82 36 68 9 56 16 75 67 0 49 55 66 90 50 44 99 22 89 65 57 46 24 26 37 85 81 45 72 6 18 43 47 32 23 73 25 77 8 63 27 29 17 96 78 30 
Coste: 1411346728
Temperatura: 3638239.6687923153
Probabilidad de aceptación: 0.47901821390383786
Movimiento: NO



ITERACION 64
Solucion:    74 49 38 84 42 52 1 94 86 70 95 69 19 10 61 4 28 39 79 7 53 97 60 54 3 15 51 34 76 88 80 64 71 31 92 41 5 21 58 11 98 12 13 35 91 20 14 48 83 93 2 33 40 62 87 59 36 82 9 56 68 16 75 67 96 0 55 66 90 50 99 44 22 89 65 46 24 26 37 85 81 45 72 57 6 18 43 47 32 23 73 77 25 8 63 27 17 29 78 30 
Coste: 1399607327
Temperatura: 3274415.701913084
Probabilidad de aceptación: 0.03884834798470931
Movimiento: NO



ITERACION 65
Solucion:    74 49 38 84 0 42 52 94 86 70 95 69 19 1 10 61 28 4 79 39 7 53 97 60 54 15 51 34 76 88 80 3 71 64 31 92 41 21 5 11 58 98 12 35 13 91 20 14 48 83 2 93 40 33 62 87 59 36 9 56 82 16 68 75 67 78 55 96 66 90 50 99 44 22 89 46 65 26 37 85 24 81 45 72 6 57 43 18 47 32 23 73 77 8 63 25 27 17 29 30 
Coste: 1380798755
Temperatura: 2946974.1317217755
Probabilidad de aceptación: 6.29619881250837E-5
Movimiento: NO



ITERACION 66
Solucion:    74 49 38 84 0 42 52 94 86 70 95 69 19 55 1 10 28 61 79 39 4 7 53 97 60 15 51 34 76 88 80 3 54 71 31 64 92 41 21 5 11 58 98 12 35 13 91 20 14 48 83 2 93 33 40 62 59 36 87 9 56 82 16 68 75 67 29 78 96 66 90 99 50 22 44 89 46 26 65 37 85 24 45 72 6 81 43 18 47 57 32 73 77 23 8 63 25 27 17 30 
Coste: 1376591783
Temperatura: 2652276.718549598
Probabilidad de aceptación: 0.02400728830400638
Movimiento: NO



ITERACION 67
Solucion:    74 49 38 84 0 42 52 94 86 70 95 69 19 55 1 10 28 61 79 39 4 7 78 97 53 15 51 34 76 88 80 3 60 71 31 54 92 41 21 64 11 58 5 98 12 35 91 20 14 48 83 13 93 33 40 2 59 36 62 87 56 9 82 16 68 67 75 27 29 96 66 90 99 50 22 44 46 26 65 37 85 24 45 89 72 6 43 81 47 57 18 32 73 77 23 8 63 25 17 30 
Coste: 1371768881
Temperatura: 2387049.046694638
Probabilidad de aceptación: 0.005666860994058561
Movimiento: NO



ITERACION 68
Solucion:    29 74 38 84 49 42 52 94 86 70 95 69 19 55 1 0 10 28 79 61 39 4 78 7 97 15 51 34 76 88 80 53 3 71 31 60 92 41 21 54 11 58 5 98 64 12 35 91 20 14 48 83 13 33 40 93 2 36 59 62 56 9 82 87 16 68 67 75 25 27 96 66 90 50 99 22 46 44 26 37 65 85 24 45 72 6 43 89 47 57 81 18 73 32 77 23 8 63 17 30 
Coste: 1350880054
Temperatura: 2148344.1420251746
Probabilidad de aceptación: 0.0027514080317154375
Movimiento: NO



ITERACION 69
Solucion:    29 74 38 84 49 42 52 94 86 70 95 69 19 27 1 55 10 28 79 0 39 61 4 78 97 15 51 34 76 88 7 80 3 71 53 31 60 92 21 41 11 58 54 5 98 12 35 91 64 20 48 14 13 83 33 40 2 93 36 62 56 9 82 59 87 68 16 75 67 63 25 96 66 90 99 50 22 46 26 37 44 85 24 65 45 72 43 6 47 89 57 81 18 73 32 77 23 8 17 30 
Coste: 1356146192
Temperatura: 1933509.7278226572
Probabilidad de aceptación: 0.100091413235893
Movimiento: NO



ITERACION 70
Solucion:    25 74 38 84 49 42 29 94 86 52 95 70 19 69 1 55 10 28 79 27 0 61 39 4 97 15 51 34 76 88 7 80 3 71 53 31 60 78 21 41 92 11 58 54 5 12 35 98 91 64 20 14 13 83 33 40 2 93 36 62 56 9 48 59 82 87 68 16 75 67 8 63 96 66 99 90 50 46 26 37 44 85 22 24 45 72 43 65 47 89 6 57 81 18 73 32 77 23 17 30 
Coste: 1356339520
Temperatura: 1740158.7550403916
Probabilidad de aceptación: 4.753313395024323E-4
Movimiento: NO



ITERACION 71
Solucion:    25 74 38 84 49 42 29 94 86 52 95 70 19 69 1 63 55 28 79 10 27 0 61 39 4 15 51 34 76 88 7 97 3 80 71 53 60 31 21 41 92 11 58 78 54 12 35 98 5 91 64 20 13 83 33 40 2 93 36 62 56 9 48 14 59 82 87 68 75 16 67 17 8 96 99 66 50 46 26 37 44 85 90 22 24 72 45 43 47 65 89 6 57 81 18 73 32 77 23 30 
Coste: 1346137212
Temperatura: 1566142.8795363524
Probabilidad de aceptación: 1.5736829687966935E-6
Movimiento: NO



ITERACION 72
Solucion:    25 74 38 84 49 42 29 94 86 52 95 70 19 69 1 63 8 28 79 10 55 27 61 0 39 15 51 34 76 88 4 97 3 80 71 53 7 60 21 41 92 11 58 31 78 12 35 98 5 91 64 20 13 83 33 40 2 93 36 62 56 9 54 48 14 59 87 82 68 75 16 67 32 17 96 99 50 46 66 37 26 85 90 44 22 72 45 43 47 24 65 89 57 81 6 18 73 77 23 30 
Coste: 1342299439
Temperatura: 1409528.5915827171
Probabilidad de aceptación: 0.005474518159471113
Movimiento: NO



ITERACION 73
Solucion:    25 74 38 84 49 42 17 94 86 52 95 70 19 29 1 63 69 28 79 10 8 55 27 61 0 15 51 34 76 88 4 97 39 3 80 71 53 60 21 41 92 11 58 31 7 12 35 98 5 91 78 64 13 83 33 40 2 93 36 20 56 9 62 54 48 14 59 82 87 68 75 16 67 18 32 96 50 46 99 37 26 85 90 66 44 72 45 22 43 47 24 89 57 65 81 6 73 77 23 30 
Coste: 1329322789
Temperatura: 1268575.7324244455
Probabilidad de aceptación: 0.001707463984095441
Movimiento: NO



ITERACION 74
Solucion:    32 74 38 84 49 42 25 94 86 52 95 70 19 29 17 63 69 1 79 28 8 55 27 61 0 15 51 34 76 88 4 97 39 3 80 71 10 60 21 41 92 11 58 53 7 12 35 98 5 91 78 64 31 13 33 83 40 2 93 36 20 56 62 54 48 14 9 82 87 68 75 16 67 18 81 59 96 46 50 99 37 26 90 66 44 85 45 22 43 72 24 89 57 65 47 6 73 77 23 30 
Coste: 1311778639
Temperatura: 1141718.159182001
Probabilidad de aceptación: 2.6437304156861563E-5
Movimiento: NO



ITERACION 75
Solucion:    32 74 38 84 49 42 59 94 86 52 95 70 19 25 29 63 17 69 79 1 8 55 27 61 0 15 28 34 76 88 4 97 39 3 80 71 10 60 21 41 92 51 58 53 7 12 35 98 5 91 78 64 11 31 13 33 83 40 93 2 20 36 62 54 48 14 9 82 87 68 75 16 67 18 56 77 81 96 50 46 37 99 26 66 90 44 45 22 43 85 24 89 57 65 47 6 73 72 23 30 
Coste: 1294095374
Temperatura: 1027546.3432638008
Probabilidad de aceptación: 5.471295833390102E-10
Movimiento: NO



ITERACION 76
Solucion:    81 74 38 84 32 42 49 94 86 52 95 70 19 25 59 29 17 63 69 79 8 55 27 61 0 15 28 34 76 88 4 97 39 3 80 71 10 60 21 41 92 51 58 1 7 12 35 98 5 91 78 64 11 53 31 33 13 40 93 83 20 36 62 54 48 14 9 82 87 68 75 16 67 18 2 56 85 96 77 46 37 50 99 66 26 90 44 22 43 45 24 89 57 65 47 6 73 72 23 30 
Coste: 1282029826
Temperatura: 924791.7089374207
Probabilidad de aceptación: 5.405761909317224E-5
Movimiento: NO



ITERACION 77
Solucion:    81 74 38 84 32 42 49 94 86 52 95 70 19 96 25 59 17 29 63 69 79 55 8 27 0 15 28 34 76 88 4 97 39 3 80 61 71 10 21 41 92 60 58 51 7 12 35 98 1 91 78 64 5 11 53 31 33 13 40 93 20 83 62 54 48 14 36 82 87 68 75 16 67 18 9 2 56 73 85 77 46 37 50 66 99 90 26 22 43 44 24 89 57 65 47 6 45 72 23 30 
Coste: 1257807954
Temperatura: 832312.5380436787
Probabilidad de aceptación: 1.5973642092386317E-6
Movimiento: NO



ITERACION 78
Solucion:    85 74 81 84 38 42 32 94 86 52 95 70 19 96 49 25 59 29 17 63 79 55 8 27 0 15 28 34 76 88 4 97 39 3 80 61 71 10 21 41 92 60 58 69 7 12 35 98 51 91 78 64 1 5 11 53 33 13 40 31 20 93 62 54 48 14 36 82 87 68 75 16 67 18 83 9 2 56 43 73 46 77 50 66 99 90 26 22 37 44 24 89 57 65 47 6 45 72 23 30 
Coste: 1239267288
Temperatura: 749081.2842393109
Probabilidad de aceptación: 8.142263821550078E-14
Movimiento: NO



ITERACION 79
Solucion:    85 74 73 81 84 42 38 94 86 32 95 52 19 96 49 25 70 29 59 63 17 55 8 79 0 15 28 34 76 88 4 97 39 3 80 61 71 27 21 41 92 60 58 69 7 12 35 98 10 91 78 64 51 5 1 11 53 33 40 31 20 13 62 54 48 14 93 82 87 68 75 16 67 18 83 36 2 56 43 77 46 9 50 66 99 90 26 22 37 44 24 89 57 65 47 6 45 72 23 30 
Coste: 1223566480
Temperatura: 674173.1558153798
Probabilidad de aceptación: 1.0237157543236655E-15
Movimiento: NO



ITERACION 80
Solucion:    85 74 46 81 84 42 73 38 94 86 95 32 19 96 49 25 70 52 29 63 17 55 8 79 0 15 28 34 76 88 4 97 39 3 80 61 71 59 21 41 92 60 58 27 7 12 35 98 69 91 78 64 10 5 51 1 11 33 40 31 20 13 62 54 48 14 93 82 87 68 75 16 67 18 53 83 36 2 56 77 9 43 50 66 99 90 26 22 37 44 24 89 57 65 47 6 45 72 23 30 
Coste: 1217510452
Temperatura: 606755.8402338418
Probabilidad de aceptación: 1.0585736799662166E-21
Movimiento: NO



ITERACION 81
Solucion:    85 74 46 81 84 42 73 43 94 86 95 32 19 96 38 49 25 70 52 63 17 55 8 79 0 15 28 29 34 88 4 97 39 3 80 61 71 76 21 41 92 60 58 59 7 12 35 98 27 91 78 64 69 10 5 1 51 33 40 31 20 11 62 54 48 14 93 82 87 68 75 16 67 18 53 13 83 36 2 56 9 77 50 66 99 90 26 22 37 44 24 89 57 65 47 6 45 72 23 30 
Coste: 1201339807
Temperatura: 546080.2562104577
Probabilidad de aceptación: 5.33327151944468E-20
Movimiento: NO



ITERACION 82
Solucion:    85 74 46 81 84 42 73 43 94 86 95 32 19 50 38 49 96 70 52 63 17 25 8 79 0 15 28 55 34 88 4 29 39 3 80 61 71 76 21 41 92 60 58 59 7 12 35 98 27 91 97 64 69 10 5 1 51 78 40 31 33 11 20 62 54 14 93 48 87 68 75 16 67 18 53 13 83 36 2 56 9 77 23 82 66 99 90 26 22 37 44 24 89 57 65 47 45 6 72 30 
Coste: 1193175993
Temperatura: 491472.2305894119
Probabilidad de aceptación: 9.033700412657188E-17
Movimiento: NO



ITERACION 83
Solucion:    85 74 46 81 84 42 73 43 94 86 95 32 19 50 38 49 96 70 52 63 17 25 82 8 79 0 28 55 34 88 4 15 29 3 39 80 61 71 21 41 76 92 60 59 58 12 35 98 7 91 27 64 69 97 5 1 51 10 40 31 33 11 78 20 62 14 93 54 87 68 75 16 67 18 53 13 83 36 2 56 9 77 48 72 23 66 99 26 90 22 37 44 24 89 57 65 45 47 6 30 
Coste: 1181683713
Temperatura: 442325.0075304707
Probabilidad de aceptación: 5.6173053172102745E-15
Movimiento: NO



ITERACION 84
Solucion:    85 74 46 81 84 42 73 43 94 86 95 32 19 23 38 49 96 70 52 50 17 63 25 8 79 0 28 55 34 88 4 15 82 3 29 80 61 71 21 41 76 92 60 59 39 12 35 98 7 91 27 64 69 97 5 1 51 10 40 31 33 11 78 20 62 14 93 54 87 68 75 16 67 18 53 13 83 36 2 56 9 77 58 48 47 66 72 99 26 90 22 44 37 24 89 57 65 45 6 30 
Coste: 1177767832
Temperatura: 398092.50677742367
Probabilidad de aceptación: 1.8337950133099294E-5
Movimiento: NO



ITERACION 85
Solucion:    85 74 46 81 84 42 73 43 94 86 95 32 19 23 38 49 96 70 52 50 17 66 63 25 79 0 28 55 34 88 4 15 8 3 82 29 80 61 71 21 41 92 76 60 59 12 35 98 7 91 39 64 69 27 5 1 51 97 40 10 33 11 31 20 62 14 93 78 87 68 54 16 75 67 53 13 83 36 2 56 9 77 18 48 58 57 47 72 26 90 99 22 44 37 24 89 65 45 6 30 
Coste: 1171958252
Temperatura: 358283.2560996813
Probabilidad de aceptación: 1.5500898030811025E-9
Movimiento: NO



ITERACION 86
Solucion:    85 74 47 81 84 42 73 46 94 86 95 32 19 23 38 49 43 70 52 50 17 96 66 25 79 0 28 55 34 88 63 15 4 3 8 29 82 80 61 21 41 92 76 71 59 12 35 98 60 91 7 39 69 27 5 1 51 97 40 10 33 11 31 64 20 14 93 78 87 68 54 16 75 67 53 13 83 36 2 56 9 77 62 18 48 57 6 58 72 26 99 90 22 44 37 24 65 89 45 30 
Coste: 1164324083
Temperatura: 322454.9304897132
Probabilidad de aceptación: 4.6375846305682046E-32
Movimiento: NO



ITERACION 87
Solucion:    85 74 47 81 84 42 73 46 94 86 95 32 19 23 38 58 49 70 52 43 17 96 66 25 79 0 28 55 34 88 63 15 4 3 8 29 82 80 61 21 41 92 76 71 59 12 35 98 60 91 7 39 69 27 5 1 51 97 40 10 33 11 31 64 20 14 93 78 87 50 54 16 75 67 53 13 83 36 2 56 9 77 68 62 48 18 57 45 72 6 26 99 90 22 44 37 65 24 89 30 
Coste: 1161777508
Temperatura: 290209.4374407419
Probabilidad de aceptación: 1.8641462422259526E-35
Movimiento: NO



ITERACION 88
Solucion:    85 74 47 81 84 42 73 46 94 86 95 32 19 23 72 38 58 70 52 49 17 96 43 66 79 0 28 55 34 88 63 15 4 3 25 8 29 82 61 21 41 92 76 80 59 12 35 71 98 91 7 39 69 27 5 1 51 60 40 10 97 11 31 33 20 14 93 64 87 50 54 16 75 67 53 13 83 36 2 56 9 77 78 68 62 48 18 57 89 45 6 26 99 22 90 44 37 65 24 30 
Coste: 1156489434
Temperatura: 261188.49369666775
Probabilidad de aceptación: 1.9797755442337964E-32
Movimiento: NO



ITERACION 89
Solucion:    85 74 47 81 84 42 73 46 94 86 95 32 19 45 23 38 58 70 52 72 17 96 49 43 66 0 28 79 55 88 34 15 4 3 25 8 29 82 61 21 41 92 76 80 59 12 35 71 63 91 7 98 69 27 5 1 51 60 40 10 97 11 39 33 31 14 93 20 87 50 54 16 75 67 53 64 13 36 2 56 9 77 83 78 68 62 48 18 57 24 89 6 26 22 90 99 44 37 65 30 
Coste: 1138872036
Temperatura: 235069.64432700098
Probabilidad de aceptación: 5.00062394487019E-26
Movimiento: NO



ITERACION 90
Solucion:    85 74 89 81 84 42 73 46 94 86 95 32 19 47 45 38 58 70 23 72 17 96 49 52 66 0 28 79 55 88 34 15 4 3 25 8 29 82 61 21 41 92 76 80 59 12 35 71 63 91 7 98 69 27 5 1 43 60 51 10 40 11 39 33 31 14 93 97 87 50 54 16 75 67 20 53 13 36 2 56 9 77 64 83 78 62 68 48 18 57 65 6 24 26 22 99 90 37 44 30 
Coste: 1129046863
Temperatura: 211562.67989430088
Probabilidad de aceptación: 2.688268987073572E-11
Movimiento: NO



ITERACION 91
Solucion:    85 74 89 81 84 42 73 46 94 86 95 32 19 47 45 38 58 70 23 72 17 96 6 49 52 0 28 79 55 88 66 15 34 4 3 25 29 8 61 21 41 92 76 82 59 12 35 71 80 91 7 98 69 27 5 1 63 60 51 10 43 11 39 40 33 14 93 31 87 50 54 16 75 67 20 53 13 36 2 56 9 77 97 64 83 78 68 62 48 57 18 44 65 24 26 22 90 37 99 30 
Coste: 1119242639
Temperatura: 190406.4119048708
Probabilidad de aceptación: 2.3461535227266175E-22
Movimiento: NO



ITERACION 92
Solucion:    85 74 65 81 84 42 73 46 94 86 95 32 19 47 45 89 58 70 23 72 17 96 38 49 6 0 28 79 52 88 55 15 34 66 4 3 29 8 61 21 41 92 76 25 59 12 35 82 71 91 7 98 69 80 5 1 27 60 63 10 51 11 43 40 33 14 93 39 87 50 54 16 75 67 20 53 13 36 2 56 9 77 31 97 64 83 78 68 48 57 18 62 99 44 26 24 90 37 22 30 
Coste: 1096406554
Temperatura: 171365.77071438372
Probabilidad de aceptación: 5.682239352177966E-28
Movimiento: NO



ITERACION 93
Solucion:    85 74 44 81 84 42 73 65 94 86 95 32 19 47 46 89 58 70 23 72 17 96 38 49 6 0 28 79 52 88 55 15 34 66 4 3 45 29 61 21 41 92 76 25 59 12 35 82 71 91 7 98 69 80 8 1 5 60 27 10 63 11 51 40 33 14 93 43 87 50 54 16 75 67 20 53 13 36 2 56 9 77 39 97 64 31 83 68 78 48 57 18 62 22 26 24 90 99 37 30 
Coste: 1082977934
Temperatura: 154229.19364294535
Probabilidad de aceptación: 1.1851595675524446E-63
Movimiento: NO



ITERACION 94
Solucion:    85 74 26 81 84 42 73 65 94 86 95 44 19 47 46 32 58 70 23 72 17 96 38 49 6 0 28 79 52 88 55 15 34 66 4 3 45 29 61 21 41 92 76 25 59 12 35 82 71 91 7 98 69 80 8 1 5 60 27 10 63 11 51 40 33 14 93 43 87 50 54 16 75 67 20 53 89 36 2 56 9 77 13 39 97 31 83 68 64 78 48 18 62 57 99 24 22 90 37 30 
Coste: 1071326430
Temperatura: 138806.27427865082
Probabilidad de aceptación: 5.722451381421538E-36
Movimiento: NO



ITERACION 95
Solucion:    85 74 26 81 84 42 73 65 94 86 95 44 19 47 46 32 58 70 24 72 17 23 96 38 6 0 28 49 79 88 52 15 55 66 34 4 3 45 61 21 41 92 76 25 29 12 35 59 71 91 7 98 69 80 8 1 5 60 27 10 82 11 51 40 33 14 93 43 87 50 54 16 75 67 63 20 53 36 2 56 9 77 89 13 39 31 97 68 64 83 78 48 62 18 57 37 99 90 22 30 
Coste: 1055351628
Temperatura: 124925.64685078574
Probabilidad de aceptación: 2.8545051053432955E-10
Movimiento: NO



ITERACION 96
Solucion:    85 74 26 81 84 42 73 65 94 86 95 44 19 47 46 32 99 70 24 72 17 23 58 38 6 0 28 49 79 88 52 15 55 66 34 96 4 3 45 21 41 92 76 25 29 12 35 59 61 91 7 98 69 80 8 1 5 60 27 10 71 11 51 40 33 14 93 43 87 50 54 16 75 67 63 20 53 36 2 56 9 77 82 13 39 31 97 68 64 83 89 48 62 18 78 57 90 37 22 30 
Coste: 1045314471
Temperatura: 112433.08216570716
Probabilidad de aceptación: 6.227930897217557E-84
Movimiento: NO



ITERACION 97
Solucion:    85 74 26 81 84 42 73 37 94 86 95 65 19 44 47 46 32 70 99 72 17 24 23 38 6 0 28 49 79 88 52 15 55 66 34 96 4 3 45 21 41 92 76 25 58 12 35 59 29 91 7 98 69 80 8 1 5 60 27 10 71 11 51 40 33 14 93 43 87 50 54 16 75 67 61 20 53 36 2 56 9 77 63 82 39 13 31 68 97 83 89 48 62 18 78 57 64 22 90 30 
Coste: 1031646143
Temperatura: 101189.77394913645
Probabilidad de aceptación: 2.347710027357757E-99
Movimiento: NO



ITERACION 98
Solucion:    85 74 26 81 84 42 73 37 94 86 95 65 19 44 47 46 32 70 99 72 17 24 23 38 6 0 28 49 79 88 52 15 55 66 34 96 4 3 45 21 41 92 76 25 90 12 35 59 29 91 7 98 69 80 8 1 5 60 27 10 71 11 51 40 33 14 93 43 87 50 54 16 75 67 61 20 53 36 2 56 9 77 63 58 82 39 31 13 97 68 83 89 48 62 78 57 64 22 18 30 
Coste: 1031434149
Temperatura: 91070.7965542228
Probabilidad de aceptación: 7.134450777113467E-55
Movimiento: NO



ITERACION 99
Solucion:    85 74 26 81 84 42 73 37 94 86 95 65 19 44 47 46 32 70 99 72 17 24 23 38 6 0 30 49 79 88 28 15 55 66 34 96 4 3 45 52 41 92 76 25 90 12 35 59 29 91 7 98 69 80 8 1 5 60 27 10 71 11 51 40 21 14 93 43 33 50 54 16 75 87 61 20 53 36 2 56 9 77 63 58 82 39 31 13 97 68 83 89 48 62 78 57 64 22 18 67 
Coste: 1017420518
Temperatura: 81963.71689880053
Probabilidad de aceptación: 1.0
Movimiento: SI



