ITERACION 0
Solucion:    28 68 14 19 76 86 8 70 72 85 64 47 6 5 53 33 3 23 15 82 18 4 29 59 90 17 83 94 57 39 91 37 26 0 2 51 55 27 20 38 46 61 35 54 66 24 21 75 45 11 62 60 10 80 74 49 71 98 7 44 79 31 36 43 32 78 88 96 13 81 40 99 52 84 67 12 69 1 58 73 30 65 56 97 42 87 89 50 9 34 16 63 95 48 77 22 93 92 41 25 
Coste: 1683541658
Temperatura: 2.5741889595E9
Probabilidad de aceptación: 1.0
Movimiento: SI



ITERACION 1
Solucion:    68 25 28 14 19 76 86 8 70 72 85 64 47 6 5 53 33 3 23 15 82 18 4 29 59 90 17 83 94 57 39 91 37 26 0 2 51 55 27 20 38 46 61 35 54 66 24 21 75 45 11 62 60 10 80 74 49 71 98 7 44 79 31 36 43 32 78 88 96 13 81 40 99 52 84 67 12 69 1 58 73 30 65 56 97 42 87 89 50 9 34 16 63 95 48 77 22 93 92 41 
Coste: 1663644060
Temperatura: 2.31677006355E9
Probabilidad de aceptación: 1.0
Movimiento: SI



ITERACION 2
Solucion:    28 68 41 25 14 19 76 86 8 70 72 85 64 47 6 5 53 33 3 23 15 82 18 4 29 59 90 17 83 94 57 39 91 37 26 0 2 51 55 27 20 38 46 61 35 54 66 24 21 75 45 11 62 60 10 80 74 49 71 98 7 44 79 31 36 43 32 78 88 96 13 81 40 99 52 84 67 12 69 1 58 73 30 65 56 97 42 87 89 50 9 34 16 63 95 48 77 22 93 92 
Coste: 1681272509
Temperatura: 2.0850930571950002E9
Probabilidad de aceptación: 1.0
Movimiento: SI



ITERACION 3
Solucion:    25 28 68 92 41 14 19 76 86 8 70 72 85 64 47 6 5 53 33 3 23 15 82 18 4 29 59 90 17 83 94 57 39 91 37 26 0 2 51 55 27 20 38 46 61 35 54 66 24 21 75 45 11 62 60 10 80 74 49 71 98 7 44 79 31 36 43 32 78 88 96 13 81 40 99 52 84 67 12 69 1 58 73 30 65 56 97 42 87 89 50 9 34 16 63 95 48 77 22 93 
Coste: 1698870769
Temperatura: 1.8765837514755E9
Probabilidad de aceptación: 1.0
Movimiento: SI



ITERACION 4
Solucion:    41 25 28 68 93 92 14 19 76 86 8 70 72 85 64 47 6 5 53 33 3 23 15 82 18 4 29 59 90 17 83 94 57 39 91 37 26 0 2 51 55 27 20 38 46 61 35 54 66 24 21 75 45 11 62 60 10 80 74 49 71 98 7 44 79 31 36 43 32 78 88 96 13 81 40 99 52 84 67 12 69 1 58 73 30 65 56 97 42 87 89 50 9 34 16 63 95 48 77 22 
Coste: 1687982141
Temperatura: 1.6889253763279502E9
Probabilidad de aceptación: 1.0
Movimiento: SI



ITERACION 5
Solucion:    92 41 25 28 68 22 93 14 19 76 86 8 70 72 85 64 47 6 5 53 33 3 23 15 82 18 4 29 59 90 17 83 94 57 39 91 37 26 0 2 51 55 27 20 38 46 61 35 54 66 24 21 75 45 11 62 60 10 80 74 49 71 98 7 44 79 31 36 43 32 78 96 88 13 81 40 99 52 84 67 12 69 1 58 73 30 65 56 97 42 87 89 50 9 34 16 63 95 48 77 
Coste: 1674265028
Temperatura: 1.5200328386951551E9
Probabilidad de aceptación: 1.0
Movimiento: SI



ITERACION 6
Solucion:    93 92 41 25 28 68 77 22 14 19 76 86 8 70 72 85 64 47 6 5 53 33 3 23 15 82 18 4 29 59 90 17 83 94 57 39 91 37 26 0 2 51 55 27 20 38 46 61 35 54 66 24 21 75 45 11 62 60 10 80 74 49 71 98 7 44 79 31 36 43 32 78 96 88 13 81 40 99 52 84 67 12 69 1 58 73 30 65 56 97 42 87 89 50 9 34 16 63 95 48 
Coste: 1654238701
Temperatura: 1.3680295548256397E9
Probabilidad de aceptación: 1.0
Movimiento: SI



ITERACION 7
Solucion:    22 93 92 41 25 28 68 48 77 14 19 76 86 8 70 72 85 64 47 6 5 53 33 3 23 15 82 18 4 29 59 90 17 83 94 57 39 91 37 26 0 2 51 27 55 20 38 46 61 35 54 66 24 21 75 45 11 62 60 10 80 74 49 71 98 7 44 79 31 36 43 32 78 96 88 13 81 40 99 52 84 67 12 69 1 58 73 30 65 56 97 42 87 89 50 9 34 16 63 95 
Coste: 1635181229
Temperatura: 1.2312265993430758E9
Probabilidad de aceptación: 1.0
Movimiento: SI



ITERACION 8
Solucion:    77 22 93 92 41 25 28 68 95 48 14 19 76 86 8 70 72 85 64 47 6 5 53 33 3 23 15 82 18 4 29 59 90 17 83 94 57 39 91 37 26 0 2 51 27 55 20 38 46 61 35 54 66 24 21 75 45 11 62 60 10 80 74 49 71 98 7 44 79 31 36 43 32 78 96 88 13 81 40 99 52 84 67 12 69 1 58 73 30 65 56 97 42 87 89 50 9 34 16 63 
Coste: 1621759377
Temperatura: 1.1081039394087682E9
Probabilidad de aceptación: 1.0
Movimiento: SI



ITERACION 9
Solucion:    48 77 22 93 92 41 25 28 68 63 95 14 19 76 86 8 70 72 85 64 47 6 5 53 33 3 23 15 82 18 4 29 59 90 17 83 94 57 39 91 37 26 0 2 51 27 55 20 38 46 61 35 54 66 24 21 75 45 11 62 60 10 80 74 49 71 98 7 44 79 31 36 43 32 78 96 88 13 81 40 99 52 84 67 12 69 1 58 73 30 65 56 97 42 87 89 50 9 34 16 
Coste: 1588534096
Temperatura: 9.972935454678913E8
Probabilidad de aceptación: 1.0
Movimiento: SI



ITERACION 10
Solucion:    95 48 77 22 93 92 41 25 28 68 16 63 14 19 76 86 8 70 72 85 64 47 6 5 53 33 3 23 15 82 18 4 29 59 90 17 83 94 57 39 91 37 26 0 2 51 27 55 20 38 46 61 35 54 66 24 21 75 45 11 62 60 10 80 74 49 71 98 7 44 79 31 36 43 32 78 96 88 13 81 40 99 52 84 67 12 69 1 58 73 30 65 56 97 42 87 89 50 9 34 
Coste: 1573714069
Temperatura: 8.975641909211022E8
Probabilidad de aceptación: 1.0
Movimiento: SI



ITERACION 11
Solucion:    63 95 48 77 22 93 92 41 25 28 68 34 16 14 19 76 86 8 70 72 85 64 47 6 5 53 33 3 23 15 82 18 4 29 59 90 17 83 94 57 39 91 37 26 0 2 51 27 55 20 38 46 61 35 54 66 24 21 75 45 11 62 60 10 80 74 49 71 98 7 44 79 31 36 43 32 78 96 88 13 81 40 99 52 84 67 12 69 1 58 73 30 65 56 97 42 89 87 50 9 
Coste: 1546694189
Temperatura: 8.07807771828992E8
Probabilidad de aceptación: 1.0
Movimiento: SI



ITERACION 12
Solucion:    16 63 95 48 77 22 93 92 41 25 28 68 9 34 14 19 76 86 8 70 72 85 64 47 6 5 53 33 3 23 15 82 18 4 29 59 90 17 83 94 57 39 91 37 26 0 2 51 27 55 20 38 46 61 35 54 66 24 21 75 45 11 62 60 10 80 74 49 71 98 7 44 79 31 36 43 32 78 96 88 13 81 40 99 52 84 67 12 69 1 58 73 30 65 97 56 42 89 87 50 
Coste: 1540113603
Temperatura: 7.270269946460928E8
Probabilidad de aceptación: 1.0
Movimiento: SI



ITERACION 13
Solucion:    34 16 63 95 48 77 22 93 92 41 25 28 68 50 14 9 19 76 86 8 70 72 85 64 47 6 5 53 33 3 23 15 82 18 29 4 59 90 17 83 94 57 39 91 37 26 0 2 51 27 55 20 38 46 61 35 54 66 24 21 75 45 11 62 60 10 80 74 49 71 98 7 44 79 31 36 43 32 78 96 88 13 81 40 99 52 84 67 12 69 1 58 73 30 65 97 56 42 89 87 
Coste: 1536999728
Temperatura: 6.543242951814835E8
Probabilidad de aceptación: 1.0
Movimiento: SI



ITERACION 14
Solucion:    14 34 16 63 95 48 77 22 93 92 41 25 28 68 87 50 9 19 76 86 8 70 72 85 64 47 6 5 53 33 3 23 15 82 18 29 4 59 90 17 83 94 57 39 91 37 26 0 2 51 27 55 20 38 46 61 35 54 66 24 21 75 45 11 62 60 10 80 74 49 71 98 7 44 79 31 36 43 32 78 96 88 13 81 40 99 52 84 67 12 69 1 58 73 30 65 97 56 42 89 
Coste: 1541495788
Temperatura: 5.888918656633352E8
Probabilidad de aceptación: 1.0
Movimiento: SI



ITERACION 15
Solucion:    50 14 34 16 63 95 48 77 22 93 92 41 25 28 68 89 87 9 19 76 86 8 70 72 85 64 47 6 5 53 33 3 23 15 82 18 29 4 90 59 17 83 94 57 39 91 37 26 0 2 51 27 55 20 38 46 61 35 54 66 24 21 75 45 11 62 60 10 80 74 49 71 98 7 44 79 31 36 43 32 78 96 88 13 81 40 99 52 84 67 12 69 1 58 73 30 65 97 56 42 
Coste: 1522345789
Temperatura: 5.300026790970017E8
Probabilidad de aceptación: 1.0
Movimiento: SI



ITERACION 16
Solucion:    87 50 14 34 16 63 95 48 77 22 93 92 41 25 28 68 42 89 9 19 76 86 8 70 72 85 64 47 6 5 53 33 3 23 15 82 18 29 4 90 59 17 83 94 57 39 91 37 26 0 2 51 27 55 20 38 46 61 35 54 66 24 21 75 45 11 62 60 10 80 74 49 71 98 7 44 79 31 36 43 32 78 96 88 13 81 40 99 52 84 67 12 69 1 58 73 30 65 97 56 
Coste: 1576190642
Temperatura: 4.770024111873015E8
Probabilidad de aceptación: 1.0
Movimiento: SI



ITERACION 17
Solucion:    89 87 50 14 34 16 63 95 48 77 22 93 92 41 25 28 68 56 42 9 19 76 86 8 70 72 85 64 47 6 5 53 33 3 23 15 82 18 29 4 90 59 17 83 94 57 39 91 37 26 0 2 51 27 55 20 38 46 61 35 54 66 24 21 75 45 11 62 60 10 80 74 49 71 98 7 44 79 31 36 43 32 78 96 88 13 81 40 99 52 84 67 12 69 1 58 73 30 65 97 
Coste: 1542773884
Temperatura: 4.293021700685714E8
Probabilidad de aceptación: 1.0
Movimiento: SI



ITERACION 18
Solucion:    42 87 89 50 14 34 16 63 95 48 77 22 93 92 41 25 28 68 97 56 9 19 76 86 8 70 72 85 64 47 6 5 53 33 3 23 15 82 18 29 4 90 59 17 83 94 57 39 91 37 26 0 2 51 27 55 20 38 46 61 35 54 66 24 21 75 45 11 62 60 10 80 74 49 71 98 7 44 79 31 36 43 32 78 96 88 13 81 40 99 52 67 84 12 69 1 58 73 30 65 
Coste: 1509626051
Temperatura: 3.8637195306171423E8
Probabilidad de aceptación: 1.0
Movimiento: SI



ITERACION 19
Solucion:    56 42 87 89 50 14 34 16 63 95 48 77 22 93 92 41 25 28 68 65 97 9 19 76 86 8 70 72 85 64 47 6 5 53 33 3 23 15 82 18 29 4 90 59 17 83 94 57 39 91 37 26 0 2 51 27 55 20 38 46 61 35 54 66 24 21 75 45 11 62 60 10 80 74 49 71 98 7 44 79 31 36 43 32 78 96 88 13 81 40 99 52 67 84 12 69 1 58 73 30 
Coste: 1474354129
Temperatura: 3.477347577555428E8
Probabilidad de aceptación: 1.0
Movimiento: SI



ITERACION 20
Solucion:    97 56 42 87 89 50 14 34 16 63 95 48 77 22 93 92 41 25 28 68 30 65 9 19 76 86 8 70 72 85 64 47 6 5 53 33 3 23 15 82 18 29 4 90 59 17 83 94 57 39 91 37 26 0 2 51 27 55 20 38 46 61 35 54 66 24 21 75 45 11 62 60 10 80 74 49 71 98 7 44 79 31 36 43 32 78 96 88 13 81 40 99 52 67 84 12 69 1 58 73 
Coste: 1507036721
Temperatura: 3.129612819799885E8
Probabilidad de aceptación: 1.0
Movimiento: SI



ITERACION 21
Solucion:    65 56 97 42 87 89 50 14 34 16 63 95 48 77 22 93 92 41 25 28 68 73 30 9 19 76 86 8 70 72 85 64 47 6 5 53 33 3 23 15 82 18 29 4 90 59 17 83 94 57 39 91 37 26 0 2 51 27 55 20 38 46 61 35 54 66 24 21 75 45 11 62 60 10 80 74 49 71 98 7 44 79 31 36 43 32 78 96 88 13 81 40 99 52 67 84 12 69 1 58 
Coste: 1493123841
Temperatura: 2.816651537819897E8
Probabilidad de aceptación: 1.0
Movimiento: SI



ITERACION 22
Solucion:    30 65 56 97 42 87 89 50 14 34 16 63 95 48 77 22 93 92 41 25 28 68 58 73 9 19 76 86 8 70 72 85 64 47 6 5 53 33 3 23 15 82 18 29 4 90 59 17 83 94 57 39 91 37 26 0 2 51 27 55 20 38 46 61 35 54 66 24 21 75 45 11 62 60 10 80 74 49 71 98 7 44 79 31 36 43 32 78 96 88 13 81 40 99 52 67 84 12 69 1 
Coste: 1519097899
Temperatura: 2.5349863840379074E8
Probabilidad de aceptación: 1.0
Movimiento: SI



ITERACION 23
Solucion:    73 30 65 56 97 42 87 89 14 50 34 16 63 95 48 77 22 93 92 41 25 28 68 1 58 9 19 76 86 8 70 72 85 64 47 6 5 53 33 3 23 15 82 18 29 4 90 59 17 83 94 57 39 91 37 26 0 2 51 27 55 20 38 46 61 35 54 66 24 21 75 45 11 62 60 10 80 74 49 71 98 7 44 79 31 36 43 32 78 96 88 13 81 40 99 52 67 84 12 69 
Coste: 1511038496
Temperatura: 2.2814877456341168E8
Probabilidad de aceptación: 1.0
Movimiento: SI



ITERACION 24
Solucion:    58 73 30 65 56 97 42 87 89 14 50 34 16 63 95 48 77 22 93 92 41 25 28 68 69 1 9 19 76 86 8 70 72 85 64 47 6 5 53 33 3 23 15 82 18 29 4 90 59 17 83 94 57 39 91 37 26 0 2 51 27 55 20 38 46 61 35 54 66 24 21 75 45 11 62 60 10 80 74 49 71 98 7 44 79 31 36 43 32 78 96 88 13 81 40 99 52 67 84 12 
Coste: 1518290342
Temperatura: 2.053338971070705E8
Probabilidad de aceptación: 1.0
Movimiento: SI



ITERACION 25
Solucion:    1 58 73 30 65 56 97 42 87 89 14 34 50 16 63 95 48 77 22 93 92 41 25 28 68 12 69 9 19 76 86 8 70 72 85 64 47 6 5 53 33 3 23 15 82 18 29 4 90 59 17 83 94 57 39 91 37 26 0 2 51 27 55 20 38 46 61 35 54 66 24 21 75 45 11 62 60 10 80 74 49 71 98 7 44 79 31 36 43 32 78 96 88 13 81 40 99 52 67 84 
Coste: 1472189982
Temperatura: 1.8480050739636347E8
Probabilidad de aceptación: 1.0
Movimiento: SI



ITERACION 26
Solucion:    69 1 58 73 30 65 56 97 42 87 89 14 34 50 16 63 95 48 77 22 93 41 25 92 28 68 84 12 9 19 76 86 8 70 72 85 64 47 6 5 53 33 3 23 15 82 18 29 4 90 59 17 83 94 57 39 91 37 26 0 2 51 27 55 20 38 61 46 35 54 66 24 21 75 45 11 60 62 10 80 74 49 71 98 7 44 79 31 36 43 32 78 96 88 13 81 40 99 52 67 
Coste: 1470732677
Temperatura: 1.6632045665672714E8
Probabilidad de aceptación: 1.0
Movimiento: SI



ITERACION 27
Solucion:    12 1 69 58 73 30 65 56 97 42 87 89 14 34 50 16 63 95 48 77 22 93 41 25 92 28 68 67 84 9 19 76 86 8 70 72 85 64 47 6 5 53 33 3 23 15 82 18 29 4 90 59 17 83 94 57 39 91 37 26 0 2 51 27 55 20 38 61 46 35 54 66 24 21 75 11 45 60 62 80 10 74 49 71 98 7 44 79 31 36 43 32 78 96 88 13 81 40 99 52 
Coste: 1489858537
Temperatura: 1.4968841099105442E8
Probabilidad de aceptación: 1.0
Movimiento: SI



ITERACION 28
Solucion:    84 12 1 69 58 73 30 65 56 97 42 87 89 14 34 50 16 63 95 48 77 22 93 41 25 92 28 68 52 67 9 19 76 86 8 70 72 85 64 47 6 5 53 33 3 23 15 82 18 29 4 90 59 17 83 94 57 39 91 37 26 0 2 51 27 55 20 38 61 46 35 54 66 24 21 75 11 45 60 62 80 10 74 49 71 98 7 44 79 31 36 43 32 78 96 88 13 81 40 99 
Coste: 1503867803
Temperatura: 1.3471956989194897E8
Probabilidad de aceptación: 1.0
Movimiento: SI



ITERACION 29
Solucion:    67 84 1 12 69 58 73 30 65 56 97 42 87 89 14 34 50 16 63 95 48 77 22 93 41 25 92 28 68 99 52 9 19 76 86 8 70 72 85 64 47 6 5 53 33 3 23 15 82 18 29 4 90 59 17 83 94 57 39 91 37 26 0 2 51 27 55 20 38 61 46 35 54 66 24 21 75 11 60 45 62 80 10 74 49 71 98 7 44 79 31 36 43 32 78 96 88 13 81 40 
Coste: 1465238350
Temperatura: 1.2124761290275407E8
Probabilidad de aceptación: 1.0
Movimiento: SI



ITERACION 30
Solucion:    52 67 84 1 12 69 58 73 30 65 56 97 87 42 89 14 34 50 16 63 95 48 77 22 93 41 25 92 28 68 40 99 9 19 76 86 8 70 72 85 64 47 6 5 53 33 23 3 15 82 18 29 90 59 4 17 83 94 57 39 91 37 26 0 2 51 27 55 20 38 61 46 35 54 24 66 21 75 11 60 45 62 80 10 74 49 71 98 7 44 79 31 36 43 32 78 96 88 13 81 
Coste: 1473568510
Temperatura: 1.0912285161247866E8
Probabilidad de aceptación: 1.0
Movimiento: SI



ITERACION 31
Solucion:    99 52 67 84 1 12 69 73 58 30 65 97 87 56 42 89 14 34 50 16 63 95 48 77 22 93 41 25 92 28 68 81 40 9 19 76 86 8 70 72 85 64 47 6 5 53 33 23 3 15 82 18 29 90 59 4 17 83 94 57 39 91 37 26 0 2 51 27 55 20 38 61 46 35 54 24 66 21 75 11 60 62 45 80 10 74 49 71 98 7 44 79 31 36 43 32 78 96 88 13 
Coste: 1473397734
Temperatura: 9.82105664512308E7
Probabilidad de aceptación: 1.0
Movimiento: SI



ITERACION 32
Solucion:    40 99 52 67 84 12 1 69 73 58 30 65 97 87 56 42 89 14 34 50 16 63 95 48 77 22 93 41 25 92 28 68 13 81 9 19 76 86 8 70 72 85 64 47 6 5 53 33 23 3 15 82 18 29 90 59 17 4 83 94 39 57 91 37 26 0 2 51 27 55 20 38 61 46 35 54 24 66 21 75 11 60 62 45 80 10 74 49 71 98 7 44 79 31 36 43 32 78 96 88 
Coste: 1431730250
Temperatura: 8.838950980610771E7
Probabilidad de aceptación: 1.0
Movimiento: SI



ITERACION 33
Solucion:    81 40 99 52 67 84 12 1 73 69 58 30 65 97 87 56 42 89 14 34 50 16 63 95 48 77 93 22 41 25 92 28 68 88 13 9 19 76 86 8 70 72 85 64 47 6 5 53 33 23 3 15 82 18 29 90 59 17 4 83 94 39 57 91 37 26 0 2 51 27 55 20 38 61 46 35 54 24 66 21 75 11 60 62 45 80 10 74 49 71 98 7 44 79 31 36 43 32 78 96 
Coste: 1440181532
Temperatura: 7.955055882549694E7
Probabilidad de aceptación: 1.0
Movimiento: SI



ITERACION 34
Solucion:    13 81 40 99 52 67 84 12 1 73 69 58 30 65 97 87 56 42 89 14 34 50 16 95 63 48 77 93 22 41 25 92 28 68 96 88 9 19 76 86 8 70 72 85 64 47 6 5 53 33 23 3 15 82 18 29 90 59 17 4 83 94 39 57 91 37 26 0 2 51 27 55 20 38 61 46 35 54 24 66 21 75 11 60 62 45 80 10 74 49 71 98 7 44 79 31 36 43 32 78 
Coste: 1486364590
Temperatura: 7.159550294294725E7
Probabilidad de aceptación: 1.0
Movimiento: SI



ITERACION 35
Solucion:    88 13 81 40 99 67 52 84 12 1 73 69 58 30 65 97 87 56 42 89 14 34 50 16 95 63 48 77 93 22 41 25 92 28 68 78 96 9 19 76 86 8 70 72 85 64 47 6 5 53 33 23 3 15 82 18 29 90 59 17 4 83 94 39 57 91 37 26 0 2 51 27 55 20 38 61 46 35 54 24 66 21 75 11 60 62 45 80 10 74 49 71 98 7 44 79 31 36 43 32 
Coste: 1476936559
Temperatura: 6.443595264865253E7
Probabilidad de aceptación: 1.0
Movimiento: SI



ITERACION 36
Solucion:    96 88 81 13 40 99 67 52 84 12 1 73 69 58 30 65 97 87 56 42 89 14 34 50 16 95 63 48 77 93 22 41 25 92 28 68 32 78 9 19 76 86 8 70 72 85 64 47 6 5 53 33 23 3 15 82 18 90 29 59 17 4 83 94 39 57 91 37 26 0 2 51 27 55 20 38 61 46 35 54 24 66 21 75 11 60 62 45 80 10 74 49 71 98 7 44 79 31 36 43 
Coste: 1467509844
Temperatura: 5.799235738378728E7
Probabilidad de aceptación: 1.0
Movimiento: SI



ITERACION 37
Solucion:    78 88 96 81 13 40 99 67 84 52 12 1 73 69 58 30 65 97 87 56 42 89 14 34 50 16 95 63 48 77 93 22 41 25 92 28 68 43 32 9 19 76 86 8 70 72 85 64 47 6 5 53 33 23 3 15 82 90 18 59 29 17 4 83 94 39 57 91 37 26 0 2 51 27 55 20 38 61 46 35 54 24 66 21 75 11 60 62 45 80 10 74 49 71 98 7 44 79 31 36 
Coste: 1487150940
Temperatura: 5.2193121645408556E7
Probabilidad de aceptación: 1.0
Movimiento: SI



ITERACION 38
Solucion:    32 78 88 96 81 13 40 99 67 84 52 12 1 73 69 58 30 65 97 87 56 42 89 14 34 50 16 95 63 48 77 93 22 41 25 92 28 68 36 43 9 19 76 86 8 70 72 85 64 47 6 5 53 33 23 3 15 82 90 18 59 29 17 4 83 94 39 57 91 37 26 0 2 51 27 20 55 38 61 46 35 54 24 66 21 75 11 60 62 45 80 10 74 49 71 98 7 44 79 31 
Coste: 1495272773
Temperatura: 4.69738094808677E7
Probabilidad de aceptación: 1.0
Movimiento: SI



ITERACION 39
Solucion:    43 32 78 88 96 81 13 40 99 67 84 52 12 1 73 69 58 30 65 97 87 56 42 89 14 34 50 16 95 63 48 77 93 22 41 25 92 28 68 31 36 9 19 76 86 8 70 72 85 64 47 6 5 53 33 23 3 15 82 90 18 59 29 17 4 83 94 39 57 91 37 26 0 2 51 27 20 55 38 61 46 35 54 24 66 21 75 11 60 62 45 80 10 74 49 71 98 7 44 79 
Coste: 1513179430
Temperatura: 4.227642853278093E7
Probabilidad de aceptación: 1.0
Movimiento: SI



ITERACION 40
Solucion:    36 43 32 78 88 96 81 13 40 99 84 67 52 12 1 73 69 30 58 65 97 87 56 42 89 14 34 50 16 95 63 48 77 93 22 41 25 92 28 68 79 31 9 19 76 86 8 70 72 85 64 47 6 5 33 53 23 3 15 90 18 59 82 29 17 4 83 94 39 57 91 37 26 0 2 51 27 20 55 38 61 46 35 54 24 66 21 75 11 60 62 45 80 10 74 49 71 98 7 44 
Coste: 1472756310
Temperatura: 3.804878567950284E7
Probabilidad de aceptación: 1.0
Movimiento: SI



ITERACION 41
Solucion:    31 36 32 43 78 88 81 96 13 40 99 84 67 52 12 1 73 69 30 58 65 97 87 56 42 89 14 34 50 16 95 63 48 77 93 22 41 25 92 28 68 44 79 9 19 76 86 8 70 72 85 64 47 6 5 33 53 23 3 15 90 18 59 82 29 17 4 83 94 39 57 91 37 26 0 2 51 27 20 55 38 61 46 35 54 24 66 21 75 11 60 62 45 80 10 74 49 71 98 7 
Coste: 1529433374
Temperatura: 3.424390711155255E7
Probabilidad de aceptación: 1.0
Movimiento: SI



ITERACION 42
Solucion:    79 31 36 32 43 78 88 81 96 13 40 99 84 67 52 12 1 73 69 30 58 65 97 87 56 42 89 14 34 50 16 95 63 48 77 93 22 41 25 92 28 68 7 44 9 19 76 86 8 70 72 85 64 47 6 5 33 53 23 3 15 90 59 18 82 29 17 4 83 94 39 57 91 37 26 0 2 51 27 20 55 38 61 46 35 54 24 66 21 75 11 60 62 45 80 10 74 49 71 98 
Coste: 1526365296
Temperatura: 3.0819516400397297E7
Probabilidad de aceptación: 1.0
Movimiento: SI



ITERACION 43
Solucion:    44 79 36 32 43 31 78 88 81 96 13 40 99 84 67 52 12 1 73 69 30 58 65 97 87 56 42 89 14 34 50 16 95 63 48 77 93 22 41 25 92 28 68 98 7 9 19 76 86 8 70 72 85 64 47 6 5 33 53 23 3 15 90 59 18 82 29 17 4 83 94 39 57 91 37 26 0 51 2 27 20 55 38 61 46 35 54 24 66 21 75 11 60 62 45 80 10 74 49 71 
Coste: 1526163441
Temperatura: 2.7737564760357566E7
Probabilidad de aceptación: 1.0
Movimiento: SI



ITERACION 44
Solucion:    7 44 79 36 32 43 78 88 81 96 31 40 13 99 67 84 52 12 1 73 69 30 58 65 97 87 42 56 89 14 34 50 16 95 63 48 77 93 22 41 25 92 28 68 71 98 9 19 76 86 8 70 72 64 85 47 6 5 33 53 23 3 15 90 59 18 82 29 17 4 83 94 39 57 91 37 26 0 51 2 27 20 55 38 61 46 35 54 24 66 21 75 11 60 62 45 80 10 74 49 
Coste: 1506360666
Temperatura: 2.496380828432181E7
Probabilidad de aceptación: 1.0
Movimiento: SI



ITERACION 45
Solucion:    98 7 44 79 36 32 43 88 81 78 96 40 13 99 31 84 67 52 1 12 73 69 58 30 65 97 87 42 56 89 14 34 50 16 95 63 48 77 93 22 41 25 92 28 68 49 71 9 19 76 86 8 70 64 72 85 47 6 5 33 53 23 3 15 90 59 18 82 29 17 4 83 94 39 91 57 37 26 0 51 2 27 20 55 38 61 46 35 54 24 66 21 75 11 62 60 45 80 10 74 
Coste: 1464186908
Temperatura: 2.246742745588963E7
Probabilidad de aceptación: 1.0
Movimiento: SI



ITERACION 46
Solucion:    71 98 7 44 79 36 32 43 88 81 78 40 96 13 99 31 84 67 52 1 12 73 69 58 30 65 87 97 42 56 89 14 34 50 16 95 63 48 77 93 22 41 25 92 28 68 74 49 9 19 76 86 8 64 70 85 72 47 6 5 33 53 23 3 15 90 59 18 82 29 17 4 83 94 39 91 57 37 26 0 51 2 27 20 55 38 61 46 35 54 24 66 75 21 11 62 60 45 80 10 
Coste: 1505423018
Temperatura: 2.022068471030067E7
Probabilidad de aceptación: 1.0
Movimiento: SI



ITERACION 47
Solucion:    49 98 7 71 44 79 36 32 88 81 43 78 40 96 13 99 31 84 67 52 1 12 73 69 58 30 87 65 42 56 89 97 14 34 50 16 95 63 48 77 93 22 41 25 92 28 68 10 74 9 19 76 86 8 64 70 85 72 47 6 5 33 53 23 3 90 15 59 18 82 29 17 4 83 94 39 91 57 37 26 0 51 2 27 20 55 38 61 46 35 54 24 66 75 21 11 62 60 45 80 
Coste: 1424666223
Temperatura: 1.81986162392706E7
Probabilidad de aceptación: 1.0
Movimiento: SI



ITERACION 48
Solucion:    74 49 98 7 71 44 79 36 32 88 81 43 40 78 96 13 99 31 84 67 52 1 12 73 69 58 30 87 65 42 56 89 97 14 50 34 16 95 63 48 77 93 22 41 25 92 28 68 45 10 9 19 86 76 64 8 70 85 72 47 6 5 33 53 23 3 90 15 59 18 82 17 29 4 83 94 39 91 57 26 37 51 0 2 27 20 55 38 61 46 35 54 24 66 75 21 11 62 60 80 
Coste: 1406917421
Temperatura: 1.637875461534354E7
Probabilidad de aceptación: 0.47508967558813725
Movimiento: NO



ITERACION 49
Solucion:    74 49 10 98 7 44 71 79 36 88 32 81 43 40 78 96 13 99 31 84 67 52 1 12 73 69 58 30 87 65 42 56 89 97 14 50 34 16 95 63 48 77 93 22 41 25 92 28 68 80 45 9 19 86 64 76 8 70 85 47 72 6 5 33 53 23 90 3 15 59 18 82 17 29 4 83 94 39 91 57 26 37 51 0 2 27 20 55 38 46 61 35 54 24 66 75 21 11 62 60 
Coste: 1437487466
Temperatura: 1.4740879153809188E7
Probabilidad de aceptación: 1.0
Movimiento: SI



ITERACION 50
Solucion:    74 49 45 98 7 44 10 79 71 88 36 81 32 43 40 78 96 99 13 31 84 67 52 1 12 73 69 58 30 87 65 42 56 89 97 14 34 50 16 95 63 48 77 93 22 41 25 92 28 68 60 80 9 19 86 64 76 8 70 85 47 72 6 5 33 53 23 90 3 15 59 18 82 17 29 4 83 94 39 91 57 26 37 51 0 2 27 20 55 46 61 35 38 54 24 66 75 21 11 62 
Coste: 1455363646
Temperatura: 1.3266791238428269E7
Probabilidad de aceptación: 1.0
Movimiento: SI



ITERACION 51
Solucion:    74 49 80 45 98 7 44 79 71 88 36 81 32 10 43 40 78 96 99 13 31 84 52 67 1 12 73 69 30 58 87 65 42 56 89 97 14 34 50 16 95 63 48 77 93 22 41 25 92 28 68 62 60 19 9 86 64 76 8 70 85 47 72 6 5 33 53 23 90 3 15 59 82 18 17 29 4 94 83 39 91 57 26 37 51 0 2 27 20 55 46 61 35 38 54 66 24 75 21 11 
Coste: 1422129345
Temperatura: 1.1940112114585442E7
Probabilidad de aceptación: 1.0
Movimiento: SI



ITERACION 52
Solucion:    60 74 49 80 45 98 44 79 71 88 36 81 32 7 10 43 40 96 78 99 13 31 84 52 67 1 12 73 30 69 87 58 65 42 56 97 14 89 34 50 95 16 48 63 77 22 93 25 41 92 28 62 11 68 19 9 86 64 76 8 70 85 47 72 5 6 33 53 23 90 15 3 82 18 59 17 29 4 94 83 39 57 91 26 37 51 0 2 27 55 20 61 46 38 35 54 66 24 75 21 
Coste: 1401941118
Temperatura: 1.07461009031269E7
Probabilidad de aceptación: 1.0
Movimiento: SI



ITERACION 53
Solucion:    60 74 49 68 80 98 45 44 79 88 71 36 81 32 7 10 43 96 40 78 13 99 31 84 52 67 12 73 30 1 69 87 58 65 42 56 14 97 89 34 50 95 48 63 16 22 77 93 25 41 28 92 62 21 11 19 9 86 64 76 8 70 85 47 72 5 33 6 53 23 15 90 3 82 18 59 17 29 4 94 83 57 39 91 26 37 51 0 2 27 55 61 20 38 46 54 66 35 24 75 
Coste: 1426057146
Temperatura: 9671490.81281421
Probabilidad de aceptación: 1.0
Movimiento: SI



ITERACION 54
Solucion:    60 74 11 49 68 80 98 44 45 79 88 36 71 81 32 7 10 43 96 40 78 13 99 84 31 67 12 73 52 30 69 1 87 58 65 42 56 14 97 89 34 50 95 48 63 16 22 77 93 25 41 28 92 62 35 21 19 9 86 64 76 8 70 85 72 47 5 33 6 23 53 90 15 82 3 18 59 17 29 4 94 83 39 57 26 91 37 51 0 2 27 55 61 20 38 46 54 66 24 75 
Coste: 1417186065
Temperatura: 8704341.73153279
Probabilidad de aceptación: 0.1517901870171119
Movimiento: NO



ITERACION 55
Solucion:    21 74 60 49 11 80 98 44 68 45 79 36 88 71 81 32 7 10 96 40 78 43 13 99 84 31 67 73 52 30 12 1 87 58 65 69 42 56 14 89 97 34 50 48 95 63 22 16 77 93 25 28 41 92 62 75 35 19 9 86 64 76 8 70 72 85 47 5 33 23 53 90 6 82 15 3 18 59 17 29 4 94 83 39 57 26 91 37 51 2 0 27 55 61 20 38 46 54 66 24 
Coste: 1374436679
Temperatura: 7833907.558379511
Probabilidad de aceptación: 1.0
Movimiento: SI



ITERACION 56
Solucion:    35 74 21 49 60 80 11 44 98 68 79 45 36 88 71 81 32 7 10 96 40 78 43 13 99 84 67 31 73 30 52 1 87 12 58 65 42 69 56 14 89 97 34 50 48 95 63 22 16 93 77 25 28 41 92 62 66 75 19 9 86 64 76 70 72 8 85 47 33 5 23 53 90 82 6 15 3 59 18 17 29 4 94 83 39 57 26 91 37 2 51 0 27 55 20 38 61 54 46 24 
Coste: 1359273632
Temperatura: 7050516.8025415605
Probabilidad de aceptación: 0.6699348908111681
Movimiento: NO



ITERACION 57
Solucion:    35 74 75 49 21 60 80 44 11 98 79 68 36 45 88 81 71 32 7 96 10 40 78 13 43 99 84 67 73 31 30 52 1 87 58 65 42 12 56 69 89 14 97 50 34 48 95 22 63 93 77 25 16 28 41 92 62 61 66 19 9 86 76 70 72 64 85 8 33 5 23 47 90 53 82 6 15 3 59 18 17 29 4 83 39 94 26 57 91 2 51 37 27 0 55 38 20 54 46 24 
Coste: 1333684648
Temperatura: 6345465.122287405
Probabilidad de aceptación: 0.10307165782790806
Movimiento: NO



ITERACION 58
Solucion:    35 74 75 49 21 66 60 44 80 11 79 98 36 68 45 88 81 71 32 7 96 40 78 13 10 43 99 84 67 73 30 31 52 1 87 58 42 65 56 69 89 12 97 14 50 34 48 22 95 63 93 77 25 16 28 41 92 62 24 61 19 9 76 86 70 72 64 85 33 5 23 8 47 90 53 6 82 15 3 59 18 17 29 83 39 4 94 26 57 91 2 51 27 37 55 38 0 20 54 46 
Coste: 1322668590
Temperatura: 5710918.610058664
Probabilidad de aceptación: 1.0
Movimiento: SI



ITERACION 59
Solucion:    35 61 74 49 75 21 66 44 60 80 79 11 36 98 68 45 88 81 71 32 7 40 78 13 96 43 99 84 67 73 30 31 10 52 1 58 87 42 65 56 89 69 97 14 50 34 12 48 22 95 63 93 77 25 16 28 41 92 62 20 24 19 9 76 70 86 72 64 33 85 5 23 47 8 90 6 53 82 3 59 15 18 17 83 39 29 4 26 94 57 91 2 51 27 37 38 55 0 54 46 
Coste: 1297534849
Temperatura: 5139826.749052798
Probabilidad de aceptación: 0.30514131518051285
Movimiento: NO



ITERACION 60
Solucion:    35 61 74 49 75 21 66 44 24 60 79 80 36 11 98 68 45 88 81 71 32 40 78 13 96 43 99 7 84 67 73 30 31 52 1 58 10 42 65 87 56 89 97 69 50 34 14 12 48 22 95 63 93 25 77 16 28 41 92 62 54 20 19 9 76 86 70 72 64 33 5 23 85 47 8 90 6 53 82 3 59 15 17 83 39 29 4 26 18 94 91 57 2 27 51 38 37 55 0 46 
Coste: 1311999408
Temperatura: 4625844.074147519
Probabilidad de aceptación: 0.20147196934850678
Movimiento: NO



ITERACION 61
Solucion:    20 35 74 49 61 75 21 66 44 24 79 60 36 11 98 80 68 45 88 81 71 32 78 40 13 96 43 99 84 67 73 7 31 52 1 30 58 10 42 65 56 89 97 69 50 34 14 87 48 22 95 63 12 93 25 77 16 28 41 62 92 46 54 19 9 76 86 70 72 64 5 23 33 85 47 8 90 6 53 82 3 59 15 17 83 39 4 29 26 94 91 57 2 27 51 38 18 37 55 0 
Coste: 1291516174
Temperatura: 4163259.666732767
Probabilidad de aceptación: 1.0
Movimiento: SI



ITERACION 62
Solucion:    20 54 35 74 61 49 75 66 44 24 79 21 36 60 11 98 68 80 45 88 81 71 32 78 40 13 43 99 84 67 73 96 7 52 31 1 30 58 10 42 65 56 89 97 69 34 14 50 87 22 48 95 12 63 25 77 16 28 41 93 92 46 55 62 19 9 76 86 70 72 64 5 23 33 85 47 8 90 6 82 3 53 59 15 83 39 17 4 29 26 94 57 2 91 27 38 51 18 37 0 
Coste: 1281831237
Temperatura: 3746933.7000594903
Probabilidad de aceptación: 0.2962411557579582
Movimiento: NO



ITERACION 63
Solucion:    20 54 35 74 61 49 75 66 44 24 79 21 36 60 11 98 68 80 45 88 81 62 71 32 78 40 43 99 13 84 73 67 96 7 52 31 1 30 58 10 42 65 56 89 97 69 34 14 50 87 22 48 12 63 25 77 16 28 41 95 92 46 93 0 55 19 9 76 86 70 72 64 5 23 85 47 33 8 90 6 82 3 53 59 15 39 83 17 4 29 94 57 26 2 91 27 38 51 18 37 
Coste: 1267442266
Temperatura: 3372240.3300535413
Probabilidad de aceptación: 1.0
Movimiento: SI



ITERACION 64
Solucion:    55 20 35 74 61 49 75 66 44 24 79 21 36 54 11 98 68 80 45 88 81 60 62 71 32 78 40 43 99 84 73 13 67 96 52 7 31 1 30 58 10 42 65 56 89 97 69 34 14 50 22 87 48 12 63 25 16 28 77 41 92 46 95 93 38 0 19 9 76 86 70 72 64 5 85 47 33 8 90 6 82 3 53 23 15 59 39 83 4 29 17 94 57 26 2 91 27 51 18 37 
Coste: 1226918478
Temperatura: 3035016.2970481873
Probabilidad de aceptación: 0.016754681811467293
Movimiento: NO



ITERACION 65
Solucion:    0 55 20 74 61 35 49 66 44 75 79 21 36 24 54 98 68 11 80 45 88 81 62 60 71 32 40 43 99 84 73 78 67 13 96 52 7 31 30 1 58 10 42 65 56 89 97 69 34 14 22 50 48 87 12 25 16 28 77 63 92 46 41 95 93 27 38 19 9 86 76 70 72 64 85 47 33 5 90 6 8 82 3 53 15 59 39 23 4 29 83 17 94 57 26 2 91 51 18 37 
Coste: 1208494830
Temperatura: 2731514.6673433688
Probabilidad de aceptación: 0.033173301429926916
Movimiento: NO



ITERACION 66
Solucion:    0 55 20 74 61 35 49 66 44 75 79 21 36 24 38 98 68 54 11 80 45 88 81 62 60 71 40 32 43 84 73 99 67 78 13 52 96 31 7 1 58 10 42 65 56 89 97 30 69 34 22 14 50 48 12 87 25 28 16 63 92 46 77 41 95 93 18 27 19 9 86 76 70 72 85 47 33 64 90 5 6 82 8 53 15 3 59 39 23 29 4 83 17 94 57 2 26 91 51 37 
Coste: 1216807317
Temperatura: 2458363.200609032
Probabilidad de aceptación: 0.034243234763911154
Movimiento: NO



ITERACION 67
Solucion:    0 55 20 74 61 35 49 66 44 75 79 21 36 24 38 98 68 54 27 80 45 11 88 81 60 62 40 32 71 84 73 99 67 43 78 52 13 96 31 7 1 58 10 42 56 65 89 97 30 34 69 22 14 48 12 87 25 28 16 63 92 46 50 77 95 41 93 37 18 19 9 86 76 70 85 47 72 33 90 64 6 82 5 8 15 53 3 59 39 23 29 4 83 17 94 57 2 91 26 51 
Coste: 1202483140
Temperatura: 2212526.880548129
Probabilidad de aceptación: 1.0
Movimiento: SI



ITERACION 68
Solucion:    18 0 20 74 61 35 49 66 44 75 79 21 36 55 24 38 68 54 98 80 45 27 11 88 60 81 40 32 71 84 73 62 99 67 43 78 52 13 96 31 7 58 10 1 56 42 89 97 65 30 34 69 14 48 12 22 25 28 16 63 92 87 46 50 77 95 41 93 26 37 19 9 86 76 70 85 47 33 72 90 6 82 5 8 15 53 3 59 39 64 29 23 4 17 83 94 57 2 91 51 
Coste: 1164444034
Temperatura: 1991274.192493316
Probabilidad de aceptación: 0.22684910054230342
Movimiento: NO



ITERACION 69
Solucion:    18 37 0 74 20 61 49 66 44 75 79 21 35 55 36 24 68 54 38 98 80 45 11 27 88 60 81 40 32 84 73 71 62 67 99 78 52 13 96 31 43 7 10 58 1 56 42 97 89 65 30 34 14 48 12 22 25 28 16 63 92 87 69 46 50 77 95 41 93 2 26 19 9 86 70 85 47 33 72 90 6 82 5 76 8 15 53 3 39 59 64 29 23 4 83 94 17 57 91 51 
Coste: 1146360647
Temperatura: 1792146.7732439844
Probabilidad de aceptación: 0.041341654310113635
Movimiento: NO



ITERACION 70
Solucion:    18 37 0 74 26 20 49 61 66 44 79 75 21 35 55 24 36 54 68 38 80 98 45 11 27 88 81 40 32 84 73 60 71 62 67 78 99 52 13 96 31 7 43 10 58 56 1 42 97 89 65 30 14 34 48 22 25 12 28 16 63 92 87 69 46 50 77 95 41 93 91 2 19 9 86 70 85 47 33 90 72 82 6 76 8 15 53 3 5 39 59 64 29 23 4 94 83 17 57 51 
Coste: 1102986344
Temperatura: 1612932.095919586
Probabilidad de aceptación: 0.05130904633315866
Movimiento: NO



ITERACION 71
Solucion:    18 37 0 74 26 20 49 61 66 44 79 75 21 35 55 24 36 54 68 38 80 2 98 11 45 27 88 81 40 84 73 60 32 71 62 78 67 52 99 13 96 31 7 43 10 58 56 1 42 97 89 65 14 30 48 22 25 12 28 16 34 63 92 87 69 46 77 50 41 95 93 57 91 19 9 86 70 85 47 33 90 82 6 72 76 8 15 53 3 39 59 5 29 64 4 94 23 83 17 51 
Coste: 1078689528
Temperatura: 1451638.8863276273
Probabilidad de aceptación: 0.009751702354689714
Movimiento: NO



ITERACION 72
Solucion:    18 37 0 74 26 20 49 91 66 44 79 75 21 61 35 55 24 54 68 36 38 2 80 98 11 45 88 81 40 84 73 60 32 71 27 62 78 52 67 99 13 96 7 31 43 10 56 1 42 97 58 65 89 14 48 22 25 30 12 28 16 63 34 92 87 69 46 77 41 50 95 93 17 57 9 86 70 85 47 33 19 82 6 72 90 8 15 53 3 39 76 59 5 29 64 4 94 23 83 51 
Coste: 1063011824
Temperatura: 1306474.9976948646
Probabilidad de aceptación: 3.1457300004616637E-4
Movimiento: NO



ITERACION 73
Solucion:    18 37 0 74 26 20 49 91 57 44 79 75 21 66 61 55 24 54 68 35 38 36 2 80 98 45 88 81 40 84 73 11 60 32 71 62 78 52 27 67 99 96 7 13 31 43 56 1 10 97 58 65 89 14 48 22 25 30 42 28 12 16 63 34 92 87 69 46 77 41 50 95 93 64 9 86 70 85 47 33 17 19 6 82 72 8 15 90 53 39 3 59 5 29 76 4 94 23 83 51 
Coste: 1050779392
Temperatura: 1175827.4979253781
Probabilidad de aceptación: 0.581985442501072
Movimiento: NO



ITERACION 74
Solucion:    18 37 0 74 26 20 49 91 57 44 79 75 21 66 9 55 24 61 54 35 38 36 2 80 98 45 88 81 40 84 73 11 60 32 71 62 78 52 27 67 99 96 7 13 31 43 56 1 10 97 58 65 68 14 48 22 89 25 30 42 28 12 16 34 63 87 69 46 77 92 50 95 93 64 94 41 86 70 47 85 33 17 6 19 82 8 15 90 53 39 72 59 5 29 76 4 3 23 83 51 
Coste: 1025968336
Temperatura: 1058244.7481328403
Probabilidad de aceptación: 1.1490701409465254E-4
Movimiento: NO



ITERACION 75
Solucion:    18 41 37 74 26 20 49 0 57 44 79 75 21 66 9 55 24 91 61 35 38 36 2 80 98 45 88 81 40 84 73 11 60 32 71 62 78 52 27 54 99 96 7 13 31 43 56 1 10 97 58 65 68 67 14 48 22 25 30 89 42 28 12 34 63 87 69 46 77 92 50 95 93 64 16 19 94 86 70 47 85 33 6 17 82 8 15 90 53 39 72 59 5 29 76 4 3 23 83 51 
Coste: 992455827
Temperatura: 952420.2733195563
Probabilidad de aceptación: 1.433869179464131E-4
Movimiento: NO



ITERACION 76
Solucion:    18 41 37 74 94 20 26 49 0 44 79 75 21 66 9 55 24 91 61 35 38 36 2 57 98 45 88 81 80 84 73 11 60 32 71 40 78 52 27 62 99 96 7 13 31 43 56 1 10 97 58 65 68 54 67 14 48 22 25 30 89 42 12 34 63 87 28 46 77 92 50 95 69 64 16 93 3 19 70 86 47 85 6 17 33 8 15 90 53 39 72 59 5 29 76 4 82 23 83 51 
Coste: 972904635
Temperatura: 857178.2459876006
Probabilidad de aceptación: 1.0338586344743041E-11
Movimiento: NO



ITERACION 77
Solucion:    19 18 37 74 94 20 41 26 49 44 79 0 75 66 21 55 24 91 61 35 38 36 2 9 98 57 88 81 80 84 73 11 60 32 71 45 78 52 27 62 99 96 7 13 31 43 56 1 10 97 58 65 68 40 54 67 14 48 22 30 25 42 12 34 63 87 28 89 46 92 50 95 69 64 77 16 93 8 3 70 86 47 6 17 85 33 15 90 53 39 72 59 5 29 76 4 82 23 83 51 
Coste: 939416749
Temperatura: 771460.4213888407
Probabilidad de aceptación: 2.8135635621504006E-10
Movimiento: NO



ITERACION 78
Solucion:    19 18 37 74 94 20 41 26 49 44 79 0 75 66 3 21 55 91 61 35 38 24 2 9 36 98 88 81 80 84 73 11 60 32 71 57 78 52 45 27 99 62 7 96 13 43 56 1 10 97 31 65 58 68 54 67 14 48 22 30 25 40 12 34 63 87 28 89 42 92 50 95 69 64 46 16 77 93 83 8 86 70 6 17 47 33 15 90 53 39 72 59 85 29 5 4 82 76 23 51 
Coste: 926811467
Temperatura: 694314.3792499566
Probabilidad de aceptación: 2.8776145996706224E-5
Movimiento: NO



ITERACION 79
Solucion:    19 18 37 74 94 20 41 26 49 44 79 0 75 66 3 8 55 91 61 35 38 24 2 9 36 98 88 81 21 84 73 11 60 32 71 57 78 52 45 80 99 62 7 96 27 43 56 1 10 97 13 65 58 68 31 54 14 48 22 30 25 67 12 34 63 87 40 89 42 92 50 95 69 64 28 46 16 77 93 47 83 86 6 17 70 33 15 90 53 39 72 59 85 29 5 4 82 76 23 51 
Coste: 911832327
Temperatura: 624882.9413249609
Probabilidad de aceptación: 6.472490811577316E-7
Movimiento: NO



ITERACION 80
Solucion:    19 83 37 74 94 18 20 26 49 44 79 41 0 66 75 3 55 91 61 35 38 8 2 9 36 98 88 81 21 84 73 11 60 32 71 57 78 52 24 80 99 62 7 96 27 43 56 1 10 97 13 65 58 68 31 54 14 48 22 30 25 45 12 34 63 87 67 89 42 92 50 95 69 64 40 46 28 16 77 93 51 47 6 17 70 86 15 90 53 39 72 59 33 29 5 4 82 76 23 85 
Coste: 905702666
Temperatura: 562394.6471924648
Probabilidad de aceptación: 1.0
Movimiento: SI



ITERACION 81
Solucion:    19 47 37 74 83 94 20 26 49 18 79 44 0 66 41 75 3 91 61 35 38 8 2 9 36 98 88 81 21 84 73 11 60 32 71 57 78 52 24 80 99 62 7 96 27 43 56 1 10 97 13 65 55 58 68 31 54 48 22 30 25 45 12 34 63 87 14 89 67 92 50 95 69 64 42 46 40 28 16 77 93 29 6 17 51 70 15 90 53 39 86 59 72 33 5 4 82 76 23 85 
Coste: 883434510
Temperatura: 506155.1824732183
Probabilidad de aceptación: 1.6677416649533403E-9
Movimiento: NO



ITERACION 82
Solucion:    19 47 37 74 83 94 20 26 49 18 79 44 0 66 6 75 3 41 61 91 35 38 2 9 36 98 88 81 21 84 73 11 60 32 71 57 8 52 78 24 99 80 7 62 96 43 56 1 10 97 13 65 55 58 68 31 54 27 22 30 25 45 12 34 48 63 14 87 67 92 89 95 69 64 42 46 40 28 16 77 93 29 23 17 50 70 51 15 90 53 39 59 86 72 33 5 4 82 76 85 
Coste: 870678525
Temperatura: 455539.6642258965
Probabilidad de aceptación: 4.027759714379369E-9
Movimiento: NO



ITERACION 83
Solucion:    19 47 37 74 83 94 20 26 49 18 79 44 0 66 6 75 3 41 61 91 17 35 38 9 2 36 88 81 98 84 73 11 60 32 71 57 21 52 8 78 99 24 7 80 96 43 62 1 10 97 13 65 55 56 68 31 54 58 22 30 25 45 12 34 48 63 14 27 67 87 92 95 69 64 42 46 40 28 16 77 93 29 89 76 50 23 70 51 15 90 39 53 59 72 86 33 5 4 82 85 
Coste: 856189249
Temperatura: 409985.69780330686
Probabilidad de aceptación: 4.449858574332924E-16
Movimiento: NO



ITERACION 84
Solucion:    19 47 37 74 83 94 20 26 49 18 79 44 0 66 6 75 3 41 61 50 91 35 17 9 38 36 88 81 98 84 73 11 2 60 32 71 57 52 21 78 99 24 7 80 8 43 96 1 10 62 13 65 55 56 68 31 54 58 22 30 25 45 12 34 48 63 14 27 67 87 92 95 69 64 42 46 40 28 16 77 93 29 97 76 82 23 89 70 51 15 90 39 59 53 72 86 33 5 4 85 
Coste: 851782957
Temperatura: 368987.12802297616
Probabilidad de aceptación: 4.0164958594474854E-32
Movimiento: NO



ITERACION 85
Solucion:    19 47 37 74 83 94 20 26 49 18 79 44 0 66 23 75 3 41 61 50 6 35 17 9 38 36 88 81 98 84 73 11 2 60 32 71 57 52 91 21 99 24 7 80 8 43 96 78 10 1 13 65 55 56 68 31 54 58 22 30 25 45 12 34 62 63 14 27 67 87 92 95 69 64 42 46 40 28 16 77 93 29 48 97 76 4 82 89 70 51 15 90 39 59 53 72 86 5 33 85 
Coste: 848691035
Temperatura: 332088.41522067855
Probabilidad de aceptación: 7.584103044136399E-11
Movimiento: NO



ITERACION 86
Solucion:    19 47 37 74 83 94 20 26 49 18 79 44 0 66 23 75 3 41 61 50 82 35 17 9 38 36 88 81 98 84 73 11 2 60 32 71 57 52 91 21 99 24 7 80 8 43 96 78 10 6 1 65 55 56 68 31 54 58 22 30 25 45 12 34 13 63 14 62 67 87 27 95 69 64 42 46 40 28 16 77 93 29 92 48 97 76 5 4 89 70 15 51 90 39 59 53 72 86 33 85 
Coste: 848896041
Temperatura: 298879.5736986107
Probabilidad de aceptación: 1.3065956707020664E-29
Movimiento: NO



ITERACION 87
Solucion:    19 47 37 74 83 94 20 26 49 18 79 44 0 66 23 75 3 41 61 50 82 35 17 9 38 36 88 81 98 84 73 11 2 60 32 71 57 52 4 91 99 21 24 7 80 43 96 78 10 6 8 65 55 56 68 31 54 58 22 30 25 45 12 34 1 63 14 62 67 87 27 95 69 64 42 46 40 28 16 77 93 29 13 92 48 97 76 33 5 89 15 70 90 51 39 59 53 72 86 85 
Coste: 846436686
Temperatura: 268991.61632874963
Probabilidad de aceptación: 7.212954032950541E-9
Movimiento: NO



ITERACION 88
Solucion:    19 47 37 74 83 94 20 26 49 18 79 44 0 5 66 75 3 41 23 61 50 35 17 9 38 36 88 81 98 84 73 11 2 60 32 71 57 52 4 91 99 21 24 7 80 43 96 78 10 6 8 65 55 56 68 31 54 58 22 30 25 45 12 34 1 63 14 62 67 87 27 95 69 64 42 46 40 28 16 77 93 29 82 13 92 48 97 76 86 33 15 89 70 51 90 39 53 72 59 85 
Coste: 840256343
Temperatura: 242092.45469587468
Probabilidad de aceptación: 1.5220120567404105E-6
Movimiento: NO



ITERACION 89
Solucion:    19 47 37 74 33 94 20 26 49 83 79 18 0 5 66 75 3 41 23 61 50 44 35 9 17 36 88 81 98 84 73 38 11 2 60 32 71 52 57 4 99 21 24 91 80 7 43 96 10 6 78 65 55 56 68 31 54 58 22 30 25 45 8 34 12 63 14 62 67 87 27 95 69 64 42 46 40 28 16 77 93 29 1 82 13 92 48 97 76 53 15 86 70 89 51 90 39 72 59 85 
Coste: 827404350
Temperatura: 217883.2092262872
Probabilidad de aceptación: 4.5700099377032584E-30
Movimiento: NO



ITERACION 90
Solucion:    19 47 37 74 33 94 20 26 49 83 79 18 0 5 66 75 3 15 41 61 50 44 35 9 17 23 88 81 36 84 73 98 38 2 11 32 60 52 57 4 99 71 24 91 80 7 21 43 10 6 78 65 55 56 68 31 54 58 22 96 25 45 30 34 8 63 14 62 67 12 27 95 69 64 42 87 40 28 16 77 93 29 46 1 82 13 92 97 48 76 39 53 86 70 89 51 90 72 59 85 
Coste: 820372661
Temperatura: 196094.8883036585
Probabilidad de aceptación: 5.495479959133353E-43
Movimiento: NO



ITERACION 91
Solucion:    19 47 37 74 33 94 20 26 49 83 79 18 0 5 66 75 3 15 41 53 50 44 35 9 17 61 88 81 36 84 73 98 38 2 23 32 60 52 57 11 99 4 71 24 80 7 91 21 43 10 6 65 55 56 68 31 54 58 22 96 25 45 30 34 8 63 14 62 67 12 78 95 69 64 42 87 40 27 16 77 93 29 28 46 82 1 13 92 97 76 48 72 39 86 70 89 51 90 59 85 
Coste: 813958063
Temperatura: 176485.39947329264
Probabilidad de aceptación: 7.817574569076793E-37
Movimiento: NO



ITERACION 92
Solucion:    19 47 37 74 33 94 20 26 49 83 79 18 0 5 66 75 3 15 41 53 50 44 35 9 17 61 88 81 36 84 73 98 38 2 23 32 60 52 57 11 99 4 71 24 80 7 91 21 43 10 6 65 55 56 68 31 54 58 22 96 25 45 30 34 39 63 14 62 67 8 78 95 69 64 42 87 40 12 16 77 93 29 27 28 82 46 1 13 92 97 48 76 59 72 86 70 89 51 90 85 
Coste: 811145291
Temperatura: 158836.85952596337
Probabilidad de aceptación: 1.9254663450928235E-36
Movimiento: NO



ITERACION 93
Solucion:    19 47 37 74 33 94 20 26 49 83 79 18 0 5 72 75 3 15 41 53 50 44 35 9 17 61 88 81 36 84 73 98 38 66 2 32 60 52 57 11 99 4 23 24 80 7 71 21 91 10 6 65 55 43 56 31 54 58 68 22 25 45 30 96 34 63 14 62 67 8 78 95 69 64 42 87 40 12 16 77 93 29 39 27 82 46 28 13 1 92 97 48 59 90 76 86 70 51 89 85 
Coste: 798064662
Temperatura: 142953.17357336704
Probabilidad de aceptación: 3.9319601108836623E-48
Movimiento: NO



ITERACION 94
Solucion:    19 47 37 74 33 94 20 26 49 83 79 18 76 5 0 75 3 15 72 53 50 44 35 9 41 17 88 81 36 84 73 61 98 38 66 32 2 52 57 60 99 4 11 23 24 80 71 21 91 10 6 65 55 43 7 31 54 58 56 22 25 45 30 68 34 63 14 62 67 96 8 95 69 64 42 87 40 12 16 77 93 29 39 78 27 46 82 28 13 92 97 48 59 90 89 86 1 51 70 85 
Coste: 786702266
Temperatura: 128657.85621603034
Probabilidad de aceptación: 5.129130707979686E-58
Movimiento: NO



ITERACION 95
Solucion:    19 86 37 74 47 33 20 26 49 83 79 18 76 5 0 75 94 15 72 53 50 44 35 9 41 17 88 81 36 84 73 61 98 38 66 32 2 52 57 60 99 4 11 23 24 80 71 21 3 91 6 65 55 43 7 31 54 58 56 22 25 45 30 10 34 63 14 62 67 68 8 95 69 64 42 87 40 12 16 77 93 29 96 78 27 39 46 82 28 92 97 48 13 59 90 70 89 51 1 85 
Coste: 769950398
Temperatura: 115792.0705944273
Probabilidad de aceptación: 1.3568107505585905E-15
Movimiento: NO



ITERACION 96
Solucion:    19 86 37 74 47 33 20 26 49 83 79 18 76 5 0 75 94 15 72 53 50 44 35 9 41 17 88 81 36 84 73 61 98 38 66 32 2 52 57 60 99 4 11 23 24 80 71 21 3 91 6 65 55 43 7 31 89 58 56 54 25 45 30 22 34 63 14 10 67 68 8 95 69 64 42 62 40 12 87 77 93 16 96 29 78 39 46 82 28 92 97 48 13 59 27 70 1 90 51 85 
Coste: 762954865
Temperatura: 104212.86353498457
Probabilidad de aceptación: 7.88065350963551E-60
Movimiento: NO



ITERACION 97
Solucion:    19 86 37 74 47 33 20 26 49 83 79 18 76 5 90 0 94 75 72 53 50 44 35 9 41 17 88 81 36 84 73 61 98 38 66 32 2 52 57 60 99 4 11 23 24 80 71 21 3 15 6 65 55 43 7 91 89 31 56 54 25 58 30 22 34 63 14 10 67 45 8 95 69 64 42 68 40 12 87 77 93 16 96 29 62 39 46 82 28 78 97 48 13 59 92 70 27 51 1 85 
Coste: 746765057
Temperatura: 93791.57718148612
Probabilidad de aceptación: 1.2652328739159845E-12
Movimiento: NO



ITERACION 98
Solucion:    19 86 37 74 47 33 20 26 49 83 79 18 76 5 90 0 94 75 72 53 50 44 35 9 41 17 88 81 36 84 73 61 98 38 66 32 2 52 57 60 99 4 11 23 24 80 71 21 1 3 6 65 55 43 7 91 89 31 56 54 25 58 30 22 34 63 14 10 67 45 8 95 69 64 42 68 40 12 87 77 93 16 15 96 62 39 29 82 28 78 97 48 46 13 92 70 27 51 59 85 
Coste: 745914530
Temperatura: 84412.41946333752
Probabilidad de aceptación: 5.243156865176976E-59
Movimiento: NO



ITERACION 99
Solucion:    19 86 37 74 47 33 20 26 49 83 79 18 76 5 90 0 94 75 72 53 50 44 35 9 41 17 85 81 88 84 73 61 36 38 66 32 2 52 57 60 99 4 11 23 24 80 71 21 1 3 6 98 55 43 7 91 89 31 56 54 25 58 65 22 34 63 14 10 67 45 8 95 69 64 42 68 40 12 87 77 93 16 15 96 62 39 29 82 28 78 97 48 46 13 92 70 27 51 59 30 
Coste: 736351379
Temperatura: 75971.17751700377
Probabilidad de aceptación: 1.0
Movimiento: SI



